2024-06-25 08:11:21.551 [info] Experiment 'pythonCreateEnvOnPipInstall' is active
2024-06-25 08:11:21.551 [info] Experiment 'pythonRecommendTensorboardExt' is active
2024-06-25 08:11:21.551 [info] Experiment 'pythonTerminalEnvVarActivation' is active
2024-06-25 08:11:21.551 [info] Experiment 'pythonTestAdapter' is active
2024-06-25 08:11:21.551 [info] Default formatter is set to null for workspace /home/ndao
2024-06-25 08:11:21.551 [info] Python interpreter path: /bin/python3
2024-06-25 08:11:21.575 [info] > pyenv which python
2024-06-25 08:11:21.576 [info] cwd: .
2024-06-25 08:11:25.003 [info] Starting Pylance language server.
2024-06-25 08:57:00.948 [info] Discover tests for workspace name: undefined - uri: c:/Users/dalom/AppData/Roaming/Code/User/settings.json
2024-06-25 08:57:07.149 [info] Discover tests for workspace name: undefined - uri: c:/Users/dalom/AppData/Roaming/Code/User/settings.json
2024-06-25 09:02:12.158 [info] Discover tests for workspace name: undefined - uri: c:/Users/dalom/AppData/Roaming/Code/User/settings.json
2024-06-25 09:02:12.599 [info] Discover tests for workspace name: undefined - uri: c:/Users/dalom/AppData/Roaming/Code/User/settings.json
2024-06-25 09:02:12.897 [info] Discover tests for workspace name: undefined - uri: c:/Users/dalom/AppData/Roaming/Code/User/settings.json
2024-06-25 09:02:14.958 [info] Discover tests for workspace name: undefined - uri: c:/Users/dalom/AppData/Roaming/Code/User/settings.json
2024-06-25 09:12:15.825 [info] Discover tests for workspace name: undefined - uri: c:/Users/dalom/AppData/Roaming/Code/User/settings.json
2024-06-25 09:12:19.090 [info] Discover tests for workspace name: undefined - uri: c:/Users/dalom/AppData/Roaming/Code/User/settings.json
2024-06-25 09:13:33.752 [info] Discover tests for workspace name: undefined - uri: c:/Users/dalom/AppData/Roaming/Code/User/settings.json
2024-06-25 09:13:34.427 [info] Discover tests for workspace name: undefined - uri: c:/Users/dalom/AppData/Roaming/Code/User/settings.json
2024-06-25 09:13:35.018 [info] Discover tests for workspace name: undefined - uri: c:/Users/dalom/AppData/Roaming/Code/User/settings.json
2024-06-25 09:13:35.289 [info] Discover tests for workspace name: undefined - uri: c:/Users/dalom/AppData/Roaming/Code/User/settings.json
2024-06-25 09:13:35.834 [info] Discover tests for workspace name: undefined - uri: c:/Users/dalom/AppData/Roaming/Code/User/settings.json
2024-06-25 09:13:36.231 [info] Discover tests for workspace name: undefined - uri: c:/Users/dalom/AppData/Roaming/Code/User/settings.json
2024-06-25 09:13:37.124 [info] Discover tests for workspace name: undefined - uri: c:/Users/dalom/AppData/Roaming/Code/User/settings.json
2024-06-25 09:13:37.545 [info] Discover tests for workspace name: undefined - uri: c:/Users/dalom/AppData/Roaming/Code/User/settings.json
2024-06-25 09:13:38.298 [info] Discover tests for workspace name: undefined - uri: c:/Users/dalom/AppData/Roaming/Code/User/settings.json
2024-06-25 09:13:43.903 [info] Discover tests for workspace name: undefined - uri: c:/Users/dalom/AppData/Roaming/Code/User/settings.json
2024-06-25 09:13:44.602 [info] Discover tests for workspace name: undefined - uri: c:/Users/dalom/AppData/Roaming/Code/User/settings.json
2024-06-25 09:13:45.058 [info] Discover tests for workspace name: undefined - uri: c:/Users/dalom/AppData/Roaming/Code/User/settings.json
2024-06-25 09:13:45.660 [info] Discover tests for workspace name: undefined - uri: c:/Users/dalom/AppData/Roaming/Code/User/settings.json
2024-06-25 09:13:46.043 [info] Discover tests for workspace name: undefined - uri: c:/Users/dalom/AppData/Roaming/Code/User/settings.json
2024-06-25 09:14:33.723 [info] Discover tests for workspace name: undefined - uri: c:/Users/dalom/AppData/Roaming/Code/User/settings.json
2024-06-25 10:51:15.312 [info] Discover tests for workspace name: undefined - uri: c:/Users/dalom/AppData/Roaming/Code/User/settings.json
2024-06-25 10:51:17.539 [info] Discover tests for workspace name: undefined - uri: c:/Users/dalom/AppData/Roaming/Code/User/settings.json
2024-06-25 10:54:43.337 [info] Discover tests for workspace name: undefined - uri: c:/Users/dalom/AppData/Roaming/Code/User/settings.json
2024-06-25 10:54:44.316 [info] Discover tests for workspace name: undefined - uri: c:/Users/dalom/AppData/Roaming/Code/User/settings.json
2024-06-25 10:54:44.945 [info] Discover tests for workspace name: undefined - uri: c:/Users/dalom/AppData/Roaming/Code/User/settings.json
2024-06-25 10:54:49.113 [info] Discover tests for workspace name: undefined - uri: c:/Users/dalom/AppData/Roaming/Code/User/settings.json
2024-06-25 10:58:01.628 [info] Discover tests for workspace name: undefined - uri: c:/Users/dalom/AppData/Roaming/Code/User/settings.json
2024-06-25 10:58:05.549 [info] Discover tests for workspace name: undefined - uri: c:/Users/dalom/AppData/Roaming/Code/User/settings.json
2024-06-25 11:01:29.151 [info] Discover tests for workspace name: undefined - uri: c:/Users/dalom/AppData/Roaming/Code/User/settings.json
2024-06-25 11:01:29.908 [info] Discover tests for workspace name: undefined - uri: c:/Users/dalom/AppData/Roaming/Code/User/settings.json
2024-06-25 11:01:30.399 [info] Discover tests for workspace name: undefined - uri: c:/Users/dalom/AppData/Roaming/Code/User/settings.json
2024-06-25 11:01:30.752 [info] Discover tests for workspace name: undefined - uri: c:/Users/dalom/AppData/Roaming/Code/User/settings.json
2024-06-25 11:01:31.113 [info] Discover tests for workspace name: undefined - uri: c:/Users/dalom/AppData/Roaming/Code/User/settings.json
2024-06-25 11:01:43.674 [info] Discover tests for workspace name: undefined - uri: c:/Users/dalom/AppData/Roaming/Code/User/settings.json
2024-06-25 11:12:54.256 [info] Discover tests for workspace name: undefined - uri: c:/Users/dalom/AppData/Roaming/Code/User/settings.json
2024-06-25 11:16:45.814 [info] Discover tests for workspace name: undefined - uri: c:/Users/dalom/AppData/Roaming/Code/User/settings.json
2024-06-25 11:21:23.582 [info] Discover tests for workspace name: undefined - uri: c:/Users/dalom/AppData/Roaming/Code/User/settings.json
2024-06-25 11:21:23.969 [info] Discover tests for workspace name: undefined - uri: c:/Users/dalom/AppData/Roaming/Code/User/settings.json
2024-06-25 11:33:19.448 [info] Discover tests for workspace name: undefined - uri: c:/Users/dalom/AppData/Roaming/Code/User/settings.json
2024-06-25 11:34:50.792 [info] Discover tests for workspace name: undefined - uri: c:/Users/dalom/AppData/Roaming/Code/User/settings.json
2024-06-25 12:09:42.922 [info] Discover tests for workspace name: undefined - uri: c:/Users/dalom/AppData/Roaming/Code/User/settings.json
2024-06-25 12:09:43.385 [info] Discover tests for workspace name: undefined - uri: c:/Users/dalom/AppData/Roaming/Code/User/settings.json
2024-06-25 12:19:53.372 [info] Discover tests for workspace name: undefined - uri: c:/Users/dalom/AppData/Roaming/Code/User/settings.json
2024-06-25 12:19:55.688 [info] Discover tests for workspace name: undefined - uri: c:/Users/dalom/AppData/Roaming/Code/User/settings.json
2024-06-25 12:20:40.789 [info] Discover tests for workspace name: undefined - uri: c:/Users/dalom/AppData/Roaming/Code/User/settings.json
2024-06-25 12:20:41.686 [info] Discover tests for workspace name: undefined - uri: c:/Users/dalom/AppData/Roaming/Code/User/settings.json
2024-06-25 12:25:44.768 [info] Discover tests for workspace name: undefined - uri: c:/Users/dalom/AppData/Roaming/Code/User/settings.json
2024-06-25 12:25:45.257 [info] Discover tests for workspace name: undefined - uri: c:/Users/dalom/AppData/Roaming/Code/User/settings.json
2024-06-25 14:20:12.676 [info] Discover tests for workspace name: undefined - uri: c:/Users/dalom/AppData/Roaming/Code/User/settings.json
2024-06-25 14:20:13.410 [info] Discover tests for workspace name: undefined - uri: c:/Users/dalom/AppData/Roaming/Code/User/settings.json
2024-06-25 14:20:14.019 [info] Discover tests for workspace name: undefined - uri: c:/Users/dalom/AppData/Roaming/Code/User/settings.json
2024-06-25 14:20:14.360 [info] Discover tests for workspace name: undefined - uri: c:/Users/dalom/AppData/Roaming/Code/User/settings.json
2024-06-25 14:20:14.786 [info] Discover tests for workspace name: undefined - uri: c:/Users/dalom/AppData/Roaming/Code/User/settings.json
2024-06-25 14:20:15.205 [info] Discover tests for workspace name: undefined - uri: c:/Users/dalom/AppData/Roaming/Code/User/settings.json
2024-06-25 14:20:15.551 [info] Discover tests for workspace name: undefined - uri: c:/Users/dalom/AppData/Roaming/Code/User/settings.json
2024-06-25 14:20:18.340 [info] Discover tests for workspace name: undefined - uri: c:/Users/dalom/AppData/Roaming/Code/User/settings.json
2024-06-25 14:21:47.530 [info] Discover tests for workspace name: undefined - uri: c:/Users/dalom/AppData/Roaming/Code/User/settings.json
2024-06-25 14:21:48.367 [info] Discover tests for workspace name: undefined - uri: c:/Users/dalom/AppData/Roaming/Code/User/settings.json
2024-06-25 14:21:48.799 [info] Discover tests for workspace name: undefined - uri: c:/Users/dalom/AppData/Roaming/Code/User/settings.json
2024-06-25 14:26:28.715 [info] Discover tests for workspace name: undefined - uri: c:/Users/dalom/AppData/Roaming/Code/User/settings.json
2024-06-25 14:36:48.345 [info] Discover tests for workspace name: undefined - uri: c:/Users/dalom/AppData/Roaming/Code/User/settings.json
2024-06-25 14:36:51.959 [info] Discover tests for workspace name: undefined - uri: c:/Users/dalom/AppData/Roaming/Code/User/settings.json
