2024-06-25 08:11:24.012 [info] (Client) Pylance async client (2024.6.1) started with python extension (2024.8.1)
2024-06-25 08:11:24.980 [info] [Info  - 8:11:24 AM] (378) Pylance language server 2024.6.1 (pyright version 1.1.364, commit 0618acc5) starting
2024-06-25 08:11:24.981 [info] [Info  - 8:11:24 AM] (378) Server root directory: file:///home/ndao/.vscode-server/extensions/ms-python.vscode-pylance-2024.6.1/dist
2024-06-25 08:11:24.982 [info] [Info  - 8:11:24 AM] (378) Starting service instance "ndao"
2024-06-25 08:11:25.018 [info] Auto-Indent enabled
2024-06-25 08:11:25.050 [info] Auto-Indent enabled
2024-06-25 08:11:25.052 [info] [Info  - 8:11:25 AM] (378) Setting pythonPath for service "ndao": "/bin/python3"
2024-06-25 08:11:25.052 [info] [Info  - 8:11:25 AM] (378) Setting environmentName for service "ndao": "3.8.10 (global)"
2024-06-25 08:11:25.126 [info] [Info  - 8:11:25 AM] (378) Assuming Python version 3.8.10.final.0
2024-06-25 08:11:25.439 [info] [Info  - 8:11:25 AM] (378) No source files found.
2024-06-25 08:11:25.444 [info] Auto-Indent enabled
2024-06-25 08:11:25.753 [info] [Info  - 8:11:25 AM] (378) Background analysis(1) root directory: file:///home/ndao/.vscode-server/extensions/ms-python.vscode-pylance-2024.6.1/dist
2024-06-25 08:11:25.753 [info] [Info  - 8:11:25 AM] (378) Background analysis(1) started
2024-06-25 08:57:01.007 [info] Auto-Indent enabled
2024-06-25 08:57:01.009 [info] [Info  - 8:57:01 AM] (378) Setting pythonPath for service "ndao": "/bin/python3"
2024-06-25 08:57:01.009 [info] [Info  - 8:57:01 AM] (378) Setting environmentName for service "ndao": "3.8.10 (global)"
2024-06-25 08:57:01.249 [info] [Info  - 8:57:01 AM] (378) Assuming Python version 3.8.10.final.0
2024-06-25 08:57:01.503 [info] [Info  - 8:57:01 AM] (378) No source files found.
2024-06-25 08:57:01.505 [info] Auto-Indent enabled
2024-06-25 08:57:07.060 [info] Auto-Indent enabled
2024-06-25 08:57:07.067 [info] [Info  - 8:57:07 AM] (378) Setting pythonPath for service "ndao": "/bin/python3"
2024-06-25 08:57:07.068 [info] [Info  - 8:57:07 AM] (378) Setting environmentName for service "ndao": "3.8.10 (global)"
2024-06-25 08:57:07.134 [info] [Info  - 8:57:07 AM] (378) Assuming Python version 3.8.10.final.0
2024-06-25 08:57:07.413 [info] [Info  - 8:57:07 AM] (378) No source files found.
2024-06-25 08:57:07.414 [info] Auto-Indent enabled
2024-06-25 09:02:12.190 [info] Auto-Indent enabled
2024-06-25 09:02:12.191 [info] [Info  - 9:02:12 AM] (378) Setting pythonPath for service "ndao": "/bin/python3"
2024-06-25 09:02:12.191 [info] [Info  - 9:02:12 AM] (378) Setting environmentName for service "ndao": "3.8.10 (global)"
2024-06-25 09:02:12.245 [info] [Info  - 9:02:12 AM] (378) Assuming Python version 3.8.10.final.0
2024-06-25 09:02:12.768 [info] [Info  - 9:02:12 AM] (378) No source files found.
2024-06-25 09:02:12.775 [info] Auto-Indent enabled
2024-06-25 09:02:12.820 [info] Auto-Indent enabled
2024-06-25 09:02:12.827 [info] [Info  - 9:02:12 AM] (378) Setting pythonPath for service "ndao": "/bin/python3"
2024-06-25 09:02:12.829 [info] [Info  - 9:02:12 AM] (378) Setting environmentName for service "ndao": "3.8.10 (global)"
2024-06-25 09:02:12.873 [info] [Info  - 9:02:12 AM] (378) Assuming Python version 3.8.10.final.0
2024-06-25 09:02:13.178 [info] [Info  - 9:02:13 AM] (378) No source files found.
2024-06-25 09:02:13.179 [info] Auto-Indent enabled
2024-06-25 09:02:13.185 [info] Auto-Indent enabled
2024-06-25 09:02:13.186 [info] [Info  - 9:02:13 AM] (378) Setting pythonPath for service "ndao": "/bin/python3"
2024-06-25 09:02:13.187 [info] [Info  - 9:02:13 AM] (378) Setting environmentName for service "ndao": "3.8.10 (global)"
2024-06-25 09:02:13.229 [info] [Info  - 9:02:13 AM] (378) Assuming Python version 3.8.10.final.0
2024-06-25 09:02:13.528 [info] [Info  - 9:02:13 AM] (378) No source files found.
2024-06-25 09:02:13.529 [info] Auto-Indent enabled
2024-06-25 09:02:14.905 [info] Auto-Indent enabled
2024-06-25 09:02:14.906 [info] [Info  - 9:02:14 AM] (378) Setting pythonPath for service "ndao": "/bin/python3"
2024-06-25 09:02:14.906 [info] [Info  - 9:02:14 AM] (378) Setting environmentName for service "ndao": "3.8.10 (global)"
2024-06-25 09:02:15.027 [info] [Info  - 9:02:15 AM] (378) Assuming Python version 3.8.10.final.0
2024-06-25 09:02:15.435 [info] [Info  - 9:02:15 AM] (378) No source files found.
2024-06-25 09:02:15.436 [info] Auto-Indent enabled
2024-06-25 09:12:15.842 [info] Auto-Indent enabled
2024-06-25 09:12:15.844 [info] [Info  - 9:12:15 AM] (378) Setting pythonPath for service "ndao": "/bin/python3"
2024-06-25 09:12:15.847 [info] [Info  - 9:12:15 AM] (378) Setting environmentName for service "ndao": "3.8.10 (global)"
2024-06-25 09:12:15.920 [info] [Info  - 9:12:15 AM] (378) Assuming Python version 3.8.10.final.0
2024-06-25 09:12:16.191 [info] [Info  - 9:12:16 AM] (378) No source files found.
2024-06-25 09:12:16.193 [info] Auto-Indent enabled
2024-06-25 09:12:18.952 [info] Auto-Indent enabled
2024-06-25 09:12:18.953 [info] [Info  - 9:12:18 AM] (378) Setting pythonPath for service "ndao": "/bin/python3"
2024-06-25 09:12:18.953 [info] [Info  - 9:12:18 AM] (378) Setting environmentName for service "ndao": "3.8.10 (global)"
2024-06-25 09:12:19.023 [info] [Info  - 9:12:19 AM] (378) Assuming Python version 3.8.10.final.0
2024-06-25 09:12:19.325 [info] [Info  - 9:12:19 AM] (378) No source files found.
2024-06-25 09:12:19.327 [info] Auto-Indent enabled
2024-06-25 09:13:33.778 [info] Auto-Indent enabled
2024-06-25 09:13:33.782 [info] [Info  - 9:13:33 AM] (378) Setting pythonPath for service "ndao": "/bin/python3"
2024-06-25 09:13:33.783 [info] [Info  - 9:13:33 AM] (378) Setting environmentName for service "ndao": "3.8.10 (global)"
2024-06-25 09:13:33.828 [info] [Info  - 9:13:33 AM] (378) Assuming Python version 3.8.10.final.0
2024-06-25 09:13:34.171 [info] [Info  - 9:13:34 AM] (378) No source files found.
2024-06-25 09:13:34.173 [info] Auto-Indent enabled
2024-06-25 09:13:34.232 [info] Auto-Indent enabled
2024-06-25 09:13:34.233 [info] [Info  - 9:13:34 AM] (378) Setting pythonPath for service "ndao": "/bin/python3"
2024-06-25 09:13:34.233 [info] [Info  - 9:13:34 AM] (378) Setting environmentName for service "ndao": "3.8.10 (global)"
2024-06-25 09:13:34.284 [info] [Info  - 9:13:34 AM] (378) Assuming Python version 3.8.10.final.0
2024-06-25 09:13:34.671 [info] [Info  - 9:13:34 AM] (378) No source files found.
2024-06-25 09:13:34.677 [info] Auto-Indent enabled
2024-06-25 09:13:34.699 [info] Auto-Indent enabled
2024-06-25 09:13:34.700 [info] [Info  - 9:13:34 AM] (378) Setting pythonPath for service "ndao": "/bin/python3"
2024-06-25 09:13:34.704 [info] [Info  - 9:13:34 AM] (378) Setting environmentName for service "ndao": "3.8.10 (global)"
2024-06-25 09:13:34.778 [info] [Info  - 9:13:34 AM] (378) Assuming Python version 3.8.10.final.0
2024-06-25 09:13:35.225 [info] [Info  - 9:13:35 AM] (378) No source files found.
2024-06-25 09:13:35.227 [info] Auto-Indent enabled
2024-06-25 09:13:35.281 [info] Auto-Indent enabled
2024-06-25 09:13:35.287 [info] [Info  - 9:13:35 AM] (378) Setting pythonPath for service "ndao": "/bin/python3"
2024-06-25 09:13:35.287 [info] [Info  - 9:13:35 AM] (378) Setting environmentName for service "ndao": "3.8.10 (global)"
2024-06-25 09:13:35.321 [info] [Info  - 9:13:35 AM] (378) Assuming Python version 3.8.10.final.0
2024-06-25 09:13:35.647 [info] [Info  - 9:13:35 AM] (378) No source files found.
2024-06-25 09:13:35.649 [info] Auto-Indent enabled
2024-06-25 09:13:35.657 [info] Auto-Indent enabled
2024-06-25 09:13:35.658 [info] [Info  - 9:13:35 AM] (378) Setting pythonPath for service "ndao": "/bin/python3"
2024-06-25 09:13:35.658 [info] [Info  - 9:13:35 AM] (378) Setting environmentName for service "ndao": "3.8.10 (global)"
2024-06-25 09:13:35.708 [info] [Info  - 9:13:35 AM] (378) Assuming Python version 3.8.10.final.0
2024-06-25 09:13:36.083 [info] [Info  - 9:13:36 AM] (378) No source files found.
2024-06-25 09:13:36.086 [info] Auto-Indent enabled
2024-06-25 09:13:36.157 [info] Auto-Indent enabled
2024-06-25 09:13:36.161 [info] [Info  - 9:13:36 AM] (378) Setting pythonPath for service "ndao": "/bin/python3"
2024-06-25 09:13:36.161 [info] [Info  - 9:13:36 AM] (378) Setting environmentName for service "ndao": "3.8.10 (global)"
2024-06-25 09:13:36.220 [info] [Info  - 9:13:36 AM] (378) Assuming Python version 3.8.10.final.0
2024-06-25 09:13:36.548 [info] [Info  - 9:13:36 AM] (378) No source files found.
2024-06-25 09:13:36.549 [info] Auto-Indent enabled
2024-06-25 09:13:36.555 [info] Auto-Indent enabled
2024-06-25 09:13:36.556 [info] [Info  - 9:13:36 AM] (378) Setting pythonPath for service "ndao": "/bin/python3"
2024-06-25 09:13:36.556 [info] [Info  - 9:13:36 AM] (378) Setting environmentName for service "ndao": "3.8.10 (global)"
2024-06-25 09:13:36.602 [info] [Info  - 9:13:36 AM] (378) Assuming Python version 3.8.10.final.0
2024-06-25 09:13:36.915 [info] [Info  - 9:13:36 AM] (378) No source files found.
2024-06-25 09:13:36.921 [info] Auto-Indent enabled
2024-06-25 09:13:36.950 [info] Auto-Indent enabled
2024-06-25 09:13:36.950 [info] [Info  - 9:13:36 AM] (378) Setting pythonPath for service "ndao": "/bin/python3"
2024-06-25 09:13:36.951 [info] [Info  - 9:13:36 AM] (378) Setting environmentName for service "ndao": "3.8.10 (global)"
2024-06-25 09:13:37.009 [info] [Info  - 9:13:37 AM] (378) Assuming Python version 3.8.10.final.0
2024-06-25 09:13:37.401 [info] [Info  - 9:13:37 AM] (378) No source files found.
2024-06-25 09:13:37.406 [info] Auto-Indent enabled
2024-06-25 09:13:37.439 [info] Auto-Indent enabled
2024-06-25 09:13:37.440 [info] [Info  - 9:13:37 AM] (378) Setting pythonPath for service "ndao": "/bin/python3"
2024-06-25 09:13:37.440 [info] [Info  - 9:13:37 AM] (378) Setting environmentName for service "ndao": "3.8.10 (global)"
2024-06-25 09:13:37.478 [info] [Info  - 9:13:37 AM] (378) Assuming Python version 3.8.10.final.0
2024-06-25 09:13:37.767 [info] [Info  - 9:13:37 AM] (378) No source files found.
2024-06-25 09:13:37.769 [info] Auto-Indent enabled
2024-06-25 09:13:38.126 [info] Auto-Indent enabled
2024-06-25 09:13:38.127 [info] [Info  - 9:13:38 AM] (378) Setting pythonPath for service "ndao": "/bin/python3"
2024-06-25 09:13:38.132 [info] [Info  - 9:13:38 AM] (378) Setting environmentName for service "ndao": "3.8.10 (global)"
2024-06-25 09:13:38.174 [info] [Info  - 9:13:38 AM] (378) Assuming Python version 3.8.10.final.0
2024-06-25 09:13:38.517 [info] [Info  - 9:13:38 AM] (378) No source files found.
2024-06-25 09:13:38.518 [info] Auto-Indent enabled
2024-06-25 09:13:44.054 [info] Auto-Indent enabled
2024-06-25 09:13:44.062 [info] [Info  - 9:13:44 AM] (378) Setting pythonPath for service "ndao": "/bin/python3"
2024-06-25 09:13:44.063 [info] [Info  - 9:13:44 AM] (378) Setting environmentName for service "ndao": "3.8.10 (global)"
2024-06-25 09:13:44.067 [info] [Info  - 9:13:44 AM] (378) Assuming Python version 3.8.10.final.0
2024-06-25 09:13:44.288 [info] [Info  - 9:13:44 AM] (378) No source files found.
2024-06-25 09:13:44.289 [info] Auto-Indent enabled
2024-06-25 09:13:44.391 [info] Auto-Indent enabled
2024-06-25 09:13:44.392 [info] [Info  - 9:13:44 AM] (378) Setting pythonPath for service "ndao": "/bin/python3"
2024-06-25 09:13:44.392 [info] [Info  - 9:13:44 AM] (378) Setting environmentName for service "ndao": "3.8.10 (global)"
2024-06-25 09:13:44.456 [info] [Info  - 9:13:44 AM] (378) Assuming Python version 3.8.10.final.0
2024-06-25 09:13:44.832 [info] [Info  - 9:13:44 AM] (378) No source files found.
2024-06-25 09:13:44.834 [info] Auto-Indent enabled
2024-06-25 09:13:44.884 [info] Auto-Indent enabled
2024-06-25 09:13:44.884 [info] [Info  - 9:13:44 AM] (378) Setting pythonPath for service "ndao": "/bin/python3"
2024-06-25 09:13:44.885 [info] [Info  - 9:13:44 AM] (378) Setting environmentName for service "ndao": "3.8.10 (global)"
2024-06-25 09:13:44.925 [info] [Info  - 9:13:44 AM] (378) Assuming Python version 3.8.10.final.0
2024-06-25 09:13:45.223 [info] [Info  - 9:13:45 AM] (378) No source files found.
2024-06-25 09:13:45.225 [info] Auto-Indent enabled
2024-06-25 09:13:45.483 [info] Auto-Indent enabled
2024-06-25 09:13:45.484 [info] [Info  - 9:13:45 AM] (378) Setting pythonPath for service "ndao": "/bin/python3"
2024-06-25 09:13:45.489 [info] [Info  - 9:13:45 AM] (378) Setting environmentName for service "ndao": "3.8.10 (global)"
2024-06-25 09:13:45.532 [info] [Info  - 9:13:45 AM] (378) Assuming Python version 3.8.10.final.0
2024-06-25 09:13:45.998 [info] [Info  - 9:13:45 AM] (378) No source files found.
2024-06-25 09:13:46.007 [info] Auto-Indent enabled
2024-06-25 09:13:46.029 [info] Auto-Indent enabled
2024-06-25 09:13:46.030 [info] [Info  - 9:13:46 AM] (378) Setting pythonPath for service "ndao": "/bin/python3"
2024-06-25 09:13:46.030 [info] [Info  - 9:13:46 AM] (378) Setting environmentName for service "ndao": "3.8.10 (global)"
2024-06-25 09:13:46.073 [info] [Info  - 9:13:46 AM] (378) Assuming Python version 3.8.10.final.0
2024-06-25 09:13:46.330 [info] [Info  - 9:13:46 AM] (378) No source files found.
2024-06-25 09:13:46.331 [info] Auto-Indent enabled
2024-06-25 09:14:33.544 [info] Auto-Indent enabled
2024-06-25 09:14:33.545 [info] [Info  - 9:14:33 AM] (378) Setting pythonPath for service "ndao": "/bin/python3"
2024-06-25 09:14:33.545 [info] [Info  - 9:14:33 AM] (378) Setting environmentName for service "ndao": "3.8.10 (global)"
2024-06-25 09:14:33.605 [info] [Info  - 9:14:33 AM] (378) Assuming Python version 3.8.10.final.0
2024-06-25 09:14:33.934 [info] [Info  - 9:14:33 AM] (378) No source files found.
2024-06-25 09:14:33.935 [info] Auto-Indent enabled
2024-06-25 10:51:15.235 [info] Auto-Indent enabled
2024-06-25 10:51:15.235 [info] [Info  - 10:51:15 AM] (378) Setting pythonPath for service "ndao": "/bin/python3"
2024-06-25 10:51:15.235 [info] [Info  - 10:51:15 AM] (378) Setting environmentName for service "ndao": "3.8.10 (global)"
2024-06-25 10:51:15.294 [info] [Info  - 10:51:15 AM] (378) Assuming Python version 3.8.10.final.0
2024-06-25 10:51:15.630 [info] [Info  - 10:51:15 AM] (378) No source files found.
2024-06-25 10:51:15.632 [info] Auto-Indent enabled
2024-06-25 10:51:17.441 [info] Auto-Indent enabled
2024-06-25 10:51:17.441 [info] [Info  - 10:51:17 AM] (378) Setting pythonPath for service "ndao": "/bin/python3"
2024-06-25 10:51:17.441 [info] [Info  - 10:51:17 AM] (378) Setting environmentName for service "ndao": "3.8.10 (global)"
2024-06-25 10:51:17.503 [info] [Info  - 10:51:17 AM] (378) Assuming Python version 3.8.10.final.0
2024-06-25 10:51:17.723 [info] [Info  - 10:51:17 AM] (378) No source files found.
2024-06-25 10:51:17.724 [info] Auto-Indent enabled
2024-06-25 10:54:43.226 [info] Auto-Indent enabled
2024-06-25 10:54:43.232 [info] [Info  - 10:54:43 AM] (378) Setting pythonPath for service "ndao": "/bin/python3"
2024-06-25 10:54:43.233 [info] [Info  - 10:54:43 AM] (378) Setting environmentName for service "ndao": "3.8.10 (global)"
2024-06-25 10:54:43.309 [info] [Info  - 10:54:43 AM] (378) Assuming Python version 3.8.10.final.0
2024-06-25 10:54:43.707 [info] [Info  - 10:54:43 AM] (378) No source files found.
2024-06-25 10:54:43.707 [info] Auto-Indent enabled
2024-06-25 10:54:44.153 [info] Auto-Indent enabled
2024-06-25 10:54:44.163 [info] [Info  - 10:54:44 AM] (378) Setting pythonPath for service "ndao": "/bin/python3"
2024-06-25 10:54:44.164 [info] [Info  - 10:54:44 AM] (378) Setting environmentName for service "ndao": "3.8.10 (global)"
2024-06-25 10:54:44.221 [info] [Info  - 10:54:44 AM] (378) Assuming Python version 3.8.10.final.0
2024-06-25 10:54:44.459 [info] [Info  - 10:54:44 AM] (378) No source files found.
2024-06-25 10:54:44.460 [info] Auto-Indent enabled
2024-06-25 10:54:44.899 [info] Auto-Indent enabled
2024-06-25 10:54:44.900 [info] [Info  - 10:54:44 AM] (378) Setting pythonPath for service "ndao": "/bin/python3"
2024-06-25 10:54:44.900 [info] [Info  - 10:54:44 AM] (378) Setting environmentName for service "ndao": "3.8.10 (global)"
2024-06-25 10:54:45.000 [info] [Info  - 10:54:45 AM] (378) Assuming Python version 3.8.10.final.0
2024-06-25 10:54:45.327 [info] [Info  - 10:54:45 AM] (378) No source files found.
2024-06-25 10:54:45.328 [info] Auto-Indent enabled
2024-06-25 10:54:48.936 [info] Auto-Indent enabled
2024-06-25 10:54:48.937 [info] [Info  - 10:54:48 AM] (378) Setting pythonPath for service "ndao": "/bin/python3"
2024-06-25 10:54:48.940 [info] [Info  - 10:54:48 AM] (378) Setting environmentName for service "ndao": "3.8.10 (global)"
2024-06-25 10:54:49.035 [info] [Info  - 10:54:49 AM] (378) Assuming Python version 3.8.10.final.0
2024-06-25 10:54:49.342 [info] [Info  - 10:54:49 AM] (378) No source files found.
2024-06-25 10:54:49.351 [info] Auto-Indent enabled
2024-06-25 10:58:01.515 [info] Auto-Indent enabled
2024-06-25 10:58:01.517 [info] [Info  - 10:58:01 AM] (378) Setting pythonPath for service "ndao": "/bin/python3"
2024-06-25 10:58:01.518 [info] [Info  - 10:58:01 AM] (378) Setting environmentName for service "ndao": "3.8.10 (global)"
2024-06-25 10:58:01.583 [info] [Info  - 10:58:01 AM] (378) Assuming Python version 3.8.10.final.0
2024-06-25 10:58:01.911 [info] [Info  - 10:58:01 AM] (378) No source files found.
2024-06-25 10:58:01.913 [info] Auto-Indent enabled
2024-06-25 10:58:05.395 [info] Auto-Indent enabled
2024-06-25 10:58:05.395 [info] [Info  - 10:58:05 AM] (378) Setting pythonPath for service "ndao": "/bin/python3"
2024-06-25 10:58:05.395 [info] [Info  - 10:58:05 AM] (378) Setting environmentName for service "ndao": "3.8.10 (global)"
2024-06-25 10:58:05.459 [info] [Info  - 10:58:05 AM] (378) Assuming Python version 3.8.10.final.0
2024-06-25 10:58:05.755 [info] [Info  - 10:58:05 AM] (378) No source files found.
2024-06-25 10:58:05.756 [info] Auto-Indent enabled
2024-06-25 11:01:29.125 [info] Auto-Indent enabled
2024-06-25 11:01:29.128 [info] [Info  - 11:01:29 AM] (378) Setting pythonPath for service "ndao": "/bin/python3"
2024-06-25 11:01:29.128 [info] [Info  - 11:01:29 AM] (378) Setting environmentName for service "ndao": "3.8.10 (global)"
2024-06-25 11:01:29.197 [info] [Info  - 11:01:29 AM] (378) Assuming Python version 3.8.10.final.0
2024-06-25 11:01:29.573 [info] [Info  - 11:01:29 AM] (378) No source files found.
2024-06-25 11:01:29.574 [info] Auto-Indent enabled
2024-06-25 11:01:29.766 [info] Auto-Indent enabled
2024-06-25 11:01:29.772 [info] [Info  - 11:01:29 AM] (378) Setting pythonPath for service "ndao": "/bin/python3"
2024-06-25 11:01:29.777 [info] [Info  - 11:01:29 AM] (378) Setting environmentName for service "ndao": "3.8.10 (global)"
2024-06-25 11:01:29.806 [info] [Info  - 11:01:29 AM] (378) Assuming Python version 3.8.10.final.0
2024-06-25 11:01:30.313 [info] [Info  - 11:01:30 AM] (378) No source files found.
2024-06-25 11:01:30.320 [info] Auto-Indent enabled
2024-06-25 11:01:30.372 [info] Auto-Indent enabled
2024-06-25 11:01:30.373 [info] [Info  - 11:01:30 AM] (378) Setting pythonPath for service "ndao": "/bin/python3"
2024-06-25 11:01:30.375 [info] [Info  - 11:01:30 AM] (378) Setting environmentName for service "ndao": "3.8.10 (global)"
2024-06-25 11:01:30.426 [info] [Info  - 11:01:30 AM] (378) Assuming Python version 3.8.10.final.0
2024-06-25 11:01:30.762 [info] [Info  - 11:01:30 AM] (378) No source files found.
2024-06-25 11:01:30.763 [info] Auto-Indent enabled
2024-06-25 11:01:30.851 [info] Auto-Indent enabled
2024-06-25 11:01:30.864 [info] [Info  - 11:01:30 AM] (378) Setting pythonPath for service "ndao": "/bin/python3"
2024-06-25 11:01:30.864 [info] [Info  - 11:01:30 AM] (378) Setting environmentName for service "ndao": "3.8.10 (global)"
2024-06-25 11:01:31.003 [info] [Info  - 11:01:31 AM] (378) Assuming Python version 3.8.10.final.0
2024-06-25 11:01:31.266 [info] [Info  - 11:01:31 AM] (378) No source files found.
2024-06-25 11:01:31.267 [info] Auto-Indent enabled
2024-06-25 11:01:31.360 [info] Auto-Indent enabled
2024-06-25 11:01:31.360 [info] [Info  - 11:01:31 AM] (378) Setting pythonPath for service "ndao": "/bin/python3"
2024-06-25 11:01:31.360 [info] [Info  - 11:01:31 AM] (378) Setting environmentName for service "ndao": "3.8.10 (global)"
2024-06-25 11:01:31.391 [info] [Info  - 11:01:31 AM] (378) Assuming Python version 3.8.10.final.0
2024-06-25 11:01:31.678 [info] [Info  - 11:01:31 AM] (378) No source files found.
2024-06-25 11:01:31.695 [info] Auto-Indent enabled
2024-06-25 11:01:43.539 [info] Auto-Indent enabled
2024-06-25 11:01:43.540 [info] [Info  - 11:01:43 AM] (378) Setting pythonPath for service "ndao": "/bin/python3"
2024-06-25 11:01:43.541 [info] [Info  - 11:01:43 AM] (378) Setting environmentName for service "ndao": "3.8.10 (global)"
2024-06-25 11:01:43.599 [info] [Info  - 11:01:43 AM] (378) Assuming Python version 3.8.10.final.0
2024-06-25 11:01:43.974 [info] [Info  - 11:01:43 AM] (378) No source files found.
2024-06-25 11:01:43.975 [info] Auto-Indent enabled
2024-06-25 11:12:54.265 [info] Auto-Indent enabled
2024-06-25 11:12:54.266 [info] [Info  - 11:12:54 AM] (378) Setting pythonPath for service "ndao": "/bin/python3"
2024-06-25 11:12:54.268 [info] [Info  - 11:12:54 AM] (378) Setting environmentName for service "ndao": "3.8.10 (global)"
2024-06-25 11:12:54.331 [info] [Info  - 11:12:54 AM] (378) Assuming Python version 3.8.10.final.0
2024-06-25 11:12:54.631 [info] [Info  - 11:12:54 AM] (378) No source files found.
2024-06-25 11:12:54.632 [info] Auto-Indent enabled
2024-06-25 11:16:45.638 [info] Auto-Indent enabled
2024-06-25 11:16:45.639 [info] [Info  - 11:16:45 AM] (378) Setting pythonPath for service "ndao": "/bin/python3"
2024-06-25 11:16:45.639 [info] [Info  - 11:16:45 AM] (378) Setting environmentName for service "ndao": "3.8.10 (global)"
2024-06-25 11:16:45.677 [info] [Info  - 11:16:45 AM] (378) Assuming Python version 3.8.10.final.0
2024-06-25 11:16:45.979 [info] [Info  - 11:16:45 AM] (378) No source files found.
2024-06-25 11:16:45.980 [info] Auto-Indent enabled
2024-06-25 11:21:23.438 [info] Auto-Indent enabled
2024-06-25 11:21:23.439 [info] [Info  - 11:21:23 AM] (378) Setting pythonPath for service "ndao": "/bin/python3"
2024-06-25 11:21:23.439 [info] [Info  - 11:21:23 AM] (378) Setting environmentName for service "ndao": "3.8.10 (global)"
2024-06-25 11:21:23.468 [info] [Info  - 11:21:23 AM] (378) Assuming Python version 3.8.10.final.0
2024-06-25 11:21:23.830 [info] [Info  - 11:21:23 AM] (378) No source files found.
2024-06-25 11:21:23.835 [info] Auto-Indent enabled
2024-06-25 11:21:23.858 [info] Auto-Indent enabled
2024-06-25 11:21:23.859 [info] [Info  - 11:21:23 AM] (378) Setting pythonPath for service "ndao": "/bin/python3"
2024-06-25 11:21:23.859 [info] [Info  - 11:21:23 AM] (378) Setting environmentName for service "ndao": "3.8.10 (global)"
2024-06-25 11:21:23.929 [info] [Info  - 11:21:23 AM] (378) Assuming Python version 3.8.10.final.0
2024-06-25 11:21:24.246 [info] [Info  - 11:21:24 AM] (378) No source files found.
2024-06-25 11:21:24.248 [info] Auto-Indent enabled
2024-06-25 11:33:19.389 [info] Auto-Indent enabled
2024-06-25 11:33:19.392 [info] [Info  - 11:33:19 AM] (378) Setting pythonPath for service "ndao": "/bin/python3"
2024-06-25 11:33:19.395 [info] [Info  - 11:33:19 AM] (378) Setting environmentName for service "ndao": "3.8.10 (global)"
2024-06-25 11:33:19.414 [info] [Info  - 11:33:19 AM] (378) Assuming Python version 3.8.10.final.0
2024-06-25 11:33:19.640 [info] [Info  - 11:33:19 AM] (378) No source files found.
2024-06-25 11:33:19.641 [info] Auto-Indent enabled
2024-06-25 11:34:50.596 [info] Auto-Indent enabled
2024-06-25 11:34:50.597 [info] [Info  - 11:34:50 AM] (378) Setting pythonPath for service "ndao": "/bin/python3"
2024-06-25 11:34:50.597 [info] [Info  - 11:34:50 AM] (378) Setting environmentName for service "ndao": "3.8.10 (global)"
2024-06-25 11:34:50.631 [info] [Info  - 11:34:50 AM] (378) Assuming Python version 3.8.10.final.0
2024-06-25 11:34:50.864 [info] [Info  - 11:34:50 AM] (378) No source files found.
2024-06-25 11:34:50.864 [info] Auto-Indent enabled
2024-06-25 12:09:42.853 [info] Auto-Indent enabled
2024-06-25 12:09:42.854 [info] [Info  - 12:09:42 PM] (378) Setting pythonPath for service "ndao": "/bin/python3"
2024-06-25 12:09:42.854 [info] [Info  - 12:09:42 PM] (378) Setting environmentName for service "ndao": "3.8.10 (global)"
2024-06-25 12:09:42.889 [info] [Info  - 12:09:42 PM] (378) Assuming Python version 3.8.10.final.0
2024-06-25 12:09:43.128 [info] [Info  - 12:09:43 PM] (378) No source files found.
2024-06-25 12:09:43.130 [info] Auto-Indent enabled
2024-06-25 12:09:43.214 [info] Auto-Indent enabled
2024-06-25 12:09:43.217 [info] [Info  - 12:09:43 PM] (378) Setting pythonPath for service "ndao": "/bin/python3"
2024-06-25 12:09:43.220 [info] [Info  - 12:09:43 PM] (378) Setting environmentName for service "ndao": "3.8.10 (global)"
2024-06-25 12:09:43.254 [info] [Info  - 12:09:43 PM] (378) Assuming Python version 3.8.10.final.0
2024-06-25 12:09:43.487 [info] [Info  - 12:09:43 PM] (378) No source files found.
2024-06-25 12:09:43.488 [info] Auto-Indent enabled
