2024-05-30 09:00:26.818 [info] Log level: Info
2024-05-30 09:00:26.818 [info] Validating found git in: "git"
2024-05-30 09:00:26.818 [info] Using git "2.25.1" from "git"
2024-05-30 09:00:26.818 [info] > git rev-parse --show-toplevel [632ms]
2024-05-30 09:00:26.818 [info] > git rev-parse --git-dir --git-common-dir [37ms]
2024-05-30 09:00:26.818 [info] Open repository: /home/ndao
2024-05-30 09:00:26.818 [info] > git rev-parse --show-toplevel [6ms]
2024-05-30 09:00:26.818 [info] > git config --get commit.template [23ms]
2024-05-30 09:00:27.016 [info] > git rev-parse --show-toplevel [173ms]
2024-05-30 09:00:27.360 [info] > git for-each-ref --format=%(refname)%00%(upstream:short)%00%(objectname)%00%(upstream:track)%00%(upstream:remotename)%00%(upstream:remoteref) refs/heads/main refs/remotes/main [392ms]
2024-05-30 09:00:27.390 [info] > git rev-parse --show-toplevel [283ms]
2024-05-30 09:00:27.420 [info] > git rev-parse --show-toplevel [11ms]
2024-05-30 09:00:27.471 [info] > git rev-parse --show-toplevel [23ms]
2024-05-30 09:00:27.506 [info] > git rev-parse --show-toplevel [4ms]
2024-05-30 09:00:27.526 [info] > git rev-parse --show-toplevel [7ms]
2024-05-30 09:00:27.557 [info] > git rev-parse --show-toplevel [1ms]
2024-05-30 09:00:29.585 [info] > git status -z -uall [2153ms]
2024-05-30 09:00:29.585 [info] > git check-ignore -v -z --stdin [43ms]
2024-05-30 09:00:30.042 [info] > git merge-base refs/heads/main refs/remotes/origin/main [421ms]
2024-05-30 09:00:30.244 [info] > git show --textconv :credentials.yaml [49ms]
2024-05-30 09:00:30.245 [info] > git rev-list --count --left-right refs/heads/main...refs/remotes/origin/main [184ms]
2024-05-30 09:00:30.268 [info] > git config --get commit.template [235ms]
2024-05-30 09:00:30.283 [info] > git diff --name-status -z --diff-filter=ADMR 157c0017b39c73dc8ee49eb8841349e5e3a8c846...refs/remotes/origin/main [17ms]
2024-05-30 09:00:30.285 [info] > git ls-files --stage -- /home/ndao/credentials.yaml [79ms]
2024-05-30 09:00:30.331 [info] > git for-each-ref --format=%(refname)%00%(upstream:short)%00%(objectname)%00%(upstream:track)%00%(upstream:remotename)%00%(upstream:remoteref) refs/heads/main refs/remotes/main [10ms]
2024-05-30 09:00:30.888 [info] > git status -z -uall [545ms]
2024-05-30 09:16:32.519 [info] > git config --get commit.template [2ms]
2024-05-30 09:16:32.529 [info] > git for-each-ref --format=%(refname)%00%(upstream:short)%00%(objectname)%00%(upstream:track)%00%(upstream:remotename)%00%(upstream:remoteref) refs/heads/main refs/remotes/main [1ms]
2024-05-30 09:16:32.607 [info] > git status -z -uall [71ms]
2024-05-30 09:43:16.700 [info] > git config --get commit.template [3ms]
2024-05-30 09:43:16.714 [info] > git for-each-ref --format=%(refname)%00%(upstream:short)%00%(objectname)%00%(upstream:track)%00%(upstream:remotename)%00%(upstream:remoteref) refs/heads/main refs/remotes/main [1ms]
2024-05-30 09:43:16.837 [info] > git status -z -uall [112ms]
2024-05-30 09:43:23.420 [info] > git config --get commit.template [2ms]
2024-05-30 09:43:23.432 [info] > git for-each-ref --format=%(refname)%00%(upstream:short)%00%(objectname)%00%(upstream:track)%00%(upstream:remotename)%00%(upstream:remoteref) refs/heads/main refs/remotes/main [1ms]
2024-05-30 09:43:23.564 [info] > git status -z -uall [117ms]
2024-05-30 09:49:01.605 [info] > git config --get commit.template [2ms]
2024-05-30 09:49:01.618 [info] > git for-each-ref --format=%(refname)%00%(upstream:short)%00%(objectname)%00%(upstream:track)%00%(upstream:remotename)%00%(upstream:remoteref) refs/heads/main refs/remotes/main [2ms]
2024-05-30 09:49:01.713 [info] > git status -z -uall [87ms]
2024-05-30 09:49:04.366 [info] > git show --textconv :GenPush.yml [6ms]
2024-05-30 09:49:04.371 [info] > git ls-files --stage -- /home/ndao/GenPush.yml [5ms]
2024-05-30 09:49:04.377 [info] > git cat-file -s 91b0e10acfd52d3c0cd8470f3241660b58a6bfc6 [1ms]
2024-05-30 09:49:06.731 [info] > git config --get commit.template [6ms]
2024-05-30 09:49:06.732 [info] > git for-each-ref --format=%(refname)%00%(upstream:short)%00%(objectname)%00%(upstream:track)%00%(upstream:remotename)%00%(upstream:remoteref) refs/heads/main refs/remotes/main [1ms]
2024-05-30 09:49:06.800 [info] > git status -z -uall [62ms]
2024-05-30 09:49:11.810 [info] > git config --get commit.template [1ms]
2024-05-30 09:49:11.815 [info] > git for-each-ref --format=%(refname)%00%(upstream:short)%00%(objectname)%00%(upstream:track)%00%(upstream:remotename)%00%(upstream:remoteref) refs/heads/main refs/remotes/main [1ms]
2024-05-30 09:49:11.875 [info] > git status -z -uall [54ms]
2024-05-30 09:49:16.887 [info] > git config --get commit.template [1ms]
2024-05-30 09:49:16.895 [info] > git for-each-ref --format=%(refname)%00%(upstream:short)%00%(objectname)%00%(upstream:track)%00%(upstream:remotename)%00%(upstream:remoteref) refs/heads/main refs/remotes/main [2ms]
2024-05-30 09:49:16.963 [info] > git status -z -uall [60ms]
2024-05-30 09:49:21.973 [info] > git config --get commit.template [1ms]
2024-05-30 09:49:21.979 [info] > git for-each-ref --format=%(refname)%00%(upstream:short)%00%(objectname)%00%(upstream:track)%00%(upstream:remotename)%00%(upstream:remoteref) refs/heads/main refs/remotes/main [1ms]
2024-05-30 09:49:22.034 [info] > git status -z -uall [48ms]
2024-05-30 09:49:27.047 [info] > git config --get commit.template [2ms]
2024-05-30 09:49:27.055 [info] > git for-each-ref --format=%(refname)%00%(upstream:short)%00%(objectname)%00%(upstream:track)%00%(upstream:remotename)%00%(upstream:remoteref) refs/heads/main refs/remotes/main [1ms]
2024-05-30 09:49:27.161 [info] > git status -z -uall [98ms]
2024-05-30 09:49:32.179 [info] > git config --get commit.template [5ms]
2024-05-30 09:49:32.179 [info] > git for-each-ref --format=%(refname)%00%(upstream:short)%00%(objectname)%00%(upstream:track)%00%(upstream:remotename)%00%(upstream:remoteref) refs/heads/main refs/remotes/main [1ms]
2024-05-30 09:49:32.234 [info] > git status -z -uall [50ms]
2024-05-30 09:49:37.244 [info] > git config --get commit.template [1ms]
2024-05-30 09:49:37.251 [info] > git for-each-ref --format=%(refname)%00%(upstream:short)%00%(objectname)%00%(upstream:track)%00%(upstream:remotename)%00%(upstream:remoteref) refs/heads/main refs/remotes/main [1ms]
2024-05-30 09:49:37.343 [info] > git status -z -uall [86ms]
2024-05-30 09:49:42.369 [info] > git config --get commit.template [13ms]
2024-05-30 09:49:42.370 [info] > git for-each-ref --format=%(refname)%00%(upstream:short)%00%(objectname)%00%(upstream:track)%00%(upstream:remotename)%00%(upstream:remoteref) refs/heads/main refs/remotes/main [2ms]
2024-05-30 09:49:42.467 [info] > git status -z -uall [88ms]
2024-05-30 09:49:47.486 [info] > git config --get commit.template [6ms]
2024-05-30 09:49:47.487 [info] > git for-each-ref --format=%(refname)%00%(upstream:short)%00%(objectname)%00%(upstream:track)%00%(upstream:remotename)%00%(upstream:remoteref) refs/heads/main refs/remotes/main [2ms]
2024-05-30 09:49:47.561 [info] > git status -z -uall [68ms]
2024-05-30 09:49:52.580 [info] > git config --get commit.template [7ms]
2024-05-30 09:49:52.580 [info] > git for-each-ref --format=%(refname)%00%(upstream:short)%00%(objectname)%00%(upstream:track)%00%(upstream:remotename)%00%(upstream:remoteref) refs/heads/main refs/remotes/main [2ms]
2024-05-30 09:49:52.647 [info] > git status -z -uall [61ms]
2024-05-30 09:49:57.668 [info] > git config --get commit.template [9ms]
2024-05-30 09:49:57.668 [info] > git for-each-ref --format=%(refname)%00%(upstream:short)%00%(objectname)%00%(upstream:track)%00%(upstream:remotename)%00%(upstream:remoteref) refs/heads/main refs/remotes/main [1ms]
2024-05-30 09:49:57.742 [info] > git status -z -uall [68ms]
2024-05-30 09:50:02.765 [info] > git config --get commit.template [10ms]
2024-05-30 09:50:02.765 [info] > git for-each-ref --format=%(refname)%00%(upstream:short)%00%(objectname)%00%(upstream:track)%00%(upstream:remotename)%00%(upstream:remoteref) refs/heads/main refs/remotes/main [2ms]
2024-05-30 09:50:02.852 [info] > git status -z -uall [78ms]
2024-05-30 09:50:07.867 [info] > git config --get commit.template [2ms]
2024-05-30 09:50:07.873 [info] > git for-each-ref --format=%(refname)%00%(upstream:short)%00%(objectname)%00%(upstream:track)%00%(upstream:remotename)%00%(upstream:remoteref) refs/heads/main refs/remotes/main [1ms]
2024-05-30 09:50:07.940 [info] > git status -z -uall [60ms]
2024-05-30 09:50:12.954 [info] > git config --get commit.template [5ms]
2024-05-30 09:50:12.955 [info] > git for-each-ref --format=%(refname)%00%(upstream:short)%00%(objectname)%00%(upstream:track)%00%(upstream:remotename)%00%(upstream:remoteref) refs/heads/main refs/remotes/main [1ms]
2024-05-30 09:50:13.017 [info] > git status -z -uall [57ms]
2024-05-30 09:50:18.037 [info] > git config --get commit.template [7ms]
2024-05-30 09:50:18.038 [info] > git for-each-ref --format=%(refname)%00%(upstream:short)%00%(objectname)%00%(upstream:track)%00%(upstream:remotename)%00%(upstream:remoteref) refs/heads/main refs/remotes/main [2ms]
2024-05-30 09:50:18.151 [info] > git status -z -uall [104ms]
2024-05-30 09:50:23.163 [info] > git config --get commit.template [1ms]
2024-05-30 09:50:23.171 [info] > git for-each-ref --format=%(refname)%00%(upstream:short)%00%(objectname)%00%(upstream:track)%00%(upstream:remotename)%00%(upstream:remoteref) refs/heads/main refs/remotes/main [1ms]
2024-05-30 09:50:23.243 [info] > git status -z -uall [65ms]
2024-05-30 09:50:28.259 [info] > git config --get commit.template [5ms]
2024-05-30 09:50:28.259 [info] > git for-each-ref --format=%(refname)%00%(upstream:short)%00%(objectname)%00%(upstream:track)%00%(upstream:remotename)%00%(upstream:remoteref) refs/heads/main refs/remotes/main [1ms]
2024-05-30 09:50:28.322 [info] > git status -z -uall [58ms]
2024-05-30 09:50:33.331 [info] > git config --get commit.template [1ms]
2024-05-30 09:50:33.337 [info] > git for-each-ref --format=%(refname)%00%(upstream:short)%00%(objectname)%00%(upstream:track)%00%(upstream:remotename)%00%(upstream:remoteref) refs/heads/main refs/remotes/main [1ms]
2024-05-30 09:50:33.388 [info] > git status -z -uall [46ms]
2024-05-30 09:50:38.412 [info] > git config --get commit.template [10ms]
2024-05-30 09:50:38.413 [info] > git for-each-ref --format=%(refname)%00%(upstream:short)%00%(objectname)%00%(upstream:track)%00%(upstream:remotename)%00%(upstream:remoteref) refs/heads/main refs/remotes/main [3ms]
2024-05-30 09:50:38.544 [info] > git status -z -uall [121ms]
2024-05-30 09:50:48.882 [info] > git config --get commit.template [11ms]
2024-05-30 09:50:48.882 [info] > git for-each-ref --format=%(refname)%00%(upstream:short)%00%(objectname)%00%(upstream:track)%00%(upstream:remotename)%00%(upstream:remoteref) refs/heads/main refs/remotes/main [3ms]
2024-05-30 09:50:49.058 [info] > git status -z -uall [165ms]
2024-05-30 09:51:10.284 [info] > git config --get commit.template [14ms]
2024-05-30 09:51:10.285 [info] > git for-each-ref --format=%(refname)%00%(upstream:short)%00%(objectname)%00%(upstream:track)%00%(upstream:remotename)%00%(upstream:remoteref) refs/heads/main refs/remotes/main [2ms]
2024-05-30 09:51:10.466 [info] > git status -z -uall [171ms]
2024-05-30 09:51:37.914 [info] > git config --get commit.template [10ms]
2024-05-30 09:51:37.918 [info] > git for-each-ref --format=%(refname)%00%(upstream:short)%00%(objectname)%00%(upstream:track)%00%(upstream:remotename)%00%(upstream:remoteref) refs/heads/main refs/remotes/main [2ms]
2024-05-30 09:51:38.069 [info] > git status -z -uall [140ms]
2024-05-30 09:51:43.083 [info] > git config --get commit.template [1ms]
2024-05-30 09:51:43.092 [info] > git for-each-ref --format=%(refname)%00%(upstream:short)%00%(objectname)%00%(upstream:track)%00%(upstream:remotename)%00%(upstream:remoteref) refs/heads/main refs/remotes/main [1ms]
2024-05-30 09:51:43.177 [info] > git status -z -uall [76ms]
2024-05-30 09:51:48.188 [info] > git config --get commit.template [1ms]
2024-05-30 09:51:48.194 [info] > git for-each-ref --format=%(refname)%00%(upstream:short)%00%(objectname)%00%(upstream:track)%00%(upstream:remotename)%00%(upstream:remoteref) refs/heads/main refs/remotes/main [1ms]
2024-05-30 09:51:48.248 [info] > git status -z -uall [50ms]
2024-05-30 09:51:53.257 [info] > git config --get commit.template [1ms]
2024-05-30 09:51:53.264 [info] > git for-each-ref --format=%(refname)%00%(upstream:short)%00%(objectname)%00%(upstream:track)%00%(upstream:remotename)%00%(upstream:remoteref) refs/heads/main refs/remotes/main [1ms]
2024-05-30 09:51:53.320 [info] > git status -z -uall [51ms]
2024-05-30 09:51:58.338 [info] > git config --get commit.template [7ms]
2024-05-30 09:51:58.339 [info] > git for-each-ref --format=%(refname)%00%(upstream:short)%00%(objectname)%00%(upstream:track)%00%(upstream:remotename)%00%(upstream:remoteref) refs/heads/main refs/remotes/main [2ms]
2024-05-30 09:51:58.420 [info] > git status -z -uall [74ms]
2024-05-30 09:52:03.432 [info] > git config --get commit.template [1ms]
2024-05-30 09:52:03.438 [info] > git for-each-ref --format=%(refname)%00%(upstream:short)%00%(objectname)%00%(upstream:track)%00%(upstream:remotename)%00%(upstream:remoteref) refs/heads/main refs/remotes/main [1ms]
2024-05-30 09:52:03.493 [info] > git status -z -uall [49ms]
2024-05-30 09:52:08.512 [info] > git config --get commit.template [8ms]
2024-05-30 09:52:08.512 [info] > git for-each-ref --format=%(refname)%00%(upstream:short)%00%(objectname)%00%(upstream:track)%00%(upstream:remotename)%00%(upstream:remoteref) refs/heads/main refs/remotes/main [1ms]
2024-05-30 09:52:08.585 [info] > git status -z -uall [66ms]
2024-05-30 09:52:13.600 [info] > git config --get commit.template [2ms]
2024-05-30 09:52:13.607 [info] > git for-each-ref --format=%(refname)%00%(upstream:short)%00%(objectname)%00%(upstream:track)%00%(upstream:remotename)%00%(upstream:remoteref) refs/heads/main refs/remotes/main [1ms]
2024-05-30 09:52:13.673 [info] > git status -z -uall [59ms]
2024-05-30 09:52:18.685 [info] > git config --get commit.template [1ms]
2024-05-30 09:52:18.692 [info] > git for-each-ref --format=%(refname)%00%(upstream:short)%00%(objectname)%00%(upstream:track)%00%(upstream:remotename)%00%(upstream:remoteref) refs/heads/main refs/remotes/main [1ms]
2024-05-30 09:52:18.768 [info] > git status -z -uall [68ms]
2024-05-30 09:52:23.785 [info] > git config --get commit.template [5ms]
2024-05-30 09:52:23.786 [info] > git for-each-ref --format=%(refname)%00%(upstream:short)%00%(objectname)%00%(upstream:track)%00%(upstream:remotename)%00%(upstream:remoteref) refs/heads/main refs/remotes/main [1ms]
2024-05-30 09:52:23.841 [info] > git status -z -uall [50ms]
2024-05-30 09:52:31.962 [info] > git config --get commit.template [1ms]
2024-05-30 09:52:31.974 [info] > git for-each-ref --format=%(refname)%00%(upstream:short)%00%(objectname)%00%(upstream:track)%00%(upstream:remotename)%00%(upstream:remoteref) refs/heads/main refs/remotes/main [2ms]
2024-05-30 09:52:32.078 [info] > git status -z -uall [95ms]
2024-05-30 09:52:37.093 [info] > git config --get commit.template [2ms]
2024-05-30 09:52:37.101 [info] > git for-each-ref --format=%(refname)%00%(upstream:short)%00%(objectname)%00%(upstream:track)%00%(upstream:remotename)%00%(upstream:remoteref) refs/heads/main refs/remotes/main [2ms]
2024-05-30 09:52:37.170 [info] > git status -z -uall [63ms]
2024-05-30 09:52:42.199 [info] > git config --get commit.template [12ms]
2024-05-30 09:52:42.200 [info] > git for-each-ref --format=%(refname)%00%(upstream:short)%00%(objectname)%00%(upstream:track)%00%(upstream:remotename)%00%(upstream:remoteref) refs/heads/main refs/remotes/main [2ms]
2024-05-30 09:52:42.286 [info] > git status -z -uall [79ms]
2024-05-30 09:52:47.296 [info] > git config --get commit.template [1ms]
2024-05-30 09:52:47.303 [info] > git for-each-ref --format=%(refname)%00%(upstream:short)%00%(objectname)%00%(upstream:track)%00%(upstream:remotename)%00%(upstream:remoteref) refs/heads/main refs/remotes/main [1ms]
2024-05-30 09:52:47.357 [info] > git status -z -uall [49ms]
2024-05-30 09:52:52.366 [info] > git config --get commit.template [1ms]
2024-05-30 09:52:52.372 [info] > git for-each-ref --format=%(refname)%00%(upstream:short)%00%(objectname)%00%(upstream:track)%00%(upstream:remotename)%00%(upstream:remoteref) refs/heads/main refs/remotes/main [1ms]
2024-05-30 09:52:52.427 [info] > git status -z -uall [49ms]
2024-05-30 09:52:57.447 [info] > git config --get commit.template [8ms]
2024-05-30 09:52:57.447 [info] > git for-each-ref --format=%(refname)%00%(upstream:short)%00%(objectname)%00%(upstream:track)%00%(upstream:remotename)%00%(upstream:remoteref) refs/heads/main refs/remotes/main [2ms]
2024-05-30 09:52:57.533 [info] > git status -z -uall [79ms]
2024-05-30 09:53:02.544 [info] > git config --get commit.template [1ms]
2024-05-30 09:53:02.550 [info] > git for-each-ref --format=%(refname)%00%(upstream:short)%00%(objectname)%00%(upstream:track)%00%(upstream:remotename)%00%(upstream:remoteref) refs/heads/main refs/remotes/main [1ms]
2024-05-30 09:53:02.605 [info] > git status -z -uall [50ms]
2024-05-30 09:53:07.627 [info] > git config --get commit.template [9ms]
2024-05-30 09:53:07.627 [info] > git for-each-ref --format=%(refname)%00%(upstream:short)%00%(objectname)%00%(upstream:track)%00%(upstream:remotename)%00%(upstream:remoteref) refs/heads/main refs/remotes/main [1ms]
2024-05-30 09:53:07.709 [info] > git status -z -uall [75ms]
2024-05-30 09:53:12.724 [info] > git config --get commit.template [6ms]
2024-05-30 09:53:12.724 [info] > git for-each-ref --format=%(refname)%00%(upstream:short)%00%(objectname)%00%(upstream:track)%00%(upstream:remotename)%00%(upstream:remoteref) refs/heads/main refs/remotes/main [1ms]
2024-05-30 09:53:12.776 [info] > git status -z -uall [46ms]
2024-05-30 09:53:17.787 [info] > git config --get commit.template [1ms]
2024-05-30 09:53:17.796 [info] > git for-each-ref --format=%(refname)%00%(upstream:short)%00%(objectname)%00%(upstream:track)%00%(upstream:remotename)%00%(upstream:remoteref) refs/heads/main refs/remotes/main [1ms]
2024-05-30 09:53:17.872 [info] > git status -z -uall [69ms]
2024-05-30 09:53:22.898 [info] > git for-each-ref --format=%(refname)%00%(upstream:short)%00%(objectname)%00%(upstream:track)%00%(upstream:remotename)%00%(upstream:remoteref) refs/heads/main refs/remotes/main [2ms]
2024-05-30 09:53:22.898 [info] > git config --get commit.template [13ms]
2024-05-30 09:53:22.965 [info] > git status -z -uall [60ms]
2024-05-30 09:53:27.994 [info] > git config --get commit.template [14ms]
2024-05-30 09:53:27.995 [info] > git for-each-ref --format=%(refname)%00%(upstream:short)%00%(objectname)%00%(upstream:track)%00%(upstream:remotename)%00%(upstream:remoteref) refs/heads/main refs/remotes/main [2ms]
2024-05-30 09:53:28.140 [info] > git status -z -uall [135ms]
2024-05-30 09:53:33.154 [info] > git config --get commit.template [1ms]
2024-05-30 09:53:33.163 [info] > git for-each-ref --format=%(refname)%00%(upstream:short)%00%(objectname)%00%(upstream:track)%00%(upstream:remotename)%00%(upstream:remoteref) refs/heads/main refs/remotes/main [2ms]
2024-05-30 09:53:33.238 [info] > git status -z -uall [68ms]
2024-05-30 09:53:38.254 [info] > git config --get commit.template [5ms]
2024-05-30 09:53:38.254 [info] > git for-each-ref --format=%(refname)%00%(upstream:short)%00%(objectname)%00%(upstream:track)%00%(upstream:remotename)%00%(upstream:remoteref) refs/heads/main refs/remotes/main [1ms]
2024-05-30 09:53:38.325 [info] > git status -z -uall [66ms]
2024-05-30 09:53:43.346 [info] > git config --get commit.template [8ms]
2024-05-30 09:53:43.346 [info] > git for-each-ref --format=%(refname)%00%(upstream:short)%00%(objectname)%00%(upstream:track)%00%(upstream:remotename)%00%(upstream:remoteref) refs/heads/main refs/remotes/main [1ms]
2024-05-30 09:53:43.423 [info] > git status -z -uall [70ms]
2024-05-30 09:53:48.433 [info] > git config --get commit.template [1ms]
2024-05-30 09:53:48.439 [info] > git for-each-ref --format=%(refname)%00%(upstream:short)%00%(objectname)%00%(upstream:track)%00%(upstream:remotename)%00%(upstream:remoteref) refs/heads/main refs/remotes/main [1ms]
2024-05-30 09:53:48.500 [info] > git status -z -uall [55ms]
2024-05-30 09:53:53.515 [info] > git config --get commit.template [6ms]
2024-05-30 09:53:53.515 [info] > git for-each-ref --format=%(refname)%00%(upstream:short)%00%(objectname)%00%(upstream:track)%00%(upstream:remotename)%00%(upstream:remoteref) refs/heads/main refs/remotes/main [1ms]
2024-05-30 09:53:53.574 [info] > git status -z -uall [53ms]
2024-05-30 09:53:58.585 [info] > git config --get commit.template [1ms]
2024-05-30 09:53:58.593 [info] > git for-each-ref --format=%(refname)%00%(upstream:short)%00%(objectname)%00%(upstream:track)%00%(upstream:remotename)%00%(upstream:remoteref) refs/heads/main refs/remotes/main [1ms]
2024-05-30 09:53:58.660 [info] > git status -z -uall [61ms]
2024-05-30 09:54:03.670 [info] > git config --get commit.template [1ms]
2024-05-30 09:54:03.678 [info] > git for-each-ref --format=%(refname)%00%(upstream:short)%00%(objectname)%00%(upstream:track)%00%(upstream:remotename)%00%(upstream:remoteref) refs/heads/main refs/remotes/main [1ms]
2024-05-30 09:54:03.738 [info] > git status -z -uall [54ms]
2024-05-30 09:54:08.764 [info] > git config --get commit.template [9ms]
2024-05-30 09:54:08.765 [info] > git for-each-ref --format=%(refname)%00%(upstream:short)%00%(objectname)%00%(upstream:track)%00%(upstream:remotename)%00%(upstream:remoteref) refs/heads/main refs/remotes/main [1ms]
2024-05-30 09:54:08.867 [info] > git status -z -uall [90ms]
2024-05-30 09:54:13.882 [info] > git config --get commit.template [6ms]
2024-05-30 09:54:13.882 [info] > git for-each-ref --format=%(refname)%00%(upstream:short)%00%(objectname)%00%(upstream:track)%00%(upstream:remotename)%00%(upstream:remoteref) refs/heads/main refs/remotes/main [1ms]
2024-05-30 09:54:13.943 [info] > git status -z -uall [54ms]
2024-05-30 09:54:18.953 [info] > git config --get commit.template [1ms]
2024-05-30 09:54:18.961 [info] > git for-each-ref --format=%(refname)%00%(upstream:short)%00%(objectname)%00%(upstream:track)%00%(upstream:remotename)%00%(upstream:remoteref) refs/heads/main refs/remotes/main [2ms]
2024-05-30 09:54:19.047 [info] > git status -z -uall [73ms]
2024-05-30 09:54:24.065 [info] > git config --get commit.template [7ms]
2024-05-30 09:54:24.066 [info] > git for-each-ref --format=%(refname)%00%(upstream:short)%00%(objectname)%00%(upstream:track)%00%(upstream:remotename)%00%(upstream:remoteref) refs/heads/main refs/remotes/main [2ms]
2024-05-30 09:54:24.147 [info] > git status -z -uall [75ms]
2024-05-30 09:54:29.165 [info] > git config --get commit.template [7ms]
2024-05-30 09:54:29.165 [info] > git for-each-ref --format=%(refname)%00%(upstream:short)%00%(objectname)%00%(upstream:track)%00%(upstream:remotename)%00%(upstream:remoteref) refs/heads/main refs/remotes/main [2ms]
2024-05-30 09:54:29.246 [info] > git status -z -uall [75ms]
2024-05-30 09:54:34.263 [info] > git config --get commit.template [6ms]
2024-05-30 09:54:34.263 [info] > git for-each-ref --format=%(refname)%00%(upstream:short)%00%(objectname)%00%(upstream:track)%00%(upstream:remotename)%00%(upstream:remoteref) refs/heads/main refs/remotes/main [2ms]
2024-05-30 09:54:34.327 [info] > git status -z -uall [57ms]
2024-05-30 09:54:39.339 [info] > git config --get commit.template [2ms]
2024-05-30 09:54:39.345 [info] > git for-each-ref --format=%(refname)%00%(upstream:short)%00%(objectname)%00%(upstream:track)%00%(upstream:remotename)%00%(upstream:remoteref) refs/heads/main refs/remotes/main [0ms]
2024-05-30 09:54:39.397 [info] > git status -z -uall [47ms]
2024-05-30 09:54:44.410 [info] > git config --get commit.template [1ms]
2024-05-30 09:54:44.418 [info] > git for-each-ref --format=%(refname)%00%(upstream:short)%00%(objectname)%00%(upstream:track)%00%(upstream:remotename)%00%(upstream:remoteref) refs/heads/main refs/remotes/main [1ms]
2024-05-30 09:54:44.499 [info] > git status -z -uall [74ms]
2024-05-30 09:54:49.510 [info] > git config --get commit.template [1ms]
2024-05-30 09:54:49.516 [info] > git for-each-ref --format=%(refname)%00%(upstream:short)%00%(objectname)%00%(upstream:track)%00%(upstream:remotename)%00%(upstream:remoteref) refs/heads/main refs/remotes/main [1ms]
2024-05-30 09:54:49.573 [info] > git status -z -uall [52ms]
2024-05-30 09:54:54.588 [info] > git config --get commit.template [6ms]
2024-05-30 09:54:54.588 [info] > git for-each-ref --format=%(refname)%00%(upstream:short)%00%(objectname)%00%(upstream:track)%00%(upstream:remotename)%00%(upstream:remoteref) refs/heads/main refs/remotes/main [1ms]
2024-05-30 09:54:54.649 [info] > git status -z -uall [55ms]
2024-05-30 09:54:59.671 [info] > git config --get commit.template [9ms]
2024-05-30 09:54:59.671 [info] > git for-each-ref --format=%(refname)%00%(upstream:short)%00%(objectname)%00%(upstream:track)%00%(upstream:remotename)%00%(upstream:remoteref) refs/heads/main refs/remotes/main [2ms]
2024-05-30 09:54:59.785 [info] > git status -z -uall [104ms]
2024-05-30 09:55:04.796 [info] > git config --get commit.template [1ms]
2024-05-30 09:55:04.801 [info] > git for-each-ref --format=%(refname)%00%(upstream:short)%00%(objectname)%00%(upstream:track)%00%(upstream:remotename)%00%(upstream:remoteref) refs/heads/main refs/remotes/main [1ms]
2024-05-30 09:55:04.860 [info] > git status -z -uall [54ms]
2024-05-30 09:55:09.875 [info] > git config --get commit.template [5ms]
2024-05-30 09:55:09.876 [info] > git for-each-ref --format=%(refname)%00%(upstream:short)%00%(objectname)%00%(upstream:track)%00%(upstream:remotename)%00%(upstream:remoteref) refs/heads/main refs/remotes/main [1ms]
2024-05-30 09:55:09.938 [info] > git status -z -uall [57ms]
2024-05-30 09:55:14.953 [info] > git config --get commit.template [5ms]
2024-05-30 09:55:14.954 [info] > git for-each-ref --format=%(refname)%00%(upstream:short)%00%(objectname)%00%(upstream:track)%00%(upstream:remotename)%00%(upstream:remoteref) refs/heads/main refs/remotes/main [0ms]
2024-05-30 09:55:15.012 [info] > git status -z -uall [53ms]
2024-05-30 09:55:20.027 [info] > git config --get commit.template [7ms]
2024-05-30 09:55:20.028 [info] > git for-each-ref --format=%(refname)%00%(upstream:short)%00%(objectname)%00%(upstream:track)%00%(upstream:remotename)%00%(upstream:remoteref) refs/heads/main refs/remotes/main [1ms]
2024-05-30 09:55:20.093 [info] > git status -z -uall [60ms]
2024-05-30 09:55:25.104 [info] > git config --get commit.template [1ms]
2024-05-30 09:55:25.110 [info] > git for-each-ref --format=%(refname)%00%(upstream:short)%00%(objectname)%00%(upstream:track)%00%(upstream:remotename)%00%(upstream:remoteref) refs/heads/main refs/remotes/main [1ms]
2024-05-30 09:55:25.182 [info] > git status -z -uall [64ms]
2024-05-30 09:55:30.192 [info] > git config --get commit.template [1ms]
2024-05-30 09:55:30.199 [info] > git for-each-ref --format=%(refname)%00%(upstream:short)%00%(objectname)%00%(upstream:track)%00%(upstream:remotename)%00%(upstream:remoteref) refs/heads/main refs/remotes/main [1ms]
2024-05-30 09:55:30.263 [info] > git status -z -uall [58ms]
2024-05-30 09:55:35.275 [info] > git config --get commit.template [1ms]
2024-05-30 09:55:35.281 [info] > git for-each-ref --format=%(refname)%00%(upstream:short)%00%(objectname)%00%(upstream:track)%00%(upstream:remotename)%00%(upstream:remoteref) refs/heads/main refs/remotes/main [1ms]
2024-05-30 09:55:35.347 [info] > git status -z -uall [61ms]
2024-05-30 09:55:40.367 [info] > git config --get commit.template [8ms]
2024-05-30 09:55:40.368 [info] > git for-each-ref --format=%(refname)%00%(upstream:short)%00%(objectname)%00%(upstream:track)%00%(upstream:remotename)%00%(upstream:remoteref) refs/heads/main refs/remotes/main [1ms]
2024-05-30 09:55:40.445 [info] > git status -z -uall [71ms]
2024-05-30 09:55:45.456 [info] > git config --get commit.template [1ms]
2024-05-30 09:55:45.462 [info] > git for-each-ref --format=%(refname)%00%(upstream:short)%00%(objectname)%00%(upstream:track)%00%(upstream:remotename)%00%(upstream:remoteref) refs/heads/main refs/remotes/main [1ms]
2024-05-30 09:55:45.515 [info] > git status -z -uall [48ms]
2024-05-30 09:55:50.536 [info] > git config --get commit.template [8ms]
2024-05-30 09:55:50.537 [info] > git for-each-ref --format=%(refname)%00%(upstream:short)%00%(objectname)%00%(upstream:track)%00%(upstream:remotename)%00%(upstream:remoteref) refs/heads/main refs/remotes/main [2ms]
2024-05-30 09:55:50.650 [info] > git status -z -uall [107ms]
2024-05-30 09:55:55.661 [info] > git config --get commit.template [1ms]
2024-05-30 09:55:55.666 [info] > git for-each-ref --format=%(refname)%00%(upstream:short)%00%(objectname)%00%(upstream:track)%00%(upstream:remotename)%00%(upstream:remoteref) refs/heads/main refs/remotes/main [1ms]
2024-05-30 09:55:55.720 [info] > git status -z -uall [49ms]
2024-05-30 09:56:00.737 [info] > git config --get commit.template [6ms]
2024-05-30 09:56:00.737 [info] > git for-each-ref --format=%(refname)%00%(upstream:short)%00%(objectname)%00%(upstream:track)%00%(upstream:remotename)%00%(upstream:remoteref) refs/heads/main refs/remotes/main [1ms]
2024-05-30 09:56:00.799 [info] > git status -z -uall [57ms]
2024-05-30 09:56:05.814 [info] > git config --get commit.template [6ms]
2024-05-30 09:56:05.814 [info] > git for-each-ref --format=%(refname)%00%(upstream:short)%00%(objectname)%00%(upstream:track)%00%(upstream:remotename)%00%(upstream:remoteref) refs/heads/main refs/remotes/main [1ms]
2024-05-30 09:56:05.873 [info] > git status -z -uall [54ms]
2024-05-30 09:56:10.892 [info] > git config --get commit.template [6ms]
2024-05-30 09:56:10.893 [info] > git for-each-ref --format=%(refname)%00%(upstream:short)%00%(objectname)%00%(upstream:track)%00%(upstream:remotename)%00%(upstream:remoteref) refs/heads/main refs/remotes/main [2ms]
2024-05-30 09:56:10.962 [info] > git status -z -uall [61ms]
2024-05-30 09:56:15.977 [info] > git config --get commit.template [6ms]
2024-05-30 09:56:15.978 [info] > git for-each-ref --format=%(refname)%00%(upstream:short)%00%(objectname)%00%(upstream:track)%00%(upstream:remotename)%00%(upstream:remoteref) refs/heads/main refs/remotes/main [2ms]
2024-05-30 09:56:16.043 [info] > git status -z -uall [59ms]
2024-05-30 09:56:21.054 [info] > git config --get commit.template [1ms]
2024-05-30 09:56:21.061 [info] > git for-each-ref --format=%(refname)%00%(upstream:short)%00%(objectname)%00%(upstream:track)%00%(upstream:remotename)%00%(upstream:remoteref) refs/heads/main refs/remotes/main [1ms]
2024-05-30 09:56:21.126 [info] > git status -z -uall [59ms]
2024-05-30 09:56:26.145 [info] > git config --get commit.template [7ms]
2024-05-30 09:56:26.146 [info] > git for-each-ref --format=%(refname)%00%(upstream:short)%00%(objectname)%00%(upstream:track)%00%(upstream:remotename)%00%(upstream:remoteref) refs/heads/main refs/remotes/main [2ms]
2024-05-30 09:56:26.240 [info] > git status -z -uall [85ms]
2024-05-30 09:56:31.254 [info] > git config --get commit.template [6ms]
2024-05-30 09:56:31.255 [info] > git for-each-ref --format=%(refname)%00%(upstream:short)%00%(objectname)%00%(upstream:track)%00%(upstream:remotename)%00%(upstream:remoteref) refs/heads/main refs/remotes/main [1ms]
2024-05-30 09:56:31.314 [info] > git status -z -uall [54ms]
2024-05-30 09:56:36.331 [info] > git config --get commit.template [2ms]
2024-05-30 09:56:36.339 [info] > git for-each-ref --format=%(refname)%00%(upstream:short)%00%(objectname)%00%(upstream:track)%00%(upstream:remotename)%00%(upstream:remoteref) refs/heads/main refs/remotes/main [1ms]
2024-05-30 09:56:36.421 [info] > git status -z -uall [74ms]
2024-05-30 09:56:41.433 [info] > git config --get commit.template [1ms]
2024-05-30 09:56:41.439 [info] > git for-each-ref --format=%(refname)%00%(upstream:short)%00%(objectname)%00%(upstream:track)%00%(upstream:remotename)%00%(upstream:remoteref) refs/heads/main refs/remotes/main [1ms]
2024-05-30 09:56:41.509 [info] > git status -z -uall [63ms]
2024-05-30 09:56:46.521 [info] > git config --get commit.template [1ms]
2024-05-30 09:56:46.527 [info] > git for-each-ref --format=%(refname)%00%(upstream:short)%00%(objectname)%00%(upstream:track)%00%(upstream:remotename)%00%(upstream:remoteref) refs/heads/main refs/remotes/main [1ms]
2024-05-30 09:56:46.581 [info] > git status -z -uall [49ms]
2024-05-30 09:56:51.593 [info] > git config --get commit.template [1ms]
2024-05-30 09:56:51.599 [info] > git for-each-ref --format=%(refname)%00%(upstream:short)%00%(objectname)%00%(upstream:track)%00%(upstream:remotename)%00%(upstream:remoteref) refs/heads/main refs/remotes/main [1ms]
2024-05-30 09:56:51.664 [info] > git status -z -uall [59ms]
2024-05-30 09:56:56.680 [info] > git config --get commit.template [7ms]
2024-05-30 09:56:56.681 [info] > git for-each-ref --format=%(refname)%00%(upstream:short)%00%(objectname)%00%(upstream:track)%00%(upstream:remotename)%00%(upstream:remoteref) refs/heads/main refs/remotes/main [2ms]
2024-05-30 09:56:56.756 [info] > git status -z -uall [68ms]
2024-05-30 09:57:01.768 [info] > git config --get commit.template [0ms]
2024-05-30 09:57:01.775 [info] > git for-each-ref --format=%(refname)%00%(upstream:short)%00%(objectname)%00%(upstream:track)%00%(upstream:remotename)%00%(upstream:remoteref) refs/heads/main refs/remotes/main [2ms]
2024-05-30 09:57:01.851 [info] > git status -z -uall [70ms]
2024-05-30 09:57:06.861 [info] > git config --get commit.template [1ms]
2024-05-30 09:57:06.867 [info] > git for-each-ref --format=%(refname)%00%(upstream:short)%00%(objectname)%00%(upstream:track)%00%(upstream:remotename)%00%(upstream:remoteref) refs/heads/main refs/remotes/main [1ms]
2024-05-30 09:57:06.920 [info] > git status -z -uall [48ms]
2024-05-30 09:57:11.943 [info] > git config --get commit.template [10ms]
2024-05-30 09:57:11.944 [info] > git for-each-ref --format=%(refname)%00%(upstream:short)%00%(objectname)%00%(upstream:track)%00%(upstream:remotename)%00%(upstream:remoteref) refs/heads/main refs/remotes/main [2ms]
2024-05-30 09:57:12.063 [info] > git status -z -uall [110ms]
2024-05-30 09:57:17.080 [info] > git config --get commit.template [6ms]
2024-05-30 09:57:17.081 [info] > git for-each-ref --format=%(refname)%00%(upstream:short)%00%(objectname)%00%(upstream:track)%00%(upstream:remotename)%00%(upstream:remoteref) refs/heads/main refs/remotes/main [1ms]
2024-05-30 09:57:17.148 [info] > git status -z -uall [60ms]
2024-05-30 09:57:22.161 [info] > git config --get commit.template [2ms]
2024-05-30 09:57:22.176 [info] > git for-each-ref --format=%(refname)%00%(upstream:short)%00%(objectname)%00%(upstream:track)%00%(upstream:remotename)%00%(upstream:remoteref) refs/heads/main refs/remotes/main [2ms]
2024-05-30 09:57:22.279 [info] > git status -z -uall [92ms]
2024-05-30 09:57:27.290 [info] > git config --get commit.template [1ms]
2024-05-30 09:57:27.296 [info] > git for-each-ref --format=%(refname)%00%(upstream:short)%00%(objectname)%00%(upstream:track)%00%(upstream:remotename)%00%(upstream:remoteref) refs/heads/main refs/remotes/main [1ms]
2024-05-30 09:57:27.352 [info] > git status -z -uall [51ms]
2024-05-30 09:57:32.370 [info] > git config --get commit.template [2ms]
2024-05-30 09:57:32.381 [info] > git for-each-ref --format=%(refname)%00%(upstream:short)%00%(objectname)%00%(upstream:track)%00%(upstream:remotename)%00%(upstream:remoteref) refs/heads/main refs/remotes/main [2ms]
2024-05-30 09:57:32.473 [info] > git status -z -uall [82ms]
2024-05-30 09:57:37.484 [info] > git config --get commit.template [1ms]
2024-05-30 09:57:37.490 [info] > git for-each-ref --format=%(refname)%00%(upstream:short)%00%(objectname)%00%(upstream:track)%00%(upstream:remotename)%00%(upstream:remoteref) refs/heads/main refs/remotes/main [1ms]
2024-05-30 09:57:37.556 [info] > git status -z -uall [59ms]
2024-05-30 09:57:42.570 [info] > git config --get commit.template [1ms]
2024-05-30 09:57:42.579 [info] > git for-each-ref --format=%(refname)%00%(upstream:short)%00%(objectname)%00%(upstream:track)%00%(upstream:remotename)%00%(upstream:remoteref) refs/heads/main refs/remotes/main [2ms]
2024-05-30 09:57:42.696 [info] > git status -z -uall [109ms]
2024-05-30 09:57:47.713 [info] > git config --get commit.template [6ms]
2024-05-30 09:57:47.714 [info] > git for-each-ref --format=%(refname)%00%(upstream:short)%00%(objectname)%00%(upstream:track)%00%(upstream:remotename)%00%(upstream:remoteref) refs/heads/main refs/remotes/main [1ms]
2024-05-30 09:57:47.788 [info] > git status -z -uall [69ms]
2024-05-30 09:57:52.809 [info] > git config --get commit.template [9ms]
2024-05-30 09:57:52.809 [info] > git for-each-ref --format=%(refname)%00%(upstream:short)%00%(objectname)%00%(upstream:track)%00%(upstream:remotename)%00%(upstream:remoteref) refs/heads/main refs/remotes/main [1ms]
2024-05-30 09:57:52.897 [info] > git status -z -uall [80ms]
2024-05-30 09:57:57.909 [info] > git config --get commit.template [1ms]
2024-05-30 09:57:57.915 [info] > git for-each-ref --format=%(refname)%00%(upstream:short)%00%(objectname)%00%(upstream:track)%00%(upstream:remotename)%00%(upstream:remoteref) refs/heads/main refs/remotes/main [1ms]
2024-05-30 09:57:57.968 [info] > git status -z -uall [48ms]
2024-05-30 09:58:02.996 [info] > git config --get commit.template [13ms]
2024-05-30 09:58:02.996 [info] > git for-each-ref --format=%(refname)%00%(upstream:short)%00%(objectname)%00%(upstream:track)%00%(upstream:remotename)%00%(upstream:remoteref) refs/heads/main refs/remotes/main [2ms]
2024-05-30 09:58:03.090 [info] > git status -z -uall [83ms]
2024-05-30 09:58:08.106 [info] > git config --get commit.template [5ms]
2024-05-30 09:58:08.106 [info] > git for-each-ref --format=%(refname)%00%(upstream:short)%00%(objectname)%00%(upstream:track)%00%(upstream:remotename)%00%(upstream:remoteref) refs/heads/main refs/remotes/main [1ms]
2024-05-30 09:58:08.174 [info] > git status -z -uall [61ms]
2024-05-30 09:58:13.190 [info] > git config --get commit.template [6ms]
2024-05-30 09:58:13.190 [info] > git for-each-ref --format=%(refname)%00%(upstream:short)%00%(objectname)%00%(upstream:track)%00%(upstream:remotename)%00%(upstream:remoteref) refs/heads/main refs/remotes/main [1ms]
2024-05-30 09:58:13.246 [info] > git status -z -uall [50ms]
2024-05-30 09:58:18.264 [info] > git config --get commit.template [8ms]
2024-05-30 09:58:18.264 [info] > git for-each-ref --format=%(refname)%00%(upstream:short)%00%(objectname)%00%(upstream:track)%00%(upstream:remotename)%00%(upstream:remoteref) refs/heads/main refs/remotes/main [2ms]
2024-05-30 09:58:18.335 [info] > git status -z -uall [62ms]
2024-05-30 09:58:23.345 [info] > git config --get commit.template [1ms]
2024-05-30 09:58:23.351 [info] > git for-each-ref --format=%(refname)%00%(upstream:short)%00%(objectname)%00%(upstream:track)%00%(upstream:remotename)%00%(upstream:remoteref) refs/heads/main refs/remotes/main [0ms]
2024-05-30 09:58:23.405 [info] > git status -z -uall [49ms]
2024-05-30 09:58:28.416 [info] > git config --get commit.template [1ms]
2024-05-30 09:58:28.422 [info] > git for-each-ref --format=%(refname)%00%(upstream:short)%00%(objectname)%00%(upstream:track)%00%(upstream:remotename)%00%(upstream:remoteref) refs/heads/main refs/remotes/main [1ms]
2024-05-30 09:58:28.490 [info] > git status -z -uall [62ms]
2024-05-30 09:58:33.504 [info] > git config --get commit.template [6ms]
2024-05-30 09:58:33.504 [info] > git for-each-ref --format=%(refname)%00%(upstream:short)%00%(objectname)%00%(upstream:track)%00%(upstream:remotename)%00%(upstream:remoteref) refs/heads/main refs/remotes/main [1ms]
2024-05-30 09:58:33.562 [info] > git status -z -uall [53ms]
2024-05-30 09:58:38.577 [info] > git config --get commit.template [2ms]
2024-05-30 09:58:38.591 [info] > git for-each-ref --format=%(refname)%00%(upstream:short)%00%(objectname)%00%(upstream:track)%00%(upstream:remotename)%00%(upstream:remoteref) refs/heads/main refs/remotes/main [2ms]
2024-05-30 09:58:38.723 [info] > git status -z -uall [123ms]
2024-05-30 09:58:43.746 [info] > git config --get commit.template [8ms]
2024-05-30 09:58:43.746 [info] > git for-each-ref --format=%(refname)%00%(upstream:short)%00%(objectname)%00%(upstream:track)%00%(upstream:remotename)%00%(upstream:remoteref) refs/heads/main refs/remotes/main [2ms]
2024-05-30 09:58:43.808 [info] > git status -z -uall [55ms]
2024-05-30 09:58:48.820 [info] > git config --get commit.template [1ms]
2024-05-30 09:58:48.825 [info] > git for-each-ref --format=%(refname)%00%(upstream:short)%00%(objectname)%00%(upstream:track)%00%(upstream:remotename)%00%(upstream:remoteref) refs/heads/main refs/remotes/main [1ms]
2024-05-30 09:58:48.883 [info] > git status -z -uall [53ms]
2024-05-30 09:58:53.896 [info] > git config --get commit.template [1ms]
2024-05-30 09:58:53.902 [info] > git for-each-ref --format=%(refname)%00%(upstream:short)%00%(objectname)%00%(upstream:track)%00%(upstream:remotename)%00%(upstream:remoteref) refs/heads/main refs/remotes/main [1ms]
2024-05-30 09:58:53.962 [info] > git status -z -uall [54ms]
2024-05-30 09:58:58.972 [info] > git config --get commit.template [1ms]
2024-05-30 09:58:58.978 [info] > git for-each-ref --format=%(refname)%00%(upstream:short)%00%(objectname)%00%(upstream:track)%00%(upstream:remotename)%00%(upstream:remoteref) refs/heads/main refs/remotes/main [1ms]
2024-05-30 09:58:59.030 [info] > git status -z -uall [47ms]
2024-05-30 09:59:04.042 [info] > git config --get commit.template [2ms]
2024-05-30 09:59:04.049 [info] > git for-each-ref --format=%(refname)%00%(upstream:short)%00%(objectname)%00%(upstream:track)%00%(upstream:remotename)%00%(upstream:remoteref) refs/heads/main refs/remotes/main [1ms]
2024-05-30 09:59:04.128 [info] > git status -z -uall [73ms]
2024-05-30 09:59:09.145 [info] > git config --get commit.template [7ms]
2024-05-30 09:59:09.145 [info] > git for-each-ref --format=%(refname)%00%(upstream:short)%00%(objectname)%00%(upstream:track)%00%(upstream:remotename)%00%(upstream:remoteref) refs/heads/main refs/remotes/main [1ms]
2024-05-30 09:59:09.220 [info] > git status -z -uall [69ms]
2024-05-30 09:59:14.232 [info] > git config --get commit.template [1ms]
2024-05-30 09:59:14.241 [info] > git for-each-ref --format=%(refname)%00%(upstream:short)%00%(objectname)%00%(upstream:track)%00%(upstream:remotename)%00%(upstream:remoteref) refs/heads/main refs/remotes/main [2ms]
2024-05-30 09:59:14.340 [info] > git status -z -uall [86ms]
2024-05-30 09:59:19.350 [info] > git config --get commit.template [1ms]
2024-05-30 09:59:19.356 [info] > git for-each-ref --format=%(refname)%00%(upstream:short)%00%(objectname)%00%(upstream:track)%00%(upstream:remotename)%00%(upstream:remoteref) refs/heads/main refs/remotes/main [1ms]
2024-05-30 09:59:19.422 [info] > git status -z -uall [60ms]
2024-05-30 09:59:24.440 [info] > git config --get commit.template [7ms]
2024-05-30 09:59:24.441 [info] > git for-each-ref --format=%(refname)%00%(upstream:short)%00%(objectname)%00%(upstream:track)%00%(upstream:remotename)%00%(upstream:remoteref) refs/heads/main refs/remotes/main [2ms]
2024-05-30 09:59:24.529 [info] > git status -z -uall [81ms]
2024-05-30 09:59:29.545 [info] > git config --get commit.template [6ms]
2024-05-30 09:59:29.545 [info] > git for-each-ref --format=%(refname)%00%(upstream:short)%00%(objectname)%00%(upstream:track)%00%(upstream:remotename)%00%(upstream:remoteref) refs/heads/main refs/remotes/main [1ms]
2024-05-30 09:59:29.608 [info] > git status -z -uall [58ms]
2024-05-30 09:59:34.625 [info] > git config --get commit.template [5ms]
2024-05-30 09:59:34.625 [info] > git for-each-ref --format=%(refname)%00%(upstream:short)%00%(objectname)%00%(upstream:track)%00%(upstream:remotename)%00%(upstream:remoteref) refs/heads/main refs/remotes/main [1ms]
2024-05-30 09:59:34.681 [info] > git status -z -uall [50ms]
2024-05-30 09:59:39.708 [info] > git config --get commit.template [14ms]
2024-05-30 09:59:39.709 [info] > git for-each-ref --format=%(refname)%00%(upstream:short)%00%(objectname)%00%(upstream:track)%00%(upstream:remotename)%00%(upstream:remoteref) refs/heads/main refs/remotes/main [2ms]
2024-05-30 09:59:39.850 [info] > git status -z -uall [127ms]
2024-05-30 09:59:44.866 [info] > git config --get commit.template [6ms]
2024-05-30 09:59:44.867 [info] > git for-each-ref --format=%(refname)%00%(upstream:short)%00%(objectname)%00%(upstream:track)%00%(upstream:remotename)%00%(upstream:remoteref) refs/heads/main refs/remotes/main [1ms]
2024-05-30 09:59:44.925 [info] > git status -z -uall [53ms]
2024-05-30 09:59:49.944 [info] > git config --get commit.template [7ms]
2024-05-30 09:59:49.945 [info] > git for-each-ref --format=%(refname)%00%(upstream:short)%00%(objectname)%00%(upstream:track)%00%(upstream:remotename)%00%(upstream:remoteref) refs/heads/main refs/remotes/main [2ms]
2024-05-30 09:59:50.013 [info] > git status -z -uall [61ms]
2024-05-30 09:59:55.028 [info] > git config --get commit.template [6ms]
2024-05-30 09:59:55.029 [info] > git for-each-ref --format=%(refname)%00%(upstream:short)%00%(objectname)%00%(upstream:track)%00%(upstream:remotename)%00%(upstream:remoteref) refs/heads/main refs/remotes/main [1ms]
2024-05-30 09:59:55.082 [info] > git status -z -uall [48ms]
2024-05-30 10:00:00.095 [info] > git config --get commit.template [2ms]
2024-05-30 10:00:00.104 [info] > git for-each-ref --format=%(refname)%00%(upstream:short)%00%(objectname)%00%(upstream:track)%00%(upstream:remotename)%00%(upstream:remoteref) refs/heads/main refs/remotes/main [2ms]
2024-05-30 10:00:00.187 [info] > git status -z -uall [77ms]
2024-05-30 10:00:05.205 [info] > git config --get commit.template [7ms]
2024-05-30 10:00:05.205 [info] > git for-each-ref --format=%(refname)%00%(upstream:short)%00%(objectname)%00%(upstream:track)%00%(upstream:remotename)%00%(upstream:remoteref) refs/heads/main refs/remotes/main [1ms]
2024-05-30 10:00:05.271 [info] > git status -z -uall [58ms]
2024-05-30 10:00:10.288 [info] > git config --get commit.template [8ms]
2024-05-30 10:00:10.288 [info] > git for-each-ref --format=%(refname)%00%(upstream:short)%00%(objectname)%00%(upstream:track)%00%(upstream:remotename)%00%(upstream:remoteref) refs/heads/main refs/remotes/main [2ms]
2024-05-30 10:00:10.365 [info] > git status -z -uall [70ms]
2024-05-30 10:00:15.382 [info] > git config --get commit.template [8ms]
2024-05-30 10:00:15.382 [info] > git for-each-ref --format=%(refname)%00%(upstream:short)%00%(objectname)%00%(upstream:track)%00%(upstream:remotename)%00%(upstream:remoteref) refs/heads/main refs/remotes/main [1ms]
2024-05-30 10:00:15.447 [info] > git status -z -uall [59ms]
2024-05-30 10:00:20.472 [info] > git config --get commit.template [12ms]
2024-05-30 10:00:20.473 [info] > git for-each-ref --format=%(refname)%00%(upstream:short)%00%(objectname)%00%(upstream:track)%00%(upstream:remotename)%00%(upstream:remoteref) refs/heads/main refs/remotes/main [2ms]
2024-05-30 10:00:20.561 [info] > git status -z -uall [78ms]
2024-05-30 10:00:25.575 [info] > git config --get commit.template [5ms]
2024-05-30 10:00:25.576 [info] > git for-each-ref --format=%(refname)%00%(upstream:short)%00%(objectname)%00%(upstream:track)%00%(upstream:remotename)%00%(upstream:remoteref) refs/heads/main refs/remotes/main [1ms]
2024-05-30 10:00:25.631 [info] > git status -z -uall [50ms]
2024-05-30 10:00:30.645 [info] > git config --get commit.template [6ms]
2024-05-30 10:00:30.646 [info] > git for-each-ref --format=%(refname)%00%(upstream:short)%00%(objectname)%00%(upstream:track)%00%(upstream:remotename)%00%(upstream:remoteref) refs/heads/main refs/remotes/main [1ms]
2024-05-30 10:00:30.701 [info] > git status -z -uall [50ms]
2024-05-30 10:00:35.720 [info] > git config --get commit.template [9ms]
2024-05-30 10:00:35.720 [info] > git for-each-ref --format=%(refname)%00%(upstream:short)%00%(objectname)%00%(upstream:track)%00%(upstream:remotename)%00%(upstream:remoteref) refs/heads/main refs/remotes/main [1ms]
2024-05-30 10:00:35.797 [info] > git status -z -uall [69ms]
2024-05-30 10:00:40.817 [info] > git config --get commit.template [9ms]
2024-05-30 10:00:40.818 [info] > git for-each-ref --format=%(refname)%00%(upstream:short)%00%(objectname)%00%(upstream:track)%00%(upstream:remotename)%00%(upstream:remoteref) refs/heads/main refs/remotes/main [2ms]
2024-05-30 10:00:40.899 [info] > git status -z -uall [73ms]
2024-05-30 10:00:45.911 [info] > git config --get commit.template [2ms]
2024-05-30 10:00:45.920 [info] > git for-each-ref --format=%(refname)%00%(upstream:short)%00%(objectname)%00%(upstream:track)%00%(upstream:remotename)%00%(upstream:remoteref) refs/heads/main refs/remotes/main [1ms]
2024-05-30 10:00:46.001 [info] > git status -z -uall [74ms]
2024-05-30 10:00:51.019 [info] > git config --get commit.template [7ms]
2024-05-30 10:00:51.019 [info] > git for-each-ref --format=%(refname)%00%(upstream:short)%00%(objectname)%00%(upstream:track)%00%(upstream:remotename)%00%(upstream:remoteref) refs/heads/main refs/remotes/main [1ms]
2024-05-30 10:00:51.086 [info] > git status -z -uall [61ms]
2024-05-30 10:00:56.102 [info] > git config --get commit.template [1ms]
2024-05-30 10:00:56.113 [info] > git for-each-ref --format=%(refname)%00%(upstream:short)%00%(objectname)%00%(upstream:track)%00%(upstream:remotename)%00%(upstream:remoteref) refs/heads/main refs/remotes/main [1ms]
2024-05-30 10:00:56.192 [info] > git status -z -uall [71ms]
2024-05-30 10:01:01.207 [info] > git config --get commit.template [6ms]
2024-05-30 10:01:01.207 [info] > git for-each-ref --format=%(refname)%00%(upstream:short)%00%(objectname)%00%(upstream:track)%00%(upstream:remotename)%00%(upstream:remoteref) refs/heads/main refs/remotes/main [1ms]
2024-05-30 10:01:01.265 [info] > git status -z -uall [53ms]
2024-05-30 10:01:06.289 [info] > git config --get commit.template [11ms]
2024-05-30 10:01:06.290 [info] > git for-each-ref --format=%(refname)%00%(upstream:short)%00%(objectname)%00%(upstream:track)%00%(upstream:remotename)%00%(upstream:remoteref) refs/heads/main refs/remotes/main [2ms]
2024-05-30 10:01:06.384 [info] > git status -z -uall [85ms]
2024-05-30 10:01:11.397 [info] > git config --get commit.template [1ms]
2024-05-30 10:01:11.404 [info] > git for-each-ref --format=%(refname)%00%(upstream:short)%00%(objectname)%00%(upstream:track)%00%(upstream:remotename)%00%(upstream:remoteref) refs/heads/main refs/remotes/main [1ms]
2024-05-30 10:01:11.462 [info] > git status -z -uall [52ms]
2024-05-30 10:01:16.486 [info] > git config --get commit.template [10ms]
2024-05-30 10:01:16.486 [info] > git for-each-ref --format=%(refname)%00%(upstream:short)%00%(objectname)%00%(upstream:track)%00%(upstream:remotename)%00%(upstream:remoteref) refs/heads/main refs/remotes/main [2ms]
2024-05-30 10:01:16.594 [info] > git status -z -uall [98ms]
2024-05-30 10:01:21.613 [info] > git config --get commit.template [7ms]
2024-05-30 10:01:21.614 [info] > git for-each-ref --format=%(refname)%00%(upstream:short)%00%(objectname)%00%(upstream:track)%00%(upstream:remotename)%00%(upstream:remoteref) refs/heads/main refs/remotes/main [1ms]
2024-05-30 10:01:21.680 [info] > git status -z -uall [60ms]
2024-05-30 10:01:26.705 [info] > git config --get commit.template [10ms]
2024-05-30 10:01:26.706 [info] > git for-each-ref --format=%(refname)%00%(upstream:short)%00%(objectname)%00%(upstream:track)%00%(upstream:remotename)%00%(upstream:remoteref) refs/heads/main refs/remotes/main [2ms]
2024-05-30 10:01:26.787 [info] > git status -z -uall [73ms]
2024-05-30 10:01:31.803 [info] > git config --get commit.template [5ms]
2024-05-30 10:01:31.803 [info] > git for-each-ref --format=%(refname)%00%(upstream:short)%00%(objectname)%00%(upstream:track)%00%(upstream:remotename)%00%(upstream:remoteref) refs/heads/main refs/remotes/main [1ms]
2024-05-30 10:01:31.861 [info] > git status -z -uall [51ms]
2024-05-30 10:01:36.881 [info] > git config --get commit.template [9ms]
2024-05-30 10:01:36.882 [info] > git for-each-ref --format=%(refname)%00%(upstream:short)%00%(objectname)%00%(upstream:track)%00%(upstream:remotename)%00%(upstream:remoteref) refs/heads/main refs/remotes/main [2ms]
2024-05-30 10:01:36.994 [info] > git status -z -uall [104ms]
2024-05-30 10:01:42.015 [info] > git config --get commit.template [7ms]
2024-05-30 10:01:42.016 [info] > git for-each-ref --format=%(refname)%00%(upstream:short)%00%(objectname)%00%(upstream:track)%00%(upstream:remotename)%00%(upstream:remoteref) refs/heads/main refs/remotes/main [2ms]
2024-05-30 10:01:42.082 [info] > git status -z -uall [60ms]
2024-05-30 10:01:47.104 [info] > git config --get commit.template [10ms]
2024-05-30 10:01:47.105 [info] > git for-each-ref --format=%(refname)%00%(upstream:short)%00%(objectname)%00%(upstream:track)%00%(upstream:remotename)%00%(upstream:remoteref) refs/heads/main refs/remotes/main [2ms]
2024-05-30 10:01:47.194 [info] > git status -z -uall [80ms]
2024-05-30 10:01:52.205 [info] > git config --get commit.template [1ms]
2024-05-30 10:01:52.211 [info] > git for-each-ref --format=%(refname)%00%(upstream:short)%00%(objectname)%00%(upstream:track)%00%(upstream:remotename)%00%(upstream:remoteref) refs/heads/main refs/remotes/main [2ms]
2024-05-30 10:01:52.264 [info] > git status -z -uall [48ms]
2024-05-30 10:01:57.291 [info] > git config --get commit.template [14ms]
2024-05-30 10:01:57.291 [info] > git for-each-ref --format=%(refname)%00%(upstream:short)%00%(objectname)%00%(upstream:track)%00%(upstream:remotename)%00%(upstream:remoteref) refs/heads/main refs/remotes/main [2ms]
2024-05-30 10:01:57.378 [info] > git status -z -uall [78ms]
2024-05-30 10:02:02.393 [info] > git config --get commit.template [6ms]
2024-05-30 10:02:02.394 [info] > git for-each-ref --format=%(refname)%00%(upstream:short)%00%(objectname)%00%(upstream:track)%00%(upstream:remotename)%00%(upstream:remoteref) refs/heads/main refs/remotes/main [1ms]
2024-05-30 10:02:02.466 [info] > git status -z -uall [67ms]
2024-05-30 10:02:07.485 [info] > git config --get commit.template [8ms]
2024-05-30 10:02:07.485 [info] > git for-each-ref --format=%(refname)%00%(upstream:short)%00%(objectname)%00%(upstream:track)%00%(upstream:remotename)%00%(upstream:remoteref) refs/heads/main refs/remotes/main [2ms]
2024-05-30 10:02:07.569 [info] > git status -z -uall [78ms]
2024-05-30 10:02:13.279 [info] > git config --get commit.template [1ms]
2024-05-30 10:02:13.284 [info] > git for-each-ref --format=%(refname)%00%(upstream:short)%00%(objectname)%00%(upstream:track)%00%(upstream:remotename)%00%(upstream:remoteref) refs/heads/main refs/remotes/main [1ms]
2024-05-30 10:02:13.337 [info] > git status -z -uall [47ms]
2024-05-30 10:02:18.348 [info] > git config --get commit.template [2ms]
2024-05-30 10:02:18.353 [info] > git for-each-ref --format=%(refname)%00%(upstream:short)%00%(objectname)%00%(upstream:track)%00%(upstream:remotename)%00%(upstream:remoteref) refs/heads/main refs/remotes/main [1ms]
2024-05-30 10:02:18.415 [info] > git status -z -uall [57ms]
2024-05-30 10:02:23.431 [info] > git config --get commit.template [6ms]
2024-05-30 10:02:23.432 [info] > git for-each-ref --format=%(refname)%00%(upstream:short)%00%(objectname)%00%(upstream:track)%00%(upstream:remotename)%00%(upstream:remoteref) refs/heads/main refs/remotes/main [1ms]
2024-05-30 10:02:23.501 [info] > git status -z -uall [62ms]
2024-05-30 10:02:28.516 [info] > git config --get commit.template [5ms]
2024-05-30 10:02:28.517 [info] > git for-each-ref --format=%(refname)%00%(upstream:short)%00%(objectname)%00%(upstream:track)%00%(upstream:remotename)%00%(upstream:remoteref) refs/heads/main refs/remotes/main [0ms]
2024-05-30 10:02:28.574 [info] > git status -z -uall [52ms]
2024-05-30 10:02:33.587 [info] > git config --get commit.template [2ms]
2024-05-30 10:02:33.597 [info] > git for-each-ref --format=%(refname)%00%(upstream:short)%00%(objectname)%00%(upstream:track)%00%(upstream:remotename)%00%(upstream:remoteref) refs/heads/main refs/remotes/main [2ms]
2024-05-30 10:02:33.676 [info] > git status -z -uall [72ms]
2024-05-30 10:02:38.688 [info] > git config --get commit.template [1ms]
2024-05-30 10:02:38.694 [info] > git for-each-ref --format=%(refname)%00%(upstream:short)%00%(objectname)%00%(upstream:track)%00%(upstream:remotename)%00%(upstream:remoteref) refs/heads/main refs/remotes/main [2ms]
2024-05-30 10:02:38.754 [info] > git status -z -uall [53ms]
2024-05-30 10:02:43.782 [info] > git config --get commit.template [15ms]
2024-05-30 10:02:43.783 [info] > git for-each-ref --format=%(refname)%00%(upstream:short)%00%(objectname)%00%(upstream:track)%00%(upstream:remotename)%00%(upstream:remoteref) refs/heads/main refs/remotes/main [1ms]
2024-05-30 10:02:43.858 [info] > git status -z -uall [67ms]
2024-05-30 10:02:48.877 [info] > git config --get commit.template [6ms]
2024-05-30 10:02:48.878 [info] > git for-each-ref --format=%(refname)%00%(upstream:short)%00%(objectname)%00%(upstream:track)%00%(upstream:remotename)%00%(upstream:remoteref) refs/heads/main refs/remotes/main [1ms]
2024-05-30 10:02:48.936 [info] > git status -z -uall [53ms]
2024-05-30 10:02:53.952 [info] > git config --get commit.template [7ms]
2024-05-30 10:02:53.952 [info] > git for-each-ref --format=%(refname)%00%(upstream:short)%00%(objectname)%00%(upstream:track)%00%(upstream:remotename)%00%(upstream:remoteref) refs/heads/main refs/remotes/main [1ms]
2024-05-30 10:02:54.013 [info] > git status -z -uall [55ms]
2024-05-30 10:02:59.036 [info] > git config --get commit.template [9ms]
2024-05-30 10:02:59.036 [info] > git for-each-ref --format=%(refname)%00%(upstream:short)%00%(objectname)%00%(upstream:track)%00%(upstream:remotename)%00%(upstream:remoteref) refs/heads/main refs/remotes/main [2ms]
2024-05-30 10:02:59.129 [info] > git status -z -uall [84ms]
2024-05-30 10:03:04.143 [info] > git config --get commit.template [1ms]
2024-05-30 10:03:04.149 [info] > git for-each-ref --format=%(refname)%00%(upstream:short)%00%(objectname)%00%(upstream:track)%00%(upstream:remotename)%00%(upstream:remoteref) refs/heads/main refs/remotes/main [1ms]
2024-05-30 10:03:04.198 [info] > git status -z -uall [44ms]
2024-05-30 10:03:09.217 [info] > git config --get commit.template [8ms]
2024-05-30 10:03:09.217 [info] > git for-each-ref --format=%(refname)%00%(upstream:short)%00%(objectname)%00%(upstream:track)%00%(upstream:remotename)%00%(upstream:remoteref) refs/heads/main refs/remotes/main [1ms]
2024-05-30 10:03:09.299 [info] > git status -z -uall [75ms]
2024-05-30 10:03:14.311 [info] > git config --get commit.template [2ms]
2024-05-30 10:03:14.317 [info] > git for-each-ref --format=%(refname)%00%(upstream:short)%00%(objectname)%00%(upstream:track)%00%(upstream:remotename)%00%(upstream:remoteref) refs/heads/main refs/remotes/main [1ms]
2024-05-30 10:03:14.377 [info] > git status -z -uall [54ms]
2024-05-30 10:04:01.590 [info] > git config --get commit.template [4ms]
2024-05-30 10:04:01.601 [info] > git for-each-ref --format=%(refname)%00%(upstream:short)%00%(objectname)%00%(upstream:track)%00%(upstream:remotename)%00%(upstream:remoteref) refs/heads/main refs/remotes/main [2ms]
2024-05-30 10:04:01.693 [info] > git status -z -uall [83ms]
2024-05-30 10:04:06.703 [info] > git config --get commit.template [1ms]
2024-05-30 10:04:06.709 [info] > git for-each-ref --format=%(refname)%00%(upstream:short)%00%(objectname)%00%(upstream:track)%00%(upstream:remotename)%00%(upstream:remoteref) refs/heads/main refs/remotes/main [1ms]
2024-05-30 10:04:06.765 [info] > git status -z -uall [50ms]
2024-05-30 10:04:11.777 [info] > git config --get commit.template [2ms]
2024-05-30 10:04:11.788 [info] > git for-each-ref --format=%(refname)%00%(upstream:short)%00%(objectname)%00%(upstream:track)%00%(upstream:remotename)%00%(upstream:remoteref) refs/heads/main refs/remotes/main [3ms]
2024-05-30 10:04:11.865 [info] > git status -z -uall [69ms]
2024-05-30 10:04:16.881 [info] > git config --get commit.template [6ms]
2024-05-30 10:04:16.882 [info] > git for-each-ref --format=%(refname)%00%(upstream:short)%00%(objectname)%00%(upstream:track)%00%(upstream:remotename)%00%(upstream:remoteref) refs/heads/main refs/remotes/main [1ms]
2024-05-30 10:04:16.953 [info] > git status -z -uall [66ms]
2024-05-30 10:04:21.980 [info] > git config --get commit.template [11ms]
2024-05-30 10:04:21.981 [info] > git for-each-ref --format=%(refname)%00%(upstream:short)%00%(objectname)%00%(upstream:track)%00%(upstream:remotename)%00%(upstream:remoteref) refs/heads/main refs/remotes/main [2ms]
2024-05-30 10:04:22.063 [info] > git status -z -uall [75ms]
2024-05-30 10:04:27.074 [info] > git config --get commit.template [1ms]
2024-05-30 10:04:27.080 [info] > git for-each-ref --format=%(refname)%00%(upstream:short)%00%(objectname)%00%(upstream:track)%00%(upstream:remotename)%00%(upstream:remoteref) refs/heads/main refs/remotes/main [1ms]
2024-05-30 10:04:27.139 [info] > git status -z -uall [54ms]
2024-05-30 10:04:32.359 [info] > git config --get commit.template [6ms]
2024-05-30 10:04:32.359 [info] > git for-each-ref --format=%(refname)%00%(upstream:short)%00%(objectname)%00%(upstream:track)%00%(upstream:remotename)%00%(upstream:remoteref) refs/heads/main refs/remotes/main [1ms]
2024-05-30 10:04:32.416 [info] > git status -z -uall [51ms]
2024-05-30 10:04:37.432 [info] > git config --get commit.template [6ms]
2024-05-30 10:04:37.432 [info] > git for-each-ref --format=%(refname)%00%(upstream:short)%00%(objectname)%00%(upstream:track)%00%(upstream:remotename)%00%(upstream:remoteref) refs/heads/main refs/remotes/main [1ms]
2024-05-30 10:04:37.498 [info] > git status -z -uall [59ms]
2024-05-30 10:04:42.516 [info] > git config --get commit.template [6ms]
2024-05-30 10:04:42.517 [info] > git for-each-ref --format=%(refname)%00%(upstream:short)%00%(objectname)%00%(upstream:track)%00%(upstream:remotename)%00%(upstream:remoteref) refs/heads/main refs/remotes/main [1ms]
2024-05-30 10:04:42.571 [info] > git status -z -uall [48ms]
2024-05-30 10:04:47.582 [info] > git config --get commit.template [1ms]
2024-05-30 10:04:47.590 [info] > git for-each-ref --format=%(refname)%00%(upstream:short)%00%(objectname)%00%(upstream:track)%00%(upstream:remotename)%00%(upstream:remoteref) refs/heads/main refs/remotes/main [2ms]
2024-05-30 10:04:47.674 [info] > git status -z -uall [78ms]
2024-05-30 10:04:52.690 [info] > git config --get commit.template [6ms]
2024-05-30 10:04:52.690 [info] > git for-each-ref --format=%(refname)%00%(upstream:short)%00%(objectname)%00%(upstream:track)%00%(upstream:remotename)%00%(upstream:remoteref) refs/heads/main refs/remotes/main [1ms]
2024-05-30 10:04:52.749 [info] > git status -z -uall [53ms]
2024-05-30 10:04:57.762 [info] > git config --get commit.template [2ms]
2024-05-30 10:04:57.772 [info] > git for-each-ref --format=%(refname)%00%(upstream:short)%00%(objectname)%00%(upstream:track)%00%(upstream:remotename)%00%(upstream:remoteref) refs/heads/main refs/remotes/main [1ms]
2024-05-30 10:04:57.887 [info] > git status -z -uall [108ms]
2024-05-30 10:04:58.684 [info] > git check-ignore -v -z --stdin [19ms]
2024-05-30 10:05:02.902 [info] > git config --get commit.template [5ms]
2024-05-30 10:05:02.903 [info] > git for-each-ref --format=%(refname)%00%(upstream:short)%00%(objectname)%00%(upstream:track)%00%(upstream:remotename)%00%(upstream:remoteref) refs/heads/main refs/remotes/main [1ms]
2024-05-30 10:05:02.954 [info] > git status -z -uall [46ms]
2024-05-30 10:05:07.970 [info] > git config --get commit.template [7ms]
2024-05-30 10:05:07.971 [info] > git for-each-ref --format=%(refname)%00%(upstream:short)%00%(objectname)%00%(upstream:track)%00%(upstream:remotename)%00%(upstream:remoteref) refs/heads/main refs/remotes/main [1ms]
2024-05-30 10:05:08.052 [info] > git status -z -uall [73ms]
2024-05-30 10:05:09.082 [info] > git check-ignore -v -z --stdin [5ms]
2024-05-30 10:05:11.143 [info] > git show --textconv :mysql_setup/mysql_setup.yml [11ms]
2024-05-30 10:05:11.146 [info] > git ls-files --stage -- /home/ndao/mysql_setup/mysql_setup.yml [7ms]
2024-05-30 10:05:11.159 [info] > git cat-file -s a4d92c4f43b3ba339f5a70b63363dbf073a5e36b [2ms]
2024-05-30 10:05:13.068 [info] > git config --get commit.template [5ms]
2024-05-30 10:05:13.068 [info] > git for-each-ref --format=%(refname)%00%(upstream:short)%00%(objectname)%00%(upstream:track)%00%(upstream:remotename)%00%(upstream:remoteref) refs/heads/main refs/remotes/main [1ms]
2024-05-30 10:05:13.131 [info] > git status -z -uall [57ms]
2024-05-30 10:05:18.153 [info] > git config --get commit.template [9ms]
2024-05-30 10:05:18.154 [info] > git for-each-ref --format=%(refname)%00%(upstream:short)%00%(objectname)%00%(upstream:track)%00%(upstream:remotename)%00%(upstream:remoteref) refs/heads/main refs/remotes/main [2ms]
2024-05-30 10:05:18.222 [info] > git status -z -uall [61ms]
2024-05-30 10:05:18.581 [info] > git show --textconv :GenPush.yml [9ms]
2024-05-30 10:05:18.587 [info] > git ls-files --stage -- /home/ndao/GenPush.yml [7ms]
2024-05-30 10:05:18.596 [info] > git cat-file -s 91b0e10acfd52d3c0cd8470f3241660b58a6bfc6 [1ms]
2024-05-30 10:05:23.246 [info] > git config --get commit.template [11ms]
2024-05-30 10:05:23.247 [info] > git for-each-ref --format=%(refname)%00%(upstream:short)%00%(objectname)%00%(upstream:track)%00%(upstream:remotename)%00%(upstream:remoteref) refs/heads/main refs/remotes/main [1ms]
2024-05-30 10:05:23.312 [info] > git status -z -uall [57ms]
2024-05-30 10:05:28.384 [info] > git config --get commit.template [6ms]
2024-05-30 10:05:28.385 [info] > git for-each-ref --format=%(refname)%00%(upstream:short)%00%(objectname)%00%(upstream:track)%00%(upstream:remotename)%00%(upstream:remoteref) refs/heads/main refs/remotes/main [1ms]
2024-05-30 10:05:28.458 [info] > git status -z -uall [66ms]
2024-05-30 10:05:33.475 [info] > git config --get commit.template [7ms]
2024-05-30 10:05:33.476 [info] > git for-each-ref --format=%(refname)%00%(upstream:short)%00%(objectname)%00%(upstream:track)%00%(upstream:remotename)%00%(upstream:remoteref) refs/heads/main refs/remotes/main [1ms]
2024-05-30 10:05:33.544 [info] > git status -z -uall [62ms]
2024-05-30 10:05:57.250 [info] > git config --get commit.template [8ms]
2024-05-30 10:05:57.250 [info] > git for-each-ref --format=%(refname)%00%(upstream:short)%00%(objectname)%00%(upstream:track)%00%(upstream:remotename)%00%(upstream:remoteref) refs/heads/main refs/remotes/main [1ms]
2024-05-30 10:05:57.347 [info] > git status -z -uall [88ms]
2024-05-30 10:06:02.361 [info] > git config --get commit.template [1ms]
2024-05-30 10:06:02.368 [info] > git for-each-ref --format=%(refname)%00%(upstream:short)%00%(objectname)%00%(upstream:track)%00%(upstream:remotename)%00%(upstream:remoteref) refs/heads/main refs/remotes/main [1ms]
2024-05-30 10:06:02.448 [info] > git status -z -uall [73ms]
2024-05-30 10:07:50.931 [info] > git for-each-ref --format=%(refname)%00%(upstream:short)%00%(objectname)%00%(upstream:track)%00%(upstream:remotename)%00%(upstream:remoteref) refs/heads/main refs/remotes/main [3ms]
2024-05-30 10:07:50.931 [info] > git config --get commit.template [12ms]
2024-05-30 10:07:51.011 [info] > git status -z -uall [73ms]
2024-05-30 10:08:07.086 [info] > git for-each-ref --format=%(refname)%00%(upstream:short)%00%(objectname)%00%(upstream:track)%00%(upstream:remotename)%00%(upstream:remoteref) refs/heads/main refs/remotes/main [3ms]
2024-05-30 10:08:07.087 [info] > git config --get commit.template [13ms]
2024-05-30 10:08:07.168 [info] > git status -z -uall [75ms]
2024-05-30 10:08:12.186 [info] > git config --get commit.template [7ms]
2024-05-30 10:08:12.187 [info] > git for-each-ref --format=%(refname)%00%(upstream:short)%00%(objectname)%00%(upstream:track)%00%(upstream:remotename)%00%(upstream:remoteref) refs/heads/main refs/remotes/main [1ms]
2024-05-30 10:08:12.271 [info] > git status -z -uall [77ms]
2024-05-30 10:08:13.140 [info] > git show --textconv :credentials.yaml [11ms]
2024-05-30 10:08:13.149 [info] > git ls-files --stage -- /home/ndao/credentials.yaml [10ms]
2024-05-30 10:08:17.284 [info] > git config --get commit.template [1ms]
2024-05-30 10:08:17.290 [info] > git for-each-ref --format=%(refname)%00%(upstream:short)%00%(objectname)%00%(upstream:track)%00%(upstream:remotename)%00%(upstream:remoteref) refs/heads/main refs/remotes/main [1ms]
2024-05-30 10:08:17.343 [info] > git status -z -uall [48ms]
2024-05-30 10:08:22.359 [info] > git config --get commit.template [6ms]
2024-05-30 10:08:22.359 [info] > git for-each-ref --format=%(refname)%00%(upstream:short)%00%(objectname)%00%(upstream:track)%00%(upstream:remotename)%00%(upstream:remoteref) refs/heads/main refs/remotes/main [1ms]
2024-05-30 10:08:22.432 [info] > git status -z -uall [67ms]
2024-05-30 10:08:27.441 [info] > git config --get commit.template [1ms]
2024-05-30 10:08:27.448 [info] > git for-each-ref --format=%(refname)%00%(upstream:short)%00%(objectname)%00%(upstream:track)%00%(upstream:remotename)%00%(upstream:remoteref) refs/heads/main refs/remotes/main [1ms]
2024-05-30 10:08:27.508 [info] > git status -z -uall [55ms]
2024-05-30 10:08:41.677 [info] > git config --get commit.template [2ms]
2024-05-30 10:08:41.691 [info] > git for-each-ref --format=%(refname)%00%(upstream:short)%00%(objectname)%00%(upstream:track)%00%(upstream:remotename)%00%(upstream:remoteref) refs/heads/main refs/remotes/main [2ms]
2024-05-30 10:08:41.777 [info] > git status -z -uall [77ms]
2024-05-30 10:08:46.791 [info] > git config --get commit.template [6ms]
2024-05-30 10:08:46.792 [info] > git for-each-ref --format=%(refname)%00%(upstream:short)%00%(objectname)%00%(upstream:track)%00%(upstream:remotename)%00%(upstream:remoteref) refs/heads/main refs/remotes/main [0ms]
2024-05-30 10:08:46.852 [info] > git status -z -uall [55ms]
2024-05-30 10:11:07.726 [info] > git config --get commit.template [1ms]
2024-05-30 10:11:07.733 [info] > git for-each-ref --format=%(refname)%00%(upstream:short)%00%(objectname)%00%(upstream:track)%00%(upstream:remotename)%00%(upstream:remoteref) refs/heads/main refs/remotes/main [1ms]
2024-05-30 10:11:07.806 [info] > git status -z -uall [63ms]
2024-05-30 10:11:12.816 [info] > git config --get commit.template [1ms]
2024-05-30 10:11:12.822 [info] > git for-each-ref --format=%(refname)%00%(upstream:short)%00%(objectname)%00%(upstream:track)%00%(upstream:remotename)%00%(upstream:remoteref) refs/heads/main refs/remotes/main [1ms]
2024-05-30 10:11:12.879 [info] > git status -z -uall [51ms]
2024-05-30 10:13:40.501 [info] > git config --get commit.template [2ms]
2024-05-30 10:13:40.515 [info] > git for-each-ref --format=%(refname)%00%(upstream:short)%00%(objectname)%00%(upstream:track)%00%(upstream:remotename)%00%(upstream:remoteref) refs/heads/main refs/remotes/main [2ms]
2024-05-30 10:13:40.571 [info] > git ls-files --stage -- /home/ndao/credentials.yaml [9ms]
2024-05-30 10:13:40.590 [info] > git show --textconv :credentials.yaml [5ms]
2024-05-30 10:13:40.606 [info] > git status -z -uall [84ms]
2024-05-30 10:13:40.630 [info] > git merge-base refs/heads/main refs/remotes/origin/main [16ms]
2024-05-30 10:13:40.641 [info] > git rev-list --count --left-right refs/heads/main...refs/remotes/origin/main [2ms]
2024-05-30 10:13:40.655 [info] > git diff --name-status -z --diff-filter=ADMR 157c0017b39c73dc8ee49eb8841349e5e3a8c846...refs/remotes/origin/main [3ms]
2024-05-30 10:13:45.638 [info] > git config --get commit.template [1ms]
2024-05-30 10:13:45.643 [info] > git for-each-ref --format=%(refname)%00%(upstream:short)%00%(objectname)%00%(upstream:track)%00%(upstream:remotename)%00%(upstream:remoteref) refs/heads/main refs/remotes/main [0ms]
2024-05-30 10:13:45.702 [info] > git status -z -uall [53ms]
2024-05-30 10:13:50.717 [info] > git config --get commit.template [6ms]
2024-05-30 10:13:50.717 [info] > git for-each-ref --format=%(refname)%00%(upstream:short)%00%(objectname)%00%(upstream:track)%00%(upstream:remotename)%00%(upstream:remoteref) refs/heads/main refs/remotes/main [1ms]
2024-05-30 10:13:50.802 [info] > git status -z -uall [80ms]
2024-05-30 10:13:58.876 [info] > git config --get commit.template [11ms]
2024-05-30 10:13:58.878 [info] > git for-each-ref --format=%(refname)%00%(upstream:short)%00%(objectname)%00%(upstream:track)%00%(upstream:remotename)%00%(upstream:remoteref) refs/heads/main refs/remotes/main [3ms]
2024-05-30 10:13:58.947 [info] > git status -z -uall [63ms]
2024-05-30 10:23:05.980 [info] > git config --get commit.template [13ms]
2024-05-30 10:23:05.981 [info] > git for-each-ref --format=%(refname)%00%(upstream:short)%00%(objectname)%00%(upstream:track)%00%(upstream:remotename)%00%(upstream:remoteref) refs/heads/main refs/remotes/main [2ms]
2024-05-30 10:23:06.052 [info] > git status -z -uall [62ms]
2024-05-30 10:23:07.692 [info] > git show --textconv :GenPush.yml [9ms]
2024-05-30 10:23:07.697 [info] > git ls-files --stage -- /home/ndao/GenPush.yml [6ms]
2024-05-30 10:23:07.704 [info] > git cat-file -s 91b0e10acfd52d3c0cd8470f3241660b58a6bfc6 [2ms]
2024-05-30 10:23:11.066 [info] > git config --get commit.template [5ms]
2024-05-30 10:23:11.067 [info] > git for-each-ref --format=%(refname)%00%(upstream:short)%00%(objectname)%00%(upstream:track)%00%(upstream:remotename)%00%(upstream:remoteref) refs/heads/main refs/remotes/main [2ms]
2024-05-30 10:23:11.142 [info] > git status -z -uall [70ms]
2024-05-30 10:23:16.153 [info] > git config --get commit.template [1ms]
2024-05-30 10:23:16.159 [info] > git for-each-ref --format=%(refname)%00%(upstream:short)%00%(objectname)%00%(upstream:track)%00%(upstream:remotename)%00%(upstream:remoteref) refs/heads/main refs/remotes/main [1ms]
2024-05-30 10:23:16.220 [info] > git status -z -uall [56ms]
2024-05-30 10:23:21.231 [info] > git config --get commit.template [0ms]
2024-05-30 10:23:21.236 [info] > git for-each-ref --format=%(refname)%00%(upstream:short)%00%(objectname)%00%(upstream:track)%00%(upstream:remotename)%00%(upstream:remoteref) refs/heads/main refs/remotes/main [1ms]
2024-05-30 10:23:21.294 [info] > git status -z -uall [52ms]
2024-05-30 10:26:49.801 [info] > git config --get commit.template [10ms]
2024-05-30 10:26:49.802 [info] > git for-each-ref --format=%(refname)%00%(upstream:short)%00%(objectname)%00%(upstream:track)%00%(upstream:remotename)%00%(upstream:remoteref) refs/heads/main refs/remotes/main [3ms]
2024-05-30 10:26:49.872 [info] > git status -z -uall [60ms]
2024-05-30 10:30:34.553 [info] > git config --get commit.template [13ms]
2024-05-30 10:30:34.554 [info] > git for-each-ref --format=%(refname)%00%(upstream:short)%00%(objectname)%00%(upstream:track)%00%(upstream:remotename)%00%(upstream:remoteref) refs/heads/main refs/remotes/main [2ms]
2024-05-30 10:30:34.629 [info] > git status -z -uall [67ms]
2024-05-30 10:30:56.221 [info] > git config --get commit.template [17ms]
2024-05-30 10:30:56.222 [info] > git for-each-ref --format=%(refname)%00%(upstream:short)%00%(objectname)%00%(upstream:track)%00%(upstream:remotename)%00%(upstream:remoteref) refs/heads/main refs/remotes/main [5ms]
2024-05-30 10:30:56.291 [info] > git ls-files --stage -- /home/ndao/GenPush.yml [10ms]
2024-05-30 10:30:56.301 [info] > git cat-file -s 91b0e10acfd52d3c0cd8470f3241660b58a6bfc6 [2ms]
2024-05-30 10:30:56.323 [info] > git show --textconv :GenPush.yml [5ms]
2024-05-30 10:30:56.338 [info] > git status -z -uall [106ms]
2024-05-30 10:30:56.350 [info] > git merge-base refs/heads/main refs/remotes/origin/main [4ms]
2024-05-30 10:30:56.360 [info] > git rev-list --count --left-right refs/heads/main...refs/remotes/origin/main [3ms]
2024-05-30 10:30:56.368 [info] > git diff --name-status -z --diff-filter=ADMR 3ad97c391330d47a8f9589d497966d63d7dc78b4...refs/remotes/origin/main [2ms]
2024-05-30 10:31:45.362 [info] > git config --get commit.template [7ms]
2024-05-30 10:31:45.362 [info] > git for-each-ref --format=%(refname)%00%(upstream:short)%00%(objectname)%00%(upstream:track)%00%(upstream:remotename)%00%(upstream:remoteref) refs/heads/main refs/remotes/main [2ms]
2024-05-30 10:31:45.428 [info] > git status -z -uall [60ms]
2024-05-30 10:31:50.445 [info] > git config --get commit.template [6ms]
2024-05-30 10:31:50.445 [info] > git for-each-ref --format=%(refname)%00%(upstream:short)%00%(objectname)%00%(upstream:track)%00%(upstream:remotename)%00%(upstream:remoteref) refs/heads/main refs/remotes/main [1ms]
2024-05-30 10:31:50.512 [info] > git status -z -uall [61ms]
