2024-07-16 11:58:21.367 [info] Experiment 'pythonCreateEnvOnPipInstall' is active
2024-07-16 11:58:21.367 [info] Experiment 'pythonRecommendTensorboardExt' is active
2024-07-16 11:58:21.367 [info] Experiment 'pythonTerminalEnvVarActivation' is active
2024-07-16 11:58:21.367 [info] Experiment 'pythonTestAdapter' is active
2024-07-16 11:58:21.367 [error] Reading directory to watch failed [Error: ENOENT: no such file or directory, scandir '/home/ndao/.pixi/envs'
	at Object.readdirSync (node:fs:1517:26)
	at /home/ndao/.vscode-server/extensions/ms-python.python-2024.10.0-linux-x64/out/client/extension.js:2:574598
	at /home/ndao/.vscode-server/extensions/ms-python.python-2024.10.0-linux-x64/out/client/extension.js:2:574789
	at Array.map (<anonymous>)
	at d.initWatchers (/home/ndao/.vscode-server/extensions/ms-python.python-2024.10.0-linux-x64/out/client/extension.js:2:574507)
	at async d.ensureWatchersReady (/home/ndao/.vscode-server/extensions/ms-python.python-2024.10.0-linux-x64/out/client/extension.js:2:536827)] {
  errno: -2,
  code: 'ENOENT',
  syscall: 'scandir',
  path: '/home/ndao/.pixi/envs'
}
2024-07-16 11:58:21.367 [error] Dir "/home/ndao/.pixi/envs" is not watchable (directory does not exist)
2024-07-16 11:58:21.367 [info] Default formatter is set to null for workspace /home/ndao
2024-07-16 11:58:21.367 [info] Python interpreter path: /bin/python3
2024-07-16 11:58:21.531 [info] > pyenv which python
2024-07-16 11:58:21.531 [info] cwd: .
2024-07-16 11:58:22.011 [info] > pixi --version
2024-07-16 11:58:22.012 [error] [Error: spawn pixi ENOENT
	at ChildProcess._handle.onexit (node:internal/child_process:286:19)
	at onErrorNT (node:internal/child_process:484:16)
	at process.processTicksAndRejections (node:internal/process/task_queues:82:21)] {
  errno: -2,
  code: 'ENOENT',
  syscall: 'spawn pixi',
  path: 'pixi',
  spawnargs: [ '--version' ]
}
2024-07-16 11:58:22.012 [warning] could not find a pixi interpreter for the interpreter at /bin/python3
2024-07-16 11:58:23.324 [info] Starting Pylance language server.
