2024-05-23 08:29:14.394 [info] Log level: Info
2024-05-23 08:29:14.394 [info] Validating found git in: "git"
2024-05-23 08:29:14.394 [info] Using git "2.25.1" from "git"
2024-05-23 08:29:14.394 [info] > git rev-parse --show-toplevel [54ms]
2024-05-23 08:29:14.394 [info] > git rev-parse --git-dir --git-common-dir [13ms]
2024-05-23 08:29:14.394 [info] Open repository: /home/ndao
2024-05-23 08:29:14.479 [info] > git rev-parse --show-toplevel [73ms]
2024-05-23 08:29:14.480 [info] > git config --get commit.template [78ms]
2024-05-23 08:29:14.516 [info] > git for-each-ref --format=%(refname)%00%(upstream:short)%00%(objectname)%00%(upstream:track)%00%(upstream:remotename)%00%(upstream:remoteref) refs/heads/main refs/remotes/main [17ms]
2024-05-23 08:29:14.517 [info] > git rev-parse --show-toplevel [25ms]
2024-05-23 08:29:14.595 [info] > git rev-parse --show-toplevel [10ms]
2024-05-23 08:29:14.606 [info] > git rev-parse --show-toplevel [2ms]
2024-05-23 08:29:14.636 [info] > git rev-parse --show-toplevel [2ms]
2024-05-23 08:29:14.646 [info] > git rev-parse --show-toplevel [3ms]
2024-05-23 08:29:14.852 [info] > git status -z -uall [258ms] (cancelled)
2024-05-23 08:29:14.985 [info] > git check-ignore -v -z --stdin [2ms]
2024-05-23 08:29:15.079 [info] > git show --textconv :email.yaml [8ms]
2024-05-23 08:29:15.081 [info] > git ls-files --stage -- /home/ndao/email.yaml [3ms]
2024-05-23 08:29:15.087 [info] > git cat-file -s fe89dbf0d4d18617bc246b47efe55cc8c4d77a3e [1ms]
2024-05-23 08:29:27.574 [info] > git merge-base refs/heads/main refs/remotes/origin/main [1045ms]
2024-05-23 08:29:27.607 [info] > git rev-list --count --left-right refs/heads/main...refs/remotes/origin/main [24ms]
2024-05-23 08:29:27.624 [info] > git config --get commit.template [52ms]
2024-05-23 08:29:27.627 [info] > git diff --name-status -z --diff-filter=ADMR e8479dce021a295c77ae057ba2dfea59e1069d09...refs/remotes/origin/main [5ms]
2024-05-23 08:29:27.644 [info] > git for-each-ref --format=%(refname)%00%(upstream:short)%00%(objectname)%00%(upstream:track)%00%(upstream:remotename)%00%(upstream:remoteref) refs/heads/main refs/remotes/main [3ms]
2024-05-23 08:29:28.885 [info] > git status -z -uall [1228ms] (cancelled)
2024-05-23 08:37:29.816 [info] > git show --textconv :file.yml [26ms]
2024-05-23 08:37:29.825 [info] > git ls-files --stage -- /home/ndao/file.yml [14ms]
2024-05-23 08:37:29.901 [info] > git check-ignore -v -z --stdin [4ms]
2024-05-23 08:40:04.181 [info] > git check-ignore -v -z --stdin [4ms]
2024-05-23 08:46:16.309 [info] > git ls-files --stage -- /home/ndao/file.yml [5ms]
2024-05-23 08:46:16.344 [info] > git show --textconv :file.yml [5ms]
2024-05-23 08:46:24.955 [info] > git check-ignore -v -z --stdin [4ms]
2024-05-23 08:46:25.507 [info] > git ls-files --stage -- /home/ndao/file.yml [5ms]
2024-05-23 08:46:25.532 [info] > git show --textconv :file.yml [2ms]
2024-05-23 08:46:42.278 [info] > git ls-files --stage -- /home/ndao/file.yml [5ms]
2024-05-23 08:46:42.304 [info] > git show --textconv :file.yml [2ms]
2024-05-23 08:47:23.392 [info] > git ls-files --stage -- /home/ndao/file.yml [2ms]
2024-05-23 08:47:23.414 [info] > git show --textconv :file.yml [3ms]
2024-05-23 08:47:35.596 [info] > git ls-files --stage -- /home/ndao/file.yml [4ms]
2024-05-23 08:47:35.635 [info] > git show --textconv :file.yml [4ms]
2024-05-23 08:53:18.432 [info] > git ls-files --stage -- /home/ndao/file.yml [11ms]
2024-05-23 08:53:18.472 [info] > git show --textconv :file.yml [5ms]
2024-05-23 09:05:40.311 [info] > git show --textconv :GenPush.yml [9ms]
2024-05-23 09:05:40.312 [info] > git ls-files --stage -- /home/ndao/GenPush.yml [2ms]
2024-05-23 09:05:40.661 [info] > git check-ignore -v -z --stdin [1ms]
2024-05-23 09:11:53.065 [info] > git show --textconv :email.yaml [14ms]
2024-05-23 09:11:53.070 [info] > git ls-files --stage -- /home/ndao/email.yaml [6ms]
2024-05-23 09:11:53.084 [info] > git cat-file -s fe89dbf0d4d18617bc246b47efe55cc8c4d77a3e [2ms]
2024-05-23 09:11:55.091 [info] > git show --textconv :GenPush.yml [16ms]
2024-05-23 09:11:55.093 [info] > git ls-files --stage -- /home/ndao/GenPush.yml [7ms]
2024-05-23 09:11:56.990 [info] > git show --textconv :file.yml [27ms]
2024-05-23 09:11:56.994 [info] > git ls-files --stage -- /home/ndao/file.yml [8ms]
2024-05-23 09:11:58.400 [info] > git show --textconv :GenPush.yml [25ms]
2024-05-23 09:11:58.404 [info] > git ls-files --stage -- /home/ndao/GenPush.yml [5ms]
2024-05-23 09:12:09.795 [info] > git show --textconv :file.yml [27ms]
2024-05-23 09:12:09.799 [info] > git ls-files --stage -- /home/ndao/file.yml [11ms]
2024-05-23 09:12:12.490 [info] > git show --textconv :GenPush.yml [24ms]
2024-05-23 09:12:12.497 [info] > git ls-files --stage -- /home/ndao/GenPush.yml [12ms]
2024-05-23 09:12:15.796 [info] > git show --textconv :file.yml [26ms]
2024-05-23 09:12:15.799 [info] > git ls-files --stage -- /home/ndao/file.yml [5ms]
2024-05-23 09:12:24.008 [info] > git show --textconv :GenPush.yml [32ms]
2024-05-23 09:12:24.014 [info] > git ls-files --stage -- /home/ndao/GenPush.yml [9ms]
2024-05-23 09:13:24.632 [info] > git show --textconv :file.yml [24ms]
2024-05-23 09:13:24.635 [info] > git ls-files --stage -- /home/ndao/file.yml [6ms]
2024-05-23 09:13:26.847 [info] > git show --textconv :GenPush.yml [25ms]
2024-05-23 09:13:26.854 [info] > git ls-files --stage -- /home/ndao/GenPush.yml [10ms]
2024-05-23 09:14:09.498 [info] > git ls-files --stage -- /home/ndao/GenPush.yml [4ms]
2024-05-23 09:14:09.531 [info] > git show --textconv :GenPush.yml [5ms]
2024-05-23 09:15:03.396 [info] > git ls-files --stage -- /home/ndao/GenPush.yml [5ms]
2024-05-23 09:15:03.429 [info] > git show --textconv :GenPush.yml [4ms]
2024-05-23 09:17:43.937 [info] > git ls-files --stage -- /home/ndao/GenPush.yml [4ms]
2024-05-23 09:17:43.966 [info] > git show --textconv :GenPush.yml [4ms]
2024-05-23 09:23:32.202 [info] > git ls-files --stage -- /home/ndao/GenPush.yml [5ms]
2024-05-23 09:23:32.236 [info] > git show --textconv :GenPush.yml [5ms]
2024-05-23 09:46:52.545 [info] > git ls-files --stage -- /home/ndao/GenPush.yml [6ms]
2024-05-23 09:46:52.580 [info] > git show --textconv :GenPush.yml [7ms]
2024-05-23 10:01:03.351 [info] > git ls-files --stage -- /home/ndao/GenPush.yml [3ms]
2024-05-23 10:01:03.379 [info] > git show --textconv :GenPush.yml [5ms]
2024-05-23 10:06:23.498 [info] > git ls-files --stage -- /home/ndao/GenPush.yml [3ms]
2024-05-23 10:06:23.522 [info] > git show --textconv :GenPush.yml [3ms]
2024-05-23 10:06:26.397 [info] > git ls-files --stage -- /home/ndao/GenPush.yml [5ms]
2024-05-23 10:06:26.447 [info] > git show --textconv :GenPush.yml [5ms]
2024-05-23 10:06:27.535 [info] > git ls-files --stage -- /home/ndao/GenPush.yml [8ms]
2024-05-23 10:06:27.570 [info] > git show --textconv :GenPush.yml [5ms]
2024-05-23 10:09:07.520 [info] > git ls-files --stage -- /home/ndao/GenPush.yml [10ms]
2024-05-23 10:09:07.569 [info] > git show --textconv :GenPush.yml [6ms]
2024-05-23 10:09:10.055 [info] > git ls-files --stage -- /home/ndao/GenPush.yml [4ms]
2024-05-23 10:09:10.094 [info] > git show --textconv :GenPush.yml [6ms]
2024-05-23 10:09:13.119 [info] > git ls-files --stage -- /home/ndao/GenPush.yml [7ms]
2024-05-23 10:09:13.213 [info] > git show --textconv :GenPush.yml [6ms]
2024-05-23 10:20:45.670 [info] > git ls-files --stage -- /home/ndao/GenPush.yml [3ms]
2024-05-23 10:20:45.693 [info] > git show --textconv :GenPush.yml [2ms]
2024-05-23 10:20:49.526 [info] > git ls-files --stage -- /home/ndao/GenPush.yml [5ms]
2024-05-23 10:20:49.561 [info] > git show --textconv :GenPush.yml [5ms]
2024-05-23 10:38:38.598 [info] > git ls-files --stage -- /home/ndao/GenPush.yml [1ms]
2024-05-23 10:38:38.631 [info] > git show --textconv :GenPush.yml [2ms]
2024-05-23 10:38:41.304 [info] > git ls-files --stage -- /home/ndao/GenPush.yml [3ms]
2024-05-23 10:38:41.335 [info] > git show --textconv :GenPush.yml [2ms]
2024-05-23 10:47:46.316 [info] > git show --textconv :file.yml [14ms]
2024-05-23 10:47:46.319 [info] > git ls-files --stage -- /home/ndao/file.yml [5ms]
2024-05-23 10:47:50.166 [info] > git show --textconv :GenPush.yml [16ms]
2024-05-23 10:47:50.169 [info] > git ls-files --stage -- /home/ndao/GenPush.yml [4ms]
2024-05-23 10:50:49.354 [info] > git ls-files --stage -- /home/ndao/GenPush.yml [2ms]
2024-05-23 10:50:49.374 [info] > git show --textconv :GenPush.yml [2ms]
2024-05-23 10:51:25.000 [info] > git ls-files --stage -- /home/ndao/GenPush.yml [6ms]
2024-05-23 10:51:25.035 [info] > git show --textconv :GenPush.yml [5ms]
2024-05-23 10:51:28.507 [info] > git ls-files --stage -- /home/ndao/GenPush.yml [5ms]
2024-05-23 10:51:28.540 [info] > git show --textconv :GenPush.yml [5ms]
2024-05-23 10:59:29.309 [info] > git ls-files --stage -- /home/ndao/GenPush.yml [3ms]
2024-05-23 10:59:29.329 [info] > git show --textconv :GenPush.yml [3ms]
2024-05-23 11:02:28.582 [info] > git ls-files --stage -- /home/ndao/GenPush.yml [7ms]
2024-05-23 11:02:28.634 [info] > git show --textconv :GenPush.yml [5ms]
2024-05-23 11:02:32.309 [info] > git ls-files --stage -- /home/ndao/GenPush.yml [6ms]
2024-05-23 11:02:32.344 [info] > git show --textconv :GenPush.yml [4ms]
2024-05-23 11:20:34.685 [info] > git ls-files --stage -- /home/ndao/GenPush.yml [1ms]
2024-05-23 11:20:34.696 [info] > git show --textconv :GenPush.yml [1ms]
2024-05-23 11:20:53.293 [info] > git ls-files --stage -- /home/ndao/GenPush.yml [2ms]
2024-05-23 11:20:53.303 [info] > git show --textconv :GenPush.yml [1ms]
2024-05-23 11:24:05.974 [info] > git ls-files --stage -- /home/ndao/GenPush.yml [1ms]
2024-05-23 11:24:06.003 [info] > git show --textconv :GenPush.yml [3ms]
2024-05-23 11:24:08.199 [info] > git ls-files --stage -- /home/ndao/GenPush.yml [1ms]
2024-05-23 11:24:08.210 [info] > git show --textconv :GenPush.yml [1ms]
2024-05-23 11:25:24.389 [info] > git ls-files --stage -- /home/ndao/GenPush.yml [3ms]
2024-05-23 11:25:24.395 [info] > git cat-file -s ce786d430193251dfa84c8ac6675e91afe1b836c [1ms]
2024-05-23 11:25:24.408 [info] > git show --textconv :GenPush.yml [2ms]
2024-05-23 11:25:32.088 [info] > git ls-files --stage -- /home/ndao/GenPush.yml [5ms]
2024-05-23 11:25:32.095 [info] > git cat-file -s ce786d430193251dfa84c8ac6675e91afe1b836c [1ms]
2024-05-23 11:25:32.107 [info] > git show --textconv :GenPush.yml [3ms]
2024-05-23 11:25:34.358 [info] > git ls-files --stage -- /home/ndao/GenPush.yml [7ms]
2024-05-23 11:25:34.368 [info] > git cat-file -s ce786d430193251dfa84c8ac6675e91afe1b836c [2ms]
2024-05-23 11:25:34.387 [info] > git show --textconv :GenPush.yml [6ms]
2024-05-23 11:25:54.556 [info] > git ls-files --stage -- /home/ndao/GenPush.yml [4ms]
2024-05-23 11:25:54.562 [info] > git cat-file -s ce786d430193251dfa84c8ac6675e91afe1b836c [0ms]
2024-05-23 11:25:54.575 [info] > git show --textconv :GenPush.yml [3ms]
2024-05-23 11:26:21.151 [info] > git ls-files --stage -- /home/ndao/GenPush.yml [8ms]
2024-05-23 11:26:21.160 [info] > git cat-file -s ce786d430193251dfa84c8ac6675e91afe1b836c [1ms]
2024-05-23 11:26:21.175 [info] > git show --textconv :GenPush.yml [4ms]
2024-05-23 11:28:36.880 [info] > git ls-files --stage -- /home/ndao/GenPush.yml [4ms]
2024-05-23 11:28:36.886 [info] > git cat-file -s ce786d430193251dfa84c8ac6675e91afe1b836c [1ms]
2024-05-23 11:28:36.900 [info] > git show --textconv :GenPush.yml [4ms]
2024-05-23 11:30:00.844 [info] > git ls-files --stage -- /home/ndao/GenPush.yml [5ms]
2024-05-23 11:30:00.851 [info] > git cat-file -s 2e09347fd7a73f9e5210d2a87852b41c30a67109 [1ms]
2024-05-23 11:30:00.900 [info] > git show --textconv :GenPush.yml [5ms]
2024-05-23 11:30:02.501 [info] > git ls-files --stage -- /home/ndao/GenPush.yml [5ms]
2024-05-23 11:30:02.508 [info] > git cat-file -s 2e09347fd7a73f9e5210d2a87852b41c30a67109 [1ms]
2024-05-23 11:30:02.546 [info] > git show --textconv :GenPush.yml [6ms]
2024-05-23 11:30:30.969 [info] > git ls-files --stage -- /home/ndao/GenPush.yml [6ms]
2024-05-23 11:30:30.978 [info] > git cat-file -s e552489337c572703c99ed4778a1f9e662b98ebd [1ms]
2024-05-23 11:30:31.007 [info] > git show --textconv :GenPush.yml [18ms]
2024-05-23 11:30:34.113 [info] > git ls-files --stage -- /home/ndao/GenPush.yml [20ms]
2024-05-23 11:30:34.126 [info] > git cat-file -s e552489337c572703c99ed4778a1f9e662b98ebd [1ms]
2024-05-23 11:30:34.143 [info] > git show --textconv :GenPush.yml [3ms]
2024-05-23 11:33:43.727 [info] > git show --textconv :GenPush.yml [10ms]
2024-05-23 11:33:43.733 [info] > git ls-files --stage -- /home/ndao/GenPush.yml [5ms]
2024-05-23 11:33:43.741 [info] > git cat-file -s e552489337c572703c99ed4778a1f9e662b98ebd [0ms]
2024-05-23 11:34:01.654 [info] > git ls-files --stage -- /home/ndao/GenPush.yml [4ms]
2024-05-23 11:34:01.676 [info] > git cat-file -s 72b2eea8f1d34a19ff6ca7f823612fee1e17202b [5ms]
2024-05-23 11:34:01.699 [info] > git show --textconv :GenPush.yml [4ms]
2024-05-23 11:34:04.727 [info] > git ls-files --stage -- /home/ndao/GenPush.yml [10ms]
2024-05-23 11:34:04.737 [info] > git cat-file -s 72b2eea8f1d34a19ff6ca7f823612fee1e17202b [1ms]
2024-05-23 11:34:04.753 [info] > git show --textconv :GenPush.yml [3ms]
2024-05-23 11:35:31.153 [info] > git ls-files --stage -- /home/ndao/GenPush.yml [4ms]
2024-05-23 11:35:31.160 [info] > git cat-file -s 72b2eea8f1d34a19ff6ca7f823612fee1e17202b [1ms]
2024-05-23 11:35:31.174 [info] > git show --textconv :GenPush.yml [3ms]
2024-05-23 11:47:04.567 [info] > git ls-files --stage -- /home/ndao/GenPush.yml [8ms]
2024-05-23 11:47:04.575 [info] > git cat-file -s 18fee094cb7cf20e040590c42a20409e3833dfbf [1ms]
2024-05-23 11:47:04.592 [info] > git show --textconv :GenPush.yml [5ms]
2024-05-23 11:47:06.096 [info] > git ls-files --stage -- /home/ndao/GenPush.yml [4ms]
2024-05-23 11:47:06.102 [info] > git cat-file -s 18fee094cb7cf20e040590c42a20409e3833dfbf [1ms]
2024-05-23 11:47:06.114 [info] > git show --textconv :GenPush.yml [4ms]
2024-05-23 11:47:08.654 [info] > git ls-files --stage -- /home/ndao/GenPush.yml [3ms]
2024-05-23 11:47:08.660 [info] > git cat-file -s 18fee094cb7cf20e040590c42a20409e3833dfbf [1ms]
2024-05-23 11:47:08.671 [info] > git show --textconv :GenPush.yml [3ms]
2024-05-23 11:47:36.926 [info] > git ls-files --stage -- /home/ndao/GenPush.yml [7ms]
2024-05-23 11:47:36.938 [info] > git cat-file -s 534be4105867c0377dc462315c69181113062421 [1ms]
2024-05-23 11:47:36.956 [info] > git show --textconv :GenPush.yml [4ms]
2024-05-23 11:47:39.276 [info] > git ls-files --stage -- /home/ndao/GenPush.yml [3ms]
2024-05-23 11:47:39.281 [info] > git cat-file -s 534be4105867c0377dc462315c69181113062421 [0ms]
2024-05-23 11:47:39.295 [info] > git show --textconv :GenPush.yml [4ms]
2024-05-23 11:48:25.719 [info] > git ls-files --stage -- /home/ndao/GenPush.yml [4ms]
2024-05-23 11:48:25.725 [info] > git cat-file -s 534be4105867c0377dc462315c69181113062421 [1ms]
2024-05-23 11:48:25.738 [info] > git show --textconv :GenPush.yml [3ms]
2024-05-23 11:48:43.120 [info] > git ls-files --stage -- /home/ndao/GenPush.yml [10ms]
2024-05-23 11:48:43.135 [info] > git cat-file -s 534be4105867c0377dc462315c69181113062421 [2ms]
2024-05-23 11:48:43.154 [info] > git show --textconv :GenPush.yml [5ms]
2024-05-23 11:48:45.583 [info] > git ls-files --stage -- /home/ndao/GenPush.yml [3ms]
2024-05-23 11:48:45.588 [info] > git cat-file -s 534be4105867c0377dc462315c69181113062421 [0ms]
2024-05-23 11:48:45.602 [info] > git show --textconv :GenPush.yml [4ms]
