2024-06-20 09:08:25.487 [info] Extension host with pid 154 started
2024-06-20 09:08:25.583 [info] ExtensionService#_doActivateExtension vscode.emmet, startup: false, activationEvent: 'onLanguage'
2024-06-20 09:08:25.593 [info] ExtensionService#_doActivateExtension ms-python.python, startup: false, activationEvent: 'onLanguage:yaml', root cause: redhat.ansible
2024-06-20 09:08:25.594 [info] ExtensionService#_doActivateExtension redhat.vscode-yaml, startup: false, activationEvent: 'onLanguage:yaml', root cause: redhat.ansible
2024-06-20 09:08:27.104 [info] ExtensionService#_doActivateExtension vscode.git-base, startup: true, activationEvent: '*', root cause: vscode.git
2024-06-20 09:08:27.132 [info] Lock '/home/ndao/.vscode-server/data/User/workspaceStorage/38a21d1cb963b8ec61341b0b4eb2fb76/vscode.lock': Lock acquired.
2024-06-20 09:08:27.564 [info] ExtensionService#_doActivateExtension vscode.git, startup: true, activationEvent: '*'
2024-06-20 09:08:27.565 [info] ExtensionService#_doActivateExtension vscode.github, startup: true, activationEvent: '*'
2024-06-20 09:08:28.149 [info] Eager extensions activated
2024-06-20 09:08:28.150 [info] ExtensionService#_doActivateExtension vscode.debug-auto-launch, startup: false, activationEvent: 'onStartupFinished'
2024-06-20 09:08:28.151 [info] ExtensionService#_doActivateExtension vscode.merge-conflict, startup: false, activationEvent: 'onStartupFinished'
2024-06-20 09:08:28.152 [info] ExtensionService#_doActivateExtension Bito.Bito, startup: false, activationEvent: 'onStartupFinished'
2024-06-20 09:08:32.153 [info] ExtensionService#_doActivateExtension redhat.ansible, startup: false, activationEvent: 'onLanguage:yaml'
2024-06-20 09:08:32.583 [warning] [redhat.vscode-yaml] Accessing a resource scoped configuration without providing a resource is not expected. To get the effective value for '[yaml]', provide the URI of a resource or 'null' for any resource.
2024-06-20 09:08:32.589 [warning] [redhat.vscode-yaml] Accessing a resource scoped configuration without providing a resource is not expected. To get the effective value for '[yaml]', provide the URI of a resource or 'null' for any resource.
2024-06-20 09:08:33.083 [info] ExtensionService#_doActivateExtension ms-python.vscode-pylance, startup: false, activationEvent: 'api', root cause: ms-python.python
2024-06-20 09:08:34.273 [warning] [Decorations] CAPPING events from decorations provider vscode.git 11278
2024-06-20 09:08:35.830 [warning] [Decorations] CAPPING events from decorations provider vscode.git 11280
2024-06-20 09:08:40.627 [warning] [Decorations] CAPPING events from decorations provider vscode.git 11280
2024-06-20 09:08:46.484 [warning] [Decorations] CAPPING events from decorations provider vscode.git 11280
2024-06-20 09:08:52.100 [warning] [Decorations] CAPPING events from decorations provider vscode.git 11280
2024-06-20 09:08:58.942 [warning] [Decorations] CAPPING events from decorations provider vscode.git 11280
2024-06-20 09:09:21.507 [warning] [Decorations] CAPPING events from decorations provider vscode.git 11280
2024-06-20 09:09:27.605 [warning] [Decorations] CAPPING events from decorations provider vscode.git 11280
2024-06-20 09:09:33.273 [warning] [Decorations] CAPPING events from decorations provider vscode.git 11280
2024-06-20 09:09:38.887 [warning] [Decorations] CAPPING events from decorations provider vscode.git 11280
2024-06-20 09:09:44.656 [warning] [Decorations] CAPPING events from decorations provider vscode.git 11280
2024-06-20 09:09:50.459 [warning] [Decorations] CAPPING events from decorations provider vscode.git 11280
2024-06-20 09:09:56.059 [warning] [Decorations] CAPPING events from decorations provider vscode.git 11280
2024-06-20 09:10:01.557 [warning] [Decorations] CAPPING events from decorations provider vscode.git 11280
2024-06-20 09:10:07.070 [warning] [Decorations] CAPPING events from decorations provider vscode.git 11280
2024-06-20 09:10:12.629 [warning] [Decorations] CAPPING events from decorations provider vscode.git 11280
2024-06-20 09:10:18.095 [warning] [Decorations] CAPPING events from decorations provider vscode.git 11280
2024-06-20 09:10:23.653 [warning] [Decorations] CAPPING events from decorations provider vscode.git 11280
2024-06-20 09:10:29.615 [warning] [Decorations] CAPPING events from decorations provider vscode.git 11280
2024-06-20 09:10:35.420 [warning] [Decorations] CAPPING events from decorations provider vscode.git 11280
2024-06-20 09:10:41.056 [warning] [Decorations] CAPPING events from decorations provider vscode.git 11280
2024-06-20 09:10:46.550 [warning] [Decorations] CAPPING events from decorations provider vscode.git 11280
2024-06-20 09:10:52.103 [warning] [Decorations] CAPPING events from decorations provider vscode.git 11280
2024-06-20 09:10:57.800 [warning] [Decorations] CAPPING events from decorations provider vscode.git 11280
2024-06-20 09:11:03.369 [warning] [Decorations] CAPPING events from decorations provider vscode.git 11280
2024-06-20 09:11:09.102 [warning] [Decorations] CAPPING events from decorations provider vscode.git 11280
2024-06-20 09:11:14.546 [warning] [Decorations] CAPPING events from decorations provider vscode.git 11280
2024-06-20 09:11:20.049 [warning] [Decorations] CAPPING events from decorations provider vscode.git 11280
2024-06-20 09:11:25.776 [warning] [Decorations] CAPPING events from decorations provider vscode.git 11280
2024-06-20 09:11:31.235 [warning] [Decorations] CAPPING events from decorations provider vscode.git 11280
2024-06-20 09:11:36.858 [warning] [Decorations] CAPPING events from decorations provider vscode.git 11280
2024-06-20 09:11:42.324 [warning] [Decorations] CAPPING events from decorations provider vscode.git 11280
2024-06-20 09:11:47.873 [warning] [Decorations] CAPPING events from decorations provider vscode.git 11280
2024-06-20 09:11:53.392 [warning] [Decorations] CAPPING events from decorations provider vscode.git 11280
2024-06-20 09:11:58.956 [warning] [Decorations] CAPPING events from decorations provider vscode.git 11280
2024-06-20 09:12:04.529 [warning] [Decorations] CAPPING events from decorations provider vscode.git 11280
2024-06-20 09:12:10.020 [warning] [Decorations] CAPPING events from decorations provider vscode.git 11280
2024-06-20 09:12:15.602 [warning] [Decorations] CAPPING events from decorations provider vscode.git 11280
2024-06-20 09:12:21.229 [warning] [Decorations] CAPPING events from decorations provider vscode.git 11280
2024-06-20 09:12:26.962 [warning] [Decorations] CAPPING events from decorations provider vscode.git 11280
2024-06-20 09:12:32.629 [warning] [Decorations] CAPPING events from decorations provider vscode.git 11280
2024-06-20 09:12:38.154 [warning] [Decorations] CAPPING events from decorations provider vscode.git 11280
2024-06-20 09:12:43.599 [warning] [Decorations] CAPPING events from decorations provider vscode.git 11280
2024-06-20 09:12:49.272 [warning] [Decorations] CAPPING events from decorations provider vscode.git 11280
2024-06-20 09:12:54.830 [warning] [Decorations] CAPPING events from decorations provider vscode.git 11280
2024-06-20 09:13:00.474 [warning] [Decorations] CAPPING events from decorations provider vscode.git 11280
2024-06-20 09:13:06.025 [warning] [Decorations] CAPPING events from decorations provider vscode.git 11280
2024-06-20 09:13:11.553 [warning] [Decorations] CAPPING events from decorations provider vscode.git 11280
2024-06-20 09:13:17.151 [warning] [Decorations] CAPPING events from decorations provider vscode.git 11280
2024-06-20 09:13:22.747 [warning] [Decorations] CAPPING events from decorations provider vscode.git 11280
2024-06-20 09:13:28.464 [warning] [Decorations] CAPPING events from decorations provider vscode.git 11280
2024-06-20 09:13:33.951 [warning] [Decorations] CAPPING events from decorations provider vscode.git 11280
2024-06-20 09:13:39.512 [warning] [Decorations] CAPPING events from decorations provider vscode.git 11280
2024-06-20 09:13:45.068 [warning] [Decorations] CAPPING events from decorations provider vscode.git 11280
2024-06-20 09:13:50.773 [warning] [Decorations] CAPPING events from decorations provider vscode.git 11280
2024-06-20 09:13:56.431 [warning] [Decorations] CAPPING events from decorations provider vscode.git 11280
2024-06-20 09:14:01.891 [warning] [Decorations] CAPPING events from decorations provider vscode.git 11280
2024-06-20 09:14:07.542 [warning] [Decorations] CAPPING events from decorations provider vscode.git 11280
2024-06-20 09:14:13.238 [warning] [Decorations] CAPPING events from decorations provider vscode.git 11280
2024-06-20 09:14:18.932 [warning] [Decorations] CAPPING events from decorations provider vscode.git 11280
2024-06-20 09:14:24.637 [warning] [Decorations] CAPPING events from decorations provider vscode.git 11280
2024-06-20 09:14:30.104 [warning] [Decorations] CAPPING events from decorations provider vscode.git 11280
2024-06-20 09:14:35.654 [warning] [Decorations] CAPPING events from decorations provider vscode.git 11280
2024-06-20 09:14:41.184 [warning] [Decorations] CAPPING events from decorations provider vscode.git 11280
2024-06-20 09:14:46.881 [warning] [Decorations] CAPPING events from decorations provider vscode.git 11280
2024-06-20 09:14:52.640 [warning] [Decorations] CAPPING events from decorations provider vscode.git 11280
2024-06-20 09:14:58.171 [warning] [Decorations] CAPPING events from decorations provider vscode.git 11280
2024-06-20 09:15:03.634 [warning] [Decorations] CAPPING events from decorations provider vscode.git 11280
2024-06-20 09:15:09.253 [warning] [Decorations] CAPPING events from decorations provider vscode.git 11280
2024-06-20 09:15:14.783 [warning] [Decorations] CAPPING events from decorations provider vscode.git 11280
2024-06-20 09:15:20.549 [warning] [Decorations] CAPPING events from decorations provider vscode.git 11280
2024-06-20 09:16:32.907 [warning] [Decorations] CAPPING events from decorations provider vscode.git 11280
2024-06-20 09:26:01.539 [warning] [Decorations] CAPPING events from decorations provider vscode.git 11280
2024-06-20 09:26:07.209 [warning] [Decorations] CAPPING events from decorations provider vscode.git 11280
2024-06-20 09:28:59.065 [warning] [Decorations] CAPPING events from decorations provider vscode.git 11280
2024-06-20 09:29:05.082 [warning] [Decorations] CAPPING events from decorations provider vscode.git 11280
2024-06-20 09:29:10.722 [warning] [Decorations] CAPPING events from decorations provider vscode.git 11280
2024-06-20 09:29:22.767 [warning] [Decorations] CAPPING events from decorations provider vscode.git 11280
2024-06-20 09:29:28.281 [warning] [Decorations] CAPPING events from decorations provider vscode.git 11280
2024-06-20 09:29:36.604 [warning] [Decorations] CAPPING events from decorations provider vscode.git 11280
2024-06-20 09:29:42.441 [warning] [Decorations] CAPPING events from decorations provider vscode.git 11280
2024-06-20 09:29:48.109 [warning] [Decorations] CAPPING events from decorations provider vscode.git 11280
2024-06-20 09:29:53.678 [warning] [Decorations] CAPPING events from decorations provider vscode.git 11280
2024-06-20 09:29:59.227 [warning] [Decorations] CAPPING events from decorations provider vscode.git 11280
2024-06-20 09:30:28.197 [warning] [Decorations] CAPPING events from decorations provider vscode.git 11280
2024-06-20 09:30:33.810 [warning] [Decorations] CAPPING events from decorations provider vscode.git 11280
2024-06-20 09:30:39.855 [warning] [Decorations] CAPPING events from decorations provider vscode.git 11280
2024-06-20 09:30:45.467 [warning] [Decorations] CAPPING events from decorations provider vscode.git 11280
2024-06-20 09:31:24.332 [warning] [Decorations] CAPPING events from decorations provider vscode.git 11280
2024-06-20 09:31:30.429 [warning] [Decorations] CAPPING events from decorations provider vscode.git 11280
2024-06-20 09:31:36.138 [warning] [Decorations] CAPPING events from decorations provider vscode.git 11280
2024-06-20 09:31:42.251 [warning] [Decorations] CAPPING events from decorations provider vscode.git 11280
2024-06-20 09:31:48.126 [warning] [Decorations] CAPPING events from decorations provider vscode.git 11280
2024-06-20 09:31:54.285 [warning] [Decorations] CAPPING events from decorations provider vscode.git 11280
2024-06-20 09:32:00.012 [warning] [Decorations] CAPPING events from decorations provider vscode.git 11280
2024-06-20 09:32:05.634 [warning] [Decorations] CAPPING events from decorations provider vscode.git 11280
2024-06-20 09:32:11.321 [warning] [Decorations] CAPPING events from decorations provider vscode.git 11280
2024-06-20 09:32:16.926 [warning] [Decorations] CAPPING events from decorations provider vscode.git 11280
2024-06-20 09:32:22.641 [warning] [Decorations] CAPPING events from decorations provider vscode.git 11280
2024-06-20 09:32:28.403 [warning] [Decorations] CAPPING events from decorations provider vscode.git 11280
2024-06-20 09:32:34.216 [warning] [Decorations] CAPPING events from decorations provider vscode.git 11280
2024-06-20 09:32:40.202 [warning] [Decorations] CAPPING events from decorations provider vscode.git 11280
2024-06-20 09:32:45.892 [warning] [Decorations] CAPPING events from decorations provider vscode.git 11280
2024-06-20 09:32:51.776 [warning] [Decorations] CAPPING events from decorations provider vscode.git 11280
2024-06-20 09:32:57.648 [warning] [Decorations] CAPPING events from decorations provider vscode.git 11280
2024-06-20 09:33:03.373 [warning] [Decorations] CAPPING events from decorations provider vscode.git 11280
2024-06-20 09:33:08.788 [warning] [Decorations] CAPPING events from decorations provider vscode.git 11280
2024-06-20 09:33:14.608 [warning] [Decorations] CAPPING events from decorations provider vscode.git 11280
2024-06-20 09:33:20.211 [warning] [Decorations] CAPPING events from decorations provider vscode.git 11280
2024-06-20 09:33:26.558 [warning] [Decorations] CAPPING events from decorations provider vscode.git 11280
2024-06-20 09:33:31.904 [warning] [Decorations] CAPPING events from decorations provider vscode.git 11280
2024-06-20 09:33:37.651 [warning] [Decorations] CAPPING events from decorations provider vscode.git 11280
2024-06-20 09:33:43.221 [warning] [Decorations] CAPPING events from decorations provider vscode.git 11280
2024-06-20 09:33:49.026 [warning] [Decorations] CAPPING events from decorations provider vscode.git 11280
2024-06-20 09:33:54.672 [warning] [Decorations] CAPPING events from decorations provider vscode.git 11280
2024-06-20 09:34:00.395 [warning] [Decorations] CAPPING events from decorations provider vscode.git 11280
2024-06-20 09:34:05.867 [warning] [Decorations] CAPPING events from decorations provider vscode.git 11280
2024-06-20 09:34:11.326 [warning] [Decorations] CAPPING events from decorations provider vscode.git 11280
2024-06-20 09:34:16.958 [warning] [Decorations] CAPPING events from decorations provider vscode.git 11280
2024-06-20 09:34:22.554 [warning] [Decorations] CAPPING events from decorations provider vscode.git 11280
2024-06-20 09:34:28.188 [warning] [Decorations] CAPPING events from decorations provider vscode.git 11280
2024-06-20 09:34:33.656 [warning] [Decorations] CAPPING events from decorations provider vscode.git 11280
2024-06-20 09:34:39.011 [warning] [Decorations] CAPPING events from decorations provider vscode.git 11280
2024-06-20 09:34:44.386 [warning] [Decorations] CAPPING events from decorations provider vscode.git 11280
2024-06-20 09:34:49.695 [warning] [Decorations] CAPPING events from decorations provider vscode.git 11280
2024-06-20 09:34:55.032 [warning] [Decorations] CAPPING events from decorations provider vscode.git 11280
2024-06-20 09:35:00.348 [warning] [Decorations] CAPPING events from decorations provider vscode.git 11280
2024-06-20 09:35:05.682 [warning] [Decorations] CAPPING events from decorations provider vscode.git 11280
2024-06-20 09:35:11.078 [warning] [Decorations] CAPPING events from decorations provider vscode.git 11280
2024-06-20 09:35:16.425 [warning] [Decorations] CAPPING events from decorations provider vscode.git 11280
2024-06-20 09:35:21.962 [warning] [Decorations] CAPPING events from decorations provider vscode.git 11280
2024-06-20 09:35:27.263 [warning] [Decorations] CAPPING events from decorations provider vscode.git 11280
2024-06-20 09:35:32.706 [warning] [Decorations] CAPPING events from decorations provider vscode.git 11280
2024-06-20 09:35:38.177 [warning] [Decorations] CAPPING events from decorations provider vscode.git 11280
2024-06-20 09:35:43.647 [warning] [Decorations] CAPPING events from decorations provider vscode.git 11280
2024-06-20 09:35:49.096 [warning] [Decorations] CAPPING events from decorations provider vscode.git 11280
2024-06-20 09:35:54.597 [warning] [Decorations] CAPPING events from decorations provider vscode.git 11280
2024-06-20 09:36:00.052 [warning] [Decorations] CAPPING events from decorations provider vscode.git 11280
2024-06-20 09:36:05.521 [warning] [Decorations] CAPPING events from decorations provider vscode.git 11280
2024-06-20 09:36:11.096 [warning] [Decorations] CAPPING events from decorations provider vscode.git 11280
2024-06-20 09:36:16.632 [warning] [Decorations] CAPPING events from decorations provider vscode.git 11280
2024-06-20 09:36:22.249 [warning] [Decorations] CAPPING events from decorations provider vscode.git 11280
2024-06-20 09:36:27.862 [warning] [Decorations] CAPPING events from decorations provider vscode.git 11280
2024-06-20 09:36:33.444 [warning] [Decorations] CAPPING events from decorations provider vscode.git 11280
2024-06-20 09:36:39.022 [warning] [Decorations] CAPPING events from decorations provider vscode.git 11280
2024-06-20 09:36:44.650 [warning] [Decorations] CAPPING events from decorations provider vscode.git 11280
2024-06-20 09:36:50.247 [warning] [Decorations] CAPPING events from decorations provider vscode.git 11280
2024-06-20 09:36:55.797 [warning] [Decorations] CAPPING events from decorations provider vscode.git 11280
2024-06-20 09:37:01.410 [warning] [Decorations] CAPPING events from decorations provider vscode.git 11280
2024-06-20 09:37:07.059 [warning] [Decorations] CAPPING events from decorations provider vscode.git 11280
2024-06-20 09:37:12.628 [warning] [Decorations] CAPPING events from decorations provider vscode.git 11280
2024-06-20 09:37:18.320 [warning] [Decorations] CAPPING events from decorations provider vscode.git 11280
2024-06-20 09:37:23.886 [warning] [Decorations] CAPPING events from decorations provider vscode.git 11280
2024-06-20 09:37:29.566 [warning] [Decorations] CAPPING events from decorations provider vscode.git 11280
2024-06-20 09:37:35.159 [warning] [Decorations] CAPPING events from decorations provider vscode.git 11280
2024-06-20 09:37:40.784 [warning] [Decorations] CAPPING events from decorations provider vscode.git 11280
2024-06-20 09:37:46.448 [warning] [Decorations] CAPPING events from decorations provider vscode.git 11280
2024-06-20 09:37:51.975 [warning] [Decorations] CAPPING events from decorations provider vscode.git 11280
2024-06-20 09:37:57.580 [warning] [Decorations] CAPPING events from decorations provider vscode.git 11280
2024-06-20 09:38:03.191 [warning] [Decorations] CAPPING events from decorations provider vscode.git 11280
2024-06-20 09:38:08.801 [warning] [Decorations] CAPPING events from decorations provider vscode.git 11280
2024-06-20 09:38:14.566 [warning] [Decorations] CAPPING events from decorations provider vscode.git 11280
2024-06-20 09:38:20.170 [warning] [Decorations] CAPPING events from decorations provider vscode.git 11280
2024-06-20 09:38:26.410 [warning] [Decorations] CAPPING events from decorations provider vscode.git 11280
2024-06-20 09:38:32.215 [warning] [Decorations] CAPPING events from decorations provider vscode.git 11280
2024-06-20 09:38:37.862 [warning] [Decorations] CAPPING events from decorations provider vscode.git 11280
2024-06-20 09:38:43.473 [warning] [Decorations] CAPPING events from decorations provider vscode.git 11280
2024-06-20 09:38:49.076 [warning] [Decorations] CAPPING events from decorations provider vscode.git 11280
2024-06-20 09:38:54.711 [warning] [Decorations] CAPPING events from decorations provider vscode.git 11280
2024-06-20 09:39:00.314 [warning] [Decorations] CAPPING events from decorations provider vscode.git 11280
2024-06-20 09:39:06.062 [warning] [Decorations] CAPPING events from decorations provider vscode.git 11280
2024-06-20 09:39:11.677 [warning] [Decorations] CAPPING events from decorations provider vscode.git 11280
2024-06-20 09:39:17.297 [warning] [Decorations] CAPPING events from decorations provider vscode.git 11280
2024-06-20 09:39:23.010 [warning] [Decorations] CAPPING events from decorations provider vscode.git 11280
2024-06-20 09:39:28.565 [warning] [Decorations] CAPPING events from decorations provider vscode.git 11280
2024-06-20 09:39:34.151 [warning] [Decorations] CAPPING events from decorations provider vscode.git 11280
2024-06-20 09:39:39.798 [warning] [Decorations] CAPPING events from decorations provider vscode.git 11280
2024-06-20 09:39:45.569 [warning] [Decorations] CAPPING events from decorations provider vscode.git 11280
2024-06-20 09:39:51.265 [warning] [Decorations] CAPPING events from decorations provider vscode.git 11280
2024-06-20 09:39:56.959 [warning] [Decorations] CAPPING events from decorations provider vscode.git 11280
2024-06-20 09:40:02.669 [warning] [Decorations] CAPPING events from decorations provider vscode.git 11280
2024-06-20 09:40:08.281 [warning] [Decorations] CAPPING events from decorations provider vscode.git 11280
2024-06-20 09:40:13.945 [warning] [Decorations] CAPPING events from decorations provider vscode.git 11280
2024-06-20 09:40:19.461 [warning] [Decorations] CAPPING events from decorations provider vscode.git 11280
2024-06-20 09:40:25.652 [warning] [Decorations] CAPPING events from decorations provider vscode.git 11280
2024-06-20 09:40:31.319 [warning] [Decorations] CAPPING events from decorations provider vscode.git 11280
2024-06-20 09:40:36.945 [warning] [Decorations] CAPPING events from decorations provider vscode.git 11280
2024-06-20 09:40:42.597 [warning] [Decorations] CAPPING events from decorations provider vscode.git 11280
2024-06-20 09:40:48.213 [warning] [Decorations] CAPPING events from decorations provider vscode.git 11280
2024-06-20 09:40:53.866 [warning] [Decorations] CAPPING events from decorations provider vscode.git 11280
2024-06-20 09:40:59.490 [warning] [Decorations] CAPPING events from decorations provider vscode.git 11280
2024-06-20 09:41:05.054 [warning] [Decorations] CAPPING events from decorations provider vscode.git 11280
2024-06-20 09:41:10.712 [warning] [Decorations] CAPPING events from decorations provider vscode.git 11280
2024-06-20 09:41:16.338 [warning] [Decorations] CAPPING events from decorations provider vscode.git 11280
2024-06-20 09:41:22.027 [warning] [Decorations] CAPPING events from decorations provider vscode.git 11280
2024-06-20 09:41:27.701 [warning] [Decorations] CAPPING events from decorations provider vscode.git 11280
2024-06-20 09:41:33.287 [warning] [Decorations] CAPPING events from decorations provider vscode.git 11280
2024-06-20 09:41:38.860 [warning] [Decorations] CAPPING events from decorations provider vscode.git 11280
2024-06-20 09:41:44.495 [warning] [Decorations] CAPPING events from decorations provider vscode.git 11280
2024-06-20 09:41:50.110 [warning] [Decorations] CAPPING events from decorations provider vscode.git 11280
2024-06-20 09:41:57.373 [warning] [Decorations] CAPPING events from decorations provider vscode.git 11280
2024-06-20 09:42:03.041 [warning] [Decorations] CAPPING events from decorations provider vscode.git 11280
2024-06-20 09:42:08.699 [warning] [Decorations] CAPPING events from decorations provider vscode.git 11280
2024-06-20 09:42:14.377 [warning] [Decorations] CAPPING events from decorations provider vscode.git 11280
2024-06-20 09:42:19.972 [warning] [Decorations] CAPPING events from decorations provider vscode.git 11280
2024-06-20 09:42:25.588 [warning] [Decorations] CAPPING events from decorations provider vscode.git 11280
2024-06-20 09:42:31.171 [warning] [Decorations] CAPPING events from decorations provider vscode.git 11280
2024-06-20 09:42:36.815 [warning] [Decorations] CAPPING events from decorations provider vscode.git 11280
2024-06-20 09:42:42.435 [warning] [Decorations] CAPPING events from decorations provider vscode.git 11280
2024-06-20 09:42:48.267 [warning] [Decorations] CAPPING events from decorations provider vscode.git 11280
2024-06-20 09:42:53.887 [warning] [Decorations] CAPPING events from decorations provider vscode.git 11280
2024-06-20 09:42:59.500 [warning] [Decorations] CAPPING events from decorations provider vscode.git 11280
2024-06-20 09:45:11.173 [warning] [Decorations] CAPPING events from decorations provider vscode.git 11280
2024-06-20 09:45:16.842 [warning] [Decorations] CAPPING events from decorations provider vscode.git 11280
2024-06-20 09:45:22.447 [warning] [Decorations] CAPPING events from decorations provider vscode.git 11280
2024-06-20 09:45:27.998 [warning] [Decorations] CAPPING events from decorations provider vscode.git 11280
2024-06-20 09:45:33.627 [warning] [Decorations] CAPPING events from decorations provider vscode.git 11280
2024-06-20 09:45:39.251 [warning] [Decorations] CAPPING events from decorations provider vscode.git 11280
2024-06-20 09:45:44.891 [warning] [Decorations] CAPPING events from decorations provider vscode.git 11280
2024-06-20 09:45:50.495 [warning] [Decorations] CAPPING events from decorations provider vscode.git 11280
2024-06-20 09:45:56.203 [warning] [Decorations] CAPPING events from decorations provider vscode.git 11280
2024-06-20 09:46:01.753 [warning] [Decorations] CAPPING events from decorations provider vscode.git 11280
2024-06-20 09:46:07.442 [warning] [Decorations] CAPPING events from decorations provider vscode.git 11280
2024-06-20 09:46:13.096 [warning] [Decorations] CAPPING events from decorations provider vscode.git 11280
2024-06-20 09:46:19.178 [warning] [Decorations] CAPPING events from decorations provider vscode.git 11280
2024-06-20 09:46:24.751 [warning] [Decorations] CAPPING events from decorations provider vscode.git 11280
2024-06-20 09:46:30.305 [warning] [Decorations] CAPPING events from decorations provider vscode.git 11280
2024-06-20 09:46:35.917 [warning] [Decorations] CAPPING events from decorations provider vscode.git 11280
2024-06-20 09:46:41.589 [warning] [Decorations] CAPPING events from decorations provider vscode.git 11280
2024-06-20 09:46:47.373 [warning] [Decorations] CAPPING events from decorations provider vscode.git 11280
2024-06-20 09:46:53.037 [warning] [Decorations] CAPPING events from decorations provider vscode.git 11280
2024-06-20 09:46:58.708 [warning] [Decorations] CAPPING events from decorations provider vscode.git 11280
2024-06-20 09:47:04.316 [warning] [Decorations] CAPPING events from decorations provider vscode.git 11280
2024-06-20 09:47:09.943 [warning] [Decorations] CAPPING events from decorations provider vscode.git 11280
2024-06-20 09:47:15.528 [warning] [Decorations] CAPPING events from decorations provider vscode.git 11280
2024-06-20 09:47:21.227 [warning] [Decorations] CAPPING events from decorations provider vscode.git 11280
2024-06-20 09:47:26.798 [warning] [Decorations] CAPPING events from decorations provider vscode.git 11280
2024-06-20 09:47:32.379 [warning] [Decorations] CAPPING events from decorations provider vscode.git 11280
2024-06-20 09:47:39.556 [warning] [Decorations] CAPPING events from decorations provider vscode.git 11280
2024-06-20 09:47:45.211 [warning] [Decorations] CAPPING events from decorations provider vscode.git 11280
2024-06-20 09:47:50.834 [warning] [Decorations] CAPPING events from decorations provider vscode.git 11280
2024-06-20 09:47:56.578 [warning] [Decorations] CAPPING events from decorations provider vscode.git 11280
2024-06-20 09:48:02.220 [warning] [Decorations] CAPPING events from decorations provider vscode.git 11280
2024-06-20 09:48:07.786 [warning] [Decorations] CAPPING events from decorations provider vscode.git 11280
2024-06-20 09:48:13.442 [warning] [Decorations] CAPPING events from decorations provider vscode.git 11280
2024-06-20 09:48:18.994 [warning] [Decorations] CAPPING events from decorations provider vscode.git 11280
2024-06-20 09:48:24.742 [warning] [Decorations] CAPPING events from decorations provider vscode.git 11280
2024-06-20 09:48:30.425 [warning] [Decorations] CAPPING events from decorations provider vscode.git 11280
2024-06-20 09:48:36.099 [warning] [Decorations] CAPPING events from decorations provider vscode.git 11280
2024-06-20 09:48:41.651 [warning] [Decorations] CAPPING events from decorations provider vscode.git 11280
2024-06-20 09:48:47.243 [warning] [Decorations] CAPPING events from decorations provider vscode.git 11280
2024-06-20 09:48:52.901 [warning] [Decorations] CAPPING events from decorations provider vscode.git 11280
2024-06-20 09:48:58.516 [warning] [Decorations] CAPPING events from decorations provider vscode.git 11280
2024-06-20 09:49:04.200 [warning] [Decorations] CAPPING events from decorations provider vscode.git 11280
2024-06-20 09:49:09.752 [warning] [Decorations] CAPPING events from decorations provider vscode.git 11280
2024-06-20 09:49:15.425 [warning] [Decorations] CAPPING events from decorations provider vscode.git 11280
2024-06-20 09:49:21.037 [warning] [Decorations] CAPPING events from decorations provider vscode.git 11280
2024-06-20 09:49:26.568 [warning] [Decorations] CAPPING events from decorations provider vscode.git 11280
2024-06-20 09:49:32.106 [warning] [Decorations] CAPPING events from decorations provider vscode.git 11280
2024-06-20 09:49:37.690 [warning] [Decorations] CAPPING events from decorations provider vscode.git 11280
2024-06-20 09:49:43.440 [warning] [Decorations] CAPPING events from decorations provider vscode.git 11280
2024-06-20 09:49:49.057 [warning] [Decorations] CAPPING events from decorations provider vscode.git 11280
2024-06-20 09:49:54.627 [warning] [Decorations] CAPPING events from decorations provider vscode.git 11280
2024-06-20 09:50:00.696 [warning] [Decorations] CAPPING events from decorations provider vscode.git 11280
2024-06-20 09:50:06.331 [warning] [Decorations] CAPPING events from decorations provider vscode.git 11280
2024-06-20 09:50:11.951 [warning] [Decorations] CAPPING events from decorations provider vscode.git 11280
2024-06-20 09:50:17.512 [warning] [Decorations] CAPPING events from decorations provider vscode.git 11280
2024-06-20 09:50:23.189 [warning] [Decorations] CAPPING events from decorations provider vscode.git 11280
2024-06-20 09:50:28.775 [warning] [Decorations] CAPPING events from decorations provider vscode.git 11280
2024-06-20 09:50:34.561 [warning] [Decorations] CAPPING events from decorations provider vscode.git 11280
2024-06-20 09:50:40.145 [warning] [Decorations] CAPPING events from decorations provider vscode.git 11280
2024-06-20 09:50:45.726 [warning] [Decorations] CAPPING events from decorations provider vscode.git 11280
2024-06-20 09:50:51.343 [warning] [Decorations] CAPPING events from decorations provider vscode.git 11280
2024-06-20 09:50:56.897 [warning] [Decorations] CAPPING events from decorations provider vscode.git 11280
2024-06-20 09:51:02.584 [warning] [Decorations] CAPPING events from decorations provider vscode.git 11280
2024-06-20 09:51:08.129 [warning] [Decorations] CAPPING events from decorations provider vscode.git 11280
2024-06-20 09:51:13.824 [warning] [Decorations] CAPPING events from decorations provider vscode.git 11280
2024-06-20 09:51:19.391 [warning] [Decorations] CAPPING events from decorations provider vscode.git 11280
2024-06-20 09:51:25.075 [warning] [Decorations] CAPPING events from decorations provider vscode.git 11280
2024-06-20 09:51:30.719 [warning] [Decorations] CAPPING events from decorations provider vscode.git 11280
2024-06-20 09:51:36.277 [warning] [Decorations] CAPPING events from decorations provider vscode.git 11280
2024-06-20 09:51:41.841 [warning] [Decorations] CAPPING events from decorations provider vscode.git 11280
2024-06-20 09:51:47.352 [warning] [Decorations] CAPPING events from decorations provider vscode.git 11280
2024-06-20 09:51:53.056 [warning] [Decorations] CAPPING events from decorations provider vscode.git 11280
2024-06-20 09:51:58.764 [warning] [Decorations] CAPPING events from decorations provider vscode.git 11280
2024-06-20 09:52:04.347 [warning] [Decorations] CAPPING events from decorations provider vscode.git 11280
2024-06-20 09:52:09.987 [warning] [Decorations] CAPPING events from decorations provider vscode.git 11280
2024-06-20 09:52:15.509 [warning] [Decorations] CAPPING events from decorations provider vscode.git 11280
2024-06-20 09:52:21.118 [warning] [Decorations] CAPPING events from decorations provider vscode.git 11280
2024-06-20 09:52:26.701 [warning] [Decorations] CAPPING events from decorations provider vscode.git 11280
2024-06-20 09:52:32.354 [warning] [Decorations] CAPPING events from decorations provider vscode.git 11280
2024-06-20 09:52:38.006 [warning] [Decorations] CAPPING events from decorations provider vscode.git 11280
2024-06-20 09:52:43.591 [warning] [Decorations] CAPPING events from decorations provider vscode.git 11280
2024-06-20 09:52:49.183 [warning] [Decorations] CAPPING events from decorations provider vscode.git 11280
2024-06-20 09:52:54.756 [warning] [Decorations] CAPPING events from decorations provider vscode.git 11280
2024-06-20 09:53:00.312 [warning] [Decorations] CAPPING events from decorations provider vscode.git 11280
2024-06-20 09:53:05.879 [warning] [Decorations] CAPPING events from decorations provider vscode.git 11280
2024-06-20 09:53:11.721 [warning] [Decorations] CAPPING events from decorations provider vscode.git 11280
2024-06-20 09:53:17.287 [warning] [Decorations] CAPPING events from decorations provider vscode.git 11280
2024-06-20 09:53:23.024 [warning] [Decorations] CAPPING events from decorations provider vscode.git 11280
2024-06-20 09:53:28.613 [warning] [Decorations] CAPPING events from decorations provider vscode.git 11280
2024-06-20 09:53:34.214 [warning] [Decorations] CAPPING events from decorations provider vscode.git 11280
2024-06-20 09:53:39.836 [warning] [Decorations] CAPPING events from decorations provider vscode.git 11280
2024-06-20 09:53:45.571 [warning] [Decorations] CAPPING events from decorations provider vscode.git 11280
2024-06-20 09:53:51.249 [warning] [Decorations] CAPPING events from decorations provider vscode.git 11280
2024-06-20 09:53:56.835 [warning] [Decorations] CAPPING events from decorations provider vscode.git 11280
2024-06-20 09:54:02.547 [warning] [Decorations] CAPPING events from decorations provider vscode.git 11280
2024-06-20 09:54:08.109 [warning] [Decorations] CAPPING events from decorations provider vscode.git 11280
2024-06-20 09:54:15.073 [warning] [Decorations] CAPPING events from decorations provider vscode.git 11280
2024-06-20 09:54:20.664 [warning] [Decorations] CAPPING events from decorations provider vscode.git 11280
2024-06-20 09:54:26.300 [warning] [Decorations] CAPPING events from decorations provider vscode.git 11280
2024-06-20 09:54:31.806 [warning] [Decorations] CAPPING events from decorations provider vscode.git 11280
2024-06-20 09:54:37.432 [warning] [Decorations] CAPPING events from decorations provider vscode.git 11280
2024-06-20 09:54:43.061 [warning] [Decorations] CAPPING events from decorations provider vscode.git 11280
2024-06-20 09:54:48.713 [warning] [Decorations] CAPPING events from decorations provider vscode.git 11280
2024-06-20 09:54:54.268 [warning] [Decorations] CAPPING events from decorations provider vscode.git 11280
2024-06-20 09:55:00.209 [warning] [Decorations] CAPPING events from decorations provider vscode.git 11280
2024-06-20 09:55:05.740 [warning] [Decorations] CAPPING events from decorations provider vscode.git 11280
2024-06-20 09:55:11.338 [warning] [Decorations] CAPPING events from decorations provider vscode.git 11280
2024-06-20 09:55:16.915 [warning] [Decorations] CAPPING events from decorations provider vscode.git 11280
2024-06-20 09:55:22.530 [warning] [Decorations] CAPPING events from decorations provider vscode.git 11280
2024-06-20 09:55:28.187 [warning] [Decorations] CAPPING events from decorations provider vscode.git 11280
2024-06-20 09:55:33.744 [warning] [Decorations] CAPPING events from decorations provider vscode.git 11280
2024-06-20 09:55:39.318 [warning] [Decorations] CAPPING events from decorations provider vscode.git 11280
2024-06-20 09:55:44.860 [warning] [Decorations] CAPPING events from decorations provider vscode.git 11280
2024-06-20 09:55:50.574 [warning] [Decorations] CAPPING events from decorations provider vscode.git 11280
2024-06-20 09:55:56.148 [warning] [Decorations] CAPPING events from decorations provider vscode.git 11280
2024-06-20 09:56:02.802 [warning] [Decorations] CAPPING events from decorations provider vscode.git 11280
2024-06-20 09:56:08.522 [warning] [Decorations] CAPPING events from decorations provider vscode.git 11280
2024-06-20 09:56:14.128 [warning] [Decorations] CAPPING events from decorations provider vscode.git 11280
2024-06-20 09:56:19.700 [warning] [Decorations] CAPPING events from decorations provider vscode.git 11280
2024-06-20 09:56:25.308 [warning] [Decorations] CAPPING events from decorations provider vscode.git 11280
2024-06-20 09:56:30.915 [warning] [Decorations] CAPPING events from decorations provider vscode.git 11280
2024-06-20 09:56:36.496 [warning] [Decorations] CAPPING events from decorations provider vscode.git 11280
2024-06-20 09:56:42.024 [warning] [Decorations] CAPPING events from decorations provider vscode.git 11280
2024-06-20 09:56:47.557 [warning] [Decorations] CAPPING events from decorations provider vscode.git 11280
2024-06-20 09:56:53.078 [warning] [Decorations] CAPPING events from decorations provider vscode.git 11280
2024-06-20 09:56:58.631 [warning] [Decorations] CAPPING events from decorations provider vscode.git 11280
2024-06-20 09:57:04.323 [warning] [Decorations] CAPPING events from decorations provider vscode.git 11280
2024-06-20 09:57:09.925 [warning] [Decorations] CAPPING events from decorations provider vscode.git 11280
2024-06-20 09:57:15.567 [warning] [Decorations] CAPPING events from decorations provider vscode.git 11280
2024-06-20 09:57:21.170 [warning] [Decorations] CAPPING events from decorations provider vscode.git 11280
2024-06-20 09:57:26.744 [warning] [Decorations] CAPPING events from decorations provider vscode.git 11280
2024-06-20 09:57:32.314 [warning] [Decorations] CAPPING events from decorations provider vscode.git 11280
2024-06-20 09:57:37.945 [warning] [Decorations] CAPPING events from decorations provider vscode.git 11280
2024-06-20 09:57:43.462 [warning] [Decorations] CAPPING events from decorations provider vscode.git 11280
2024-06-20 09:57:48.990 [warning] [Decorations] CAPPING events from decorations provider vscode.git 11280
2024-06-20 09:57:54.445 [warning] [Decorations] CAPPING events from decorations provider vscode.git 11280
2024-06-20 09:57:59.935 [warning] [Decorations] CAPPING events from decorations provider vscode.git 11280
2024-06-20 09:58:05.457 [warning] [Decorations] CAPPING events from decorations provider vscode.git 11280
2024-06-20 09:58:10.956 [warning] [Decorations] CAPPING events from decorations provider vscode.git 11280
2024-06-20 09:58:16.737 [warning] [Decorations] CAPPING events from decorations provider vscode.git 11280
2024-06-20 09:58:22.336 [warning] [Decorations] CAPPING events from decorations provider vscode.git 11280
2024-06-20 09:58:27.989 [warning] [Decorations] CAPPING events from decorations provider vscode.git 11280
2024-06-20 09:58:33.555 [warning] [Decorations] CAPPING events from decorations provider vscode.git 11280
2024-06-20 09:58:39.188 [warning] [Decorations] CAPPING events from decorations provider vscode.git 11280
2024-06-20 09:58:44.813 [warning] [Decorations] CAPPING events from decorations provider vscode.git 11280
2024-06-20 09:58:50.480 [warning] [Decorations] CAPPING events from decorations provider vscode.git 11280
2024-06-20 09:58:56.008 [warning] [Decorations] CAPPING events from decorations provider vscode.git 11280
2024-06-20 09:59:01.739 [warning] [Decorations] CAPPING events from decorations provider vscode.git 11280
2024-06-20 09:59:07.240 [warning] [Decorations] CAPPING events from decorations provider vscode.git 11280
2024-06-20 09:59:12.703 [warning] [Decorations] CAPPING events from decorations provider vscode.git 11280
2024-06-20 09:59:18.268 [warning] [Decorations] CAPPING events from decorations provider vscode.git 11280
2024-06-20 09:59:23.809 [warning] [Decorations] CAPPING events from decorations provider vscode.git 11280
2024-06-20 09:59:29.180 [warning] [Decorations] CAPPING events from decorations provider vscode.git 11280
2024-06-20 09:59:34.860 [warning] [Decorations] CAPPING events from decorations provider vscode.git 11280
2024-06-20 09:59:40.495 [warning] [Decorations] CAPPING events from decorations provider vscode.git 11280
2024-06-20 09:59:45.935 [warning] [Decorations] CAPPING events from decorations provider vscode.git 11280
2024-06-20 09:59:51.498 [warning] [Decorations] CAPPING events from decorations provider vscode.git 11280
2024-06-20 09:59:57.078 [warning] [Decorations] CAPPING events from decorations provider vscode.git 11280
2024-06-20 10:00:02.651 [warning] [Decorations] CAPPING events from decorations provider vscode.git 11280
2024-06-20 10:00:08.066 [warning] [Decorations] CAPPING events from decorations provider vscode.git 11280
2024-06-20 10:00:13.470 [warning] [Decorations] CAPPING events from decorations provider vscode.git 11280
2024-06-20 10:00:18.890 [warning] [Decorations] CAPPING events from decorations provider vscode.git 11280
2024-06-20 10:00:24.463 [warning] [Decorations] CAPPING events from decorations provider vscode.git 11280
2024-06-20 10:00:31.385 [warning] [Decorations] CAPPING events from decorations provider vscode.git 11280
2024-06-20 10:00:36.946 [warning] [Decorations] CAPPING events from decorations provider vscode.git 11280
2024-06-20 10:00:42.460 [warning] [Decorations] CAPPING events from decorations provider vscode.git 11280
2024-06-20 10:00:49.265 [warning] [Decorations] CAPPING events from decorations provider vscode.git 11280
2024-06-20 10:00:54.834 [warning] [Decorations] CAPPING events from decorations provider vscode.git 11280
2024-06-20 10:01:00.339 [warning] [Decorations] CAPPING events from decorations provider vscode.git 11280
2024-06-20 10:01:05.973 [warning] [Decorations] CAPPING events from decorations provider vscode.git 11280
2024-06-20 10:01:11.487 [warning] [Decorations] CAPPING events from decorations provider vscode.git 11280
2024-06-20 10:01:17.162 [warning] [Decorations] CAPPING events from decorations provider vscode.git 11280
2024-06-20 10:01:22.734 [warning] [Decorations] CAPPING events from decorations provider vscode.git 11280
2024-06-20 10:01:28.194 [warning] [Decorations] CAPPING events from decorations provider vscode.git 11280
2024-06-20 10:01:35.793 [warning] [Decorations] CAPPING events from decorations provider vscode.git 11280
2024-06-20 10:01:41.225 [warning] [Decorations] CAPPING events from decorations provider vscode.git 11280
2024-06-20 10:01:46.745 [warning] [Decorations] CAPPING events from decorations provider vscode.git 11280
2024-06-20 10:01:52.398 [warning] [Decorations] CAPPING events from decorations provider vscode.git 11280
2024-06-20 10:01:58.131 [warning] [Decorations] CAPPING events from decorations provider vscode.git 11280
2024-06-20 10:02:03.702 [warning] [Decorations] CAPPING events from decorations provider vscode.git 11280
2024-06-20 10:02:09.146 [warning] [Decorations] CAPPING events from decorations provider vscode.git 11280
2024-06-20 10:02:14.645 [warning] [Decorations] CAPPING events from decorations provider vscode.git 11280
2024-06-20 10:02:20.089 [warning] [Decorations] CAPPING events from decorations provider vscode.git 11280
2024-06-20 10:02:25.523 [warning] [Decorations] CAPPING events from decorations provider vscode.git 11280
2024-06-20 10:02:30.882 [warning] [Decorations] CAPPING events from decorations provider vscode.git 11280
2024-06-20 10:02:36.519 [warning] [Decorations] CAPPING events from decorations provider vscode.git 11280
2024-06-20 10:02:42.015 [warning] [Decorations] CAPPING events from decorations provider vscode.git 11280
2024-06-20 10:02:47.635 [warning] [Decorations] CAPPING events from decorations provider vscode.git 11280
2024-06-20 10:02:53.268 [warning] [Decorations] CAPPING events from decorations provider vscode.git 11280
2024-06-20 10:02:58.841 [warning] [Decorations] CAPPING events from decorations provider vscode.git 11280
2024-06-20 10:03:04.318 [warning] [Decorations] CAPPING events from decorations provider vscode.git 11280
2024-06-20 10:03:09.790 [warning] [Decorations] CAPPING events from decorations provider vscode.git 11280
2024-06-20 10:03:15.347 [warning] [Decorations] CAPPING events from decorations provider vscode.git 11280
2024-06-20 10:03:20.882 [warning] [Decorations] CAPPING events from decorations provider vscode.git 11280
2024-06-20 10:03:26.301 [warning] [Decorations] CAPPING events from decorations provider vscode.git 11280
2024-06-20 10:03:31.802 [warning] [Decorations] CAPPING events from decorations provider vscode.git 11280
2024-06-20 10:03:37.350 [warning] [Decorations] CAPPING events from decorations provider vscode.git 11280
2024-06-20 10:03:43.013 [warning] [Decorations] CAPPING events from decorations provider vscode.git 11280
2024-06-20 10:03:48.586 [warning] [Decorations] CAPPING events from decorations provider vscode.git 11280
2024-06-20 10:03:54.157 [warning] [Decorations] CAPPING events from decorations provider vscode.git 11280
2024-06-20 10:03:59.606 [warning] [Decorations] CAPPING events from decorations provider vscode.git 11280
2024-06-20 10:04:05.377 [warning] [Decorations] CAPPING events from decorations provider vscode.git 11280
2024-06-20 10:04:10.842 [warning] [Decorations] CAPPING events from decorations provider vscode.git 11280
2024-06-20 10:04:16.426 [warning] [Decorations] CAPPING events from decorations provider vscode.git 11280
2024-06-20 10:04:21.814 [warning] [Decorations] CAPPING events from decorations provider vscode.git 11280
2024-06-20 10:04:27.544 [warning] [Decorations] CAPPING events from decorations provider vscode.git 11280
2024-06-20 10:04:33.160 [warning] [Decorations] CAPPING events from decorations provider vscode.git 11280
2024-06-20 10:04:38.715 [warning] [Decorations] CAPPING events from decorations provider vscode.git 11280
2024-06-20 10:04:44.239 [warning] [Decorations] CAPPING events from decorations provider vscode.git 11280
2024-06-20 10:04:49.725 [warning] [Decorations] CAPPING events from decorations provider vscode.git 11280
2024-06-20 10:04:55.365 [warning] [Decorations] CAPPING events from decorations provider vscode.git 11280
2024-06-20 10:05:00.907 [warning] [Decorations] CAPPING events from decorations provider vscode.git 11280
2024-06-20 10:05:06.450 [warning] [Decorations] CAPPING events from decorations provider vscode.git 11280
2024-06-20 10:05:11.938 [warning] [Decorations] CAPPING events from decorations provider vscode.git 11280
2024-06-20 10:05:17.384 [warning] [Decorations] CAPPING events from decorations provider vscode.git 11280
2024-06-20 10:05:22.922 [warning] [Decorations] CAPPING events from decorations provider vscode.git 11280
2024-06-20 10:05:28.384 [warning] [Decorations] CAPPING events from decorations provider vscode.git 11280
2024-06-20 10:05:33.787 [warning] [Decorations] CAPPING events from decorations provider vscode.git 11280
2024-06-20 10:05:39.254 [warning] [Decorations] CAPPING events from decorations provider vscode.git 11280
2024-06-20 10:05:44.860 [warning] [Decorations] CAPPING events from decorations provider vscode.git 11280
2024-06-20 10:05:50.374 [warning] [Decorations] CAPPING events from decorations provider vscode.git 11280
2024-06-20 10:05:56.054 [warning] [Decorations] CAPPING events from decorations provider vscode.git 11280
2024-06-20 10:06:01.531 [warning] [Decorations] CAPPING events from decorations provider vscode.git 11280
2024-06-20 10:06:06.928 [warning] [Decorations] CAPPING events from decorations provider vscode.git 11280
2024-06-20 10:06:12.404 [warning] [Decorations] CAPPING events from decorations provider vscode.git 11280
2024-06-20 10:06:17.990 [warning] [Decorations] CAPPING events from decorations provider vscode.git 11280
2024-06-20 10:06:23.470 [warning] [Decorations] CAPPING events from decorations provider vscode.git 11280
2024-06-20 10:06:28.932 [warning] [Decorations] CAPPING events from decorations provider vscode.git 11280
2024-06-20 10:06:34.522 [warning] [Decorations] CAPPING events from decorations provider vscode.git 11280
2024-06-20 10:06:39.894 [warning] [Decorations] CAPPING events from decorations provider vscode.git 11280
2024-06-20 10:06:45.378 [warning] [Decorations] CAPPING events from decorations provider vscode.git 11280
2024-06-20 10:06:50.942 [warning] [Decorations] CAPPING events from decorations provider vscode.git 11280
2024-06-20 10:06:56.491 [warning] [Decorations] CAPPING events from decorations provider vscode.git 11280
2024-06-20 10:07:01.934 [warning] [Decorations] CAPPING events from decorations provider vscode.git 11280
2024-06-20 10:07:07.375 [warning] [Decorations] CAPPING events from decorations provider vscode.git 11280
2024-06-20 10:07:12.942 [warning] [Decorations] CAPPING events from decorations provider vscode.git 11280
2024-06-20 10:07:18.564 [warning] [Decorations] CAPPING events from decorations provider vscode.git 11280
2024-06-20 10:07:23.978 [warning] [Decorations] CAPPING events from decorations provider vscode.git 11280
2024-06-20 10:07:29.353 [warning] [Decorations] CAPPING events from decorations provider vscode.git 11280
2024-06-20 10:07:34.819 [warning] [Decorations] CAPPING events from decorations provider vscode.git 11280
2024-06-20 10:07:40.273 [warning] [Decorations] CAPPING events from decorations provider vscode.git 11280
2024-06-20 10:07:45.666 [warning] [Decorations] CAPPING events from decorations provider vscode.git 11280
2024-06-20 10:07:51.230 [warning] [Decorations] CAPPING events from decorations provider vscode.git 11280
2024-06-20 10:07:56.628 [warning] [Decorations] CAPPING events from decorations provider vscode.git 11280
2024-06-20 10:08:01.997 [warning] [Decorations] CAPPING events from decorations provider vscode.git 11280
2024-06-20 10:08:07.614 [warning] [Decorations] CAPPING events from decorations provider vscode.git 11280
2024-06-20 10:08:13.006 [warning] [Decorations] CAPPING events from decorations provider vscode.git 11280
2024-06-20 10:08:18.365 [warning] [Decorations] CAPPING events from decorations provider vscode.git 11280
2024-06-20 10:08:23.801 [warning] [Decorations] CAPPING events from decorations provider vscode.git 11280
2024-06-20 10:08:29.247 [warning] [Decorations] CAPPING events from decorations provider vscode.git 11280
2024-06-20 10:08:34.737 [warning] [Decorations] CAPPING events from decorations provider vscode.git 11280
2024-06-20 10:08:40.178 [warning] [Decorations] CAPPING events from decorations provider vscode.git 11280
2024-06-20 10:08:45.606 [warning] [Decorations] CAPPING events from decorations provider vscode.git 11280
2024-06-20 10:08:51.162 [warning] [Decorations] CAPPING events from decorations provider vscode.git 11280
2024-06-20 10:08:56.693 [warning] [Decorations] CAPPING events from decorations provider vscode.git 11280
2024-06-20 10:09:02.105 [warning] [Decorations] CAPPING events from decorations provider vscode.git 11280
2024-06-20 10:09:07.604 [warning] [Decorations] CAPPING events from decorations provider vscode.git 11280
2024-06-20 10:09:12.940 [warning] [Decorations] CAPPING events from decorations provider vscode.git 11280
2024-06-20 10:09:18.382 [warning] [Decorations] CAPPING events from decorations provider vscode.git 11280
2024-06-20 10:09:23.975 [warning] [Decorations] CAPPING events from decorations provider vscode.git 11280
2024-06-20 10:09:29.387 [warning] [Decorations] CAPPING events from decorations provider vscode.git 11280
2024-06-20 10:09:34.975 [warning] [Decorations] CAPPING events from decorations provider vscode.git 11280
2024-06-20 10:09:40.382 [warning] [Decorations] CAPPING events from decorations provider vscode.git 11280
2024-06-20 10:09:45.889 [warning] [Decorations] CAPPING events from decorations provider vscode.git 11280
2024-06-20 10:09:51.288 [warning] [Decorations] CAPPING events from decorations provider vscode.git 11280
2024-06-20 10:09:56.786 [warning] [Decorations] CAPPING events from decorations provider vscode.git 11280
2024-06-20 10:10:02.173 [warning] [Decorations] CAPPING events from decorations provider vscode.git 11280
2024-06-20 10:10:07.722 [warning] [Decorations] CAPPING events from decorations provider vscode.git 11280
2024-06-20 10:10:13.226 [warning] [Decorations] CAPPING events from decorations provider vscode.git 11280
2024-06-20 10:10:18.641 [warning] [Decorations] CAPPING events from decorations provider vscode.git 11280
2024-06-20 10:10:24.033 [warning] [Decorations] CAPPING events from decorations provider vscode.git 11280
2024-06-20 10:10:29.537 [warning] [Decorations] CAPPING events from decorations provider vscode.git 11280
2024-06-20 10:10:34.894 [warning] [Decorations] CAPPING events from decorations provider vscode.git 11280
2024-06-20 10:10:40.251 [warning] [Decorations] CAPPING events from decorations provider vscode.git 11280
2024-06-20 10:10:45.655 [warning] [Decorations] CAPPING events from decorations provider vscode.git 11280
2024-06-20 10:10:51.092 [warning] [Decorations] CAPPING events from decorations provider vscode.git 11280
2024-06-20 10:10:56.431 [warning] [Decorations] CAPPING events from decorations provider vscode.git 11280
2024-06-20 10:11:01.856 [warning] [Decorations] CAPPING events from decorations provider vscode.git 11280
2024-06-20 10:11:07.420 [warning] [Decorations] CAPPING events from decorations provider vscode.git 11280
2024-06-20 10:11:13.914 [warning] [Decorations] CAPPING events from decorations provider vscode.git 11280
2024-06-20 10:11:19.332 [warning] [Decorations] CAPPING events from decorations provider vscode.git 11280
2024-06-20 10:11:24.713 [warning] [Decorations] CAPPING events from decorations provider vscode.git 11280
2024-06-20 10:11:30.085 [warning] [Decorations] CAPPING events from decorations provider vscode.git 11280
2024-06-20 10:11:35.497 [warning] [Decorations] CAPPING events from decorations provider vscode.git 11280
2024-06-20 10:11:40.917 [warning] [Decorations] CAPPING events from decorations provider vscode.git 11280
2024-06-20 10:11:46.272 [warning] [Decorations] CAPPING events from decorations provider vscode.git 11280
2024-06-20 10:11:51.669 [warning] [Decorations] CAPPING events from decorations provider vscode.git 11280
2024-06-20 10:11:57.061 [warning] [Decorations] CAPPING events from decorations provider vscode.git 11280
2024-06-20 10:12:02.416 [warning] [Decorations] CAPPING events from decorations provider vscode.git 11280
2024-06-20 10:12:07.791 [warning] [Decorations] CAPPING events from decorations provider vscode.git 11280
2024-06-20 10:12:13.224 [warning] [Decorations] CAPPING events from decorations provider vscode.git 11280
2024-06-20 10:12:18.724 [warning] [Decorations] CAPPING events from decorations provider vscode.git 11280
2024-06-20 10:12:24.110 [warning] [Decorations] CAPPING events from decorations provider vscode.git 11280
2024-06-20 10:12:29.704 [warning] [Decorations] CAPPING events from decorations provider vscode.git 11280
2024-06-20 10:12:35.108 [warning] [Decorations] CAPPING events from decorations provider vscode.git 11280
2024-06-20 10:12:40.489 [warning] [Decorations] CAPPING events from decorations provider vscode.git 11280
2024-06-20 10:12:45.932 [warning] [Decorations] CAPPING events from decorations provider vscode.git 11280
2024-06-20 10:12:51.306 [warning] [Decorations] CAPPING events from decorations provider vscode.git 11280
2024-06-20 10:12:56.702 [warning] [Decorations] CAPPING events from decorations provider vscode.git 11280
2024-06-20 10:13:02.069 [warning] [Decorations] CAPPING events from decorations provider vscode.git 11280
2024-06-20 10:13:07.455 [warning] [Decorations] CAPPING events from decorations provider vscode.git 11280
2024-06-20 10:13:12.800 [warning] [Decorations] CAPPING events from decorations provider vscode.git 11280
2024-06-20 10:13:18.224 [warning] [Decorations] CAPPING events from decorations provider vscode.git 11280
2024-06-20 10:13:23.580 [warning] [Decorations] CAPPING events from decorations provider vscode.git 11280
2024-06-20 10:13:28.931 [warning] [Decorations] CAPPING events from decorations provider vscode.git 11280
2024-06-20 10:13:34.329 [warning] [Decorations] CAPPING events from decorations provider vscode.git 11280
2024-06-20 10:13:39.692 [warning] [Decorations] CAPPING events from decorations provider vscode.git 11280
2024-06-20 10:13:45.231 [warning] [Decorations] CAPPING events from decorations provider vscode.git 11280
2024-06-20 10:13:50.579 [warning] [Decorations] CAPPING events from decorations provider vscode.git 11280
2024-06-20 10:13:56.006 [warning] [Decorations] CAPPING events from decorations provider vscode.git 11280
2024-06-20 10:14:01.445 [warning] [Decorations] CAPPING events from decorations provider vscode.git 11280
2024-06-20 10:14:06.796 [warning] [Decorations] CAPPING events from decorations provider vscode.git 11280
2024-06-20 10:14:12.228 [warning] [Decorations] CAPPING events from decorations provider vscode.git 11280
2024-06-20 10:14:17.593 [warning] [Decorations] CAPPING events from decorations provider vscode.git 11280
2024-06-20 10:14:22.991 [warning] [Decorations] CAPPING events from decorations provider vscode.git 11280
2024-06-20 10:14:28.389 [warning] [Decorations] CAPPING events from decorations provider vscode.git 11280
2024-06-20 10:14:33.771 [warning] [Decorations] CAPPING events from decorations provider vscode.git 11280
2024-06-20 10:14:39.145 [warning] [Decorations] CAPPING events from decorations provider vscode.git 11280
2024-06-20 10:14:44.517 [warning] [Decorations] CAPPING events from decorations provider vscode.git 11280
2024-06-20 10:14:50.041 [warning] [Decorations] CAPPING events from decorations provider vscode.git 11280
2024-06-20 10:14:55.457 [warning] [Decorations] CAPPING events from decorations provider vscode.git 11280
2024-06-20 10:15:00.827 [warning] [Decorations] CAPPING events from decorations provider vscode.git 11280
2024-06-20 10:15:06.195 [warning] [Decorations] CAPPING events from decorations provider vscode.git 11280
2024-06-20 10:15:11.788 [warning] [Decorations] CAPPING events from decorations provider vscode.git 11280
2024-06-20 10:15:17.138 [warning] [Decorations] CAPPING events from decorations provider vscode.git 11280
2024-06-20 10:15:22.488 [warning] [Decorations] CAPPING events from decorations provider vscode.git 11280
2024-06-20 10:15:27.998 [warning] [Decorations] CAPPING events from decorations provider vscode.git 11280
2024-06-20 10:15:33.446 [warning] [Decorations] CAPPING events from decorations provider vscode.git 11280
2024-06-20 10:15:38.886 [warning] [Decorations] CAPPING events from decorations provider vscode.git 11280
2024-06-20 10:15:44.311 [warning] [Decorations] CAPPING events from decorations provider vscode.git 11280
2024-06-20 10:18:01.908 [warning] [Decorations] CAPPING events from decorations provider vscode.git 11280
2024-06-20 10:18:07.338 [warning] [Decorations] CAPPING events from decorations provider vscode.git 11283
2024-06-20 10:18:12.702 [warning] [Decorations] CAPPING events from decorations provider vscode.git 11283
2024-06-20 10:18:18.063 [warning] [Decorations] CAPPING events from decorations provider vscode.git 11283
2024-06-20 10:18:24.430 [warning] [Decorations] CAPPING events from decorations provider vscode.git 11283
2024-06-20 10:18:29.817 [warning] [Decorations] CAPPING events from decorations provider vscode.git 11283
2024-06-20 10:18:35.278 [warning] [Decorations] CAPPING events from decorations provider vscode.git 11283
2024-06-20 10:18:40.662 [warning] [Decorations] CAPPING events from decorations provider vscode.git 11283
2024-06-20 10:18:48.812 [warning] [Decorations] CAPPING events from decorations provider vscode.git 11283
2024-06-20 10:18:54.207 [warning] [Decorations] CAPPING events from decorations provider vscode.git 11283
2024-06-20 10:19:00.560 [warning] [Decorations] CAPPING events from decorations provider vscode.git 11283
2024-06-20 10:19:05.945 [warning] [Decorations] CAPPING events from decorations provider vscode.git 11283
2024-06-20 10:19:11.316 [warning] [Decorations] CAPPING events from decorations provider vscode.git 11283
2024-06-20 10:19:16.703 [warning] [Decorations] CAPPING events from decorations provider vscode.git 11283
2024-06-20 10:19:22.201 [warning] [Decorations] CAPPING events from decorations provider vscode.git 11283
2024-06-20 10:19:27.698 [warning] [Decorations] CAPPING events from decorations provider vscode.git 11283
2024-06-20 10:19:33.237 [warning] [Decorations] CAPPING events from decorations provider vscode.git 11283
2024-06-20 10:19:38.664 [warning] [Decorations] CAPPING events from decorations provider vscode.git 11283
2024-06-20 10:19:44.091 [warning] [Decorations] CAPPING events from decorations provider vscode.git 11283
2024-06-20 10:19:49.438 [warning] [Decorations] CAPPING events from decorations provider vscode.git 11283
2024-06-20 10:19:54.943 [warning] [Decorations] CAPPING events from decorations provider vscode.git 11283
2024-06-20 10:20:00.317 [warning] [Decorations] CAPPING events from decorations provider vscode.git 11283
2024-06-20 10:20:05.712 [warning] [Decorations] CAPPING events from decorations provider vscode.git 11283
2024-06-20 10:20:11.080 [warning] [Decorations] CAPPING events from decorations provider vscode.git 11283
2024-06-20 10:20:16.454 [warning] [Decorations] CAPPING events from decorations provider vscode.git 11283
2024-06-20 10:20:21.807 [warning] [Decorations] CAPPING events from decorations provider vscode.git 11283
2024-06-20 10:20:27.234 [warning] [Decorations] CAPPING events from decorations provider vscode.git 11283
2024-06-20 10:20:32.673 [warning] [Decorations] CAPPING events from decorations provider vscode.git 11283
2024-06-20 10:20:38.031 [warning] [Decorations] CAPPING events from decorations provider vscode.git 11283
2024-06-20 10:20:43.457 [warning] [Decorations] CAPPING events from decorations provider vscode.git 11283
2024-06-20 10:20:50.924 [warning] [Decorations] CAPPING events from decorations provider vscode.git 11283
2024-06-20 10:21:02.834 [warning] [Decorations] CAPPING events from decorations provider vscode.git 11283
2024-06-20 11:15:04.507 [warning] [Decorations] CAPPING events from decorations provider vscode.git 11283
2024-06-20 11:15:09.924 [warning] [Decorations] CAPPING events from decorations provider vscode.git 11283
2024-06-20 11:15:15.359 [warning] [Decorations] CAPPING events from decorations provider vscode.git 11283
2024-06-20 11:15:20.731 [warning] [Decorations] CAPPING events from decorations provider vscode.git 11283
2024-06-20 11:15:26.093 [warning] [Decorations] CAPPING events from decorations provider vscode.git 11283
2024-06-20 11:15:31.458 [warning] [Decorations] CAPPING events from decorations provider vscode.git 11283
2024-06-20 11:15:36.838 [warning] [Decorations] CAPPING events from decorations provider vscode.git 11283
2024-06-20 11:15:43.233 [warning] [Decorations] CAPPING events from decorations provider vscode.git 11283
2024-06-20 11:15:48.602 [warning] [Decorations] CAPPING events from decorations provider vscode.git 11283
2024-06-20 11:15:53.958 [warning] [Decorations] CAPPING events from decorations provider vscode.git 11283
2024-06-20 11:15:59.283 [warning] [Decorations] CAPPING events from decorations provider vscode.git 11283
2024-06-20 11:16:04.635 [warning] [Decorations] CAPPING events from decorations provider vscode.git 11283
2024-06-20 11:16:10.018 [warning] [Decorations] CAPPING events from decorations provider vscode.git 11283
2024-06-20 11:16:15.383 [warning] [Decorations] CAPPING events from decorations provider vscode.git 11283
2024-06-20 11:16:20.743 [warning] [Decorations] CAPPING events from decorations provider vscode.git 11283
2024-06-20 11:16:26.085 [warning] [Decorations] CAPPING events from decorations provider vscode.git 11283
2024-06-20 11:16:31.440 [warning] [Decorations] CAPPING events from decorations provider vscode.git 11283
2024-06-20 11:16:36.819 [warning] [Decorations] CAPPING events from decorations provider vscode.git 11285
2024-06-20 11:16:42.241 [warning] [Decorations] CAPPING events from decorations provider vscode.git 11285
2024-06-20 11:16:47.612 [warning] [Decorations] CAPPING events from decorations provider vscode.git 11285
2024-06-20 11:16:53.012 [warning] [Decorations] CAPPING events from decorations provider vscode.git 11285
2024-06-20 11:16:58.371 [warning] [Decorations] CAPPING events from decorations provider vscode.git 11285
2024-06-20 11:17:03.762 [warning] [Decorations] CAPPING events from decorations provider vscode.git 11285
2024-06-20 11:17:10.221 [warning] [Decorations] CAPPING events from decorations provider vscode.git 11285
2024-06-20 11:17:15.655 [warning] [Decorations] CAPPING events from decorations provider vscode.git 11285
2024-06-20 11:17:22.206 [warning] [Decorations] CAPPING events from decorations provider vscode.git 11285
2024-06-20 11:17:27.583 [warning] [Decorations] CAPPING events from decorations provider vscode.git 11285
2024-06-20 11:17:32.927 [warning] [Decorations] CAPPING events from decorations provider vscode.git 11285
2024-06-20 11:17:38.287 [warning] [Decorations] CAPPING events from decorations provider vscode.git 11285
2024-06-20 11:17:43.678 [warning] [Decorations] CAPPING events from decorations provider vscode.git 11285
2024-06-20 11:17:49.107 [warning] [Decorations] CAPPING events from decorations provider vscode.git 11285
2024-06-20 11:17:54.469 [warning] [Decorations] CAPPING events from decorations provider vscode.git 11285
2024-06-20 11:17:59.850 [warning] [Decorations] CAPPING events from decorations provider vscode.git 11285
2024-06-20 11:18:05.179 [warning] [Decorations] CAPPING events from decorations provider vscode.git 11285
2024-06-20 11:18:10.586 [warning] [Decorations] CAPPING events from decorations provider vscode.git 11285
2024-06-20 11:18:16.063 [warning] [Decorations] CAPPING events from decorations provider vscode.git 11285
2024-06-20 11:19:47.820 [warning] [Decorations] CAPPING events from decorations provider vscode.git 11285
2024-06-20 11:19:53.189 [warning] [Decorations] CAPPING events from decorations provider vscode.git 11285
2024-06-20 11:19:58.569 [warning] [Decorations] CAPPING events from decorations provider vscode.git 11285
2024-06-20 11:20:03.929 [warning] [Decorations] CAPPING events from decorations provider vscode.git 11285
2024-06-20 11:20:09.306 [warning] [Decorations] CAPPING events from decorations provider vscode.git 11285
2024-06-20 11:20:14.708 [warning] [Decorations] CAPPING events from decorations provider vscode.git 11286
2024-06-20 11:20:21.096 [warning] [Decorations] CAPPING events from decorations provider vscode.git 11289
2024-06-20 11:20:26.475 [warning] [Decorations] CAPPING events from decorations provider vscode.git 11289
2024-06-20 11:20:31.978 [warning] [Decorations] CAPPING events from decorations provider vscode.git 11289
2024-06-20 11:20:37.355 [warning] [Decorations] CAPPING events from decorations provider vscode.git 11289
2024-06-20 11:20:42.772 [warning] [Decorations] CAPPING events from decorations provider vscode.git 11289
2024-06-20 11:20:48.154 [warning] [Decorations] CAPPING events from decorations provider vscode.git 11289
2024-06-20 11:20:53.554 [warning] [Decorations] CAPPING events from decorations provider vscode.git 11289
2024-06-20 11:20:58.961 [warning] [Decorations] CAPPING events from decorations provider vscode.git 11289
2024-06-20 11:21:06.369 [warning] [Decorations] CAPPING events from decorations provider vscode.git 11289
2024-06-20 11:21:11.724 [warning] [Decorations] CAPPING events from decorations provider vscode.git 11289
2024-06-20 11:21:17.108 [warning] [Decorations] CAPPING events from decorations provider vscode.git 11289
2024-06-20 11:21:23.647 [warning] [Decorations] CAPPING events from decorations provider vscode.git 11289
2024-06-20 11:21:29.026 [warning] [Decorations] CAPPING events from decorations provider vscode.git 11289
2024-06-20 11:21:34.424 [warning] [Decorations] CAPPING events from decorations provider vscode.git 11289
2024-06-20 11:21:39.797 [warning] [Decorations] CAPPING events from decorations provider vscode.git 11289
2024-06-20 11:21:45.150 [warning] [Decorations] CAPPING events from decorations provider vscode.git 11289
2024-06-20 11:21:51.537 [warning] [Decorations] CAPPING events from decorations provider vscode.git 11289
2024-06-20 11:21:57.050 [warning] [Decorations] CAPPING events from decorations provider vscode.git 11289
2024-06-20 11:22:02.436 [warning] [Decorations] CAPPING events from decorations provider vscode.git 11289
2024-06-20 11:22:07.823 [warning] [Decorations] CAPPING events from decorations provider vscode.git 11289
2024-06-20 11:22:13.174 [warning] [Decorations] CAPPING events from decorations provider vscode.git 11289
2024-06-20 11:22:24.549 [warning] [Decorations] CAPPING events from decorations provider vscode.git 11289
2024-06-20 11:22:30.132 [warning] [Decorations] CAPPING events from decorations provider vscode.git 11289
2024-06-20 11:22:35.498 [warning] [Decorations] CAPPING events from decorations provider vscode.git 11289
2024-06-20 11:22:40.847 [warning] [Decorations] CAPPING events from decorations provider vscode.git 11289
2024-06-20 11:22:46.177 [warning] [Decorations] CAPPING events from decorations provider vscode.git 11289
2024-06-20 11:22:51.565 [warning] [Decorations] CAPPING events from decorations provider vscode.git 11289
2024-06-20 11:22:56.930 [warning] [Decorations] CAPPING events from decorations provider vscode.git 11289
2024-06-20 11:23:02.282 [warning] [Decorations] CAPPING events from decorations provider vscode.git 11289
2024-06-20 11:23:07.718 [warning] [Decorations] CAPPING events from decorations provider vscode.git 11289
2024-06-20 11:23:13.084 [warning] [Decorations] CAPPING events from decorations provider vscode.git 11289
2024-06-20 11:23:14.152 [info] Extension host terminating: received terminate message from renderer
2024-06-20 11:23:14.152 [info] Lock '/home/ndao/.vscode-server/data/User/workspaceStorage/38a21d1cb963b8ec61341b0b4eb2fb76/vscode.lock': Marking the lockfile as scheduled to be released in 6000 ms.
2024-06-20 11:23:14.204 [error] Canceled: Canceled
	at new A (/home/ndao/.vscode-server/bin/611f9bfce64f25108829dd295f54a6894e87339d/out/vs/workbench/api/node/extensionHostProcess.js:145:50615)
	at E.U (/home/ndao/.vscode-server/bin/611f9bfce64f25108829dd295f54a6894e87339d/out/vs/workbench/api/node/extensionHostProcess.js:152:6007)
	at z.<computed>.M.charCodeAt.R.CharCode.DollarSign.z.<computed> (/home/ndao/.vscode-server/bin/611f9bfce64f25108829dd295f54a6894e87339d/out/vs/workbench/api/node/extensionHostProcess.js:152:3091)
	at h.g (/home/ndao/.vscode-server/bin/611f9bfce64f25108829dd295f54a6894e87339d/out/vs/workbench/api/node/extensionHostProcess.js:155:199935)
	at h.executeCommand (/home/ndao/.vscode-server/bin/611f9bfce64f25108829dd295f54a6894e87339d/out/vs/workbench/api/node/extensionHostProcess.js:155:199373)
	at I.registerCommand.description (/home/ndao/.vscode-server/bin/611f9bfce64f25108829dd295f54a6894e87339d/out/vs/workbench/api/node/extensionHostProcess.js:155:198697)
	at h (/home/ndao/.vscode-server/bin/611f9bfce64f25108829dd295f54a6894e87339d/out/vs/workbench/api/node/extensionHostProcess.js:155:200474)
	at h.g (/home/ndao/.vscode-server/bin/611f9bfce64f25108829dd295f54a6894e87339d/out/vs/workbench/api/node/extensionHostProcess.js:155:199466)
	at h.executeCommand (/home/ndao/.vscode-server/bin/611f9bfce64f25108829dd295f54a6894e87339d/out/vs/workbench/api/node/extensionHostProcess.js:155:199373)
	at Object.executeCommand (/home/ndao/.vscode-server/bin/611f9bfce64f25108829dd295f54a6894e87339d/out/vs/workbench/api/node/extensionHostProcess.js:165:22742)
	at n.O [as value] (/home/ndao/.vscode-server/bin/611f9bfce64f25108829dd295f54a6894e87339d/extensions/git/dist/main.js:2:945191)
	at l.y (/home/ndao/.vscode-server/bin/611f9bfce64f25108829dd295f54a6894e87339d/out/vs/workbench/api/node/extensionHostProcess.js:82:664)
	at l.z (/home/ndao/.vscode-server/bin/611f9bfce64f25108829dd295f54a6894e87339d/out/vs/workbench/api/node/extensionHostProcess.js:82:734)
	at l.fire (/home/ndao/.vscode-server/bin/611f9bfce64f25108829dd295f54a6894e87339d/out/vs/workbench/api/node/extensionHostProcess.js:82:950)
	at Object.p [as dispose] (/home/ndao/.vscode-server/bin/611f9bfce64f25108829dd295f54a6894e87339d/extensions/git/dist/main.js:2:964275)
	at /home/ndao/.vscode-server/bin/611f9bfce64f25108829dd295f54a6894e87339d/extensions/git/dist/main.js:2:970313
	at Array.forEach (<anonymous>)
	at f.dispose (/home/ndao/.vscode-server/bin/611f9bfce64f25108829dd295f54a6894e87339d/extensions/git/dist/main.js:2:970299)
	at a.<anonymous> (/home/ndao/.vscode-server/bin/611f9bfce64f25108829dd295f54a6894e87339d/out/vs/workbench/api/node/extensionHostProcess.js:153:4032)
	at a.dispose (/home/ndao/.vscode-server/bin/611f9bfce64f25108829dd295f54a6894e87339d/out/vs/workbench/api/node/extensionHostProcess.js:153:4129)
	at a.<anonymous> (/home/ndao/.vscode-server/bin/611f9bfce64f25108829dd295f54a6894e87339d/extensions/git/dist/main.js:2:947448)
	at a.dispose (/home/ndao/.vscode-server/bin/611f9bfce64f25108829dd295f54a6894e87339d/out/vs/workbench/api/node/extensionHostProcess.js:153:4129)
	at f (/home/ndao/.vscode-server/bin/611f9bfce64f25108829dd295f54a6894e87339d/out/vs/workbench/api/node/extensionHostProcess.js:30:744)
	at u.eb (/home/ndao/.vscode-server/bin/611f9bfce64f25108829dd295f54a6894e87339d/out/vs/workbench/api/node/extensionHostProcess.js:161:9991)
	at /home/ndao/.vscode-server/bin/611f9bfce64f25108829dd295f54a6894e87339d/out/vs/workbench/api/node/extensionHostProcess.js:161:7867
	at Array.map (<anonymous>)
	at u.$ (/home/ndao/.vscode-server/bin/611f9bfce64f25108829dd295f54a6894e87339d/out/vs/workbench/api/node/extensionHostProcess.js:161:7854)
	at u.terminate (/home/ndao/.vscode-server/bin/611f9bfce64f25108829dd295f54a6894e87339d/out/vs/workbench/api/node/extensionHostProcess.js:161:8127)
	at f.terminate (/home/ndao/.vscode-server/bin/611f9bfce64f25108829dd295f54a6894e87339d/out/vs/workbench/api/node/extensionHostProcess.js:165:1513)
	at t (/home/ndao/.vscode-server/bin/611f9bfce64f25108829dd295f54a6894e87339d/out/vs/workbench/api/node/extensionHostProcess.js:178:10459)
	at n.value (/home/ndao/.vscode-server/bin/611f9bfce64f25108829dd295f54a6894e87339d/out/vs/workbench/api/node/extensionHostProcess.js:178:8427)
	at l.y (/home/ndao/.vscode-server/bin/611f9bfce64f25108829dd295f54a6894e87339d/out/vs/workbench/api/node/extensionHostProcess.js:82:664)
	at l.fire (/home/ndao/.vscode-server/bin/611f9bfce64f25108829dd295f54a6894e87339d/out/vs/workbench/api/node/extensionHostProcess.js:82:881)
	at s.fire (/home/ndao/.vscode-server/bin/611f9bfce64f25108829dd295f54a6894e87339d/out/vs/workbench/api/node/extensionHostProcess.js:107:14502)
	at h.z (/home/ndao/.vscode-server/bin/611f9bfce64f25108829dd295f54a6894e87339d/out/vs/workbench/api/node/extensionHostProcess.js:107:17638)
	at n.value (/home/ndao/.vscode-server/bin/611f9bfce64f25108829dd295f54a6894e87339d/out/vs/workbench/api/node/extensionHostProcess.js:107:16019)
	at l.y (/home/ndao/.vscode-server/bin/611f9bfce64f25108829dd295f54a6894e87339d/out/vs/workbench/api/node/extensionHostProcess.js:82:664)
	at l.fire (/home/ndao/.vscode-server/bin/611f9bfce64f25108829dd295f54a6894e87339d/out/vs/workbench/api/node/extensionHostProcess.js:82:881)
	at u.acceptChunk (/home/ndao/.vscode-server/bin/611f9bfce64f25108829dd295f54a6894e87339d/out/vs/workbench/api/node/extensionHostProcess.js:107:12248)
	at n.value (/home/ndao/.vscode-server/bin/611f9bfce64f25108829dd295f54a6894e87339d/out/vs/workbench/api/node/extensionHostProcess.js:107:11518)
	at l.y (/home/ndao/.vscode-server/bin/611f9bfce64f25108829dd295f54a6894e87339d/out/vs/workbench/api/node/extensionHostProcess.js:82:664)
	at l.fire (/home/ndao/.vscode-server/bin/611f9bfce64f25108829dd295f54a6894e87339d/out/vs/workbench/api/node/extensionHostProcess.js:82:881)
	at n.z (/home/ndao/.vscode-server/bin/611f9bfce64f25108829dd295f54a6894e87339d/out/vs/workbench/api/node/extensionHostProcess.js:175:20497)
	at n.acceptFrame (/home/ndao/.vscode-server/bin/611f9bfce64f25108829dd295f54a6894e87339d/out/vs/workbench/api/node/extensionHostProcess.js:175:20303)
	at g.n (/home/ndao/.vscode-server/bin/611f9bfce64f25108829dd295f54a6894e87339d/out/vs/workbench/api/node/extensionHostProcess.js:175:18748)
	at /home/ndao/.vscode-server/bin/611f9bfce64f25108829dd295f54a6894e87339d/out/vs/workbench/api/node/extensionHostProcess.js:175:15675
	at Socket.w (/home/ndao/.vscode-server/bin/611f9bfce64f25108829dd295f54a6894e87339d/out/vs/workbench/api/node/extensionHostProcess.js:175:13305)
	at Socket.emit (node:events:518:28)
	at addChunk (node:internal/streams/readable:559:12)
	at readableAddChunkPushByteMode (node:internal/streams/readable:510:3)
	at Readable.push (node:internal/streams/readable:390:5)
	at TCP.onStreamRead (node:internal/stream_base_commons:190:23) setContext undefined
2024-06-20 11:23:14.204 [error] Canceled: Canceled
	at new A (/home/ndao/.vscode-server/bin/611f9bfce64f25108829dd295f54a6894e87339d/out/vs/workbench/api/node/extensionHostProcess.js:145:50615)
	at E.U (/home/ndao/.vscode-server/bin/611f9bfce64f25108829dd295f54a6894e87339d/out/vs/workbench/api/node/extensionHostProcess.js:152:6007)
	at z.<computed>.M.charCodeAt.R.CharCode.DollarSign.z.<computed> (/home/ndao/.vscode-server/bin/611f9bfce64f25108829dd295f54a6894e87339d/out/vs/workbench/api/node/extensionHostProcess.js:152:3091)
	at h.g (/home/ndao/.vscode-server/bin/611f9bfce64f25108829dd295f54a6894e87339d/out/vs/workbench/api/node/extensionHostProcess.js:155:199935)
	at h.executeCommand (/home/ndao/.vscode-server/bin/611f9bfce64f25108829dd295f54a6894e87339d/out/vs/workbench/api/node/extensionHostProcess.js:155:199373)
	at I.registerCommand.description (/home/ndao/.vscode-server/bin/611f9bfce64f25108829dd295f54a6894e87339d/out/vs/workbench/api/node/extensionHostProcess.js:155:198697)
	at h (/home/ndao/.vscode-server/bin/611f9bfce64f25108829dd295f54a6894e87339d/out/vs/workbench/api/node/extensionHostProcess.js:155:200474)
	at h.g (/home/ndao/.vscode-server/bin/611f9bfce64f25108829dd295f54a6894e87339d/out/vs/workbench/api/node/extensionHostProcess.js:155:199466)
	at h.executeCommand (/home/ndao/.vscode-server/bin/611f9bfce64f25108829dd295f54a6894e87339d/out/vs/workbench/api/node/extensionHostProcess.js:155:199373)
	at Object.executeCommand (/home/ndao/.vscode-server/bin/611f9bfce64f25108829dd295f54a6894e87339d/out/vs/workbench/api/node/extensionHostProcess.js:165:22742)
	at set hasGitHubRepositories [as hasGitHubRepositories] (/home/ndao/.vscode-server/bin/611f9bfce64f25108829dd295f54a6894e87339d/extensions/github/dist/extension.js:2:322969)
	at /home/ndao/.vscode-server/bin/611f9bfce64f25108829dd295f54a6894e87339d/extensions/github/dist/extension.js:2:323928
	at n.value (/home/ndao/.vscode-server/bin/611f9bfce64f25108829dd295f54a6894e87339d/extensions/git/dist/main.js:2:1050764)
	at l.y (/home/ndao/.vscode-server/bin/611f9bfce64f25108829dd295f54a6894e87339d/out/vs/workbench/api/node/extensionHostProcess.js:82:664)
	at l.z (/home/ndao/.vscode-server/bin/611f9bfce64f25108829dd295f54a6894e87339d/out/vs/workbench/api/node/extensionHostProcess.js:82:734)
	at l.fire (/home/ndao/.vscode-server/bin/611f9bfce64f25108829dd295f54a6894e87339d/out/vs/workbench/api/node/extensionHostProcess.js:82:950)
	at Object.p [as dispose] (/home/ndao/.vscode-server/bin/611f9bfce64f25108829dd295f54a6894e87339d/extensions/git/dist/main.js:2:964275)
	at /home/ndao/.vscode-server/bin/611f9bfce64f25108829dd295f54a6894e87339d/extensions/git/dist/main.js:2:970313
	at Array.forEach (<anonymous>)
	at f.dispose (/home/ndao/.vscode-server/bin/611f9bfce64f25108829dd295f54a6894e87339d/extensions/git/dist/main.js:2:970299)
	at a.<anonymous> (/home/ndao/.vscode-server/bin/611f9bfce64f25108829dd295f54a6894e87339d/out/vs/workbench/api/node/extensionHostProcess.js:153:4032)
	at a.dispose (/home/ndao/.vscode-server/bin/611f9bfce64f25108829dd295f54a6894e87339d/out/vs/workbench/api/node/extensionHostProcess.js:153:4129)
	at a.<anonymous> (/home/ndao/.vscode-server/bin/611f9bfce64f25108829dd295f54a6894e87339d/extensions/git/dist/main.js:2:947448)
	at a.dispose (/home/ndao/.vscode-server/bin/611f9bfce64f25108829dd295f54a6894e87339d/out/vs/workbench/api/node/extensionHostProcess.js:153:4129)
	at f (/home/ndao/.vscode-server/bin/611f9bfce64f25108829dd295f54a6894e87339d/out/vs/workbench/api/node/extensionHostProcess.js:30:744)
	at u.eb (/home/ndao/.vscode-server/bin/611f9bfce64f25108829dd295f54a6894e87339d/out/vs/workbench/api/node/extensionHostProcess.js:161:9991)
	at /home/ndao/.vscode-server/bin/611f9bfce64f25108829dd295f54a6894e87339d/out/vs/workbench/api/node/extensionHostProcess.js:161:7867
	at Array.map (<anonymous>)
	at u.$ (/home/ndao/.vscode-server/bin/611f9bfce64f25108829dd295f54a6894e87339d/out/vs/workbench/api/node/extensionHostProcess.js:161:7854)
	at u.terminate (/home/ndao/.vscode-server/bin/611f9bfce64f25108829dd295f54a6894e87339d/out/vs/workbench/api/node/extensionHostProcess.js:161:8127)
	at f.terminate (/home/ndao/.vscode-server/bin/611f9bfce64f25108829dd295f54a6894e87339d/out/vs/workbench/api/node/extensionHostProcess.js:165:1513)
	at t (/home/ndao/.vscode-server/bin/611f9bfce64f25108829dd295f54a6894e87339d/out/vs/workbench/api/node/extensionHostProcess.js:178:10459)
	at n.value (/home/ndao/.vscode-server/bin/611f9bfce64f25108829dd295f54a6894e87339d/out/vs/workbench/api/node/extensionHostProcess.js:178:8427)
	at l.y (/home/ndao/.vscode-server/bin/611f9bfce64f25108829dd295f54a6894e87339d/out/vs/workbench/api/node/extensionHostProcess.js:82:664)
	at l.fire (/home/ndao/.vscode-server/bin/611f9bfce64f25108829dd295f54a6894e87339d/out/vs/workbench/api/node/extensionHostProcess.js:82:881)
	at s.fire (/home/ndao/.vscode-server/bin/611f9bfce64f25108829dd295f54a6894e87339d/out/vs/workbench/api/node/extensionHostProcess.js:107:14502)
	at h.z (/home/ndao/.vscode-server/bin/611f9bfce64f25108829dd295f54a6894e87339d/out/vs/workbench/api/node/extensionHostProcess.js:107:17638)
	at n.value (/home/ndao/.vscode-server/bin/611f9bfce64f25108829dd295f54a6894e87339d/out/vs/workbench/api/node/extensionHostProcess.js:107:16019)
	at l.y (/home/ndao/.vscode-server/bin/611f9bfce64f25108829dd295f54a6894e87339d/out/vs/workbench/api/node/extensionHostProcess.js:82:664)
	at l.fire (/home/ndao/.vscode-server/bin/611f9bfce64f25108829dd295f54a6894e87339d/out/vs/workbench/api/node/extensionHostProcess.js:82:881)
	at u.acceptChunk (/home/ndao/.vscode-server/bin/611f9bfce64f25108829dd295f54a6894e87339d/out/vs/workbench/api/node/extensionHostProcess.js:107:12248)
	at n.value (/home/ndao/.vscode-server/bin/611f9bfce64f25108829dd295f54a6894e87339d/out/vs/workbench/api/node/extensionHostProcess.js:107:11518)
	at l.y (/home/ndao/.vscode-server/bin/611f9bfce64f25108829dd295f54a6894e87339d/out/vs/workbench/api/node/extensionHostProcess.js:82:664)
	at l.fire (/home/ndao/.vscode-server/bin/611f9bfce64f25108829dd295f54a6894e87339d/out/vs/workbench/api/node/extensionHostProcess.js:82:881)
	at n.z (/home/ndao/.vscode-server/bin/611f9bfce64f25108829dd295f54a6894e87339d/out/vs/workbench/api/node/extensionHostProcess.js:175:20497)
	at n.acceptFrame (/home/ndao/.vscode-server/bin/611f9bfce64f25108829dd295f54a6894e87339d/out/vs/workbench/api/node/extensionHostProcess.js:175:20303)
	at g.n (/home/ndao/.vscode-server/bin/611f9bfce64f25108829dd295f54a6894e87339d/out/vs/workbench/api/node/extensionHostProcess.js:175:18748)
	at /home/ndao/.vscode-server/bin/611f9bfce64f25108829dd295f54a6894e87339d/out/vs/workbench/api/node/extensionHostProcess.js:175:15675
	at Socket.w (/home/ndao/.vscode-server/bin/611f9bfce64f25108829dd295f54a6894e87339d/out/vs/workbench/api/node/extensionHostProcess.js:175:13305)
	at Socket.emit (node:events:518:28)
	at addChunk (node:internal/streams/readable:559:12)
	at readableAddChunkPushByteMode (node:internal/streams/readable:510:3)
	at Readable.push (node:internal/streams/readable:390:5)
	at TCP.onStreamRead (node:internal/stream_base_commons:190:23) setContext undefined
2024-06-20 11:23:14.213 [info] Extension host with pid 154 exiting with code 0
