2024-05-27 07:18:26.284 [info] Log level: Info
2024-05-27 07:18:26.294 [info] Validating found git in: "git"
2024-05-27 07:18:26.294 [info] Using git "2.25.1" from "git"
2024-05-27 07:18:26.294 [info] > git rev-parse --show-toplevel [316ms]
2024-05-27 07:18:26.294 [info] > git rev-parse --git-dir --git-common-dir [192ms]
2024-05-27 07:18:26.294 [info] Open repository: /home/ndao
2024-05-27 07:18:26.826 [info] > git rev-parse --show-toplevel [508ms]
2024-05-27 07:18:26.831 [info] > git config --get commit.template [524ms]
2024-05-27 07:18:28.491 [info] > git rev-parse --show-toplevel [225ms]
2024-05-27 07:18:28.594 [info] > git check-ignore -v -z --stdin [297ms]
2024-05-27 07:18:28.610 [info] > git for-each-ref --format=%(refname)%00%(upstream:short)%00%(objectname)%00%(upstream:track)%00%(upstream:remotename)%00%(upstream:remoteref) refs/heads/main refs/remotes/main [293ms]
2024-05-27 07:18:28.625 [info] > git rev-parse --show-toplevel [42ms]
2024-05-27 07:18:28.935 [info] > git rev-parse --show-toplevel [24ms]
2024-05-27 07:18:29.064 [info] > git rev-parse --show-toplevel [82ms]
2024-05-27 07:18:29.250 [info] > git rev-parse --show-toplevel [38ms]
2024-05-27 07:18:29.277 [info] > git rev-parse --show-toplevel [6ms]
2024-05-27 07:18:29.325 [info] > git rev-parse --show-toplevel [25ms]
2024-05-27 07:18:29.355 [info] > git rev-parse --show-toplevel [3ms]
2024-05-27 07:18:29.414 [info] > git show --textconv :mysql_setup/mysql_setup.yml [32ms]
2024-05-27 07:18:29.672 [info] > git ls-files --stage -- /home/ndao/mysql_setup/mysql_setup.yml [266ms]
2024-05-27 07:18:30.432 [info] > git status -z -uall [1478ms]
2024-05-27 07:18:30.528 [info] > git merge-base refs/heads/main refs/remotes/origin/main [65ms]
2024-05-27 07:18:31.109 [info] > git rev-list --count --left-right refs/heads/main...refs/remotes/origin/main [570ms]
2024-05-27 07:18:31.138 [info] > git config --get commit.template [615ms]
2024-05-27 07:18:31.141 [info] > git diff --name-status -z --diff-filter=ADMR d85ba694229ce983aee4aa00af2352b16f37dfdd...refs/remotes/origin/main [11ms]
2024-05-27 07:18:31.180 [info] > git for-each-ref --format=%(refname)%00%(upstream:short)%00%(objectname)%00%(upstream:track)%00%(upstream:remotename)%00%(upstream:remoteref) refs/heads/main refs/remotes/main [11ms]
2024-05-27 07:18:31.556 [info] > git status -z -uall [360ms]
2024-05-27 07:18:35.633 [info] > git config --get commit.template [2ms]
2024-05-27 07:18:35.652 [info] > git for-each-ref --format=%(refname)%00%(upstream:short)%00%(objectname)%00%(upstream:track)%00%(upstream:remotename)%00%(upstream:remoteref) refs/heads/main refs/remotes/main [1ms]
2024-05-27 07:18:35.829 [info] > git status -z -uall [147ms]
2024-05-27 07:18:42.522 [info] > git config --get commit.template [3ms]
2024-05-27 07:18:42.533 [info] > git for-each-ref --format=%(refname)%00%(upstream:short)%00%(objectname)%00%(upstream:track)%00%(upstream:remotename)%00%(upstream:remoteref) refs/heads/main refs/remotes/main [2ms]
2024-05-27 07:18:42.661 [info] > git status -z -uall [120ms]
2024-05-27 07:18:47.694 [info] > git config --get commit.template [2ms]
2024-05-27 07:18:47.705 [info] > git for-each-ref --format=%(refname)%00%(upstream:short)%00%(objectname)%00%(upstream:track)%00%(upstream:remotename)%00%(upstream:remoteref) refs/heads/main refs/remotes/main [2ms]
2024-05-27 07:18:47.878 [info] > git status -z -uall [159ms]
2024-05-27 07:18:52.916 [info] > git config --get commit.template [14ms]
2024-05-27 07:18:52.917 [info] > git for-each-ref --format=%(refname)%00%(upstream:short)%00%(objectname)%00%(upstream:track)%00%(upstream:remotename)%00%(upstream:remoteref) refs/heads/main refs/remotes/main [2ms]
2024-05-27 07:18:53.087 [info] > git status -z -uall [159ms]
2024-05-27 07:18:58.119 [info] > git config --get commit.template [2ms]
2024-05-27 07:18:58.133 [info] > git for-each-ref --format=%(refname)%00%(upstream:short)%00%(objectname)%00%(upstream:track)%00%(upstream:remotename)%00%(upstream:remoteref) refs/heads/main refs/remotes/main [3ms]
2024-05-27 07:18:58.309 [info] > git status -z -uall [165ms]
2024-05-27 07:19:55.476 [info] > git config --get commit.template [2ms]
2024-05-27 07:19:55.516 [info] > git for-each-ref --format=%(refname)%00%(upstream:short)%00%(objectname)%00%(upstream:track)%00%(upstream:remotename)%00%(upstream:remoteref) refs/heads/main refs/remotes/main [3ms]
2024-05-27 07:19:55.627 [info] > git status -z -uall [103ms]
2024-05-27 07:20:00.663 [info] > git config --get commit.template [11ms]
2024-05-27 07:20:00.665 [info] > git for-each-ref --format=%(refname)%00%(upstream:short)%00%(objectname)%00%(upstream:track)%00%(upstream:remotename)%00%(upstream:remoteref) refs/heads/main refs/remotes/main [4ms]
2024-05-27 07:20:00.825 [info] > git status -z -uall [149ms]
2024-05-27 07:20:05.848 [info] > git config --get commit.template [1ms]
2024-05-27 07:20:05.860 [info] > git for-each-ref --format=%(refname)%00%(upstream:short)%00%(objectname)%00%(upstream:track)%00%(upstream:remotename)%00%(upstream:remoteref) refs/heads/main refs/remotes/main [3ms]
2024-05-27 07:20:06.027 [info] > git status -z -uall [158ms]
2024-05-27 07:20:09.036 [info] > git show --textconv :mysql_setup/vars/mysql_vars.yml [11ms]
2024-05-27 07:20:09.045 [info] > git ls-files --stage -- /home/ndao/mysql_setup/vars/mysql_vars.yml [10ms]
2024-05-27 07:20:09.148 [info] > git check-ignore -v -z --stdin [11ms]
2024-05-27 07:20:10.966 [info] > git show --textconv :mysql_setup/mysql_setup.yml [12ms]
2024-05-27 07:20:10.971 [info] > git ls-files --stage -- /home/ndao/mysql_setup/mysql_setup.yml [7ms]
2024-05-27 07:20:11.068 [info] > git config --get commit.template [16ms]
2024-05-27 07:20:11.070 [info] > git for-each-ref --format=%(refname)%00%(upstream:short)%00%(objectname)%00%(upstream:track)%00%(upstream:remotename)%00%(upstream:remoteref) refs/heads/main refs/remotes/main [3ms]
2024-05-27 07:20:11.220 [info] > git status -z -uall [137ms]
2024-05-27 07:20:13.373 [info] > git show --textconv :mysql_setup/vars/mysql_vars.yml [10ms]
2024-05-27 07:20:13.378 [info] > git ls-files --stage -- /home/ndao/mysql_setup/vars/mysql_vars.yml [7ms]
2024-05-27 07:20:45.345 [info] > git config --get commit.template [1ms]
2024-05-27 07:20:45.354 [info] > git for-each-ref --format=%(refname)%00%(upstream:short)%00%(objectname)%00%(upstream:track)%00%(upstream:remotename)%00%(upstream:remoteref) refs/heads/main refs/remotes/main [1ms]
2024-05-27 07:20:45.459 [info] > git status -z -uall [99ms]
2024-05-27 07:20:47.172 [info] > git show --textconv :mysql_setup/mysql_setup.yml [7ms]
2024-05-27 07:20:47.175 [info] > git ls-files --stage -- /home/ndao/mysql_setup/mysql_setup.yml [5ms]
2024-05-27 07:20:50.513 [info] > git config --get commit.template [3ms]
2024-05-27 07:20:50.521 [info] > git for-each-ref --format=%(refname)%00%(upstream:short)%00%(objectname)%00%(upstream:track)%00%(upstream:remotename)%00%(upstream:remoteref) refs/heads/main refs/remotes/main [2ms]
2024-05-27 07:20:50.603 [info] > git status -z -uall [76ms]
2024-05-27 07:20:55.634 [info] > git config --get commit.template [1ms]
2024-05-27 07:20:55.642 [info] > git for-each-ref --format=%(refname)%00%(upstream:short)%00%(objectname)%00%(upstream:track)%00%(upstream:remotename)%00%(upstream:remoteref) refs/heads/main refs/remotes/main [2ms]
2024-05-27 07:20:55.756 [info] > git status -z -uall [106ms]
2024-05-27 07:21:00.787 [info] > git config --get commit.template [14ms]
2024-05-27 07:21:00.788 [info] > git for-each-ref --format=%(refname)%00%(upstream:short)%00%(objectname)%00%(upstream:track)%00%(upstream:remotename)%00%(upstream:remoteref) refs/heads/main refs/remotes/main [2ms]
2024-05-27 07:21:00.899 [info] > git status -z -uall [103ms]
2024-05-27 07:21:05.954 [info] > git config --get commit.template [9ms]
2024-05-27 07:21:05.955 [info] > git for-each-ref --format=%(refname)%00%(upstream:short)%00%(objectname)%00%(upstream:track)%00%(upstream:remotename)%00%(upstream:remoteref) refs/heads/main refs/remotes/main [2ms]
2024-05-27 07:21:06.068 [info] > git status -z -uall [107ms]
2024-05-27 07:21:11.103 [info] > git config --get commit.template [9ms]
2024-05-27 07:21:11.103 [info] > git for-each-ref --format=%(refname)%00%(upstream:short)%00%(objectname)%00%(upstream:track)%00%(upstream:remotename)%00%(upstream:remoteref) refs/heads/main refs/remotes/main [2ms]
2024-05-27 07:21:11.195 [info] > git status -z -uall [86ms]
2024-05-27 07:21:16.215 [info] > git config --get commit.template [2ms]
2024-05-27 07:21:16.232 [info] > git for-each-ref --format=%(refname)%00%(upstream:short)%00%(objectname)%00%(upstream:track)%00%(upstream:remotename)%00%(upstream:remoteref) refs/heads/main refs/remotes/main [2ms]
2024-05-27 07:21:16.376 [info] > git status -z -uall [124ms]
2024-05-27 07:21:21.418 [info] > git config --get commit.template [12ms]
2024-05-27 07:21:21.419 [info] > git for-each-ref --format=%(refname)%00%(upstream:short)%00%(objectname)%00%(upstream:track)%00%(upstream:remotename)%00%(upstream:remoteref) refs/heads/main refs/remotes/main [2ms]
2024-05-27 07:21:21.596 [info] > git status -z -uall [169ms]
2024-05-27 07:21:27.779 [info] > git config --get commit.template [3ms]
2024-05-27 07:21:27.788 [info] > git for-each-ref --format=%(refname)%00%(upstream:short)%00%(objectname)%00%(upstream:track)%00%(upstream:remotename)%00%(upstream:remoteref) refs/heads/main refs/remotes/main [1ms]
2024-05-27 07:21:27.900 [info] > git status -z -uall [89ms]
2024-05-27 07:21:32.951 [info] > git config --get commit.template [15ms]
2024-05-27 07:21:32.952 [info] > git for-each-ref --format=%(refname)%00%(upstream:short)%00%(objectname)%00%(upstream:track)%00%(upstream:remotename)%00%(upstream:remoteref) refs/heads/main refs/remotes/main [2ms]
2024-05-27 07:21:33.078 [info] > git status -z -uall [117ms]
2024-05-27 07:21:38.118 [info] > git config --get commit.template [12ms]
2024-05-27 07:21:38.119 [info] > git for-each-ref --format=%(refname)%00%(upstream:short)%00%(objectname)%00%(upstream:track)%00%(upstream:remotename)%00%(upstream:remoteref) refs/heads/main refs/remotes/main [2ms]
2024-05-27 07:21:38.260 [info] > git status -z -uall [132ms]
2024-05-27 07:21:43.310 [info] > git config --get commit.template [13ms]
2024-05-27 07:21:43.311 [info] > git for-each-ref --format=%(refname)%00%(upstream:short)%00%(objectname)%00%(upstream:track)%00%(upstream:remotename)%00%(upstream:remoteref) refs/heads/main refs/remotes/main [3ms]
2024-05-27 07:21:43.382 [info] > git status -z -uall [63ms]
2024-05-27 07:21:48.417 [info] > git config --get commit.template [2ms]
2024-05-27 07:21:48.428 [info] > git for-each-ref --format=%(refname)%00%(upstream:short)%00%(objectname)%00%(upstream:track)%00%(upstream:remotename)%00%(upstream:remoteref) refs/heads/main refs/remotes/main [2ms]
2024-05-27 07:21:48.565 [info] > git status -z -uall [130ms]
2024-05-27 07:21:53.595 [info] > git config --get commit.template [10ms]
2024-05-27 07:21:53.596 [info] > git for-each-ref --format=%(refname)%00%(upstream:short)%00%(objectname)%00%(upstream:track)%00%(upstream:remotename)%00%(upstream:remoteref) refs/heads/main refs/remotes/main [2ms]
2024-05-27 07:21:53.698 [info] > git status -z -uall [96ms]
2024-05-27 07:21:58.728 [info] > git config --get commit.template [2ms]
2024-05-27 07:21:58.738 [info] > git for-each-ref --format=%(refname)%00%(upstream:short)%00%(objectname)%00%(upstream:track)%00%(upstream:remotename)%00%(upstream:remoteref) refs/heads/main refs/remotes/main [1ms]
2024-05-27 07:21:58.870 [info] > git status -z -uall [125ms]
2024-05-27 07:22:03.904 [info] > git config --get commit.template [20ms]
2024-05-27 07:22:03.905 [info] > git for-each-ref --format=%(refname)%00%(upstream:short)%00%(objectname)%00%(upstream:track)%00%(upstream:remotename)%00%(upstream:remoteref) refs/heads/main refs/remotes/main [2ms]
2024-05-27 07:22:03.970 [info] > git status -z -uall [57ms]
2024-05-27 07:22:09.006 [info] > git config --get commit.template [10ms]
2024-05-27 07:22:09.007 [info] > git for-each-ref --format=%(refname)%00%(upstream:short)%00%(objectname)%00%(upstream:track)%00%(upstream:remotename)%00%(upstream:remoteref) refs/heads/main refs/remotes/main [1ms]
2024-05-27 07:22:09.113 [info] > git status -z -uall [98ms]
2024-05-27 07:22:14.138 [info] > git config --get commit.template [7ms]
2024-05-27 07:22:14.151 [info] > git for-each-ref --format=%(refname)%00%(upstream:short)%00%(objectname)%00%(upstream:track)%00%(upstream:remotename)%00%(upstream:remoteref) refs/heads/main refs/remotes/main [2ms]
2024-05-27 07:22:14.310 [info] > git status -z -uall [149ms]
2024-05-27 07:22:19.338 [info] > git config --get commit.template [1ms]
2024-05-27 07:22:19.348 [info] > git for-each-ref --format=%(refname)%00%(upstream:short)%00%(objectname)%00%(upstream:track)%00%(upstream:remotename)%00%(upstream:remoteref) refs/heads/main refs/remotes/main [2ms]
2024-05-27 07:22:19.468 [info] > git status -z -uall [112ms]
2024-05-27 07:22:24.491 [info] > git config --get commit.template [8ms]
2024-05-27 07:22:24.492 [info] > git for-each-ref --format=%(refname)%00%(upstream:short)%00%(objectname)%00%(upstream:track)%00%(upstream:remotename)%00%(upstream:remoteref) refs/heads/main refs/remotes/main [2ms]
2024-05-27 07:22:24.560 [info] > git status -z -uall [62ms]
2024-05-27 07:22:29.578 [info] > git config --get commit.template [1ms]
2024-05-27 07:22:29.587 [info] > git for-each-ref --format=%(refname)%00%(upstream:short)%00%(objectname)%00%(upstream:track)%00%(upstream:remotename)%00%(upstream:remoteref) refs/heads/main refs/remotes/main [2ms]
2024-05-27 07:22:29.688 [info] > git status -z -uall [94ms]
2024-05-27 07:22:37.865 [info] > git config --get commit.template [6ms]
2024-05-27 07:22:37.875 [info] > git for-each-ref --format=%(refname)%00%(upstream:short)%00%(objectname)%00%(upstream:track)%00%(upstream:remotename)%00%(upstream:remoteref) refs/heads/main refs/remotes/main [1ms]
2024-05-27 07:22:37.964 [info] > git status -z -uall [81ms]
2024-05-27 07:22:42.991 [info] > git config --get commit.template [2ms]
2024-05-27 07:22:43.000 [info] > git for-each-ref --format=%(refname)%00%(upstream:short)%00%(objectname)%00%(upstream:track)%00%(upstream:remotename)%00%(upstream:remoteref) refs/heads/main refs/remotes/main [2ms]
2024-05-27 07:22:43.170 [info] > git status -z -uall [162ms]
2024-05-27 07:22:48.197 [info] > git config --get commit.template [9ms]
2024-05-27 07:22:48.198 [info] > git for-each-ref --format=%(refname)%00%(upstream:short)%00%(objectname)%00%(upstream:track)%00%(upstream:remotename)%00%(upstream:remoteref) refs/heads/main refs/remotes/main [2ms]
2024-05-27 07:22:48.294 [info] > git status -z -uall [88ms]
2024-05-27 07:22:53.863 [info] > git config --get commit.template [1ms]
2024-05-27 07:22:53.873 [info] > git for-each-ref --format=%(refname)%00%(upstream:short)%00%(objectname)%00%(upstream:track)%00%(upstream:remotename)%00%(upstream:remoteref) refs/heads/main refs/remotes/main [1ms]
2024-05-27 07:22:53.966 [info] > git status -z -uall [86ms]
2024-05-27 07:22:58.994 [info] > git config --get commit.template [10ms]
2024-05-27 07:22:58.995 [info] > git for-each-ref --format=%(refname)%00%(upstream:short)%00%(objectname)%00%(upstream:track)%00%(upstream:remotename)%00%(upstream:remoteref) refs/heads/main refs/remotes/main [2ms]
2024-05-27 07:22:59.089 [info] > git status -z -uall [84ms]
2024-05-27 07:23:04.105 [info] > git config --get commit.template [1ms]
2024-05-27 07:23:04.115 [info] > git for-each-ref --format=%(refname)%00%(upstream:short)%00%(objectname)%00%(upstream:track)%00%(upstream:remotename)%00%(upstream:remoteref) refs/heads/main refs/remotes/main [2ms]
2024-05-27 07:23:04.210 [info] > git status -z -uall [89ms]
2024-05-27 07:23:09.235 [info] > git config --get commit.template [8ms]
2024-05-27 07:23:09.236 [info] > git for-each-ref --format=%(refname)%00%(upstream:short)%00%(objectname)%00%(upstream:track)%00%(upstream:remotename)%00%(upstream:remoteref) refs/heads/main refs/remotes/main [2ms]
2024-05-27 07:23:09.336 [info] > git status -z -uall [93ms]
2024-05-27 07:23:14.357 [info] > git config --get commit.template [7ms]
2024-05-27 07:23:14.358 [info] > git for-each-ref --format=%(refname)%00%(upstream:short)%00%(objectname)%00%(upstream:track)%00%(upstream:remotename)%00%(upstream:remoteref) refs/heads/main refs/remotes/main [2ms]
2024-05-27 07:23:14.431 [info] > git status -z -uall [67ms]
2024-05-27 07:23:19.448 [info] > git config --get commit.template [1ms]
2024-05-27 07:23:19.456 [info] > git for-each-ref --format=%(refname)%00%(upstream:short)%00%(objectname)%00%(upstream:track)%00%(upstream:remotename)%00%(upstream:remoteref) refs/heads/main refs/remotes/main [1ms]
2024-05-27 07:23:19.595 [info] > git status -z -uall [130ms]
2024-05-27 07:23:24.635 [info] > git config --get commit.template [2ms]
2024-05-27 07:23:24.646 [info] > git for-each-ref --format=%(refname)%00%(upstream:short)%00%(objectname)%00%(upstream:track)%00%(upstream:remotename)%00%(upstream:remoteref) refs/heads/main refs/remotes/main [2ms]
2024-05-27 07:23:24.761 [info] > git status -z -uall [105ms]
2024-05-27 07:23:29.790 [info] > git config --get commit.template [9ms]
2024-05-27 07:23:29.790 [info] > git for-each-ref --format=%(refname)%00%(upstream:short)%00%(objectname)%00%(upstream:track)%00%(upstream:remotename)%00%(upstream:remoteref) refs/heads/main refs/remotes/main [1ms]
2024-05-27 07:23:29.924 [info] > git status -z -uall [126ms]
2024-05-27 07:23:34.942 [info] > git config --get commit.template [2ms]
2024-05-27 07:23:34.956 [info] > git for-each-ref --format=%(refname)%00%(upstream:short)%00%(objectname)%00%(upstream:track)%00%(upstream:remotename)%00%(upstream:remoteref) refs/heads/main refs/remotes/main [7ms]
2024-05-27 07:23:35.078 [info] > git status -z -uall [114ms]
2024-05-27 07:23:40.092 [info] > git config --get commit.template [1ms]
2024-05-27 07:23:40.101 [info] > git for-each-ref --format=%(refname)%00%(upstream:short)%00%(objectname)%00%(upstream:track)%00%(upstream:remotename)%00%(upstream:remoteref) refs/heads/main refs/remotes/main [1ms]
2024-05-27 07:23:40.185 [info] > git status -z -uall [78ms]
2024-05-27 07:24:17.437 [info] > git config --get commit.template [3ms]
2024-05-27 07:24:17.446 [info] > git for-each-ref --format=%(refname)%00%(upstream:short)%00%(objectname)%00%(upstream:track)%00%(upstream:remotename)%00%(upstream:remoteref) refs/heads/main refs/remotes/main [1ms]
2024-05-27 07:24:17.539 [info] > git status -z -uall [85ms]
2024-05-27 07:24:22.560 [info] > git config --get commit.template [2ms]
2024-05-27 07:24:22.572 [info] > git for-each-ref --format=%(refname)%00%(upstream:short)%00%(objectname)%00%(upstream:track)%00%(upstream:remotename)%00%(upstream:remoteref) refs/heads/main refs/remotes/main [3ms]
2024-05-27 07:24:22.682 [info] > git status -z -uall [102ms]
2024-05-27 07:24:27.706 [info] > git config --get commit.template [7ms]
2024-05-27 07:24:27.707 [info] > git for-each-ref --format=%(refname)%00%(upstream:short)%00%(objectname)%00%(upstream:track)%00%(upstream:remotename)%00%(upstream:remoteref) refs/heads/main refs/remotes/main [2ms]
2024-05-27 07:24:27.795 [info] > git status -z -uall [80ms]
2024-05-27 07:24:41.919 [info] > git config --get commit.template [8ms]
2024-05-27 07:24:41.920 [info] > git for-each-ref --format=%(refname)%00%(upstream:short)%00%(objectname)%00%(upstream:track)%00%(upstream:remotename)%00%(upstream:remoteref) refs/heads/main refs/remotes/main [1ms]
2024-05-27 07:24:42.018 [info] > git status -z -uall [90ms]
2024-05-27 07:24:47.044 [info] > git config --get commit.template [8ms]
2024-05-27 07:24:47.045 [info] > git for-each-ref --format=%(refname)%00%(upstream:short)%00%(objectname)%00%(upstream:track)%00%(upstream:remotename)%00%(upstream:remoteref) refs/heads/main refs/remotes/main [1ms]
2024-05-27 07:24:47.125 [info] > git status -z -uall [73ms]
2024-05-27 07:24:52.145 [info] > git config --get commit.template [6ms]
2024-05-27 07:24:52.146 [info] > git for-each-ref --format=%(refname)%00%(upstream:short)%00%(objectname)%00%(upstream:track)%00%(upstream:remotename)%00%(upstream:remoteref) refs/heads/main refs/remotes/main [1ms]
2024-05-27 07:24:52.230 [info] > git status -z -uall [78ms]
2024-05-27 07:24:57.250 [info] > git config --get commit.template [8ms]
2024-05-27 07:24:57.250 [info] > git for-each-ref --format=%(refname)%00%(upstream:short)%00%(objectname)%00%(upstream:track)%00%(upstream:remotename)%00%(upstream:remoteref) refs/heads/main refs/remotes/main [1ms]
2024-05-27 07:24:57.356 [info] > git status -z -uall [99ms]
2024-05-27 07:25:02.382 [info] > git config --get commit.template [8ms]
2024-05-27 07:25:02.384 [info] > git for-each-ref --format=%(refname)%00%(upstream:short)%00%(objectname)%00%(upstream:track)%00%(upstream:remotename)%00%(upstream:remoteref) refs/heads/main refs/remotes/main [3ms]
2024-05-27 07:25:02.460 [info] > git status -z -uall [69ms]
2024-05-27 07:25:07.484 [info] > git config --get commit.template [8ms]
2024-05-27 07:25:07.484 [info] > git for-each-ref --format=%(refname)%00%(upstream:short)%00%(objectname)%00%(upstream:track)%00%(upstream:remotename)%00%(upstream:remoteref) refs/heads/main refs/remotes/main [1ms]
2024-05-27 07:25:07.566 [info] > git status -z -uall [72ms]
2024-05-27 07:25:12.592 [info] > git config --get commit.template [9ms]
2024-05-27 07:25:12.596 [info] > git for-each-ref --format=%(refname)%00%(upstream:short)%00%(objectname)%00%(upstream:track)%00%(upstream:remotename)%00%(upstream:remoteref) refs/heads/main refs/remotes/main [5ms]
2024-05-27 07:25:12.689 [info] > git status -z -uall [84ms]
2024-05-27 07:25:28.333 [info] > git config --get commit.template [7ms]
2024-05-27 07:25:28.333 [info] > git for-each-ref --format=%(refname)%00%(upstream:short)%00%(objectname)%00%(upstream:track)%00%(upstream:remotename)%00%(upstream:remoteref) refs/heads/main refs/remotes/main [2ms]
2024-05-27 07:25:28.423 [info] > git status -z -uall [82ms]
2024-05-27 07:25:33.450 [info] > git config --get commit.template [10ms]
2024-05-27 07:25:33.450 [info] > git for-each-ref --format=%(refname)%00%(upstream:short)%00%(objectname)%00%(upstream:track)%00%(upstream:remotename)%00%(upstream:remoteref) refs/heads/main refs/remotes/main [2ms]
2024-05-27 07:25:33.533 [info] > git status -z -uall [75ms]
2024-05-27 07:25:38.558 [info] > git config --get commit.template [9ms]
2024-05-27 07:25:38.559 [info] > git for-each-ref --format=%(refname)%00%(upstream:short)%00%(objectname)%00%(upstream:track)%00%(upstream:remotename)%00%(upstream:remoteref) refs/heads/main refs/remotes/main [1ms]
2024-05-27 07:25:38.652 [info] > git status -z -uall [85ms]
2024-05-27 07:25:43.684 [info] > git config --get commit.template [9ms]
2024-05-27 07:25:43.684 [info] > git for-each-ref --format=%(refname)%00%(upstream:short)%00%(objectname)%00%(upstream:track)%00%(upstream:remotename)%00%(upstream:remoteref) refs/heads/main refs/remotes/main [1ms]
2024-05-27 07:25:43.808 [info] > git status -z -uall [118ms]
2024-05-27 08:29:59.437 [info] > git config --get commit.template [15ms]
2024-05-27 08:29:59.438 [info] > git for-each-ref --format=%(refname)%00%(upstream:short)%00%(objectname)%00%(upstream:track)%00%(upstream:remotename)%00%(upstream:remoteref) refs/heads/main refs/remotes/main [2ms]
2024-05-27 08:29:59.524 [info] > git status -z -uall [77ms]
2024-05-27 08:30:04.537 [info] > git config --get commit.template [1ms]
2024-05-27 08:30:04.544 [info] > git for-each-ref --format=%(refname)%00%(upstream:short)%00%(objectname)%00%(upstream:track)%00%(upstream:remotename)%00%(upstream:remoteref) refs/heads/main refs/remotes/main [1ms]
2024-05-27 08:30:04.602 [info] > git status -z -uall [53ms]
2024-05-27 08:30:09.625 [info] > git config --get commit.template [6ms]
2024-05-27 08:30:09.626 [info] > git for-each-ref --format=%(refname)%00%(upstream:short)%00%(objectname)%00%(upstream:track)%00%(upstream:remotename)%00%(upstream:remoteref) refs/heads/main refs/remotes/main [1ms]
2024-05-27 08:30:09.695 [info] > git status -z -uall [63ms]
2024-05-27 08:30:14.713 [info] > git config --get commit.template [5ms]
2024-05-27 08:30:14.714 [info] > git for-each-ref --format=%(refname)%00%(upstream:short)%00%(objectname)%00%(upstream:track)%00%(upstream:remotename)%00%(upstream:remoteref) refs/heads/main refs/remotes/main [1ms]
2024-05-27 08:30:14.774 [info] > git status -z -uall [55ms]
2024-05-27 08:37:12.981 [info] > git config --get commit.template [11ms]
2024-05-27 08:37:12.983 [info] > git for-each-ref --format=%(refname)%00%(upstream:short)%00%(objectname)%00%(upstream:track)%00%(upstream:remotename)%00%(upstream:remoteref) refs/heads/main refs/remotes/main [2ms]
2024-05-27 08:37:13.066 [info] > git status -z -uall [75ms]
2024-05-27 08:38:26.087 [info] > git config --get commit.template [12ms]
2024-05-27 08:38:26.090 [info] > git for-each-ref --format=%(refname)%00%(upstream:short)%00%(objectname)%00%(upstream:track)%00%(upstream:remotename)%00%(upstream:remoteref) refs/heads/main refs/remotes/main [3ms]
2024-05-27 08:38:26.207 [info] > git status -z -uall [104ms]
2024-05-27 08:38:31.247 [info] > git config --get commit.template [15ms]
2024-05-27 08:38:31.249 [info] > git for-each-ref --format=%(refname)%00%(upstream:short)%00%(objectname)%00%(upstream:track)%00%(upstream:remotename)%00%(upstream:remoteref) refs/heads/main refs/remotes/main [3ms]
2024-05-27 08:38:31.389 [info] > git status -z -uall [129ms]
2024-05-27 08:38:36.426 [info] > git for-each-ref --format=%(refname)%00%(upstream:short)%00%(objectname)%00%(upstream:track)%00%(upstream:remotename)%00%(upstream:remoteref) refs/heads/main refs/remotes/main [5ms]
2024-05-27 08:38:36.427 [info] > git config --get commit.template [16ms]
2024-05-27 08:38:36.554 [info] > git status -z -uall [116ms]
2024-05-27 08:38:41.599 [info] > git config --get commit.template [19ms]
2024-05-27 08:38:41.601 [info] > git for-each-ref --format=%(refname)%00%(upstream:short)%00%(objectname)%00%(upstream:track)%00%(upstream:remotename)%00%(upstream:remoteref) refs/heads/main refs/remotes/main [3ms]
2024-05-27 08:38:41.754 [info] > git status -z -uall [138ms]
2024-05-27 08:38:46.791 [info] > git config --get commit.template [14ms]
2024-05-27 08:38:46.793 [info] > git for-each-ref --format=%(refname)%00%(upstream:short)%00%(objectname)%00%(upstream:track)%00%(upstream:remotename)%00%(upstream:remoteref) refs/heads/main refs/remotes/main [3ms]
2024-05-27 08:38:46.934 [info] > git status -z -uall [128ms]
2024-05-27 08:38:51.977 [info] > git config --get commit.template [12ms]
2024-05-27 08:38:51.980 [info] > git for-each-ref --format=%(refname)%00%(upstream:short)%00%(objectname)%00%(upstream:track)%00%(upstream:remotename)%00%(upstream:remoteref) refs/heads/main refs/remotes/main [5ms]
2024-05-27 08:38:52.134 [info] > git status -z -uall [143ms]
2024-05-27 08:38:57.170 [info] > git config --get commit.template [12ms]
2024-05-27 08:38:57.172 [info] > git for-each-ref --format=%(refname)%00%(upstream:short)%00%(objectname)%00%(upstream:track)%00%(upstream:remotename)%00%(upstream:remoteref) refs/heads/main refs/remotes/main [3ms]
2024-05-27 08:38:57.270 [info] > git status -z -uall [89ms]
2024-05-27 08:39:02.302 [info] > git config --get commit.template [11ms]
2024-05-27 08:39:02.304 [info] > git for-each-ref --format=%(refname)%00%(upstream:short)%00%(objectname)%00%(upstream:track)%00%(upstream:remotename)%00%(upstream:remoteref) refs/heads/main refs/remotes/main [3ms]
2024-05-27 08:39:02.437 [info] > git status -z -uall [122ms]
2024-05-27 08:39:07.476 [info] > git config --get commit.template [14ms]
2024-05-27 08:39:07.478 [info] > git for-each-ref --format=%(refname)%00%(upstream:short)%00%(objectname)%00%(upstream:track)%00%(upstream:remotename)%00%(upstream:remoteref) refs/heads/main refs/remotes/main [2ms]
2024-05-27 08:39:07.599 [info] > git status -z -uall [108ms]
2024-05-27 08:39:12.643 [info] > git config --get commit.template [17ms]
2024-05-27 08:39:12.644 [info] > git for-each-ref --format=%(refname)%00%(upstream:short)%00%(objectname)%00%(upstream:track)%00%(upstream:remotename)%00%(upstream:remoteref) refs/heads/main refs/remotes/main [3ms]
2024-05-27 08:39:12.838 [info] > git status -z -uall [176ms]
2024-05-27 08:39:17.894 [info] > git config --get commit.template [20ms]
2024-05-27 08:39:17.896 [info] > git for-each-ref --format=%(refname)%00%(upstream:short)%00%(objectname)%00%(upstream:track)%00%(upstream:remotename)%00%(upstream:remoteref) refs/heads/main refs/remotes/main [5ms]
2024-05-27 08:39:18.113 [info] > git status -z -uall [198ms]
2024-05-27 08:40:31.939 [info] > git config --get commit.template [2ms]
2024-05-27 08:40:31.951 [info] > git for-each-ref --format=%(refname)%00%(upstream:short)%00%(objectname)%00%(upstream:track)%00%(upstream:remotename)%00%(upstream:remoteref) refs/heads/main refs/remotes/main [2ms]
2024-05-27 08:40:32.037 [info] > git status -z -uall [79ms]
2024-05-27 08:40:37.065 [info] > git config --get commit.template [9ms]
2024-05-27 08:40:37.066 [info] > git for-each-ref --format=%(refname)%00%(upstream:short)%00%(objectname)%00%(upstream:track)%00%(upstream:remotename)%00%(upstream:remoteref) refs/heads/main refs/remotes/main [2ms]
2024-05-27 08:40:37.158 [info] > git status -z -uall [85ms]
2024-05-27 08:40:42.195 [info] > git config --get commit.template [14ms]
2024-05-27 08:40:42.197 [info] > git for-each-ref --format=%(refname)%00%(upstream:short)%00%(objectname)%00%(upstream:track)%00%(upstream:remotename)%00%(upstream:remoteref) refs/heads/main refs/remotes/main [2ms]
2024-05-27 08:40:42.316 [info] > git status -z -uall [106ms]
2024-05-27 08:40:47.349 [info] > git config --get commit.template [12ms]
2024-05-27 08:40:47.350 [info] > git for-each-ref --format=%(refname)%00%(upstream:short)%00%(objectname)%00%(upstream:track)%00%(upstream:remotename)%00%(upstream:remoteref) refs/heads/main refs/remotes/main [2ms]
2024-05-27 08:40:47.483 [info] > git status -z -uall [121ms]
2024-05-27 08:40:52.520 [info] > git config --get commit.template [14ms]
2024-05-27 08:40:52.521 [info] > git for-each-ref --format=%(refname)%00%(upstream:short)%00%(objectname)%00%(upstream:track)%00%(upstream:remotename)%00%(upstream:remoteref) refs/heads/main refs/remotes/main [2ms]
2024-05-27 08:40:52.656 [info] > git status -z -uall [124ms]
2024-05-27 08:40:57.695 [info] > git config --get commit.template [6ms]
2024-05-27 08:40:57.714 [info] > git for-each-ref --format=%(refname)%00%(upstream:short)%00%(objectname)%00%(upstream:track)%00%(upstream:remotename)%00%(upstream:remoteref) refs/heads/main refs/remotes/main [4ms]
2024-05-27 08:40:57.950 [info] > git status -z -uall [219ms]
2024-05-27 08:41:02.994 [info] > git config --get commit.template [14ms]
2024-05-27 08:41:02.994 [info] > git for-each-ref --format=%(refname)%00%(upstream:short)%00%(objectname)%00%(upstream:track)%00%(upstream:remotename)%00%(upstream:remoteref) refs/heads/main refs/remotes/main [2ms]
2024-05-27 08:41:03.125 [info] > git status -z -uall [119ms]
2024-05-27 08:41:08.154 [info] > git config --get commit.template [11ms]
2024-05-27 08:41:08.155 [info] > git for-each-ref --format=%(refname)%00%(upstream:short)%00%(objectname)%00%(upstream:track)%00%(upstream:remotename)%00%(upstream:remoteref) refs/heads/main refs/remotes/main [2ms]
2024-05-27 08:41:08.251 [info] > git status -z -uall [89ms]
2024-05-27 08:41:13.295 [info] > git config --get commit.template [18ms]
2024-05-27 08:41:13.296 [info] > git for-each-ref --format=%(refname)%00%(upstream:short)%00%(objectname)%00%(upstream:track)%00%(upstream:remotename)%00%(upstream:remoteref) refs/heads/main refs/remotes/main [3ms]
2024-05-27 08:41:13.526 [info] > git status -z -uall [210ms]
2024-05-27 08:41:18.569 [info] > git config --get commit.template [12ms]
2024-05-27 08:41:18.570 [info] > git for-each-ref --format=%(refname)%00%(upstream:short)%00%(objectname)%00%(upstream:track)%00%(upstream:remotename)%00%(upstream:remoteref) refs/heads/main refs/remotes/main [2ms]
2024-05-27 08:41:18.712 [info] > git status -z -uall [129ms]
2024-05-27 08:41:23.758 [info] > git config --get commit.template [17ms]
2024-05-27 08:41:23.761 [info] > git for-each-ref --format=%(refname)%00%(upstream:short)%00%(objectname)%00%(upstream:track)%00%(upstream:remotename)%00%(upstream:remoteref) refs/heads/main refs/remotes/main [3ms]
2024-05-27 08:41:23.925 [info] > git status -z -uall [148ms]
2024-05-27 08:41:28.961 [info] > git config --get commit.template [14ms]
2024-05-27 08:41:28.962 [info] > git for-each-ref --format=%(refname)%00%(upstream:short)%00%(objectname)%00%(upstream:track)%00%(upstream:remotename)%00%(upstream:remoteref) refs/heads/main refs/remotes/main [3ms]
2024-05-27 08:41:29.091 [info] > git status -z -uall [118ms]
2024-05-27 08:41:34.131 [info] > git config --get commit.template [14ms]
2024-05-27 08:41:34.133 [info] > git for-each-ref --format=%(refname)%00%(upstream:short)%00%(objectname)%00%(upstream:track)%00%(upstream:remotename)%00%(upstream:remoteref) refs/heads/main refs/remotes/main [2ms]
2024-05-27 08:41:34.301 [info] > git status -z -uall [154ms]
2024-05-27 08:41:39.329 [info] > git config --get commit.template [3ms]
2024-05-27 08:41:39.346 [info] > git for-each-ref --format=%(refname)%00%(upstream:short)%00%(objectname)%00%(upstream:track)%00%(upstream:remotename)%00%(upstream:remoteref) refs/heads/main refs/remotes/main [2ms]
2024-05-27 08:41:39.551 [info] > git status -z -uall [193ms]
2024-05-27 08:41:44.616 [info] > git config --get commit.template [21ms]
2024-05-27 08:41:44.618 [info] > git for-each-ref --format=%(refname)%00%(upstream:short)%00%(objectname)%00%(upstream:track)%00%(upstream:remotename)%00%(upstream:remoteref) refs/heads/main refs/remotes/main [5ms]
2024-05-27 08:41:44.843 [info] > git status -z -uall [203ms]
2024-05-27 08:41:49.885 [info] > git config --get commit.template [13ms]
2024-05-27 08:41:49.887 [info] > git for-each-ref --format=%(refname)%00%(upstream:short)%00%(objectname)%00%(upstream:track)%00%(upstream:remotename)%00%(upstream:remoteref) refs/heads/main refs/remotes/main [3ms]
2024-05-27 08:41:50.066 [info] > git status -z -uall [169ms]
2024-05-27 08:41:55.125 [info] > git config --get commit.template [21ms]
2024-05-27 08:41:55.128 [info] > git for-each-ref --format=%(refname)%00%(upstream:short)%00%(objectname)%00%(upstream:track)%00%(upstream:remotename)%00%(upstream:remoteref) refs/heads/main refs/remotes/main [5ms]
2024-05-27 08:41:55.390 [info] > git status -z -uall [240ms]
2024-05-27 08:42:00.461 [info] > git config --get commit.template [20ms]
2024-05-27 08:42:00.462 [info] > git for-each-ref --format=%(refname)%00%(upstream:short)%00%(objectname)%00%(upstream:track)%00%(upstream:remotename)%00%(upstream:remoteref) refs/heads/main refs/remotes/main [4ms]
2024-05-27 08:42:00.675 [info] > git status -z -uall [194ms]
2024-05-27 08:42:05.709 [info] > git config --get commit.template [3ms]
2024-05-27 08:42:05.731 [info] > git for-each-ref --format=%(refname)%00%(upstream:short)%00%(objectname)%00%(upstream:track)%00%(upstream:remotename)%00%(upstream:remoteref) refs/heads/main refs/remotes/main [5ms]
2024-05-27 08:42:05.926 [info] > git status -z -uall [178ms]
2024-05-27 08:42:10.959 [info] > git config --get commit.template [2ms]
2024-05-27 08:42:10.969 [info] > git for-each-ref --format=%(refname)%00%(upstream:short)%00%(objectname)%00%(upstream:track)%00%(upstream:remotename)%00%(upstream:remoteref) refs/heads/main refs/remotes/main [3ms]
2024-05-27 08:42:11.092 [info] > git status -z -uall [113ms]
2024-05-27 08:42:16.119 [info] > git config --get commit.template [2ms]
2024-05-27 08:42:16.137 [info] > git for-each-ref --format=%(refname)%00%(upstream:short)%00%(objectname)%00%(upstream:track)%00%(upstream:remotename)%00%(upstream:remoteref) refs/heads/main refs/remotes/main [2ms]
2024-05-27 08:42:16.323 [info] > git status -z -uall [172ms]
2024-05-27 08:42:21.353 [info] > git config --get commit.template [9ms]
2024-05-27 08:42:21.353 [info] > git for-each-ref --format=%(refname)%00%(upstream:short)%00%(objectname)%00%(upstream:track)%00%(upstream:remotename)%00%(upstream:remoteref) refs/heads/main refs/remotes/main [1ms]
2024-05-27 08:42:21.492 [info] > git status -z -uall [130ms]
2024-05-27 08:43:25.785 [info] > git config --get commit.template [14ms]
2024-05-27 08:43:25.786 [info] > git for-each-ref --format=%(refname)%00%(upstream:short)%00%(objectname)%00%(upstream:track)%00%(upstream:remotename)%00%(upstream:remoteref) refs/heads/main refs/remotes/main [2ms]
2024-05-27 08:43:25.910 [info] > git status -z -uall [111ms]
2024-05-27 08:43:30.945 [info] > git config --get commit.template [12ms]
2024-05-27 08:43:30.946 [info] > git for-each-ref --format=%(refname)%00%(upstream:short)%00%(objectname)%00%(upstream:track)%00%(upstream:remotename)%00%(upstream:remoteref) refs/heads/main refs/remotes/main [2ms]
2024-05-27 08:43:31.076 [info] > git status -z -uall [116ms]
2024-05-27 08:43:36.122 [info] > git config --get commit.template [16ms]
2024-05-27 08:43:36.123 [info] > git for-each-ref --format=%(refname)%00%(upstream:short)%00%(objectname)%00%(upstream:track)%00%(upstream:remotename)%00%(upstream:remoteref) refs/heads/main refs/remotes/main [3ms]
2024-05-27 08:43:36.266 [info] > git status -z -uall [128ms]
2024-05-27 08:43:41.314 [info] > git config --get commit.template [18ms]
2024-05-27 08:43:41.316 [info] > git for-each-ref --format=%(refname)%00%(upstream:short)%00%(objectname)%00%(upstream:track)%00%(upstream:remotename)%00%(upstream:remoteref) refs/heads/main refs/remotes/main [4ms]
2024-05-27 08:43:41.415 [info] > git status -z -uall [82ms]
2024-05-27 08:43:46.446 [info] > git config --get commit.template [4ms]
2024-05-27 08:43:46.464 [info] > git for-each-ref --format=%(refname)%00%(upstream:short)%00%(objectname)%00%(upstream:track)%00%(upstream:remotename)%00%(upstream:remoteref) refs/heads/main refs/remotes/main [3ms]
2024-05-27 08:43:46.647 [info] > git status -z -uall [168ms]
2024-05-27 08:43:51.688 [info] > git config --get commit.template [13ms]
2024-05-27 08:43:51.688 [info] > git for-each-ref --format=%(refname)%00%(upstream:short)%00%(objectname)%00%(upstream:track)%00%(upstream:remotename)%00%(upstream:remoteref) refs/heads/main refs/remotes/main [2ms]
2024-05-27 08:43:51.868 [info] > git status -z -uall [166ms]
2024-05-27 08:43:56.915 [info] > git config --get commit.template [17ms]
2024-05-27 08:43:56.917 [info] > git for-each-ref --format=%(refname)%00%(upstream:short)%00%(objectname)%00%(upstream:track)%00%(upstream:remotename)%00%(upstream:remoteref) refs/heads/main refs/remotes/main [4ms]
2024-05-27 08:43:57.130 [info] > git status -z -uall [197ms]
2024-05-27 08:44:02.195 [info] > git config --get commit.template [16ms]
2024-05-27 08:44:02.196 [info] > git for-each-ref --format=%(refname)%00%(upstream:short)%00%(objectname)%00%(upstream:track)%00%(upstream:remotename)%00%(upstream:remoteref) refs/heads/main refs/remotes/main [3ms]
2024-05-27 08:44:02.376 [info] > git status -z -uall [164ms]
2024-05-27 08:44:07.430 [info] > git config --get commit.template [20ms]
2024-05-27 08:44:07.432 [info] > git for-each-ref --format=%(refname)%00%(upstream:short)%00%(objectname)%00%(upstream:track)%00%(upstream:remotename)%00%(upstream:remoteref) refs/heads/main refs/remotes/main [4ms]
2024-05-27 08:44:07.572 [info] > git status -z -uall [121ms]
2024-05-27 08:44:12.600 [info] > git config --get commit.template [8ms]
2024-05-27 08:44:12.600 [info] > git for-each-ref --format=%(refname)%00%(upstream:short)%00%(objectname)%00%(upstream:track)%00%(upstream:remotename)%00%(upstream:remoteref) refs/heads/main refs/remotes/main [1ms]
2024-05-27 08:44:12.692 [info] > git status -z -uall [84ms]
2024-05-27 08:44:17.736 [info] > git config --get commit.template [16ms]
2024-05-27 08:44:17.738 [info] > git for-each-ref --format=%(refname)%00%(upstream:short)%00%(objectname)%00%(upstream:track)%00%(upstream:remotename)%00%(upstream:remoteref) refs/heads/main refs/remotes/main [3ms]
2024-05-27 08:44:17.924 [info] > git status -z -uall [172ms]
2024-05-27 08:44:22.996 [info] > git config --get commit.template [29ms]
2024-05-27 08:44:22.998 [info] > git for-each-ref --format=%(refname)%00%(upstream:short)%00%(objectname)%00%(upstream:track)%00%(upstream:remotename)%00%(upstream:remoteref) refs/heads/main refs/remotes/main [6ms]
2024-05-27 08:44:23.217 [info] > git status -z -uall [197ms]
2024-05-27 08:52:31.637 [info] > git config --get commit.template [13ms]
2024-05-27 08:52:31.637 [info] > git for-each-ref --format=%(refname)%00%(upstream:short)%00%(objectname)%00%(upstream:track)%00%(upstream:remotename)%00%(upstream:remoteref) refs/heads/main refs/remotes/main [2ms]
2024-05-27 08:52:31.782 [info] > git status -z -uall [131ms]
2024-05-27 08:52:36.824 [info] > git config --get commit.template [16ms]
2024-05-27 08:52:36.825 [info] > git for-each-ref --format=%(refname)%00%(upstream:short)%00%(objectname)%00%(upstream:track)%00%(upstream:remotename)%00%(upstream:remoteref) refs/heads/main refs/remotes/main [3ms]
2024-05-27 08:52:36.976 [info] > git status -z -uall [137ms]
2024-05-27 08:52:42.009 [info] > git config --get commit.template [10ms]
2024-05-27 08:52:42.009 [info] > git for-each-ref --format=%(refname)%00%(upstream:short)%00%(objectname)%00%(upstream:track)%00%(upstream:remotename)%00%(upstream:remoteref) refs/heads/main refs/remotes/main [2ms]
2024-05-27 08:52:42.152 [info] > git status -z -uall [132ms]
2024-05-27 08:52:47.187 [info] > git config --get commit.template [12ms]
2024-05-27 08:52:47.187 [info] > git for-each-ref --format=%(refname)%00%(upstream:short)%00%(objectname)%00%(upstream:track)%00%(upstream:remotename)%00%(upstream:remoteref) refs/heads/main refs/remotes/main [1ms]
2024-05-27 08:52:47.267 [info] > git status -z -uall [71ms]
2024-05-27 08:52:52.302 [info] > git config --get commit.template [15ms]
2024-05-27 08:52:52.304 [info] > git for-each-ref --format=%(refname)%00%(upstream:short)%00%(objectname)%00%(upstream:track)%00%(upstream:remotename)%00%(upstream:remoteref) refs/heads/main refs/remotes/main [3ms]
2024-05-27 08:52:52.435 [info] > git status -z -uall [118ms]
2024-05-27 08:52:57.455 [info] > git config --get commit.template [1ms]
2024-05-27 08:52:57.463 [info] > git for-each-ref --format=%(refname)%00%(upstream:short)%00%(objectname)%00%(upstream:track)%00%(upstream:remotename)%00%(upstream:remoteref) refs/heads/main refs/remotes/main [1ms]
2024-05-27 08:52:57.558 [info] > git status -z -uall [87ms]
2024-05-27 08:53:02.586 [info] > git config --get commit.template [2ms]
2024-05-27 08:53:02.597 [info] > git for-each-ref --format=%(refname)%00%(upstream:short)%00%(objectname)%00%(upstream:track)%00%(upstream:remotename)%00%(upstream:remoteref) refs/heads/main refs/remotes/main [2ms]
2024-05-27 08:53:02.718 [info] > git status -z -uall [110ms]
2024-05-27 08:53:07.751 [info] > git config --get commit.template [2ms]
2024-05-27 08:53:07.780 [info] > git for-each-ref --format=%(refname)%00%(upstream:short)%00%(objectname)%00%(upstream:track)%00%(upstream:remotename)%00%(upstream:remoteref) refs/heads/main refs/remotes/main [3ms]
2024-05-27 08:53:07.900 [info] > git status -z -uall [105ms]
2024-05-27 08:53:12.924 [info] > git config --get commit.template [2ms]
2024-05-27 08:53:12.936 [info] > git for-each-ref --format=%(refname)%00%(upstream:short)%00%(objectname)%00%(upstream:track)%00%(upstream:remotename)%00%(upstream:remoteref) refs/heads/main refs/remotes/main [3ms]
2024-05-27 08:53:13.082 [info] > git status -z -uall [135ms]
2024-05-27 08:53:18.156 [info] > git config --get commit.template [29ms]
2024-05-27 08:53:18.159 [info] > git for-each-ref --format=%(refname)%00%(upstream:short)%00%(objectname)%00%(upstream:track)%00%(upstream:remotename)%00%(upstream:remoteref) refs/heads/main refs/remotes/main [6ms]
2024-05-27 08:53:18.314 [info] > git status -z -uall [131ms]
2024-05-27 08:53:23.361 [info] > git config --get commit.template [17ms]
2024-05-27 08:53:23.362 [info] > git for-each-ref --format=%(refname)%00%(upstream:short)%00%(objectname)%00%(upstream:track)%00%(upstream:remotename)%00%(upstream:remoteref) refs/heads/main refs/remotes/main [3ms]
2024-05-27 08:53:23.527 [info] > git status -z -uall [150ms]
2024-05-27 08:53:28.571 [info] > git config --get commit.template [15ms]
2024-05-27 08:53:28.573 [info] > git for-each-ref --format=%(refname)%00%(upstream:short)%00%(objectname)%00%(upstream:track)%00%(upstream:remotename)%00%(upstream:remoteref) refs/heads/main refs/remotes/main [3ms]
2024-05-27 08:53:28.737 [info] > git status -z -uall [147ms]
2024-05-27 08:53:33.781 [info] > git config --get commit.template [15ms]
2024-05-27 08:53:33.782 [info] > git for-each-ref --format=%(refname)%00%(upstream:short)%00%(objectname)%00%(upstream:track)%00%(upstream:remotename)%00%(upstream:remoteref) refs/heads/main refs/remotes/main [3ms]
2024-05-27 08:53:33.961 [info] > git status -z -uall [164ms]
2024-05-27 08:53:39.007 [info] > git config --get commit.template [16ms]
2024-05-27 08:53:39.008 [info] > git for-each-ref --format=%(refname)%00%(upstream:short)%00%(objectname)%00%(upstream:track)%00%(upstream:remotename)%00%(upstream:remoteref) refs/heads/main refs/remotes/main [3ms]
2024-05-27 08:53:39.150 [info] > git status -z -uall [125ms]
2024-05-27 08:53:44.184 [info] > git config --get commit.template [1ms]
2024-05-27 08:53:44.212 [info] > git for-each-ref --format=%(refname)%00%(upstream:short)%00%(objectname)%00%(upstream:track)%00%(upstream:remotename)%00%(upstream:remoteref) refs/heads/main refs/remotes/main [3ms]
2024-05-27 08:53:44.350 [info] > git status -z -uall [123ms]
2024-05-27 08:53:49.391 [info] > git config --get commit.template [15ms]
2024-05-27 08:53:49.392 [info] > git for-each-ref --format=%(refname)%00%(upstream:short)%00%(objectname)%00%(upstream:track)%00%(upstream:remotename)%00%(upstream:remoteref) refs/heads/main refs/remotes/main [3ms]
2024-05-27 08:53:49.528 [info] > git status -z -uall [121ms]
2024-05-27 08:53:54.571 [info] > git config --get commit.template [16ms]
2024-05-27 08:53:54.572 [info] > git for-each-ref --format=%(refname)%00%(upstream:short)%00%(objectname)%00%(upstream:track)%00%(upstream:remotename)%00%(upstream:remoteref) refs/heads/main refs/remotes/main [3ms]
2024-05-27 08:53:54.732 [info] > git status -z -uall [143ms]
2024-05-27 08:53:59.778 [info] > git config --get commit.template [15ms]
2024-05-27 08:53:59.778 [info] > git for-each-ref --format=%(refname)%00%(upstream:short)%00%(objectname)%00%(upstream:track)%00%(upstream:remotename)%00%(upstream:remoteref) refs/heads/main refs/remotes/main [2ms]
2024-05-27 08:53:59.960 [info] > git status -z -uall [167ms]
2024-05-27 08:54:05.022 [info] > git config --get commit.template [21ms]
2024-05-27 08:54:05.024 [info] > git for-each-ref --format=%(refname)%00%(upstream:short)%00%(objectname)%00%(upstream:track)%00%(upstream:remotename)%00%(upstream:remoteref) refs/heads/main refs/remotes/main [5ms]
2024-05-27 08:54:05.206 [info] > git status -z -uall [162ms]
2024-05-27 08:54:10.258 [info] > git config --get commit.template [16ms]
2024-05-27 08:54:10.259 [info] > git for-each-ref --format=%(refname)%00%(upstream:short)%00%(objectname)%00%(upstream:track)%00%(upstream:remotename)%00%(upstream:remoteref) refs/heads/main refs/remotes/main [3ms]
2024-05-27 08:54:10.382 [info] > git status -z -uall [108ms]
2024-05-27 08:54:15.425 [info] > git config --get commit.template [18ms]
2024-05-27 08:54:15.426 [info] > git for-each-ref --format=%(refname)%00%(upstream:short)%00%(objectname)%00%(upstream:track)%00%(upstream:remotename)%00%(upstream:remoteref) refs/heads/main refs/remotes/main [3ms]
2024-05-27 08:54:15.584 [info] > git status -z -uall [140ms]
2024-05-27 08:54:20.639 [info] > git config --get commit.template [22ms]
2024-05-27 08:54:20.641 [info] > git for-each-ref --format=%(refname)%00%(upstream:short)%00%(objectname)%00%(upstream:track)%00%(upstream:remotename)%00%(upstream:remoteref) refs/heads/main refs/remotes/main [5ms]
2024-05-27 08:54:20.794 [info] > git status -z -uall [134ms]
2024-05-27 08:54:25.825 [info] > git config --get commit.template [8ms]
2024-05-27 08:54:25.826 [info] > git for-each-ref --format=%(refname)%00%(upstream:short)%00%(objectname)%00%(upstream:track)%00%(upstream:remotename)%00%(upstream:remoteref) refs/heads/main refs/remotes/main [2ms]
2024-05-27 08:54:25.932 [info] > git status -z -uall [99ms]
2024-05-27 08:54:30.969 [info] > git config --get commit.template [12ms]
2024-05-27 08:54:30.970 [info] > git for-each-ref --format=%(refname)%00%(upstream:short)%00%(objectname)%00%(upstream:track)%00%(upstream:remotename)%00%(upstream:remoteref) refs/heads/main refs/remotes/main [2ms]
2024-05-27 08:54:31.094 [info] > git status -z -uall [112ms]
2024-05-27 08:54:36.132 [info] > git config --get commit.template [12ms]
2024-05-27 08:54:36.133 [info] > git for-each-ref --format=%(refname)%00%(upstream:short)%00%(objectname)%00%(upstream:track)%00%(upstream:remotename)%00%(upstream:remoteref) refs/heads/main refs/remotes/main [2ms]
2024-05-27 08:54:36.269 [info] > git status -z -uall [124ms]
2024-05-27 08:54:41.313 [info] > git config --get commit.template [11ms]
2024-05-27 08:54:41.314 [info] > git for-each-ref --format=%(refname)%00%(upstream:short)%00%(objectname)%00%(upstream:track)%00%(upstream:remotename)%00%(upstream:remoteref) refs/heads/main refs/remotes/main [2ms]
2024-05-27 08:54:41.399 [info] > git status -z -uall [75ms]
2024-05-27 08:54:46.446 [info] > git for-each-ref --format=%(refname)%00%(upstream:short)%00%(objectname)%00%(upstream:track)%00%(upstream:remotename)%00%(upstream:remoteref) refs/heads/main refs/remotes/main [5ms]
2024-05-27 08:54:46.447 [info] > git config --get commit.template [20ms]
2024-05-27 08:54:46.588 [info] > git status -z -uall [126ms]
2024-05-27 08:54:51.636 [info] > git config --get commit.template [19ms]
2024-05-27 08:54:51.636 [info] > git for-each-ref --format=%(refname)%00%(upstream:short)%00%(objectname)%00%(upstream:track)%00%(upstream:remotename)%00%(upstream:remoteref) refs/heads/main refs/remotes/main [3ms]
2024-05-27 08:54:51.849 [info] > git status -z -uall [195ms]
2024-05-27 08:54:56.897 [info] > git for-each-ref --format=%(refname)%00%(upstream:short)%00%(objectname)%00%(upstream:track)%00%(upstream:remotename)%00%(upstream:remoteref) refs/heads/main refs/remotes/main [4ms]
2024-05-27 08:54:56.897 [info] > git config --get commit.template [17ms]
2024-05-27 08:54:57.057 [info] > git status -z -uall [146ms]
2024-05-27 08:55:02.110 [info] > git config --get commit.template [6ms]
2024-05-27 08:55:02.133 [info] > git for-each-ref --format=%(refname)%00%(upstream:short)%00%(objectname)%00%(upstream:track)%00%(upstream:remotename)%00%(upstream:remoteref) refs/heads/main refs/remotes/main [5ms]
2024-05-27 08:55:02.376 [info] > git status -z -uall [223ms]
2024-05-27 08:55:07.442 [info] > git config --get commit.template [19ms]
2024-05-27 08:55:07.443 [info] > git for-each-ref --format=%(refname)%00%(upstream:short)%00%(objectname)%00%(upstream:track)%00%(upstream:remotename)%00%(upstream:remoteref) refs/heads/main refs/remotes/main [3ms]
2024-05-27 08:55:07.655 [info] > git status -z -uall [195ms]
2024-05-27 08:55:12.713 [info] > git config --get commit.template [16ms]
2024-05-27 08:55:12.715 [info] > git for-each-ref --format=%(refname)%00%(upstream:short)%00%(objectname)%00%(upstream:track)%00%(upstream:remotename)%00%(upstream:remoteref) refs/heads/main refs/remotes/main [4ms]
2024-05-27 08:55:12.931 [info] > git status -z -uall [200ms]
2024-05-27 08:55:17.976 [info] > git config --get commit.template [15ms]
2024-05-27 08:55:17.977 [info] > git for-each-ref --format=%(refname)%00%(upstream:short)%00%(objectname)%00%(upstream:track)%00%(upstream:remotename)%00%(upstream:remoteref) refs/heads/main refs/remotes/main [3ms]
2024-05-27 08:55:18.151 [info] > git status -z -uall [158ms]
2024-05-27 08:55:23.206 [info] > git config --get commit.template [18ms]
2024-05-27 08:55:23.208 [info] > git for-each-ref --format=%(refname)%00%(upstream:short)%00%(objectname)%00%(upstream:track)%00%(upstream:remotename)%00%(upstream:remoteref) refs/heads/main refs/remotes/main [4ms]
2024-05-27 08:55:23.376 [info] > git status -z -uall [151ms]
2024-05-27 08:55:28.417 [info] > git config --get commit.template [17ms]
2024-05-27 08:55:28.419 [info] > git for-each-ref --format=%(refname)%00%(upstream:short)%00%(objectname)%00%(upstream:track)%00%(upstream:remotename)%00%(upstream:remoteref) refs/heads/main refs/remotes/main [3ms]
2024-05-27 08:55:28.556 [info] > git status -z -uall [123ms]
2024-05-27 08:55:33.626 [info] > git config --get commit.template [25ms]
2024-05-27 08:55:33.629 [info] > git for-each-ref --format=%(refname)%00%(upstream:short)%00%(objectname)%00%(upstream:track)%00%(upstream:remotename)%00%(upstream:remoteref) refs/heads/main refs/remotes/main [5ms]
2024-05-27 08:55:33.796 [info] > git status -z -uall [143ms]
2024-05-27 08:55:38.849 [info] > git config --get commit.template [21ms]
2024-05-27 08:55:38.852 [info] > git for-each-ref --format=%(refname)%00%(upstream:short)%00%(objectname)%00%(upstream:track)%00%(upstream:remotename)%00%(upstream:remoteref) refs/heads/main refs/remotes/main [4ms]
2024-05-27 08:55:39.036 [info] > git status -z -uall [165ms]
2024-05-27 08:55:44.067 [info] > git config --get commit.template [5ms]
2024-05-27 08:55:44.088 [info] > git for-each-ref --format=%(refname)%00%(upstream:short)%00%(objectname)%00%(upstream:track)%00%(upstream:remotename)%00%(upstream:remoteref) refs/heads/main refs/remotes/main [4ms]
2024-05-27 08:55:44.290 [info] > git status -z -uall [184ms]
2024-05-27 08:55:49.340 [info] > git config --get commit.template [16ms]
2024-05-27 08:55:49.341 [info] > git for-each-ref --format=%(refname)%00%(upstream:short)%00%(objectname)%00%(upstream:track)%00%(upstream:remotename)%00%(upstream:remoteref) refs/heads/main refs/remotes/main [3ms]
2024-05-27 08:55:49.539 [info] > git status -z -uall [178ms]
2024-05-27 08:55:54.587 [info] > git config --get commit.template [17ms]
2024-05-27 08:55:54.588 [info] > git for-each-ref --format=%(refname)%00%(upstream:short)%00%(objectname)%00%(upstream:track)%00%(upstream:remotename)%00%(upstream:remoteref) refs/heads/main refs/remotes/main [3ms]
2024-05-27 08:55:54.762 [info] > git status -z -uall [157ms]
2024-05-27 08:55:59.825 [info] > git config --get commit.template [24ms]
2024-05-27 08:55:59.827 [info] > git for-each-ref --format=%(refname)%00%(upstream:short)%00%(objectname)%00%(upstream:track)%00%(upstream:remotename)%00%(upstream:remoteref) refs/heads/main refs/remotes/main [4ms]
2024-05-27 08:56:00.041 [info] > git status -z -uall [191ms]
2024-05-27 08:56:05.077 [info] > git config --get commit.template [3ms]
2024-05-27 08:56:05.094 [info] > git for-each-ref --format=%(refname)%00%(upstream:short)%00%(objectname)%00%(upstream:track)%00%(upstream:remotename)%00%(upstream:remoteref) refs/heads/main refs/remotes/main [3ms]
2024-05-27 08:56:05.247 [info] > git status -z -uall [138ms]
2024-05-27 08:56:10.276 [info] > git config --get commit.template [2ms]
2024-05-27 08:56:10.291 [info] > git for-each-ref --format=%(refname)%00%(upstream:short)%00%(objectname)%00%(upstream:track)%00%(upstream:remotename)%00%(upstream:remoteref) refs/heads/main refs/remotes/main [3ms]
2024-05-27 08:56:10.430 [info] > git status -z -uall [129ms]
2024-05-27 08:56:15.483 [info] > git config --get commit.template [14ms]
2024-05-27 08:56:15.486 [info] > git for-each-ref --format=%(refname)%00%(upstream:short)%00%(objectname)%00%(upstream:track)%00%(upstream:remotename)%00%(upstream:remoteref) refs/heads/main refs/remotes/main [3ms]
2024-05-27 08:56:15.623 [info] > git status -z -uall [124ms]
2024-05-27 08:56:20.666 [info] > git config --get commit.template [15ms]
2024-05-27 08:56:20.667 [info] > git for-each-ref --format=%(refname)%00%(upstream:short)%00%(objectname)%00%(upstream:track)%00%(upstream:remotename)%00%(upstream:remoteref) refs/heads/main refs/remotes/main [3ms]
2024-05-27 08:56:20.826 [info] > git status -z -uall [142ms]
2024-05-27 08:56:25.875 [info] > git config --get commit.template [19ms]
2024-05-27 08:56:25.877 [info] > git for-each-ref --format=%(refname)%00%(upstream:short)%00%(objectname)%00%(upstream:track)%00%(upstream:remotename)%00%(upstream:remoteref) refs/heads/main refs/remotes/main [4ms]
2024-05-27 08:56:26.013 [info] > git status -z -uall [116ms]
2024-05-27 08:56:31.061 [info] > git config --get commit.template [23ms]
2024-05-27 08:56:31.064 [info] > git for-each-ref --format=%(refname)%00%(upstream:short)%00%(objectname)%00%(upstream:track)%00%(upstream:remotename)%00%(upstream:remoteref) refs/heads/main refs/remotes/main [5ms]
2024-05-27 08:56:31.191 [info] > git status -z -uall [108ms]
2024-05-27 08:56:36.225 [info] > git config --get commit.template [13ms]
2024-05-27 08:56:36.226 [info] > git for-each-ref --format=%(refname)%00%(upstream:short)%00%(objectname)%00%(upstream:track)%00%(upstream:remotename)%00%(upstream:remoteref) refs/heads/main refs/remotes/main [3ms]
2024-05-27 08:56:36.359 [info] > git status -z -uall [120ms]
2024-05-27 08:56:41.405 [info] > git config --get commit.template [17ms]
2024-05-27 08:56:41.407 [info] > git for-each-ref --format=%(refname)%00%(upstream:short)%00%(objectname)%00%(upstream:track)%00%(upstream:remotename)%00%(upstream:remoteref) refs/heads/main refs/remotes/main [4ms]
2024-05-27 08:56:41.574 [info] > git status -z -uall [150ms]
2024-05-27 08:56:46.597 [info] > git config --get commit.template [2ms]
2024-05-27 08:56:46.612 [info] > git for-each-ref --format=%(refname)%00%(upstream:short)%00%(objectname)%00%(upstream:track)%00%(upstream:remotename)%00%(upstream:remoteref) refs/heads/main refs/remotes/main [3ms]
2024-05-27 08:56:46.784 [info] > git status -z -uall [158ms]
2024-05-27 08:56:51.823 [info] > git config --get commit.template [14ms]
2024-05-27 08:56:51.824 [info] > git for-each-ref --format=%(refname)%00%(upstream:short)%00%(objectname)%00%(upstream:track)%00%(upstream:remotename)%00%(upstream:remoteref) refs/heads/main refs/remotes/main [3ms]
2024-05-27 08:56:51.951 [info] > git status -z -uall [115ms]
2024-05-27 08:56:57.004 [info] > git config --get commit.template [20ms]
2024-05-27 08:56:57.005 [info] > git for-each-ref --format=%(refname)%00%(upstream:short)%00%(objectname)%00%(upstream:track)%00%(upstream:remotename)%00%(upstream:remoteref) refs/heads/main refs/remotes/main [4ms]
2024-05-27 08:56:57.214 [info] > git status -z -uall [191ms]
2024-05-27 08:57:02.265 [info] > git config --get commit.template [17ms]
2024-05-27 08:57:02.267 [info] > git for-each-ref --format=%(refname)%00%(upstream:short)%00%(objectname)%00%(upstream:track)%00%(upstream:remotename)%00%(upstream:remoteref) refs/heads/main refs/remotes/main [4ms]
2024-05-27 08:57:02.425 [info] > git status -z -uall [141ms]
2024-05-27 08:57:07.471 [info] > git config --get commit.template [17ms]
2024-05-27 08:57:07.473 [info] > git for-each-ref --format=%(refname)%00%(upstream:short)%00%(objectname)%00%(upstream:track)%00%(upstream:remotename)%00%(upstream:remoteref) refs/heads/main refs/remotes/main [3ms]
2024-05-27 08:57:07.659 [info] > git status -z -uall [169ms]
2024-05-27 08:57:12.701 [info] > git config --get commit.template [14ms]
2024-05-27 08:57:12.702 [info] > git for-each-ref --format=%(refname)%00%(upstream:short)%00%(objectname)%00%(upstream:track)%00%(upstream:remotename)%00%(upstream:remoteref) refs/heads/main refs/remotes/main [3ms]
2024-05-27 08:57:12.871 [info] > git status -z -uall [156ms]
2024-05-27 08:57:17.909 [info] > git config --get commit.template [14ms]
2024-05-27 08:57:17.910 [info] > git for-each-ref --format=%(refname)%00%(upstream:short)%00%(objectname)%00%(upstream:track)%00%(upstream:remotename)%00%(upstream:remoteref) refs/heads/main refs/remotes/main [2ms]
2024-05-27 08:57:18.033 [info] > git status -z -uall [109ms]
2024-05-27 08:57:23.073 [info] > git config --get commit.template [17ms]
2024-05-27 08:57:23.075 [info] > git for-each-ref --format=%(refname)%00%(upstream:short)%00%(objectname)%00%(upstream:track)%00%(upstream:remotename)%00%(upstream:remoteref) refs/heads/main refs/remotes/main [3ms]
2024-05-27 08:57:23.194 [info] > git status -z -uall [102ms]
2024-05-27 08:57:28.227 [info] > git config --get commit.template [10ms]
2024-05-27 08:57:28.228 [info] > git for-each-ref --format=%(refname)%00%(upstream:short)%00%(objectname)%00%(upstream:track)%00%(upstream:remotename)%00%(upstream:remoteref) refs/heads/main refs/remotes/main [1ms]
2024-05-27 08:57:28.316 [info] > git status -z -uall [79ms]
2024-05-27 08:57:33.350 [info] > git config --get commit.template [14ms]
2024-05-27 08:57:33.352 [info] > git for-each-ref --format=%(refname)%00%(upstream:short)%00%(objectname)%00%(upstream:track)%00%(upstream:remotename)%00%(upstream:remoteref) refs/heads/main refs/remotes/main [3ms]
2024-05-27 08:57:33.524 [info] > git status -z -uall [158ms]
2024-05-27 08:57:38.559 [info] > git config --get commit.template [4ms]
2024-05-27 08:57:38.580 [info] > git for-each-ref --format=%(refname)%00%(upstream:short)%00%(objectname)%00%(upstream:track)%00%(upstream:remotename)%00%(upstream:remoteref) refs/heads/main refs/remotes/main [5ms]
2024-05-27 08:57:38.747 [info] > git status -z -uall [135ms]
2024-05-27 08:57:43.800 [info] > git config --get commit.template [21ms]
2024-05-27 08:57:43.802 [info] > git for-each-ref --format=%(refname)%00%(upstream:short)%00%(objectname)%00%(upstream:track)%00%(upstream:remotename)%00%(upstream:remoteref) refs/heads/main refs/remotes/main [3ms]
2024-05-27 08:57:43.980 [info] > git status -z -uall [157ms]
2024-05-27 08:57:49.017 [info] > git config --get commit.template [14ms]
2024-05-27 08:57:49.018 [info] > git for-each-ref --format=%(refname)%00%(upstream:short)%00%(objectname)%00%(upstream:track)%00%(upstream:remotename)%00%(upstream:remoteref) refs/heads/main refs/remotes/main [2ms]
2024-05-27 08:57:49.140 [info] > git status -z -uall [108ms]
2024-05-27 08:57:54.191 [info] > git config --get commit.template [22ms]
2024-05-27 08:57:54.192 [info] > git for-each-ref --format=%(refname)%00%(upstream:short)%00%(objectname)%00%(upstream:track)%00%(upstream:remotename)%00%(upstream:remoteref) refs/heads/main refs/remotes/main [4ms]
2024-05-27 08:57:54.428 [info] > git status -z -uall [215ms]
2024-05-27 08:57:59.469 [info] > git config --get commit.template [11ms]
2024-05-27 08:57:59.470 [info] > git for-each-ref --format=%(refname)%00%(upstream:short)%00%(objectname)%00%(upstream:track)%00%(upstream:remotename)%00%(upstream:remoteref) refs/heads/main refs/remotes/main [2ms]
2024-05-27 08:57:59.585 [info] > git status -z -uall [104ms]
2024-05-27 08:58:04.607 [info] > git config --get commit.template [3ms]
2024-05-27 08:58:04.618 [info] > git for-each-ref --format=%(refname)%00%(upstream:short)%00%(objectname)%00%(upstream:track)%00%(upstream:remotename)%00%(upstream:remoteref) refs/heads/main refs/remotes/main [2ms]
2024-05-27 08:58:04.712 [info] > git status -z -uall [84ms]
2024-05-27 08:58:09.761 [info] > git config --get commit.template [21ms]
2024-05-27 08:58:09.762 [info] > git for-each-ref --format=%(refname)%00%(upstream:short)%00%(objectname)%00%(upstream:track)%00%(upstream:remotename)%00%(upstream:remoteref) refs/heads/main refs/remotes/main [4ms]
2024-05-27 08:58:09.918 [info] > git status -z -uall [136ms]
2024-05-27 08:58:14.968 [info] > git config --get commit.template [19ms]
2024-05-27 08:58:14.970 [info] > git for-each-ref --format=%(refname)%00%(upstream:short)%00%(objectname)%00%(upstream:track)%00%(upstream:remotename)%00%(upstream:remoteref) refs/heads/main refs/remotes/main [4ms]
2024-05-27 08:58:15.186 [info] > git status -z -uall [197ms]
2024-05-27 08:58:20.257 [info] > git config --get commit.template [25ms]
2024-05-27 08:58:20.260 [info] > git for-each-ref --format=%(refname)%00%(upstream:short)%00%(objectname)%00%(upstream:track)%00%(upstream:remotename)%00%(upstream:remoteref) refs/heads/main refs/remotes/main [5ms]
2024-05-27 08:58:20.402 [info] > git status -z -uall [119ms]
2024-05-27 08:58:25.457 [info] > git config --get commit.template [22ms]
2024-05-27 08:58:25.459 [info] > git for-each-ref --format=%(refname)%00%(upstream:short)%00%(objectname)%00%(upstream:track)%00%(upstream:remotename)%00%(upstream:remoteref) refs/heads/main refs/remotes/main [4ms]
2024-05-27 08:58:25.699 [info] > git status -z -uall [218ms]
2024-05-27 08:58:30.756 [info] > git config --get commit.template [19ms]
2024-05-27 08:58:30.757 [info] > git for-each-ref --format=%(refname)%00%(upstream:short)%00%(objectname)%00%(upstream:track)%00%(upstream:remotename)%00%(upstream:remoteref) refs/heads/main refs/remotes/main [3ms]
2024-05-27 08:58:30.953 [info] > git status -z -uall [180ms]
2024-05-27 08:58:35.988 [info] > git config --get commit.template [13ms]
2024-05-27 08:58:35.989 [info] > git for-each-ref --format=%(refname)%00%(upstream:short)%00%(objectname)%00%(upstream:track)%00%(upstream:remotename)%00%(upstream:remoteref) refs/heads/main refs/remotes/main [3ms]
2024-05-27 08:58:36.127 [info] > git status -z -uall [125ms]
2024-05-27 08:58:41.177 [info] > git config --get commit.template [20ms]
2024-05-27 08:58:41.178 [info] > git for-each-ref --format=%(refname)%00%(upstream:short)%00%(objectname)%00%(upstream:track)%00%(upstream:remotename)%00%(upstream:remoteref) refs/heads/main refs/remotes/main [3ms]
2024-05-27 08:58:41.335 [info] > git status -z -uall [144ms]
2024-05-27 08:58:46.371 [info] > git config --get commit.template [13ms]
2024-05-27 08:58:46.372 [info] > git for-each-ref --format=%(refname)%00%(upstream:short)%00%(objectname)%00%(upstream:track)%00%(upstream:remotename)%00%(upstream:remoteref) refs/heads/main refs/remotes/main [2ms]
2024-05-27 08:58:46.488 [info] > git status -z -uall [104ms]
2024-05-27 09:00:02.525 [info] > git config --get commit.template [4ms]
2024-05-27 09:00:02.541 [info] > git for-each-ref --format=%(refname)%00%(upstream:short)%00%(objectname)%00%(upstream:track)%00%(upstream:remotename)%00%(upstream:remoteref) refs/heads/main refs/remotes/main [3ms]
2024-05-27 09:00:02.698 [info] > git status -z -uall [143ms]
2024-05-27 09:00:07.756 [info] > git config --get commit.template [24ms]
2024-05-27 09:00:07.758 [info] > git for-each-ref --format=%(refname)%00%(upstream:short)%00%(objectname)%00%(upstream:track)%00%(upstream:remotename)%00%(upstream:remoteref) refs/heads/main refs/remotes/main [4ms]
2024-05-27 09:00:07.968 [info] > git status -z -uall [193ms]
2024-05-27 09:00:18.131 [info] > git config --get commit.template [13ms]
2024-05-27 09:00:18.133 [info] > git for-each-ref --format=%(refname)%00%(upstream:short)%00%(objectname)%00%(upstream:track)%00%(upstream:remotename)%00%(upstream:remoteref) refs/heads/main refs/remotes/main [3ms]
2024-05-27 09:00:18.254 [info] > git status -z -uall [109ms]
2024-05-27 09:15:27.740 [info] > git config --get commit.template [1ms]
2024-05-27 09:15:27.750 [info] > git for-each-ref --format=%(refname)%00%(upstream:short)%00%(objectname)%00%(upstream:track)%00%(upstream:remotename)%00%(upstream:remoteref) refs/heads/main refs/remotes/main [3ms]
2024-05-27 09:15:27.846 [info] > git status -z -uall [86ms]
2024-05-27 09:15:32.880 [info] > git config --get commit.template [11ms]
2024-05-27 09:15:32.880 [info] > git for-each-ref --format=%(refname)%00%(upstream:short)%00%(objectname)%00%(upstream:track)%00%(upstream:remotename)%00%(upstream:remoteref) refs/heads/main refs/remotes/main [2ms]
2024-05-27 09:15:32.997 [info] > git status -z -uall [105ms]
2024-05-27 09:16:08.679 [info] > git config --get commit.template [8ms]
2024-05-27 09:16:08.679 [info] > git for-each-ref --format=%(refname)%00%(upstream:short)%00%(objectname)%00%(upstream:track)%00%(upstream:remotename)%00%(upstream:remoteref) refs/heads/main refs/remotes/main [1ms]
2024-05-27 09:16:08.767 [info] > git status -z -uall [80ms]
2024-05-27 09:16:13.814 [info] > git config --get commit.template [16ms]
2024-05-27 09:16:13.815 [info] > git for-each-ref --format=%(refname)%00%(upstream:short)%00%(objectname)%00%(upstream:track)%00%(upstream:remotename)%00%(upstream:remoteref) refs/heads/main refs/remotes/main [3ms]
2024-05-27 09:16:14.026 [info] > git status -z -uall [195ms]
2024-05-27 09:16:19.211 [info] > git config --get commit.template [4ms]
2024-05-27 09:16:19.227 [info] > git for-each-ref --format=%(refname)%00%(upstream:short)%00%(objectname)%00%(upstream:track)%00%(upstream:remotename)%00%(upstream:remoteref) refs/heads/main refs/remotes/main [2ms]
2024-05-27 09:16:19.374 [info] > git status -z -uall [133ms]
2024-05-27 09:16:24.426 [info] > git config --get commit.template [5ms]
2024-05-27 09:16:24.451 [info] > git for-each-ref --format=%(refname)%00%(upstream:short)%00%(objectname)%00%(upstream:track)%00%(upstream:remotename)%00%(upstream:remoteref) refs/heads/main refs/remotes/main [5ms]
2024-05-27 09:16:24.630 [info] > git status -z -uall [160ms]
2024-05-27 09:16:29.674 [info] > git config --get commit.template [18ms]
2024-05-27 09:16:29.675 [info] > git for-each-ref --format=%(refname)%00%(upstream:short)%00%(objectname)%00%(upstream:track)%00%(upstream:remotename)%00%(upstream:remoteref) refs/heads/main refs/remotes/main [4ms]
2024-05-27 09:16:29.864 [info] > git status -z -uall [170ms]
2024-05-27 09:16:34.903 [info] > git config --get commit.template [12ms]
2024-05-27 09:16:34.904 [info] > git for-each-ref --format=%(refname)%00%(upstream:short)%00%(objectname)%00%(upstream:track)%00%(upstream:remotename)%00%(upstream:remoteref) refs/heads/main refs/remotes/main [2ms]
2024-05-27 09:16:35.051 [info] > git status -z -uall [135ms]
2024-05-27 09:16:40.097 [info] > git config --get commit.template [12ms]
2024-05-27 09:16:40.098 [info] > git for-each-ref --format=%(refname)%00%(upstream:short)%00%(objectname)%00%(upstream:track)%00%(upstream:remotename)%00%(upstream:remoteref) refs/heads/main refs/remotes/main [2ms]
2024-05-27 09:16:40.235 [info] > git status -z -uall [125ms]
2024-05-27 09:16:45.290 [info] > git config --get commit.template [20ms]
2024-05-27 09:16:45.291 [info] > git for-each-ref --format=%(refname)%00%(upstream:short)%00%(objectname)%00%(upstream:track)%00%(upstream:remotename)%00%(upstream:remoteref) refs/heads/main refs/remotes/main [3ms]
2024-05-27 09:16:45.530 [info] > git status -z -uall [218ms]
2024-05-27 09:16:50.578 [info] > git config --get commit.template [3ms]
2024-05-27 09:16:50.591 [info] > git for-each-ref --format=%(refname)%00%(upstream:short)%00%(objectname)%00%(upstream:track)%00%(upstream:remotename)%00%(upstream:remoteref) refs/heads/main refs/remotes/main [3ms]
2024-05-27 09:16:50.731 [info] > git status -z -uall [125ms]
2024-05-27 09:16:55.796 [info] > git config --get commit.template [26ms]
2024-05-27 09:16:55.803 [info] > git for-each-ref --format=%(refname)%00%(upstream:short)%00%(objectname)%00%(upstream:track)%00%(upstream:remotename)%00%(upstream:remoteref) refs/heads/main refs/remotes/main [10ms]
2024-05-27 09:16:55.962 [info] > git status -z -uall [146ms]
2024-05-27 09:17:00.997 [info] > git config --get commit.template [15ms]
2024-05-27 09:17:00.998 [info] > git for-each-ref --format=%(refname)%00%(upstream:short)%00%(objectname)%00%(upstream:track)%00%(upstream:remotename)%00%(upstream:remoteref) refs/heads/main refs/remotes/main [2ms]
2024-05-27 09:17:01.107 [info] > git status -z -uall [96ms]
2024-05-27 09:17:06.139 [info] > git config --get commit.template [5ms]
2024-05-27 09:17:06.158 [info] > git for-each-ref --format=%(refname)%00%(upstream:short)%00%(objectname)%00%(upstream:track)%00%(upstream:remotename)%00%(upstream:remoteref) refs/heads/main refs/remotes/main [3ms]
2024-05-27 09:17:06.354 [info] > git status -z -uall [178ms]
2024-05-27 09:17:11.402 [info] > git config --get commit.template [15ms]
2024-05-27 09:17:11.404 [info] > git for-each-ref --format=%(refname)%00%(upstream:short)%00%(objectname)%00%(upstream:track)%00%(upstream:remotename)%00%(upstream:remoteref) refs/heads/main refs/remotes/main [3ms]
2024-05-27 09:17:11.598 [info] > git status -z -uall [180ms]
2024-05-27 09:17:16.653 [info] > git config --get commit.template [25ms]
2024-05-27 09:17:16.654 [info] > git for-each-ref --format=%(refname)%00%(upstream:short)%00%(objectname)%00%(upstream:track)%00%(upstream:remotename)%00%(upstream:remoteref) refs/heads/main refs/remotes/main [5ms]
2024-05-27 09:17:16.863 [info] > git status -z -uall [188ms]
2024-05-27 09:17:21.907 [info] > git config --get commit.template [17ms]
2024-05-27 09:17:21.909 [info] > git for-each-ref --format=%(refname)%00%(upstream:short)%00%(objectname)%00%(upstream:track)%00%(upstream:remotename)%00%(upstream:remoteref) refs/heads/main refs/remotes/main [3ms]
2024-05-27 09:17:22.152 [info] > git status -z -uall [224ms]
2024-05-27 09:18:06.398 [info] > git config --get commit.template [16ms]
2024-05-27 09:18:06.398 [info] > git for-each-ref --format=%(refname)%00%(upstream:short)%00%(objectname)%00%(upstream:track)%00%(upstream:remotename)%00%(upstream:remoteref) refs/heads/main refs/remotes/main [2ms]
2024-05-27 09:18:06.487 [info] > git status -z -uall [78ms]
2024-05-27 09:18:11.537 [info] > git config --get commit.template [17ms]
2024-05-27 09:18:11.539 [info] > git for-each-ref --format=%(refname)%00%(upstream:short)%00%(objectname)%00%(upstream:track)%00%(upstream:remotename)%00%(upstream:remoteref) refs/heads/main refs/remotes/main [4ms]
2024-05-27 09:18:11.737 [info] > git status -z -uall [180ms]
2024-05-27 09:18:16.778 [info] > git config --get commit.template [11ms]
2024-05-27 09:18:16.778 [info] > git for-each-ref --format=%(refname)%00%(upstream:short)%00%(objectname)%00%(upstream:track)%00%(upstream:remotename)%00%(upstream:remoteref) refs/heads/main refs/remotes/main [1ms]
2024-05-27 09:18:16.899 [info] > git status -z -uall [109ms]
2024-05-27 09:20:40.395 [info] > git config --get commit.template [18ms]
2024-05-27 09:20:40.396 [info] > git for-each-ref --format=%(refname)%00%(upstream:short)%00%(objectname)%00%(upstream:track)%00%(upstream:remotename)%00%(upstream:remoteref) refs/heads/main refs/remotes/main [2ms]
2024-05-27 09:20:40.506 [info] > git status -z -uall [100ms]
2024-05-27 09:20:45.538 [info] > git config --get commit.template [12ms]
2024-05-27 09:20:45.539 [info] > git for-each-ref --format=%(refname)%00%(upstream:short)%00%(objectname)%00%(upstream:track)%00%(upstream:remotename)%00%(upstream:remoteref) refs/heads/main refs/remotes/main [2ms]
2024-05-27 09:20:45.634 [info] > git status -z -uall [84ms]
2024-05-27 09:20:50.672 [info] > git config --get commit.template [14ms]
2024-05-27 09:20:50.673 [info] > git for-each-ref --format=%(refname)%00%(upstream:short)%00%(objectname)%00%(upstream:track)%00%(upstream:remotename)%00%(upstream:remoteref) refs/heads/main refs/remotes/main [2ms]
2024-05-27 09:20:50.766 [info] > git status -z -uall [82ms]
2024-05-27 09:20:55.799 [info] > git config --get commit.template [13ms]
2024-05-27 09:20:55.800 [info] > git for-each-ref --format=%(refname)%00%(upstream:short)%00%(objectname)%00%(upstream:track)%00%(upstream:remotename)%00%(upstream:remoteref) refs/heads/main refs/remotes/main [3ms]
2024-05-27 09:20:55.923 [info] > git status -z -uall [111ms]
2024-05-27 09:21:00.972 [info] > git config --get commit.template [19ms]
2024-05-27 09:21:00.974 [info] > git for-each-ref --format=%(refname)%00%(upstream:short)%00%(objectname)%00%(upstream:track)%00%(upstream:remotename)%00%(upstream:remoteref) refs/heads/main refs/remotes/main [4ms]
2024-05-27 09:21:01.188 [info] > git status -z -uall [195ms]
2024-05-27 09:21:06.246 [info] > git config --get commit.template [20ms]
2024-05-27 09:21:06.249 [info] > git for-each-ref --format=%(refname)%00%(upstream:short)%00%(objectname)%00%(upstream:track)%00%(upstream:remotename)%00%(upstream:remoteref) refs/heads/main refs/remotes/main [4ms]
2024-05-27 09:21:06.457 [info] > git status -z -uall [189ms]
2024-05-27 09:21:11.506 [info] > git config --get commit.template [19ms]
2024-05-27 09:21:11.506 [info] > git for-each-ref --format=%(refname)%00%(upstream:short)%00%(objectname)%00%(upstream:track)%00%(upstream:remotename)%00%(upstream:remoteref) refs/heads/main refs/remotes/main [4ms]
2024-05-27 09:21:11.682 [info] > git status -z -uall [155ms]
2024-05-27 09:21:16.718 [info] > git config --get commit.template [13ms]
2024-05-27 09:21:16.720 [info] > git for-each-ref --format=%(refname)%00%(upstream:short)%00%(objectname)%00%(upstream:track)%00%(upstream:remotename)%00%(upstream:remoteref) refs/heads/main refs/remotes/main [3ms]
2024-05-27 09:21:16.853 [info] > git status -z -uall [113ms]
2024-05-27 09:21:21.897 [info] > git config --get commit.template [18ms]
2024-05-27 09:21:21.898 [info] > git for-each-ref --format=%(refname)%00%(upstream:short)%00%(objectname)%00%(upstream:track)%00%(upstream:remotename)%00%(upstream:remoteref) refs/heads/main refs/remotes/main [3ms]
2024-05-27 09:21:22.037 [info] > git status -z -uall [125ms]
2024-05-27 09:21:27.094 [info] > git config --get commit.template [19ms]
2024-05-27 09:21:27.096 [info] > git for-each-ref --format=%(refname)%00%(upstream:short)%00%(objectname)%00%(upstream:track)%00%(upstream:remotename)%00%(upstream:remoteref) refs/heads/main refs/remotes/main [3ms]
2024-05-27 09:21:27.311 [info] > git status -z -uall [195ms]
2024-05-27 09:22:30.093 [info] > git config --get commit.template [17ms]
2024-05-27 09:22:30.094 [info] > git for-each-ref --format=%(refname)%00%(upstream:short)%00%(objectname)%00%(upstream:track)%00%(upstream:remotename)%00%(upstream:remoteref) refs/heads/main refs/remotes/main [3ms]
2024-05-27 09:22:30.220 [info] > git status -z -uall [109ms]
2024-05-27 09:22:35.262 [info] > git config --get commit.template [14ms]
2024-05-27 09:22:35.263 [info] > git for-each-ref --format=%(refname)%00%(upstream:short)%00%(objectname)%00%(upstream:track)%00%(upstream:remotename)%00%(upstream:remoteref) refs/heads/main refs/remotes/main [3ms]
2024-05-27 09:22:35.436 [info] > git status -z -uall [161ms]
2024-05-27 09:22:40.482 [info] > git config --get commit.template [13ms]
2024-05-27 09:22:40.482 [info] > git for-each-ref --format=%(refname)%00%(upstream:short)%00%(objectname)%00%(upstream:track)%00%(upstream:remotename)%00%(upstream:remoteref) refs/heads/main refs/remotes/main [2ms]
2024-05-27 09:22:40.634 [info] > git status -z -uall [139ms]
2024-05-27 09:22:45.688 [info] > git config --get commit.template [14ms]
2024-05-27 09:22:45.689 [info] > git for-each-ref --format=%(refname)%00%(upstream:short)%00%(objectname)%00%(upstream:track)%00%(upstream:remotename)%00%(upstream:remoteref) refs/heads/main refs/remotes/main [3ms]
2024-05-27 09:22:45.831 [info] > git status -z -uall [129ms]
2024-05-27 09:22:50.871 [info] > git config --get commit.template [17ms]
2024-05-27 09:22:50.872 [info] > git for-each-ref --format=%(refname)%00%(upstream:short)%00%(objectname)%00%(upstream:track)%00%(upstream:remotename)%00%(upstream:remoteref) refs/heads/main refs/remotes/main [2ms]
2024-05-27 09:22:51.034 [info] > git status -z -uall [145ms]
2024-05-27 09:22:56.062 [info] > git config --get commit.template [2ms]
2024-05-27 09:22:56.078 [info] > git for-each-ref --format=%(refname)%00%(upstream:short)%00%(objectname)%00%(upstream:track)%00%(upstream:remotename)%00%(upstream:remoteref) refs/heads/main refs/remotes/main [3ms]
2024-05-27 09:22:56.226 [info] > git status -z -uall [134ms]
2024-05-27 09:23:01.273 [info] > git config --get commit.template [16ms]
2024-05-27 09:23:01.274 [info] > git for-each-ref --format=%(refname)%00%(upstream:short)%00%(objectname)%00%(upstream:track)%00%(upstream:remotename)%00%(upstream:remoteref) refs/heads/main refs/remotes/main [3ms]
2024-05-27 09:23:01.500 [info] > git status -z -uall [207ms]
2024-05-27 09:23:06.547 [info] > git config --get commit.template [10ms]
2024-05-27 09:23:06.548 [info] > git for-each-ref --format=%(refname)%00%(upstream:short)%00%(objectname)%00%(upstream:track)%00%(upstream:remotename)%00%(upstream:remoteref) refs/heads/main refs/remotes/main [1ms]
2024-05-27 09:23:06.633 [info] > git status -z -uall [77ms]
2024-05-27 09:23:11.704 [info] > git config --get commit.template [32ms]
2024-05-27 09:23:11.715 [info] > git for-each-ref --format=%(refname)%00%(upstream:short)%00%(objectname)%00%(upstream:track)%00%(upstream:remotename)%00%(upstream:remoteref) refs/heads/main refs/remotes/main [14ms]
2024-05-27 09:23:11.881 [info] > git status -z -uall [142ms]
2024-05-27 09:23:16.903 [info] > git config --get commit.template [1ms]
2024-05-27 09:23:16.913 [info] > git for-each-ref --format=%(refname)%00%(upstream:short)%00%(objectname)%00%(upstream:track)%00%(upstream:remotename)%00%(upstream:remoteref) refs/heads/main refs/remotes/main [2ms]
2024-05-27 09:23:17.010 [info] > git status -z -uall [89ms]
2024-05-27 09:23:22.062 [info] > git config --get commit.template [22ms]
2024-05-27 09:23:22.064 [info] > git for-each-ref --format=%(refname)%00%(upstream:short)%00%(objectname)%00%(upstream:track)%00%(upstream:remotename)%00%(upstream:remoteref) refs/heads/main refs/remotes/main [5ms]
2024-05-27 09:23:22.299 [info] > git status -z -uall [213ms]
2024-05-27 09:23:27.338 [info] > git config --get commit.template [8ms]
2024-05-27 09:23:27.338 [info] > git for-each-ref --format=%(refname)%00%(upstream:short)%00%(objectname)%00%(upstream:track)%00%(upstream:remotename)%00%(upstream:remoteref) refs/heads/main refs/remotes/main [1ms]
2024-05-27 09:23:27.438 [info] > git status -z -uall [91ms]
2024-05-27 09:23:32.485 [info] > git config --get commit.template [18ms]
2024-05-27 09:23:32.487 [info] > git for-each-ref --format=%(refname)%00%(upstream:short)%00%(objectname)%00%(upstream:track)%00%(upstream:remotename)%00%(upstream:remoteref) refs/heads/main refs/remotes/main [4ms]
2024-05-27 09:23:32.689 [info] > git status -z -uall [184ms]
2024-05-27 09:23:37.766 [info] > git config --get commit.template [21ms]
2024-05-27 09:23:37.770 [info] > git for-each-ref --format=%(refname)%00%(upstream:short)%00%(objectname)%00%(upstream:track)%00%(upstream:remotename)%00%(upstream:remoteref) refs/heads/main refs/remotes/main [5ms]
2024-05-27 09:23:37.970 [info] > git status -z -uall [181ms]
2024-05-27 09:23:43.012 [info] > git config --get commit.template [2ms]
2024-05-27 09:23:43.034 [info] > git for-each-ref --format=%(refname)%00%(upstream:short)%00%(objectname)%00%(upstream:track)%00%(upstream:remotename)%00%(upstream:remoteref) refs/heads/main refs/remotes/main [4ms]
2024-05-27 09:23:43.262 [info] > git status -z -uall [207ms]
2024-05-27 09:23:48.307 [info] > git config --get commit.template [12ms]
2024-05-27 09:23:48.309 [info] > git for-each-ref --format=%(refname)%00%(upstream:short)%00%(objectname)%00%(upstream:track)%00%(upstream:remotename)%00%(upstream:remoteref) refs/heads/main refs/remotes/main [2ms]
2024-05-27 09:23:48.443 [info] > git status -z -uall [122ms]
2024-05-27 09:23:53.491 [info] > git config --get commit.template [18ms]
2024-05-27 09:23:53.494 [info] > git for-each-ref --format=%(refname)%00%(upstream:short)%00%(objectname)%00%(upstream:track)%00%(upstream:remotename)%00%(upstream:remoteref) refs/heads/main refs/remotes/main [4ms]
2024-05-27 09:23:53.653 [info] > git status -z -uall [142ms]
2024-05-27 09:23:58.693 [info] > git config --get commit.template [15ms]
2024-05-27 09:23:58.693 [info] > git for-each-ref --format=%(refname)%00%(upstream:short)%00%(objectname)%00%(upstream:track)%00%(upstream:remotename)%00%(upstream:remoteref) refs/heads/main refs/remotes/main [2ms]
2024-05-27 09:23:58.801 [info] > git status -z -uall [97ms]
2024-05-27 09:24:03.861 [info] > git config --get commit.template [31ms]
2024-05-27 09:24:03.873 [info] > git for-each-ref --format=%(refname)%00%(upstream:short)%00%(objectname)%00%(upstream:track)%00%(upstream:remotename)%00%(upstream:remoteref) refs/heads/main refs/remotes/main [13ms]
2024-05-27 09:24:03.990 [info] > git status -z -uall [98ms]
2024-05-27 09:24:09.029 [info] > git config --get commit.template [13ms]
2024-05-27 09:24:09.030 [info] > git for-each-ref --format=%(refname)%00%(upstream:short)%00%(objectname)%00%(upstream:track)%00%(upstream:remotename)%00%(upstream:remoteref) refs/heads/main refs/remotes/main [2ms]
2024-05-27 09:24:09.171 [info] > git status -z -uall [128ms]
2024-05-27 09:24:14.222 [info] > git config --get commit.template [18ms]
2024-05-27 09:24:14.223 [info] > git for-each-ref --format=%(refname)%00%(upstream:short)%00%(objectname)%00%(upstream:track)%00%(upstream:remotename)%00%(upstream:remoteref) refs/heads/main refs/remotes/main [3ms]
2024-05-27 09:24:14.408 [info] > git status -z -uall [168ms]
2024-05-27 09:24:19.472 [info] > git config --get commit.template [23ms]
2024-05-27 09:24:19.475 [info] > git for-each-ref --format=%(refname)%00%(upstream:short)%00%(objectname)%00%(upstream:track)%00%(upstream:remotename)%00%(upstream:remoteref) refs/heads/main refs/remotes/main [4ms]
2024-05-27 09:24:19.668 [info] > git status -z -uall [173ms]
2024-05-27 09:24:24.718 [info] > git config --get commit.template [16ms]
2024-05-27 09:24:24.720 [info] > git for-each-ref --format=%(refname)%00%(upstream:short)%00%(objectname)%00%(upstream:track)%00%(upstream:remotename)%00%(upstream:remoteref) refs/heads/main refs/remotes/main [2ms]
2024-05-27 09:24:24.895 [info] > git status -z -uall [160ms]
2024-05-27 09:24:29.976 [info] > git config --get commit.template [17ms]
2024-05-27 09:24:29.976 [info] > git for-each-ref --format=%(refname)%00%(upstream:short)%00%(objectname)%00%(upstream:track)%00%(upstream:remotename)%00%(upstream:remoteref) refs/heads/main refs/remotes/main [3ms]
2024-05-27 09:24:30.085 [info] > git status -z -uall [99ms]
2024-05-27 09:24:35.131 [info] > git config --get commit.template [19ms]
2024-05-27 09:24:35.132 [info] > git for-each-ref --format=%(refname)%00%(upstream:short)%00%(objectname)%00%(upstream:track)%00%(upstream:remotename)%00%(upstream:remoteref) refs/heads/main refs/remotes/main [3ms]
2024-05-27 09:24:35.303 [info] > git status -z -uall [154ms]
2024-05-27 09:24:40.336 [info] > git config --get commit.template [10ms]
2024-05-27 09:24:40.337 [info] > git for-each-ref --format=%(refname)%00%(upstream:short)%00%(objectname)%00%(upstream:track)%00%(upstream:remotename)%00%(upstream:remoteref) refs/heads/main refs/remotes/main [2ms]
2024-05-27 09:24:40.534 [info] > git status -z -uall [188ms]
2024-05-27 09:24:45.571 [info] > git config --get commit.template [12ms]
2024-05-27 09:24:45.571 [info] > git for-each-ref --format=%(refname)%00%(upstream:short)%00%(objectname)%00%(upstream:track)%00%(upstream:remotename)%00%(upstream:remoteref) refs/heads/main refs/remotes/main [2ms]
2024-05-27 09:24:45.668 [info] > git status -z -uall [86ms]
2024-05-27 09:24:50.722 [info] > git config --get commit.template [25ms]
2024-05-27 09:24:50.723 [info] > git for-each-ref --format=%(refname)%00%(upstream:short)%00%(objectname)%00%(upstream:track)%00%(upstream:remotename)%00%(upstream:remoteref) refs/heads/main refs/remotes/main [4ms]
2024-05-27 09:24:50.939 [info] > git status -z -uall [195ms]
2024-05-27 09:24:55.986 [info] > git config --get commit.template [3ms]
2024-05-27 09:24:56.014 [info] > git for-each-ref --format=%(refname)%00%(upstream:short)%00%(objectname)%00%(upstream:track)%00%(upstream:remotename)%00%(upstream:remoteref) refs/heads/main refs/remotes/main [4ms]
2024-05-27 09:24:56.283 [info] > git status -z -uall [245ms]
2024-05-27 09:25:01.345 [info] > git config --get commit.template [19ms]
2024-05-27 09:25:01.346 [info] > git for-each-ref --format=%(refname)%00%(upstream:short)%00%(objectname)%00%(upstream:track)%00%(upstream:remotename)%00%(upstream:remoteref) refs/heads/main refs/remotes/main [3ms]
2024-05-27 09:25:01.489 [info] > git status -z -uall [129ms]
2024-05-27 09:25:06.531 [info] > git config --get commit.template [15ms]
2024-05-27 09:25:06.531 [info] > git for-each-ref --format=%(refname)%00%(upstream:short)%00%(objectname)%00%(upstream:track)%00%(upstream:remotename)%00%(upstream:remoteref) refs/heads/main refs/remotes/main [2ms]
2024-05-27 09:25:06.667 [info] > git status -z -uall [123ms]
2024-05-27 09:25:11.721 [info] > git config --get commit.template [20ms]
2024-05-27 09:25:11.724 [info] > git for-each-ref --format=%(refname)%00%(upstream:short)%00%(objectname)%00%(upstream:track)%00%(upstream:remotename)%00%(upstream:remoteref) refs/heads/main refs/remotes/main [4ms]
2024-05-27 09:25:11.923 [info] > git status -z -uall [182ms]
2024-05-27 09:25:16.974 [info] > git config --get commit.template [17ms]
2024-05-27 09:25:16.977 [info] > git for-each-ref --format=%(refname)%00%(upstream:short)%00%(objectname)%00%(upstream:track)%00%(upstream:remotename)%00%(upstream:remoteref) refs/heads/main refs/remotes/main [3ms]
2024-05-27 09:25:17.115 [info] > git status -z -uall [124ms]
2024-05-27 09:25:22.168 [info] > git config --get commit.template [20ms]
2024-05-27 09:25:22.169 [info] > git for-each-ref --format=%(refname)%00%(upstream:short)%00%(objectname)%00%(upstream:track)%00%(upstream:remotename)%00%(upstream:remoteref) refs/heads/main refs/remotes/main [3ms]
2024-05-27 09:25:22.371 [info] > git status -z -uall [183ms]
2024-05-27 09:25:27.433 [info] > git config --get commit.template [22ms]
2024-05-27 09:25:27.436 [info] > git for-each-ref --format=%(refname)%00%(upstream:short)%00%(objectname)%00%(upstream:track)%00%(upstream:remotename)%00%(upstream:remoteref) refs/heads/main refs/remotes/main [5ms]
2024-05-27 09:25:27.642 [info] > git status -z -uall [186ms]
2024-05-27 09:25:32.702 [info] > git config --get commit.template [25ms]
2024-05-27 09:25:32.703 [info] > git for-each-ref --format=%(refname)%00%(upstream:short)%00%(objectname)%00%(upstream:track)%00%(upstream:remotename)%00%(upstream:remoteref) refs/heads/main refs/remotes/main [5ms]
2024-05-27 09:25:32.945 [info] > git status -z -uall [217ms]
2024-05-27 09:25:37.985 [info] > git config --get commit.template [11ms]
2024-05-27 09:25:37.985 [info] > git for-each-ref --format=%(refname)%00%(upstream:short)%00%(objectname)%00%(upstream:track)%00%(upstream:remotename)%00%(upstream:remoteref) refs/heads/main refs/remotes/main [2ms]
2024-05-27 09:25:38.083 [info] > git status -z -uall [87ms]
2024-05-27 09:25:43.105 [info] > git config --get commit.template [3ms]
2024-05-27 09:25:43.116 [info] > git for-each-ref --format=%(refname)%00%(upstream:short)%00%(objectname)%00%(upstream:track)%00%(upstream:remotename)%00%(upstream:remoteref) refs/heads/main refs/remotes/main [2ms]
2024-05-27 09:25:43.231 [info] > git status -z -uall [105ms]
2024-05-27 09:25:48.295 [info] > git config --get commit.template [23ms]
2024-05-27 09:25:48.297 [info] > git for-each-ref --format=%(refname)%00%(upstream:short)%00%(objectname)%00%(upstream:track)%00%(upstream:remotename)%00%(upstream:remoteref) refs/heads/main refs/remotes/main [5ms]
2024-05-27 09:25:48.513 [info] > git status -z -uall [194ms]
2024-05-27 09:25:53.571 [info] > git config --get commit.template [19ms]
2024-05-27 09:25:53.574 [info] > git for-each-ref --format=%(refname)%00%(upstream:short)%00%(objectname)%00%(upstream:track)%00%(upstream:remotename)%00%(upstream:remoteref) refs/heads/main refs/remotes/main [3ms]
2024-05-27 09:25:53.717 [info] > git status -z -uall [127ms]
2024-05-27 09:25:58.761 [info] > git config --get commit.template [13ms]
2024-05-27 09:25:58.762 [info] > git for-each-ref --format=%(refname)%00%(upstream:short)%00%(objectname)%00%(upstream:track)%00%(upstream:remotename)%00%(upstream:remoteref) refs/heads/main refs/remotes/main [2ms]
2024-05-27 09:25:58.906 [info] > git status -z -uall [130ms]
2024-05-27 09:26:03.957 [info] > git config --get commit.template [7ms]
2024-05-27 09:26:03.983 [info] > git for-each-ref --format=%(refname)%00%(upstream:short)%00%(objectname)%00%(upstream:track)%00%(upstream:remotename)%00%(upstream:remoteref) refs/heads/main refs/remotes/main [4ms]
2024-05-27 09:26:04.271 [info] > git status -z -uall [266ms]
2024-05-27 09:34:06.047 [info] > git config --get commit.template [11ms]
2024-05-27 09:34:06.049 [info] > git for-each-ref --format=%(refname)%00%(upstream:short)%00%(objectname)%00%(upstream:track)%00%(upstream:remotename)%00%(upstream:remoteref) refs/heads/main refs/remotes/main [3ms]
2024-05-27 09:34:06.162 [info] > git status -z -uall [105ms]
2024-05-27 09:34:11.199 [info] > git config --get commit.template [13ms]
2024-05-27 09:34:11.200 [info] > git for-each-ref --format=%(refname)%00%(upstream:short)%00%(objectname)%00%(upstream:track)%00%(upstream:remotename)%00%(upstream:remoteref) refs/heads/main refs/remotes/main [2ms]
2024-05-27 09:34:11.311 [info] > git status -z -uall [101ms]
2024-05-27 09:34:16.353 [info] > git config --get commit.template [16ms]
2024-05-27 09:34:16.355 [info] > git for-each-ref --format=%(refname)%00%(upstream:short)%00%(objectname)%00%(upstream:track)%00%(upstream:remotename)%00%(upstream:remoteref) refs/heads/main refs/remotes/main [2ms]
2024-05-27 09:34:16.526 [info] > git status -z -uall [156ms]
2024-05-27 09:34:21.582 [info] > git config --get commit.template [27ms]
2024-05-27 09:34:21.583 [info] > git for-each-ref --format=%(refname)%00%(upstream:short)%00%(objectname)%00%(upstream:track)%00%(upstream:remotename)%00%(upstream:remoteref) refs/heads/main refs/remotes/main [3ms]
2024-05-27 09:34:21.752 [info] > git status -z -uall [156ms]
2024-05-27 09:37:56.071 [info] > git config --get commit.template [17ms]
2024-05-27 09:37:56.072 [info] > git for-each-ref --format=%(refname)%00%(upstream:short)%00%(objectname)%00%(upstream:track)%00%(upstream:remotename)%00%(upstream:remoteref) refs/heads/main refs/remotes/main [2ms]
2024-05-27 09:37:56.174 [info] > git status -z -uall [92ms]
2024-05-27 09:40:13.864 [info] > git config --get commit.template [5ms]
2024-05-27 09:40:13.879 [info] > git for-each-ref --format=%(refname)%00%(upstream:short)%00%(objectname)%00%(upstream:track)%00%(upstream:remotename)%00%(upstream:remoteref) refs/heads/main refs/remotes/main [3ms]
2024-05-27 09:40:13.978 [info] > git status -z -uall [86ms]
2024-05-27 09:40:15.719 [info] > git show --textconv :mysql_setup/vars/mysql_vars.yml [19ms]
2024-05-27 09:40:15.725 [info] > git ls-files --stage -- /home/ndao/mysql_setup/vars/mysql_vars.yml [11ms]
2024-05-27 09:40:19.069 [info] > git config --get commit.template [38ms]
2024-05-27 09:40:19.079 [info] > git for-each-ref --format=%(refname)%00%(upstream:short)%00%(objectname)%00%(upstream:track)%00%(upstream:remotename)%00%(upstream:remoteref) refs/heads/main refs/remotes/main [12ms]
2024-05-27 09:40:19.205 [info] > git status -z -uall [110ms]
2024-05-27 10:01:57.128 [info] > git config --get commit.template [3ms]
2024-05-27 10:01:57.139 [info] > git for-each-ref --format=%(refname)%00%(upstream:short)%00%(objectname)%00%(upstream:track)%00%(upstream:remotename)%00%(upstream:remoteref) refs/heads/main refs/remotes/main [2ms]
2024-05-27 10:01:57.258 [info] > git status -z -uall [108ms]
2024-05-27 10:02:02.307 [info] > git config --get commit.template [18ms]
2024-05-27 10:02:02.308 [info] > git for-each-ref --format=%(refname)%00%(upstream:short)%00%(objectname)%00%(upstream:track)%00%(upstream:remotename)%00%(upstream:remoteref) refs/heads/main refs/remotes/main [4ms]
2024-05-27 10:02:02.500 [info] > git status -z -uall [173ms]
2024-05-27 10:02:07.545 [info] > git config --get commit.template [14ms]
2024-05-27 10:02:07.546 [info] > git for-each-ref --format=%(refname)%00%(upstream:short)%00%(objectname)%00%(upstream:track)%00%(upstream:remotename)%00%(upstream:remoteref) refs/heads/main refs/remotes/main [3ms]
2024-05-27 10:02:07.678 [info] > git status -z -uall [121ms]
2024-05-27 10:02:12.716 [info] > git config --get commit.template [13ms]
2024-05-27 10:02:12.730 [info] > git for-each-ref --format=%(refname)%00%(upstream:short)%00%(objectname)%00%(upstream:track)%00%(upstream:remotename)%00%(upstream:remoteref) refs/heads/main refs/remotes/main [3ms]
2024-05-27 10:02:12.864 [info] > git status -z -uall [123ms]
2024-05-27 10:02:17.907 [info] > git config --get commit.template [12ms]
2024-05-27 10:02:17.908 [info] > git for-each-ref --format=%(refname)%00%(upstream:short)%00%(objectname)%00%(upstream:track)%00%(upstream:remotename)%00%(upstream:remoteref) refs/heads/main refs/remotes/main [2ms]
2024-05-27 10:02:18.034 [info] > git status -z -uall [112ms]
2024-05-27 10:02:23.076 [info] > git config --get commit.template [15ms]
2024-05-27 10:02:23.078 [info] > git for-each-ref --format=%(refname)%00%(upstream:short)%00%(objectname)%00%(upstream:track)%00%(upstream:remotename)%00%(upstream:remoteref) refs/heads/main refs/remotes/main [3ms]
2024-05-27 10:02:23.237 [info] > git status -z -uall [144ms]
2024-05-27 10:02:28.282 [info] > git config --get commit.template [16ms]
2024-05-27 10:02:28.284 [info] > git for-each-ref --format=%(refname)%00%(upstream:short)%00%(objectname)%00%(upstream:track)%00%(upstream:remotename)%00%(upstream:remoteref) refs/heads/main refs/remotes/main [3ms]
2024-05-27 10:02:28.420 [info] > git status -z -uall [121ms]
2024-05-27 10:02:33.474 [info] > git config --get commit.template [16ms]
2024-05-27 10:02:33.476 [info] > git for-each-ref --format=%(refname)%00%(upstream:short)%00%(objectname)%00%(upstream:track)%00%(upstream:remotename)%00%(upstream:remoteref) refs/heads/main refs/remotes/main [4ms]
2024-05-27 10:02:33.634 [info] > git status -z -uall [141ms]
2024-05-27 10:02:38.694 [info] > git config --get commit.template [26ms]
2024-05-27 10:02:38.698 [info] > git for-each-ref --format=%(refname)%00%(upstream:short)%00%(objectname)%00%(upstream:track)%00%(upstream:remotename)%00%(upstream:remoteref) refs/heads/main refs/remotes/main [6ms]
2024-05-27 10:02:38.957 [info] > git status -z -uall [236ms]
2024-05-27 10:09:07.843 [info] > git config --get commit.template [2ms]
2024-05-27 10:09:07.856 [info] > git for-each-ref --format=%(refname)%00%(upstream:short)%00%(objectname)%00%(upstream:track)%00%(upstream:remotename)%00%(upstream:remoteref) refs/heads/main refs/remotes/main [2ms]
2024-05-27 10:09:07.962 [info] > git status -z -uall [94ms]
2024-05-27 10:09:10.057 [info] > git show --textconv :mysql_setup/mysql_setup.yml [12ms]
2024-05-27 10:09:10.068 [info] > git ls-files --stage -- /home/ndao/mysql_setup/mysql_setup.yml [13ms]
2024-05-27 10:09:13.019 [info] > git for-each-ref --format=%(refname)%00%(upstream:short)%00%(objectname)%00%(upstream:track)%00%(upstream:remotename)%00%(upstream:remoteref) refs/heads/main refs/remotes/main [6ms]
2024-05-27 10:09:13.020 [info] > git config --get commit.template [24ms]
2024-05-27 10:09:13.232 [info] > git status -z -uall [195ms]
2024-05-27 10:09:18.279 [info] > git config --get commit.template [15ms]
2024-05-27 10:09:18.280 [info] > git for-each-ref --format=%(refname)%00%(upstream:short)%00%(objectname)%00%(upstream:track)%00%(upstream:remotename)%00%(upstream:remoteref) refs/heads/main refs/remotes/main [2ms]
2024-05-27 10:09:18.438 [info] > git status -z -uall [144ms]
2024-05-27 10:29:52.864 [info] > git config --get commit.template [15ms]
2024-05-27 10:29:52.864 [info] > git for-each-ref --format=%(refname)%00%(upstream:short)%00%(objectname)%00%(upstream:track)%00%(upstream:remotename)%00%(upstream:remoteref) refs/heads/main refs/remotes/main [3ms]
2024-05-27 10:29:52.979 [info] > git status -z -uall [105ms]
2024-05-27 10:29:58.020 [info] > git config --get commit.template [16ms]
2024-05-27 10:29:58.021 [info] > git for-each-ref --format=%(refname)%00%(upstream:short)%00%(objectname)%00%(upstream:track)%00%(upstream:remotename)%00%(upstream:remoteref) refs/heads/main refs/remotes/main [3ms]
2024-05-27 10:29:58.158 [info] > git status -z -uall [123ms]
