2024-07-08 07:59:53.067 [info] Log level: Info
2024-07-08 07:59:53.067 [info] Validating found git in: "git"
2024-07-08 07:59:53.067 [info] Using git "2.25.1" from "git"
2024-07-08 07:59:53.067 [info] > git rev-parse --show-toplevel [68ms]
2024-07-08 07:59:53.067 [info] > git rev-parse --git-dir --git-common-dir [8ms]
2024-07-08 07:59:53.067 [info] Open repository: /home/ndao/DB_Provisionning
2024-07-08 07:59:53.094 [info] > git rev-parse --show-toplevel [53ms]
2024-07-08 07:59:53.095 [info] > git config --get commit.template [56ms]
2024-07-08 07:59:53.144 [info] > git rev-parse --show-toplevel [20ms]
2024-07-08 07:59:53.810 [info] > git for-each-ref --format=%(refname)%00%(upstream:short)%00%(objectname)%00%(upstream:track)%00%(upstream:remotename)%00%(upstream:remoteref) refs/heads/dev refs/remotes/dev [669ms]
2024-07-08 07:59:53.877 [info] > git check-ignore -v -z --stdin [60ms]
2024-07-08 07:59:53.937 [info] > git status -z -uall [9ms]
2024-07-08 07:59:54.050 [info] > git for-each-ref --format=%(refname)%00%(upstream:short)%00%(objectname)%00%(upstream:track)%00%(upstream:remotename)%00%(upstream:remoteref) refs/heads/dev refs/remotes/dev [102ms]
2024-07-08 07:59:54.063 [info] > git config --get commit.template [15ms]
2024-07-08 07:59:54.153 [info] > git config --local branch.dev.vscode-merge-base [96ms]
2024-07-08 07:59:54.154 [warning] git config failed: Failed to execute git
2024-07-08 07:59:54.234 [info] > git for-each-ref --format=%(refname)%00%(upstream:short)%00%(objectname)%00%(upstream:track)%00%(upstream:remotename)%00%(upstream:remoteref) refs/heads/dev refs/remotes/dev [68ms]
2024-07-08 07:59:54.295 [info] > git reflog dev --grep-reflog=branch: Created from *. [136ms]
2024-07-08 07:59:54.463 [info] > git reflog HEAD --grep-reflog=checkout: moving from .* to dev [157ms]
2024-07-08 07:59:54.469 [info] > git status -z -uall [8ms]
2024-07-08 07:59:54.477 [info] > git for-each-ref --format=%(refname)%00%(upstream:short)%00%(objectname)%00%(upstream:track)%00%(upstream:remotename)%00%(upstream:remoteref) refs/heads/dev refs/remotes/dev [3ms]
2024-07-08 07:59:54.483 [info] > git for-each-ref --format=%(refname)%00%(upstream:short)%00%(objectname)%00%(upstream:track)%00%(upstream:remotename)%00%(upstream:remoteref) refs/heads/master refs/remotes/master [16ms]
2024-07-08 07:59:54.491 [info] > git for-each-ref --format=%(refname)%00%(upstream:short)%00%(objectname)%00%(upstream:track)%00%(upstream:remotename)%00%(upstream:remoteref) refs/remotes/origin/master [3ms]
2024-07-08 07:59:54.496 [info] > git config --local branch.dev.vscode-merge-base [14ms]
2024-07-08 07:59:54.496 [warning] git config failed: Failed to execute git
2024-07-08 07:59:54.504 [info] > git config --local branch.dev.vscode-merge-base origin/master [9ms]
2024-07-08 07:59:54.511 [info] > git reflog dev --grep-reflog=branch: Created from *. [11ms]
2024-07-08 07:59:54.517 [info] > git config --get commit.template [7ms]
2024-07-08 07:59:54.525 [info] > git reflog HEAD --grep-reflog=checkout: moving from .* to dev [10ms]
2024-07-08 07:59:54.532 [info] > git for-each-ref --format=%(refname)%00%(upstream:short)%00%(objectname)%00%(upstream:track)%00%(upstream:remotename)%00%(upstream:remoteref) refs/heads/dev refs/remotes/dev [8ms]
2024-07-08 07:59:54.533 [info] > git for-each-ref --format=%(refname)%00%(upstream:short)%00%(objectname)%00%(upstream:track)%00%(upstream:remotename)%00%(upstream:remoteref) refs/heads/master refs/remotes/master [3ms]
2024-07-08 07:59:54.539 [info] > git for-each-ref --format=%(refname)%00%(upstream:short)%00%(objectname)%00%(upstream:track)%00%(upstream:remotename)%00%(upstream:remoteref) refs/remotes/origin/master [2ms]
2024-07-08 07:59:54.561 [info] > git status -z -uall [11ms]
2024-07-08 07:59:54.573 [info] > git config --local branch.dev.vscode-merge-base origin/master [28ms]
2024-07-08 07:59:54.583 [info] > git merge-base refs/heads/dev refs/remotes/origin/dev [10ms]
2024-07-08 07:59:54.590 [info] > git for-each-ref --format=%(refname)%00%(upstream:short)%00%(objectname)%00%(upstream:track)%00%(upstream:remotename)%00%(upstream:remoteref) refs/heads/dev refs/remotes/dev [24ms]
2024-07-08 07:59:54.602 [info] > git rev-list --count --left-right refs/heads/dev...refs/remotes/origin/dev [12ms]
2024-07-08 07:59:54.609 [info] > git config --get commit.template [28ms]
2024-07-08 07:59:54.611 [info] > git config --local branch.dev.vscode-merge-base [15ms]
2024-07-08 07:59:54.626 [info] > git diff --name-status -z --diff-filter=ADMR 66e0e6740507b5adbb4a446c0853d8838bf940d3...refs/remotes/origin/dev [18ms]
2024-07-08 07:59:54.629 [info] > git for-each-ref --format=%(refname)%00%(upstream:short)%00%(objectname)%00%(upstream:track)%00%(upstream:remotename)%00%(upstream:remoteref) refs/heads/dev refs/remotes/dev [3ms]
2024-07-08 07:59:54.629 [info] > git for-each-ref --format=%(refname)%00%(upstream:short)%00%(objectname)%00%(upstream:track)%00%(upstream:remotename)%00%(upstream:remoteref) refs/heads/origin/master refs/remotes/origin/master [12ms]
2024-07-08 07:59:54.640 [info] > git status -z -uall [3ms]
2024-07-08 07:59:54.651 [info] > git for-each-ref --format=%(refname)%00%(upstream:short)%00%(objectname)%00%(upstream:track)%00%(upstream:remotename)%00%(upstream:remoteref) refs/heads/dev refs/remotes/dev [3ms]
2024-07-08 07:59:54.661 [info] > git config --local branch.dev.vscode-merge-base [3ms]
2024-07-08 07:59:54.669 [info] > git for-each-ref --format=%(refname)%00%(upstream:short)%00%(objectname)%00%(upstream:track)%00%(upstream:remotename)%00%(upstream:remoteref) refs/heads/origin/master refs/remotes/origin/master [2ms]
2024-07-08 07:59:55.770 [info] > git config --get commit.template [39ms]
2024-07-08 07:59:55.780 [info] > git for-each-ref --format=%(refname)%00%(upstream:short)%00%(objectname)%00%(upstream:track)%00%(upstream:remotename)%00%(upstream:remoteref) refs/heads/dev refs/remotes/dev [3ms]
2024-07-08 07:59:55.797 [info] > git status -z -uall [3ms]
2024-07-08 07:59:55.808 [info] > git for-each-ref --format=%(refname)%00%(upstream:short)%00%(objectname)%00%(upstream:track)%00%(upstream:remotename)%00%(upstream:remoteref) refs/heads/dev refs/remotes/dev [4ms]
2024-07-08 07:59:55.825 [info] > git config --local branch.dev.vscode-merge-base [11ms]
2024-07-08 07:59:55.837 [info] > git for-each-ref --format=%(refname)%00%(upstream:short)%00%(objectname)%00%(upstream:track)%00%(upstream:remotename)%00%(upstream:remoteref) refs/heads/origin/master refs/remotes/origin/master [7ms]
2024-07-08 07:59:58.579 [info] > git show --textconv :mysql_setup/sql_loop.yml [6ms]
2024-07-08 07:59:58.581 [info] > git ls-files --stage -- /home/ndao/DB_Provisionning/mysql_setup/sql_loop.yml [3ms]
2024-07-08 07:59:58.588 [info] > git cat-file -s 7cc1bc714487eef4dedd74450fab189079f23209 [2ms]
2024-07-08 07:59:58.924 [info] > git check-ignore -v -z --stdin [3ms]
2024-07-08 08:15:13.189 [info] > git show --textconv :mysql_setup/sql_setup.yml [6ms]
2024-07-08 08:15:13.191 [info] > git ls-files --stage -- /home/ndao/DB_Provisionning/mysql_setup/sql_setup.yml [3ms]
2024-07-08 08:15:13.197 [info] > git cat-file -s 4185eb43aec4c2071255e3f2a5c3a2aa2daf0c05 [2ms]
2024-07-08 08:15:29.445 [info] > git show --textconv :mysql_setup/vars/mysql_vars.yml [17ms]
2024-07-08 08:15:29.446 [info] > git ls-files --stage -- /home/ndao/DB_Provisionning/mysql_setup/vars/mysql_vars.yml [10ms]
2024-07-08 08:15:29.465 [info] > git cat-file -s df0f224ba2f9eec3aaa9982340d05539c5b6ae2f [7ms]
2024-07-08 08:15:29.561 [info] > git check-ignore -v -z --stdin [1ms]
2024-07-08 08:15:37.290 [info] > git show --textconv :mysql_setup/sql_loop.yml [5ms]
2024-07-08 08:15:37.293 [info] > git ls-files --stage -- /home/ndao/DB_Provisionning/mysql_setup/sql_loop.yml [4ms]
2024-07-08 08:15:37.299 [info] > git cat-file -s 7cc1bc714487eef4dedd74450fab189079f23209 [2ms]
2024-07-08 09:16:04.530 [info] > git check-ignore -v -z --stdin [4ms]
2024-07-08 09:16:06.167 [info] > git show --textconv :email.yaml [14ms]
2024-07-08 09:16:06.171 [info] > git ls-files --stage -- /home/ndao/DB_Provisionning/email.yaml [7ms]
2024-07-08 09:16:06.187 [info] > git cat-file -s 14ff79114b4587cd0cf1c205ed4057a01d68e029 [5ms]
2024-07-08 09:16:12.295 [info] > git show --textconv :mysql_setup/sql_loop.yml [5ms]
2024-07-08 09:16:12.296 [info] > git ls-files --stage -- /home/ndao/DB_Provisionning/mysql_setup/sql_loop.yml [2ms]
2024-07-08 09:16:12.301 [info] > git cat-file -s 7cc1bc714487eef4dedd74450fab189079f23209 [2ms]
2024-07-08 09:16:19.142 [info] > git show --textconv :email.yaml [5ms]
2024-07-08 09:16:19.143 [info] > git ls-files --stage -- /home/ndao/DB_Provisionning/email.yaml [2ms]
2024-07-08 09:16:19.150 [info] > git cat-file -s 14ff79114b4587cd0cf1c205ed4057a01d68e029 [2ms]
2024-07-08 09:16:22.307 [info] > git show --textconv :mysql_setup/sql_loop.yml [8ms]
2024-07-08 09:16:22.309 [info] > git ls-files --stage -- /home/ndao/DB_Provisionning/mysql_setup/sql_loop.yml [3ms]
2024-07-08 09:16:22.319 [info] > git cat-file -s 7cc1bc714487eef4dedd74450fab189079f23209 [3ms]
2024-07-08 09:16:31.421 [info] > git show --textconv :email.yaml [18ms]
2024-07-08 09:16:31.426 [info] > git ls-files --stage -- /home/ndao/DB_Provisionning/email.yaml [12ms]
2024-07-08 09:16:31.442 [info] > git cat-file -s 14ff79114b4587cd0cf1c205ed4057a01d68e029 [5ms]
2024-07-08 09:16:45.934 [info] > git show --textconv :mysql_setup/sql_loop.yml [8ms]
2024-07-08 09:16:45.936 [info] > git ls-files --stage -- /home/ndao/DB_Provisionning/mysql_setup/sql_loop.yml [5ms]
2024-07-08 09:16:45.944 [info] > git cat-file -s 7cc1bc714487eef4dedd74450fab189079f23209 [3ms]
2024-07-08 09:53:02.428 [info] > git show --textconv :mysql_setup/sql_setup.yml [7ms]
2024-07-08 09:53:02.430 [info] > git ls-files --stage -- /home/ndao/DB_Provisionning/mysql_setup/sql_setup.yml [3ms]
2024-07-08 09:53:02.437 [info] > git cat-file -s 4185eb43aec4c2071255e3f2a5c3a2aa2daf0c05 [2ms]
