2024-07-02 07:19:49.597 [info] Log level: Info
2024-07-02 07:19:49.597 [info] Validating found git in: "git"
2024-07-02 07:19:49.597 [info] Using git "2.25.1" from "git"
2024-07-02 07:19:49.597 [info] > git rev-parse --show-toplevel [98ms]
2024-07-02 07:19:49.597 [info] > git rev-parse --git-dir --git-common-dir [57ms]
2024-07-02 07:19:49.597 [info] Open repository: /home/ndao/DB_Provisionning
2024-07-02 07:19:49.613 [info] > git config --get commit.template [11ms]
2024-07-02 07:19:49.617 [info] > git rev-parse --show-toplevel [11ms]
2024-07-02 07:19:50.077 [info] > git rev-parse --show-toplevel [55ms]
2024-07-02 07:19:50.078 [info] > git for-each-ref --format=%(refname)%00%(upstream:short)%00%(objectname)%00%(upstream:track)%00%(upstream:remotename)%00%(upstream:remoteref) refs/heads/dev refs/remotes/dev [457ms]
2024-07-02 07:19:50.147 [info] > git rev-parse --show-toplevel [7ms]
2024-07-02 07:19:50.158 [info] > git check-ignore -v -z --stdin [13ms]
2024-07-02 07:19:50.159 [info] > git show --textconv :mysql_setup/sql_setup.yml [6ms]
2024-07-02 07:19:50.166 [info] > git ls-files --stage -- /home/ndao/DB_Provisionning/mysql_setup/sql_setup.yml [10ms]
2024-07-02 07:19:50.170 [info] > git status -z -uall [7ms]
2024-07-02 07:19:50.199 [info] > git merge-base refs/heads/dev refs/remotes/origin/dev [25ms]
2024-07-02 07:19:50.203 [info] > git cat-file -s 44b5c7071708c5591e0702d8315155197421228e [35ms]
2024-07-02 07:19:50.206 [info] > git config --get commit.template [19ms]
2024-07-02 07:19:50.281 [info] > git rev-list --count --left-right refs/heads/dev...refs/remotes/origin/dev [78ms]
2024-07-02 07:19:50.289 [info] > git diff --name-status -z --diff-filter=ADMR cbda5240216687deb73164da78c137c3944a9543...refs/remotes/origin/dev [4ms]
2024-07-02 07:19:50.289 [info] > git for-each-ref --format=%(refname)%00%(upstream:short)%00%(objectname)%00%(upstream:track)%00%(upstream:remotename)%00%(upstream:remoteref) refs/heads/dev refs/remotes/dev [43ms]
2024-07-02 07:19:50.310 [info] > git status -z -uall [5ms]
2024-07-02 07:26:40.342 [info] > git show --textconv :mysql_setup/sql_loop.yml [10ms]
2024-07-02 07:26:40.344 [info] > git ls-files --stage -- /home/ndao/DB_Provisionning/mysql_setup/sql_loop.yml [3ms]
2024-07-02 07:26:40.351 [info] > git cat-file -s 7a96d0c166ca814084b2e964b6571d402d2336ea [2ms]
2024-07-02 07:29:20.967 [info] > git show --textconv :mysql_setup/mysql_setup.yml [4ms]
2024-07-02 07:29:20.968 [info] > git ls-files --stage -- /home/ndao/DB_Provisionning/mysql_setup/mysql_setup.yml [2ms]
2024-07-02 07:29:20.973 [info] > git cat-file -s 226ee768f907e73a3149dc58663b63685a5628ff [1ms]
2024-07-02 07:29:26.356 [info] > git show --textconv :mysql_setup/sql_loop.yml [5ms]
2024-07-02 07:29:26.356 [info] > git ls-files --stage -- /home/ndao/DB_Provisionning/mysql_setup/sql_loop.yml [1ms]
2024-07-02 07:29:26.360 [info] > git cat-file -s 7a96d0c166ca814084b2e964b6571d402d2336ea [1ms]
2024-07-02 07:29:30.050 [info] > git show --textconv :mysql_setup/mysql_setup.yml [3ms]
2024-07-02 07:29:30.050 [info] > git ls-files --stage -- /home/ndao/DB_Provisionning/mysql_setup/mysql_setup.yml [1ms]
2024-07-02 07:29:30.054 [info] > git cat-file -s 226ee768f907e73a3149dc58663b63685a5628ff [1ms]
2024-07-02 07:29:31.297 [info] > git show --textconv :mysql_setup/sql_loop.yml [3ms]
2024-07-02 07:29:31.298 [info] > git ls-files --stage -- /home/ndao/DB_Provisionning/mysql_setup/sql_loop.yml [2ms]
2024-07-02 07:29:31.302 [info] > git cat-file -s 7a96d0c166ca814084b2e964b6571d402d2336ea [1ms]
2024-07-02 07:29:32.853 [info] > git show --textconv :mysql_setup/mysql_setup.yml [4ms]
2024-07-02 07:29:32.853 [info] > git ls-files --stage -- /home/ndao/DB_Provisionning/mysql_setup/mysql_setup.yml [1ms]
2024-07-02 07:29:32.857 [info] > git cat-file -s 226ee768f907e73a3149dc58663b63685a5628ff [1ms]
2024-07-02 07:29:35.331 [info] > git show --textconv :mysql_setup/sql_loop.yml [3ms]
2024-07-02 07:29:35.332 [info] > git ls-files --stage -- /home/ndao/DB_Provisionning/mysql_setup/sql_loop.yml [2ms]
2024-07-02 07:29:35.335 [info] > git cat-file -s 7a96d0c166ca814084b2e964b6571d402d2336ea [1ms]
2024-07-02 07:29:38.499 [info] > git show --textconv :mysql_setup/mysql_setup.yml [4ms]
2024-07-02 07:29:38.501 [info] > git ls-files --stage -- /home/ndao/DB_Provisionning/mysql_setup/mysql_setup.yml [3ms]
2024-07-02 07:29:38.505 [info] > git cat-file -s 226ee768f907e73a3149dc58663b63685a5628ff [1ms]
2024-07-02 07:29:41.498 [info] > git show --textconv :mysql_setup/sql_loop.yml [4ms]
2024-07-02 07:29:41.499 [info] > git ls-files --stage -- /home/ndao/DB_Provisionning/mysql_setup/sql_loop.yml [1ms]
2024-07-02 07:29:41.503 [info] > git cat-file -s 7a96d0c166ca814084b2e964b6571d402d2336ea [1ms]
2024-07-02 07:45:06.827 [info] > git show --textconv :mysql_setup/mysql_setup.yml [7ms]
2024-07-02 07:45:06.828 [info] > git ls-files --stage -- /home/ndao/DB_Provisionning/mysql_setup/mysql_setup.yml [3ms]
2024-07-02 07:45:06.833 [info] > git cat-file -s 226ee768f907e73a3149dc58663b63685a5628ff [1ms]
2024-07-02 07:45:31.388 [info] > git show --textconv :mysql_setup/sql_loop.yml [3ms]
2024-07-02 07:45:31.388 [info] > git ls-files --stage -- /home/ndao/DB_Provisionning/mysql_setup/sql_loop.yml [1ms]
2024-07-02 07:45:31.392 [info] > git cat-file -s 7a96d0c166ca814084b2e964b6571d402d2336ea [1ms]
2024-07-02 07:45:32.855 [info] > git show --textconv :mysql_setup/sql_setup.yml [2ms]
2024-07-02 07:45:32.856 [info] > git ls-files --stage -- /home/ndao/DB_Provisionning/mysql_setup/sql_setup.yml [1ms]
2024-07-02 07:45:32.859 [info] > git cat-file -s 44b5c7071708c5591e0702d8315155197421228e [1ms]
2024-07-02 07:45:51.172 [info] > git show --textconv :mysql_setup/mysql_setup.yml [7ms]
2024-07-02 07:45:51.173 [info] > git ls-files --stage -- /home/ndao/DB_Provisionning/mysql_setup/mysql_setup.yml [3ms]
2024-07-02 07:45:51.177 [info] > git cat-file -s 226ee768f907e73a3149dc58663b63685a5628ff [0ms]
2024-07-02 07:45:57.877 [info] > git show --textconv :mysql_setup/sql_loop.yml [5ms]
2024-07-02 07:45:57.878 [info] > git ls-files --stage -- /home/ndao/DB_Provisionning/mysql_setup/sql_loop.yml [2ms]
2024-07-02 07:45:57.882 [info] > git cat-file -s 7a96d0c166ca814084b2e964b6571d402d2336ea [1ms]
2024-07-02 07:45:59.296 [info] > git show --textconv :mysql_setup/sql_setup.yml [7ms]
2024-07-02 07:45:59.297 [info] > git ls-files --stage -- /home/ndao/DB_Provisionning/mysql_setup/sql_setup.yml [2ms]
2024-07-02 07:45:59.303 [info] > git cat-file -s 44b5c7071708c5591e0702d8315155197421228e [2ms]
2024-07-02 07:46:06.359 [info] > git show --textconv :mysql_setup/sql_loop.yml [5ms]
2024-07-02 07:46:06.359 [info] > git ls-files --stage -- /home/ndao/DB_Provisionning/mysql_setup/sql_loop.yml [2ms]
2024-07-02 07:46:06.370 [info] > git cat-file -s 7a96d0c166ca814084b2e964b6571d402d2336ea [1ms]
2024-07-02 07:48:16.983 [info] > git check-ignore -v -z --stdin [1ms]
2024-07-02 07:49:17.797 [info] > git show --textconv :mysql_setup/mysql_setup.yml [4ms]
2024-07-02 07:49:17.798 [info] > git ls-files --stage -- /home/ndao/DB_Provisionning/mysql_setup/mysql_setup.yml [2ms]
2024-07-02 07:49:17.803 [info] > git cat-file -s 226ee768f907e73a3149dc58663b63685a5628ff [1ms]
2024-07-02 07:49:24.561 [info] > git show --textconv :mysql_setup/sql_loop.yml [3ms]
2024-07-02 07:49:24.561 [info] > git ls-files --stage -- /home/ndao/DB_Provisionning/mysql_setup/sql_loop.yml [1ms]
2024-07-02 07:49:24.565 [info] > git cat-file -s 7a96d0c166ca814084b2e964b6571d402d2336ea [1ms]
2024-07-02 07:49:26.589 [info] > git show --textconv :mysql_setup/mysql_setup.yml [12ms]
2024-07-02 07:49:26.593 [info] > git ls-files --stage -- /home/ndao/DB_Provisionning/mysql_setup/mysql_setup.yml [6ms]
2024-07-02 07:49:26.607 [info] > git cat-file -s 226ee768f907e73a3149dc58663b63685a5628ff [3ms]
2024-07-02 07:49:27.643 [info] > git show --textconv :mysql_setup/sql_setup.yml [5ms]
2024-07-02 07:49:27.644 [info] > git ls-files --stage -- /home/ndao/DB_Provisionning/mysql_setup/sql_setup.yml [3ms]
2024-07-02 07:49:27.648 [info] > git cat-file -s 44b5c7071708c5591e0702d8315155197421228e [1ms]
2024-07-02 07:54:23.764 [info] > git show --textconv :mysql_setup/sql_loop.yml [7ms]
2024-07-02 07:54:23.765 [info] > git ls-files --stage -- /home/ndao/DB_Provisionning/mysql_setup/sql_loop.yml [4ms]
2024-07-02 07:54:23.770 [info] > git cat-file -s 7a96d0c166ca814084b2e964b6571d402d2336ea [1ms]
2024-07-02 07:54:30.465 [info] > git show --textconv :mysql_setup/mysql_setup.yml [4ms]
2024-07-02 07:54:30.466 [info] > git ls-files --stage -- /home/ndao/DB_Provisionning/mysql_setup/mysql_setup.yml [1ms]
2024-07-02 07:54:30.471 [info] > git cat-file -s 226ee768f907e73a3149dc58663b63685a5628ff [1ms]
2024-07-02 07:54:31.827 [info] > git show --textconv :mysql_setup/sql_loop.yml [5ms]
2024-07-02 07:54:31.828 [info] > git ls-files --stage -- /home/ndao/DB_Provisionning/mysql_setup/sql_loop.yml [3ms]
2024-07-02 07:54:31.832 [info] > git cat-file -s 7a96d0c166ca814084b2e964b6571d402d2336ea [1ms]
2024-07-02 07:54:41.745 [info] > git show --textconv :mysql_setup/mysql_setup.yml [5ms]
2024-07-02 07:54:41.745 [info] > git ls-files --stage -- /home/ndao/DB_Provisionning/mysql_setup/mysql_setup.yml [1ms]
2024-07-02 07:54:41.751 [info] > git cat-file -s 226ee768f907e73a3149dc58663b63685a5628ff [1ms]
2024-07-02 07:54:43.795 [info] > git show --textconv :mysql_setup/sql_loop.yml [4ms]
2024-07-02 07:54:43.796 [info] > git ls-files --stage -- /home/ndao/DB_Provisionning/mysql_setup/sql_loop.yml [2ms]
2024-07-02 07:54:43.801 [info] > git cat-file -s 7a96d0c166ca814084b2e964b6571d402d2336ea [1ms]
2024-07-02 07:54:44.964 [info] > git show --textconv :mysql_setup/sql_setup.yml [5ms]
2024-07-02 07:54:44.964 [info] > git ls-files --stage -- /home/ndao/DB_Provisionning/mysql_setup/sql_setup.yml [1ms]
2024-07-02 07:54:44.970 [info] > git cat-file -s 44b5c7071708c5591e0702d8315155197421228e [2ms]
2024-07-02 07:54:47.397 [info] > git show --textconv :mysql_setup/mysql_setup.yml [5ms]
2024-07-02 07:54:47.398 [info] > git ls-files --stage -- /home/ndao/DB_Provisionning/mysql_setup/mysql_setup.yml [2ms]
2024-07-02 07:54:47.402 [info] > git cat-file -s 226ee768f907e73a3149dc58663b63685a5628ff [1ms]
2024-07-02 07:54:50.622 [info] > git show --textconv :mysql_setup/sql_setup.yml [3ms]
2024-07-02 07:54:50.623 [info] > git ls-files --stage -- /home/ndao/DB_Provisionning/mysql_setup/sql_setup.yml [1ms]
2024-07-02 07:54:50.626 [info] > git cat-file -s 44b5c7071708c5591e0702d8315155197421228e [0ms]
2024-07-02 07:54:52.467 [info] > git show --textconv :mysql_setup/mysql_setup.yml [4ms]
2024-07-02 07:54:52.469 [info] > git ls-files --stage -- /home/ndao/DB_Provisionning/mysql_setup/mysql_setup.yml [2ms]
2024-07-02 07:54:52.473 [info] > git cat-file -s 226ee768f907e73a3149dc58663b63685a5628ff [1ms]
2024-07-02 07:54:54.394 [info] > git show --textconv :mysql_setup/sql_setup.yml [5ms]
2024-07-02 07:54:54.395 [info] > git ls-files --stage -- /home/ndao/DB_Provisionning/mysql_setup/sql_setup.yml [3ms]
2024-07-02 07:54:54.399 [info] > git cat-file -s 44b5c7071708c5591e0702d8315155197421228e [1ms]
2024-07-02 07:54:57.409 [info] > git show --textconv :mysql_setup/mysql_setup.yml [6ms]
2024-07-02 07:54:57.409 [info] > git ls-files --stage -- /home/ndao/DB_Provisionning/mysql_setup/mysql_setup.yml [1ms]
2024-07-02 07:54:57.415 [info] > git cat-file -s 226ee768f907e73a3149dc58663b63685a5628ff [1ms]
2024-07-02 07:56:38.018 [info] > git show --textconv :mysql_setup/sql_loop.yml [4ms]
2024-07-02 07:56:38.019 [info] > git ls-files --stage -- /home/ndao/DB_Provisionning/mysql_setup/sql_loop.yml [1ms]
2024-07-02 07:56:38.024 [info] > git cat-file -s 7a96d0c166ca814084b2e964b6571d402d2336ea [1ms]
2024-07-02 07:56:44.225 [info] > git show --textconv :mysql_setup/sql_setup.yml [3ms]
2024-07-02 07:56:44.225 [info] > git ls-files --stage -- /home/ndao/DB_Provisionning/mysql_setup/sql_setup.yml [1ms]
2024-07-02 07:56:44.230 [info] > git cat-file -s 44b5c7071708c5591e0702d8315155197421228e [2ms]
2024-07-02 08:05:46.678 [info] > git show --textconv :mysql_setup/mysql_setup.yml [11ms]
2024-07-02 08:05:46.682 [info] > git ls-files --stage -- /home/ndao/DB_Provisionning/mysql_setup/mysql_setup.yml [5ms]
2024-07-02 08:05:46.694 [info] > git cat-file -s 226ee768f907e73a3149dc58663b63685a5628ff [4ms]
2024-07-02 08:10:32.329 [info] > git for-each-ref --format=%(refname)%00%(upstream:short)%00%(objectname)%00%(upstream:track)%00%(upstream:remotename)%00%(upstream:remoteref) refs/heads/master refs/remotes/master [3ms]
2024-07-02 08:10:32.331 [info] > git config --get commit.template [12ms]
2024-07-02 08:10:32.338 [info] > git status -z -uall [3ms]
2024-07-02 08:10:32.346 [info] > git merge-base refs/heads/master refs/remotes/origin/master [4ms]
2024-07-02 08:10:32.350 [info] > git rev-list --count --left-right refs/heads/master...refs/remotes/origin/master [1ms]
2024-07-02 08:10:32.355 [info] > git diff --name-status -z --diff-filter=ADMR a8c8ec92f54c3f9e0b5294b919a9f5639767e6c6...refs/remotes/origin/master [2ms]
2024-07-02 08:10:32.364 [info] > git ls-files --stage -- /home/ndao/DB_Provisionning/mysql_setup/mysql_setup.yml [3ms]
2024-07-02 08:10:32.368 [info] > git cat-file -s b574e9a510b15114a2d0f52fd3eca706b4f2ac88 [1ms]
2024-07-02 08:10:32.376 [info] > git show --textconv :mysql_setup/mysql_setup.yml [1ms]
2024-07-02 08:10:37.373 [info] > git config --get commit.template [12ms]
2024-07-02 08:10:37.374 [info] > git for-each-ref --format=%(refname)%00%(upstream:short)%00%(objectname)%00%(upstream:track)%00%(upstream:remotename)%00%(upstream:remoteref) refs/heads/master refs/remotes/master [4ms]
2024-07-02 08:10:37.389 [info] > git status -z -uall [3ms]
2024-07-02 08:10:41.887 [info] > git show --textconv :mysql_setup/sql_loop.yml [3ms]
2024-07-02 08:10:41.887 [info] > git ls-files --stage -- /home/ndao/DB_Provisionning/mysql_setup/sql_loop.yml [1ms]
2024-07-02 08:10:41.891 [info] > git cat-file -s 8430d9d68fc4704f57ee443ba1eb876da3265b87 [1ms]
2024-07-02 08:10:43.635 [info] > git show --textconv :mysql_setup/sql_setup.yml [6ms]
2024-07-02 08:10:43.636 [info] > git ls-files --stage -- /home/ndao/DB_Provisionning/mysql_setup/sql_setup.yml [3ms]
2024-07-02 08:10:43.639 [info] > git cat-file -s e52b3bb6ddd07dc4f7b6b28911529de6d19aad31 [1ms]
2024-07-02 08:11:01.340 [info] > git for-each-ref --sort -committerdate --format %(refname) %(objectname) %(*objectname) [1ms]
2024-07-02 08:11:04.114 [info] > git checkout -q dev [10ms]
2024-07-02 08:11:04.121 [info] > git config --get commit.template [4ms]
2024-07-02 08:11:04.121 [info] > git for-each-ref --format=%(refname)%00%(upstream:short)%00%(objectname)%00%(upstream:track)%00%(upstream:remotename)%00%(upstream:remoteref) refs/heads/dev refs/remotes/dev [1ms]
2024-07-02 08:11:04.126 [info] > git status -z -uall [2ms]
2024-07-02 08:11:04.134 [info] > git merge-base refs/heads/dev refs/remotes/origin/dev [5ms]
2024-07-02 08:11:04.138 [info] > git rev-list --count --left-right refs/heads/dev...refs/remotes/origin/dev [1ms]
2024-07-02 08:11:04.143 [info] > git diff --name-status -z --diff-filter=ADMR cbda5240216687deb73164da78c137c3944a9543...refs/remotes/origin/dev [1ms]
2024-07-02 08:11:05.201 [info] > git config --get commit.template [5ms]
2024-07-02 08:11:05.202 [info] > git for-each-ref --format=%(refname)%00%(upstream:short)%00%(objectname)%00%(upstream:track)%00%(upstream:remotename)%00%(upstream:remoteref) refs/heads/dev refs/remotes/dev [2ms]
2024-07-02 08:11:05.208 [info] > git status -z -uall [2ms]
2024-07-02 08:11:05.300 [info] > git ls-files --stage -- /home/ndao/DB_Provisionning/mysql_setup/sql_setup.yml [1ms]
2024-07-02 08:11:05.304 [info] > git cat-file -s 44b5c7071708c5591e0702d8315155197421228e [1ms]
2024-07-02 08:11:05.313 [info] > git show --textconv :mysql_setup/sql_setup.yml [2ms]
2024-07-02 08:14:12.630 [info] > git for-each-ref --sort -committerdate --format %(refname) %(objectname) %(*objectname) [1ms]
2024-07-02 08:14:15.022 [info] > git checkout -q master [4ms]
2024-07-02 08:14:15.029 [info] > git config --get commit.template [4ms]
2024-07-02 08:14:15.029 [info] > git for-each-ref --format=%(refname)%00%(upstream:short)%00%(objectname)%00%(upstream:track)%00%(upstream:remotename)%00%(upstream:remoteref) refs/heads/master refs/remotes/master [1ms]
2024-07-02 08:14:15.034 [info] > git status -z -uall [2ms]
2024-07-02 08:14:15.041 [info] > git merge-base refs/heads/master refs/remotes/origin/master [4ms]
2024-07-02 08:14:15.045 [info] > git rev-list --count --left-right refs/heads/master...refs/remotes/origin/master [2ms]
2024-07-02 08:14:15.049 [info] > git diff --name-status -z --diff-filter=ADMR a8c8ec92f54c3f9e0b5294b919a9f5639767e6c6...refs/remotes/origin/master [1ms]
2024-07-02 08:14:16.111 [info] > git config --get commit.template [4ms]
2024-07-02 08:14:16.112 [info] > git for-each-ref --format=%(refname)%00%(upstream:short)%00%(objectname)%00%(upstream:track)%00%(upstream:remotename)%00%(upstream:remoteref) refs/heads/master refs/remotes/master [2ms]
2024-07-02 08:14:16.116 [info] > git status -z -uall [1ms]
2024-07-02 08:14:16.215 [info] > git ls-files --stage -- /home/ndao/DB_Provisionning/mysql_setup/sql_setup.yml [1ms]
2024-07-02 08:14:16.218 [info] > git cat-file -s e52b3bb6ddd07dc4f7b6b28911529de6d19aad31 [1ms]
2024-07-02 08:14:16.226 [info] > git show --textconv :mysql_setup/sql_setup.yml [1ms]
2024-07-02 08:14:20.772 [info] > git show --textconv :mysql_setup/sql_loop.yml [9ms]
2024-07-02 08:14:20.774 [info] > git ls-files --stage -- /home/ndao/DB_Provisionning/mysql_setup/sql_loop.yml [4ms]
2024-07-02 08:14:20.781 [info] > git cat-file -s 8430d9d68fc4704f57ee443ba1eb876da3265b87 [2ms]
2024-07-02 08:14:22.032 [info] > git show --textconv :mysql_setup/mysql_setup.yml [9ms]
2024-07-02 08:14:22.033 [info] > git ls-files --stage -- /home/ndao/DB_Provisionning/mysql_setup/mysql_setup.yml [5ms]
2024-07-02 08:14:22.041 [info] > git cat-file -s b574e9a510b15114a2d0f52fd3eca706b4f2ac88 [3ms]
2024-07-02 08:14:23.326 [info] > git show --textconv :mysql_setup/sql_setup.yml [6ms]
2024-07-02 08:14:23.327 [info] > git ls-files --stage -- /home/ndao/DB_Provisionning/mysql_setup/sql_setup.yml [2ms]
2024-07-02 08:14:23.333 [info] > git cat-file -s e52b3bb6ddd07dc4f7b6b28911529de6d19aad31 [2ms]
2024-07-02 08:14:31.523 [info] > git show --textconv :mysql_setup/mysql_setup.yml [4ms]
2024-07-02 08:14:31.523 [info] > git ls-files --stage -- /home/ndao/DB_Provisionning/mysql_setup/mysql_setup.yml [1ms]
2024-07-02 08:14:31.528 [info] > git cat-file -s b574e9a510b15114a2d0f52fd3eca706b4f2ac88 [2ms]
2024-07-02 08:14:35.379 [info] > git show --textconv :mysql_setup/sql_loop.yml [4ms]
2024-07-02 08:14:35.380 [info] > git ls-files --stage -- /home/ndao/DB_Provisionning/mysql_setup/sql_loop.yml [1ms]
2024-07-02 08:14:35.384 [info] > git cat-file -s 8430d9d68fc4704f57ee443ba1eb876da3265b87 [1ms]
2024-07-02 08:14:36.284 [info] > git show --textconv :mysql_setup/sql_setup.yml [3ms]
2024-07-02 08:14:36.284 [info] > git ls-files --stage -- /home/ndao/DB_Provisionning/mysql_setup/sql_setup.yml [1ms]
2024-07-02 08:14:36.288 [info] > git cat-file -s e52b3bb6ddd07dc4f7b6b28911529de6d19aad31 [1ms]
2024-07-02 08:15:41.567 [info] > git for-each-ref --sort -committerdate --format %(refname) %(objectname) %(*objectname) [1ms]
2024-07-02 08:15:43.363 [info] > git checkout -q dev [6ms]
2024-07-02 08:15:43.371 [info] > git config --get commit.template [3ms]
2024-07-02 08:15:43.371 [info] > git for-each-ref --format=%(refname)%00%(upstream:short)%00%(objectname)%00%(upstream:track)%00%(upstream:remotename)%00%(upstream:remoteref) refs/heads/dev refs/remotes/dev [1ms]
2024-07-02 08:15:43.376 [info] > git status -z -uall [2ms]
2024-07-02 08:15:43.383 [info] > git merge-base refs/heads/dev refs/remotes/origin/dev [4ms]
2024-07-02 08:15:43.387 [info] > git rev-list --count --left-right refs/heads/dev...refs/remotes/origin/dev [1ms]
2024-07-02 08:15:43.392 [info] > git diff --name-status -z --diff-filter=ADMR cbda5240216687deb73164da78c137c3944a9543...refs/remotes/origin/dev [1ms]
2024-07-02 08:15:44.471 [info] > git config --get commit.template [4ms]
2024-07-02 08:15:44.471 [info] > git for-each-ref --format=%(refname)%00%(upstream:short)%00%(objectname)%00%(upstream:track)%00%(upstream:remotename)%00%(upstream:remoteref) refs/heads/dev refs/remotes/dev [1ms]
2024-07-02 08:15:44.475 [info] > git status -z -uall [1ms]
2024-07-02 08:15:44.571 [info] > git ls-files --stage -- /home/ndao/DB_Provisionning/mysql_setup/sql_setup.yml [1ms]
2024-07-02 08:15:44.575 [info] > git cat-file -s 44b5c7071708c5591e0702d8315155197421228e [2ms]
2024-07-02 08:15:44.590 [info] > git show --textconv :mysql_setup/sql_setup.yml [2ms]
2024-07-02 08:20:57.186 [info] > git for-each-ref --sort -committerdate --format %(refname) %(objectname) %(*objectname) [2ms]
2024-07-02 08:20:59.169 [info] > git checkout -q master [5ms]
2024-07-02 08:20:59.176 [info] > git config --get commit.template [3ms]
2024-07-02 08:20:59.177 [info] > git for-each-ref --format=%(refname)%00%(upstream:short)%00%(objectname)%00%(upstream:track)%00%(upstream:remotename)%00%(upstream:remoteref) refs/heads/master refs/remotes/master [1ms]
2024-07-02 08:20:59.218 [info] > git status -z -uall [38ms]
2024-07-02 08:20:59.225 [info] > git merge-base refs/heads/master refs/remotes/origin/master [5ms]
2024-07-02 08:20:59.230 [info] > git rev-list --count --left-right refs/heads/master...refs/remotes/origin/master [2ms]
2024-07-02 08:20:59.235 [info] > git diff --name-status -z --diff-filter=ADMR a8c8ec92f54c3f9e0b5294b919a9f5639767e6c6...refs/remotes/origin/master [2ms]
2024-07-02 08:21:00.290 [info] > git config --get commit.template [4ms]
2024-07-02 08:21:00.291 [info] > git for-each-ref --format=%(refname)%00%(upstream:short)%00%(objectname)%00%(upstream:track)%00%(upstream:remotename)%00%(upstream:remoteref) refs/heads/master refs/remotes/master [2ms]
2024-07-02 08:21:00.295 [info] > git status -z -uall [1ms]
2024-07-02 08:21:00.389 [info] > git ls-files --stage -- /home/ndao/DB_Provisionning/mysql_setup/sql_setup.yml [1ms]
2024-07-02 08:21:00.392 [info] > git cat-file -s e52b3bb6ddd07dc4f7b6b28911529de6d19aad31 [0ms]
2024-07-02 08:21:00.400 [info] > git show --textconv :mysql_setup/sql_setup.yml [1ms]
2024-07-02 08:21:02.913 [info] > git show --textconv :mysql_setup/mysql_setup.yml [5ms]
2024-07-02 08:21:02.914 [info] > git ls-files --stage -- /home/ndao/DB_Provisionning/mysql_setup/mysql_setup.yml [2ms]
2024-07-02 08:21:02.919 [info] > git cat-file -s b574e9a510b15114a2d0f52fd3eca706b4f2ac88 [2ms]
2024-07-02 08:21:09.654 [info] > git show --textconv :mysql_setup/sql_loop.yml [4ms]
2024-07-02 08:21:09.655 [info] > git ls-files --stage -- /home/ndao/DB_Provisionning/mysql_setup/sql_loop.yml [1ms]
2024-07-02 08:21:09.659 [info] > git cat-file -s 8430d9d68fc4704f57ee443ba1eb876da3265b87 [1ms]
2024-07-02 08:21:11.843 [info] > git for-each-ref --sort -committerdate --format %(refname) %(objectname) %(*objectname) [2ms]
2024-07-02 08:21:13.674 [info] > git checkout -q dev [6ms]
2024-07-02 08:21:13.679 [info] > git config --get commit.template [1ms]
2024-07-02 08:21:13.683 [info] > git for-each-ref --format=%(refname)%00%(upstream:short)%00%(objectname)%00%(upstream:track)%00%(upstream:remotename)%00%(upstream:remoteref) refs/heads/dev refs/remotes/dev [1ms]
2024-07-02 08:21:13.687 [info] > git status -z -uall [1ms]
2024-07-02 08:21:13.695 [info] > git merge-base refs/heads/dev refs/remotes/origin/dev [5ms]
2024-07-02 08:21:13.699 [info] > git rev-list --count --left-right refs/heads/dev...refs/remotes/origin/dev [2ms]
2024-07-02 08:21:13.703 [info] > git diff --name-status -z --diff-filter=ADMR cbda5240216687deb73164da78c137c3944a9543...refs/remotes/origin/dev [1ms]
2024-07-02 08:21:14.759 [info] > git config --get commit.template [3ms]
2024-07-02 08:21:14.760 [info] > git for-each-ref --format=%(refname)%00%(upstream:short)%00%(objectname)%00%(upstream:track)%00%(upstream:remotename)%00%(upstream:remoteref) refs/heads/dev refs/remotes/dev [1ms]
2024-07-02 08:21:14.764 [info] > git status -z -uall [1ms]
2024-07-02 08:21:14.873 [info] > git ls-files --stage -- /home/ndao/DB_Provisionning/mysql_setup/sql_loop.yml [1ms]
2024-07-02 08:21:14.879 [info] > git cat-file -s 7a96d0c166ca814084b2e964b6571d402d2336ea [2ms]
2024-07-02 08:21:14.888 [info] > git show --textconv :mysql_setup/sql_loop.yml [1ms]
2024-07-02 08:21:21.379 [info] > git show --textconv :mysql_setup/mysql_setup.yml [2ms]
2024-07-02 08:21:21.380 [info] > git ls-files --stage -- /home/ndao/DB_Provisionning/mysql_setup/mysql_setup.yml [1ms]
2024-07-02 08:21:21.383 [info] > git cat-file -s 226ee768f907e73a3149dc58663b63685a5628ff [1ms]
2024-07-02 08:24:38.249 [info] > git show --textconv :mysql_setup/sql_setup.yml [3ms]
2024-07-02 08:24:38.250 [info] > git ls-files --stage -- /home/ndao/DB_Provisionning/mysql_setup/sql_setup.yml [1ms]
2024-07-02 08:24:38.254 [info] > git cat-file -s 44b5c7071708c5591e0702d8315155197421228e [1ms]
2024-07-02 10:14:47.481 [info] > git show --textconv :mysql_setup/mysql_setup.yml [11ms]
2024-07-02 10:14:47.484 [info] > git ls-files --stage -- /home/ndao/DB_Provisionning/mysql_setup/mysql_setup.yml [5ms]
2024-07-02 10:14:47.492 [info] > git cat-file -s 226ee768f907e73a3149dc58663b63685a5628ff [2ms]
2024-07-02 10:14:50.067 [info] > git show --textconv :mysql_setup/sql_loop.yml [3ms]
2024-07-02 10:14:50.067 [info] > git ls-files --stage -- /home/ndao/DB_Provisionning/mysql_setup/sql_loop.yml [1ms]
2024-07-02 10:14:50.071 [info] > git cat-file -s 7a96d0c166ca814084b2e964b6571d402d2336ea [1ms]
2024-07-02 10:14:52.078 [info] > git show --textconv :mysql_setup/sql_setup.yml [3ms]
2024-07-02 10:14:52.078 [info] > git ls-files --stage -- /home/ndao/DB_Provisionning/mysql_setup/sql_setup.yml [1ms]
2024-07-02 10:14:52.082 [info] > git cat-file -s 44b5c7071708c5591e0702d8315155197421228e [1ms]
2024-07-02 10:15:05.338 [info] > git show --textconv :mysql_setup/mysql_setup.yml [6ms]
2024-07-02 10:15:05.340 [info] > git ls-files --stage -- /home/ndao/DB_Provisionning/mysql_setup/mysql_setup.yml [2ms]
2024-07-02 10:15:05.347 [info] > git cat-file -s 226ee768f907e73a3149dc58663b63685a5628ff [1ms]
2024-07-02 10:27:39.038 [info] > git show --textconv :mysql_setup/sql_setup.yml [4ms]
2024-07-02 10:27:39.039 [info] > git ls-files --stage -- /home/ndao/DB_Provisionning/mysql_setup/sql_setup.yml [2ms]
2024-07-02 10:27:39.043 [info] > git cat-file -s 44b5c7071708c5591e0702d8315155197421228e [1ms]
2024-07-02 10:37:42.079 [info] > git show --textconv :mysql_setup/sql_loop.yml [4ms]
2024-07-02 10:37:42.080 [info] > git ls-files --stage -- /home/ndao/DB_Provisionning/mysql_setup/sql_loop.yml [1ms]
2024-07-02 10:37:42.084 [info] > git cat-file -s 7a96d0c166ca814084b2e964b6571d402d2336ea [1ms]
2024-07-02 10:37:55.860 [info] > git show --textconv :mysql_setup/vars/mysql_vars.yml [5ms]
2024-07-02 10:37:55.862 [info] > git ls-files --stage -- /home/ndao/DB_Provisionning/mysql_setup/vars/mysql_vars.yml [2ms]
2024-07-02 10:37:55.867 [info] > git cat-file -s df0f224ba2f9eec3aaa9982340d05539c5b6ae2f [2ms]
2024-07-02 10:38:44.743 [info] > git show --textconv :mysql_setup/sql_setup.yml [4ms]
2024-07-02 10:38:44.744 [info] > git ls-files --stage -- /home/ndao/DB_Provisionning/mysql_setup/sql_setup.yml [2ms]
2024-07-02 10:38:44.748 [info] > git cat-file -s 44b5c7071708c5591e0702d8315155197421228e [1ms]
2024-07-02 10:41:18.869 [info] > git config --get commit.template [11ms]
2024-07-02 10:41:18.871 [info] > git for-each-ref --format=%(refname)%00%(upstream:short)%00%(objectname)%00%(upstream:track)%00%(upstream:remotename)%00%(upstream:remoteref) refs/heads/dev refs/remotes/dev [3ms]
2024-07-02 10:41:18.883 [info] > git status -z -uall [3ms]
2024-07-02 10:41:31.710 [info] > git show --textconv :mysql_setup/mysql_setup.yml [5ms]
2024-07-02 10:41:31.711 [info] > git ls-files --stage -- /home/ndao/DB_Provisionning/mysql_setup/mysql_setup.yml [2ms]
2024-07-02 10:41:31.715 [info] > git cat-file -s 226ee768f907e73a3149dc58663b63685a5628ff [1ms]
2024-07-02 10:41:43.054 [info] > git show --textconv :mysql_setup/sql_setup.yml [5ms]
2024-07-02 10:41:43.055 [info] > git ls-files --stage -- /home/ndao/DB_Provisionning/mysql_setup/sql_setup.yml [2ms]
2024-07-02 10:41:43.059 [info] > git cat-file -s 44b5c7071708c5591e0702d8315155197421228e [1ms]
2024-07-02 10:42:07.233 [info] > git config --get commit.template [10ms]
2024-07-02 10:42:07.234 [info] > git ls-files --stage -- /home/ndao/DB_Provisionning/mysql_setup/sql_setup.yml [6ms]
2024-07-02 10:42:07.238 [info] > git for-each-ref --format=%(refname)%00%(upstream:short)%00%(objectname)%00%(upstream:track)%00%(upstream:remotename)%00%(upstream:remoteref) refs/heads/dev refs/remotes/dev [5ms]
2024-07-02 10:42:07.239 [info] > git cat-file -s 85fa31753f4ff9c7515bc9151bfe7c8611684916 [2ms]
2024-07-02 10:42:07.247 [info] > git status -z -uall [4ms]
2024-07-02 10:42:07.254 [info] > git show --textconv :mysql_setup/sql_setup.yml [7ms]
2024-07-02 10:42:07.254 [info] > git merge-base refs/heads/dev refs/remotes/origin/dev [4ms]
2024-07-02 10:42:07.258 [info] > git rev-list --count --left-right refs/heads/dev...refs/remotes/origin/dev [1ms]
2024-07-02 10:42:07.263 [info] > git diff --name-status -z --diff-filter=ADMR a56b4468a0d8b7505bdb3e048ea7285bd325121a...refs/remotes/origin/dev [1ms]
2024-07-02 10:47:21.443 [info] > git config --get commit.template [8ms]
2024-07-02 10:47:21.444 [info] > git for-each-ref --format=%(refname)%00%(upstream:short)%00%(objectname)%00%(upstream:track)%00%(upstream:remotename)%00%(upstream:remoteref) refs/heads/dev refs/remotes/dev [2ms]
2024-07-02 10:47:21.451 [info] > git status -z -uall [2ms]
2024-07-02 10:52:32.913 [info] > git config --get commit.template [6ms]
2024-07-02 10:52:32.913 [info] > git for-each-ref --format=%(refname)%00%(upstream:short)%00%(objectname)%00%(upstream:track)%00%(upstream:remotename)%00%(upstream:remoteref) refs/heads/dev refs/remotes/dev [3ms]
2024-07-02 10:52:32.913 [info] > git ls-files --stage -- /home/ndao/DB_Provisionning/mysql_setup/sql_setup.yml [1ms]
2024-07-02 10:52:32.919 [info] > git cat-file -s cbcc3ad56d65321d351a2226d9053ea9700dc6cc [3ms]
2024-07-02 10:52:32.920 [info] > git status -z -uall [1ms]
2024-07-02 10:52:32.925 [info] > git merge-base refs/heads/dev refs/remotes/origin/dev [2ms]
2024-07-02 10:52:32.932 [info] > git rev-list --count --left-right refs/heads/dev...refs/remotes/origin/dev [4ms]
2024-07-02 10:52:32.935 [info] > git show --textconv :mysql_setup/sql_setup.yml [4ms]
2024-07-02 10:52:32.937 [info] > git diff --name-status -z --diff-filter=ADMR 33dd2425fef14b7d234d80e9315f105a9b576a8a...refs/remotes/origin/dev [2ms]
2024-07-02 10:53:29.585 [info] > git show --textconv :mysql_setup/sql_loop.yml [6ms]
2024-07-02 10:53:29.587 [info] > git ls-files --stage -- /home/ndao/DB_Provisionning/mysql_setup/sql_loop.yml [1ms]
2024-07-02 10:53:29.593 [info] > git cat-file -s 7a96d0c166ca814084b2e964b6571d402d2336ea [2ms]
2024-07-02 10:53:31.069 [info] > git show --textconv :mysql_setup/mysql_setup.yml [8ms]
2024-07-02 10:53:31.071 [info] > git ls-files --stage -- /home/ndao/DB_Provisionning/mysql_setup/mysql_setup.yml [2ms]
2024-07-02 10:53:31.077 [info] > git cat-file -s 226ee768f907e73a3149dc58663b63685a5628ff [2ms]
2024-07-02 10:55:00.056 [info] > git config --get commit.template [3ms]
2024-07-02 10:55:00.056 [info] > git for-each-ref --format=%(refname)%00%(upstream:short)%00%(objectname)%00%(upstream:track)%00%(upstream:remotename)%00%(upstream:remoteref) refs/heads/dev refs/remotes/dev [1ms]
2024-07-02 10:55:00.060 [info] > git status -z -uall [1ms]
2024-07-02 10:55:18.538 [info] > git show --textconv :mysql_setup/sql_setup.yml [2ms]
2024-07-02 10:55:18.539 [info] > git ls-files --stage -- /home/ndao/DB_Provisionning/mysql_setup/sql_setup.yml [1ms]
2024-07-02 10:55:18.543 [info] > git cat-file -s cbcc3ad56d65321d351a2226d9053ea9700dc6cc [1ms]
2024-07-02 10:55:30.389 [info] > git show --textconv :mysql_setup/mysql_setup.yml [4ms]
2024-07-02 10:55:30.390 [info] > git ls-files --stage -- /home/ndao/DB_Provisionning/mysql_setup/mysql_setup.yml [2ms]
2024-07-02 10:55:30.394 [info] > git cat-file -s 226ee768f907e73a3149dc58663b63685a5628ff [1ms]
2024-07-02 10:55:49.753 [info] > git config --get commit.template [2ms]
2024-07-02 10:55:49.760 [info] > git for-each-ref --format=%(refname)%00%(upstream:short)%00%(objectname)%00%(upstream:track)%00%(upstream:remotename)%00%(upstream:remoteref) refs/heads/dev refs/remotes/dev [2ms]
2024-07-02 10:55:49.768 [info] > git status -z -uall [2ms]
2024-07-02 10:55:49.775 [info] > git merge-base refs/heads/dev refs/remotes/origin/dev [2ms]
2024-07-02 10:55:49.780 [info] > git rev-list --count --left-right refs/heads/dev...refs/remotes/origin/dev [2ms]
2024-07-02 10:55:49.785 [info] > git diff --name-status -z --diff-filter=ADMR 01ac918612338bbd4e3ac9558d33fa388651770e...refs/remotes/origin/dev [1ms]
2024-07-02 10:55:49.805 [info] > git ls-files --stage -- /home/ndao/DB_Provisionning/mysql_setup/mysql_setup.yml [2ms]
2024-07-02 10:55:49.808 [info] > git cat-file -s 6a2604a8526f796c11c532b9a6ceb4d8f3bf4ed3 [0ms]
2024-07-02 10:55:49.817 [info] > git show --textconv :mysql_setup/mysql_setup.yml [1ms]
2024-07-02 10:59:07.205 [info] > git show --textconv :mysql_setup/sql_setup.yml [7ms]
2024-07-02 10:59:07.206 [info] > git ls-files --stage -- /home/ndao/DB_Provisionning/mysql_setup/sql_setup.yml [2ms]
2024-07-02 10:59:07.215 [info] > git cat-file -s cbcc3ad56d65321d351a2226d9053ea9700dc6cc [4ms]
2024-07-02 10:59:08.588 [info] > git show --textconv :mysql_setup/sql_loop.yml [4ms]
2024-07-02 10:59:08.589 [info] > git ls-files --stage -- /home/ndao/DB_Provisionning/mysql_setup/sql_loop.yml [2ms]
2024-07-02 10:59:08.593 [info] > git cat-file -s 7a96d0c166ca814084b2e964b6571d402d2336ea [1ms]
2024-07-02 10:59:10.367 [info] > git show --textconv :mysql_setup/sql_setup.yml [3ms]
2024-07-02 10:59:10.368 [info] > git ls-files --stage -- /home/ndao/DB_Provisionning/mysql_setup/sql_setup.yml [1ms]
2024-07-02 10:59:10.372 [info] > git cat-file -s cbcc3ad56d65321d351a2226d9053ea9700dc6cc [1ms]
2024-07-02 11:03:55.133 [info] > git show --textconv :mysql_setup/mysql_setup.yml [3ms]
2024-07-02 11:03:55.133 [info] > git ls-files --stage -- /home/ndao/DB_Provisionning/mysql_setup/mysql_setup.yml [1ms]
2024-07-02 11:03:55.137 [info] > git cat-file -s 6a2604a8526f796c11c532b9a6ceb4d8f3bf4ed3 [1ms]
2024-07-02 11:04:09.279 [info] > git show --textconv :mysql_setup/sql_setup.yml [4ms]
2024-07-02 11:04:09.280 [info] > git ls-files --stage -- /home/ndao/DB_Provisionning/mysql_setup/sql_setup.yml [1ms]
2024-07-02 11:04:09.285 [info] > git cat-file -s cbcc3ad56d65321d351a2226d9053ea9700dc6cc [1ms]
2024-07-02 11:04:11.450 [info] > git show --textconv :mysql_setup/mysql_setup.yml [7ms]
2024-07-02 11:04:11.451 [info] > git ls-files --stage -- /home/ndao/DB_Provisionning/mysql_setup/mysql_setup.yml [3ms]
2024-07-02 11:04:11.456 [info] > git cat-file -s 6a2604a8526f796c11c532b9a6ceb4d8f3bf4ed3 [1ms]
2024-07-02 11:07:57.699 [info] > git show --textconv :mysql_setup/sql_loop.yml [5ms]
2024-07-02 11:07:57.700 [info] > git ls-files --stage -- /home/ndao/DB_Provisionning/mysql_setup/sql_loop.yml [2ms]
2024-07-02 11:07:57.706 [info] > git cat-file -s 7a96d0c166ca814084b2e964b6571d402d2336ea [2ms]
2024-07-02 11:07:59.571 [info] > git show --textconv :mysql_setup/sql_setup.yml [8ms]
2024-07-02 11:07:59.573 [info] > git ls-files --stage -- /home/ndao/DB_Provisionning/mysql_setup/sql_setup.yml [2ms]
2024-07-02 11:07:59.580 [info] > git cat-file -s cbcc3ad56d65321d351a2226d9053ea9700dc6cc [2ms]
2024-07-02 11:08:00.704 [info] > git show --textconv :mysql_setup/mysql_setup.yml [5ms]
2024-07-02 11:08:00.704 [info] > git ls-files --stage -- /home/ndao/DB_Provisionning/mysql_setup/mysql_setup.yml [1ms]
2024-07-02 11:08:00.709 [info] > git cat-file -s 6a2604a8526f796c11c532b9a6ceb4d8f3bf4ed3 [1ms]
2024-07-02 11:09:06.458 [info] > git show --textconv :mysql_setup/sql_setup.yml [5ms]
2024-07-02 11:09:06.459 [info] > git ls-files --stage -- /home/ndao/DB_Provisionning/mysql_setup/sql_setup.yml [2ms]
2024-07-02 11:09:06.463 [info] > git cat-file -s cbcc3ad56d65321d351a2226d9053ea9700dc6cc [1ms]
2024-07-02 11:09:53.085 [info] > git show --textconv :mysql_setup/sql_loop.yml [5ms]
2024-07-02 11:09:53.086 [info] > git ls-files --stage -- /home/ndao/DB_Provisionning/mysql_setup/sql_loop.yml [1ms]
2024-07-02 11:09:53.093 [info] > git cat-file -s 7a96d0c166ca814084b2e964b6571d402d2336ea [2ms]
2024-07-02 11:10:19.608 [info] > git show --textconv :mysql_setup/mysql_setup.yml [4ms]
2024-07-02 11:10:19.609 [info] > git ls-files --stage -- /home/ndao/DB_Provisionning/mysql_setup/mysql_setup.yml [1ms]
2024-07-02 11:10:19.615 [info] > git cat-file -s 6a2604a8526f796c11c532b9a6ceb4d8f3bf4ed3 [3ms]
2024-07-02 11:10:28.000 [info] > git show --textconv :mysql_setup/sql_setup.yml [10ms]
2024-07-02 11:10:28.003 [info] > git ls-files --stage -- /home/ndao/DB_Provisionning/mysql_setup/sql_setup.yml [4ms]
2024-07-02 11:10:28.015 [info] > git cat-file -s cbcc3ad56d65321d351a2226d9053ea9700dc6cc [4ms]
2024-07-02 11:10:45.337 [info] > git config --get commit.template [4ms]
2024-07-02 11:10:45.338 [info] > git for-each-ref --format=%(refname)%00%(upstream:short)%00%(objectname)%00%(upstream:track)%00%(upstream:remotename)%00%(upstream:remoteref) refs/heads/dev refs/remotes/dev [1ms]
2024-07-02 11:10:45.343 [info] > git status -z -uall [2ms]
2024-07-02 11:11:00.915 [info] > git config --get commit.template [5ms]
2024-07-02 11:11:00.916 [info] > git for-each-ref --format=%(refname)%00%(upstream:short)%00%(objectname)%00%(upstream:track)%00%(upstream:remotename)%00%(upstream:remoteref) refs/heads/dev refs/remotes/dev [2ms]
2024-07-02 11:11:00.924 [info] > git status -z -uall [1ms]
2024-07-02 11:11:00.936 [info] > git merge-base refs/heads/dev refs/remotes/origin/dev [7ms]
2024-07-02 11:11:00.939 [info] > git ls-files --stage -- /home/ndao/DB_Provisionning/mysql_setup/sql_setup.yml [4ms]
2024-07-02 11:11:00.943 [info] > git rev-list --count --left-right refs/heads/dev...refs/remotes/origin/dev [5ms]
2024-07-02 11:11:00.947 [info] > git cat-file -s a33b3ab5aaff7a3ef749fd57eea2fb688ed3d7d0 [4ms]
2024-07-02 11:11:00.948 [info] > git diff --name-status -z --diff-filter=ADMR 20f64bbc50f194076173b2da95b194d1484fb5d6...refs/remotes/origin/dev [2ms]
2024-07-02 11:11:00.993 [info] > git show --textconv :mysql_setup/sql_setup.yml [1ms]
2024-07-02 11:16:47.122 [info] > git show --textconv :mysql_setup/mysql_setup.yml [3ms]
2024-07-02 11:16:47.123 [info] > git ls-files --stage -- /home/ndao/DB_Provisionning/mysql_setup/mysql_setup.yml [2ms]
2024-07-02 11:16:47.127 [info] > git cat-file -s 6a2604a8526f796c11c532b9a6ceb4d8f3bf4ed3 [1ms]
2024-07-02 11:16:54.426 [info] > git show --textconv :mysql_setup/sql_loop.yml [6ms]
2024-07-02 11:16:54.427 [info] > git ls-files --stage -- /home/ndao/DB_Provisionning/mysql_setup/sql_loop.yml [3ms]
2024-07-02 11:16:54.430 [info] > git cat-file -s 7a96d0c166ca814084b2e964b6571d402d2336ea [1ms]
2024-07-02 11:16:55.127 [info] > git show --textconv :mysql_setup/sql_setup.yml [4ms]
2024-07-02 11:16:55.128 [info] > git ls-files --stage -- /home/ndao/DB_Provisionning/mysql_setup/sql_setup.yml [1ms]
2024-07-02 11:16:55.133 [info] > git cat-file -s a33b3ab5aaff7a3ef749fd57eea2fb688ed3d7d0 [2ms]
2024-07-02 11:31:31.014 [info] > git config --get commit.template [6ms]
2024-07-02 11:31:31.015 [info] > git for-each-ref --format=%(refname)%00%(upstream:short)%00%(objectname)%00%(upstream:track)%00%(upstream:remotename)%00%(upstream:remoteref) refs/heads/dev refs/remotes/dev [2ms]
2024-07-02 11:31:31.023 [info] > git status -z -uall [2ms]
2024-07-02 11:36:33.285 [info] > git config --get commit.template [3ms]
2024-07-02 11:36:33.286 [info] > git for-each-ref --format=%(refname)%00%(upstream:short)%00%(objectname)%00%(upstream:track)%00%(upstream:remotename)%00%(upstream:remoteref) refs/heads/dev refs/remotes/dev [1ms]
2024-07-02 11:36:33.291 [info] > git status -z -uall [1ms]
2024-07-02 11:36:40.998 [info] > git config --get commit.template [2ms]
2024-07-02 11:36:40.999 [info] > git for-each-ref --format=%(refname)%00%(upstream:short)%00%(objectname)%00%(upstream:track)%00%(upstream:remotename)%00%(upstream:remoteref) refs/heads/dev refs/remotes/dev [1ms]
2024-07-02 11:36:41.003 [info] > git status -z -uall [1ms]
2024-07-02 11:36:48.806 [info] > git config --get commit.template [3ms]
2024-07-02 11:36:48.807 [info] > git for-each-ref --format=%(refname)%00%(upstream:short)%00%(objectname)%00%(upstream:track)%00%(upstream:remotename)%00%(upstream:remoteref) refs/heads/dev refs/remotes/dev [2ms]
2024-07-02 11:36:48.811 [info] > git status -z -uall [1ms]
2024-07-02 11:41:52.529 [info] > git show --textconv :mysql_setup/sql_loop.yml [6ms]
2024-07-02 11:41:52.530 [info] > git ls-files --stage -- /home/ndao/DB_Provisionning/mysql_setup/sql_loop.yml [2ms]
2024-07-02 11:41:52.536 [info] > git cat-file -s 7a96d0c166ca814084b2e964b6571d402d2336ea [2ms]
2024-07-02 11:41:54.696 [info] > git show --textconv :mysql_setup/sql_setup.yml [5ms]
2024-07-02 11:41:54.697 [info] > git ls-files --stage -- /home/ndao/DB_Provisionning/mysql_setup/sql_setup.yml [2ms]
2024-07-02 11:41:54.702 [info] > git cat-file -s a33b3ab5aaff7a3ef749fd57eea2fb688ed3d7d0 [1ms]
2024-07-02 11:42:19.766 [info] > git config --get commit.template [4ms]
2024-07-02 11:42:19.766 [info] > git for-each-ref --format=%(refname)%00%(upstream:short)%00%(objectname)%00%(upstream:track)%00%(upstream:remotename)%00%(upstream:remoteref) refs/heads/dev refs/remotes/dev [1ms]
2024-07-02 11:42:19.771 [info] > git status -z -uall [2ms]
2024-07-02 11:44:07.425 [info] > git config --get commit.template [5ms]
2024-07-02 11:44:07.425 [info] > git for-each-ref --format=%(refname)%00%(upstream:short)%00%(objectname)%00%(upstream:track)%00%(upstream:remotename)%00%(upstream:remoteref) refs/heads/dev refs/remotes/dev [1ms]
2024-07-02 11:44:07.432 [info] > git status -z -uall [1ms]
2024-07-02 11:47:09.121 [info] > git config --get commit.template [2ms]
2024-07-02 11:47:09.121 [info] > git for-each-ref --format=%(refname)%00%(upstream:short)%00%(objectname)%00%(upstream:track)%00%(upstream:remotename)%00%(upstream:remoteref) refs/heads/dev refs/remotes/dev [1ms]
2024-07-02 11:47:09.125 [info] > git status -z -uall [1ms]
2024-07-02 11:47:34.030 [info] > git config --get commit.template [2ms]
2024-07-02 11:47:34.031 [info] > git for-each-ref --format=%(refname)%00%(upstream:short)%00%(objectname)%00%(upstream:track)%00%(upstream:remotename)%00%(upstream:remoteref) refs/heads/dev refs/remotes/dev [1ms]
2024-07-02 11:47:34.034 [info] > git status -z -uall [1ms]
2024-07-02 11:48:51.098 [info] > git show --textconv :mysql_setup/mysql_setup.yml [6ms]
2024-07-02 11:48:51.099 [info] > git ls-files --stage -- /home/ndao/DB_Provisionning/mysql_setup/mysql_setup.yml [2ms]
2024-07-02 11:48:51.104 [info] > git cat-file -s 6a2604a8526f796c11c532b9a6ceb4d8f3bf4ed3 [1ms]
2024-07-02 11:51:47.500 [info] > git config --get commit.template [3ms]
2024-07-02 11:51:47.501 [info] > git for-each-ref --format=%(refname)%00%(upstream:short)%00%(objectname)%00%(upstream:track)%00%(upstream:remotename)%00%(upstream:remoteref) refs/heads/dev refs/remotes/dev [1ms]
2024-07-02 11:51:47.505 [info] > git status -z -uall [1ms]
2024-07-02 11:52:16.691 [info] > git config --get commit.template [3ms]
2024-07-02 11:52:16.692 [info] > git for-each-ref --format=%(refname)%00%(upstream:short)%00%(objectname)%00%(upstream:track)%00%(upstream:remotename)%00%(upstream:remoteref) refs/heads/dev refs/remotes/dev [1ms]
2024-07-02 11:52:16.696 [info] > git status -z -uall [1ms]
2024-07-02 11:52:34.456 [info] > git show --textconv :mysql_setup/sql_setup.yml [6ms]
2024-07-02 11:52:34.458 [info] > git ls-files --stage -- /home/ndao/DB_Provisionning/mysql_setup/sql_setup.yml [1ms]
2024-07-02 11:52:34.463 [info] > git cat-file -s a33b3ab5aaff7a3ef749fd57eea2fb688ed3d7d0 [2ms]
2024-07-02 11:52:45.300 [info] > git config --get commit.template [7ms]
2024-07-02 11:52:45.302 [info] > git for-each-ref --format=%(refname)%00%(upstream:short)%00%(objectname)%00%(upstream:track)%00%(upstream:remotename)%00%(upstream:remoteref) refs/heads/dev refs/remotes/dev [3ms]
2024-07-02 11:52:45.308 [info] > git status -z -uall [1ms]
2024-07-02 11:53:15.354 [info] > git config --get commit.template [4ms]
2024-07-02 11:53:15.354 [info] > git for-each-ref --format=%(refname)%00%(upstream:short)%00%(objectname)%00%(upstream:track)%00%(upstream:remotename)%00%(upstream:remoteref) refs/heads/dev refs/remotes/dev [1ms]
2024-07-02 11:53:15.359 [info] > git status -z -uall [1ms]
2024-07-02 11:53:15.369 [info] > git merge-base refs/heads/dev refs/remotes/origin/dev [5ms]
2024-07-02 11:53:15.373 [info] > git rev-list --count --left-right refs/heads/dev...refs/remotes/origin/dev [1ms]
2024-07-02 11:53:15.376 [info] > git diff --name-status -z --diff-filter=ADMR fb71c1fc3f3d94b9cc098de28e4ec195e21ec945...refs/remotes/origin/dev [1ms]
2024-07-02 11:53:15.395 [info] > git ls-files --stage -- /home/ndao/DB_Provisionning/mysql_setup/sql_setup.yml [2ms]
2024-07-02 11:53:15.398 [info] > git cat-file -s 73e44764a4cf17aefc14e907a3bd097c2cfed34e [1ms]
2024-07-02 11:53:15.407 [info] > git show --textconv :mysql_setup/sql_setup.yml [1ms]
2024-07-02 11:53:16.724 [info] > git show --textconv :mysql_setup/mysql_setup.yml [4ms]
2024-07-02 11:53:16.725 [info] > git ls-files --stage -- /home/ndao/DB_Provisionning/mysql_setup/mysql_setup.yml [1ms]
2024-07-02 11:53:16.728 [info] > git cat-file -s 6917e7be55a8ba53ebd5b156cde754b44557a59f [1ms]
2024-07-02 11:54:03.564 [info] > git show --textconv :mysql_setup/sql_setup.yml [3ms]
2024-07-02 11:54:03.566 [info] > git ls-files --stage -- /home/ndao/DB_Provisionning/mysql_setup/sql_setup.yml [2ms]
2024-07-02 11:54:03.570 [info] > git cat-file -s 73e44764a4cf17aefc14e907a3bd097c2cfed34e [1ms]
2024-07-02 11:54:05.920 [info] > git show --textconv :mysql_setup/mysql_setup.yml [5ms]
2024-07-02 11:54:05.921 [info] > git ls-files --stage -- /home/ndao/DB_Provisionning/mysql_setup/mysql_setup.yml [2ms]
2024-07-02 11:54:05.926 [info] > git cat-file -s 6917e7be55a8ba53ebd5b156cde754b44557a59f [2ms]
2024-07-02 11:54:08.426 [info] > git config --get commit.template [2ms]
2024-07-02 11:54:08.426 [info] > git for-each-ref --format=%(refname)%00%(upstream:short)%00%(objectname)%00%(upstream:track)%00%(upstream:remotename)%00%(upstream:remoteref) refs/heads/dev refs/remotes/dev [1ms]
2024-07-02 11:54:08.430 [info] > git status -z -uall [1ms]
2024-07-02 11:55:03.742 [info] > git config --get commit.template [7ms]
2024-07-02 11:55:03.742 [info] > git for-each-ref --format=%(refname)%00%(upstream:short)%00%(objectname)%00%(upstream:track)%00%(upstream:remotename)%00%(upstream:remoteref) refs/heads/dev refs/remotes/dev [3ms]
2024-07-02 11:55:03.743 [info] > git ls-files --stage -- /home/ndao/DB_Provisionning/mysql_setup/mysql_setup.yml [1ms]
2024-07-02 11:55:03.749 [info] > git cat-file -s 53161c09462c8577c91660fc1fc9b6ea356ce25b [4ms]
2024-07-02 11:55:03.750 [info] > git status -z -uall [2ms]
2024-07-02 11:55:03.758 [info] > git merge-base refs/heads/dev refs/remotes/origin/dev [5ms]
2024-07-02 11:55:03.762 [info] > git show --textconv :mysql_setup/mysql_setup.yml [4ms]
2024-07-02 11:55:03.763 [info] > git rev-list --count --left-right refs/heads/dev...refs/remotes/origin/dev [2ms]
2024-07-02 11:55:03.767 [info] > git diff --name-status -z --diff-filter=ADMR 00fa5e824aa442387f86b2f20b5154f56c4d517c...refs/remotes/origin/dev [1ms]
2024-07-02 11:55:10.582 [info] > git show --textconv :mysql_setup/sql_setup.yml [6ms]
2024-07-02 11:55:10.583 [info] > git ls-files --stage -- /home/ndao/DB_Provisionning/mysql_setup/sql_setup.yml [2ms]
2024-07-02 11:55:10.587 [info] > git cat-file -s 73e44764a4cf17aefc14e907a3bd097c2cfed34e [1ms]
2024-07-02 11:56:51.878 [info] > git show --textconv :mysql_setup/sql_loop.yml [7ms]
2024-07-02 11:56:51.879 [info] > git ls-files --stage -- /home/ndao/DB_Provisionning/mysql_setup/sql_loop.yml [2ms]
2024-07-02 11:56:51.885 [info] > git cat-file -s 7a96d0c166ca814084b2e964b6571d402d2336ea [1ms]
2024-07-02 11:56:52.828 [info] > git show --textconv :mysql_setup/mysql_setup.yml [13ms]
2024-07-02 11:56:52.831 [info] > git ls-files --stage -- /home/ndao/DB_Provisionning/mysql_setup/mysql_setup.yml [7ms]
2024-07-02 11:56:52.839 [info] > git cat-file -s 53161c09462c8577c91660fc1fc9b6ea356ce25b [1ms]
2024-07-02 11:56:57.570 [info] > git show --textconv :mysql_setup/sql_loop.yml [3ms]
2024-07-02 11:56:57.570 [info] > git ls-files --stage -- /home/ndao/DB_Provisionning/mysql_setup/sql_loop.yml [1ms]
2024-07-02 11:56:57.573 [info] > git cat-file -s 7a96d0c166ca814084b2e964b6571d402d2336ea [1ms]
2024-07-02 11:56:58.630 [info] > git show --textconv :mysql_setup/mysql_setup.yml [3ms]
2024-07-02 11:56:58.630 [info] > git ls-files --stage -- /home/ndao/DB_Provisionning/mysql_setup/mysql_setup.yml [1ms]
2024-07-02 11:56:58.634 [info] > git cat-file -s 53161c09462c8577c91660fc1fc9b6ea356ce25b [1ms]
2024-07-02 11:56:59.919 [info] > git show --textconv :mysql_setup/sql_loop.yml [3ms]
2024-07-02 11:56:59.920 [info] > git ls-files --stage -- /home/ndao/DB_Provisionning/mysql_setup/sql_loop.yml [2ms]
2024-07-02 11:56:59.923 [info] > git cat-file -s 7a96d0c166ca814084b2e964b6571d402d2336ea [1ms]
2024-07-02 11:57:01.710 [info] > git show --textconv :mysql_setup/mysql_setup.yml [2ms]
2024-07-02 11:57:01.710 [info] > git ls-files --stage -- /home/ndao/DB_Provisionning/mysql_setup/mysql_setup.yml [0ms]
2024-07-02 11:57:01.714 [info] > git cat-file -s 53161c09462c8577c91660fc1fc9b6ea356ce25b [1ms]
2024-07-02 11:57:03.820 [info] > git show --textconv :mysql_setup/sql_loop.yml [4ms]
2024-07-02 11:57:03.821 [info] > git ls-files --stage -- /home/ndao/DB_Provisionning/mysql_setup/sql_loop.yml [1ms]
2024-07-02 11:57:03.826 [info] > git cat-file -s 7a96d0c166ca814084b2e964b6571d402d2336ea [1ms]
2024-07-02 11:57:11.931 [info] > git config --get commit.template [7ms]
2024-07-02 11:57:11.932 [info] > git for-each-ref --format=%(refname)%00%(upstream:short)%00%(objectname)%00%(upstream:track)%00%(upstream:remotename)%00%(upstream:remoteref) refs/heads/dev refs/remotes/dev [1ms]
2024-07-02 11:57:11.938 [info] > git status -z -uall [2ms]
2024-07-02 11:57:12.602 [info] > git show --textconv :mysql_setup/mysql_setup.yml [9ms]
2024-07-02 11:57:12.604 [info] > git ls-files --stage -- /home/ndao/DB_Provisionning/mysql_setup/mysql_setup.yml [5ms]
2024-07-02 11:57:12.612 [info] > git cat-file -s 53161c09462c8577c91660fc1fc9b6ea356ce25b [3ms]
2024-07-02 11:57:14.962 [info] > git show --textconv :mysql_setup/sql_loop.yml [4ms]
2024-07-02 11:57:14.963 [info] > git ls-files --stage -- /home/ndao/DB_Provisionning/mysql_setup/sql_loop.yml [1ms]
2024-07-02 11:57:14.967 [info] > git cat-file -s 7a96d0c166ca814084b2e964b6571d402d2336ea [1ms]
2024-07-02 11:57:16.143 [info] > git show --textconv :mysql_setup/mysql_setup.yml [4ms]
2024-07-02 11:57:16.144 [info] > git ls-files --stage -- /home/ndao/DB_Provisionning/mysql_setup/mysql_setup.yml [1ms]
2024-07-02 11:57:16.147 [info] > git cat-file -s 53161c09462c8577c91660fc1fc9b6ea356ce25b [1ms]
2024-07-02 11:57:17.951 [info] > git show --textconv :mysql_setup/sql_loop.yml [4ms]
2024-07-02 11:57:17.952 [info] > git ls-files --stage -- /home/ndao/DB_Provisionning/mysql_setup/sql_loop.yml [2ms]
2024-07-02 11:57:17.957 [info] > git cat-file -s 7a96d0c166ca814084b2e964b6571d402d2336ea [2ms]
2024-07-02 11:57:20.169 [info] > git config --get commit.template [5ms]
2024-07-02 11:57:20.170 [info] > git for-each-ref --format=%(refname)%00%(upstream:short)%00%(objectname)%00%(upstream:track)%00%(upstream:remotename)%00%(upstream:remoteref) refs/heads/dev refs/remotes/dev [2ms]
2024-07-02 11:57:20.176 [info] > git status -z -uall [2ms]
2024-07-02 11:57:20.240 [info] > git show --textconv :mysql_setup/mysql_setup.yml [3ms]
2024-07-02 11:57:20.240 [info] > git ls-files --stage -- /home/ndao/DB_Provisionning/mysql_setup/mysql_setup.yml [1ms]
2024-07-02 11:57:20.244 [info] > git cat-file -s 53161c09462c8577c91660fc1fc9b6ea356ce25b [2ms]
2024-07-02 11:57:21.618 [info] > git show --textconv :mysql_setup/sql_loop.yml [6ms]
2024-07-02 11:57:21.619 [info] > git ls-files --stage -- /home/ndao/DB_Provisionning/mysql_setup/sql_loop.yml [2ms]
2024-07-02 11:57:21.624 [info] > git cat-file -s 7a96d0c166ca814084b2e964b6571d402d2336ea [1ms]
2024-07-02 11:57:26.160 [info] > git show --textconv :mysql_setup/mysql_setup.yml [3ms]
2024-07-02 11:57:26.160 [info] > git ls-files --stage -- /home/ndao/DB_Provisionning/mysql_setup/mysql_setup.yml [1ms]
2024-07-02 11:57:26.164 [info] > git cat-file -s 53161c09462c8577c91660fc1fc9b6ea356ce25b [1ms]
2024-07-02 11:57:31.128 [info] > git config --get commit.template [7ms]
2024-07-02 11:57:31.130 [info] > git for-each-ref --format=%(refname)%00%(upstream:short)%00%(objectname)%00%(upstream:track)%00%(upstream:remotename)%00%(upstream:remoteref) refs/heads/dev refs/remotes/dev [3ms]
2024-07-02 11:57:31.138 [info] > git status -z -uall [1ms]
2024-07-02 11:57:44.381 [info] > git config --get commit.template [2ms]
2024-07-02 11:57:44.397 [info] > git ls-files --stage -- /home/ndao/DB_Provisionning/mysql_setup/mysql_setup.yml [5ms]
2024-07-02 11:57:44.402 [info] > git for-each-ref --format=%(refname)%00%(upstream:short)%00%(objectname)%00%(upstream:track)%00%(upstream:remotename)%00%(upstream:remoteref) refs/heads/dev refs/remotes/dev [6ms]
2024-07-02 11:57:44.402 [info] > git cat-file -s 4745b7583fa55faaa52dbef5ab7aa30c3c5311d7 [2ms]
2024-07-02 11:57:44.407 [info] > git status -z -uall [2ms]
2024-07-02 11:57:44.416 [info] > git merge-base refs/heads/dev refs/remotes/origin/dev [5ms]
2024-07-02 11:57:44.421 [info] > git show --textconv :mysql_setup/mysql_setup.yml [5ms]
2024-07-02 11:57:44.421 [info] > git rev-list --count --left-right refs/heads/dev...refs/remotes/origin/dev [2ms]
2024-07-02 11:57:44.426 [info] > git diff --name-status -z --diff-filter=ADMR 2b609b4a701ef5f495a92656e91582eaa6cfe47c...refs/remotes/origin/dev [2ms]
2024-07-02 11:59:40.772 [info] > git show --textconv :mysql_setup/sql_loop.yml [4ms]
2024-07-02 11:59:40.773 [info] > git ls-files --stage -- /home/ndao/DB_Provisionning/mysql_setup/sql_loop.yml [1ms]
2024-07-02 11:59:40.777 [info] > git cat-file -s 69863c4a6c1d7e17bbecb6b2a64799f7f288a876 [1ms]
2024-07-02 11:59:43.664 [info] > git show --textconv :mysql_setup/mysql_setup.yml [5ms]
2024-07-02 11:59:43.665 [info] > git ls-files --stage -- /home/ndao/DB_Provisionning/mysql_setup/mysql_setup.yml [2ms]
2024-07-02 11:59:43.669 [info] > git cat-file -s 4745b7583fa55faaa52dbef5ab7aa30c3c5311d7 [1ms]
2024-07-02 12:00:23.727 [info] > git config --get commit.template [3ms]
2024-07-02 12:00:23.728 [info] > git for-each-ref --format=%(refname)%00%(upstream:short)%00%(objectname)%00%(upstream:track)%00%(upstream:remotename)%00%(upstream:remoteref) refs/heads/dev refs/remotes/dev [1ms]
2024-07-02 12:00:23.733 [info] > git status -z -uall [2ms]
2024-07-02 12:00:34.016 [info] > git show --textconv :mysql_setup/sql_loop.yml [3ms]
2024-07-02 12:00:34.016 [info] > git ls-files --stage -- /home/ndao/DB_Provisionning/mysql_setup/sql_loop.yml [1ms]
2024-07-02 12:00:34.021 [info] > git cat-file -s 69863c4a6c1d7e17bbecb6b2a64799f7f288a876 [1ms]
2024-07-02 12:00:35.468 [info] > git show --textconv :mysql_setup/mysql_setup.yml [4ms]
2024-07-02 12:00:35.469 [info] > git ls-files --stage -- /home/ndao/DB_Provisionning/mysql_setup/mysql_setup.yml [2ms]
2024-07-02 12:00:35.473 [info] > git cat-file -s 4745b7583fa55faaa52dbef5ab7aa30c3c5311d7 [1ms]
2024-07-02 12:00:37.301 [info] > git show --textconv :mysql_setup/sql_loop.yml [9ms]
2024-07-02 12:00:37.305 [info] > git ls-files --stage -- /home/ndao/DB_Provisionning/mysql_setup/sql_loop.yml [6ms]
2024-07-02 12:00:37.310 [info] > git cat-file -s 69863c4a6c1d7e17bbecb6b2a64799f7f288a876 [2ms]
2024-07-02 12:00:38.753 [info] > git show --textconv :mysql_setup/mysql_setup.yml [6ms]
2024-07-02 12:00:38.753 [info] > git ls-files --stage -- /home/ndao/DB_Provisionning/mysql_setup/mysql_setup.yml [1ms]
2024-07-02 12:00:38.759 [info] > git cat-file -s 4745b7583fa55faaa52dbef5ab7aa30c3c5311d7 [2ms]
2024-07-02 12:00:43.934 [info] > git show --textconv :mysql_setup/sql_loop.yml [5ms]
2024-07-02 12:00:43.934 [info] > git ls-files --stage -- /home/ndao/DB_Provisionning/mysql_setup/sql_loop.yml [1ms]
2024-07-02 12:00:43.939 [info] > git cat-file -s 69863c4a6c1d7e17bbecb6b2a64799f7f288a876 [1ms]
2024-07-02 12:01:09.499 [info] > git show --textconv :mysql_setup/sql_setup.yml [2ms]
2024-07-02 12:01:09.500 [info] > git ls-files --stage -- /home/ndao/DB_Provisionning/mysql_setup/sql_setup.yml [1ms]
2024-07-02 12:01:09.503 [info] > git cat-file -s 73e44764a4cf17aefc14e907a3bd097c2cfed34e [1ms]
2024-07-02 12:01:15.782 [info] > git show --textconv :mysql_setup/mysql_setup.yml [6ms]
2024-07-02 12:01:15.784 [info] > git ls-files --stage -- /home/ndao/DB_Provisionning/mysql_setup/mysql_setup.yml [2ms]
2024-07-02 12:01:15.789 [info] > git cat-file -s 4745b7583fa55faaa52dbef5ab7aa30c3c5311d7 [2ms]
2024-07-02 12:01:26.078 [info] > git show --textconv :mysql_setup/sql_setup.yml [4ms]
2024-07-02 12:01:26.079 [info] > git ls-files --stage -- /home/ndao/DB_Provisionning/mysql_setup/sql_setup.yml [1ms]
2024-07-02 12:01:26.082 [info] > git cat-file -s 73e44764a4cf17aefc14e907a3bd097c2cfed34e [1ms]
2024-07-02 12:35:16.916 [info] > git show --textconv :mysql_setup/mysql_setup.yml [5ms]
2024-07-02 12:35:16.917 [info] > git ls-files --stage -- /home/ndao/DB_Provisionning/mysql_setup/mysql_setup.yml [2ms]
2024-07-02 12:35:16.922 [info] > git cat-file -s 4745b7583fa55faaa52dbef5ab7aa30c3c5311d7 [1ms]
2024-07-02 12:35:18.216 [info] > git show --textconv :mysql_setup/sql_setup.yml [8ms]
2024-07-02 12:35:18.222 [info] > git ls-files --stage -- /home/ndao/DB_Provisionning/mysql_setup/sql_setup.yml [7ms]
2024-07-02 12:35:18.230 [info] > git cat-file -s 73e44764a4cf17aefc14e907a3bd097c2cfed34e [3ms]
2024-07-02 13:47:15.891 [info] > git config --get commit.template [6ms]
2024-07-02 13:47:15.892 [info] > git for-each-ref --format=%(refname)%00%(upstream:short)%00%(objectname)%00%(upstream:track)%00%(upstream:remotename)%00%(upstream:remoteref) refs/heads/dev refs/remotes/dev [2ms]
2024-07-02 13:47:15.924 [info] > git ls-files --stage -- /home/ndao/DB_Provisionning/mysql_setup/sql_setup.yml [6ms]
2024-07-02 13:47:15.927 [info] > git status -z -uall [4ms]
2024-07-02 13:47:15.933 [info] > git merge-base refs/heads/dev refs/remotes/origin/dev [3ms]
2024-07-02 13:47:15.941 [info] > git cat-file -s 73e44764a4cf17aefc14e907a3bd097c2cfed34e [14ms]
2024-07-02 13:47:15.946 [info] > git rev-list --count --left-right refs/heads/dev...refs/remotes/origin/dev [5ms]
2024-07-02 13:47:15.956 [info] > git diff --name-status -z --diff-filter=ADMR 810fa1c2613e38a8494b468c5204a1adbf1e41cb...refs/remotes/origin/dev [5ms]
2024-07-02 13:47:15.957 [info] > git show --textconv :mysql_setup/sql_setup.yml [2ms]
2024-07-02 13:47:20.957 [info] > git config --get commit.template [9ms]
2024-07-02 13:47:20.958 [info] > git for-each-ref --format=%(refname)%00%(upstream:short)%00%(objectname)%00%(upstream:track)%00%(upstream:remotename)%00%(upstream:remoteref) refs/heads/dev refs/remotes/dev [2ms]
2024-07-02 13:47:20.966 [info] > git status -z -uall [2ms]
2024-07-02 13:48:07.975 [info] > git show --textconv :mysql_setup/mysql_setup.yml [5ms]
2024-07-02 13:48:07.976 [info] > git ls-files --stage -- /home/ndao/DB_Provisionning/mysql_setup/mysql_setup.yml [2ms]
2024-07-02 13:48:07.980 [info] > git cat-file -s b0c0182d0f074e8bc34b449d44c1e61c30147957 [1ms]
2024-07-02 15:01:18.347 [info] > git config --get commit.template [5ms]
2024-07-02 15:01:18.348 [info] > git for-each-ref --format=%(refname)%00%(upstream:short)%00%(objectname)%00%(upstream:track)%00%(upstream:remotename)%00%(upstream:remoteref) refs/heads/dev refs/remotes/dev [4ms]
2024-07-02 15:01:18.348 [info] > git ls-files --stage -- /home/ndao/DB_Provisionning/mysql_setup/mysql_setup.yml [1ms]
2024-07-02 15:01:18.352 [info] > git cat-file -s 0f8287c8ef35383ca5097da630ef418320e80c4e [2ms]
2024-07-02 15:01:18.353 [info] > git status -z -uall [1ms]
2024-07-02 15:01:18.359 [info] > git merge-base refs/heads/dev refs/remotes/origin/dev [3ms]
2024-07-02 15:01:18.366 [info] > git rev-list --count --left-right refs/heads/dev...refs/remotes/origin/dev [4ms]
2024-07-02 15:01:18.369 [info] > git show --textconv :mysql_setup/mysql_setup.yml [3ms]
2024-07-02 15:01:18.370 [info] > git diff --name-status -z --diff-filter=ADMR 1203ca83b67da44e21e3a012923ff96b847c59c6...refs/remotes/origin/dev [1ms]
2024-07-02 15:01:23.374 [info] > git config --get commit.template [1ms]
2024-07-02 15:01:23.377 [info] > git for-each-ref --format=%(refname)%00%(upstream:short)%00%(objectname)%00%(upstream:track)%00%(upstream:remotename)%00%(upstream:remoteref) refs/heads/dev refs/remotes/dev [1ms]
2024-07-02 15:01:23.381 [info] > git status -z -uall [1ms]
2024-07-02 15:01:35.169 [info] > git config --get commit.template [9ms]
2024-07-02 15:01:35.170 [info] > git for-each-ref --format=%(refname)%00%(upstream:short)%00%(objectname)%00%(upstream:track)%00%(upstream:remotename)%00%(upstream:remoteref) refs/heads/dev refs/remotes/dev [2ms]
2024-07-02 15:01:35.178 [info] > git status -z -uall [2ms]
2024-07-02 15:01:49.624 [info] > git config --get commit.template [4ms]
2024-07-02 15:01:49.625 [info] > git for-each-ref --format=%(refname)%00%(upstream:short)%00%(objectname)%00%(upstream:track)%00%(upstream:remotename)%00%(upstream:remoteref) refs/heads/dev refs/remotes/dev [1ms]
2024-07-02 15:01:49.630 [info] > git status -z -uall [1ms]
2024-07-02 15:01:49.641 [info] > git merge-base refs/heads/dev refs/remotes/origin/dev [5ms]
2024-07-02 15:01:49.645 [info] > git rev-list --count --left-right refs/heads/dev...refs/remotes/origin/dev [1ms]
2024-07-02 15:01:49.650 [info] > git diff --name-status -z --diff-filter=ADMR 85223fd23939a38ec8355fa12a901e37f2887c12...refs/remotes/origin/dev [1ms]
2024-07-02 15:01:49.668 [info] > git ls-files --stage -- /home/ndao/DB_Provisionning/mysql_setup/mysql_setup.yml [2ms]
2024-07-02 15:01:49.672 [info] > git cat-file -s b0c0182d0f074e8bc34b449d44c1e61c30147957 [1ms]
2024-07-02 15:01:49.680 [info] > git show --textconv :mysql_setup/mysql_setup.yml [2ms]
2024-07-02 15:02:31.427 [info] > git show --textconv :mysql_setup/sql_setup.yml [5ms]
2024-07-02 15:02:31.428 [info] > git ls-files --stage -- /home/ndao/DB_Provisionning/mysql_setup/sql_setup.yml [2ms]
2024-07-02 15:02:31.434 [info] > git cat-file -s 73e44764a4cf17aefc14e907a3bd097c2cfed34e [1ms]
2024-07-02 15:02:43.834 [info] > git show --textconv :mysql_setup/mysql_setup.yml [4ms]
2024-07-02 15:02:43.835 [info] > git ls-files --stage -- /home/ndao/DB_Provisionning/mysql_setup/mysql_setup.yml [2ms]
2024-07-02 15:02:43.840 [info] > git cat-file -s b0c0182d0f074e8bc34b449d44c1e61c30147957 [1ms]
2024-07-02 15:02:44.865 [info] > git show --textconv :mysql_setup/sql_setup.yml [3ms]
2024-07-02 15:02:44.866 [info] > git ls-files --stage -- /home/ndao/DB_Provisionning/mysql_setup/sql_setup.yml [1ms]
2024-07-02 15:02:44.871 [info] > git cat-file -s 73e44764a4cf17aefc14e907a3bd097c2cfed34e [1ms]
