2024-07-02 07:19:44.389 [info] Extension host with pid 153 started
2024-07-02 07:19:44.425 [info] Lock '/home/ndao/.vscode-server/data/User/workspaceStorage/a14c3a812da8755da87379a0235c592b/vscode.lock': Lock acquired.
2024-07-02 07:19:44.503 [info] ExtensionService#_doActivateExtension vscode.emmet, startup: false, activationEvent: 'onLanguage'
2024-07-02 07:19:44.505 [info] ExtensionService#_doActivateExtension ms-python.python, startup: false, activationEvent: 'onLanguage:ansible', root cause: redhat.ansible
2024-07-02 07:19:44.506 [info] ExtensionService#_doActivateExtension redhat.vscode-yaml, startup: false, activationEvent: 'onLanguage:ansible', root cause: redhat.ansible
2024-07-02 07:19:45.920 [info] ExtensionService#_doActivateExtension vscode.git-base, startup: true, activationEvent: '*', root cause: vscode.git
2024-07-02 07:19:45.973 [info] ExtensionService#_doActivateExtension vscode.git, startup: true, activationEvent: '*'
2024-07-02 07:19:45.974 [info] ExtensionService#_doActivateExtension vscode.github, startup: true, activationEvent: '*'
2024-07-02 07:19:46.564 [info] ExtensionService#_doActivateExtension redhat.ansible, startup: false, activationEvent: 'onLanguage:ansible'
2024-07-02 07:19:47.157 [info] Eager extensions activated
2024-07-02 07:19:47.157 [info] ExtensionService#_doActivateExtension vscode.debug-auto-launch, startup: false, activationEvent: 'onStartupFinished'
2024-07-02 07:19:47.158 [info] ExtensionService#_doActivateExtension vscode.merge-conflict, startup: false, activationEvent: 'onStartupFinished'
2024-07-02 07:19:47.158 [info] ExtensionService#_doActivateExtension Bito.Bito, startup: false, activationEvent: 'onStartupFinished'
2024-07-02 07:19:49.277 [warning] [redhat.vscode-yaml] Accessing a resource scoped configuration without providing a resource is not expected. To get the effective value for '[yaml]', provide the URI of a resource or 'null' for any resource.
2024-07-02 07:19:49.385 [warning] [redhat.vscode-yaml] Accessing a resource scoped configuration without providing a resource is not expected. To get the effective value for '[yaml]', provide the URI of a resource or 'null' for any resource.
2024-07-02 07:19:49.633 [info] ExtensionService#_doActivateExtension ms-python.vscode-pylance, startup: false, activationEvent: 'api', root cause: ms-python.python
2024-07-02 08:07:32.297 [warning] [redhat.vscode-yaml] Accessing a resource scoped configuration without providing a resource is not expected. To get the effective value for '[yaml]', provide the URI of a resource or 'null' for any resource.
2024-07-02 08:11:04.342 [warning] [redhat.vscode-yaml] Accessing a resource scoped configuration without providing a resource is not expected. To get the effective value for '[yaml]', provide the URI of a resource or 'null' for any resource.
2024-07-02 08:14:15.261 [warning] [redhat.vscode-yaml] Accessing a resource scoped configuration without providing a resource is not expected. To get the effective value for '[yaml]', provide the URI of a resource or 'null' for any resource.
2024-07-02 08:15:43.638 [warning] [redhat.vscode-yaml] Accessing a resource scoped configuration without providing a resource is not expected. To get the effective value for '[yaml]', provide the URI of a resource or 'null' for any resource.
2024-07-02 08:20:59.453 [warning] [redhat.vscode-yaml] Accessing a resource scoped configuration without providing a resource is not expected. To get the effective value for '[yaml]', provide the URI of a resource or 'null' for any resource.
2024-07-02 08:21:13.915 [warning] [redhat.vscode-yaml] Accessing a resource scoped configuration without providing a resource is not expected. To get the effective value for '[yaml]', provide the URI of a resource or 'null' for any resource.
2024-07-02 10:41:16.021 [info] ExtensionService#_doActivateExtension vscode.json-language-features, startup: false, activationEvent: 'onLanguage:jsonc'
2024-07-02 10:41:16.021 [info] ExtensionService#_doActivateExtension vscode.typescript-language-features, startup: false, activationEvent: 'onLanguage:jsonc'
2024-07-02 10:41:16.301 [warning] [redhat.vscode-yaml] Accessing a resource scoped configuration without providing a resource is not expected. To get the effective value for '[yaml]', provide the URI of a resource or 'null' for any resource.
2024-07-02 10:41:31.695 [warning] [redhat.vscode-yaml] Accessing a resource scoped configuration without providing a resource is not expected. To get the effective value for '[yaml]', provide the URI of a resource or 'null' for any resource.
2024-07-02 10:54:51.965 [warning] [redhat.vscode-yaml] Accessing a resource scoped configuration without providing a resource is not expected. To get the effective value for '[yaml]', provide the URI of a resource or 'null' for any resource.
2024-07-02 10:54:52.948 [warning] [redhat.vscode-yaml] Accessing a resource scoped configuration without providing a resource is not expected. To get the effective value for '[yaml]', provide the URI of a resource or 'null' for any resource.
2024-07-02 11:28:16.460 [warning] [redhat.vscode-yaml] Accessing a resource scoped configuration without providing a resource is not expected. To get the effective value for '[yaml]', provide the URI of a resource or 'null' for any resource.
2024-07-02 11:28:32.070 [warning] [redhat.vscode-yaml] Accessing a resource scoped configuration without providing a resource is not expected. To get the effective value for '[yaml]', provide the URI of a resource or 'null' for any resource.
2024-07-02 11:28:32.511 [warning] [redhat.vscode-yaml] Accessing a resource scoped configuration without providing a resource is not expected. To get the effective value for '[yaml]', provide the URI of a resource or 'null' for any resource.
2024-07-02 11:28:34.587 [warning] [redhat.vscode-yaml] Accessing a resource scoped configuration without providing a resource is not expected. To get the effective value for '[yaml]', provide the URI of a resource or 'null' for any resource.
2024-07-02 11:28:35.058 [warning] [redhat.vscode-yaml] Accessing a resource scoped configuration without providing a resource is not expected. To get the effective value for '[yaml]', provide the URI of a resource or 'null' for any resource.
2024-07-02 11:28:36.273 [warning] [redhat.vscode-yaml] Accessing a resource scoped configuration without providing a resource is not expected. To get the effective value for '[yaml]', provide the URI of a resource or 'null' for any resource.
2024-07-02 11:28:37.321 [warning] [redhat.vscode-yaml] Accessing a resource scoped configuration without providing a resource is not expected. To get the effective value for '[yaml]', provide the URI of a resource or 'null' for any resource.
2024-07-02 11:28:40.038 [warning] [redhat.vscode-yaml] Accessing a resource scoped configuration without providing a resource is not expected. To get the effective value for '[yaml]', provide the URI of a resource or 'null' for any resource.
2024-07-02 11:28:40.434 [warning] [redhat.vscode-yaml] Accessing a resource scoped configuration without providing a resource is not expected. To get the effective value for '[yaml]', provide the URI of a resource or 'null' for any resource.
2024-07-02 11:28:41.197 [warning] [redhat.vscode-yaml] Accessing a resource scoped configuration without providing a resource is not expected. To get the effective value for '[yaml]', provide the URI of a resource or 'null' for any resource.
2024-07-02 11:28:41.636 [warning] [redhat.vscode-yaml] Accessing a resource scoped configuration without providing a resource is not expected. To get the effective value for '[yaml]', provide the URI of a resource or 'null' for any resource.
2024-07-02 11:28:44.322 [warning] [redhat.vscode-yaml] Accessing a resource scoped configuration without providing a resource is not expected. To get the effective value for '[yaml]', provide the URI of a resource or 'null' for any resource.
2024-07-02 11:29:44.790 [warning] [redhat.vscode-yaml] Accessing a resource scoped configuration without providing a resource is not expected. To get the effective value for '[yaml]', provide the URI of a resource or 'null' for any resource.
2024-07-02 11:30:17.604 [warning] [redhat.vscode-yaml] Accessing a resource scoped configuration without providing a resource is not expected. To get the effective value for '[yaml]', provide the URI of a resource or 'null' for any resource.
2024-07-02 11:33:39.528 [warning] [redhat.vscode-yaml] Accessing a resource scoped configuration without providing a resource is not expected. To get the effective value for '[yaml]', provide the URI of a resource or 'null' for any resource.
2024-07-02 11:33:41.788 [warning] [redhat.vscode-yaml] Accessing a resource scoped configuration without providing a resource is not expected. To get the effective value for '[yaml]', provide the URI of a resource or 'null' for any resource.
2024-07-02 11:33:44.108 [warning] [redhat.vscode-yaml] Accessing a resource scoped configuration without providing a resource is not expected. To get the effective value for '[yaml]', provide the URI of a resource or 'null' for any resource.
2024-07-02 11:33:48.884 [warning] [redhat.vscode-yaml] Accessing a resource scoped configuration without providing a resource is not expected. To get the effective value for '[yaml]', provide the URI of a resource or 'null' for any resource.
2024-07-02 11:33:52.604 [warning] [redhat.vscode-yaml] Accessing a resource scoped configuration without providing a resource is not expected. To get the effective value for '[yaml]', provide the URI of a resource or 'null' for any resource.
2024-07-02 11:35:11.043 [warning] [redhat.vscode-yaml] Accessing a resource scoped configuration without providing a resource is not expected. To get the effective value for '[yaml]', provide the URI of a resource or 'null' for any resource.
2024-07-02 11:35:16.330 [warning] [redhat.vscode-yaml] Accessing a resource scoped configuration without providing a resource is not expected. To get the effective value for '[yaml]', provide the URI of a resource or 'null' for any resource.
2024-07-02 11:35:18.014 [warning] [redhat.vscode-yaml] Accessing a resource scoped configuration without providing a resource is not expected. To get the effective value for '[yaml]', provide the URI of a resource or 'null' for any resource.
2024-07-02 11:37:28.208 [warning] [redhat.vscode-yaml] Accessing a resource scoped configuration without providing a resource is not expected. To get the effective value for '[yaml]', provide the URI of a resource or 'null' for any resource.
2024-07-02 11:37:28.647 [warning] [redhat.vscode-yaml] Accessing a resource scoped configuration without providing a resource is not expected. To get the effective value for '[yaml]', provide the URI of a resource or 'null' for any resource.
2024-07-02 11:40:54.702 [warning] [redhat.vscode-yaml] Accessing a resource scoped configuration without providing a resource is not expected. To get the effective value for '[yaml]', provide the URI of a resource or 'null' for any resource.
2024-07-02 11:40:55.013 [warning] [redhat.vscode-yaml] Accessing a resource scoped configuration without providing a resource is not expected. To get the effective value for '[yaml]', provide the URI of a resource or 'null' for any resource.
2024-07-02 11:40:55.428 [warning] [redhat.vscode-yaml] Accessing a resource scoped configuration without providing a resource is not expected. To get the effective value for '[yaml]', provide the URI of a resource or 'null' for any resource.
2024-07-02 11:40:56.341 [warning] [redhat.vscode-yaml] Accessing a resource scoped configuration without providing a resource is not expected. To get the effective value for '[yaml]', provide the URI of a resource or 'null' for any resource.
2024-07-02 11:40:56.787 [warning] [redhat.vscode-yaml] Accessing a resource scoped configuration without providing a resource is not expected. To get the effective value for '[yaml]', provide the URI of a resource or 'null' for any resource.
2024-07-02 11:41:00.321 [warning] [redhat.vscode-yaml] Accessing a resource scoped configuration without providing a resource is not expected. To get the effective value for '[yaml]', provide the URI of a resource or 'null' for any resource.
2024-07-02 11:41:01.384 [warning] [redhat.vscode-yaml] Accessing a resource scoped configuration without providing a resource is not expected. To get the effective value for '[yaml]', provide the URI of a resource or 'null' for any resource.
2024-07-02 11:41:09.076 [warning] [redhat.vscode-yaml] Accessing a resource scoped configuration without providing a resource is not expected. To get the effective value for '[yaml]', provide the URI of a resource or 'null' for any resource.
2024-07-02 11:41:11.538 [warning] [redhat.vscode-yaml] Accessing a resource scoped configuration without providing a resource is not expected. To get the effective value for '[yaml]', provide the URI of a resource or 'null' for any resource.
2024-07-02 11:41:14.198 [warning] [redhat.vscode-yaml] Accessing a resource scoped configuration without providing a resource is not expected. To get the effective value for '[yaml]', provide the URI of a resource or 'null' for any resource.
2024-07-02 11:42:47.010 [warning] [redhat.vscode-yaml] Accessing a resource scoped configuration without providing a resource is not expected. To get the effective value for '[yaml]', provide the URI of a resource or 'null' for any resource.
2024-07-02 11:42:47.375 [warning] [redhat.vscode-yaml] Accessing a resource scoped configuration without providing a resource is not expected. To get the effective value for '[yaml]', provide the URI of a resource or 'null' for any resource.
2024-07-02 11:42:47.774 [warning] [redhat.vscode-yaml] Accessing a resource scoped configuration without providing a resource is not expected. To get the effective value for '[yaml]', provide the URI of a resource or 'null' for any resource.
2024-07-02 11:42:48.001 [warning] [redhat.vscode-yaml] Accessing a resource scoped configuration without providing a resource is not expected. To get the effective value for '[yaml]', provide the URI of a resource or 'null' for any resource.
2024-07-02 11:42:48.399 [warning] [redhat.vscode-yaml] Accessing a resource scoped configuration without providing a resource is not expected. To get the effective value for '[yaml]', provide the URI of a resource or 'null' for any resource.
2024-07-02 11:42:49.129 [warning] [redhat.vscode-yaml] Accessing a resource scoped configuration without providing a resource is not expected. To get the effective value for '[yaml]', provide the URI of a resource or 'null' for any resource.
2024-07-02 11:42:49.532 [warning] [redhat.vscode-yaml] Accessing a resource scoped configuration without providing a resource is not expected. To get the effective value for '[yaml]', provide the URI of a resource or 'null' for any resource.
2024-07-02 11:42:49.994 [warning] [redhat.vscode-yaml] Accessing a resource scoped configuration without providing a resource is not expected. To get the effective value for '[yaml]', provide the URI of a resource or 'null' for any resource.
2024-07-02 11:42:50.296 [warning] [redhat.vscode-yaml] Accessing a resource scoped configuration without providing a resource is not expected. To get the effective value for '[yaml]', provide the URI of a resource or 'null' for any resource.
2024-07-02 11:42:55.656 [warning] [redhat.vscode-yaml] Accessing a resource scoped configuration without providing a resource is not expected. To get the effective value for '[yaml]', provide the URI of a resource or 'null' for any resource.
2024-07-02 11:42:56.670 [warning] [redhat.vscode-yaml] Accessing a resource scoped configuration without providing a resource is not expected. To get the effective value for '[yaml]', provide the URI of a resource or 'null' for any resource.
2024-07-02 11:42:58.079 [warning] [redhat.vscode-yaml] Accessing a resource scoped configuration without providing a resource is not expected. To get the effective value for '[yaml]', provide the URI of a resource or 'null' for any resource.
2024-07-02 11:43:02.882 [warning] [redhat.vscode-yaml] Accessing a resource scoped configuration without providing a resource is not expected. To get the effective value for '[yaml]', provide the URI of a resource or 'null' for any resource.
2024-07-02 11:43:03.412 [warning] [redhat.vscode-yaml] Accessing a resource scoped configuration without providing a resource is not expected. To get the effective value for '[yaml]', provide the URI of a resource or 'null' for any resource.
2024-07-02 15:03:38.279 [warning] [redhat.vscode-yaml] Accessing a resource scoped configuration without providing a resource is not expected. To get the effective value for '[yaml]', provide the URI of a resource or 'null' for any resource.
2024-07-02 15:03:46.260 [warning] [redhat.vscode-yaml] Accessing a resource scoped configuration without providing a resource is not expected. To get the effective value for '[yaml]', provide the URI of a resource or 'null' for any resource.
2024-07-02 15:03:55.035 [warning] [redhat.vscode-yaml] Accessing a resource scoped configuration without providing a resource is not expected. To get the effective value for '[yaml]', provide the URI of a resource or 'null' for any resource.
2024-07-02 15:48:53.259 [info] Extension host terminating: received terminate message from renderer
2024-07-02 15:48:53.260 [info] Lock '/home/ndao/.vscode-server/data/User/workspaceStorage/a14c3a812da8755da87379a0235c592b/vscode.lock': Marking the lockfile as scheduled to be released in 6000 ms.
2024-07-02 15:48:53.513 [error] Canceled: Canceled
	at new A (/home/ndao/.vscode-server/bin/5437499feb04f7a586f677b155b039bc2b3669eb/out/vs/workbench/api/node/extensionHostProcess.js:145:50615)
	at E.U (/home/ndao/.vscode-server/bin/5437499feb04f7a586f677b155b039bc2b3669eb/out/vs/workbench/api/node/extensionHostProcess.js:152:6007)
	at z.<computed>.M.charCodeAt.R.CharCode.DollarSign.z.<computed> (/home/ndao/.vscode-server/bin/5437499feb04f7a586f677b155b039bc2b3669eb/out/vs/workbench/api/node/extensionHostProcess.js:152:3091)
	at h.g (/home/ndao/.vscode-server/bin/5437499feb04f7a586f677b155b039bc2b3669eb/out/vs/workbench/api/node/extensionHostProcess.js:155:199935)
	at h.executeCommand (/home/ndao/.vscode-server/bin/5437499feb04f7a586f677b155b039bc2b3669eb/out/vs/workbench/api/node/extensionHostProcess.js:155:199373)
	at I.registerCommand.description (/home/ndao/.vscode-server/bin/5437499feb04f7a586f677b155b039bc2b3669eb/out/vs/workbench/api/node/extensionHostProcess.js:155:198697)
	at h (/home/ndao/.vscode-server/bin/5437499feb04f7a586f677b155b039bc2b3669eb/out/vs/workbench/api/node/extensionHostProcess.js:155:200474)
	at h.g (/home/ndao/.vscode-server/bin/5437499feb04f7a586f677b155b039bc2b3669eb/out/vs/workbench/api/node/extensionHostProcess.js:155:199466)
	at h.executeCommand (/home/ndao/.vscode-server/bin/5437499feb04f7a586f677b155b039bc2b3669eb/out/vs/workbench/api/node/extensionHostProcess.js:155:199373)
	at Object.executeCommand (/home/ndao/.vscode-server/bin/5437499feb04f7a586f677b155b039bc2b3669eb/out/vs/workbench/api/node/extensionHostProcess.js:165:22742)
	at n.O [as value] (/home/ndao/.vscode-server/bin/5437499feb04f7a586f677b155b039bc2b3669eb/extensions/git/dist/main.js:2:945191)
	at l.y (/home/ndao/.vscode-server/bin/5437499feb04f7a586f677b155b039bc2b3669eb/out/vs/workbench/api/node/extensionHostProcess.js:82:664)
	at l.z (/home/ndao/.vscode-server/bin/5437499feb04f7a586f677b155b039bc2b3669eb/out/vs/workbench/api/node/extensionHostProcess.js:82:734)
	at l.fire (/home/ndao/.vscode-server/bin/5437499feb04f7a586f677b155b039bc2b3669eb/out/vs/workbench/api/node/extensionHostProcess.js:82:950)
	at Object.p [as dispose] (/home/ndao/.vscode-server/bin/5437499feb04f7a586f677b155b039bc2b3669eb/extensions/git/dist/main.js:2:964275)
	at /home/ndao/.vscode-server/bin/5437499feb04f7a586f677b155b039bc2b3669eb/extensions/git/dist/main.js:2:970313
	at Array.forEach (<anonymous>)
	at f.dispose (/home/ndao/.vscode-server/bin/5437499feb04f7a586f677b155b039bc2b3669eb/extensions/git/dist/main.js:2:970299)
	at a.<anonymous> (/home/ndao/.vscode-server/bin/5437499feb04f7a586f677b155b039bc2b3669eb/out/vs/workbench/api/node/extensionHostProcess.js:153:4032)
	at a.dispose (/home/ndao/.vscode-server/bin/5437499feb04f7a586f677b155b039bc2b3669eb/out/vs/workbench/api/node/extensionHostProcess.js:153:4129)
	at a.<anonymous> (/home/ndao/.vscode-server/bin/5437499feb04f7a586f677b155b039bc2b3669eb/extensions/git/dist/main.js:2:947448)
	at a.dispose (/home/ndao/.vscode-server/bin/5437499feb04f7a586f677b155b039bc2b3669eb/out/vs/workbench/api/node/extensionHostProcess.js:153:4129)
	at f (/home/ndao/.vscode-server/bin/5437499feb04f7a586f677b155b039bc2b3669eb/out/vs/workbench/api/node/extensionHostProcess.js:30:744)
	at u.eb (/home/ndao/.vscode-server/bin/5437499feb04f7a586f677b155b039bc2b3669eb/out/vs/workbench/api/node/extensionHostProcess.js:161:9991)
	at /home/ndao/.vscode-server/bin/5437499feb04f7a586f677b155b039bc2b3669eb/out/vs/workbench/api/node/extensionHostProcess.js:161:7867
	at Array.map (<anonymous>)
	at u.$ (/home/ndao/.vscode-server/bin/5437499feb04f7a586f677b155b039bc2b3669eb/out/vs/workbench/api/node/extensionHostProcess.js:161:7854)
	at u.terminate (/home/ndao/.vscode-server/bin/5437499feb04f7a586f677b155b039bc2b3669eb/out/vs/workbench/api/node/extensionHostProcess.js:161:8127)
	at f.terminate (/home/ndao/.vscode-server/bin/5437499feb04f7a586f677b155b039bc2b3669eb/out/vs/workbench/api/node/extensionHostProcess.js:165:1513)
	at t (/home/ndao/.vscode-server/bin/5437499feb04f7a586f677b155b039bc2b3669eb/out/vs/workbench/api/node/extensionHostProcess.js:178:10459)
	at n.value (/home/ndao/.vscode-server/bin/5437499feb04f7a586f677b155b039bc2b3669eb/out/vs/workbench/api/node/extensionHostProcess.js:178:8427)
	at l.y (/home/ndao/.vscode-server/bin/5437499feb04f7a586f677b155b039bc2b3669eb/out/vs/workbench/api/node/extensionHostProcess.js:82:664)
	at l.fire (/home/ndao/.vscode-server/bin/5437499feb04f7a586f677b155b039bc2b3669eb/out/vs/workbench/api/node/extensionHostProcess.js:82:881)
	at s.fire (/home/ndao/.vscode-server/bin/5437499feb04f7a586f677b155b039bc2b3669eb/out/vs/workbench/api/node/extensionHostProcess.js:107:14502)
	at h.z (/home/ndao/.vscode-server/bin/5437499feb04f7a586f677b155b039bc2b3669eb/out/vs/workbench/api/node/extensionHostProcess.js:107:17638)
	at n.value (/home/ndao/.vscode-server/bin/5437499feb04f7a586f677b155b039bc2b3669eb/out/vs/workbench/api/node/extensionHostProcess.js:107:17012)
	at l.y (/home/ndao/.vscode-server/bin/5437499feb04f7a586f677b155b039bc2b3669eb/out/vs/workbench/api/node/extensionHostProcess.js:82:664)
	at l.fire (/home/ndao/.vscode-server/bin/5437499feb04f7a586f677b155b039bc2b3669eb/out/vs/workbench/api/node/extensionHostProcess.js:82:881)
	at u.acceptChunk (/home/ndao/.vscode-server/bin/5437499feb04f7a586f677b155b039bc2b3669eb/out/vs/workbench/api/node/extensionHostProcess.js:107:12248)
	at n.value (/home/ndao/.vscode-server/bin/5437499feb04f7a586f677b155b039bc2b3669eb/out/vs/workbench/api/node/extensionHostProcess.js:107:11518)
	at l.y (/home/ndao/.vscode-server/bin/5437499feb04f7a586f677b155b039bc2b3669eb/out/vs/workbench/api/node/extensionHostProcess.js:82:664)
	at l.fire (/home/ndao/.vscode-server/bin/5437499feb04f7a586f677b155b039bc2b3669eb/out/vs/workbench/api/node/extensionHostProcess.js:82:881)
	at n.z (/home/ndao/.vscode-server/bin/5437499feb04f7a586f677b155b039bc2b3669eb/out/vs/workbench/api/node/extensionHostProcess.js:175:20497)
	at n.acceptFrame (/home/ndao/.vscode-server/bin/5437499feb04f7a586f677b155b039bc2b3669eb/out/vs/workbench/api/node/extensionHostProcess.js:175:20303)
	at g.n (/home/ndao/.vscode-server/bin/5437499feb04f7a586f677b155b039bc2b3669eb/out/vs/workbench/api/node/extensionHostProcess.js:175:18748)
	at /home/ndao/.vscode-server/bin/5437499feb04f7a586f677b155b039bc2b3669eb/out/vs/workbench/api/node/extensionHostProcess.js:175:15675
	at Socket.w (/home/ndao/.vscode-server/bin/5437499feb04f7a586f677b155b039bc2b3669eb/out/vs/workbench/api/node/extensionHostProcess.js:175:13305)
	at Socket.emit (node:events:518:28)
	at addChunk (node:internal/streams/readable:559:12)
	at readableAddChunkPushByteMode (node:internal/streams/readable:510:3)
	at Readable.push (node:internal/streams/readable:390:5)
	at TCP.onStreamRead (node:internal/stream_base_commons:190:23) setContext undefined
2024-07-02 15:48:53.513 [error] Canceled: Canceled
	at new A (/home/ndao/.vscode-server/bin/5437499feb04f7a586f677b155b039bc2b3669eb/out/vs/workbench/api/node/extensionHostProcess.js:145:50615)
	at E.U (/home/ndao/.vscode-server/bin/5437499feb04f7a586f677b155b039bc2b3669eb/out/vs/workbench/api/node/extensionHostProcess.js:152:6007)
	at z.<computed>.M.charCodeAt.R.CharCode.DollarSign.z.<computed> (/home/ndao/.vscode-server/bin/5437499feb04f7a586f677b155b039bc2b3669eb/out/vs/workbench/api/node/extensionHostProcess.js:152:3091)
	at h.g (/home/ndao/.vscode-server/bin/5437499feb04f7a586f677b155b039bc2b3669eb/out/vs/workbench/api/node/extensionHostProcess.js:155:199935)
	at h.executeCommand (/home/ndao/.vscode-server/bin/5437499feb04f7a586f677b155b039bc2b3669eb/out/vs/workbench/api/node/extensionHostProcess.js:155:199373)
	at I.registerCommand.description (/home/ndao/.vscode-server/bin/5437499feb04f7a586f677b155b039bc2b3669eb/out/vs/workbench/api/node/extensionHostProcess.js:155:198697)
	at h (/home/ndao/.vscode-server/bin/5437499feb04f7a586f677b155b039bc2b3669eb/out/vs/workbench/api/node/extensionHostProcess.js:155:200474)
	at h.g (/home/ndao/.vscode-server/bin/5437499feb04f7a586f677b155b039bc2b3669eb/out/vs/workbench/api/node/extensionHostProcess.js:155:199466)
	at h.executeCommand (/home/ndao/.vscode-server/bin/5437499feb04f7a586f677b155b039bc2b3669eb/out/vs/workbench/api/node/extensionHostProcess.js:155:199373)
	at Object.executeCommand (/home/ndao/.vscode-server/bin/5437499feb04f7a586f677b155b039bc2b3669eb/out/vs/workbench/api/node/extensionHostProcess.js:165:22742)
	at set hasGitHubRepositories [as hasGitHubRepositories] (/home/ndao/.vscode-server/bin/5437499feb04f7a586f677b155b039bc2b3669eb/extensions/github/dist/extension.js:2:322969)
	at /home/ndao/.vscode-server/bin/5437499feb04f7a586f677b155b039bc2b3669eb/extensions/github/dist/extension.js:2:323928
	at n.value (/home/ndao/.vscode-server/bin/5437499feb04f7a586f677b155b039bc2b3669eb/extensions/git/dist/main.js:2:1050764)
	at l.y (/home/ndao/.vscode-server/bin/5437499feb04f7a586f677b155b039bc2b3669eb/out/vs/workbench/api/node/extensionHostProcess.js:82:664)
	at l.z (/home/ndao/.vscode-server/bin/5437499feb04f7a586f677b155b039bc2b3669eb/out/vs/workbench/api/node/extensionHostProcess.js:82:734)
	at l.fire (/home/ndao/.vscode-server/bin/5437499feb04f7a586f677b155b039bc2b3669eb/out/vs/workbench/api/node/extensionHostProcess.js:82:950)
	at Object.p [as dispose] (/home/ndao/.vscode-server/bin/5437499feb04f7a586f677b155b039bc2b3669eb/extensions/git/dist/main.js:2:964275)
	at /home/ndao/.vscode-server/bin/5437499feb04f7a586f677b155b039bc2b3669eb/extensions/git/dist/main.js:2:970313
	at Array.forEach (<anonymous>)
	at f.dispose (/home/ndao/.vscode-server/bin/5437499feb04f7a586f677b155b039bc2b3669eb/extensions/git/dist/main.js:2:970299)
	at a.<anonymous> (/home/ndao/.vscode-server/bin/5437499feb04f7a586f677b155b039bc2b3669eb/out/vs/workbench/api/node/extensionHostProcess.js:153:4032)
	at a.dispose (/home/ndao/.vscode-server/bin/5437499feb04f7a586f677b155b039bc2b3669eb/out/vs/workbench/api/node/extensionHostProcess.js:153:4129)
	at a.<anonymous> (/home/ndao/.vscode-server/bin/5437499feb04f7a586f677b155b039bc2b3669eb/extensions/git/dist/main.js:2:947448)
	at a.dispose (/home/ndao/.vscode-server/bin/5437499feb04f7a586f677b155b039bc2b3669eb/out/vs/workbench/api/node/extensionHostProcess.js:153:4129)
	at f (/home/ndao/.vscode-server/bin/5437499feb04f7a586f677b155b039bc2b3669eb/out/vs/workbench/api/node/extensionHostProcess.js:30:744)
	at u.eb (/home/ndao/.vscode-server/bin/5437499feb04f7a586f677b155b039bc2b3669eb/out/vs/workbench/api/node/extensionHostProcess.js:161:9991)
	at /home/ndao/.vscode-server/bin/5437499feb04f7a586f677b155b039bc2b3669eb/out/vs/workbench/api/node/extensionHostProcess.js:161:7867
	at Array.map (<anonymous>)
	at u.$ (/home/ndao/.vscode-server/bin/5437499feb04f7a586f677b155b039bc2b3669eb/out/vs/workbench/api/node/extensionHostProcess.js:161:7854)
	at u.terminate (/home/ndao/.vscode-server/bin/5437499feb04f7a586f677b155b039bc2b3669eb/out/vs/workbench/api/node/extensionHostProcess.js:161:8127)
	at f.terminate (/home/ndao/.vscode-server/bin/5437499feb04f7a586f677b155b039bc2b3669eb/out/vs/workbench/api/node/extensionHostProcess.js:165:1513)
	at t (/home/ndao/.vscode-server/bin/5437499feb04f7a586f677b155b039bc2b3669eb/out/vs/workbench/api/node/extensionHostProcess.js:178:10459)
	at n.value (/home/ndao/.vscode-server/bin/5437499feb04f7a586f677b155b039bc2b3669eb/out/vs/workbench/api/node/extensionHostProcess.js:178:8427)
	at l.y (/home/ndao/.vscode-server/bin/5437499feb04f7a586f677b155b039bc2b3669eb/out/vs/workbench/api/node/extensionHostProcess.js:82:664)
	at l.fire (/home/ndao/.vscode-server/bin/5437499feb04f7a586f677b155b039bc2b3669eb/out/vs/workbench/api/node/extensionHostProcess.js:82:881)
	at s.fire (/home/ndao/.vscode-server/bin/5437499feb04f7a586f677b155b039bc2b3669eb/out/vs/workbench/api/node/extensionHostProcess.js:107:14502)
	at h.z (/home/ndao/.vscode-server/bin/5437499feb04f7a586f677b155b039bc2b3669eb/out/vs/workbench/api/node/extensionHostProcess.js:107:17638)
	at n.value (/home/ndao/.vscode-server/bin/5437499feb04f7a586f677b155b039bc2b3669eb/out/vs/workbench/api/node/extensionHostProcess.js:107:17012)
	at l.y (/home/ndao/.vscode-server/bin/5437499feb04f7a586f677b155b039bc2b3669eb/out/vs/workbench/api/node/extensionHostProcess.js:82:664)
	at l.fire (/home/ndao/.vscode-server/bin/5437499feb04f7a586f677b155b039bc2b3669eb/out/vs/workbench/api/node/extensionHostProcess.js:82:881)
	at u.acceptChunk (/home/ndao/.vscode-server/bin/5437499feb04f7a586f677b155b039bc2b3669eb/out/vs/workbench/api/node/extensionHostProcess.js:107:12248)
	at n.value (/home/ndao/.vscode-server/bin/5437499feb04f7a586f677b155b039bc2b3669eb/out/vs/workbench/api/node/extensionHostProcess.js:107:11518)
	at l.y (/home/ndao/.vscode-server/bin/5437499feb04f7a586f677b155b039bc2b3669eb/out/vs/workbench/api/node/extensionHostProcess.js:82:664)
	at l.fire (/home/ndao/.vscode-server/bin/5437499feb04f7a586f677b155b039bc2b3669eb/out/vs/workbench/api/node/extensionHostProcess.js:82:881)
	at n.z (/home/ndao/.vscode-server/bin/5437499feb04f7a586f677b155b039bc2b3669eb/out/vs/workbench/api/node/extensionHostProcess.js:175:20497)
	at n.acceptFrame (/home/ndao/.vscode-server/bin/5437499feb04f7a586f677b155b039bc2b3669eb/out/vs/workbench/api/node/extensionHostProcess.js:175:20303)
	at g.n (/home/ndao/.vscode-server/bin/5437499feb04f7a586f677b155b039bc2b3669eb/out/vs/workbench/api/node/extensionHostProcess.js:175:18748)
	at /home/ndao/.vscode-server/bin/5437499feb04f7a586f677b155b039bc2b3669eb/out/vs/workbench/api/node/extensionHostProcess.js:175:15675
	at Socket.w (/home/ndao/.vscode-server/bin/5437499feb04f7a586f677b155b039bc2b3669eb/out/vs/workbench/api/node/extensionHostProcess.js:175:13305)
	at Socket.emit (node:events:518:28)
	at addChunk (node:internal/streams/readable:559:12)
	at readableAddChunkPushByteMode (node:internal/streams/readable:510:3)
	at Readable.push (node:internal/streams/readable:390:5)
	at TCP.onStreamRead (node:internal/stream_base_commons:190:23) setContext undefined
2024-07-02 15:48:53.534 [info] Extension host with pid 153 exiting with code 0
