2024-07-11 08:19:23.518 [info] Log level: Info
2024-07-11 08:19:23.518 [info] Validating found git in: "git"
2024-07-11 08:19:23.518 [info] Using git "2.25.1" from "git"
2024-07-11 08:19:23.518 [info] > git rev-parse --show-toplevel [153ms]
2024-07-11 08:19:23.518 [info] > git rev-parse --git-dir --git-common-dir [19ms]
2024-07-11 08:19:23.518 [info] Open repository: /home/ndao/DB_Provisionning
2024-07-11 08:19:23.565 [info] > git rev-parse --show-toplevel [35ms]
2024-07-11 08:19:23.566 [info] > git config --get commit.template [40ms]
2024-07-11 08:19:23.630 [info] > git rev-parse --show-toplevel [26ms]
2024-07-11 08:19:24.407 [info] > git check-ignore -v -z --stdin [179ms]
2024-07-11 08:19:24.579 [info] > git rev-parse --show-toplevel [371ms]
2024-07-11 08:19:24.606 [info] > git for-each-ref --format=%(refname)%00%(upstream:short)%00%(objectname)%00%(upstream:track)%00%(upstream:remotename)%00%(upstream:remoteref) refs/heads/dev refs/remotes/dev [980ms]
2024-07-11 08:19:24.696 [info] > git show --textconv :mysql_setup/sql_setup.yml [100ms]
2024-07-11 08:19:24.703 [info] > git ls-files --stage -- /home/ndao/DB_Provisionning/mysql_setup/sql_setup.yml [98ms]
2024-07-11 08:19:24.727 [info] > git cat-file -s 4185eb43aec4c2071255e3f2a5c3a2aa2daf0c05 [16ms]
2024-07-11 08:19:24.956 [info] > git status -z -uall [6ms]
2024-07-11 08:19:25.024 [info] > git for-each-ref --format=%(refname)%00%(upstream:short)%00%(objectname)%00%(upstream:track)%00%(upstream:remotename)%00%(upstream:remoteref) refs/heads/dev refs/remotes/dev [48ms]
2024-07-11 08:19:25.138 [info] > git config --local branch.dev.vscode-merge-base [103ms]
2024-07-11 08:19:25.147 [info] > git config --get commit.template [135ms]
2024-07-11 08:19:25.156 [info] > git for-each-ref --format=%(refname)%00%(upstream:short)%00%(objectname)%00%(upstream:track)%00%(upstream:remotename)%00%(upstream:remoteref) refs/heads/origin/master refs/remotes/origin/master [11ms]
2024-07-11 08:19:25.195 [info] > git for-each-ref --format=%(refname)%00%(upstream:short)%00%(objectname)%00%(upstream:track)%00%(upstream:remotename)%00%(upstream:remoteref) refs/heads/dev refs/remotes/dev [17ms]
2024-07-11 08:19:25.197 [info] > git merge-base refs/heads/dev refs/remotes/origin/dev [30ms]
2024-07-11 08:19:25.256 [info] > git rev-list --count --left-right refs/heads/dev...refs/remotes/origin/dev [51ms]
2024-07-11 08:19:25.369 [info] > git status -z -uall [97ms]
2024-07-11 08:19:25.378 [info] > git diff --name-status -z --diff-filter=ADMR 66e0e6740507b5adbb4a446c0853d8838bf940d3...refs/remotes/origin/dev [115ms]
2024-07-11 08:19:25.382 [info] > git for-each-ref --format=%(refname)%00%(upstream:short)%00%(objectname)%00%(upstream:track)%00%(upstream:remotename)%00%(upstream:remoteref) refs/heads/dev refs/remotes/dev [6ms]
2024-07-11 08:19:25.393 [info] > git config --local branch.dev.vscode-merge-base [6ms]
2024-07-11 08:19:25.403 [info] > git for-each-ref --format=%(refname)%00%(upstream:short)%00%(objectname)%00%(upstream:track)%00%(upstream:remotename)%00%(upstream:remoteref) refs/heads/origin/master refs/remotes/origin/master [2ms]
2024-07-11 08:48:40.642 [info] > git show --textconv :mysql_setup/sql_loop.yml [21ms]
2024-07-11 08:48:40.648 [info] > git ls-files --stage -- /home/ndao/DB_Provisionning/mysql_setup/sql_loop.yml [11ms]
2024-07-11 08:48:40.665 [info] > git cat-file -s 7cc1bc714487eef4dedd74450fab189079f23209 [6ms]
2024-07-11 15:03:39.253 [info] > git check-ignore -v -z --stdin [4ms]
2024-07-11 15:03:41.148 [info] > git show --textconv :mysql_setup/sql_backup.yml [8ms]
2024-07-11 15:03:41.152 [info] > git ls-files --stage -- /home/ndao/DB_Provisionning/mysql_setup/sql_backup.yml [5ms]
2024-07-11 15:03:41.161 [info] > git cat-file -s d6b8d4add1bdf53614ab18ee6366bed4c6dbffb7 [3ms]
