2024-05-26 18:50:46.925 [info] Extension host with pid 3383 started
2024-05-26 18:50:47.036 [info] Lock '/home/ndao/.vscode-server/data/User/workspaceStorage/38a21d1cb963b8ec61341b0b4eb2fb76/vscode.lock': Lock acquired.
2024-05-26 18:50:47.172 [info] ExtensionService#_doActivateExtension vscode.emmet, startup: false, activationEvent: 'onLanguage'
2024-05-26 18:50:47.175 [info] ExtensionService#_doActivateExtension ms-python.python, startup: false, activationEvent: 'onLanguage:yaml', root cause: redhat.ansible
2024-05-26 18:50:47.176 [info] ExtensionService#_doActivateExtension redhat.vscode-yaml, startup: false, activationEvent: 'onLanguage:yaml', root cause: redhat.ansible
2024-05-26 18:50:48.393 [info] ExtensionService#_doActivateExtension vscode.git-base, startup: true, activationEvent: '*', root cause: vscode.git
2024-05-26 18:50:48.707 [info] ExtensionService#_doActivateExtension vscode.git, startup: true, activationEvent: '*'
2024-05-26 18:50:48.708 [info] ExtensionService#_doActivateExtension vscode.github, startup: true, activationEvent: '*'
2024-05-26 18:50:49.615 [info] Eager extensions activated
2024-05-26 18:50:49.615 [info] ExtensionService#_doActivateExtension vscode.debug-auto-launch, startup: false, activationEvent: 'onStartupFinished'
2024-05-26 18:50:49.617 [info] ExtensionService#_doActivateExtension vscode.merge-conflict, startup: false, activationEvent: 'onStartupFinished'
2024-05-26 18:50:49.777 [info] ExtensionService#_doActivateExtension redhat.ansible, startup: false, activationEvent: 'onLanguage:yaml'
2024-05-26 18:50:50.676 [info] Extension host terminating: received terminate message from renderer
2024-05-26 18:50:50.684 [info] Lock '/home/ndao/.vscode-server/data/User/workspaceStorage/38a21d1cb963b8ec61341b0b4eb2fb76/vscode.lock': Marking the lockfile as scheduled to be released in 6000 ms.
2024-05-26 18:50:50.803 [error] Canceled: Canceled
	at Object.P [as $6] (/home/ndao/.vscode-server/bin/dc96b837cf6bb4af9cd736aa3af08cf8279f7685/out/vs/workbench/api/node/extensionHostProcess.js:10:967)
	at /home/ndao/.vscode-server/bin/dc96b837cf6bb4af9cd736aa3af08cf8279f7685/out/vs/workbench/api/node/extensionHostProcess.js:152:2335
	at Array.forEach (<anonymous>)
	at c.dispose (/home/ndao/.vscode-server/bin/dc96b837cf6bb4af9cd736aa3af08cf8279f7685/out/vs/workbench/api/node/extensionHostProcess.js:152:2273)
	at f.terminate (/home/ndao/.vscode-server/bin/dc96b837cf6bb4af9cd736aa3af08cf8279f7685/out/vs/workbench/api/node/extensionHostProcess.js:161:8061)
	at a.terminate (/home/ndao/.vscode-server/bin/dc96b837cf6bb4af9cd736aa3af08cf8279f7685/out/vs/workbench/api/node/extensionHostProcess.js:165:1513)
	at t (/home/ndao/.vscode-server/bin/dc96b837cf6bb4af9cd736aa3af08cf8279f7685/out/vs/workbench/api/node/extensionHostProcess.js:178:9922)
	at a.value (/home/ndao/.vscode-server/bin/dc96b837cf6bb4af9cd736aa3af08cf8279f7685/out/vs/workbench/api/node/extensionHostProcess.js:178:7969)
	at o.y (/home/ndao/.vscode-server/bin/dc96b837cf6bb4af9cd736aa3af08cf8279f7685/out/vs/workbench/api/node/extensionHostProcess.js:82:660)
	at o.fire (/home/ndao/.vscode-server/bin/dc96b837cf6bb4af9cd736aa3af08cf8279f7685/out/vs/workbench/api/node/extensionHostProcess.js:82:877)
	at l.fire (/home/ndao/.vscode-server/bin/dc96b837cf6bb4af9cd736aa3af08cf8279f7685/out/vs/workbench/api/node/extensionHostProcess.js:107:14175)
	at r.z (/home/ndao/.vscode-server/bin/dc96b837cf6bb4af9cd736aa3af08cf8279f7685/out/vs/workbench/api/node/extensionHostProcess.js:107:17240)
	at a.value (/home/ndao/.vscode-server/bin/dc96b837cf6bb4af9cd736aa3af08cf8279f7685/out/vs/workbench/api/node/extensionHostProcess.js:107:15692)
	at o.y (/home/ndao/.vscode-server/bin/dc96b837cf6bb4af9cd736aa3af08cf8279f7685/out/vs/workbench/api/node/extensionHostProcess.js:82:660)
	at o.fire (/home/ndao/.vscode-server/bin/dc96b837cf6bb4af9cd736aa3af08cf8279f7685/out/vs/workbench/api/node/extensionHostProcess.js:82:877)
	at f.acceptChunk (/home/ndao/.vscode-server/bin/dc96b837cf6bb4af9cd736aa3af08cf8279f7685/out/vs/workbench/api/node/extensionHostProcess.js:107:11949)
	at a.value (/home/ndao/.vscode-server/bin/dc96b837cf6bb4af9cd736aa3af08cf8279f7685/out/vs/workbench/api/node/extensionHostProcess.js:107:11236)
	at o.y (/home/ndao/.vscode-server/bin/dc96b837cf6bb4af9cd736aa3af08cf8279f7685/out/vs/workbench/api/node/extensionHostProcess.js:82:660)
	at o.fire (/home/ndao/.vscode-server/bin/dc96b837cf6bb4af9cd736aa3af08cf8279f7685/out/vs/workbench/api/node/extensionHostProcess.js:82:877)
	at i.z (/home/ndao/.vscode-server/bin/dc96b837cf6bb4af9cd736aa3af08cf8279f7685/out/vs/workbench/api/node/extensionHostProcess.js:175:19732)
	at i.acceptFrame (/home/ndao/.vscode-server/bin/dc96b837cf6bb4af9cd736aa3af08cf8279f7685/out/vs/workbench/api/node/extensionHostProcess.js:175:19538)
	at n (/home/ndao/.vscode-server/bin/dc96b837cf6bb4af9cd736aa3af08cf8279f7685/out/vs/workbench/api/node/extensionHostProcess.js:175:18037)
	at /home/ndao/.vscode-server/bin/dc96b837cf6bb4af9cd736aa3af08cf8279f7685/out/vs/workbench/api/node/extensionHostProcess.js:175:15257
	at Socket.S (/home/ndao/.vscode-server/bin/dc96b837cf6bb4af9cd736aa3af08cf8279f7685/out/vs/workbench/api/node/extensionHostProcess.js:175:13162)
	at Socket.emit (node:events:517:28)
	at addChunk (node:internal/streams/readable:335:12)
	at readableAddChunk (node:internal/streams/readable:308:9)
	at Readable.push (node:internal/streams/readable:245:10)
	at TCP.onStreamRead (node:internal/stream_base_commons:190:23) setContext undefined
2024-05-26 18:50:50.816 [error] Canceled: Canceled
	at Object.P [as $6] (/home/ndao/.vscode-server/bin/dc96b837cf6bb4af9cd736aa3af08cf8279f7685/out/vs/workbench/api/node/extensionHostProcess.js:10:967)
	at /home/ndao/.vscode-server/bin/dc96b837cf6bb4af9cd736aa3af08cf8279f7685/out/vs/workbench/api/node/extensionHostProcess.js:152:2335
	at Array.forEach (<anonymous>)
	at c.dispose (/home/ndao/.vscode-server/bin/dc96b837cf6bb4af9cd736aa3af08cf8279f7685/out/vs/workbench/api/node/extensionHostProcess.js:152:2273)
	at f.terminate (/home/ndao/.vscode-server/bin/dc96b837cf6bb4af9cd736aa3af08cf8279f7685/out/vs/workbench/api/node/extensionHostProcess.js:161:8061)
	at a.terminate (/home/ndao/.vscode-server/bin/dc96b837cf6bb4af9cd736aa3af08cf8279f7685/out/vs/workbench/api/node/extensionHostProcess.js:165:1513)
	at t (/home/ndao/.vscode-server/bin/dc96b837cf6bb4af9cd736aa3af08cf8279f7685/out/vs/workbench/api/node/extensionHostProcess.js:178:9922)
	at a.value (/home/ndao/.vscode-server/bin/dc96b837cf6bb4af9cd736aa3af08cf8279f7685/out/vs/workbench/api/node/extensionHostProcess.js:178:7969)
	at o.y (/home/ndao/.vscode-server/bin/dc96b837cf6bb4af9cd736aa3af08cf8279f7685/out/vs/workbench/api/node/extensionHostProcess.js:82:660)
	at o.fire (/home/ndao/.vscode-server/bin/dc96b837cf6bb4af9cd736aa3af08cf8279f7685/out/vs/workbench/api/node/extensionHostProcess.js:82:877)
	at l.fire (/home/ndao/.vscode-server/bin/dc96b837cf6bb4af9cd736aa3af08cf8279f7685/out/vs/workbench/api/node/extensionHostProcess.js:107:14175)
	at r.z (/home/ndao/.vscode-server/bin/dc96b837cf6bb4af9cd736aa3af08cf8279f7685/out/vs/workbench/api/node/extensionHostProcess.js:107:17240)
	at a.value (/home/ndao/.vscode-server/bin/dc96b837cf6bb4af9cd736aa3af08cf8279f7685/out/vs/workbench/api/node/extensionHostProcess.js:107:15692)
	at o.y (/home/ndao/.vscode-server/bin/dc96b837cf6bb4af9cd736aa3af08cf8279f7685/out/vs/workbench/api/node/extensionHostProcess.js:82:660)
	at o.fire (/home/ndao/.vscode-server/bin/dc96b837cf6bb4af9cd736aa3af08cf8279f7685/out/vs/workbench/api/node/extensionHostProcess.js:82:877)
	at f.acceptChunk (/home/ndao/.vscode-server/bin/dc96b837cf6bb4af9cd736aa3af08cf8279f7685/out/vs/workbench/api/node/extensionHostProcess.js:107:11949)
	at a.value (/home/ndao/.vscode-server/bin/dc96b837cf6bb4af9cd736aa3af08cf8279f7685/out/vs/workbench/api/node/extensionHostProcess.js:107:11236)
	at o.y (/home/ndao/.vscode-server/bin/dc96b837cf6bb4af9cd736aa3af08cf8279f7685/out/vs/workbench/api/node/extensionHostProcess.js:82:660)
	at o.fire (/home/ndao/.vscode-server/bin/dc96b837cf6bb4af9cd736aa3af08cf8279f7685/out/vs/workbench/api/node/extensionHostProcess.js:82:877)
	at i.z (/home/ndao/.vscode-server/bin/dc96b837cf6bb4af9cd736aa3af08cf8279f7685/out/vs/workbench/api/node/extensionHostProcess.js:175:19732)
	at i.acceptFrame (/home/ndao/.vscode-server/bin/dc96b837cf6bb4af9cd736aa3af08cf8279f7685/out/vs/workbench/api/node/extensionHostProcess.js:175:19538)
	at n (/home/ndao/.vscode-server/bin/dc96b837cf6bb4af9cd736aa3af08cf8279f7685/out/vs/workbench/api/node/extensionHostProcess.js:175:18037)
	at /home/ndao/.vscode-server/bin/dc96b837cf6bb4af9cd736aa3af08cf8279f7685/out/vs/workbench/api/node/extensionHostProcess.js:175:15257
	at Socket.S (/home/ndao/.vscode-server/bin/dc96b837cf6bb4af9cd736aa3af08cf8279f7685/out/vs/workbench/api/node/extensionHostProcess.js:175:13162)
	at Socket.emit (node:events:517:28)
	at addChunk (node:internal/streams/readable:335:12)
	at readableAddChunk (node:internal/streams/readable:308:9)
	at Readable.push (node:internal/streams/readable:245:10)
	at TCP.onStreamRead (node:internal/stream_base_commons:190:23) setContext undefined
2024-05-26 18:50:50.819 [error] Canceled: Canceled
	at Object.P [as $6] (/home/ndao/.vscode-server/bin/dc96b837cf6bb4af9cd736aa3af08cf8279f7685/out/vs/workbench/api/node/extensionHostProcess.js:10:967)
	at /home/ndao/.vscode-server/bin/dc96b837cf6bb4af9cd736aa3af08cf8279f7685/out/vs/workbench/api/node/extensionHostProcess.js:152:2335
	at Array.forEach (<anonymous>)
	at c.dispose (/home/ndao/.vscode-server/bin/dc96b837cf6bb4af9cd736aa3af08cf8279f7685/out/vs/workbench/api/node/extensionHostProcess.js:152:2273)
	at f.terminate (/home/ndao/.vscode-server/bin/dc96b837cf6bb4af9cd736aa3af08cf8279f7685/out/vs/workbench/api/node/extensionHostProcess.js:161:8061)
	at a.terminate (/home/ndao/.vscode-server/bin/dc96b837cf6bb4af9cd736aa3af08cf8279f7685/out/vs/workbench/api/node/extensionHostProcess.js:165:1513)
	at t (/home/ndao/.vscode-server/bin/dc96b837cf6bb4af9cd736aa3af08cf8279f7685/out/vs/workbench/api/node/extensionHostProcess.js:178:9922)
	at a.value (/home/ndao/.vscode-server/bin/dc96b837cf6bb4af9cd736aa3af08cf8279f7685/out/vs/workbench/api/node/extensionHostProcess.js:178:7969)
	at o.y (/home/ndao/.vscode-server/bin/dc96b837cf6bb4af9cd736aa3af08cf8279f7685/out/vs/workbench/api/node/extensionHostProcess.js:82:660)
	at o.fire (/home/ndao/.vscode-server/bin/dc96b837cf6bb4af9cd736aa3af08cf8279f7685/out/vs/workbench/api/node/extensionHostProcess.js:82:877)
	at l.fire (/home/ndao/.vscode-server/bin/dc96b837cf6bb4af9cd736aa3af08cf8279f7685/out/vs/workbench/api/node/extensionHostProcess.js:107:14175)
	at r.z (/home/ndao/.vscode-server/bin/dc96b837cf6bb4af9cd736aa3af08cf8279f7685/out/vs/workbench/api/node/extensionHostProcess.js:107:17240)
	at a.value (/home/ndao/.vscode-server/bin/dc96b837cf6bb4af9cd736aa3af08cf8279f7685/out/vs/workbench/api/node/extensionHostProcess.js:107:15692)
	at o.y (/home/ndao/.vscode-server/bin/dc96b837cf6bb4af9cd736aa3af08cf8279f7685/out/vs/workbench/api/node/extensionHostProcess.js:82:660)
	at o.fire (/home/ndao/.vscode-server/bin/dc96b837cf6bb4af9cd736aa3af08cf8279f7685/out/vs/workbench/api/node/extensionHostProcess.js:82:877)
	at f.acceptChunk (/home/ndao/.vscode-server/bin/dc96b837cf6bb4af9cd736aa3af08cf8279f7685/out/vs/workbench/api/node/extensionHostProcess.js:107:11949)
	at a.value (/home/ndao/.vscode-server/bin/dc96b837cf6bb4af9cd736aa3af08cf8279f7685/out/vs/workbench/api/node/extensionHostProcess.js:107:11236)
	at o.y (/home/ndao/.vscode-server/bin/dc96b837cf6bb4af9cd736aa3af08cf8279f7685/out/vs/workbench/api/node/extensionHostProcess.js:82:660)
	at o.fire (/home/ndao/.vscode-server/bin/dc96b837cf6bb4af9cd736aa3af08cf8279f7685/out/vs/workbench/api/node/extensionHostProcess.js:82:877)
	at i.z (/home/ndao/.vscode-server/bin/dc96b837cf6bb4af9cd736aa3af08cf8279f7685/out/vs/workbench/api/node/extensionHostProcess.js:175:19732)
	at i.acceptFrame (/home/ndao/.vscode-server/bin/dc96b837cf6bb4af9cd736aa3af08cf8279f7685/out/vs/workbench/api/node/extensionHostProcess.js:175:19538)
	at n (/home/ndao/.vscode-server/bin/dc96b837cf6bb4af9cd736aa3af08cf8279f7685/out/vs/workbench/api/node/extensionHostProcess.js:175:18037)
	at /home/ndao/.vscode-server/bin/dc96b837cf6bb4af9cd736aa3af08cf8279f7685/out/vs/workbench/api/node/extensionHostProcess.js:175:15257
	at Socket.S (/home/ndao/.vscode-server/bin/dc96b837cf6bb4af9cd736aa3af08cf8279f7685/out/vs/workbench/api/node/extensionHostProcess.js:175:13162)
	at Socket.emit (node:events:517:28)
	at addChunk (node:internal/streams/readable:335:12)
	at readableAddChunk (node:internal/streams/readable:308:9)
	at Readable.push (node:internal/streams/readable:245:10)
	at TCP.onStreamRead (node:internal/stream_base_commons:190:23) setContext undefined
2024-05-26 18:50:50.821 [error] Canceled: Canceled
	at Object.P [as $6] (/home/ndao/.vscode-server/bin/dc96b837cf6bb4af9cd736aa3af08cf8279f7685/out/vs/workbench/api/node/extensionHostProcess.js:10:967)
	at /home/ndao/.vscode-server/bin/dc96b837cf6bb4af9cd736aa3af08cf8279f7685/out/vs/workbench/api/node/extensionHostProcess.js:152:2335
	at Array.forEach (<anonymous>)
	at c.dispose (/home/ndao/.vscode-server/bin/dc96b837cf6bb4af9cd736aa3af08cf8279f7685/out/vs/workbench/api/node/extensionHostProcess.js:152:2273)
	at f.terminate (/home/ndao/.vscode-server/bin/dc96b837cf6bb4af9cd736aa3af08cf8279f7685/out/vs/workbench/api/node/extensionHostProcess.js:161:8061)
	at a.terminate (/home/ndao/.vscode-server/bin/dc96b837cf6bb4af9cd736aa3af08cf8279f7685/out/vs/workbench/api/node/extensionHostProcess.js:165:1513)
	at t (/home/ndao/.vscode-server/bin/dc96b837cf6bb4af9cd736aa3af08cf8279f7685/out/vs/workbench/api/node/extensionHostProcess.js:178:9922)
	at a.value (/home/ndao/.vscode-server/bin/dc96b837cf6bb4af9cd736aa3af08cf8279f7685/out/vs/workbench/api/node/extensionHostProcess.js:178:7969)
	at o.y (/home/ndao/.vscode-server/bin/dc96b837cf6bb4af9cd736aa3af08cf8279f7685/out/vs/workbench/api/node/extensionHostProcess.js:82:660)
	at o.fire (/home/ndao/.vscode-server/bin/dc96b837cf6bb4af9cd736aa3af08cf8279f7685/out/vs/workbench/api/node/extensionHostProcess.js:82:877)
	at l.fire (/home/ndao/.vscode-server/bin/dc96b837cf6bb4af9cd736aa3af08cf8279f7685/out/vs/workbench/api/node/extensionHostProcess.js:107:14175)
	at r.z (/home/ndao/.vscode-server/bin/dc96b837cf6bb4af9cd736aa3af08cf8279f7685/out/vs/workbench/api/node/extensionHostProcess.js:107:17240)
	at a.value (/home/ndao/.vscode-server/bin/dc96b837cf6bb4af9cd736aa3af08cf8279f7685/out/vs/workbench/api/node/extensionHostProcess.js:107:15692)
	at o.y (/home/ndao/.vscode-server/bin/dc96b837cf6bb4af9cd736aa3af08cf8279f7685/out/vs/workbench/api/node/extensionHostProcess.js:82:660)
	at o.fire (/home/ndao/.vscode-server/bin/dc96b837cf6bb4af9cd736aa3af08cf8279f7685/out/vs/workbench/api/node/extensionHostProcess.js:82:877)
	at f.acceptChunk (/home/ndao/.vscode-server/bin/dc96b837cf6bb4af9cd736aa3af08cf8279f7685/out/vs/workbench/api/node/extensionHostProcess.js:107:11949)
	at a.value (/home/ndao/.vscode-server/bin/dc96b837cf6bb4af9cd736aa3af08cf8279f7685/out/vs/workbench/api/node/extensionHostProcess.js:107:11236)
	at o.y (/home/ndao/.vscode-server/bin/dc96b837cf6bb4af9cd736aa3af08cf8279f7685/out/vs/workbench/api/node/extensionHostProcess.js:82:660)
	at o.fire (/home/ndao/.vscode-server/bin/dc96b837cf6bb4af9cd736aa3af08cf8279f7685/out/vs/workbench/api/node/extensionHostProcess.js:82:877)
	at i.z (/home/ndao/.vscode-server/bin/dc96b837cf6bb4af9cd736aa3af08cf8279f7685/out/vs/workbench/api/node/extensionHostProcess.js:175:19732)
	at i.acceptFrame (/home/ndao/.vscode-server/bin/dc96b837cf6bb4af9cd736aa3af08cf8279f7685/out/vs/workbench/api/node/extensionHostProcess.js:175:19538)
	at n (/home/ndao/.vscode-server/bin/dc96b837cf6bb4af9cd736aa3af08cf8279f7685/out/vs/workbench/api/node/extensionHostProcess.js:175:18037)
	at /home/ndao/.vscode-server/bin/dc96b837cf6bb4af9cd736aa3af08cf8279f7685/out/vs/workbench/api/node/extensionHostProcess.js:175:15257
	at Socket.S (/home/ndao/.vscode-server/bin/dc96b837cf6bb4af9cd736aa3af08cf8279f7685/out/vs/workbench/api/node/extensionHostProcess.js:175:13162)
	at Socket.emit (node:events:517:28)
	at addChunk (node:internal/streams/readable:335:12)
	at readableAddChunk (node:internal/streams/readable:308:9)
	at Readable.push (node:internal/streams/readable:245:10)
	at TCP.onStreamRead (node:internal/stream_base_commons:190:23) setContext undefined
2024-05-26 18:50:50.839 [error] Canceled: Canceled
	at new O (/home/ndao/.vscode-server/bin/dc96b837cf6bb4af9cd736aa3af08cf8279f7685/out/vs/workbench/api/node/extensionHostProcess.js:145:47131)
	at c.U (/home/ndao/.vscode-server/bin/dc96b837cf6bb4af9cd736aa3af08cf8279f7685/out/vs/workbench/api/node/extensionHostProcess.js:152:5542)
	at F.<computed>.z.charCodeAt.F.<computed> (/home/ndao/.vscode-server/bin/dc96b837cf6bb4af9cd736aa3af08cf8279f7685/out/vs/workbench/api/node/extensionHostProcess.js:152:2993)
	at r.g (/home/ndao/.vscode-server/bin/dc96b837cf6bb4af9cd736aa3af08cf8279f7685/out/vs/workbench/api/node/extensionHostProcess.js:155:188928)
	at r.executeCommand (/home/ndao/.vscode-server/bin/dc96b837cf6bb4af9cd736aa3af08cf8279f7685/out/vs/workbench/api/node/extensionHostProcess.js:155:188366)
	at E.registerCommand.description (/home/ndao/.vscode-server/bin/dc96b837cf6bb4af9cd736aa3af08cf8279f7685/out/vs/workbench/api/node/extensionHostProcess.js:155:187690)
	at r.h (/home/ndao/.vscode-server/bin/dc96b837cf6bb4af9cd736aa3af08cf8279f7685/out/vs/workbench/api/node/extensionHostProcess.js:155:189467)
	at r.g (/home/ndao/.vscode-server/bin/dc96b837cf6bb4af9cd736aa3af08cf8279f7685/out/vs/workbench/api/node/extensionHostProcess.js:155:188459)
	at r.executeCommand (/home/ndao/.vscode-server/bin/dc96b837cf6bb4af9cd736aa3af08cf8279f7685/out/vs/workbench/api/node/extensionHostProcess.js:155:188366)
	at Object.executeCommand (/home/ndao/.vscode-server/bin/dc96b837cf6bb4af9cd736aa3af08cf8279f7685/out/vs/workbench/api/node/extensionHostProcess.js:165:22673)
	at a.O [as value] (/home/ndao/.vscode-server/bin/dc96b837cf6bb4af9cd736aa3af08cf8279f7685/extensions/git/dist/main.js:2:945138)
	at o.y (/home/ndao/.vscode-server/bin/dc96b837cf6bb4af9cd736aa3af08cf8279f7685/out/vs/workbench/api/node/extensionHostProcess.js:82:660)
	at o.z (/home/ndao/.vscode-server/bin/dc96b837cf6bb4af9cd736aa3af08cf8279f7685/out/vs/workbench/api/node/extensionHostProcess.js:82:730)
	at o.fire (/home/ndao/.vscode-server/bin/dc96b837cf6bb4af9cd736aa3af08cf8279f7685/out/vs/workbench/api/node/extensionHostProcess.js:82:946)
	at Object.p [as dispose] (/home/ndao/.vscode-server/bin/dc96b837cf6bb4af9cd736aa3af08cf8279f7685/extensions/git/dist/main.js:2:964222)
	at /home/ndao/.vscode-server/bin/dc96b837cf6bb4af9cd736aa3af08cf8279f7685/extensions/git/dist/main.js:2:970260
	at Array.forEach (<anonymous>)
	at f.dispose (/home/ndao/.vscode-server/bin/dc96b837cf6bb4af9cd736aa3af08cf8279f7685/extensions/git/dist/main.js:2:970246)
	at h.<anonymous> (/home/ndao/.vscode-server/bin/dc96b837cf6bb4af9cd736aa3af08cf8279f7685/out/vs/workbench/api/node/extensionHostProcess.js:153:3955)
	at h.dispose (/home/ndao/.vscode-server/bin/dc96b837cf6bb4af9cd736aa3af08cf8279f7685/out/vs/workbench/api/node/extensionHostProcess.js:153:4052)
	at h.<anonymous> (/home/ndao/.vscode-server/bin/dc96b837cf6bb4af9cd736aa3af08cf8279f7685/extensions/git/dist/main.js:2:947395)
	at h.dispose (/home/ndao/.vscode-server/bin/dc96b837cf6bb4af9cd736aa3af08cf8279f7685/out/vs/workbench/api/node/extensionHostProcess.js:153:4052)
	at a (/home/ndao/.vscode-server/bin/dc96b837cf6bb4af9cd736aa3af08cf8279f7685/out/vs/workbench/api/node/extensionHostProcess.js:30:744)
	at f.eb (/home/ndao/.vscode-server/bin/dc96b837cf6bb4af9cd736aa3af08cf8279f7685/out/vs/workbench/api/node/extensionHostProcess.js:161:9975)
	at /home/ndao/.vscode-server/bin/dc96b837cf6bb4af9cd736aa3af08cf8279f7685/out/vs/workbench/api/node/extensionHostProcess.js:161:7824
	at Array.map (<anonymous>)
	at f.$ (/home/ndao/.vscode-server/bin/dc96b837cf6bb4af9cd736aa3af08cf8279f7685/out/vs/workbench/api/node/extensionHostProcess.js:161:7811)
	at f.terminate (/home/ndao/.vscode-server/bin/dc96b837cf6bb4af9cd736aa3af08cf8279f7685/out/vs/workbench/api/node/extensionHostProcess.js:161:8085)
	at a.terminate (/home/ndao/.vscode-server/bin/dc96b837cf6bb4af9cd736aa3af08cf8279f7685/out/vs/workbench/api/node/extensionHostProcess.js:165:1513)
	at t (/home/ndao/.vscode-server/bin/dc96b837cf6bb4af9cd736aa3af08cf8279f7685/out/vs/workbench/api/node/extensionHostProcess.js:178:9922)
	at a.value (/home/ndao/.vscode-server/bin/dc96b837cf6bb4af9cd736aa3af08cf8279f7685/out/vs/workbench/api/node/extensionHostProcess.js:178:7969)
	at o.y (/home/ndao/.vscode-server/bin/dc96b837cf6bb4af9cd736aa3af08cf8279f7685/out/vs/workbench/api/node/extensionHostProcess.js:82:660)
	at o.fire (/home/ndao/.vscode-server/bin/dc96b837cf6bb4af9cd736aa3af08cf8279f7685/out/vs/workbench/api/node/extensionHostProcess.js:82:877)
	at l.fire (/home/ndao/.vscode-server/bin/dc96b837cf6bb4af9cd736aa3af08cf8279f7685/out/vs/workbench/api/node/extensionHostProcess.js:107:14175)
	at r.z (/home/ndao/.vscode-server/bin/dc96b837cf6bb4af9cd736aa3af08cf8279f7685/out/vs/workbench/api/node/extensionHostProcess.js:107:17240)
	at a.value (/home/ndao/.vscode-server/bin/dc96b837cf6bb4af9cd736aa3af08cf8279f7685/out/vs/workbench/api/node/extensionHostProcess.js:107:15692)
	at o.y (/home/ndao/.vscode-server/bin/dc96b837cf6bb4af9cd736aa3af08cf8279f7685/out/vs/workbench/api/node/extensionHostProcess.js:82:660)
	at o.fire (/home/ndao/.vscode-server/bin/dc96b837cf6bb4af9cd736aa3af08cf8279f7685/out/vs/workbench/api/node/extensionHostProcess.js:82:877)
	at f.acceptChunk (/home/ndao/.vscode-server/bin/dc96b837cf6bb4af9cd736aa3af08cf8279f7685/out/vs/workbench/api/node/extensionHostProcess.js:107:11949)
	at a.value (/home/ndao/.vscode-server/bin/dc96b837cf6bb4af9cd736aa3af08cf8279f7685/out/vs/workbench/api/node/extensionHostProcess.js:107:11236)
	at o.y (/home/ndao/.vscode-server/bin/dc96b837cf6bb4af9cd736aa3af08cf8279f7685/out/vs/workbench/api/node/extensionHostProcess.js:82:660)
	at o.fire (/home/ndao/.vscode-server/bin/dc96b837cf6bb4af9cd736aa3af08cf8279f7685/out/vs/workbench/api/node/extensionHostProcess.js:82:877)
	at i.z (/home/ndao/.vscode-server/bin/dc96b837cf6bb4af9cd736aa3af08cf8279f7685/out/vs/workbench/api/node/extensionHostProcess.js:175:19732)
	at i.acceptFrame (/home/ndao/.vscode-server/bin/dc96b837cf6bb4af9cd736aa3af08cf8279f7685/out/vs/workbench/api/node/extensionHostProcess.js:175:19538)
	at n (/home/ndao/.vscode-server/bin/dc96b837cf6bb4af9cd736aa3af08cf8279f7685/out/vs/workbench/api/node/extensionHostProcess.js:175:18037)
	at /home/ndao/.vscode-server/bin/dc96b837cf6bb4af9cd736aa3af08cf8279f7685/out/vs/workbench/api/node/extensionHostProcess.js:175:15257
	at Socket.S (/home/ndao/.vscode-server/bin/dc96b837cf6bb4af9cd736aa3af08cf8279f7685/out/vs/workbench/api/node/extensionHostProcess.js:175:13162)
	at Socket.emit (node:events:517:28)
	at addChunk (node:internal/streams/readable:335:12)
	at readableAddChunk (node:internal/streams/readable:308:9)
	at Readable.push (node:internal/streams/readable:245:10)
	at TCP.onStreamRead (node:internal/stream_base_commons:190:23) setContext undefined
2024-05-26 18:50:50.842 [error] Canceled: Canceled
	at new O (/home/ndao/.vscode-server/bin/dc96b837cf6bb4af9cd736aa3af08cf8279f7685/out/vs/workbench/api/node/extensionHostProcess.js:145:47131)
	at c.U (/home/ndao/.vscode-server/bin/dc96b837cf6bb4af9cd736aa3af08cf8279f7685/out/vs/workbench/api/node/extensionHostProcess.js:152:5542)
	at F.<computed>.z.charCodeAt.F.<computed> (/home/ndao/.vscode-server/bin/dc96b837cf6bb4af9cd736aa3af08cf8279f7685/out/vs/workbench/api/node/extensionHostProcess.js:152:2993)
	at r.g (/home/ndao/.vscode-server/bin/dc96b837cf6bb4af9cd736aa3af08cf8279f7685/out/vs/workbench/api/node/extensionHostProcess.js:155:188928)
	at r.executeCommand (/home/ndao/.vscode-server/bin/dc96b837cf6bb4af9cd736aa3af08cf8279f7685/out/vs/workbench/api/node/extensionHostProcess.js:155:188366)
	at E.registerCommand.description (/home/ndao/.vscode-server/bin/dc96b837cf6bb4af9cd736aa3af08cf8279f7685/out/vs/workbench/api/node/extensionHostProcess.js:155:187690)
	at r.h (/home/ndao/.vscode-server/bin/dc96b837cf6bb4af9cd736aa3af08cf8279f7685/out/vs/workbench/api/node/extensionHostProcess.js:155:189467)
	at r.g (/home/ndao/.vscode-server/bin/dc96b837cf6bb4af9cd736aa3af08cf8279f7685/out/vs/workbench/api/node/extensionHostProcess.js:155:188459)
	at r.executeCommand (/home/ndao/.vscode-server/bin/dc96b837cf6bb4af9cd736aa3af08cf8279f7685/out/vs/workbench/api/node/extensionHostProcess.js:155:188366)
	at Object.executeCommand (/home/ndao/.vscode-server/bin/dc96b837cf6bb4af9cd736aa3af08cf8279f7685/out/vs/workbench/api/node/extensionHostProcess.js:165:22673)
	at set hasGitHubRepositories [as hasGitHubRepositories] (/home/ndao/.vscode-server/bin/dc96b837cf6bb4af9cd736aa3af08cf8279f7685/extensions/github/dist/extension.js:2:322969)
	at /home/ndao/.vscode-server/bin/dc96b837cf6bb4af9cd736aa3af08cf8279f7685/extensions/github/dist/extension.js:2:323928
	at a.value (/home/ndao/.vscode-server/bin/dc96b837cf6bb4af9cd736aa3af08cf8279f7685/extensions/git/dist/main.js:2:1050711)
	at o.y (/home/ndao/.vscode-server/bin/dc96b837cf6bb4af9cd736aa3af08cf8279f7685/out/vs/workbench/api/node/extensionHostProcess.js:82:660)
	at o.z (/home/ndao/.vscode-server/bin/dc96b837cf6bb4af9cd736aa3af08cf8279f7685/out/vs/workbench/api/node/extensionHostProcess.js:82:730)
	at o.fire (/home/ndao/.vscode-server/bin/dc96b837cf6bb4af9cd736aa3af08cf8279f7685/out/vs/workbench/api/node/extensionHostProcess.js:82:946)
	at Object.p [as dispose] (/home/ndao/.vscode-server/bin/dc96b837cf6bb4af9cd736aa3af08cf8279f7685/extensions/git/dist/main.js:2:964222)
	at /home/ndao/.vscode-server/bin/dc96b837cf6bb4af9cd736aa3af08cf8279f7685/extensions/git/dist/main.js:2:970260
	at Array.forEach (<anonymous>)
	at f.dispose (/home/ndao/.vscode-server/bin/dc96b837cf6bb4af9cd736aa3af08cf8279f7685/extensions/git/dist/main.js:2:970246)
	at h.<anonymous> (/home/ndao/.vscode-server/bin/dc96b837cf6bb4af9cd736aa3af08cf8279f7685/out/vs/workbench/api/node/extensionHostProcess.js:153:3955)
	at h.dispose (/home/ndao/.vscode-server/bin/dc96b837cf6bb4af9cd736aa3af08cf8279f7685/out/vs/workbench/api/node/extensionHostProcess.js:153:4052)
	at h.<anonymous> (/home/ndao/.vscode-server/bin/dc96b837cf6bb4af9cd736aa3af08cf8279f7685/extensions/git/dist/main.js:2:947395)
	at h.dispose (/home/ndao/.vscode-server/bin/dc96b837cf6bb4af9cd736aa3af08cf8279f7685/out/vs/workbench/api/node/extensionHostProcess.js:153:4052)
	at a (/home/ndao/.vscode-server/bin/dc96b837cf6bb4af9cd736aa3af08cf8279f7685/out/vs/workbench/api/node/extensionHostProcess.js:30:744)
	at f.eb (/home/ndao/.vscode-server/bin/dc96b837cf6bb4af9cd736aa3af08cf8279f7685/out/vs/workbench/api/node/extensionHostProcess.js:161:9975)
	at /home/ndao/.vscode-server/bin/dc96b837cf6bb4af9cd736aa3af08cf8279f7685/out/vs/workbench/api/node/extensionHostProcess.js:161:7824
	at Array.map (<anonymous>)
	at f.$ (/home/ndao/.vscode-server/bin/dc96b837cf6bb4af9cd736aa3af08cf8279f7685/out/vs/workbench/api/node/extensionHostProcess.js:161:7811)
	at f.terminate (/home/ndao/.vscode-server/bin/dc96b837cf6bb4af9cd736aa3af08cf8279f7685/out/vs/workbench/api/node/extensionHostProcess.js:161:8085)
	at a.terminate (/home/ndao/.vscode-server/bin/dc96b837cf6bb4af9cd736aa3af08cf8279f7685/out/vs/workbench/api/node/extensionHostProcess.js:165:1513)
	at t (/home/ndao/.vscode-server/bin/dc96b837cf6bb4af9cd736aa3af08cf8279f7685/out/vs/workbench/api/node/extensionHostProcess.js:178:9922)
	at a.value (/home/ndao/.vscode-server/bin/dc96b837cf6bb4af9cd736aa3af08cf8279f7685/out/vs/workbench/api/node/extensionHostProcess.js:178:7969)
	at o.y (/home/ndao/.vscode-server/bin/dc96b837cf6bb4af9cd736aa3af08cf8279f7685/out/vs/workbench/api/node/extensionHostProcess.js:82:660)
	at o.fire (/home/ndao/.vscode-server/bin/dc96b837cf6bb4af9cd736aa3af08cf8279f7685/out/vs/workbench/api/node/extensionHostProcess.js:82:877)
	at l.fire (/home/ndao/.vscode-server/bin/dc96b837cf6bb4af9cd736aa3af08cf8279f7685/out/vs/workbench/api/node/extensionHostProcess.js:107:14175)
	at r.z (/home/ndao/.vscode-server/bin/dc96b837cf6bb4af9cd736aa3af08cf8279f7685/out/vs/workbench/api/node/extensionHostProcess.js:107:17240)
	at a.value (/home/ndao/.vscode-server/bin/dc96b837cf6bb4af9cd736aa3af08cf8279f7685/out/vs/workbench/api/node/extensionHostProcess.js:107:15692)
	at o.y (/home/ndao/.vscode-server/bin/dc96b837cf6bb4af9cd736aa3af08cf8279f7685/out/vs/workbench/api/node/extensionHostProcess.js:82:660)
	at o.fire (/home/ndao/.vscode-server/bin/dc96b837cf6bb4af9cd736aa3af08cf8279f7685/out/vs/workbench/api/node/extensionHostProcess.js:82:877)
	at f.acceptChunk (/home/ndao/.vscode-server/bin/dc96b837cf6bb4af9cd736aa3af08cf8279f7685/out/vs/workbench/api/node/extensionHostProcess.js:107:11949)
	at a.value (/home/ndao/.vscode-server/bin/dc96b837cf6bb4af9cd736aa3af08cf8279f7685/out/vs/workbench/api/node/extensionHostProcess.js:107:11236)
	at o.y (/home/ndao/.vscode-server/bin/dc96b837cf6bb4af9cd736aa3af08cf8279f7685/out/vs/workbench/api/node/extensionHostProcess.js:82:660)
	at o.fire (/home/ndao/.vscode-server/bin/dc96b837cf6bb4af9cd736aa3af08cf8279f7685/out/vs/workbench/api/node/extensionHostProcess.js:82:877)
	at i.z (/home/ndao/.vscode-server/bin/dc96b837cf6bb4af9cd736aa3af08cf8279f7685/out/vs/workbench/api/node/extensionHostProcess.js:175:19732)
	at i.acceptFrame (/home/ndao/.vscode-server/bin/dc96b837cf6bb4af9cd736aa3af08cf8279f7685/out/vs/workbench/api/node/extensionHostProcess.js:175:19538)
	at n (/home/ndao/.vscode-server/bin/dc96b837cf6bb4af9cd736aa3af08cf8279f7685/out/vs/workbench/api/node/extensionHostProcess.js:175:18037)
	at /home/ndao/.vscode-server/bin/dc96b837cf6bb4af9cd736aa3af08cf8279f7685/out/vs/workbench/api/node/extensionHostProcess.js:175:15257
	at Socket.S (/home/ndao/.vscode-server/bin/dc96b837cf6bb4af9cd736aa3af08cf8279f7685/out/vs/workbench/api/node/extensionHostProcess.js:175:13162)
	at Socket.emit (node:events:517:28)
	at addChunk (node:internal/streams/readable:335:12)
	at readableAddChunk (node:internal/streams/readable:308:9)
	at Readable.push (node:internal/streams/readable:245:10)
	at TCP.onStreamRead (node:internal/stream_base_commons:190:23) setContext undefined
2024-05-26 18:50:50.892 [error] Canceled: Canceled
	at new O (/home/ndao/.vscode-server/bin/dc96b837cf6bb4af9cd736aa3af08cf8279f7685/out/vs/workbench/api/node/extensionHostProcess.js:145:47131)
	at c.U (/home/ndao/.vscode-server/bin/dc96b837cf6bb4af9cd736aa3af08cf8279f7685/out/vs/workbench/api/node/extensionHostProcess.js:152:5542)
	at F.<computed>.z.charCodeAt.F.<computed> (/home/ndao/.vscode-server/bin/dc96b837cf6bb4af9cd736aa3af08cf8279f7685/out/vs/workbench/api/node/extensionHostProcess.js:152:2993)
	at r.g (/home/ndao/.vscode-server/bin/dc96b837cf6bb4af9cd736aa3af08cf8279f7685/out/vs/workbench/api/node/extensionHostProcess.js:155:188928)
	at r.executeCommand (/home/ndao/.vscode-server/bin/dc96b837cf6bb4af9cd736aa3af08cf8279f7685/out/vs/workbench/api/node/extensionHostProcess.js:155:188366)
	at E.registerCommand.description (/home/ndao/.vscode-server/bin/dc96b837cf6bb4af9cd736aa3af08cf8279f7685/out/vs/workbench/api/node/extensionHostProcess.js:155:187690)
	at r.h (/home/ndao/.vscode-server/bin/dc96b837cf6bb4af9cd736aa3af08cf8279f7685/out/vs/workbench/api/node/extensionHostProcess.js:155:189467)
	at r.g (/home/ndao/.vscode-server/bin/dc96b837cf6bb4af9cd736aa3af08cf8279f7685/out/vs/workbench/api/node/extensionHostProcess.js:155:188459)
	at r.executeCommand (/home/ndao/.vscode-server/bin/dc96b837cf6bb4af9cd736aa3af08cf8279f7685/out/vs/workbench/api/node/extensionHostProcess.js:155:188366)
	at Object.executeCommand (/home/ndao/.vscode-server/bin/dc96b837cf6bb4af9cd736aa3af08cf8279f7685/out/vs/workbench/api/node/extensionHostProcess.js:165:22673)
	at s.executeCommand (/home/ndao/.vscode-server/extensions/ms-python.python-2024.6.0/out/client/extension.js:2:97685)
	at a.setContext (/home/ndao/.vscode-server/extensions/ms-python.python-2024.6.0/out/client/extension.js:2:104850)
	at T.updateTestUIButtons (/home/ndao/.vscode-server/extensions/ms-python.python-2024.6.0/out/client/extension.js:2:781064)
	at T.activate (/home/ndao/.vscode-server/extensions/ms-python.python-2024.6.0/out/client/extension.js:2:779973)
	at /home/ndao/.vscode-server/extensions/ms-python.python-2024.6.0/out/client/extension.js:2:2460
	at Array.map (<anonymous>)
	at g.activateWorkspace (/home/ndao/.vscode-server/extensions/ms-python.python-2024.6.0/out/client/extension.js:2:2450)
	at process.processTicksAndRejections (node:internal/process/task_queues:95:5) setContext undefined
2024-05-26 18:50:50.897 [info] Extension host with pid 3383 exiting with code 0
