2024-07-15 08:35:40.234 [info] Log level: Info
2024-07-15 08:35:40.234 [info] Validating found git in: "git"
2024-07-15 08:35:40.234 [info] Using git "2.25.1" from "git"
2024-07-15 08:35:40.234 [info] > git rev-parse --show-toplevel [115ms]
2024-07-15 08:35:40.234 [info] > git rev-parse --git-dir --git-common-dir [26ms]
2024-07-15 08:35:40.234 [info] Open repository: /home/ndao
2024-07-15 08:35:40.234 [info] > git rev-parse --show-toplevel [12ms]
2024-07-15 08:35:40.234 [info] > git config --get commit.template [17ms]
2024-07-15 08:35:40.392 [info] > git for-each-ref --format=%(refname)%00%(upstream:short)%00%(objectname)%00%(upstream:track)%00%(upstream:remotename)%00%(upstream:remoteref) refs/heads/main refs/remotes/main [82ms]
2024-07-15 08:35:41.370 [info] > git check-ignore -v -z --stdin [176ms]
2024-07-15 08:35:41.383 [info] > git rev-parse --show-toplevel [163ms]
2024-07-15 08:35:41.493 [info] > git rev-parse --show-toplevel [102ms]
2024-07-15 08:35:41.661 [info] > git rev-parse --show-toplevel [157ms]
2024-07-15 08:35:41.768 [info] > git rev-parse --show-toplevel [93ms]
2024-07-15 08:35:41.783 [info] > git rev-parse --show-toplevel [9ms]
2024-07-15 08:35:41.805 [info] > git rev-parse --show-toplevel [6ms]
2024-07-15 08:35:41.890 [info] > git status -z -uall [526ms] (cancelled)
2024-07-15 08:35:41.891 [info] > git rev-parse --show-toplevel [80ms]
2024-07-15 08:35:41.904 [info] > git rev-parse --show-toplevel [3ms]
2024-07-15 08:35:41.911 [info] > git rev-parse --show-toplevel [2ms]
2024-07-15 08:35:41.917 [info] > git rev-parse --show-toplevel [2ms]
2024-07-15 08:35:41.923 [info] > git rev-parse --git-dir --git-common-dir [2ms]
2024-07-15 08:35:41.928 [info] Open repository: /home/ndao/DB_Provisionning
2024-07-15 08:35:41.941 [info] > git config --get commit.template [6ms]
2024-07-15 08:35:41.941 [info] > git rev-parse --show-toplevel [2ms]
2024-07-15 08:35:41.971 [info] > git show --textconv :mysql_setup/sql_backup.yml [23ms]
2024-07-15 08:35:41.971 [info] > git for-each-ref --format=%(refname)%00%(upstream:short)%00%(objectname)%00%(upstream:track)%00%(upstream:remotename)%00%(upstream:remoteref) refs/heads/dev refs/remotes/dev [10ms]
2024-07-15 08:35:41.972 [info] > git ls-files --stage -- /home/ndao/mysql_setup/sql_backup.yml [17ms]
2024-07-15 08:35:41.985 [info] > git cat-file -s e9598f1d1e38cef992cea26c5c8c6438a8cfffad [9ms]
2024-07-15 08:35:41.997 [info] > git status -z -uall [5ms]
2024-07-15 08:35:42.022 [info] > git for-each-ref --format=%(refname)%00%(upstream:short)%00%(objectname)%00%(upstream:track)%00%(upstream:remotename)%00%(upstream:remoteref) refs/heads/dev refs/remotes/dev [17ms]
2024-07-15 08:35:42.035 [info] > git config --local branch.dev.vscode-merge-base [8ms]
2024-07-15 08:35:42.041 [info] > git config --get commit.template [20ms]
2024-07-15 08:35:42.050 [info] > git for-each-ref --format=%(refname)%00%(upstream:short)%00%(objectname)%00%(upstream:track)%00%(upstream:remotename)%00%(upstream:remoteref) refs/heads/origin/master refs/remotes/origin/master [10ms]
2024-07-15 08:35:42.057 [info] > git for-each-ref --format=%(refname)%00%(upstream:short)%00%(objectname)%00%(upstream:track)%00%(upstream:remotename)%00%(upstream:remoteref) refs/heads/dev refs/remotes/dev [8ms]
2024-07-15 08:35:42.058 [info] > git merge-base refs/heads/dev refs/remotes/origin/dev [3ms]
2024-07-15 08:35:42.067 [info] > git rev-list --count --left-right refs/heads/dev...refs/remotes/origin/dev [5ms]
2024-07-15 08:35:42.077 [info] > git diff --name-status -z --diff-filter=ADMR 66e0e6740507b5adbb4a446c0853d8838bf940d3...refs/remotes/origin/dev [6ms]
2024-07-15 08:35:42.079 [info] > git status -z -uall [3ms]
2024-07-15 08:35:42.087 [info] > git for-each-ref --format=%(refname)%00%(upstream:short)%00%(objectname)%00%(upstream:track)%00%(upstream:remotename)%00%(upstream:remoteref) refs/heads/dev refs/remotes/dev [3ms]
2024-07-15 08:35:42.096 [info] > git config --local branch.dev.vscode-merge-base [2ms]
2024-07-15 08:35:42.107 [info] > git for-each-ref --format=%(refname)%00%(upstream:short)%00%(objectname)%00%(upstream:track)%00%(upstream:remotename)%00%(upstream:remoteref) refs/heads/origin/master refs/remotes/origin/master [6ms]
2024-07-15 08:35:42.529 [info] > git check-ignore -v -z --stdin [5ms]
2024-07-15 08:35:42.539 [info] > git check-ignore -v -z --stdin [61ms]
2024-07-15 08:35:49.430 [info] > git check-ignore -v -z --stdin [16ms]
2024-07-15 08:35:52.055 [info] > git check-ignore -v -z --stdin [4ms]
2024-07-15 08:35:53.942 [info] > git check-ignore -v -z --stdin [4ms]
2024-07-15 08:35:56.379 [info] > git check-ignore -v -z --stdin [26ms]
2024-07-15 08:36:07.813 [info] > git check-ignore -v -z --stdin [22ms]
2024-07-15 08:36:15.014 [info] > git show --textconv :.bash_history [25ms]
2024-07-15 08:36:15.025 [info] > git ls-files --stage -- /home/ndao/.bash_history [22ms]
2024-07-15 08:36:15.040 [info] > git cat-file -s 31f94e6f4d0f1e848b5190c144e6783f534a7a6d [4ms]
2024-07-15 08:36:44.353 [info] > git show --textconv :Numbers.yml [13ms]
2024-07-15 08:36:44.371 [info] > git ls-files --stage -- /home/ndao/Numbers.yml [20ms]
2024-07-15 08:36:44.610 [info] > git check-ignore -v -z --stdin [15ms]
2024-07-15 08:37:46.351 [info] > git show --textconv :mysql_setup/vars/credentials.yaml [6ms]
2024-07-15 08:37:46.356 [info] > git ls-files --stage -- /home/ndao/mysql_setup/vars/credentials.yaml [7ms]
2024-07-15 08:37:46.361 [info] > git cat-file -s 6c091cd9e9dda38e2bda2bfd899c0bd66ec00337 [1ms]
2024-07-15 08:37:47.668 [info] > git show --textconv :.bash_history [17ms]
2024-07-15 08:37:47.673 [info] > git ls-files --stage -- /home/ndao/.bash_history [13ms]
2024-07-15 08:37:47.682 [info] > git cat-file -s 31f94e6f4d0f1e848b5190c144e6783f534a7a6d [3ms]
2024-07-15 08:37:48.772 [info] > git show --textconv :mysql_setup/vars/credentials.yaml [10ms]
2024-07-15 08:37:48.782 [info] > git ls-files --stage -- /home/ndao/mysql_setup/vars/credentials.yaml [10ms]
2024-07-15 08:37:48.791 [info] > git cat-file -s 6c091cd9e9dda38e2bda2bfd899c0bd66ec00337 [3ms]
2024-07-15 08:37:49.733 [info] > git show --textconv :Github.yml [27ms]
2024-07-15 08:37:49.754 [info] > git ls-files --stage -- /home/ndao/Github.yml [33ms]
2024-07-15 08:37:49.769 [info] > git cat-file -s 56f1162f3f877434a737cd33e23f6ab8dfdbf9ee [4ms]
2024-07-15 08:37:52.847 [info] > git show --textconv :Numbers.yml [6ms]
2024-07-15 08:37:52.853 [info] > git ls-files --stage -- /home/ndao/Numbers.yml [7ms]
2024-07-15 09:09:24.794 [info] > git config --get commit.template [20ms]
2024-07-15 09:09:24.798 [info] > git for-each-ref --format=%(refname)%00%(upstream:short)%00%(objectname)%00%(upstream:track)%00%(upstream:remotename)%00%(upstream:remoteref) refs/heads/dev refs/remotes/dev [9ms]
2024-07-15 09:09:24.821 [info] > git status -z -uall [7ms]
2024-07-15 09:09:24.855 [info] > git for-each-ref --format=%(refname)%00%(upstream:short)%00%(objectname)%00%(upstream:track)%00%(upstream:remotename)%00%(upstream:remoteref) refs/heads/dev refs/remotes/dev [17ms]
2024-07-15 09:09:24.870 [info] > git config --local branch.dev.vscode-merge-base [3ms]
2024-07-15 09:09:24.881 [info] > git for-each-ref --format=%(refname)%00%(upstream:short)%00%(objectname)%00%(upstream:track)%00%(upstream:remotename)%00%(upstream:remoteref) refs/heads/origin/master refs/remotes/origin/master [4ms]
2024-07-15 09:09:24.889 [info] > git merge-base refs/heads/dev refs/remotes/origin/dev [2ms]
2024-07-15 09:09:24.897 [info] > git rev-list --count --left-right refs/heads/dev...refs/remotes/origin/dev [3ms]
2024-07-15 09:09:24.906 [info] > git diff --name-status -z --diff-filter=ADMR 15582a6a4916b4b40a3a665788eb8c9840c44faa...refs/remotes/origin/dev [2ms]
2024-07-15 09:09:29.868 [info] > git config --get commit.template [7ms]
2024-07-15 09:09:29.869 [info] > git for-each-ref --format=%(refname)%00%(upstream:short)%00%(objectname)%00%(upstream:track)%00%(upstream:remotename)%00%(upstream:remoteref) refs/heads/dev refs/remotes/dev [2ms]
2024-07-15 09:09:29.879 [info] > git status -z -uall [3ms]
2024-07-15 09:09:29.889 [info] > git for-each-ref --format=%(refname)%00%(upstream:short)%00%(objectname)%00%(upstream:track)%00%(upstream:remotename)%00%(upstream:remoteref) refs/heads/dev refs/remotes/dev [2ms]
2024-07-15 09:09:29.898 [info] > git config --local branch.dev.vscode-merge-base [2ms]
2024-07-15 09:09:29.906 [info] > git for-each-ref --format=%(refname)%00%(upstream:short)%00%(objectname)%00%(upstream:track)%00%(upstream:remotename)%00%(upstream:remoteref) refs/heads/origin/master refs/remotes/origin/master [1ms]
2024-07-15 10:22:24.409 [info] > git for-each-ref --format=%(refname)%00%(upstream:short)%00%(objectname)%00%(upstream:track)%00%(upstream:remotename)%00%(upstream:remoteref) refs/heads/dev refs/remotes/dev [4ms]
2024-07-15 10:22:24.411 [info] > git config --get commit.template [13ms]
2024-07-15 10:22:24.421 [info] > git status -z -uall [3ms]
2024-07-15 10:22:24.434 [info] > git for-each-ref --format=%(refname)%00%(upstream:short)%00%(objectname)%00%(upstream:track)%00%(upstream:remotename)%00%(upstream:remoteref) refs/heads/dev refs/remotes/dev [5ms]
2024-07-15 10:22:24.445 [info] > git config --local branch.dev.vscode-merge-base [3ms]
2024-07-15 10:22:24.455 [info] > git for-each-ref --format=%(refname)%00%(upstream:short)%00%(objectname)%00%(upstream:track)%00%(upstream:remotename)%00%(upstream:remoteref) refs/heads/origin/master refs/remotes/origin/master [2ms]
2024-07-15 10:22:24.464 [info] > git merge-base refs/heads/dev refs/remotes/origin/dev [1ms]
2024-07-15 10:22:24.474 [info] > git rev-list --count --left-right refs/heads/dev...refs/remotes/origin/dev [4ms]
2024-07-15 10:22:24.482 [info] > git diff --name-status -z --diff-filter=ADMR dc5bfd52fd7f5435b60a62dffee172dcba33a9f0...refs/remotes/origin/dev [2ms]
2024-07-15 10:22:29.490 [info] > git config --get commit.template [33ms]
2024-07-15 10:22:29.501 [info] > git for-each-ref --format=%(refname)%00%(upstream:short)%00%(objectname)%00%(upstream:track)%00%(upstream:remotename)%00%(upstream:remoteref) refs/heads/dev refs/remotes/dev [16ms]
2024-07-15 10:22:29.553 [info] > git status -z -uall [12ms]
2024-07-15 10:22:29.572 [info] > git for-each-ref --format=%(refname)%00%(upstream:short)%00%(objectname)%00%(upstream:track)%00%(upstream:remotename)%00%(upstream:remoteref) refs/heads/dev refs/remotes/dev [9ms]
2024-07-15 10:22:29.586 [info] > git config --local branch.dev.vscode-merge-base [4ms]
2024-07-15 10:22:29.602 [info] > git for-each-ref --format=%(refname)%00%(upstream:short)%00%(objectname)%00%(upstream:track)%00%(upstream:remotename)%00%(upstream:remoteref) refs/heads/origin/master refs/remotes/origin/master [3ms]
2024-07-15 10:22:59.338 [info] > git show --textconv :email.yaml [21ms]
2024-07-15 10:22:59.352 [info] > git ls-files --stage -- /home/ndao/email.yaml [21ms]
2024-07-15 10:22:59.365 [info] > git cat-file -s 14ff79114b4587cd0cf1c205ed4057a01d68e029 [3ms]
2024-07-15 10:23:01.330 [info] > git show --textconv :Numbers.yml [12ms]
2024-07-15 10:23:01.339 [info] > git ls-files --stage -- /home/ndao/Numbers.yml [12ms]
2024-07-15 10:23:25.080 [info] > git for-each-ref --format=%(refname)%00%(upstream:short)%00%(objectname)%00%(upstream:track)%00%(upstream:remotename)%00%(upstream:remoteref) refs/heads/main refs/remotes/main [3561ms]
2024-07-15 10:23:25.156 [info] > git config --local branch.main.vscode-merge-base [57ms]
2024-07-15 10:23:25.157 [warning] git config failed: Failed to execute git
2024-07-15 10:23:25.173 [info] > git config --get commit.template [93ms]
2024-07-15 10:23:25.193 [info] > git for-each-ref --format=%(refname)%00%(upstream:short)%00%(objectname)%00%(upstream:track)%00%(upstream:remotename)%00%(upstream:remoteref) refs/heads/main refs/remotes/main [4ms]
2024-07-15 10:23:25.367 [info] > git reflog main --grep-reflog=branch: Created from *. [195ms]
2024-07-15 10:23:25.377 [info] > git symbolic-ref --short refs/remotes/origin/HEAD [2ms]
2024-07-15 10:23:25.377 [info] fatal: ref refs/remotes/origin/HEAD is not a symbolic ref
2024-07-15 10:23:25.388 [info] > git merge-base refs/heads/main refs/remotes/origin/main [2ms]
2024-07-15 10:23:25.400 [info] > git rev-list --count --left-right refs/heads/main...refs/remotes/origin/main [2ms]
2024-07-15 10:23:25.411 [info] > git diff --name-status -z --diff-filter=ADMR 7728ca7e3142f16f81068078bc3a5aa4fd881c70...refs/remotes/origin/main [2ms]
2024-07-15 10:23:28.532 [info] > git status -z -uall [3320ms] (cancelled)
2024-07-15 10:23:28.533 [info] > git for-each-ref --format=%(refname)%00%(upstream:short)%00%(objectname)%00%(upstream:track)%00%(upstream:remotename)%00%(upstream:remoteref) refs/heads/main refs/remotes/main [2963ms]
2024-07-15 10:23:28.567 [info] > git config --local branch.main.vscode-merge-base [26ms]
2024-07-15 10:23:28.567 [warning] git config failed: Failed to execute git
2024-07-15 10:23:28.583 [info] > git reflog main --grep-reflog=branch: Created from *. [6ms]
2024-07-15 10:23:28.596 [info] > git symbolic-ref --short refs/remotes/origin/HEAD [2ms]
2024-07-15 10:23:28.596 [info] fatal: ref refs/remotes/origin/HEAD is not a symbolic ref
2024-07-15 10:23:29.345 [info] > git show --textconv :.bash_history [20ms]
2024-07-15 10:23:29.369 [info] > git ls-files --stage -- /home/ndao/.bash_history [28ms]
2024-07-15 10:23:29.391 [info] > git cat-file -s 31f94e6f4d0f1e848b5190c144e6783f534a7a6d [4ms]
2024-07-15 10:24:01.208 [info] > git show --textconv :Numbers.yml [28ms]
2024-07-15 10:24:01.226 [info] > git ls-files --stage -- /home/ndao/Numbers.yml [22ms]
2024-07-15 10:26:37.268 [info] > git ls-files --stage -- /home/ndao/Numbers.yml [9ms]
2024-07-15 10:26:37.276 [info] > git cat-file -s 1e2faef2602f798ebe1f62eab53aab8f86fac69c [2ms]
2024-07-15 10:26:37.326 [info] > git show --textconv :Numbers.yml [6ms]
2024-07-15 10:26:43.504 [info] > git ls-files --stage -- /home/ndao/Numbers.yml [19ms]
2024-07-15 10:26:43.523 [info] > git cat-file -s 1e2faef2602f798ebe1f62eab53aab8f86fac69c [4ms]
2024-07-15 10:26:43.598 [info] > git show --textconv :Numbers.yml [24ms]
2024-07-15 14:37:34.589 [info] > git config --get commit.template [7ms]
2024-07-15 14:37:34.602 [info] > git for-each-ref --format=%(refname)%00%(upstream:short)%00%(objectname)%00%(upstream:track)%00%(upstream:remotename)%00%(upstream:remoteref) refs/heads/dev refs/remotes/dev [4ms]
2024-07-15 14:37:34.614 [info] > git status -z -uall [1ms]
2024-07-15 14:37:34.633 [info] > git for-each-ref --format=%(refname)%00%(upstream:short)%00%(objectname)%00%(upstream:track)%00%(upstream:remotename)%00%(upstream:remoteref) refs/heads/dev refs/remotes/dev [10ms]
2024-07-15 14:37:34.644 [info] > git config --local branch.dev.vscode-merge-base [2ms]
2024-07-15 14:37:34.655 [info] > git for-each-ref --format=%(refname)%00%(upstream:short)%00%(objectname)%00%(upstream:track)%00%(upstream:remotename)%00%(upstream:remoteref) refs/heads/origin/master refs/remotes/origin/master [4ms]
2024-07-15 14:37:34.663 [info] > git merge-base refs/heads/dev refs/remotes/origin/dev [2ms]
2024-07-15 14:37:34.671 [info] > git rev-list --count --left-right refs/heads/dev...refs/remotes/origin/dev [2ms]
2024-07-15 14:37:34.679 [info] > git diff --name-status -z --diff-filter=ADMR 615ed7e77b1540c795e8a16c446daf00a4fc7859...refs/remotes/origin/dev [2ms]
2024-07-15 14:37:51.851 [info] > git config --get commit.template [16ms]
2024-07-15 14:37:51.852 [info] > git for-each-ref --format=%(refname)%00%(upstream:short)%00%(objectname)%00%(upstream:track)%00%(upstream:remotename)%00%(upstream:remoteref) refs/heads/dev refs/remotes/dev [3ms]
2024-07-15 14:37:51.862 [info] > git status -z -uall [2ms]
2024-07-15 14:37:51.872 [info] > git for-each-ref --format=%(refname)%00%(upstream:short)%00%(objectname)%00%(upstream:track)%00%(upstream:remotename)%00%(upstream:remoteref) refs/heads/dev refs/remotes/dev [4ms]
2024-07-15 14:37:51.878 [info] > git config --local branch.dev.vscode-merge-base [1ms]
2024-07-15 14:37:51.886 [info] > git for-each-ref --format=%(refname)%00%(upstream:short)%00%(objectname)%00%(upstream:track)%00%(upstream:remotename)%00%(upstream:remoteref) refs/heads/origin/master refs/remotes/origin/master [2ms]
2024-07-15 15:53:41.860 [info] > git config --get commit.template [36ms]
2024-07-15 15:53:41.880 [info] > git for-each-ref --format=%(refname)%00%(upstream:short)%00%(objectname)%00%(upstream:track)%00%(upstream:remotename)%00%(upstream:remoteref) refs/heads/dev refs/remotes/dev [24ms]
2024-07-15 15:53:41.889 [info] > git status -z -uall [2ms]
2024-07-15 15:53:41.914 [info] > git for-each-ref --format=%(refname)%00%(upstream:short)%00%(objectname)%00%(upstream:track)%00%(upstream:remotename)%00%(upstream:remoteref) refs/heads/dev refs/remotes/dev [20ms]
2024-07-15 15:53:41.920 [info] > git config --local branch.dev.vscode-merge-base [2ms]
2024-07-15 15:53:41.939 [info] > git for-each-ref --format=%(refname)%00%(upstream:short)%00%(objectname)%00%(upstream:track)%00%(upstream:remotename)%00%(upstream:remoteref) refs/heads/origin/master refs/remotes/origin/master [11ms]
2024-07-15 15:53:41.965 [info] > git merge-base refs/heads/dev refs/remotes/origin/dev [14ms]
2024-07-15 15:53:41.976 [info] > git rev-list --count --left-right refs/heads/dev...refs/remotes/origin/dev [3ms]
2024-07-15 15:53:41.984 [info] > git diff --name-status -z --diff-filter=ADMR 4f5a7b1eebf37d4729420cdf50bb9656116e3f11...refs/remotes/origin/dev [2ms]
