2024-07-04 09:06:57.139 [info] Extension host with pid 4516 started
2024-07-04 09:06:57.295 [info] ExtensionService#_doActivateExtension vscode.git-base, startup: true, activationEvent: '*', root cause: vscode.git
2024-07-04 09:06:57.311 [info] ExtensionService#_doActivateExtension vscode.git, startup: true, activationEvent: '*'
2024-07-04 09:06:57.312 [info] ExtensionService#_doActivateExtension vscode.github, startup: true, activationEvent: '*'
2024-07-04 09:06:57.599 [info] Eager extensions activated
2024-07-04 09:06:57.599 [info] ExtensionService#_doActivateExtension vscode.debug-auto-launch, startup: false, activationEvent: 'onStartupFinished'
2024-07-04 09:06:57.599 [info] ExtensionService#_doActivateExtension vscode.merge-conflict, startup: false, activationEvent: 'onStartupFinished'
2024-07-04 09:06:57.600 [info] ExtensionService#_doActivateExtension Bito.Bito, startup: false, activationEvent: 'onStartupFinished'
2024-07-04 09:06:59.483 [info] Extension host terminating: received terminate message from renderer
2024-07-04 09:06:59.512 [error] Canceled: Canceled
	at Object.S [as $6] (/home/ndao/.vscode-server/bin/5437499feb04f7a586f677b155b039bc2b3669eb/out/vs/workbench/api/node/extensionHostProcess.js:10:967)
	at /home/ndao/.vscode-server/bin/5437499feb04f7a586f677b155b039bc2b3669eb/out/vs/workbench/api/node/extensionHostProcess.js:152:2390
	at Array.forEach (<anonymous>)
	at E.dispose (/home/ndao/.vscode-server/bin/5437499feb04f7a586f677b155b039bc2b3669eb/out/vs/workbench/api/node/extensionHostProcess.js:152:2328)
	at u.terminate (/home/ndao/.vscode-server/bin/5437499feb04f7a586f677b155b039bc2b3669eb/out/vs/workbench/api/node/extensionHostProcess.js:161:8103)
	at f.terminate (/home/ndao/.vscode-server/bin/5437499feb04f7a586f677b155b039bc2b3669eb/out/vs/workbench/api/node/extensionHostProcess.js:165:1513)
	at t (/home/ndao/.vscode-server/bin/5437499feb04f7a586f677b155b039bc2b3669eb/out/vs/workbench/api/node/extensionHostProcess.js:178:10459)
	at n.value (/home/ndao/.vscode-server/bin/5437499feb04f7a586f677b155b039bc2b3669eb/out/vs/workbench/api/node/extensionHostProcess.js:178:8427)
	at l.y (/home/ndao/.vscode-server/bin/5437499feb04f7a586f677b155b039bc2b3669eb/out/vs/workbench/api/node/extensionHostProcess.js:82:664)
	at l.fire (/home/ndao/.vscode-server/bin/5437499feb04f7a586f677b155b039bc2b3669eb/out/vs/workbench/api/node/extensionHostProcess.js:82:881)
	at s.fire (/home/ndao/.vscode-server/bin/5437499feb04f7a586f677b155b039bc2b3669eb/out/vs/workbench/api/node/extensionHostProcess.js:107:14502)
	at h.z (/home/ndao/.vscode-server/bin/5437499feb04f7a586f677b155b039bc2b3669eb/out/vs/workbench/api/node/extensionHostProcess.js:107:17638)
	at n.value (/home/ndao/.vscode-server/bin/5437499feb04f7a586f677b155b039bc2b3669eb/out/vs/workbench/api/node/extensionHostProcess.js:107:16019)
	at l.y (/home/ndao/.vscode-server/bin/5437499feb04f7a586f677b155b039bc2b3669eb/out/vs/workbench/api/node/extensionHostProcess.js:82:664)
	at l.fire (/home/ndao/.vscode-server/bin/5437499feb04f7a586f677b155b039bc2b3669eb/out/vs/workbench/api/node/extensionHostProcess.js:82:881)
	at u.acceptChunk (/home/ndao/.vscode-server/bin/5437499feb04f7a586f677b155b039bc2b3669eb/out/vs/workbench/api/node/extensionHostProcess.js:107:12248)
	at n.value (/home/ndao/.vscode-server/bin/5437499feb04f7a586f677b155b039bc2b3669eb/out/vs/workbench/api/node/extensionHostProcess.js:107:11518)
	at l.y (/home/ndao/.vscode-server/bin/5437499feb04f7a586f677b155b039bc2b3669eb/out/vs/workbench/api/node/extensionHostProcess.js:82:664)
	at l.fire (/home/ndao/.vscode-server/bin/5437499feb04f7a586f677b155b039bc2b3669eb/out/vs/workbench/api/node/extensionHostProcess.js:82:881)
	at n.z (/home/ndao/.vscode-server/bin/5437499feb04f7a586f677b155b039bc2b3669eb/out/vs/workbench/api/node/extensionHostProcess.js:175:20497)
	at n.acceptFrame (/home/ndao/.vscode-server/bin/5437499feb04f7a586f677b155b039bc2b3669eb/out/vs/workbench/api/node/extensionHostProcess.js:175:20303)
	at g.n (/home/ndao/.vscode-server/bin/5437499feb04f7a586f677b155b039bc2b3669eb/out/vs/workbench/api/node/extensionHostProcess.js:175:18748)
	at /home/ndao/.vscode-server/bin/5437499feb04f7a586f677b155b039bc2b3669eb/out/vs/workbench/api/node/extensionHostProcess.js:175:15675
	at Socket.w (/home/ndao/.vscode-server/bin/5437499feb04f7a586f677b155b039bc2b3669eb/out/vs/workbench/api/node/extensionHostProcess.js:175:13305)
	at Socket.emit (node:events:518:28)
	at addChunk (node:internal/streams/readable:559:12)
	at readableAddChunkPushByteMode (node:internal/streams/readable:510:3)
	at Readable.push (node:internal/streams/readable:390:5)
	at TCP.onStreamRead (node:internal/stream_base_commons:190:23) setContext undefined
2024-07-04 09:06:59.512 [error] Canceled: Canceled
	at Object.S [as $6] (/home/ndao/.vscode-server/bin/5437499feb04f7a586f677b155b039bc2b3669eb/out/vs/workbench/api/node/extensionHostProcess.js:10:967)
	at /home/ndao/.vscode-server/bin/5437499feb04f7a586f677b155b039bc2b3669eb/out/vs/workbench/api/node/extensionHostProcess.js:152:2390
	at Array.forEach (<anonymous>)
	at E.dispose (/home/ndao/.vscode-server/bin/5437499feb04f7a586f677b155b039bc2b3669eb/out/vs/workbench/api/node/extensionHostProcess.js:152:2328)
	at u.terminate (/home/ndao/.vscode-server/bin/5437499feb04f7a586f677b155b039bc2b3669eb/out/vs/workbench/api/node/extensionHostProcess.js:161:8103)
	at f.terminate (/home/ndao/.vscode-server/bin/5437499feb04f7a586f677b155b039bc2b3669eb/out/vs/workbench/api/node/extensionHostProcess.js:165:1513)
	at t (/home/ndao/.vscode-server/bin/5437499feb04f7a586f677b155b039bc2b3669eb/out/vs/workbench/api/node/extensionHostProcess.js:178:10459)
	at n.value (/home/ndao/.vscode-server/bin/5437499feb04f7a586f677b155b039bc2b3669eb/out/vs/workbench/api/node/extensionHostProcess.js:178:8427)
	at l.y (/home/ndao/.vscode-server/bin/5437499feb04f7a586f677b155b039bc2b3669eb/out/vs/workbench/api/node/extensionHostProcess.js:82:664)
	at l.fire (/home/ndao/.vscode-server/bin/5437499feb04f7a586f677b155b039bc2b3669eb/out/vs/workbench/api/node/extensionHostProcess.js:82:881)
	at s.fire (/home/ndao/.vscode-server/bin/5437499feb04f7a586f677b155b039bc2b3669eb/out/vs/workbench/api/node/extensionHostProcess.js:107:14502)
	at h.z (/home/ndao/.vscode-server/bin/5437499feb04f7a586f677b155b039bc2b3669eb/out/vs/workbench/api/node/extensionHostProcess.js:107:17638)
	at n.value (/home/ndao/.vscode-server/bin/5437499feb04f7a586f677b155b039bc2b3669eb/out/vs/workbench/api/node/extensionHostProcess.js:107:16019)
	at l.y (/home/ndao/.vscode-server/bin/5437499feb04f7a586f677b155b039bc2b3669eb/out/vs/workbench/api/node/extensionHostProcess.js:82:664)
	at l.fire (/home/ndao/.vscode-server/bin/5437499feb04f7a586f677b155b039bc2b3669eb/out/vs/workbench/api/node/extensionHostProcess.js:82:881)
	at u.acceptChunk (/home/ndao/.vscode-server/bin/5437499feb04f7a586f677b155b039bc2b3669eb/out/vs/workbench/api/node/extensionHostProcess.js:107:12248)
	at n.value (/home/ndao/.vscode-server/bin/5437499feb04f7a586f677b155b039bc2b3669eb/out/vs/workbench/api/node/extensionHostProcess.js:107:11518)
	at l.y (/home/ndao/.vscode-server/bin/5437499feb04f7a586f677b155b039bc2b3669eb/out/vs/workbench/api/node/extensionHostProcess.js:82:664)
	at l.fire (/home/ndao/.vscode-server/bin/5437499feb04f7a586f677b155b039bc2b3669eb/out/vs/workbench/api/node/extensionHostProcess.js:82:881)
	at n.z (/home/ndao/.vscode-server/bin/5437499feb04f7a586f677b155b039bc2b3669eb/out/vs/workbench/api/node/extensionHostProcess.js:175:20497)
	at n.acceptFrame (/home/ndao/.vscode-server/bin/5437499feb04f7a586f677b155b039bc2b3669eb/out/vs/workbench/api/node/extensionHostProcess.js:175:20303)
	at g.n (/home/ndao/.vscode-server/bin/5437499feb04f7a586f677b155b039bc2b3669eb/out/vs/workbench/api/node/extensionHostProcess.js:175:18748)
	at /home/ndao/.vscode-server/bin/5437499feb04f7a586f677b155b039bc2b3669eb/out/vs/workbench/api/node/extensionHostProcess.js:175:15675
	at Socket.w (/home/ndao/.vscode-server/bin/5437499feb04f7a586f677b155b039bc2b3669eb/out/vs/workbench/api/node/extensionHostProcess.js:175:13305)
	at Socket.emit (node:events:518:28)
	at addChunk (node:internal/streams/readable:559:12)
	at readableAddChunkPushByteMode (node:internal/streams/readable:510:3)
	at Readable.push (node:internal/streams/readable:390:5)
	at TCP.onStreamRead (node:internal/stream_base_commons:190:23) setContext undefined
2024-07-04 09:06:59.513 [error] Canceled: Canceled
	at Object.S [as $6] (/home/ndao/.vscode-server/bin/5437499feb04f7a586f677b155b039bc2b3669eb/out/vs/workbench/api/node/extensionHostProcess.js:10:967)
	at /home/ndao/.vscode-server/bin/5437499feb04f7a586f677b155b039bc2b3669eb/out/vs/workbench/api/node/extensionHostProcess.js:152:2390
	at Array.forEach (<anonymous>)
	at E.dispose (/home/ndao/.vscode-server/bin/5437499feb04f7a586f677b155b039bc2b3669eb/out/vs/workbench/api/node/extensionHostProcess.js:152:2328)
	at u.terminate (/home/ndao/.vscode-server/bin/5437499feb04f7a586f677b155b039bc2b3669eb/out/vs/workbench/api/node/extensionHostProcess.js:161:8103)
	at f.terminate (/home/ndao/.vscode-server/bin/5437499feb04f7a586f677b155b039bc2b3669eb/out/vs/workbench/api/node/extensionHostProcess.js:165:1513)
	at t (/home/ndao/.vscode-server/bin/5437499feb04f7a586f677b155b039bc2b3669eb/out/vs/workbench/api/node/extensionHostProcess.js:178:10459)
	at n.value (/home/ndao/.vscode-server/bin/5437499feb04f7a586f677b155b039bc2b3669eb/out/vs/workbench/api/node/extensionHostProcess.js:178:8427)
	at l.y (/home/ndao/.vscode-server/bin/5437499feb04f7a586f677b155b039bc2b3669eb/out/vs/workbench/api/node/extensionHostProcess.js:82:664)
	at l.fire (/home/ndao/.vscode-server/bin/5437499feb04f7a586f677b155b039bc2b3669eb/out/vs/workbench/api/node/extensionHostProcess.js:82:881)
	at s.fire (/home/ndao/.vscode-server/bin/5437499feb04f7a586f677b155b039bc2b3669eb/out/vs/workbench/api/node/extensionHostProcess.js:107:14502)
	at h.z (/home/ndao/.vscode-server/bin/5437499feb04f7a586f677b155b039bc2b3669eb/out/vs/workbench/api/node/extensionHostProcess.js:107:17638)
	at n.value (/home/ndao/.vscode-server/bin/5437499feb04f7a586f677b155b039bc2b3669eb/out/vs/workbench/api/node/extensionHostProcess.js:107:16019)
	at l.y (/home/ndao/.vscode-server/bin/5437499feb04f7a586f677b155b039bc2b3669eb/out/vs/workbench/api/node/extensionHostProcess.js:82:664)
	at l.fire (/home/ndao/.vscode-server/bin/5437499feb04f7a586f677b155b039bc2b3669eb/out/vs/workbench/api/node/extensionHostProcess.js:82:881)
	at u.acceptChunk (/home/ndao/.vscode-server/bin/5437499feb04f7a586f677b155b039bc2b3669eb/out/vs/workbench/api/node/extensionHostProcess.js:107:12248)
	at n.value (/home/ndao/.vscode-server/bin/5437499feb04f7a586f677b155b039bc2b3669eb/out/vs/workbench/api/node/extensionHostProcess.js:107:11518)
	at l.y (/home/ndao/.vscode-server/bin/5437499feb04f7a586f677b155b039bc2b3669eb/out/vs/workbench/api/node/extensionHostProcess.js:82:664)
	at l.fire (/home/ndao/.vscode-server/bin/5437499feb04f7a586f677b155b039bc2b3669eb/out/vs/workbench/api/node/extensionHostProcess.js:82:881)
	at n.z (/home/ndao/.vscode-server/bin/5437499feb04f7a586f677b155b039bc2b3669eb/out/vs/workbench/api/node/extensionHostProcess.js:175:20497)
	at n.acceptFrame (/home/ndao/.vscode-server/bin/5437499feb04f7a586f677b155b039bc2b3669eb/out/vs/workbench/api/node/extensionHostProcess.js:175:20303)
	at g.n (/home/ndao/.vscode-server/bin/5437499feb04f7a586f677b155b039bc2b3669eb/out/vs/workbench/api/node/extensionHostProcess.js:175:18748)
	at /home/ndao/.vscode-server/bin/5437499feb04f7a586f677b155b039bc2b3669eb/out/vs/workbench/api/node/extensionHostProcess.js:175:15675
	at Socket.w (/home/ndao/.vscode-server/bin/5437499feb04f7a586f677b155b039bc2b3669eb/out/vs/workbench/api/node/extensionHostProcess.js:175:13305)
	at Socket.emit (node:events:518:28)
	at addChunk (node:internal/streams/readable:559:12)
	at readableAddChunkPushByteMode (node:internal/streams/readable:510:3)
	at Readable.push (node:internal/streams/readable:390:5)
	at TCP.onStreamRead (node:internal/stream_base_commons:190:23) setContext undefined
2024-07-04 09:06:59.513 [error] Canceled: Canceled
	at Object.S [as $6] (/home/ndao/.vscode-server/bin/5437499feb04f7a586f677b155b039bc2b3669eb/out/vs/workbench/api/node/extensionHostProcess.js:10:967)
	at /home/ndao/.vscode-server/bin/5437499feb04f7a586f677b155b039bc2b3669eb/out/vs/workbench/api/node/extensionHostProcess.js:152:2390
	at Array.forEach (<anonymous>)
	at E.dispose (/home/ndao/.vscode-server/bin/5437499feb04f7a586f677b155b039bc2b3669eb/out/vs/workbench/api/node/extensionHostProcess.js:152:2328)
	at u.terminate (/home/ndao/.vscode-server/bin/5437499feb04f7a586f677b155b039bc2b3669eb/out/vs/workbench/api/node/extensionHostProcess.js:161:8103)
	at f.terminate (/home/ndao/.vscode-server/bin/5437499feb04f7a586f677b155b039bc2b3669eb/out/vs/workbench/api/node/extensionHostProcess.js:165:1513)
	at t (/home/ndao/.vscode-server/bin/5437499feb04f7a586f677b155b039bc2b3669eb/out/vs/workbench/api/node/extensionHostProcess.js:178:10459)
	at n.value (/home/ndao/.vscode-server/bin/5437499feb04f7a586f677b155b039bc2b3669eb/out/vs/workbench/api/node/extensionHostProcess.js:178:8427)
	at l.y (/home/ndao/.vscode-server/bin/5437499feb04f7a586f677b155b039bc2b3669eb/out/vs/workbench/api/node/extensionHostProcess.js:82:664)
	at l.fire (/home/ndao/.vscode-server/bin/5437499feb04f7a586f677b155b039bc2b3669eb/out/vs/workbench/api/node/extensionHostProcess.js:82:881)
	at s.fire (/home/ndao/.vscode-server/bin/5437499feb04f7a586f677b155b039bc2b3669eb/out/vs/workbench/api/node/extensionHostProcess.js:107:14502)
	at h.z (/home/ndao/.vscode-server/bin/5437499feb04f7a586f677b155b039bc2b3669eb/out/vs/workbench/api/node/extensionHostProcess.js:107:17638)
	at n.value (/home/ndao/.vscode-server/bin/5437499feb04f7a586f677b155b039bc2b3669eb/out/vs/workbench/api/node/extensionHostProcess.js:107:16019)
	at l.y (/home/ndao/.vscode-server/bin/5437499feb04f7a586f677b155b039bc2b3669eb/out/vs/workbench/api/node/extensionHostProcess.js:82:664)
	at l.fire (/home/ndao/.vscode-server/bin/5437499feb04f7a586f677b155b039bc2b3669eb/out/vs/workbench/api/node/extensionHostProcess.js:82:881)
	at u.acceptChunk (/home/ndao/.vscode-server/bin/5437499feb04f7a586f677b155b039bc2b3669eb/out/vs/workbench/api/node/extensionHostProcess.js:107:12248)
	at n.value (/home/ndao/.vscode-server/bin/5437499feb04f7a586f677b155b039bc2b3669eb/out/vs/workbench/api/node/extensionHostProcess.js:107:11518)
	at l.y (/home/ndao/.vscode-server/bin/5437499feb04f7a586f677b155b039bc2b3669eb/out/vs/workbench/api/node/extensionHostProcess.js:82:664)
	at l.fire (/home/ndao/.vscode-server/bin/5437499feb04f7a586f677b155b039bc2b3669eb/out/vs/workbench/api/node/extensionHostProcess.js:82:881)
	at n.z (/home/ndao/.vscode-server/bin/5437499feb04f7a586f677b155b039bc2b3669eb/out/vs/workbench/api/node/extensionHostProcess.js:175:20497)
	at n.acceptFrame (/home/ndao/.vscode-server/bin/5437499feb04f7a586f677b155b039bc2b3669eb/out/vs/workbench/api/node/extensionHostProcess.js:175:20303)
	at g.n (/home/ndao/.vscode-server/bin/5437499feb04f7a586f677b155b039bc2b3669eb/out/vs/workbench/api/node/extensionHostProcess.js:175:18748)
	at /home/ndao/.vscode-server/bin/5437499feb04f7a586f677b155b039bc2b3669eb/out/vs/workbench/api/node/extensionHostProcess.js:175:15675
	at Socket.w (/home/ndao/.vscode-server/bin/5437499feb04f7a586f677b155b039bc2b3669eb/out/vs/workbench/api/node/extensionHostProcess.js:175:13305)
	at Socket.emit (node:events:518:28)
	at addChunk (node:internal/streams/readable:559:12)
	at readableAddChunkPushByteMode (node:internal/streams/readable:510:3)
	at Readable.push (node:internal/streams/readable:390:5)
	at TCP.onStreamRead (node:internal/stream_base_commons:190:23) setContext undefined
2024-07-04 09:06:59.513 [error] Canceled: Canceled
	at Object.S [as $6] (/home/ndao/.vscode-server/bin/5437499feb04f7a586f677b155b039bc2b3669eb/out/vs/workbench/api/node/extensionHostProcess.js:10:967)
	at /home/ndao/.vscode-server/bin/5437499feb04f7a586f677b155b039bc2b3669eb/out/vs/workbench/api/node/extensionHostProcess.js:152:2390
	at Array.forEach (<anonymous>)
	at E.dispose (/home/ndao/.vscode-server/bin/5437499feb04f7a586f677b155b039bc2b3669eb/out/vs/workbench/api/node/extensionHostProcess.js:152:2328)
	at u.terminate (/home/ndao/.vscode-server/bin/5437499feb04f7a586f677b155b039bc2b3669eb/out/vs/workbench/api/node/extensionHostProcess.js:161:8103)
	at f.terminate (/home/ndao/.vscode-server/bin/5437499feb04f7a586f677b155b039bc2b3669eb/out/vs/workbench/api/node/extensionHostProcess.js:165:1513)
	at t (/home/ndao/.vscode-server/bin/5437499feb04f7a586f677b155b039bc2b3669eb/out/vs/workbench/api/node/extensionHostProcess.js:178:10459)
	at n.value (/home/ndao/.vscode-server/bin/5437499feb04f7a586f677b155b039bc2b3669eb/out/vs/workbench/api/node/extensionHostProcess.js:178:8427)
	at l.y (/home/ndao/.vscode-server/bin/5437499feb04f7a586f677b155b039bc2b3669eb/out/vs/workbench/api/node/extensionHostProcess.js:82:664)
	at l.fire (/home/ndao/.vscode-server/bin/5437499feb04f7a586f677b155b039bc2b3669eb/out/vs/workbench/api/node/extensionHostProcess.js:82:881)
	at s.fire (/home/ndao/.vscode-server/bin/5437499feb04f7a586f677b155b039bc2b3669eb/out/vs/workbench/api/node/extensionHostProcess.js:107:14502)
	at h.z (/home/ndao/.vscode-server/bin/5437499feb04f7a586f677b155b039bc2b3669eb/out/vs/workbench/api/node/extensionHostProcess.js:107:17638)
	at n.value (/home/ndao/.vscode-server/bin/5437499feb04f7a586f677b155b039bc2b3669eb/out/vs/workbench/api/node/extensionHostProcess.js:107:16019)
	at l.y (/home/ndao/.vscode-server/bin/5437499feb04f7a586f677b155b039bc2b3669eb/out/vs/workbench/api/node/extensionHostProcess.js:82:664)
	at l.fire (/home/ndao/.vscode-server/bin/5437499feb04f7a586f677b155b039bc2b3669eb/out/vs/workbench/api/node/extensionHostProcess.js:82:881)
	at u.acceptChunk (/home/ndao/.vscode-server/bin/5437499feb04f7a586f677b155b039bc2b3669eb/out/vs/workbench/api/node/extensionHostProcess.js:107:12248)
	at n.value (/home/ndao/.vscode-server/bin/5437499feb04f7a586f677b155b039bc2b3669eb/out/vs/workbench/api/node/extensionHostProcess.js:107:11518)
	at l.y (/home/ndao/.vscode-server/bin/5437499feb04f7a586f677b155b039bc2b3669eb/out/vs/workbench/api/node/extensionHostProcess.js:82:664)
	at l.fire (/home/ndao/.vscode-server/bin/5437499feb04f7a586f677b155b039bc2b3669eb/out/vs/workbench/api/node/extensionHostProcess.js:82:881)
	at n.z (/home/ndao/.vscode-server/bin/5437499feb04f7a586f677b155b039bc2b3669eb/out/vs/workbench/api/node/extensionHostProcess.js:175:20497)
	at n.acceptFrame (/home/ndao/.vscode-server/bin/5437499feb04f7a586f677b155b039bc2b3669eb/out/vs/workbench/api/node/extensionHostProcess.js:175:20303)
	at g.n (/home/ndao/.vscode-server/bin/5437499feb04f7a586f677b155b039bc2b3669eb/out/vs/workbench/api/node/extensionHostProcess.js:175:18748)
	at /home/ndao/.vscode-server/bin/5437499feb04f7a586f677b155b039bc2b3669eb/out/vs/workbench/api/node/extensionHostProcess.js:175:15675
	at Socket.w (/home/ndao/.vscode-server/bin/5437499feb04f7a586f677b155b039bc2b3669eb/out/vs/workbench/api/node/extensionHostProcess.js:175:13305)
	at Socket.emit (node:events:518:28)
	at addChunk (node:internal/streams/readable:559:12)
	at readableAddChunkPushByteMode (node:internal/streams/readable:510:3)
	at Readable.push (node:internal/streams/readable:390:5)
	at TCP.onStreamRead (node:internal/stream_base_commons:190:23) setContext undefined
2024-07-04 09:06:59.514 [error] Canceled: Canceled
	at Object.S [as $6] (/home/ndao/.vscode-server/bin/5437499feb04f7a586f677b155b039bc2b3669eb/out/vs/workbench/api/node/extensionHostProcess.js:10:967)
	at /home/ndao/.vscode-server/bin/5437499feb04f7a586f677b155b039bc2b3669eb/out/vs/workbench/api/node/extensionHostProcess.js:152:2390
	at Array.forEach (<anonymous>)
	at E.dispose (/home/ndao/.vscode-server/bin/5437499feb04f7a586f677b155b039bc2b3669eb/out/vs/workbench/api/node/extensionHostProcess.js:152:2328)
	at u.terminate (/home/ndao/.vscode-server/bin/5437499feb04f7a586f677b155b039bc2b3669eb/out/vs/workbench/api/node/extensionHostProcess.js:161:8103)
	at f.terminate (/home/ndao/.vscode-server/bin/5437499feb04f7a586f677b155b039bc2b3669eb/out/vs/workbench/api/node/extensionHostProcess.js:165:1513)
	at t (/home/ndao/.vscode-server/bin/5437499feb04f7a586f677b155b039bc2b3669eb/out/vs/workbench/api/node/extensionHostProcess.js:178:10459)
	at n.value (/home/ndao/.vscode-server/bin/5437499feb04f7a586f677b155b039bc2b3669eb/out/vs/workbench/api/node/extensionHostProcess.js:178:8427)
	at l.y (/home/ndao/.vscode-server/bin/5437499feb04f7a586f677b155b039bc2b3669eb/out/vs/workbench/api/node/extensionHostProcess.js:82:664)
	at l.fire (/home/ndao/.vscode-server/bin/5437499feb04f7a586f677b155b039bc2b3669eb/out/vs/workbench/api/node/extensionHostProcess.js:82:881)
	at s.fire (/home/ndao/.vscode-server/bin/5437499feb04f7a586f677b155b039bc2b3669eb/out/vs/workbench/api/node/extensionHostProcess.js:107:14502)
	at h.z (/home/ndao/.vscode-server/bin/5437499feb04f7a586f677b155b039bc2b3669eb/out/vs/workbench/api/node/extensionHostProcess.js:107:17638)
	at n.value (/home/ndao/.vscode-server/bin/5437499feb04f7a586f677b155b039bc2b3669eb/out/vs/workbench/api/node/extensionHostProcess.js:107:16019)
	at l.y (/home/ndao/.vscode-server/bin/5437499feb04f7a586f677b155b039bc2b3669eb/out/vs/workbench/api/node/extensionHostProcess.js:82:664)
	at l.fire (/home/ndao/.vscode-server/bin/5437499feb04f7a586f677b155b039bc2b3669eb/out/vs/workbench/api/node/extensionHostProcess.js:82:881)
	at u.acceptChunk (/home/ndao/.vscode-server/bin/5437499feb04f7a586f677b155b039bc2b3669eb/out/vs/workbench/api/node/extensionHostProcess.js:107:12248)
	at n.value (/home/ndao/.vscode-server/bin/5437499feb04f7a586f677b155b039bc2b3669eb/out/vs/workbench/api/node/extensionHostProcess.js:107:11518)
	at l.y (/home/ndao/.vscode-server/bin/5437499feb04f7a586f677b155b039bc2b3669eb/out/vs/workbench/api/node/extensionHostProcess.js:82:664)
	at l.fire (/home/ndao/.vscode-server/bin/5437499feb04f7a586f677b155b039bc2b3669eb/out/vs/workbench/api/node/extensionHostProcess.js:82:881)
	at n.z (/home/ndao/.vscode-server/bin/5437499feb04f7a586f677b155b039bc2b3669eb/out/vs/workbench/api/node/extensionHostProcess.js:175:20497)
	at n.acceptFrame (/home/ndao/.vscode-server/bin/5437499feb04f7a586f677b155b039bc2b3669eb/out/vs/workbench/api/node/extensionHostProcess.js:175:20303)
	at g.n (/home/ndao/.vscode-server/bin/5437499feb04f7a586f677b155b039bc2b3669eb/out/vs/workbench/api/node/extensionHostProcess.js:175:18748)
	at /home/ndao/.vscode-server/bin/5437499feb04f7a586f677b155b039bc2b3669eb/out/vs/workbench/api/node/extensionHostProcess.js:175:15675
	at Socket.w (/home/ndao/.vscode-server/bin/5437499feb04f7a586f677b155b039bc2b3669eb/out/vs/workbench/api/node/extensionHostProcess.js:175:13305)
	at Socket.emit (node:events:518:28)
	at addChunk (node:internal/streams/readable:559:12)
	at readableAddChunkPushByteMode (node:internal/streams/readable:510:3)
	at Readable.push (node:internal/streams/readable:390:5)
	at TCP.onStreamRead (node:internal/stream_base_commons:190:23) setContext undefined
2024-07-04 09:06:59.514 [error] Canceled: Canceled
	at Object.S [as $6] (/home/ndao/.vscode-server/bin/5437499feb04f7a586f677b155b039bc2b3669eb/out/vs/workbench/api/node/extensionHostProcess.js:10:967)
	at /home/ndao/.vscode-server/bin/5437499feb04f7a586f677b155b039bc2b3669eb/out/vs/workbench/api/node/extensionHostProcess.js:152:2390
	at Array.forEach (<anonymous>)
	at E.dispose (/home/ndao/.vscode-server/bin/5437499feb04f7a586f677b155b039bc2b3669eb/out/vs/workbench/api/node/extensionHostProcess.js:152:2328)
	at u.terminate (/home/ndao/.vscode-server/bin/5437499feb04f7a586f677b155b039bc2b3669eb/out/vs/workbench/api/node/extensionHostProcess.js:161:8103)
	at f.terminate (/home/ndao/.vscode-server/bin/5437499feb04f7a586f677b155b039bc2b3669eb/out/vs/workbench/api/node/extensionHostProcess.js:165:1513)
	at t (/home/ndao/.vscode-server/bin/5437499feb04f7a586f677b155b039bc2b3669eb/out/vs/workbench/api/node/extensionHostProcess.js:178:10459)
	at n.value (/home/ndao/.vscode-server/bin/5437499feb04f7a586f677b155b039bc2b3669eb/out/vs/workbench/api/node/extensionHostProcess.js:178:8427)
	at l.y (/home/ndao/.vscode-server/bin/5437499feb04f7a586f677b155b039bc2b3669eb/out/vs/workbench/api/node/extensionHostProcess.js:82:664)
	at l.fire (/home/ndao/.vscode-server/bin/5437499feb04f7a586f677b155b039bc2b3669eb/out/vs/workbench/api/node/extensionHostProcess.js:82:881)
	at s.fire (/home/ndao/.vscode-server/bin/5437499feb04f7a586f677b155b039bc2b3669eb/out/vs/workbench/api/node/extensionHostProcess.js:107:14502)
	at h.z (/home/ndao/.vscode-server/bin/5437499feb04f7a586f677b155b039bc2b3669eb/out/vs/workbench/api/node/extensionHostProcess.js:107:17638)
	at n.value (/home/ndao/.vscode-server/bin/5437499feb04f7a586f677b155b039bc2b3669eb/out/vs/workbench/api/node/extensionHostProcess.js:107:16019)
	at l.y (/home/ndao/.vscode-server/bin/5437499feb04f7a586f677b155b039bc2b3669eb/out/vs/workbench/api/node/extensionHostProcess.js:82:664)
	at l.fire (/home/ndao/.vscode-server/bin/5437499feb04f7a586f677b155b039bc2b3669eb/out/vs/workbench/api/node/extensionHostProcess.js:82:881)
	at u.acceptChunk (/home/ndao/.vscode-server/bin/5437499feb04f7a586f677b155b039bc2b3669eb/out/vs/workbench/api/node/extensionHostProcess.js:107:12248)
	at n.value (/home/ndao/.vscode-server/bin/5437499feb04f7a586f677b155b039bc2b3669eb/out/vs/workbench/api/node/extensionHostProcess.js:107:11518)
	at l.y (/home/ndao/.vscode-server/bin/5437499feb04f7a586f677b155b039bc2b3669eb/out/vs/workbench/api/node/extensionHostProcess.js:82:664)
	at l.fire (/home/ndao/.vscode-server/bin/5437499feb04f7a586f677b155b039bc2b3669eb/out/vs/workbench/api/node/extensionHostProcess.js:82:881)
	at n.z (/home/ndao/.vscode-server/bin/5437499feb04f7a586f677b155b039bc2b3669eb/out/vs/workbench/api/node/extensionHostProcess.js:175:20497)
	at n.acceptFrame (/home/ndao/.vscode-server/bin/5437499feb04f7a586f677b155b039bc2b3669eb/out/vs/workbench/api/node/extensionHostProcess.js:175:20303)
	at g.n (/home/ndao/.vscode-server/bin/5437499feb04f7a586f677b155b039bc2b3669eb/out/vs/workbench/api/node/extensionHostProcess.js:175:18748)
	at /home/ndao/.vscode-server/bin/5437499feb04f7a586f677b155b039bc2b3669eb/out/vs/workbench/api/node/extensionHostProcess.js:175:15675
	at Socket.w (/home/ndao/.vscode-server/bin/5437499feb04f7a586f677b155b039bc2b3669eb/out/vs/workbench/api/node/extensionHostProcess.js:175:13305)
	at Socket.emit (node:events:518:28)
	at addChunk (node:internal/streams/readable:559:12)
	at readableAddChunkPushByteMode (node:internal/streams/readable:510:3)
	at Readable.push (node:internal/streams/readable:390:5)
	at TCP.onStreamRead (node:internal/stream_base_commons:190:23) setContext undefined
2024-07-04 09:06:59.515 [error] Canceled: Canceled
	at Object.S [as $6] (/home/ndao/.vscode-server/bin/5437499feb04f7a586f677b155b039bc2b3669eb/out/vs/workbench/api/node/extensionHostProcess.js:10:967)
	at /home/ndao/.vscode-server/bin/5437499feb04f7a586f677b155b039bc2b3669eb/out/vs/workbench/api/node/extensionHostProcess.js:152:2390
	at Array.forEach (<anonymous>)
	at E.dispose (/home/ndao/.vscode-server/bin/5437499feb04f7a586f677b155b039bc2b3669eb/out/vs/workbench/api/node/extensionHostProcess.js:152:2328)
	at u.terminate (/home/ndao/.vscode-server/bin/5437499feb04f7a586f677b155b039bc2b3669eb/out/vs/workbench/api/node/extensionHostProcess.js:161:8103)
	at f.terminate (/home/ndao/.vscode-server/bin/5437499feb04f7a586f677b155b039bc2b3669eb/out/vs/workbench/api/node/extensionHostProcess.js:165:1513)
	at t (/home/ndao/.vscode-server/bin/5437499feb04f7a586f677b155b039bc2b3669eb/out/vs/workbench/api/node/extensionHostProcess.js:178:10459)
	at n.value (/home/ndao/.vscode-server/bin/5437499feb04f7a586f677b155b039bc2b3669eb/out/vs/workbench/api/node/extensionHostProcess.js:178:8427)
	at l.y (/home/ndao/.vscode-server/bin/5437499feb04f7a586f677b155b039bc2b3669eb/out/vs/workbench/api/node/extensionHostProcess.js:82:664)
	at l.fire (/home/ndao/.vscode-server/bin/5437499feb04f7a586f677b155b039bc2b3669eb/out/vs/workbench/api/node/extensionHostProcess.js:82:881)
	at s.fire (/home/ndao/.vscode-server/bin/5437499feb04f7a586f677b155b039bc2b3669eb/out/vs/workbench/api/node/extensionHostProcess.js:107:14502)
	at h.z (/home/ndao/.vscode-server/bin/5437499feb04f7a586f677b155b039bc2b3669eb/out/vs/workbench/api/node/extensionHostProcess.js:107:17638)
	at n.value (/home/ndao/.vscode-server/bin/5437499feb04f7a586f677b155b039bc2b3669eb/out/vs/workbench/api/node/extensionHostProcess.js:107:16019)
	at l.y (/home/ndao/.vscode-server/bin/5437499feb04f7a586f677b155b039bc2b3669eb/out/vs/workbench/api/node/extensionHostProcess.js:82:664)
	at l.fire (/home/ndao/.vscode-server/bin/5437499feb04f7a586f677b155b039bc2b3669eb/out/vs/workbench/api/node/extensionHostProcess.js:82:881)
	at u.acceptChunk (/home/ndao/.vscode-server/bin/5437499feb04f7a586f677b155b039bc2b3669eb/out/vs/workbench/api/node/extensionHostProcess.js:107:12248)
	at n.value (/home/ndao/.vscode-server/bin/5437499feb04f7a586f677b155b039bc2b3669eb/out/vs/workbench/api/node/extensionHostProcess.js:107:11518)
	at l.y (/home/ndao/.vscode-server/bin/5437499feb04f7a586f677b155b039bc2b3669eb/out/vs/workbench/api/node/extensionHostProcess.js:82:664)
	at l.fire (/home/ndao/.vscode-server/bin/5437499feb04f7a586f677b155b039bc2b3669eb/out/vs/workbench/api/node/extensionHostProcess.js:82:881)
	at n.z (/home/ndao/.vscode-server/bin/5437499feb04f7a586f677b155b039bc2b3669eb/out/vs/workbench/api/node/extensionHostProcess.js:175:20497)
	at n.acceptFrame (/home/ndao/.vscode-server/bin/5437499feb04f7a586f677b155b039bc2b3669eb/out/vs/workbench/api/node/extensionHostProcess.js:175:20303)
	at g.n (/home/ndao/.vscode-server/bin/5437499feb04f7a586f677b155b039bc2b3669eb/out/vs/workbench/api/node/extensionHostProcess.js:175:18748)
	at /home/ndao/.vscode-server/bin/5437499feb04f7a586f677b155b039bc2b3669eb/out/vs/workbench/api/node/extensionHostProcess.js:175:15675
	at Socket.w (/home/ndao/.vscode-server/bin/5437499feb04f7a586f677b155b039bc2b3669eb/out/vs/workbench/api/node/extensionHostProcess.js:175:13305)
	at Socket.emit (node:events:518:28)
	at addChunk (node:internal/streams/readable:559:12)
	at readableAddChunkPushByteMode (node:internal/streams/readable:510:3)
	at Readable.push (node:internal/streams/readable:390:5)
	at TCP.onStreamRead (node:internal/stream_base_commons:190:23) setContext undefined
2024-07-04 09:06:59.515 [error] ProxyResolver#addCertificatesV1 Canceled: Canceled
	at new A (/home/ndao/.vscode-server/bin/5437499feb04f7a586f677b155b039bc2b3669eb/out/vs/workbench/api/node/extensionHostProcess.js:145:50615)
	at E.U (/home/ndao/.vscode-server/bin/5437499feb04f7a586f677b155b039bc2b3669eb/out/vs/workbench/api/node/extensionHostProcess.js:152:6007)
	at z.<computed>.M.charCodeAt.R.CharCode.DollarSign.z.<computed> (/home/ndao/.vscode-server/bin/5437499feb04f7a586f677b155b039bc2b3669eb/out/vs/workbench/api/node/extensionHostProcess.js:152:3091)
	at N.loadCertificates (/home/ndao/.vscode-server/bin/5437499feb04f7a586f677b155b039bc2b3669eb/out/vs/workbench/api/node/extensionHostProcess.js:158:43331)
	at Object.loadAdditionalCertificates (/home/ndao/.vscode-server/bin/5437499feb04f7a586f677b155b039bc2b3669eb/out/vs/workbench/api/node/extensionHostProcess.js:140:32097)
	at /home/ndao/.vscode-server/bin/5437499feb04f7a586f677b155b039bc2b3669eb/node_modules/@vscode/proxy-agent/out/index.js:475:53
	at Generator.next (<anonymous>)
	at /home/ndao/.vscode-server/bin/5437499feb04f7a586f677b155b039bc2b3669eb/node_modules/@vscode/proxy-agent/out/index.js:35:71
	at new Promise (<anonymous>)
	at __awaiter (/home/ndao/.vscode-server/bin/5437499feb04f7a586f677b155b039bc2b3669eb/node_modules/@vscode/proxy-agent/out/index.js:31:12)
	at /home/ndao/.vscode-server/bin/5437499feb04f7a586f677b155b039bc2b3669eb/node_modules/@vscode/proxy-agent/out/index.js:474:43
	at /home/ndao/.vscode-server/bin/5437499feb04f7a586f677b155b039bc2b3669eb/node_modules/@vscode/proxy-agent/out/index.js:476:16
	at Generator.next (<anonymous>)
	at /home/ndao/.vscode-server/bin/5437499feb04f7a586f677b155b039bc2b3669eb/node_modules/@vscode/proxy-agent/out/index.js:35:71
	at new Promise (<anonymous>)
	at __awaiter (/home/ndao/.vscode-server/bin/5437499feb04f7a586f677b155b039bc2b3669eb/node_modules/@vscode/proxy-agent/out/index.js:31:12)
	at getOrLoadAdditionalCertificates (/home/ndao/.vscode-server/bin/5437499feb04f7a586f677b155b039bc2b3669eb/node_modules/@vscode/proxy-agent/out/index.js:472:12)
	at addCertificatesV1 (/home/ndao/.vscode-server/bin/5437499feb04f7a586f677b155b039bc2b3669eb/node_modules/@vscode/proxy-agent/out/index.js:456:9)
	at resolveProxy (/home/ndao/.vscode-server/bin/5437499feb04f7a586f677b155b039bc2b3669eb/node_modules/@vscode/proxy-agent/out/index.js:112:9)
	at /home/ndao/.vscode-server/bin/5437499feb04f7a586f677b155b039bc2b3669eb/node_modules/@vscode/proxy-agent/out/index.js:303:77
	at new Promise (<anonymous>)
	at _PacProxyAgent.resolveP [as resolver] (/home/ndao/.vscode-server/bin/5437499feb04f7a586f677b155b039bc2b3669eb/node_modules/@vscode/proxy-agent/out/index.js:303:54)
	at _PacProxyAgent.<anonymous> (/home/ndao/.vscode-server/bin/5437499feb04f7a586f677b155b039bc2b3669eb/node_modules/@vscode/proxy-agent/out/agent.js:70:37)
	at Generator.next (<anonymous>)
	at /home/ndao/.vscode-server/bin/5437499feb04f7a586f677b155b039bc2b3669eb/node_modules/@vscode/proxy-agent/out/agent.js:8:71
	at new Promise (<anonymous>)
	at __awaiter (/home/ndao/.vscode-server/bin/5437499feb04f7a586f677b155b039bc2b3669eb/node_modules/@vscode/proxy-agent/out/agent.js:4:12)
	at _PacProxyAgent.connect (/home/ndao/.vscode-server/bin/5437499feb04f7a586f677b155b039bc2b3669eb/node_modules/@vscode/proxy-agent/out/agent.js:52:16)
	at /home/ndao/.vscode-server/bin/5437499feb04f7a586f677b155b039bc2b3669eb/node_modules/agent-base/dist/index.js:73:30
	at process.processTicksAndRejections (node:internal/process/task_queues:95:5)
2024-07-04 09:06:59.516 [info] Extension host with pid 4516 exiting with code 0
