2024-06-26 07:41:05.337 [info] Experiment 'pythonCreateEnvOnPipInstall' is active
2024-06-26 07:41:05.337 [info] Experiment 'pythonRecommendTensorboardExt' is active
2024-06-26 07:41:05.337 [info] Experiment 'pythonTerminalEnvVarActivation' is active
2024-06-26 07:41:05.337 [info] Experiment 'pythonTestAdapter' is active
2024-06-26 07:41:05.337 [info] Default formatter is set to null for workspace /home/ndao/DB_Provisionning
2024-06-26 07:41:05.337 [info] Starting Environment refresh
2024-06-26 07:41:05.337 [info] > hatch env show --json
2024-06-26 07:41:05.337 [info] cwd: .
2024-06-26 07:41:05.424 [info] Starting Environment refresh
2024-06-26 07:41:05.707 [info] > C:\Users\Admin\AppData\Local\Programs\Python\Python312\python.exe -I ~/.vscode-server/extensions/ms-python.python-2024.8.1/python_files/get_output_via_markers.py ~/.vscode-server/extensions/ms-python.python-2024.8.1/python_files/interpreterInfo.py
2024-06-26 07:41:05.708 [info] Environments refresh paths discovered: 906 milliseconds
2024-06-26 07:41:05.733 [info] Environments refresh paths discovered: 309 milliseconds
2024-06-26 07:41:05.879 [error] [Error: Command failed: C:\Users\Admin\AppData\Local\Programs\Python\Python312\python.exe -I /home/ndao/.vscode-server/extensions/ms-python.python-2024.8.1/python_files/get_output_via_markers.py /home/ndao/.vscode-server/extensions/ms-python.python-2024.8.1/python_files/interpreterInfo.py
/bin/sh: 1: C:UsersAdminAppDataLocalProgramsPythonPython312python.exe: not found

	at ChildProcess.exithandler (node:child_process:423:12)
	at ChildProcess.emit (node:events:530:35)
	at maybeClose (node:internal/child_process:1105:16)
	at Socket.<anonymous> (node:internal/child_process:457:11)
	at Socket.emit (node:events:518:28)
	at Pipe.<anonymous> (node:net:337:12)] {
  code: 127,
  killed: false,
  signal: null,
  cmd: 'C:\\Users\\Admin\\AppData\\Local\\Programs\\Python\\Python312\\python.exe -I /home/ndao/.vscode-server/extensions/ms-python.python-2024.8.1/python_files/get_output_via_markers.py /home/ndao/.vscode-server/extensions/ms-python.python-2024.8.1/python_files/interpreterInfo.py'
}
2024-06-26 07:41:07.885 [info] > C:\Users\Admin\AppData\Local\Programs\Python\Python312\python.exe -I ~/.vscode-server/extensions/ms-python.python-2024.8.1/python_files/get_output_via_markers.py ~/.vscode-server/extensions/ms-python.python-2024.8.1/python_files/interpreterInfo.py
2024-06-26 07:41:07.942 [error] [Error: Command failed: C:\Users\Admin\AppData\Local\Programs\Python\Python312\python.exe -I /home/ndao/.vscode-server/extensions/ms-python.python-2024.8.1/python_files/get_output_via_markers.py /home/ndao/.vscode-server/extensions/ms-python.python-2024.8.1/python_files/interpreterInfo.py
/bin/sh: 1: C:UsersAdminAppDataLocalProgramsPythonPython312python.exe: not found

	at ChildProcess.exithandler (node:child_process:423:12)
	at ChildProcess.emit (node:events:530:35)
	at maybeClose (node:internal/child_process:1105:16)
	at ChildProcess._handle.onexit (node:internal/child_process:305:5)] {
  code: 127,
  killed: false,
  signal: null,
  cmd: 'C:\\Users\\Admin\\AppData\\Local\\Programs\\Python\\Python312\\python.exe -I /home/ndao/.vscode-server/extensions/ms-python.python-2024.8.1/python_files/get_output_via_markers.py /home/ndao/.vscode-server/extensions/ms-python.python-2024.8.1/python_files/interpreterInfo.py'
}
2024-06-26 07:41:07.943 [info] Environments refresh finished (event): 3141 milliseconds
2024-06-26 07:41:07.944 [info] Environments refresh finished (event): 2519 milliseconds
2024-06-26 07:41:07.949 [info] Environment refresh took 3149 milliseconds
2024-06-26 07:41:07.951 [info] Environment refresh took 2526 milliseconds
2024-06-26 07:41:07.959 [info] > pyenv which python
2024-06-26 07:41:07.959 [info] cwd: .
2024-06-26 07:41:08.011 [info] Python interpreter path: /bin/python3
2024-06-26 07:41:10.334 [info] Starting Pylance language server.
2024-06-26 08:35:21.001 [info] Discover tests for workspace name: undefined - uri: c:/Users/dalom/AppData/Roaming/Code/User/settings.json
2024-06-26 08:35:22.398 [info] Discover tests for workspace name: undefined - uri: c:/Users/dalom/AppData/Roaming/Code/User/settings.json
2024-06-26 08:36:00.833 [info] Discover tests for workspace name: undefined - uri: c:/Users/dalom/AppData/Roaming/Code/User/settings.json
2024-06-26 08:36:01.167 [info] Discover tests for workspace name: undefined - uri: c:/Users/dalom/AppData/Roaming/Code/User/settings.json
2024-06-26 08:53:03.840 [info] Discover tests for workspace name: undefined - uri: c:/Users/dalom/AppData/Roaming/Code/User/settings.json
2024-06-26 08:53:04.705 [info] Discover tests for workspace name: undefined - uri: c:/Users/dalom/AppData/Roaming/Code/User/settings.json
2024-06-26 08:53:05.052 [info] Discover tests for workspace name: undefined - uri: c:/Users/dalom/AppData/Roaming/Code/User/settings.json
2024-06-26 08:53:05.381 [info] Discover tests for workspace name: undefined - uri: c:/Users/dalom/AppData/Roaming/Code/User/settings.json
2024-06-26 08:53:06.118 [info] Discover tests for workspace name: undefined - uri: c:/Users/dalom/AppData/Roaming/Code/User/settings.json
2024-06-26 08:53:06.557 [info] Discover tests for workspace name: undefined - uri: c:/Users/dalom/AppData/Roaming/Code/User/settings.json
2024-06-26 08:53:06.871 [info] Discover tests for workspace name: undefined - uri: c:/Users/dalom/AppData/Roaming/Code/User/settings.json
2024-06-26 08:53:07.223 [info] Discover tests for workspace name: undefined - uri: c:/Users/dalom/AppData/Roaming/Code/User/settings.json
2024-06-26 08:53:07.498 [info] Discover tests for workspace name: undefined - uri: c:/Users/dalom/AppData/Roaming/Code/User/settings.json
2024-06-26 08:57:49.976 [info] Discover tests for workspace name: undefined - uri: c:/Users/dalom/AppData/Roaming/Code/User/settings.json
2024-06-26 09:11:15.435 [info] Discover tests for workspace name: undefined - uri: c:/Users/dalom/AppData/Roaming/Code/User/settings.json
2024-06-26 09:11:16.318 [info] Discover tests for workspace name: undefined - uri: c:/Users/dalom/AppData/Roaming/Code/User/settings.json
2024-06-26 09:39:07.161 [info] Discover tests for workspace name: undefined - uri: c:/Users/dalom/AppData/Roaming/Code/User/settings.json
2024-06-26 09:39:08.242 [info] Discover tests for workspace name: undefined - uri: c:/Users/dalom/AppData/Roaming/Code/User/settings.json
2024-06-26 10:07:39.917 [info] Discover tests for workspace name: undefined - uri: c:/Users/dalom/AppData/Roaming/Code/User/settings.json
2024-06-26 10:07:41.175 [info] Discover tests for workspace name: undefined - uri: c:/Users/dalom/AppData/Roaming/Code/User/settings.json
2024-06-26 10:07:41.428 [info] Discover tests for workspace name: undefined - uri: c:/Users/dalom/AppData/Roaming/Code/User/settings.json
2024-06-26 10:07:42.277 [info] Discover tests for workspace name: undefined - uri: c:/Users/dalom/AppData/Roaming/Code/User/settings.json
2024-06-26 10:09:10.242 [info] Discover tests for workspace name: undefined - uri: c:/Users/dalom/AppData/Roaming/Code/User/settings.json
2024-06-26 10:09:26.118 [info] Discover tests for workspace name: undefined - uri: c:/Users/dalom/AppData/Roaming/Code/User/settings.json
