2024-06-26 07:41:09.322 [info] (Client) Pylance async client (2024.6.1) started with python extension (2024.8.1)
2024-06-26 07:41:10.274 [info] [Info  - 7:41:10 AM] (780) Pylance language server 2024.6.1 (pyright version 1.1.364, commit 0618acc5) starting
2024-06-26 07:41:10.274 [info] [Info  - 7:41:10 AM] (780) Server root directory: file:///home/ndao/.vscode-server/extensions/ms-python.vscode-pylance-2024.6.1/dist
2024-06-26 07:41:10.291 [info] [Info  - 7:41:10 AM] (780) Starting service instance "DB_Provisionning"
2024-06-26 07:41:10.342 [info] Auto-Indent enabled
2024-06-26 07:41:10.366 [info] Auto-Indent enabled
2024-06-26 07:41:10.369 [info] [Info  - 7:41:10 AM] (780) Setting pythonPath for service "DB_Provisionning": "/bin/python3"
2024-06-26 07:41:10.369 [info] [Info  - 7:41:10 AM] (780) Setting environmentName for service "DB_Provisionning": "3.8.10 (global)"
2024-06-26 07:41:10.415 [info] [Info  - 7:41:10 AM] (780) Assuming Python version 3.8.10.final.0
2024-06-26 07:41:10.622 [info] [Info  - 7:41:10 AM] (780) No source files found.
2024-06-26 07:41:10.627 [info] Auto-Indent enabled
2024-06-26 07:41:10.950 [info] [Info  - 7:41:10 AM] (780) Background analysis(1) root directory: file:///home/ndao/.vscode-server/extensions/ms-python.vscode-pylance-2024.6.1/dist
2024-06-26 07:41:10.954 [info] [Info  - 7:41:10 AM] (780) Background analysis(1) started
2024-06-26 08:35:21.138 [info] Auto-Indent enabled
2024-06-26 08:35:21.140 [info] [Info  - 8:35:21 AM] (780) Setting pythonPath for service "DB_Provisionning": "/bin/python3"
2024-06-26 08:35:21.142 [info] [Info  - 8:35:21 AM] (780) Setting environmentName for service "DB_Provisionning": "3.8.10 (global)"
2024-06-26 08:35:21.209 [info] [Info  - 8:35:21 AM] (780) Assuming Python version 3.8.10.final.0
2024-06-26 08:35:21.828 [info] [Info  - 8:35:21 AM] (780) No source files found.
2024-06-26 08:35:21.831 [info] Auto-Indent enabled
2024-06-26 08:35:22.274 [info] Auto-Indent enabled
2024-06-26 08:35:22.275 [info] [Info  - 8:35:22 AM] (780) Setting pythonPath for service "DB_Provisionning": "/bin/python3"
2024-06-26 08:35:22.276 [info] [Info  - 8:35:22 AM] (780) Setting environmentName for service "DB_Provisionning": "3.8.10 (global)"
2024-06-26 08:35:22.409 [info] [Info  - 8:35:22 AM] (780) Assuming Python version 3.8.10.final.0
2024-06-26 08:35:22.900 [info] [Info  - 8:35:22 AM] (780) No source files found.
2024-06-26 08:35:22.902 [info] Auto-Indent enabled
2024-06-26 08:36:00.791 [info] Auto-Indent enabled
2024-06-26 08:36:00.792 [info] [Info  - 8:36:00 AM] (780) Setting pythonPath for service "DB_Provisionning": "/bin/python3"
2024-06-26 08:36:00.792 [info] [Info  - 8:36:00 AM] (780) Setting environmentName for service "DB_Provisionning": "3.8.10 (global)"
2024-06-26 08:36:00.868 [info] [Info  - 8:36:00 AM] (780) Assuming Python version 3.8.10.final.0
2024-06-26 08:36:01.324 [info] [Info  - 8:36:01 AM] (780) No source files found.
2024-06-26 08:36:01.328 [info] Auto-Indent enabled
2024-06-26 08:36:01.368 [info] Auto-Indent enabled
2024-06-26 08:36:01.368 [info] [Info  - 8:36:01 AM] (780) Setting pythonPath for service "DB_Provisionning": "/bin/python3"
2024-06-26 08:36:01.368 [info] [Info  - 8:36:01 AM] (780) Setting environmentName for service "DB_Provisionning": "3.8.10 (global)"
2024-06-26 08:36:01.392 [info] [Info  - 8:36:01 AM] (780) Assuming Python version 3.8.10.final.0
2024-06-26 08:36:01.718 [info] [Info  - 8:36:01 AM] (780) No source files found.
2024-06-26 08:36:01.720 [info] Auto-Indent enabled
2024-06-26 08:53:03.773 [info] Auto-Indent enabled
2024-06-26 08:53:03.774 [info] [Info  - 8:53:03 AM] (780) Setting pythonPath for service "DB_Provisionning": "/bin/python3"
2024-06-26 08:53:03.774 [info] [Info  - 8:53:03 AM] (780) Setting environmentName for service "DB_Provisionning": "3.8.10 (global)"
2024-06-26 08:53:03.824 [info] [Info  - 8:53:03 AM] (780) Assuming Python version 3.8.10.final.0
2024-06-26 08:53:04.186 [info] [Info  - 8:53:04 AM] (780) No source files found.
2024-06-26 08:53:04.188 [info] Auto-Indent enabled
2024-06-26 08:53:04.656 [info] Auto-Indent enabled
2024-06-26 08:53:04.674 [info] [Info  - 8:53:04 AM] (780) Setting pythonPath for service "DB_Provisionning": "/bin/python3"
2024-06-26 08:53:04.674 [info] [Info  - 8:53:04 AM] (780) Setting environmentName for service "DB_Provisionning": "3.8.10 (global)"
2024-06-26 08:53:04.747 [info] [Info  - 8:53:04 AM] (780) Assuming Python version 3.8.10.final.0
2024-06-26 08:53:05.336 [info] [Info  - 8:53:05 AM] (780) No source files found.
2024-06-26 08:53:05.341 [info] Auto-Indent enabled
2024-06-26 08:53:05.403 [info] Auto-Indent enabled
2024-06-26 08:53:05.404 [info] [Info  - 8:53:05 AM] (780) Setting pythonPath for service "DB_Provisionning": "/bin/python3"
2024-06-26 08:53:05.404 [info] [Info  - 8:53:05 AM] (780) Setting environmentName for service "DB_Provisionning": "3.8.10 (global)"
2024-06-26 08:53:05.469 [info] [Info  - 8:53:05 AM] (780) Assuming Python version 3.8.10.final.0
2024-06-26 08:53:05.802 [info] [Info  - 8:53:05 AM] (780) No source files found.
2024-06-26 08:53:05.806 [info] Auto-Indent enabled
2024-06-26 08:53:05.813 [info] Auto-Indent enabled
2024-06-26 08:53:05.814 [info] [Info  - 8:53:05 AM] (780) Setting pythonPath for service "DB_Provisionning": "/bin/python3"
2024-06-26 08:53:05.814 [info] [Info  - 8:53:05 AM] (780) Setting environmentName for service "DB_Provisionning": "3.8.10 (global)"
2024-06-26 08:53:05.999 [info] [Info  - 8:53:05 AM] (780) Assuming Python version 3.8.10.final.0
2024-06-26 08:53:06.307 [info] [Info  - 8:53:06 AM] (780) No source files found.
2024-06-26 08:53:06.314 [info] Auto-Indent enabled
2024-06-26 08:53:06.444 [info] Auto-Indent enabled
2024-06-26 08:53:06.444 [info] [Info  - 8:53:06 AM] (780) Setting pythonPath for service "DB_Provisionning": "/bin/python3"
2024-06-26 08:53:06.457 [info] [Info  - 8:53:06 AM] (780) Setting environmentName for service "DB_Provisionning": "3.8.10 (global)"
2024-06-26 08:53:06.562 [info] [Info  - 8:53:06 AM] (780) Assuming Python version 3.8.10.final.0
2024-06-26 08:53:07.576 [info] [Info  - 8:53:07 AM] (780) No source files found.
2024-06-26 08:53:07.633 [info] Auto-Indent enabled
2024-06-26 08:53:07.642 [info] Auto-Indent enabled
2024-06-26 08:53:07.643 [info] [Info  - 8:53:07 AM] (780) Setting pythonPath for service "DB_Provisionning": "/bin/python3"
2024-06-26 08:53:07.643 [info] [Info  - 8:53:07 AM] (780) Setting environmentName for service "DB_Provisionning": "3.8.10 (global)"
2024-06-26 08:53:07.643 [info] [Info  - 8:53:07 AM] (780) Assuming Python version 3.8.10.final.0
2024-06-26 08:53:07.957 [info] [Info  - 8:53:07 AM] (780) No source files found.
2024-06-26 08:53:07.958 [info] Auto-Indent enabled
2024-06-26 08:53:08.000 [info] Auto-Indent enabled
2024-06-26 08:53:08.000 [info] [Info  - 8:53:08 AM] (780) Setting pythonPath for service "DB_Provisionning": "/bin/python3"
2024-06-26 08:53:08.000 [info] [Info  - 8:53:08 AM] (780) Setting environmentName for service "DB_Provisionning": "3.8.10 (global)"
2024-06-26 08:53:08.036 [info] [Info  - 8:53:08 AM] (780) Assuming Python version 3.8.10.final.0
2024-06-26 08:53:08.347 [info] [Info  - 8:53:08 AM] (780) No source files found.
2024-06-26 08:53:08.348 [info] Auto-Indent enabled
2024-06-26 08:53:08.351 [info] Auto-Indent enabled
2024-06-26 08:53:08.353 [info] [Info  - 8:53:08 AM] (780) Setting pythonPath for service "DB_Provisionning": "/bin/python3"
2024-06-26 08:53:08.354 [info] [Info  - 8:53:08 AM] (780) Setting environmentName for service "DB_Provisionning": "3.8.10 (global)"
2024-06-26 08:53:08.428 [info] [Info  - 8:53:08 AM] (780) Assuming Python version 3.8.10.final.0
2024-06-26 08:53:08.716 [info] [Info  - 8:53:08 AM] (780) No source files found.
2024-06-26 08:53:08.717 [info] Auto-Indent enabled
2024-06-26 08:53:08.724 [info] Auto-Indent enabled
2024-06-26 08:53:08.726 [info] [Info  - 8:53:08 AM] (780) Setting pythonPath for service "DB_Provisionning": "/bin/python3"
2024-06-26 08:53:08.726 [info] [Info  - 8:53:08 AM] (780) Setting environmentName for service "DB_Provisionning": "3.8.10 (global)"
2024-06-26 08:53:08.806 [info] [Info  - 8:53:08 AM] (780) Assuming Python version 3.8.10.final.0
2024-06-26 08:53:09.051 [info] [Info  - 8:53:09 AM] (780) No source files found.
2024-06-26 08:53:09.052 [info] Auto-Indent enabled
2024-06-26 08:57:49.907 [info] Auto-Indent enabled
2024-06-26 08:57:49.920 [info] [Info  - 8:57:49 AM] (780) Setting pythonPath for service "DB_Provisionning": "/bin/python3"
2024-06-26 08:57:49.944 [info] [Info  - 8:57:49 AM] (780) Setting environmentName for service "DB_Provisionning": "3.8.10 (global)"
2024-06-26 08:57:49.963 [info] [Info  - 8:57:49 AM] (780) Assuming Python version 3.8.10.final.0
2024-06-26 08:57:50.281 [info] [Info  - 8:57:50 AM] (780) No source files found.
2024-06-26 08:57:50.286 [info] Auto-Indent enabled
2024-06-26 09:11:15.313 [info] Auto-Indent enabled
2024-06-26 09:11:15.314 [info] [Info  - 9:11:15 AM] (780) Setting pythonPath for service "DB_Provisionning": "/bin/python3"
2024-06-26 09:11:15.314 [info] [Info  - 9:11:15 AM] (780) Setting environmentName for service "DB_Provisionning": "3.8.10 (global)"
2024-06-26 09:11:15.348 [info] [Info  - 9:11:15 AM] (780) Assuming Python version 3.8.10.final.0
2024-06-26 09:11:15.648 [info] [Info  - 9:11:15 AM] (780) No source files found.
2024-06-26 09:11:15.649 [info] Auto-Indent enabled
2024-06-26 09:11:16.104 [info] Auto-Indent enabled
2024-06-26 09:11:16.105 [info] [Info  - 9:11:16 AM] (780) Setting pythonPath for service "DB_Provisionning": "/bin/python3"
2024-06-26 09:11:16.105 [info] [Info  - 9:11:16 AM] (780) Setting environmentName for service "DB_Provisionning": "3.8.10 (global)"
2024-06-26 09:11:16.152 [info] [Info  - 9:11:16 AM] (780) Assuming Python version 3.8.10.final.0
2024-06-26 09:11:16.494 [info] [Info  - 9:11:16 AM] (780) No source files found.
2024-06-26 09:11:16.495 [info] Auto-Indent enabled
2024-06-26 09:39:06.989 [info] Auto-Indent enabled
2024-06-26 09:39:06.990 [info] [Info  - 9:39:06 AM] (780) Setting pythonPath for service "DB_Provisionning": "/bin/python3"
2024-06-26 09:39:06.990 [info] [Info  - 9:39:06 AM] (780) Setting environmentName for service "DB_Provisionning": "3.8.10 (global)"
2024-06-26 09:39:07.022 [info] [Info  - 9:39:07 AM] (780) Assuming Python version 3.8.10.final.0
2024-06-26 09:39:07.226 [info] [Info  - 9:39:07 AM] (780) No source files found.
2024-06-26 09:39:07.227 [info] Auto-Indent enabled
2024-06-26 09:39:08.044 [info] Auto-Indent enabled
2024-06-26 09:39:08.048 [info] [Info  - 9:39:08 AM] (780) Setting pythonPath for service "DB_Provisionning": "/bin/python3"
2024-06-26 09:39:08.049 [info] [Info  - 9:39:08 AM] (780) Setting environmentName for service "DB_Provisionning": "3.8.10 (global)"
2024-06-26 09:39:08.082 [info] [Info  - 9:39:08 AM] (780) Assuming Python version 3.8.10.final.0
2024-06-26 09:39:08.392 [info] [Info  - 9:39:08 AM] (780) No source files found.
2024-06-26 09:39:08.393 [info] Auto-Indent enabled
2024-06-26 10:07:39.817 [info] Auto-Indent enabled
2024-06-26 10:07:39.818 [info] [Info  - 10:07:39 AM] (780) Setting pythonPath for service "DB_Provisionning": "/bin/python3"
2024-06-26 10:07:39.818 [info] [Info  - 10:07:39 AM] (780) Setting environmentName for service "DB_Provisionning": "3.8.10 (global)"
2024-06-26 10:07:39.916 [info] [Info  - 10:07:39 AM] (780) Assuming Python version 3.8.10.final.0
2024-06-26 10:07:40.221 [info] [Info  - 10:07:40 AM] (780) No source files found.
2024-06-26 10:07:40.223 [info] Auto-Indent enabled
2024-06-26 10:07:41.022 [info] Auto-Indent enabled
2024-06-26 10:07:41.027 [info] [Info  - 10:07:41 AM] (780) Setting pythonPath for service "DB_Provisionning": "/bin/python3"
2024-06-26 10:07:41.028 [info] [Info  - 10:07:41 AM] (780) Setting environmentName for service "DB_Provisionning": "3.8.10 (global)"
2024-06-26 10:07:41.109 [info] [Info  - 10:07:41 AM] (780) Assuming Python version 3.8.10.final.0
2024-06-26 10:07:41.476 [info] [Info  - 10:07:41 AM] (780) No source files found.
2024-06-26 10:07:41.477 [info] Auto-Indent enabled
2024-06-26 10:07:41.494 [info] Auto-Indent enabled
2024-06-26 10:07:41.495 [info] [Info  - 10:07:41 AM] (780) Setting pythonPath for service "DB_Provisionning": "/bin/python3"
2024-06-26 10:07:41.495 [info] [Info  - 10:07:41 AM] (780) Setting environmentName for service "DB_Provisionning": "3.8.10 (global)"
2024-06-26 10:07:41.533 [info] [Info  - 10:07:41 AM] (780) Assuming Python version 3.8.10.final.0
2024-06-26 10:07:41.872 [info] [Info  - 10:07:41 AM] (780) No source files found.
2024-06-26 10:07:41.873 [info] Auto-Indent enabled
2024-06-26 10:07:42.175 [info] Auto-Indent enabled
2024-06-26 10:07:42.177 [info] [Info  - 10:07:42 AM] (780) Setting pythonPath for service "DB_Provisionning": "/bin/python3"
2024-06-26 10:07:42.178 [info] [Info  - 10:07:42 AM] (780) Setting environmentName for service "DB_Provisionning": "3.8.10 (global)"
2024-06-26 10:07:42.261 [info] [Info  - 10:07:42 AM] (780) Assuming Python version 3.8.10.final.0
2024-06-26 10:07:42.603 [info] [Info  - 10:07:42 AM] (780) No source files found.
2024-06-26 10:07:42.606 [info] Auto-Indent enabled
2024-06-26 10:09:10.263 [info] Auto-Indent enabled
2024-06-26 10:09:10.264 [info] [Info  - 10:09:10 AM] (780) Setting pythonPath for service "DB_Provisionning": "/bin/python3"
2024-06-26 10:09:10.269 [info] [Info  - 10:09:10 AM] (780) Setting environmentName for service "DB_Provisionning": "3.8.10 (global)"
2024-06-26 10:09:10.312 [info] [Info  - 10:09:10 AM] (780) Assuming Python version 3.8.10.final.0
2024-06-26 10:09:10.891 [info] [Info  - 10:09:10 AM] (780) No source files found.
2024-06-26 10:09:10.893 [info] Auto-Indent enabled
2024-06-26 10:09:25.989 [info] Auto-Indent enabled
2024-06-26 10:09:25.991 [info] [Info  - 10:09:25 AM] (780) Setting pythonPath for service "DB_Provisionning": "/bin/python3"
2024-06-26 10:09:25.993 [info] [Info  - 10:09:25 AM] (780) Setting environmentName for service "DB_Provisionning": "3.8.10 (global)"
2024-06-26 10:09:26.080 [info] [Info  - 10:09:26 AM] (780) Assuming Python version 3.8.10.final.0
2024-06-26 10:09:26.510 [info] [Info  - 10:09:26 AM] (780) No source files found.
2024-06-26 10:09:26.512 [info] Auto-Indent enabled
