2024-06-05 11:59:26.567 [info] Extension host with pid 86 started
2024-06-05 11:59:26.567 [error] Error: EEXIST: file already exists, open '/home/ndao/.vscode-server/data/User/workspaceStorage/38a21d1cb963b8ec61341b0b4eb2fb76/vscode.lock'
2024-06-05 11:59:26.579 [info] Lock '/home/ndao/.vscode-server/data/User/workspaceStorage/38a21d1cb963b8ec61341b0b4eb2fb76/vscode.lock': Could not acquire lock, checking if the file is stale.
2024-06-05 11:59:26.587 [info] Lock '/home/ndao/.vscode-server/data/User/workspaceStorage/38a21d1cb963b8ec61341b0b4eb2fb76/vscode.lock': The pid 153 appears to be gone.
2024-06-05 11:59:26.587 [info] Lock '/home/ndao/.vscode-server/data/User/workspaceStorage/38a21d1cb963b8ec61341b0b4eb2fb76/vscode.lock': Deleting a stale lock.
2024-06-05 11:59:26.646 [info] ExtensionService#_doActivateExtension vscode.emmet, startup: false, activationEvent: 'onLanguage'
2024-06-05 11:59:26.649 [info] ExtensionService#_doActivateExtension ms-python.python, startup: false, activationEvent: 'onLanguage:yaml', root cause: redhat.ansible
2024-06-05 11:59:26.650 [info] ExtensionService#_doActivateExtension redhat.vscode-yaml, startup: false, activationEvent: 'onLanguage:yaml', root cause: redhat.ansible
2024-06-05 11:59:27.574 [info] Lock '/home/ndao/.vscode-server/data/User/workspaceStorage/38a21d1cb963b8ec61341b0b4eb2fb76/vscode.lock': Lock acquired.
2024-06-05 11:59:27.985 [info] ExtensionService#_doActivateExtension vscode.git-base, startup: true, activationEvent: '*', root cause: vscode.git
2024-06-05 11:59:28.155 [info] ExtensionService#_doActivateExtension vscode.git, startup: true, activationEvent: '*'
2024-06-05 11:59:28.156 [info] ExtensionService#_doActivateExtension vscode.github, startup: true, activationEvent: '*'
2024-06-05 11:59:28.598 [info] ExtensionService#_doActivateExtension redhat.ansible, startup: false, activationEvent: 'onLanguage:yaml'
2024-06-05 11:59:29.239 [info] Eager extensions activated
2024-06-05 11:59:29.239 [info] ExtensionService#_doActivateExtension vscode.debug-auto-launch, startup: false, activationEvent: 'onStartupFinished'
2024-06-05 11:59:29.239 [info] ExtensionService#_doActivateExtension vscode.merge-conflict, startup: false, activationEvent: 'onStartupFinished'
2024-06-05 11:59:29.240 [info] ExtensionService#_doActivateExtension Bito.Bito, startup: false, activationEvent: 'onStartupFinished'
2024-06-05 11:59:31.694 [warning] [redhat.vscode-yaml] Accessing a resource scoped configuration without providing a resource is not expected. To get the effective value for '[yaml]', provide the URI of a resource or 'null' for any resource.
2024-06-05 11:59:31.702 [warning] [redhat.vscode-yaml] Accessing a resource scoped configuration without providing a resource is not expected. To get the effective value for '[yaml]', provide the URI of a resource or 'null' for any resource.
2024-06-05 11:59:31.948 [info] ExtensionService#_doActivateExtension ms-python.vscode-pylance, startup: false, activationEvent: 'api', root cause: ms-python.python
2024-06-05 12:05:24.226 [warning] [Decorations] CAPPING events from decorations provider vscode.git 3079
2024-06-05 12:05:29.385 [warning] [Decorations] CAPPING events from decorations provider vscode.git 3079
2024-06-05 12:05:34.527 [warning] [Decorations] CAPPING events from decorations provider vscode.git 3079
2024-06-05 12:05:39.707 [warning] [Decorations] CAPPING events from decorations provider vscode.git 3079
2024-06-05 12:05:44.895 [warning] [Decorations] CAPPING events from decorations provider vscode.git 3079
2024-06-05 12:05:50.046 [warning] [Decorations] CAPPING events from decorations provider vscode.git 3079
2024-06-05 14:35:55.768 [warning] [Decorations] CAPPING events from decorations provider vscode.git 3080
2024-06-05 14:36:00.909 [warning] [Decorations] CAPPING events from decorations provider vscode.git 3080
2024-06-05 14:36:06.045 [warning] [Decorations] CAPPING events from decorations provider vscode.git 3080
2024-06-05 14:36:11.181 [warning] [Decorations] CAPPING events from decorations provider vscode.git 3080
2024-06-05 14:36:16.319 [warning] [Decorations] CAPPING events from decorations provider vscode.git 3080
2024-06-05 14:36:21.492 [warning] [Decorations] CAPPING events from decorations provider vscode.git 3080
2024-06-05 14:36:26.620 [warning] [Decorations] CAPPING events from decorations provider vscode.git 3080
2024-06-05 14:36:31.789 [warning] [Decorations] CAPPING events from decorations provider vscode.git 3080
2024-06-05 14:36:36.916 [warning] [Decorations] CAPPING events from decorations provider vscode.git 3080
2024-06-05 14:36:42.048 [warning] [Decorations] CAPPING events from decorations provider vscode.git 3080
2024-06-05 14:36:47.192 [warning] [Decorations] CAPPING events from decorations provider vscode.git 3080
2024-06-05 14:36:52.321 [warning] [Decorations] CAPPING events from decorations provider vscode.git 3080
2024-06-05 14:36:57.448 [warning] [Decorations] CAPPING events from decorations provider vscode.git 3080
2024-06-05 14:37:02.918 [warning] [Decorations] CAPPING events from decorations provider vscode.git 3080
2024-06-05 14:37:08.396 [warning] [Decorations] CAPPING events from decorations provider vscode.git 3080
2024-06-05 14:37:13.865 [warning] [Decorations] CAPPING events from decorations provider vscode.git 3080
2024-06-05 14:37:19.491 [warning] [Decorations] CAPPING events from decorations provider vscode.git 3080
2024-06-05 14:37:24.912 [warning] [Decorations] CAPPING events from decorations provider vscode.git 3080
2024-06-05 14:37:30.309 [warning] [Decorations] CAPPING events from decorations provider vscode.git 3080
2024-06-05 14:37:35.736 [warning] [Decorations] CAPPING events from decorations provider vscode.git 3080
2024-06-05 14:37:41.120 [warning] [Decorations] CAPPING events from decorations provider vscode.git 3080
2024-06-05 14:37:46.476 [warning] [Decorations] CAPPING events from decorations provider vscode.git 3080
2024-06-05 14:39:05.554 [warning] [Decorations] CAPPING events from decorations provider vscode.git 3080
2024-06-05 14:39:11.058 [warning] [Decorations] CAPPING events from decorations provider vscode.git 3080
2024-06-05 14:39:16.454 [warning] [Decorations] CAPPING events from decorations provider vscode.git 3080
2024-06-05 14:39:21.867 [warning] [Decorations] CAPPING events from decorations provider vscode.git 3080
2024-06-05 14:39:27.223 [warning] [Decorations] CAPPING events from decorations provider vscode.git 3080
2024-06-05 14:39:32.506 [warning] [Decorations] CAPPING events from decorations provider vscode.git 3080
2024-06-05 14:39:37.809 [warning] [Decorations] CAPPING events from decorations provider vscode.git 3080
2024-06-05 14:39:43.191 [warning] [Decorations] CAPPING events from decorations provider vscode.git 3080
2024-06-05 14:39:48.663 [warning] [Decorations] CAPPING events from decorations provider vscode.git 3080
2024-06-05 14:39:53.955 [warning] [Decorations] CAPPING events from decorations provider vscode.git 3080
2024-06-05 14:39:59.369 [warning] [Decorations] CAPPING events from decorations provider vscode.git 3080
2024-06-05 14:40:04.738 [warning] [Decorations] CAPPING events from decorations provider vscode.git 3080
2024-06-05 14:40:10.074 [warning] [Decorations] CAPPING events from decorations provider vscode.git 3080
2024-06-05 14:40:15.473 [warning] [Decorations] CAPPING events from decorations provider vscode.git 3080
2024-06-05 14:40:20.749 [warning] [Decorations] CAPPING events from decorations provider vscode.git 3080
2024-06-05 14:40:26.183 [warning] [Decorations] CAPPING events from decorations provider vscode.git 3080
2024-06-05 14:40:31.568 [warning] [Decorations] CAPPING events from decorations provider vscode.git 3080
2024-06-05 14:40:36.920 [warning] [Decorations] CAPPING events from decorations provider vscode.git 3080
2024-06-05 14:40:42.296 [warning] [Decorations] CAPPING events from decorations provider vscode.git 3080
2024-06-05 14:40:47.718 [warning] [Decorations] CAPPING events from decorations provider vscode.git 3080
2024-06-05 14:40:53.155 [warning] [Decorations] CAPPING events from decorations provider vscode.git 3080
2024-06-05 14:40:58.424 [warning] [Decorations] CAPPING events from decorations provider vscode.git 3080
2024-06-05 14:41:03.818 [warning] [Decorations] CAPPING events from decorations provider vscode.git 3080
2024-06-05 14:41:09.136 [warning] [Decorations] CAPPING events from decorations provider vscode.git 3080
2024-06-05 14:41:14.486 [warning] [Decorations] CAPPING events from decorations provider vscode.git 3080
2024-06-05 14:41:19.825 [warning] [Decorations] CAPPING events from decorations provider vscode.git 3080
2024-06-05 14:41:25.174 [warning] [Decorations] CAPPING events from decorations provider vscode.git 3080
2024-06-05 14:41:30.686 [warning] [Decorations] CAPPING events from decorations provider vscode.git 3080
2024-06-05 14:41:36.048 [warning] [Decorations] CAPPING events from decorations provider vscode.git 3080
2024-06-05 14:41:41.290 [warning] [Decorations] CAPPING events from decorations provider vscode.git 3080
2024-06-05 14:41:46.651 [warning] [Decorations] CAPPING events from decorations provider vscode.git 3080
2024-06-05 14:41:52.024 [warning] [Decorations] CAPPING events from decorations provider vscode.git 3080
2024-06-05 14:41:57.372 [warning] [Decorations] CAPPING events from decorations provider vscode.git 3080
2024-06-05 14:42:02.766 [warning] [Decorations] CAPPING events from decorations provider vscode.git 3080
2024-06-05 14:42:08.172 [warning] [Decorations] CAPPING events from decorations provider vscode.git 3080
2024-06-05 14:42:13.561 [warning] [Decorations] CAPPING events from decorations provider vscode.git 3080
2024-06-05 14:42:18.933 [warning] [Decorations] CAPPING events from decorations provider vscode.git 3080
2024-06-05 14:42:24.325 [warning] [Decorations] CAPPING events from decorations provider vscode.git 3080
2024-06-05 14:42:29.631 [warning] [Decorations] CAPPING events from decorations provider vscode.git 3080
2024-06-05 14:42:35.011 [warning] [Decorations] CAPPING events from decorations provider vscode.git 3080
2024-06-05 14:42:40.393 [warning] [Decorations] CAPPING events from decorations provider vscode.git 3080
2024-06-05 14:42:45.736 [warning] [Decorations] CAPPING events from decorations provider vscode.git 3080
2024-06-05 14:42:51.123 [warning] [Decorations] CAPPING events from decorations provider vscode.git 3080
2024-06-05 14:42:56.538 [warning] [Decorations] CAPPING events from decorations provider vscode.git 3080
2024-06-05 14:43:01.869 [warning] [Decorations] CAPPING events from decorations provider vscode.git 3080
2024-06-05 14:43:07.173 [warning] [Decorations] CAPPING events from decorations provider vscode.git 3080
2024-06-05 14:43:12.616 [warning] [Decorations] CAPPING events from decorations provider vscode.git 3080
2024-06-05 14:43:17.987 [warning] [Decorations] CAPPING events from decorations provider vscode.git 3080
2024-06-05 14:43:23.334 [warning] [Decorations] CAPPING events from decorations provider vscode.git 3080
2024-06-05 14:43:28.682 [warning] [Decorations] CAPPING events from decorations provider vscode.git 3080
2024-06-05 14:43:34.053 [warning] [Decorations] CAPPING events from decorations provider vscode.git 3080
2024-06-05 14:43:39.321 [warning] [Decorations] CAPPING events from decorations provider vscode.git 3080
2024-06-05 14:43:44.704 [warning] [Decorations] CAPPING events from decorations provider vscode.git 3080
2024-06-05 14:43:50.053 [warning] [Decorations] CAPPING events from decorations provider vscode.git 3080
2024-06-05 14:43:55.445 [warning] [Decorations] CAPPING events from decorations provider vscode.git 3080
2024-06-05 14:44:00.880 [warning] [Decorations] CAPPING events from decorations provider vscode.git 3080
2024-06-05 14:44:06.255 [warning] [Decorations] CAPPING events from decorations provider vscode.git 3080
2024-06-05 14:44:11.649 [warning] [Decorations] CAPPING events from decorations provider vscode.git 3080
2024-06-05 14:44:17.078 [warning] [Decorations] CAPPING events from decorations provider vscode.git 3080
2024-06-05 14:44:22.432 [warning] [Decorations] CAPPING events from decorations provider vscode.git 3080
2024-06-05 14:44:27.843 [warning] [Decorations] CAPPING events from decorations provider vscode.git 3080
2024-06-05 14:44:33.233 [warning] [Decorations] CAPPING events from decorations provider vscode.git 3080
2024-06-05 14:44:38.595 [warning] [Decorations] CAPPING events from decorations provider vscode.git 3080
2024-06-05 14:44:43.962 [warning] [Decorations] CAPPING events from decorations provider vscode.git 3080
2024-06-05 14:44:49.311 [warning] [Decorations] CAPPING events from decorations provider vscode.git 3080
2024-06-05 14:44:54.654 [warning] [Decorations] CAPPING events from decorations provider vscode.git 3080
2024-06-05 14:44:59.971 [warning] [Decorations] CAPPING events from decorations provider vscode.git 3080
2024-06-05 14:45:05.345 [warning] [Decorations] CAPPING events from decorations provider vscode.git 3080
2024-06-05 14:45:10.699 [warning] [Decorations] CAPPING events from decorations provider vscode.git 3080
2024-06-05 14:45:16.044 [warning] [Decorations] CAPPING events from decorations provider vscode.git 3080
2024-06-05 14:45:21.390 [warning] [Decorations] CAPPING events from decorations provider vscode.git 3080
2024-06-05 14:45:26.726 [warning] [Decorations] CAPPING events from decorations provider vscode.git 3080
2024-06-05 14:45:31.998 [warning] [Decorations] CAPPING events from decorations provider vscode.git 3080
2024-06-05 14:45:37.315 [warning] [Decorations] CAPPING events from decorations provider vscode.git 3080
2024-06-05 14:45:42.657 [warning] [Decorations] CAPPING events from decorations provider vscode.git 3080
2024-06-05 14:45:48.031 [warning] [Decorations] CAPPING events from decorations provider vscode.git 3080
2024-06-05 14:45:53.404 [warning] [Decorations] CAPPING events from decorations provider vscode.git 3080
2024-06-05 14:45:59.051 [warning] [Decorations] CAPPING events from decorations provider vscode.git 3080
2024-06-05 14:46:04.455 [warning] [Decorations] CAPPING events from decorations provider vscode.git 3080
2024-06-05 14:46:09.819 [warning] [Decorations] CAPPING events from decorations provider vscode.git 3080
2024-06-05 14:46:15.207 [warning] [Decorations] CAPPING events from decorations provider vscode.git 3080
2024-06-05 14:46:20.571 [warning] [Decorations] CAPPING events from decorations provider vscode.git 3080
2024-06-05 14:46:25.952 [warning] [Decorations] CAPPING events from decorations provider vscode.git 3080
2024-06-05 14:46:31.350 [warning] [Decorations] CAPPING events from decorations provider vscode.git 3080
2024-06-05 14:46:36.868 [warning] [Decorations] CAPPING events from decorations provider vscode.git 3080
2024-06-05 14:46:42.454 [warning] [Decorations] CAPPING events from decorations provider vscode.git 3080
2024-06-05 14:46:47.781 [warning] [Decorations] CAPPING events from decorations provider vscode.git 3080
2024-06-05 14:46:53.176 [warning] [Decorations] CAPPING events from decorations provider vscode.git 3080
2024-06-05 14:46:58.651 [warning] [Decorations] CAPPING events from decorations provider vscode.git 3080
2024-06-05 14:47:04.010 [warning] [Decorations] CAPPING events from decorations provider vscode.git 3080
2024-06-05 14:47:09.371 [warning] [Decorations] CAPPING events from decorations provider vscode.git 3080
2024-06-05 14:47:14.803 [warning] [Decorations] CAPPING events from decorations provider vscode.git 3080
2024-06-05 14:47:20.143 [warning] [Decorations] CAPPING events from decorations provider vscode.git 3080
2024-06-05 14:47:25.555 [warning] [Decorations] CAPPING events from decorations provider vscode.git 3080
2024-06-05 14:47:30.903 [warning] [Decorations] CAPPING events from decorations provider vscode.git 3080
2024-06-05 14:47:36.380 [warning] [Decorations] CAPPING events from decorations provider vscode.git 3080
2024-06-05 14:47:41.737 [warning] [Decorations] CAPPING events from decorations provider vscode.git 3080
2024-06-05 14:47:47.017 [warning] [Decorations] CAPPING events from decorations provider vscode.git 3080
2024-06-05 14:47:52.402 [warning] [Decorations] CAPPING events from decorations provider vscode.git 3080
2024-06-05 14:47:57.760 [warning] [Decorations] CAPPING events from decorations provider vscode.git 3080
2024-06-05 14:48:03.142 [warning] [Decorations] CAPPING events from decorations provider vscode.git 3080
2024-06-05 14:48:08.422 [warning] [Decorations] CAPPING events from decorations provider vscode.git 3080
2024-06-05 14:48:13.826 [warning] [Decorations] CAPPING events from decorations provider vscode.git 3080
2024-06-05 14:48:19.235 [warning] [Decorations] CAPPING events from decorations provider vscode.git 3080
2024-06-05 14:48:24.695 [warning] [Decorations] CAPPING events from decorations provider vscode.git 3080
2024-06-05 14:48:30.091 [warning] [Decorations] CAPPING events from decorations provider vscode.git 3080
2024-06-05 14:48:35.476 [warning] [Decorations] CAPPING events from decorations provider vscode.git 3080
2024-06-05 14:48:40.838 [warning] [Decorations] CAPPING events from decorations provider vscode.git 3080
2024-06-05 14:48:46.191 [warning] [Decorations] CAPPING events from decorations provider vscode.git 3080
2024-06-05 14:48:51.670 [warning] [Decorations] CAPPING events from decorations provider vscode.git 3080
2024-06-05 15:27:11.877 [warning] [Decorations] CAPPING events from decorations provider vscode.git 3080
2024-06-05 15:27:29.261 [warning] [Decorations] CAPPING events from decorations provider vscode.git 3080
2024-06-05 15:27:37.918 [warning] [Decorations] CAPPING events from decorations provider vscode.git 3080
2024-06-05 15:27:43.370 [warning] [Decorations] CAPPING events from decorations provider vscode.git 3080
2024-06-05 15:27:48.733 [warning] [Decorations] CAPPING events from decorations provider vscode.git 3080
2024-06-05 15:27:54.099 [warning] [Decorations] CAPPING events from decorations provider vscode.git 3080
2024-06-05 15:27:59.562 [warning] [Decorations] CAPPING events from decorations provider vscode.git 3081
2024-06-05 15:28:05.103 [warning] [Decorations] CAPPING events from decorations provider vscode.git 3083
2024-06-05 15:28:10.488 [warning] [Decorations] CAPPING events from decorations provider vscode.git 3083
2024-06-05 15:28:15.901 [warning] [Decorations] CAPPING events from decorations provider vscode.git 3083
2024-06-05 15:28:21.251 [warning] [Decorations] CAPPING events from decorations provider vscode.git 3083
2024-06-05 15:28:26.663 [warning] [Decorations] CAPPING events from decorations provider vscode.git 3083
2024-06-05 15:28:32.030 [warning] [Decorations] CAPPING events from decorations provider vscode.git 3083
2024-06-05 15:28:37.411 [warning] [Decorations] CAPPING events from decorations provider vscode.git 3083
2024-06-05 15:28:42.810 [warning] [Decorations] CAPPING events from decorations provider vscode.git 3086
2024-06-05 15:28:48.218 [warning] [Decorations] CAPPING events from decorations provider vscode.git 3086
2024-06-05 15:28:53.619 [warning] [Decorations] CAPPING events from decorations provider vscode.git 3087
2024-06-05 15:28:59.070 [warning] [Decorations] CAPPING events from decorations provider vscode.git 3087
2024-06-05 15:29:04.442 [warning] [Decorations] CAPPING events from decorations provider vscode.git 3087
2024-06-05 15:29:09.779 [warning] [Decorations] CAPPING events from decorations provider vscode.git 3087
2024-06-05 15:29:15.151 [warning] [Decorations] CAPPING events from decorations provider vscode.git 3087
2024-06-05 15:29:20.519 [warning] [Decorations] CAPPING events from decorations provider vscode.git 3087
2024-06-05 15:29:25.838 [warning] [Decorations] CAPPING events from decorations provider vscode.git 3087
2024-06-05 15:29:31.180 [warning] [Decorations] CAPPING events from decorations provider vscode.git 3087
2024-06-05 15:29:36.625 [warning] [Decorations] CAPPING events from decorations provider vscode.git 3087
2024-06-05 15:29:42.057 [warning] [Decorations] CAPPING events from decorations provider vscode.git 3087
2024-06-05 15:29:47.426 [warning] [Decorations] CAPPING events from decorations provider vscode.git 3087
2024-06-05 15:29:52.804 [warning] [Decorations] CAPPING events from decorations provider vscode.git 3087
2024-06-05 15:29:58.154 [warning] [Decorations] CAPPING events from decorations provider vscode.git 3087
2024-06-05 15:30:03.472 [warning] [Decorations] CAPPING events from decorations provider vscode.git 3087
2024-06-05 15:30:08.897 [warning] [Decorations] CAPPING events from decorations provider vscode.git 3087
2024-06-05 15:30:14.362 [warning] [Decorations] CAPPING events from decorations provider vscode.git 3087
2024-06-05 15:30:20.092 [warning] [Decorations] CAPPING events from decorations provider vscode.git 3087
2024-06-05 15:30:25.550 [warning] [Decorations] CAPPING events from decorations provider vscode.git 3087
2024-06-05 15:30:30.808 [warning] [Decorations] CAPPING events from decorations provider vscode.git 3087
2024-06-05 15:30:36.319 [warning] [Decorations] CAPPING events from decorations provider vscode.git 3087
2024-06-05 15:30:41.597 [warning] [Decorations] CAPPING events from decorations provider vscode.git 3087
2024-06-05 15:30:47.027 [warning] [Decorations] CAPPING events from decorations provider vscode.git 3087
2024-06-05 15:30:52.451 [warning] [Decorations] CAPPING events from decorations provider vscode.git 3087
2024-06-05 15:30:57.901 [warning] [Decorations] CAPPING events from decorations provider vscode.git 3087
2024-06-05 15:31:03.218 [warning] [Decorations] CAPPING events from decorations provider vscode.git 3087
2024-06-05 15:31:08.492 [warning] [Decorations] CAPPING events from decorations provider vscode.git 3087
2024-06-05 15:31:13.802 [warning] [Decorations] CAPPING events from decorations provider vscode.git 3087
2024-06-05 15:31:19.338 [warning] [Decorations] CAPPING events from decorations provider vscode.git 3087
2024-06-05 15:31:24.691 [warning] [Decorations] CAPPING events from decorations provider vscode.git 3087
2024-06-05 15:31:30.109 [warning] [Decorations] CAPPING events from decorations provider vscode.git 3087
2024-06-05 15:31:35.456 [warning] [Decorations] CAPPING events from decorations provider vscode.git 3087
2024-06-05 15:31:40.830 [warning] [Decorations] CAPPING events from decorations provider vscode.git 3087
2024-06-05 15:31:46.197 [warning] [Decorations] CAPPING events from decorations provider vscode.git 3087
2024-06-05 15:31:51.646 [warning] [Decorations] CAPPING events from decorations provider vscode.git 3087
2024-06-05 15:32:08.931 [warning] [Decorations] CAPPING events from decorations provider vscode.git 3087
2024-06-05 15:32:14.347 [warning] [Decorations] CAPPING events from decorations provider vscode.git 3087
2024-06-05 15:32:19.759 [warning] [Decorations] CAPPING events from decorations provider vscode.git 3087
2024-06-05 15:32:25.097 [warning] [Decorations] CAPPING events from decorations provider vscode.git 3087
2024-06-05 15:32:30.500 [warning] [Decorations] CAPPING events from decorations provider vscode.git 3087
2024-06-05 15:32:35.914 [warning] [Decorations] CAPPING events from decorations provider vscode.git 3087
2024-06-05 15:32:41.352 [warning] [Decorations] CAPPING events from decorations provider vscode.git 3087
2024-06-05 15:32:46.818 [warning] [Decorations] CAPPING events from decorations provider vscode.git 3087
2024-06-05 15:32:52.497 [warning] [Decorations] CAPPING events from decorations provider vscode.git 3087
2024-06-05 15:32:57.972 [warning] [Decorations] CAPPING events from decorations provider vscode.git 3087
2024-06-05 15:33:03.274 [warning] [Decorations] CAPPING events from decorations provider vscode.git 3087
2024-06-05 15:33:08.670 [warning] [Decorations] CAPPING events from decorations provider vscode.git 3087
2024-06-05 15:33:14.088 [warning] [Decorations] CAPPING events from decorations provider vscode.git 3087
2024-06-05 15:33:19.509 [warning] [Decorations] CAPPING events from decorations provider vscode.git 3087
2024-06-05 15:33:24.967 [warning] [Decorations] CAPPING events from decorations provider vscode.git 3087
2024-06-05 15:33:30.442 [warning] [Decorations] CAPPING events from decorations provider vscode.git 3087
2024-06-05 15:33:35.853 [warning] [Decorations] CAPPING events from decorations provider vscode.git 3087
2024-06-05 15:33:41.186 [warning] [Decorations] CAPPING events from decorations provider vscode.git 3087
2024-06-05 15:33:46.509 [warning] [Decorations] CAPPING events from decorations provider vscode.git 3087
2024-06-05 15:33:51.866 [warning] [Decorations] CAPPING events from decorations provider vscode.git 3087
2024-06-05 15:33:57.428 [warning] [Decorations] CAPPING events from decorations provider vscode.git 3087
2024-06-05 15:34:02.852 [warning] [Decorations] CAPPING events from decorations provider vscode.git 3087
2024-06-05 15:34:08.517 [warning] [Decorations] CAPPING events from decorations provider vscode.git 3087
2024-06-05 15:34:13.848 [warning] [Decorations] CAPPING events from decorations provider vscode.git 3087
2024-06-05 15:34:19.262 [warning] [Decorations] CAPPING events from decorations provider vscode.git 3087
2024-06-05 15:34:24.573 [warning] [Decorations] CAPPING events from decorations provider vscode.git 3087
2024-06-05 15:34:29.938 [warning] [Decorations] CAPPING events from decorations provider vscode.git 3087
2024-06-05 15:34:35.327 [warning] [Decorations] CAPPING events from decorations provider vscode.git 3087
2024-06-05 15:34:40.658 [warning] [Decorations] CAPPING events from decorations provider vscode.git 3087
2024-06-05 15:34:46.027 [warning] [Decorations] CAPPING events from decorations provider vscode.git 3087
2024-06-05 15:34:51.359 [warning] [Decorations] CAPPING events from decorations provider vscode.git 3088
2024-06-05 15:34:56.661 [warning] [Decorations] CAPPING events from decorations provider vscode.git 3088
2024-06-05 15:35:02.043 [warning] [Decorations] CAPPING events from decorations provider vscode.git 3088
2024-06-05 15:35:12.275 [warning] [Decorations] CAPPING events from decorations provider vscode.git 3088
2024-06-05 15:35:17.698 [warning] [Decorations] CAPPING events from decorations provider vscode.git 3088
2024-06-05 15:35:23.222 [warning] [Decorations] CAPPING events from decorations provider vscode.git 3088
2024-06-05 15:35:28.681 [warning] [Decorations] CAPPING events from decorations provider vscode.git 3088
2024-06-05 15:35:34.149 [warning] [Decorations] CAPPING events from decorations provider vscode.git 3088
2024-06-05 15:35:39.629 [warning] [Decorations] CAPPING events from decorations provider vscode.git 3088
2024-06-05 15:35:45.053 [warning] [Decorations] CAPPING events from decorations provider vscode.git 3088
2024-06-05 15:35:50.522 [warning] [Decorations] CAPPING events from decorations provider vscode.git 3088
2024-06-05 15:35:55.914 [warning] [Decorations] CAPPING events from decorations provider vscode.git 3088
2024-06-05 15:36:01.288 [warning] [Decorations] CAPPING events from decorations provider vscode.git 3088
2024-06-05 15:36:06.568 [warning] [Decorations] CAPPING events from decorations provider vscode.git 3088
2024-06-05 15:36:12.146 [warning] [Decorations] CAPPING events from decorations provider vscode.git 3088
2024-06-05 15:36:17.545 [warning] [Decorations] CAPPING events from decorations provider vscode.git 3088
2024-06-05 15:36:22.894 [warning] [Decorations] CAPPING events from decorations provider vscode.git 3088
2024-06-05 15:36:28.510 [warning] [Decorations] CAPPING events from decorations provider vscode.git 3088
2024-06-05 15:36:33.957 [warning] [Decorations] CAPPING events from decorations provider vscode.git 3088
2024-06-05 15:36:39.412 [warning] [Decorations] CAPPING events from decorations provider vscode.git 3088
2024-06-05 15:36:44.683 [warning] [Decorations] CAPPING events from decorations provider vscode.git 3088
2024-06-05 15:36:49.898 [warning] [Decorations] CAPPING events from decorations provider vscode.git 3088
2024-06-05 15:36:55.342 [warning] [Decorations] CAPPING events from decorations provider vscode.git 3088
2024-06-05 15:37:00.609 [warning] [Decorations] CAPPING events from decorations provider vscode.git 3088
2024-06-05 15:37:05.976 [warning] [Decorations] CAPPING events from decorations provider vscode.git 3088
2024-06-05 15:37:11.444 [warning] [Decorations] CAPPING events from decorations provider vscode.git 3088
2024-06-05 15:37:16.976 [warning] [Decorations] CAPPING events from decorations provider vscode.git 3088
2024-06-05 15:37:22.365 [warning] [Decorations] CAPPING events from decorations provider vscode.git 3088
2024-06-05 15:37:27.718 [warning] [Decorations] CAPPING events from decorations provider vscode.git 3088
2024-06-05 15:37:33.055 [warning] [Decorations] CAPPING events from decorations provider vscode.git 3088
2024-06-05 15:37:38.716 [warning] [Decorations] CAPPING events from decorations provider vscode.git 3088
2024-06-05 15:37:44.081 [warning] [Decorations] CAPPING events from decorations provider vscode.git 3088
2024-06-05 15:37:49.462 [warning] [Decorations] CAPPING events from decorations provider vscode.git 3088
2024-06-05 15:37:54.823 [warning] [Decorations] CAPPING events from decorations provider vscode.git 3088
2024-06-05 15:38:00.168 [warning] [Decorations] CAPPING events from decorations provider vscode.git 3088
2024-06-05 15:38:05.609 [warning] [Decorations] CAPPING events from decorations provider vscode.git 3088
2024-06-05 15:38:10.975 [warning] [Decorations] CAPPING events from decorations provider vscode.git 3088
2024-06-05 15:38:16.331 [warning] [Decorations] CAPPING events from decorations provider vscode.git 3088
2024-06-05 15:38:21.721 [warning] [Decorations] CAPPING events from decorations provider vscode.git 3088
2024-06-05 15:38:27.192 [warning] [Decorations] CAPPING events from decorations provider vscode.git 3089
2024-06-05 15:38:32.604 [warning] [Decorations] CAPPING events from decorations provider vscode.git 3090
2024-06-05 15:38:38.009 [warning] [Decorations] CAPPING events from decorations provider vscode.git 3090
2024-06-05 15:38:43.398 [warning] [Decorations] CAPPING events from decorations provider vscode.git 3090
2024-06-05 15:38:48.693 [warning] [Decorations] CAPPING events from decorations provider vscode.git 3091
2024-06-05 15:38:54.086 [warning] [Decorations] CAPPING events from decorations provider vscode.git 3091
2024-06-05 15:38:59.556 [warning] [Decorations] CAPPING events from decorations provider vscode.git 3091
2024-06-05 15:39:06.743 [warning] [Decorations] CAPPING events from decorations provider vscode.git 3091
2024-06-05 15:40:09.234 [warning] [Decorations] CAPPING events from decorations provider vscode.git 3094
2024-06-05 15:40:14.741 [warning] [Decorations] CAPPING events from decorations provider vscode.git 3094
2024-06-05 15:40:20.112 [warning] [Decorations] CAPPING events from decorations provider vscode.git 3094
2024-06-05 15:40:25.493 [warning] [Decorations] CAPPING events from decorations provider vscode.git 3094
2024-06-05 15:40:41.832 [warning] [Decorations] CAPPING events from decorations provider vscode.git 3094
2024-06-05 15:40:51.009 [warning] [Decorations] CAPPING events from decorations provider vscode.git 3091
2024-06-05 15:40:56.499 [warning] [Decorations] CAPPING events from decorations provider vscode.git 3092
2024-06-05 15:41:23.244 [warning] [Decorations] CAPPING events from decorations provider vscode.git 3092
2024-06-05 15:41:28.664 [warning] [Decorations] CAPPING events from decorations provider vscode.git 3092
2024-06-05 15:41:34.345 [warning] [Decorations] CAPPING events from decorations provider vscode.git 3092
2024-06-05 15:41:39.724 [warning] [Decorations] CAPPING events from decorations provider vscode.git 3092
2024-06-05 15:41:45.165 [warning] [Decorations] CAPPING events from decorations provider vscode.git 3092
2024-06-05 15:41:50.641 [warning] [Decorations] CAPPING events from decorations provider vscode.git 3092
2024-06-05 15:41:57.006 [warning] [Decorations] CAPPING events from decorations provider vscode.git 3092
2024-06-05 15:42:02.378 [warning] [Decorations] CAPPING events from decorations provider vscode.git 3092
2024-06-05 15:42:07.893 [warning] [Decorations] CAPPING events from decorations provider vscode.git 3092
2024-06-05 15:42:13.343 [warning] [Decorations] CAPPING events from decorations provider vscode.git 3092
2024-06-05 15:42:18.728 [warning] [Decorations] CAPPING events from decorations provider vscode.git 3092
2024-06-05 15:42:24.278 [warning] [Decorations] CAPPING events from decorations provider vscode.git 3092
2024-06-05 15:42:29.658 [warning] [Decorations] CAPPING events from decorations provider vscode.git 3092
2024-06-05 15:42:35.017 [warning] [Decorations] CAPPING events from decorations provider vscode.git 3092
2024-06-05 15:42:40.390 [warning] [Decorations] CAPPING events from decorations provider vscode.git 3092
2024-06-05 15:42:45.788 [warning] [Decorations] CAPPING events from decorations provider vscode.git 3092
2024-06-05 15:42:51.172 [warning] [Decorations] CAPPING events from decorations provider vscode.git 3092
2024-06-05 15:42:56.530 [warning] [Decorations] CAPPING events from decorations provider vscode.git 3092
2024-06-05 15:43:01.942 [warning] [Decorations] CAPPING events from decorations provider vscode.git 3092
2024-06-05 15:43:07.340 [warning] [Decorations] CAPPING events from decorations provider vscode.git 3092
2024-06-05 15:43:12.690 [warning] [Decorations] CAPPING events from decorations provider vscode.git 3092
2024-06-05 15:43:18.235 [warning] [Decorations] CAPPING events from decorations provider vscode.git 3092
2024-06-05 15:43:23.645 [warning] [Decorations] CAPPING events from decorations provider vscode.git 3092
2024-06-05 15:43:29.027 [warning] [Decorations] CAPPING events from decorations provider vscode.git 3092
2024-06-05 15:43:34.455 [warning] [Decorations] CAPPING events from decorations provider vscode.git 3092
2024-06-05 15:43:39.859 [warning] [Decorations] CAPPING events from decorations provider vscode.git 3092
2024-06-05 15:43:45.394 [warning] [Decorations] CAPPING events from decorations provider vscode.git 3092
2024-06-05 15:43:50.787 [warning] [Decorations] CAPPING events from decorations provider vscode.git 3092
2024-06-05 15:43:56.189 [warning] [Decorations] CAPPING events from decorations provider vscode.git 3092
2024-06-05 15:44:01.597 [warning] [Decorations] CAPPING events from decorations provider vscode.git 3092
2024-06-05 15:44:07.055 [warning] [Decorations] CAPPING events from decorations provider vscode.git 3092
2024-06-05 15:44:12.493 [warning] [Decorations] CAPPING events from decorations provider vscode.git 3092
2024-06-05 15:44:17.895 [warning] [Decorations] CAPPING events from decorations provider vscode.git 3092
2024-06-05 15:44:23.434 [warning] [Decorations] CAPPING events from decorations provider vscode.git 3092
2024-06-05 15:44:28.767 [warning] [Decorations] CAPPING events from decorations provider vscode.git 3092
2024-06-05 15:44:34.209 [warning] [Decorations] CAPPING events from decorations provider vscode.git 3092
2024-06-05 15:44:39.739 [warning] [Decorations] CAPPING events from decorations provider vscode.git 3092
2024-06-05 15:44:45.149 [warning] [Decorations] CAPPING events from decorations provider vscode.git 3092
2024-06-05 15:45:50.780 [warning] [Decorations] CAPPING events from decorations provider vscode.git 3093
2024-06-05 15:45:56.204 [warning] [Decorations] CAPPING events from decorations provider vscode.git 3093
2024-06-05 15:46:08.095 [warning] [Decorations] CAPPING events from decorations provider vscode.git 3094
2024-06-05 15:46:13.377 [warning] [Decorations] CAPPING events from decorations provider vscode.git 3094
2024-06-05 15:46:42.699 [warning] [Decorations] CAPPING events from decorations provider vscode.git 3094
2024-06-05 15:47:17.900 [warning] [Decorations] CAPPING events from decorations provider vscode.git 3094
2024-06-05 15:47:23.444 [warning] [Decorations] CAPPING events from decorations provider vscode.git 3094
2024-06-05 15:47:35.646 [warning] [Decorations] CAPPING events from decorations provider vscode.git 3094
2024-06-05 15:47:41.026 [warning] [Decorations] CAPPING events from decorations provider vscode.git 3094
2024-06-05 15:47:46.398 [warning] [Decorations] CAPPING events from decorations provider vscode.git 3094
2024-06-05 15:47:51.817 [warning] [Decorations] CAPPING events from decorations provider vscode.git 3094
2024-06-05 15:48:06.766 [warning] [Decorations] CAPPING events from decorations provider vscode.git 3094
2024-06-05 15:48:12.404 [warning] [Decorations] CAPPING events from decorations provider vscode.git 3094
2024-06-05 15:48:21.750 [warning] [Decorations] CAPPING events from decorations provider vscode.git 3094
2024-06-05 15:48:31.255 [warning] [Decorations] CAPPING events from decorations provider vscode.git 3094
2024-06-05 15:48:36.614 [warning] [Decorations] CAPPING events from decorations provider vscode.git 3094
2024-06-05 15:48:42.037 [warning] [Decorations] CAPPING events from decorations provider vscode.git 3095
2024-06-05 15:49:03.241 [warning] [Decorations] CAPPING events from decorations provider vscode.git 3095
2024-06-05 15:49:09.745 [warning] [Decorations] CAPPING events from decorations provider vscode.git 3095
2024-06-05 15:49:15.156 [warning] [Decorations] CAPPING events from decorations provider vscode.git 3095
2024-06-05 15:49:20.547 [warning] [Decorations] CAPPING events from decorations provider vscode.git 3095
2024-06-05 15:49:25.936 [warning] [Decorations] CAPPING events from decorations provider vscode.git 3095
2024-06-05 15:49:31.315 [warning] [Decorations] CAPPING events from decorations provider vscode.git 3095
2024-06-05 15:49:36.887 [warning] [Decorations] CAPPING events from decorations provider vscode.git 3095
2024-06-05 15:50:12.976 [warning] [Decorations] CAPPING events from decorations provider vscode.git 3096
2024-06-05 15:50:18.315 [warning] [Decorations] CAPPING events from decorations provider vscode.git 3096
2024-06-05 15:51:17.576 [warning] [Decorations] CAPPING events from decorations provider vscode.git 3102
