2024-06-14 10:11:27.156 [info] Log level: Info
2024-06-14 10:11:27.156 [info] Validating found git in: "git"
2024-06-14 10:11:27.156 [info] Using git "2.25.1" from "git"
2024-06-14 10:11:27.156 [info] > git rev-parse --show-toplevel [6ms]
2024-06-14 10:11:27.156 [info] > git rev-parse --git-dir --git-common-dir [16ms]
2024-06-14 10:11:27.156 [info] Open repository: /home/ndao
2024-06-14 10:11:27.158 [info] > git rev-parse --show-toplevel [4ms]
2024-06-14 10:11:27.160 [info] > git config --get commit.template [10ms]
2024-06-14 10:11:27.183 [info] > git rev-parse --show-toplevel [17ms]
2024-06-14 10:11:27.198 [info] > git rev-parse --show-toplevel [8ms]
2024-06-14 10:11:27.199 [info] > git for-each-ref --format=%(refname)%00%(upstream:short)%00%(objectname)%00%(upstream:track)%00%(upstream:remotename)%00%(upstream:remoteref) refs/heads/main refs/remotes/main [22ms]
2024-06-14 10:11:27.209 [info] > git rev-parse --show-toplevel [3ms]
2024-06-14 10:11:27.231 [info] > git rev-parse --show-toplevel [16ms]
2024-06-14 10:11:27.240 [info] > git rev-parse --show-toplevel [4ms]
2024-06-14 10:11:27.254 [info] > git rev-parse --show-toplevel [9ms]
2024-06-14 10:11:27.294 [info] > git rev-parse --show-toplevel [36ms]
2024-06-14 10:11:27.302 [info] > git rev-parse --show-toplevel [4ms]
2024-06-14 10:11:27.370 [info] > git status -z -uall [149ms]
2024-06-14 10:11:27.370 [info] > git rev-parse --show-toplevel [9ms]
2024-06-14 10:11:27.583 [info] > git merge-base refs/heads/main refs/remotes/origin/main [206ms]
2024-06-14 10:11:27.670 [info] > git rev-list --count --left-right refs/heads/main...refs/remotes/origin/main [82ms]
2024-06-14 10:11:27.673 [info] > git config --get commit.template [268ms]
2024-06-14 10:11:27.673 [info] > git rev-parse --show-toplevel [271ms]
2024-06-14 10:11:27.679 [info] > git diff --name-status -z --diff-filter=ADMR 138344cc2aaa3965cb3ac93173abba4d574e95a6...refs/remotes/origin/main [6ms]
2024-06-14 10:11:27.693 [info] > git for-each-ref --format=%(refname)%00%(upstream:short)%00%(objectname)%00%(upstream:track)%00%(upstream:remotename)%00%(upstream:remoteref) refs/heads/main refs/remotes/main [2ms]
2024-06-14 10:11:27.715 [info] > git check-ignore -v -z --stdin [28ms]
2024-06-14 10:11:27.716 [info] > git show --textconv :mysql_setup/templates/shell_script.sh [14ms]
2024-06-14 10:11:27.723 [info] > git ls-files --stage -- /home/ndao/mysql_setup/templates/shell_script.sh [18ms]
2024-06-14 10:11:27.729 [info] > git cat-file -s 50d810b2a2dbb4c4faa80840c45b374c6bb64f1c [3ms]
2024-06-14 10:11:27.824 [info] > git status -z -uall [104ms]
2024-06-14 10:11:32.109 [info] > git config --get commit.template [6ms]
2024-06-14 10:11:32.110 [info] > git for-each-ref --format=%(refname)%00%(upstream:short)%00%(objectname)%00%(upstream:track)%00%(upstream:remotename)%00%(upstream:remoteref) refs/heads/main refs/remotes/main [2ms]
2024-06-14 10:11:32.217 [info] > git status -z -uall [101ms]
2024-06-14 10:11:37.246 [info] > git config --get commit.template [6ms]
2024-06-14 10:11:37.263 [info] > git for-each-ref --format=%(refname)%00%(upstream:short)%00%(objectname)%00%(upstream:track)%00%(upstream:remotename)%00%(upstream:remoteref) refs/heads/main refs/remotes/main [5ms]
2024-06-14 10:11:37.407 [info] > git status -z -uall [136ms]
2024-06-14 10:11:45.195 [info] > git config --get commit.template [11ms]
2024-06-14 10:11:45.197 [info] > git for-each-ref --format=%(refname)%00%(upstream:short)%00%(objectname)%00%(upstream:track)%00%(upstream:remotename)%00%(upstream:remoteref) refs/heads/main refs/remotes/main [8ms]
2024-06-14 10:11:45.364 [info] > git status -z -uall [162ms]
2024-06-14 10:11:50.404 [info] > git config --get commit.template [11ms]
2024-06-14 10:11:50.407 [info] > git for-each-ref --format=%(refname)%00%(upstream:short)%00%(objectname)%00%(upstream:track)%00%(upstream:remotename)%00%(upstream:remoteref) refs/heads/main refs/remotes/main [4ms]
2024-06-14 10:11:50.656 [info] > git status -z -uall [239ms]
2024-06-14 10:11:55.687 [info] > git config --get commit.template [11ms]
2024-06-14 10:11:55.703 [info] > git for-each-ref --format=%(refname)%00%(upstream:short)%00%(objectname)%00%(upstream:track)%00%(upstream:remotename)%00%(upstream:remoteref) refs/heads/main refs/remotes/main [17ms]
2024-06-14 10:11:55.878 [info] > git status -z -uall [155ms]
2024-06-14 10:12:00.917 [info] > git config --get commit.template [15ms]
2024-06-14 10:12:00.923 [info] > git for-each-ref --format=%(refname)%00%(upstream:short)%00%(objectname)%00%(upstream:track)%00%(upstream:remotename)%00%(upstream:remoteref) refs/heads/main refs/remotes/main [7ms]
2024-06-14 10:12:01.052 [info] > git status -z -uall [121ms]
2024-06-14 10:12:07.185 [info] > git config --get commit.template [2ms]
2024-06-14 10:12:07.191 [info] > git for-each-ref --format=%(refname)%00%(upstream:short)%00%(objectname)%00%(upstream:track)%00%(upstream:remotename)%00%(upstream:remoteref) refs/heads/main refs/remotes/main [2ms]
2024-06-14 10:12:07.280 [info] > git status -z -uall [85ms]
2024-06-14 10:12:08.595 [info] > git show --textconv :mysql_setup/sql_setup.yml [13ms]
2024-06-14 10:12:08.666 [info] > git ls-files --stage -- /home/ndao/mysql_setup/sql_setup.yml [80ms]
2024-06-14 10:12:08.677 [info] > git cat-file -s af2092ba296a0636dae785dda21f2bf6a4b5a6ff [8ms]
2024-06-14 10:12:09.356 [info] > git show --textconv :mysql_setup/vars/mysql_vars.yml [33ms]
2024-06-14 10:12:09.380 [info] > git ls-files --stage -- /home/ndao/mysql_setup/vars/mysql_vars.yml [53ms]
2024-06-14 10:12:09.516 [info] > git cat-file -s fad1bd595a8dfb6cc2ab1513f4c3cf926bae8e4b [132ms]
2024-06-14 10:12:10.469 [info] > git check-ignore -v -z --stdin [10ms]
2024-06-14 10:12:13.110 [info] > git show --textconv :mysql_setup/sql_setup.yml [8ms]
2024-06-14 10:12:13.115 [info] > git ls-files --stage -- /home/ndao/mysql_setup/sql_setup.yml [8ms]
2024-06-14 10:12:13.119 [info] > git cat-file -s af2092ba296a0636dae785dda21f2bf6a4b5a6ff [1ms]
2024-06-14 10:12:14.063 [info] > git config --get commit.template [14ms]
2024-06-14 10:12:14.064 [info] > git for-each-ref --format=%(refname)%00%(upstream:short)%00%(objectname)%00%(upstream:track)%00%(upstream:remotename)%00%(upstream:remoteref) refs/heads/main refs/remotes/main [2ms]
2024-06-14 10:12:14.227 [info] > git status -z -uall [159ms]
2024-06-14 10:12:19.650 [info] > git config --get commit.template [6ms]
2024-06-14 10:12:19.651 [info] > git for-each-ref --format=%(refname)%00%(upstream:short)%00%(objectname)%00%(upstream:track)%00%(upstream:remotename)%00%(upstream:remoteref) refs/heads/main refs/remotes/main [1ms]
2024-06-14 10:12:19.763 [info] > git show --textconv :mysql_setup/vars/mysql_vars.yml [6ms]
2024-06-14 10:12:19.765 [info] > git status -z -uall [111ms]
2024-06-14 10:12:19.782 [info] > git ls-files --stage -- /home/ndao/mysql_setup/vars/mysql_vars.yml [22ms]
2024-06-14 10:12:19.790 [info] > git cat-file -s fad1bd595a8dfb6cc2ab1513f4c3cf926bae8e4b [3ms]
2024-06-14 10:12:24.794 [info] > git config --get commit.template [7ms]
2024-06-14 10:12:24.795 [info] > git for-each-ref --format=%(refname)%00%(upstream:short)%00%(objectname)%00%(upstream:track)%00%(upstream:remotename)%00%(upstream:remoteref) refs/heads/main refs/remotes/main [3ms]
2024-06-14 10:12:24.923 [info] > git status -z -uall [122ms]
2024-06-14 10:12:30.549 [info] > git config --get commit.template [7ms]
2024-06-14 10:12:30.550 [info] > git for-each-ref --format=%(refname)%00%(upstream:short)%00%(objectname)%00%(upstream:track)%00%(upstream:remotename)%00%(upstream:remoteref) refs/heads/main refs/remotes/main [3ms]
2024-06-14 10:12:30.670 [info] > git status -z -uall [113ms]
