2024-07-01 09:04:42.253 [info] Log level: Info
2024-07-01 09:04:42.253 [info] Validating found git in: "git"
2024-07-01 09:04:42.253 [info] Using git "2.25.1" from "git"
2024-07-01 09:04:42.253 [info] > git rev-parse --show-toplevel [5ms]
2024-07-01 09:04:42.253 [info] > git rev-parse --git-dir --git-common-dir [96ms]
2024-07-01 09:04:42.253 [info] Open repository: /home/ndao
2024-07-01 09:04:42.277 [info] > git rev-parse --show-toplevel [31ms]
2024-07-01 09:04:42.278 [info] > git config --get commit.template [34ms]
2024-07-01 09:04:42.301 [info] > git rev-parse --show-toplevel [16ms]
2024-07-01 09:04:42.308 [info] > git for-each-ref --format=%(refname)%00%(upstream:short)%00%(objectname)%00%(upstream:track)%00%(upstream:remotename)%00%(upstream:remoteref) refs/heads/main refs/remotes/main [17ms]
2024-07-01 09:04:42.895 [info] > git rev-parse --show-toplevel [587ms]
2024-07-01 09:04:43.040 [info] > git check-ignore -v -z --stdin [113ms]
2024-07-01 09:04:43.043 [info] > git rev-parse --show-toplevel [48ms]
2024-07-01 09:04:43.141 [info] > git rev-parse --show-toplevel [91ms]
2024-07-01 09:04:43.249 [info] > git status -z -uall [190ms]
2024-07-01 09:04:43.249 [info] > git rev-parse --show-toplevel [102ms]
2024-07-01 09:04:43.292 [info] > git merge-base refs/heads/main refs/remotes/origin/main [37ms]
2024-07-01 09:04:43.304 [info] > git config --get commit.template [14ms]
2024-07-01 09:04:43.304 [info] > git rev-parse --show-toplevel [19ms]
2024-07-01 09:04:43.366 [info] > git rev-list --count --left-right refs/heads/main...refs/remotes/origin/main [69ms]
2024-07-01 09:04:43.430 [info] > git diff --name-status -z --diff-filter=ADMR 77fda8b212d59bf6bba373942b101836637d35a7...refs/remotes/origin/main [60ms]
2024-07-01 09:04:43.431 [info] > git rev-parse --show-toplevel [70ms]
2024-07-01 09:04:43.470 [info] > git for-each-ref --format=%(refname)%00%(upstream:short)%00%(objectname)%00%(upstream:track)%00%(upstream:remotename)%00%(upstream:remoteref) refs/heads/main refs/remotes/main [83ms]
2024-07-01 09:04:43.475 [info] > git rev-parse --show-toplevel [15ms]
2024-07-01 09:04:43.498 [info] > git rev-parse --show-toplevel [17ms]
2024-07-01 09:04:43.627 [info] > git rev-parse --show-toplevel [118ms]
2024-07-01 09:04:43.647 [info] > git status -z -uall [143ms]
2024-07-01 09:04:43.648 [info] > git rev-parse --git-dir --git-common-dir [6ms]
2024-07-01 09:04:43.655 [info] Open repository: /home/ndao/DB_Provisionning
2024-07-01 09:04:43.676 [info] > git config --get commit.template [6ms]
2024-07-01 09:04:43.677 [info] > git rev-parse --show-toplevel [4ms]
2024-07-01 09:04:43.715 [info] > git show --textconv :mysql_setup/mysql_setup.yml [28ms]
2024-07-01 09:04:43.715 [info] > git for-each-ref --format=%(refname)%00%(upstream:short)%00%(objectname)%00%(upstream:track)%00%(upstream:remotename)%00%(upstream:remoteref) refs/heads/dev refs/remotes/dev [14ms]
2024-07-01 09:04:43.716 [info] > git ls-files --stage -- /home/ndao/mysql_setup/mysql_setup.yml [23ms]
2024-07-01 09:04:43.723 [info] > git cat-file -s 23a894eae0299e250a8752ebd994ab7d1186b491 [3ms]
2024-07-01 09:04:43.730 [info] > git status -z -uall [2ms]
2024-07-01 09:04:43.753 [info] > git merge-base refs/heads/dev refs/remotes/origin/dev [17ms]
2024-07-01 09:04:43.772 [info] > git rev-list --count --left-right refs/heads/dev...refs/remotes/origin/dev [15ms]
2024-07-01 09:04:43.777 [info] > git config --get commit.template [27ms]
2024-07-01 09:04:43.792 [info] > git diff --name-status -z --diff-filter=ADMR cf2c1960cdc2b72c6ed8ed515be1f7c892d34682...refs/remotes/origin/dev [14ms]
2024-07-01 09:04:43.794 [info] > git for-each-ref --format=%(refname)%00%(upstream:short)%00%(objectname)%00%(upstream:track)%00%(upstream:remotename)%00%(upstream:remoteref) refs/heads/dev refs/remotes/dev [9ms]
2024-07-01 09:04:43.803 [info] > git status -z -uall [2ms]
2024-07-01 09:04:44.250 [info] > git check-ignore -v -z --stdin [36ms]
2024-07-01 09:04:45.295 [info] > git show --textconv :Github.yml [132ms]
2024-07-01 09:04:45.295 [info] > git ls-files --stage -- /home/ndao/Github.yml [127ms]
2024-07-01 09:04:45.308 [info] > git cat-file -s 56f1162f3f877434a737cd33e23f6ab8dfdbf9ee [7ms]
2024-07-01 09:04:46.860 [info] > git config --get commit.template [4ms]
2024-07-01 09:04:46.860 [info] > git for-each-ref --format=%(refname)%00%(upstream:short)%00%(objectname)%00%(upstream:track)%00%(upstream:remotename)%00%(upstream:remoteref) refs/heads/main refs/remotes/main [1ms]
2024-07-01 09:04:46.939 [info] > git status -z -uall [75ms]
2024-07-01 09:04:51.224 [info] > git show --textconv :mysql_setup/vars/credentials.yaml [12ms]
2024-07-01 09:04:51.225 [info] > git ls-files --stage -- /home/ndao/mysql_setup/vars/credentials.yaml [7ms]
2024-07-01 09:04:51.230 [info] > git cat-file -s 6c091cd9e9dda38e2bda2bfd899c0bd66ec00337 [2ms]
