2024-07-16 14:06:32.322 [info] Log level: Info
2024-07-16 14:06:32.322 [info] Validating found git in: "git"
2024-07-16 14:06:32.322 [info] Using git "2.25.1" from "git"
2024-07-16 14:06:32.322 [info] > git rev-parse --show-toplevel [95ms]
2024-07-16 14:06:32.322 [info] > git rev-parse --git-dir --git-common-dir [10ms]
2024-07-16 14:06:32.322 [info] Open repository: /home/ndao
2024-07-16 14:06:32.326 [info] > git config --get commit.template [28ms]
2024-07-16 14:06:32.741 [info] > git for-each-ref --format=%(refname)%00%(upstream:short)%00%(objectname)%00%(upstream:track)%00%(upstream:remotename)%00%(upstream:remoteref) refs/heads/main refs/remotes/main [402ms]
2024-07-16 14:06:32.825 [info] > git rev-parse --show-toplevel [7ms]
2024-07-16 14:06:32.912 [info] > git status -z -uall [89ms]
2024-07-16 14:06:32.912 [info] > git check-ignore -v -z --stdin [78ms]
2024-07-16 14:06:32.913 [info] > git rev-parse --show-toplevel [9ms]
2024-07-16 14:06:32.951 [info] > git for-each-ref --format=%(refname)%00%(upstream:short)%00%(objectname)%00%(upstream:track)%00%(upstream:remotename)%00%(upstream:remoteref) refs/heads/main refs/remotes/main [31ms]
2024-07-16 14:06:32.959 [info] > git config --get commit.template [15ms]
2024-07-16 14:06:32.959 [info] > git rev-parse --show-toplevel [20ms]
2024-07-16 14:06:33.003 [info] > git config --local branch.main.vscode-merge-base [48ms]
2024-07-16 14:06:33.003 [warning] git config failed: Failed to execute git
2024-07-16 14:06:33.014 [info] > git rev-parse --show-toplevel [15ms]
2024-07-16 14:06:33.026 [info] > git for-each-ref --format=%(refname)%00%(upstream:short)%00%(objectname)%00%(upstream:track)%00%(upstream:remotename)%00%(upstream:remoteref) refs/heads/main refs/remotes/main [15ms]
2024-07-16 14:06:33.026 [info] > git reflog main --grep-reflog=branch: Created from *. [21ms]
2024-07-16 14:06:33.030 [info] > git rev-parse --show-toplevel [6ms]
2024-07-16 14:06:33.041 [info] > git symbolic-ref --short refs/remotes/origin/HEAD [12ms]
2024-07-16 14:06:33.041 [info] fatal: ref refs/remotes/origin/HEAD is not a symbolic ref
2024-07-16 14:06:33.056 [info] > git rev-parse --show-toplevel [8ms]
2024-07-16 14:06:33.056 [info] > git merge-base refs/heads/main refs/remotes/origin/main [11ms]
2024-07-16 14:06:33.116 [info] > git rev-list --count --left-right refs/heads/main...refs/remotes/origin/main [52ms]
2024-07-16 14:06:33.121 [info] > git status -z -uall [67ms]
2024-07-16 14:06:33.122 [info] > git rev-parse --show-toplevel [53ms]
2024-07-16 14:06:33.140 [info] > git for-each-ref --format=%(refname)%00%(upstream:short)%00%(objectname)%00%(upstream:track)%00%(upstream:remotename)%00%(upstream:remoteref) refs/heads/main refs/remotes/main [14ms]
2024-07-16 14:06:33.143 [info] > git diff --name-status -z --diff-filter=ADMR 1570a577be34ffc94425276d7f4398ecc6aeda80...refs/remotes/origin/main [23ms]
2024-07-16 14:06:33.147 [info] > git config --local branch.main.vscode-merge-base [4ms]
2024-07-16 14:06:33.147 [warning] git config failed: Failed to execute git
2024-07-16 14:06:33.150 [info] > git rev-parse --show-toplevel [15ms]
2024-07-16 14:06:33.154 [info] > git reflog main --grep-reflog=branch: Created from *. [4ms]
2024-07-16 14:06:33.157 [info] > git rev-parse --show-toplevel [4ms]
2024-07-16 14:06:33.158 [info] > git symbolic-ref --short refs/remotes/origin/HEAD [1ms]
2024-07-16 14:06:33.158 [info] fatal: ref refs/remotes/origin/HEAD is not a symbolic ref
2024-07-16 14:06:33.161 [info] > git rev-parse --show-toplevel [1ms]
2024-07-16 14:06:33.164 [info] > git rev-parse --git-dir --git-common-dir [0ms]
2024-07-16 14:06:33.168 [info] Open repository: /home/ndao/DB_Provisionning
2024-07-16 14:06:33.179 [info] > git config --get commit.template [6ms]
2024-07-16 14:06:33.181 [info] > git rev-parse --show-toplevel [6ms]
2024-07-16 14:06:33.197 [info] > git show --textconv :Numbers.yml [9ms]
2024-07-16 14:06:33.197 [info] > git for-each-ref --format=%(refname)%00%(upstream:short)%00%(objectname)%00%(upstream:track)%00%(upstream:remotename)%00%(upstream:remoteref) refs/heads/dev refs/remotes/dev [2ms]
2024-07-16 14:06:33.202 [info] > git ls-files --stage -- /home/ndao/Numbers.yml [11ms]
2024-07-16 14:06:33.205 [info] > git status -z -uall [4ms]
2024-07-16 14:06:33.223 [info] > git for-each-ref --format=%(refname)%00%(upstream:short)%00%(objectname)%00%(upstream:track)%00%(upstream:remotename)%00%(upstream:remoteref) refs/heads/dev refs/remotes/dev [15ms]
2024-07-16 14:06:33.226 [info] > git cat-file -s 0d44093f0214e0007b5b6c940d2406121647d4c2 [21ms]
2024-07-16 14:06:33.237 [info] > git config --local branch.dev.vscode-merge-base [11ms]
2024-07-16 14:06:33.240 [info] > git config --get commit.template [23ms]
2024-07-16 14:06:33.252 [info] > git for-each-ref --format=%(refname)%00%(upstream:short)%00%(objectname)%00%(upstream:track)%00%(upstream:remotename)%00%(upstream:remoteref) refs/heads/origin/master refs/remotes/origin/master [12ms]
2024-07-16 14:06:33.256 [info] > git for-each-ref --format=%(refname)%00%(upstream:short)%00%(objectname)%00%(upstream:track)%00%(upstream:remotename)%00%(upstream:remoteref) refs/heads/dev refs/remotes/dev [6ms]
2024-07-16 14:06:33.257 [info] > git merge-base refs/heads/dev refs/remotes/origin/dev [2ms]
2024-07-16 14:06:33.265 [info] > git rev-list --count --left-right refs/heads/dev...refs/remotes/origin/dev [4ms]
2024-07-16 14:06:33.269 [info] > git status -z -uall [4ms]
2024-07-16 14:06:33.275 [info] > git for-each-ref --format=%(refname)%00%(upstream:short)%00%(objectname)%00%(upstream:track)%00%(upstream:remotename)%00%(upstream:remoteref) refs/heads/dev refs/remotes/dev [2ms]
2024-07-16 14:06:33.278 [info] > git diff --name-status -z --diff-filter=ADMR 7191f2f2517e612011e30e1ad3d14736aec523a0...refs/remotes/origin/dev [10ms]
2024-07-16 14:06:33.282 [info] > git config --local branch.dev.vscode-merge-base [4ms]
2024-07-16 14:06:33.286 [info] > git for-each-ref --format=%(refname)%00%(upstream:short)%00%(objectname)%00%(upstream:track)%00%(upstream:remotename)%00%(upstream:remoteref) refs/heads/origin/master refs/remotes/origin/master [1ms]
2024-07-16 14:06:33.691 [info] > git check-ignore -v -z --stdin [8ms]
2024-07-16 14:06:35.354 [info] > git config --get commit.template [2ms]
2024-07-16 14:06:35.363 [info] > git for-each-ref --format=%(refname)%00%(upstream:short)%00%(objectname)%00%(upstream:track)%00%(upstream:remotename)%00%(upstream:remoteref) refs/heads/main refs/remotes/main [3ms]
2024-07-16 14:06:35.523 [info] > git status -z -uall [149ms]
2024-07-16 14:06:35.532 [info] > git for-each-ref --format=%(refname)%00%(upstream:short)%00%(objectname)%00%(upstream:track)%00%(upstream:remotename)%00%(upstream:remoteref) refs/heads/main refs/remotes/main [3ms]
2024-07-16 14:06:35.540 [info] > git config --local branch.main.vscode-merge-base [4ms]
2024-07-16 14:06:35.540 [warning] git config failed: Failed to execute git
2024-07-16 14:06:35.550 [info] > git reflog main --grep-reflog=branch: Created from *. [4ms]
2024-07-16 14:06:35.558 [info] > git symbolic-ref --short refs/remotes/origin/HEAD [5ms]
2024-07-16 14:06:35.558 [info] fatal: ref refs/remotes/origin/HEAD is not a symbolic ref
2024-07-16 14:15:01.984 [info] > git config --get commit.template [4ms]
2024-07-16 14:15:01.984 [info] > git for-each-ref --format=%(refname)%00%(upstream:short)%00%(objectname)%00%(upstream:track)%00%(upstream:remotename)%00%(upstream:remoteref) refs/heads/main refs/remotes/main [1ms]
2024-07-16 14:15:02.043 [info] > git status -z -uall [55ms]
2024-07-16 14:15:02.048 [info] > git for-each-ref --format=%(refname)%00%(upstream:short)%00%(objectname)%00%(upstream:track)%00%(upstream:remotename)%00%(upstream:remoteref) refs/heads/main refs/remotes/main [1ms]
2024-07-16 14:15:02.054 [info] > git config --local branch.main.vscode-merge-base [2ms]
2024-07-16 14:15:02.055 [warning] git config failed: Failed to execute git
2024-07-16 14:15:02.060 [info] > git reflog main --grep-reflog=branch: Created from *. [3ms]
2024-07-16 14:15:02.064 [info] > git symbolic-ref --short refs/remotes/origin/HEAD [1ms]
2024-07-16 14:15:02.064 [info] fatal: ref refs/remotes/origin/HEAD is not a symbolic ref
2024-07-16 14:20:51.684 [info] > git show --textconv :Github.yml [4ms]
2024-07-16 14:20:51.689 [info] > git ls-files --stage -- /home/ndao/Github.yml [5ms]
2024-07-16 14:20:51.693 [info] > git cat-file -s 0d9d462037334c65fa596ef373c3280aed1057a5 [1ms]
2024-07-16 14:20:53.831 [info] > git show --textconv :Numbers.yml [7ms]
2024-07-16 14:20:53.836 [info] > git ls-files --stage -- /home/ndao/Numbers.yml [7ms]
2024-07-16 14:20:53.843 [info] > git cat-file -s 0d44093f0214e0007b5b6c940d2406121647d4c2 [2ms]
2024-07-16 14:31:48.360 [info] > git for-each-ref --format=%(refname)%00%(upstream:short)%00%(objectname)%00%(upstream:track)%00%(upstream:remotename)%00%(upstream:remoteref) refs/heads/dev refs/remotes/dev [2ms]
2024-07-16 14:31:48.361 [info] > git config --get commit.template [12ms]
2024-07-16 14:31:48.369 [info] > git status -z -uall [1ms]
2024-07-16 14:31:48.380 [info] > git for-each-ref --format=%(refname)%00%(upstream:short)%00%(objectname)%00%(upstream:track)%00%(upstream:remotename)%00%(upstream:remoteref) refs/heads/dev refs/remotes/dev [7ms]
2024-07-16 14:31:48.386 [info] > git config --local branch.dev.vscode-merge-base [1ms]
2024-07-16 14:31:48.391 [info] > git for-each-ref --format=%(refname)%00%(upstream:short)%00%(objectname)%00%(upstream:track)%00%(upstream:remotename)%00%(upstream:remoteref) refs/heads/origin/master refs/remotes/origin/master [1ms]
2024-07-16 14:41:09.296 [info] > git config --get commit.template [5ms]
2024-07-16 14:41:09.297 [info] > git for-each-ref --format=%(refname)%00%(upstream:short)%00%(objectname)%00%(upstream:track)%00%(upstream:remotename)%00%(upstream:remoteref) refs/heads/dev refs/remotes/dev [1ms]
2024-07-16 14:41:09.303 [info] > git status -z -uall [2ms]
2024-07-16 14:41:09.309 [info] > git for-each-ref --format=%(refname)%00%(upstream:short)%00%(objectname)%00%(upstream:track)%00%(upstream:remotename)%00%(upstream:remoteref) refs/heads/dev refs/remotes/dev [2ms]
2024-07-16 14:41:09.315 [info] > git config --local branch.dev.vscode-merge-base [1ms]
2024-07-16 14:41:09.320 [info] > git for-each-ref --format=%(refname)%00%(upstream:short)%00%(objectname)%00%(upstream:track)%00%(upstream:remotename)%00%(upstream:remoteref) refs/heads/origin/master refs/remotes/origin/master [2ms]
2024-07-16 14:41:18.351 [info] > git config --get commit.template [13ms]
2024-07-16 14:41:18.353 [info] > git for-each-ref --format=%(refname)%00%(upstream:short)%00%(objectname)%00%(upstream:track)%00%(upstream:remotename)%00%(upstream:remoteref) refs/heads/dev refs/remotes/dev [3ms]
2024-07-16 14:41:18.359 [info] > git status -z -uall [1ms]
2024-07-16 14:41:18.365 [info] > git for-each-ref --format=%(refname)%00%(upstream:short)%00%(objectname)%00%(upstream:track)%00%(upstream:remotename)%00%(upstream:remoteref) refs/heads/dev refs/remotes/dev [2ms]
2024-07-16 14:41:18.372 [info] > git config --local branch.dev.vscode-merge-base [2ms]
2024-07-16 14:41:18.377 [info] > git for-each-ref --format=%(refname)%00%(upstream:short)%00%(objectname)%00%(upstream:track)%00%(upstream:remotename)%00%(upstream:remoteref) refs/heads/origin/master refs/remotes/origin/master [1ms]
2024-07-16 14:48:18.229 [info] > git config --get commit.template [15ms]
2024-07-16 14:48:18.245 [info] > git config --get commit.template [18ms]
2024-07-16 14:48:18.246 [info] > git for-each-ref --format=%(refname)%00%(upstream:short)%00%(objectname)%00%(upstream:track)%00%(upstream:remotename)%00%(upstream:remoteref) refs/heads/dev refs/remotes/dev [8ms]
2024-07-16 14:48:18.246 [info] > git for-each-ref --format=%(refname)%00%(upstream:short)%00%(objectname)%00%(upstream:track)%00%(upstream:remotename)%00%(upstream:remoteref) refs/heads/main refs/remotes/main [2ms]
2024-07-16 14:48:18.269 [info] > git status -z -uall [10ms]
2024-07-16 14:48:18.290 [info] > git for-each-ref --format=%(refname)%00%(upstream:short)%00%(objectname)%00%(upstream:track)%00%(upstream:remotename)%00%(upstream:remoteref) refs/heads/dev refs/remotes/dev [6ms]
2024-07-16 14:48:18.302 [info] > git config --local branch.dev.vscode-merge-base [5ms]
2024-07-16 14:48:18.310 [info] > git for-each-ref --format=%(refname)%00%(upstream:short)%00%(objectname)%00%(upstream:track)%00%(upstream:remotename)%00%(upstream:remoteref) refs/heads/origin/master refs/remotes/origin/master [3ms]
2024-07-16 14:48:18.318 [info] > git merge-base refs/heads/dev refs/remotes/origin/dev [2ms]
2024-07-16 14:48:18.324 [info] > git rev-list --count --left-right refs/heads/dev...refs/remotes/origin/dev [2ms]
2024-07-16 14:48:18.332 [info] > git diff --name-status -z --diff-filter=ADMR 0d79e5ccf6e076493075026c2642b694df356bd7...refs/remotes/origin/dev [2ms]
2024-07-16 14:48:18.377 [info] > git status -z -uall [110ms]
2024-07-16 14:48:18.386 [info] > git for-each-ref --format=%(refname)%00%(upstream:short)%00%(objectname)%00%(upstream:track)%00%(upstream:remotename)%00%(upstream:remoteref) refs/heads/main refs/remotes/main [4ms]
2024-07-16 14:48:18.393 [info] > git config --local branch.main.vscode-merge-base [2ms]
2024-07-16 14:48:18.394 [warning] git config failed: Failed to execute git
2024-07-16 14:48:18.401 [info] > git reflog main --grep-reflog=branch: Created from *. [3ms]
2024-07-16 14:48:18.406 [info] > git symbolic-ref --short refs/remotes/origin/HEAD [1ms]
2024-07-16 14:48:18.406 [info] fatal: ref refs/remotes/origin/HEAD is not a symbolic ref
2024-07-16 14:58:11.967 [info] > git config --get commit.template [7ms]
2024-07-16 14:58:11.967 [info] > git for-each-ref --format=%(refname)%00%(upstream:short)%00%(objectname)%00%(upstream:track)%00%(upstream:remotename)%00%(upstream:remoteref) refs/heads/dev refs/remotes/dev [1ms]
2024-07-16 14:58:11.973 [info] > git status -z -uall [2ms]
2024-07-16 14:58:11.981 [info] > git for-each-ref --format=%(refname)%00%(upstream:short)%00%(objectname)%00%(upstream:track)%00%(upstream:remotename)%00%(upstream:remoteref) refs/heads/dev refs/remotes/dev [3ms]
2024-07-16 14:58:11.993 [info] > git config --local branch.dev.vscode-merge-base [2ms]
2024-07-16 14:58:12.014 [info] > git for-each-ref --format=%(refname)%00%(upstream:short)%00%(objectname)%00%(upstream:track)%00%(upstream:remotename)%00%(upstream:remoteref) refs/heads/origin/master refs/remotes/origin/master [2ms]
2024-07-16 14:58:12.030 [info] > git merge-base refs/heads/dev refs/remotes/origin/dev [2ms]
2024-07-16 14:58:12.040 [info] > git rev-list --count --left-right refs/heads/dev...refs/remotes/origin/dev [2ms]
2024-07-16 14:58:12.054 [info] > git diff --name-status -z --diff-filter=ADMR 3c4231310f3ce23471b69a6d9c59e06cd5eb5a4e...refs/remotes/origin/dev [7ms]
2024-07-16 14:58:16.988 [info] > git config --get commit.template [2ms]
2024-07-16 14:58:16.993 [info] > git for-each-ref --format=%(refname)%00%(upstream:short)%00%(objectname)%00%(upstream:track)%00%(upstream:remotename)%00%(upstream:remoteref) refs/heads/dev refs/remotes/dev [1ms]
2024-07-16 14:58:16.998 [info] > git status -z -uall [1ms]
2024-07-16 14:58:17.003 [info] > git for-each-ref --format=%(refname)%00%(upstream:short)%00%(objectname)%00%(upstream:track)%00%(upstream:remotename)%00%(upstream:remoteref) refs/heads/dev refs/remotes/dev [1ms]
2024-07-16 14:58:17.008 [info] > git config --local branch.dev.vscode-merge-base [1ms]
2024-07-16 14:58:17.013 [info] > git for-each-ref --format=%(refname)%00%(upstream:short)%00%(objectname)%00%(upstream:track)%00%(upstream:remotename)%00%(upstream:remoteref) refs/heads/origin/master refs/remotes/origin/master [1ms]
2024-07-16 15:00:50.108 [info] > git config --get commit.template [12ms]
2024-07-16 15:00:50.109 [info] > git for-each-ref --format=%(refname)%00%(upstream:short)%00%(objectname)%00%(upstream:track)%00%(upstream:remotename)%00%(upstream:remoteref) refs/heads/dev refs/remotes/dev [2ms]
2024-07-16 15:00:50.116 [info] > git status -z -uall [1ms]
2024-07-16 15:00:50.123 [info] > git for-each-ref --format=%(refname)%00%(upstream:short)%00%(objectname)%00%(upstream:track)%00%(upstream:remotename)%00%(upstream:remoteref) refs/heads/dev refs/remotes/dev [2ms]
2024-07-16 15:00:50.129 [info] > git config --local branch.dev.vscode-merge-base [1ms]
2024-07-16 15:00:50.135 [info] > git for-each-ref --format=%(refname)%00%(upstream:short)%00%(objectname)%00%(upstream:track)%00%(upstream:remotename)%00%(upstream:remoteref) refs/heads/origin/master refs/remotes/origin/master [2ms]
2024-07-16 15:02:17.143 [info] > git config --get commit.template [6ms]
2024-07-16 15:02:17.153 [info] > git for-each-ref --format=%(refname)%00%(upstream:short)%00%(objectname)%00%(upstream:track)%00%(upstream:remotename)%00%(upstream:remoteref) refs/heads/main refs/remotes/main [3ms]
2024-07-16 15:02:17.240 [info] > git status -z -uall [82ms]
2024-07-16 15:02:17.251 [info] > git for-each-ref --format=%(refname)%00%(upstream:short)%00%(objectname)%00%(upstream:track)%00%(upstream:remotename)%00%(upstream:remoteref) refs/heads/main refs/remotes/main [6ms]
2024-07-16 15:02:17.257 [info] > git config --local branch.main.vscode-merge-base [3ms]
2024-07-16 15:02:17.257 [warning] git config failed: Failed to execute git
2024-07-16 15:02:17.264 [info] > git reflog main --grep-reflog=branch: Created from *. [4ms]
2024-07-16 15:02:17.270 [info] > git symbolic-ref --short refs/remotes/origin/HEAD [1ms]
2024-07-16 15:02:17.270 [info] fatal: ref refs/remotes/origin/HEAD is not a symbolic ref
2024-07-16 15:02:22.256 [info] > git config --get commit.template [4ms]
2024-07-16 15:02:22.256 [info] > git for-each-ref --format=%(refname)%00%(upstream:short)%00%(objectname)%00%(upstream:track)%00%(upstream:remotename)%00%(upstream:remoteref) refs/heads/main refs/remotes/main [1ms]
2024-07-16 15:02:22.314 [info] > git status -z -uall [54ms]
2024-07-16 15:02:22.320 [info] > git for-each-ref --format=%(refname)%00%(upstream:short)%00%(objectname)%00%(upstream:track)%00%(upstream:remotename)%00%(upstream:remoteref) refs/heads/main refs/remotes/main [3ms]
2024-07-16 15:02:22.326 [info] > git config --local branch.main.vscode-merge-base [1ms]
2024-07-16 15:02:22.326 [warning] git config failed: Failed to execute git
2024-07-16 15:02:22.331 [info] > git reflog main --grep-reflog=branch: Created from *. [2ms]
2024-07-16 15:02:22.335 [info] > git symbolic-ref --short refs/remotes/origin/HEAD [1ms]
2024-07-16 15:02:22.335 [info] fatal: ref refs/remotes/origin/HEAD is not a symbolic ref
2024-07-16 15:02:27.328 [info] > git config --get commit.template [4ms]
2024-07-16 15:02:27.328 [info] > git for-each-ref --format=%(refname)%00%(upstream:short)%00%(objectname)%00%(upstream:track)%00%(upstream:remotename)%00%(upstream:remoteref) refs/heads/main refs/remotes/main [1ms]
2024-07-16 15:02:27.397 [info] > git status -z -uall [65ms]
2024-07-16 15:02:27.404 [info] > git for-each-ref --format=%(refname)%00%(upstream:short)%00%(objectname)%00%(upstream:track)%00%(upstream:remotename)%00%(upstream:remoteref) refs/heads/main refs/remotes/main [2ms]
2024-07-16 15:02:27.409 [info] > git config --local branch.main.vscode-merge-base [1ms]
2024-07-16 15:02:27.409 [warning] git config failed: Failed to execute git
2024-07-16 15:02:27.415 [info] > git reflog main --grep-reflog=branch: Created from *. [3ms]
2024-07-16 15:02:27.419 [info] > git symbolic-ref --short refs/remotes/origin/HEAD [1ms]
2024-07-16 15:02:27.419 [info] fatal: ref refs/remotes/origin/HEAD is not a symbolic ref
2024-07-16 15:02:32.414 [info] > git config --get commit.template [3ms]
2024-07-16 15:02:32.415 [info] > git for-each-ref --format=%(refname)%00%(upstream:short)%00%(objectname)%00%(upstream:track)%00%(upstream:remotename)%00%(upstream:remoteref) refs/heads/main refs/remotes/main [1ms]
2024-07-16 15:02:32.470 [info] > git status -z -uall [52ms]
2024-07-16 15:02:32.475 [info] > git for-each-ref --format=%(refname)%00%(upstream:short)%00%(objectname)%00%(upstream:track)%00%(upstream:remotename)%00%(upstream:remoteref) refs/heads/main refs/remotes/main [1ms]
2024-07-16 15:02:32.481 [info] > git config --local branch.main.vscode-merge-base [2ms]
2024-07-16 15:02:32.481 [warning] git config failed: Failed to execute git
2024-07-16 15:02:32.486 [info] > git reflog main --grep-reflog=branch: Created from *. [2ms]
2024-07-16 15:02:32.490 [info] > git symbolic-ref --short refs/remotes/origin/HEAD [1ms]
2024-07-16 15:02:32.490 [info] fatal: ref refs/remotes/origin/HEAD is not a symbolic ref
2024-07-16 15:03:27.920 [info] > git config --get commit.template [7ms]
2024-07-16 15:03:27.921 [info] > git config --get commit.template [2ms]
2024-07-16 15:03:27.932 [info] > git for-each-ref --format=%(refname)%00%(upstream:short)%00%(objectname)%00%(upstream:track)%00%(upstream:remotename)%00%(upstream:remoteref) refs/heads/main refs/remotes/main [5ms]
2024-07-16 15:03:27.937 [info] > git for-each-ref --format=%(refname)%00%(upstream:short)%00%(objectname)%00%(upstream:track)%00%(upstream:remotename)%00%(upstream:remoteref) refs/heads/dev refs/remotes/dev [6ms]
2024-07-16 15:03:27.947 [info] > git status -z -uall [2ms]
2024-07-16 15:03:27.958 [info] > git for-each-ref --format=%(refname)%00%(upstream:short)%00%(objectname)%00%(upstream:track)%00%(upstream:remotename)%00%(upstream:remoteref) refs/heads/dev refs/remotes/dev [4ms]
2024-07-16 15:03:27.963 [info] > git config --local branch.dev.vscode-merge-base [1ms]
2024-07-16 15:03:27.970 [info] > git for-each-ref --format=%(refname)%00%(upstream:short)%00%(objectname)%00%(upstream:track)%00%(upstream:remotename)%00%(upstream:remoteref) refs/heads/origin/master refs/remotes/origin/master [2ms]
2024-07-16 15:03:27.979 [info] > git merge-base refs/heads/dev refs/remotes/origin/dev [2ms]
2024-07-16 15:03:27.984 [info] > git rev-list --count --left-right refs/heads/dev...refs/remotes/origin/dev [1ms]
2024-07-16 15:03:27.991 [info] > git diff --name-status -z --diff-filter=ADMR 4ceaa3f9098e87e73698666ac291dabf09a0ffeb...refs/remotes/origin/dev [2ms]
2024-07-16 15:03:28.033 [info] > git status -z -uall [97ms]
2024-07-16 15:03:28.043 [info] > git for-each-ref --format=%(refname)%00%(upstream:short)%00%(objectname)%00%(upstream:track)%00%(upstream:remotename)%00%(upstream:remoteref) refs/heads/main refs/remotes/main [5ms]
2024-07-16 15:03:28.049 [info] > git config --local branch.main.vscode-merge-base [2ms]
2024-07-16 15:03:28.049 [warning] git config failed: Failed to execute git
2024-07-16 15:03:28.055 [info] > git reflog main --grep-reflog=branch: Created from *. [2ms]
2024-07-16 15:03:28.061 [info] > git symbolic-ref --short refs/remotes/origin/HEAD [0ms]
2024-07-16 15:03:28.061 [info] fatal: ref refs/remotes/origin/HEAD is not a symbolic ref
2024-07-16 15:03:32.966 [info] > git config --get commit.template [4ms]
2024-07-16 15:03:32.966 [info] > git for-each-ref --format=%(refname)%00%(upstream:short)%00%(objectname)%00%(upstream:track)%00%(upstream:remotename)%00%(upstream:remoteref) refs/heads/dev refs/remotes/dev [1ms]
2024-07-16 15:03:32.971 [info] > git status -z -uall [1ms]
2024-07-16 15:03:32.978 [info] > git for-each-ref --format=%(refname)%00%(upstream:short)%00%(objectname)%00%(upstream:track)%00%(upstream:remotename)%00%(upstream:remoteref) refs/heads/dev refs/remotes/dev [3ms]
2024-07-16 15:03:32.982 [info] > git config --local branch.dev.vscode-merge-base [1ms]
2024-07-16 15:03:32.987 [info] > git for-each-ref --format=%(refname)%00%(upstream:short)%00%(objectname)%00%(upstream:track)%00%(upstream:remotename)%00%(upstream:remoteref) refs/heads/origin/master refs/remotes/origin/master [1ms]
2024-07-16 15:03:33.665 [info] > git config --get commit.template [3ms]
2024-07-16 15:03:33.668 [info] > git for-each-ref --format=%(refname)%00%(upstream:short)%00%(objectname)%00%(upstream:track)%00%(upstream:remotename)%00%(upstream:remoteref) refs/heads/main refs/remotes/main [1ms]
2024-07-16 15:03:33.732 [info] > git status -z -uall [60ms]
2024-07-16 15:03:33.740 [info] > git for-each-ref --format=%(refname)%00%(upstream:short)%00%(objectname)%00%(upstream:track)%00%(upstream:remotename)%00%(upstream:remoteref) refs/heads/main refs/remotes/main [3ms]
2024-07-16 15:03:33.747 [info] > git config --local branch.main.vscode-merge-base [2ms]
2024-07-16 15:03:33.747 [warning] git config failed: Failed to execute git
2024-07-16 15:03:33.754 [info] > git reflog main --grep-reflog=branch: Created from *. [3ms]
2024-07-16 15:03:33.758 [info] > git symbolic-ref --short refs/remotes/origin/HEAD [0ms]
2024-07-16 15:03:33.758 [info] fatal: ref refs/remotes/origin/HEAD is not a symbolic ref
2024-07-16 15:04:29.604 [info] > git for-each-ref --format=%(refname)%00%(upstream:short)%00%(objectname)%00%(upstream:track)%00%(upstream:remotename)%00%(upstream:remoteref) refs/heads/main refs/remotes/main [1ms]
2024-07-16 15:04:29.604 [info] > git config --get commit.template [10ms]
2024-07-16 15:04:29.684 [info] > git status -z -uall [74ms]
2024-07-16 15:04:29.693 [info] > git for-each-ref --format=%(refname)%00%(upstream:short)%00%(objectname)%00%(upstream:track)%00%(upstream:remotename)%00%(upstream:remoteref) refs/heads/main refs/remotes/main [4ms]
2024-07-16 15:04:29.701 [info] > git config --local branch.main.vscode-merge-base [3ms]
2024-07-16 15:04:29.701 [warning] git config failed: Failed to execute git
2024-07-16 15:04:29.707 [info] > git reflog main --grep-reflog=branch: Created from *. [2ms]
2024-07-16 15:04:29.711 [info] > git symbolic-ref --short refs/remotes/origin/HEAD [1ms]
2024-07-16 15:04:29.711 [info] fatal: ref refs/remotes/origin/HEAD is not a symbolic ref
2024-07-16 15:04:34.700 [info] > git config --get commit.template [5ms]
2024-07-16 15:04:34.700 [info] > git for-each-ref --format=%(refname)%00%(upstream:short)%00%(objectname)%00%(upstream:track)%00%(upstream:remotename)%00%(upstream:remoteref) refs/heads/main refs/remotes/main [1ms]
2024-07-16 15:04:34.766 [info] > git status -z -uall [62ms]
2024-07-16 15:04:34.773 [info] > git for-each-ref --format=%(refname)%00%(upstream:short)%00%(objectname)%00%(upstream:track)%00%(upstream:remotename)%00%(upstream:remoteref) refs/heads/main refs/remotes/main [2ms]
2024-07-16 15:04:34.782 [info] > git config --local branch.main.vscode-merge-base [5ms]
2024-07-16 15:04:34.782 [warning] git config failed: Failed to execute git
2024-07-16 15:04:34.788 [info] > git reflog main --grep-reflog=branch: Created from *. [3ms]
2024-07-16 15:04:34.792 [info] > git symbolic-ref --short refs/remotes/origin/HEAD [1ms]
2024-07-16 15:04:34.792 [info] fatal: ref refs/remotes/origin/HEAD is not a symbolic ref
2024-07-16 15:04:39.781 [info] > git config --get commit.template [3ms]
2024-07-16 15:04:39.782 [info] > git for-each-ref --format=%(refname)%00%(upstream:short)%00%(objectname)%00%(upstream:track)%00%(upstream:remotename)%00%(upstream:remoteref) refs/heads/main refs/remotes/main [1ms]
2024-07-16 15:04:39.848 [info] > git status -z -uall [62ms]
2024-07-16 15:04:39.857 [info] > git for-each-ref --format=%(refname)%00%(upstream:short)%00%(objectname)%00%(upstream:track)%00%(upstream:remotename)%00%(upstream:remoteref) refs/heads/main refs/remotes/main [5ms]
2024-07-16 15:04:39.863 [info] > git config --local branch.main.vscode-merge-base [1ms]
2024-07-16 15:04:39.863 [warning] git config failed: Failed to execute git
2024-07-16 15:04:39.870 [info] > git reflog main --grep-reflog=branch: Created from *. [3ms]
2024-07-16 15:04:39.874 [info] > git symbolic-ref --short refs/remotes/origin/HEAD [1ms]
2024-07-16 15:04:39.874 [info] fatal: ref refs/remotes/origin/HEAD is not a symbolic ref
2024-07-16 15:04:44.865 [info] > git config --get commit.template [3ms]
2024-07-16 15:04:44.866 [info] > git for-each-ref --format=%(refname)%00%(upstream:short)%00%(objectname)%00%(upstream:track)%00%(upstream:remotename)%00%(upstream:remoteref) refs/heads/main refs/remotes/main [1ms]
2024-07-16 15:04:44.934 [info] > git status -z -uall [63ms]
2024-07-16 15:04:44.939 [info] > git for-each-ref --format=%(refname)%00%(upstream:short)%00%(objectname)%00%(upstream:track)%00%(upstream:remotename)%00%(upstream:remoteref) refs/heads/main refs/remotes/main [2ms]
2024-07-16 15:04:44.943 [info] > git config --local branch.main.vscode-merge-base [1ms]
2024-07-16 15:04:44.943 [warning] git config failed: Failed to execute git
2024-07-16 15:04:44.952 [info] > git reflog main --grep-reflog=branch: Created from *. [4ms]
2024-07-16 15:04:44.956 [info] > git symbolic-ref --short refs/remotes/origin/HEAD [0ms]
2024-07-16 15:04:44.956 [info] fatal: ref refs/remotes/origin/HEAD is not a symbolic ref
2024-07-16 15:05:21.298 [info] > git config --get commit.template [7ms]
2024-07-16 15:05:21.303 [info] > git config --get commit.template [6ms]
2024-07-16 15:05:21.313 [info] > git for-each-ref --format=%(refname)%00%(upstream:short)%00%(objectname)%00%(upstream:track)%00%(upstream:remotename)%00%(upstream:remoteref) refs/heads/main refs/remotes/main [4ms]
2024-07-16 15:05:21.315 [info] > git for-each-ref --format=%(refname)%00%(upstream:short)%00%(objectname)%00%(upstream:track)%00%(upstream:remotename)%00%(upstream:remoteref) refs/heads/dev refs/remotes/dev [2ms]
2024-07-16 15:05:21.328 [info] > git status -z -uall [2ms]
2024-07-16 15:05:21.341 [info] > git for-each-ref --format=%(refname)%00%(upstream:short)%00%(objectname)%00%(upstream:track)%00%(upstream:remotename)%00%(upstream:remoteref) refs/heads/dev refs/remotes/dev [5ms]
2024-07-16 15:05:21.348 [info] > git config --local branch.dev.vscode-merge-base [2ms]
2024-07-16 15:05:21.357 [info] > git for-each-ref --format=%(refname)%00%(upstream:short)%00%(objectname)%00%(upstream:track)%00%(upstream:remotename)%00%(upstream:remoteref) refs/heads/origin/master refs/remotes/origin/master [1ms]
2024-07-16 15:05:21.419 [info] > git status -z -uall [97ms]
2024-07-16 15:05:21.429 [info] > git for-each-ref --format=%(refname)%00%(upstream:short)%00%(objectname)%00%(upstream:track)%00%(upstream:remotename)%00%(upstream:remoteref) refs/heads/main refs/remotes/main [4ms]
2024-07-16 15:05:21.438 [info] > git config --local branch.main.vscode-merge-base [4ms]
2024-07-16 15:05:21.439 [warning] git config failed: Failed to execute git
2024-07-16 15:05:21.445 [info] > git reflog main --grep-reflog=branch: Created from *. [3ms]
2024-07-16 15:05:21.449 [info] > git symbolic-ref --short refs/remotes/origin/HEAD [1ms]
2024-07-16 15:05:21.449 [info] fatal: ref refs/remotes/origin/HEAD is not a symbolic ref
2024-07-16 15:05:26.436 [info] > git config --get commit.template [4ms]
2024-07-16 15:05:26.437 [info] > git for-each-ref --format=%(refname)%00%(upstream:short)%00%(objectname)%00%(upstream:track)%00%(upstream:remotename)%00%(upstream:remoteref) refs/heads/main refs/remotes/main [1ms]
2024-07-16 15:05:26.499 [info] > git status -z -uall [58ms]
2024-07-16 15:05:26.505 [info] > git for-each-ref --format=%(refname)%00%(upstream:short)%00%(objectname)%00%(upstream:track)%00%(upstream:remotename)%00%(upstream:remoteref) refs/heads/main refs/remotes/main [2ms]
2024-07-16 15:05:26.520 [info] > git config --local branch.main.vscode-merge-base [10ms]
2024-07-16 15:05:26.520 [warning] git config failed: Failed to execute git
2024-07-16 15:05:26.528 [info] > git reflog main --grep-reflog=branch: Created from *. [4ms]
2024-07-16 15:05:26.542 [info] > git symbolic-ref --short refs/remotes/origin/HEAD [9ms]
2024-07-16 15:05:26.542 [info] fatal: ref refs/remotes/origin/HEAD is not a symbolic ref
2024-07-16 15:05:31.512 [info] > git config --get commit.template [3ms]
2024-07-16 15:05:31.516 [info] > git for-each-ref --format=%(refname)%00%(upstream:short)%00%(objectname)%00%(upstream:track)%00%(upstream:remotename)%00%(upstream:remoteref) refs/heads/main refs/remotes/main [1ms]
2024-07-16 15:05:31.587 [info] > git status -z -uall [66ms]
2024-07-16 15:05:31.593 [info] > git for-each-ref --format=%(refname)%00%(upstream:short)%00%(objectname)%00%(upstream:track)%00%(upstream:remotename)%00%(upstream:remoteref) refs/heads/main refs/remotes/main [2ms]
2024-07-16 15:05:31.599 [info] > git config --local branch.main.vscode-merge-base [2ms]
2024-07-16 15:05:31.599 [warning] git config failed: Failed to execute git
2024-07-16 15:05:31.605 [info] > git reflog main --grep-reflog=branch: Created from *. [2ms]
2024-07-16 15:05:31.609 [info] > git symbolic-ref --short refs/remotes/origin/HEAD [1ms]
2024-07-16 15:05:31.610 [info] fatal: ref refs/remotes/origin/HEAD is not a symbolic ref
2024-07-16 15:05:36.600 [info] > git config --get commit.template [3ms]
2024-07-16 15:05:36.604 [info] > git for-each-ref --format=%(refname)%00%(upstream:short)%00%(objectname)%00%(upstream:track)%00%(upstream:remotename)%00%(upstream:remoteref) refs/heads/main refs/remotes/main [1ms]
2024-07-16 15:05:36.665 [info] > git status -z -uall [57ms]
2024-07-16 15:05:36.672 [info] > git for-each-ref --format=%(refname)%00%(upstream:short)%00%(objectname)%00%(upstream:track)%00%(upstream:remotename)%00%(upstream:remoteref) refs/heads/main refs/remotes/main [3ms]
2024-07-16 15:05:36.679 [info] > git config --local branch.main.vscode-merge-base [3ms]
2024-07-16 15:05:36.679 [warning] git config failed: Failed to execute git
2024-07-16 15:05:36.685 [info] > git reflog main --grep-reflog=branch: Created from *. [2ms]
2024-07-16 15:05:36.689 [info] > git symbolic-ref --short refs/remotes/origin/HEAD [1ms]
2024-07-16 15:05:36.689 [info] fatal: ref refs/remotes/origin/HEAD is not a symbolic ref
2024-07-16 15:06:34.946 [info] > git config --get commit.template [3ms]
2024-07-16 15:06:34.960 [info] > git for-each-ref --format=%(refname)%00%(upstream:short)%00%(objectname)%00%(upstream:track)%00%(upstream:remotename)%00%(upstream:remoteref) refs/heads/main refs/remotes/main [1ms]
2024-07-16 15:06:35.106 [info] > git status -z -uall [139ms]
2024-07-16 15:06:35.116 [info] > git for-each-ref --format=%(refname)%00%(upstream:short)%00%(objectname)%00%(upstream:track)%00%(upstream:remotename)%00%(upstream:remoteref) refs/heads/main refs/remotes/main [4ms]
2024-07-16 15:06:35.125 [info] > git config --local branch.main.vscode-merge-base [3ms]
2024-07-16 15:06:35.125 [warning] git config failed: Failed to execute git
2024-07-16 15:06:35.134 [info] > git reflog main --grep-reflog=branch: Created from *. [3ms]
2024-07-16 15:06:35.138 [info] > git symbolic-ref --short refs/remotes/origin/HEAD [1ms]
2024-07-16 15:06:35.138 [info] fatal: ref refs/remotes/origin/HEAD is not a symbolic ref
2024-07-16 15:06:40.125 [info] > git config --get commit.template [4ms]
2024-07-16 15:06:40.125 [info] > git for-each-ref --format=%(refname)%00%(upstream:short)%00%(objectname)%00%(upstream:track)%00%(upstream:remotename)%00%(upstream:remoteref) refs/heads/main refs/remotes/main [1ms]
2024-07-16 15:06:40.190 [info] > git status -z -uall [61ms]
2024-07-16 15:06:40.198 [info] > git for-each-ref --format=%(refname)%00%(upstream:short)%00%(objectname)%00%(upstream:track)%00%(upstream:remotename)%00%(upstream:remoteref) refs/heads/main refs/remotes/main [3ms]
2024-07-16 15:06:40.202 [info] > git config --local branch.main.vscode-merge-base [1ms]
2024-07-16 15:06:40.202 [warning] git config failed: Failed to execute git
2024-07-16 15:06:40.216 [info] > git reflog main --grep-reflog=branch: Created from *. [5ms]
2024-07-16 15:06:40.223 [info] > git symbolic-ref --short refs/remotes/origin/HEAD [1ms]
2024-07-16 15:06:40.223 [info] fatal: ref refs/remotes/origin/HEAD is not a symbolic ref
2024-07-16 15:07:05.978 [info] > git for-each-ref --format=%(refname)%00%(upstream:short)%00%(objectname)%00%(upstream:track)%00%(upstream:remotename)%00%(upstream:remoteref) refs/heads/dev refs/remotes/dev [1ms]
2024-07-16 15:07:05.979 [info] > git config --get commit.template [17ms]
2024-07-16 15:07:06.001 [info] > git status -z -uall [3ms]
2024-07-16 15:07:06.009 [info] > git for-each-ref --format=%(refname)%00%(upstream:short)%00%(objectname)%00%(upstream:track)%00%(upstream:remotename)%00%(upstream:remoteref) refs/heads/dev refs/remotes/dev [2ms]
2024-07-16 15:07:06.014 [info] > git config --local branch.dev.vscode-merge-base [1ms]
2024-07-16 15:07:06.023 [info] > git for-each-ref --format=%(refname)%00%(upstream:short)%00%(objectname)%00%(upstream:track)%00%(upstream:remotename)%00%(upstream:remoteref) refs/heads/origin/master refs/remotes/origin/master [2ms]
