2024-06-07 10:04:00.579 [info] Extension host with pid 30136 started
2024-06-07 10:04:00.689 [info] ExtensionService#_doActivateExtension vscode.emmet, startup: false, activationEvent: 'onLanguage'
2024-06-07 10:04:00.691 [info] ExtensionService#_doActivateExtension ms-python.python, startup: false, activationEvent: 'onLanguage:yaml', root cause: redhat.ansible
2024-06-07 10:04:00.692 [info] ExtensionService#_doActivateExtension redhat.vscode-yaml, startup: false, activationEvent: 'onLanguage:yaml', root cause: redhat.ansible
2024-06-07 10:04:01.806 [info] ExtensionService#_doActivateExtension vscode.git-base, startup: true, activationEvent: '*', root cause: vscode.git
2024-06-07 10:04:01.843 [info] Lock '/home/ndao/.vscode-server/data/User/workspaceStorage/38a21d1cb963b8ec61341b0b4eb2fb76/vscode.lock': Lock acquired.
2024-06-07 10:04:02.223 [info] ExtensionService#_doActivateExtension vscode.git, startup: true, activationEvent: '*'
2024-06-07 10:04:02.226 [info] ExtensionService#_doActivateExtension vscode.github, startup: true, activationEvent: '*'
2024-06-07 10:04:03.070 [info] ExtensionService#_doActivateExtension redhat.ansible, startup: false, activationEvent: 'onLanguage:yaml'
2024-06-07 10:04:03.404 [info] Eager extensions activated
2024-06-07 10:04:03.405 [info] ExtensionService#_doActivateExtension vscode.debug-auto-launch, startup: false, activationEvent: 'onStartupFinished'
2024-06-07 10:04:03.406 [info] ExtensionService#_doActivateExtension vscode.merge-conflict, startup: false, activationEvent: 'onStartupFinished'
2024-06-07 10:04:03.406 [info] ExtensionService#_doActivateExtension Bito.Bito, startup: false, activationEvent: 'onStartupFinished'
2024-06-07 10:04:06.955 [warning] [redhat.vscode-yaml] Accessing a resource scoped configuration without providing a resource is not expected. To get the effective value for '[yaml]', provide the URI of a resource or 'null' for any resource.
2024-06-07 10:04:07.044 [warning] [redhat.vscode-yaml] Accessing a resource scoped configuration without providing a resource is not expected. To get the effective value for '[yaml]', provide the URI of a resource or 'null' for any resource.
2024-06-07 10:04:07.361 [info] ExtensionService#_doActivateExtension ms-python.vscode-pylance, startup: false, activationEvent: 'api', root cause: ms-python.python
2024-06-07 10:04:08.737 [warning] [Decorations] CAPPING events from decorations provider vscode.git 10994
2024-06-07 10:04:11.171 [warning] [Decorations] CAPPING events from decorations provider vscode.git 10994
2024-06-07 10:04:14.684 [warning] [Decorations] CAPPING events from decorations provider vscode.git 10994
2024-06-07 10:04:20.560 [warning] [Decorations] CAPPING events from decorations provider vscode.git 10995
2024-06-07 10:04:26.257 [warning] [Decorations] CAPPING events from decorations provider vscode.git 10995
2024-06-07 10:04:32.125 [warning] [Decorations] CAPPING events from decorations provider vscode.git 10995
2024-06-07 10:04:37.779 [warning] [Decorations] CAPPING events from decorations provider vscode.git 10995
2024-06-07 10:04:43.591 [warning] [Decorations] CAPPING events from decorations provider vscode.git 10995
2024-06-07 10:04:49.423 [warning] [Decorations] CAPPING events from decorations provider vscode.git 10995
2024-06-07 10:04:55.001 [warning] [Decorations] CAPPING events from decorations provider vscode.git 10995
2024-06-07 10:05:00.864 [warning] [Decorations] CAPPING events from decorations provider vscode.git 10996
2024-06-07 10:05:06.703 [warning] [Decorations] CAPPING events from decorations provider vscode.git 10372
2024-06-07 10:05:12.438 [warning] [Decorations] CAPPING events from decorations provider vscode.git 12787
2024-06-07 10:05:18.138 [warning] [Decorations] CAPPING events from decorations provider vscode.git 11021
2024-06-07 10:05:25.410 [warning] [Decorations] CAPPING events from decorations provider vscode.git 11020
2024-06-07 10:05:31.009 [warning] [Decorations] CAPPING events from decorations provider vscode.git 11020
2024-06-07 10:05:36.585 [warning] [Decorations] CAPPING events from decorations provider vscode.git 11020
2024-06-07 10:05:42.179 [warning] [Decorations] CAPPING events from decorations provider vscode.git 11020
2024-06-07 10:05:47.803 [warning] [Decorations] CAPPING events from decorations provider vscode.git 11020
2024-06-07 10:05:53.971 [warning] [Decorations] CAPPING events from decorations provider vscode.git 11020
2024-06-07 10:06:00.374 [warning] [Decorations] CAPPING events from decorations provider vscode.git 11020
2024-06-07 10:06:06.063 [warning] [Decorations] CAPPING events from decorations provider vscode.git 11020
2024-06-07 10:06:11.951 [warning] [Decorations] CAPPING events from decorations provider vscode.git 11020
2024-06-07 10:06:17.624 [warning] [Decorations] CAPPING events from decorations provider vscode.git 11020
2024-06-07 10:06:23.199 [warning] [Decorations] CAPPING events from decorations provider vscode.git 11020
2024-06-07 10:06:28.785 [warning] [Decorations] CAPPING events from decorations provider vscode.git 11020
2024-06-07 10:06:34.378 [warning] [Decorations] CAPPING events from decorations provider vscode.git 11020
2024-06-07 10:06:40.125 [warning] [Decorations] CAPPING events from decorations provider vscode.git 11020
2024-06-07 10:06:45.796 [warning] [Decorations] CAPPING events from decorations provider vscode.git 11020
2024-06-07 10:06:51.471 [warning] [Decorations] CAPPING events from decorations provider vscode.git 11020
2024-06-07 10:06:57.183 [warning] [Decorations] CAPPING events from decorations provider vscode.git 11020
2024-06-07 10:07:02.810 [warning] [Decorations] CAPPING events from decorations provider vscode.git 11020
2024-06-07 10:07:08.469 [warning] [Decorations] CAPPING events from decorations provider vscode.git 11020
2024-06-07 10:07:14.167 [warning] [Decorations] CAPPING events from decorations provider vscode.git 11020
2024-06-07 10:07:19.851 [warning] [Decorations] CAPPING events from decorations provider vscode.git 11020
2024-06-07 10:07:25.477 [warning] [Decorations] CAPPING events from decorations provider vscode.git 11020
2024-06-07 10:07:31.149 [warning] [Decorations] CAPPING events from decorations provider vscode.git 11020
2024-06-07 10:07:36.758 [warning] [Decorations] CAPPING events from decorations provider vscode.git 11020
2024-06-07 10:07:42.463 [warning] [Decorations] CAPPING events from decorations provider vscode.git 11020
2024-06-07 10:07:48.053 [warning] [Decorations] CAPPING events from decorations provider vscode.git 11020
2024-06-07 10:07:53.649 [warning] [Decorations] CAPPING events from decorations provider vscode.git 11020
2024-06-07 10:07:59.289 [warning] [Decorations] CAPPING events from decorations provider vscode.git 11020
2024-06-07 10:08:04.920 [warning] [Decorations] CAPPING events from decorations provider vscode.git 11020
2024-06-07 10:08:10.423 [warning] [Decorations] CAPPING events from decorations provider vscode.git 11020
2024-06-07 10:08:16.076 [warning] [Decorations] CAPPING events from decorations provider vscode.git 11020
2024-06-07 10:08:21.750 [warning] [Decorations] CAPPING events from decorations provider vscode.git 11020
2024-06-07 10:08:27.673 [warning] [Decorations] CAPPING events from decorations provider vscode.git 12011
2024-06-07 10:08:33.368 [warning] [Decorations] CAPPING events from decorations provider vscode.git 12368
2024-06-07 10:08:39.075 [warning] [Decorations] CAPPING events from decorations provider vscode.git 12091
2024-06-07 10:08:44.832 [warning] [Decorations] CAPPING events from decorations provider vscode.git 12091
2024-06-07 10:08:50.582 [warning] [Decorations] CAPPING events from decorations provider vscode.git 12091
2024-06-07 10:08:56.259 [warning] [Decorations] CAPPING events from decorations provider vscode.git 12091
2024-06-07 10:09:01.968 [warning] [Decorations] CAPPING events from decorations provider vscode.git 12091
2024-06-07 10:09:07.728 [warning] [Decorations] CAPPING events from decorations provider vscode.git 12091
2024-06-07 10:09:13.470 [warning] [Decorations] CAPPING events from decorations provider vscode.git 12091
2024-06-07 10:09:19.076 [warning] [Decorations] CAPPING events from decorations provider vscode.git 12091
2024-06-07 10:09:24.800 [warning] [Decorations] CAPPING events from decorations provider vscode.git 12091
2024-06-07 10:09:30.426 [warning] [Decorations] CAPPING events from decorations provider vscode.git 12091
2024-06-07 10:09:36.107 [warning] [Decorations] CAPPING events from decorations provider vscode.git 12091
2024-06-07 10:09:41.672 [warning] [Decorations] CAPPING events from decorations provider vscode.git 12091
2024-06-07 10:09:47.152 [warning] [Decorations] CAPPING events from decorations provider vscode.git 12091
2024-06-07 10:09:52.979 [warning] [Decorations] CAPPING events from decorations provider vscode.git 12092
2024-06-07 10:10:22.770 [warning] [Decorations] CAPPING events from decorations provider vscode.git 13972
2024-06-07 10:19:45.148 [info] ExtensionService#_doActivateExtension vscode.json-language-features, startup: false, activationEvent: 'onLanguage:jsonc'
2024-06-07 10:19:45.150 [info] ExtensionService#_doActivateExtension vscode.typescript-language-features, startup: false, activationEvent: 'onLanguage:jsonc'
2024-06-07 10:19:45.846 [warning] [redhat.vscode-yaml] Accessing a resource scoped configuration without providing a resource is not expected. To get the effective value for '[yaml]', provide the URI of a resource or 'null' for any resource.
2024-06-07 10:19:46.339 [warning] [redhat.vscode-yaml] Accessing a resource scoped configuration without providing a resource is not expected. To get the effective value for '[yaml]', provide the URI of a resource or 'null' for any resource.
2024-06-07 10:19:48.970 [warning] [redhat.vscode-yaml] Accessing a resource scoped configuration without providing a resource is not expected. To get the effective value for '[yaml]', provide the URI of a resource or 'null' for any resource.
2024-06-07 10:19:50.873 [warning] [redhat.vscode-yaml] Accessing a resource scoped configuration without providing a resource is not expected. To get the effective value for '[yaml]', provide the URI of a resource or 'null' for any resource.
2024-06-07 10:19:52.197 [warning] [redhat.vscode-yaml] Accessing a resource scoped configuration without providing a resource is not expected. To get the effective value for '[yaml]', provide the URI of a resource or 'null' for any resource.
2024-06-07 10:20:33.412 [warning] [redhat.vscode-yaml] Accessing a resource scoped configuration without providing a resource is not expected. To get the effective value for '[yaml]', provide the URI of a resource or 'null' for any resource.
2024-06-07 10:20:39.774 [error] TypeError: Cannot read properties of undefined (reading 'filter')
	at Timeout.eval [as _onTimeout] (webpack://Bito/./node_modules/@bitoai/localcodesearchdev/indexManagement.js?:670:40)
2024-06-07 10:21:24.802 [warning] [redhat.vscode-yaml] Accessing a resource scoped configuration without providing a resource is not expected. To get the effective value for '[yaml]', provide the URI of a resource or 'null' for any resource.
2024-06-07 10:21:41.320 [warning] [redhat.vscode-yaml] Accessing a resource scoped configuration without providing a resource is not expected. To get the effective value for '[yaml]', provide the URI of a resource or 'null' for any resource.
2024-06-07 10:21:52.636 [warning] [redhat.vscode-yaml] Accessing a resource scoped configuration without providing a resource is not expected. To get the effective value for '[yaml]', provide the URI of a resource or 'null' for any resource.
2024-06-07 10:21:55.879 [warning] [redhat.vscode-yaml] Accessing a resource scoped configuration without providing a resource is not expected. To get the effective value for '[yaml]', provide the URI of a resource or 'null' for any resource.
2024-06-07 10:21:56.312 [warning] [redhat.vscode-yaml] Accessing a resource scoped configuration without providing a resource is not expected. To get the effective value for '[yaml]', provide the URI of a resource or 'null' for any resource.
2024-06-07 10:21:59.070 [warning] [redhat.vscode-yaml] Accessing a resource scoped configuration without providing a resource is not expected. To get the effective value for '[yaml]', provide the URI of a resource or 'null' for any resource.
2024-06-07 10:23:37.639 [warning] [redhat.vscode-yaml] Accessing a resource scoped configuration without providing a resource is not expected. To get the effective value for '[yaml]', provide the URI of a resource or 'null' for any resource.
2024-06-07 10:23:37.833 [warning] [redhat.vscode-yaml] Accessing a resource scoped configuration without providing a resource is not expected. To get the effective value for '[yaml]', provide the URI of a resource or 'null' for any resource.
2024-06-07 10:24:19.204 [warning] [redhat.vscode-yaml] Accessing a resource scoped configuration without providing a resource is not expected. To get the effective value for '[yaml]', provide the URI of a resource or 'null' for any resource.
2024-06-07 10:24:19.403 [warning] [redhat.vscode-yaml] Accessing a resource scoped configuration without providing a resource is not expected. To get the effective value for '[yaml]', provide the URI of a resource or 'null' for any resource.
2024-06-07 10:24:19.724 [warning] [redhat.vscode-yaml] Accessing a resource scoped configuration without providing a resource is not expected. To get the effective value for '[yaml]', provide the URI of a resource or 'null' for any resource.
2024-06-07 10:24:20.159 [warning] [redhat.vscode-yaml] Accessing a resource scoped configuration without providing a resource is not expected. To get the effective value for '[yaml]', provide the URI of a resource or 'null' for any resource.
2024-06-07 10:24:20.403 [warning] [redhat.vscode-yaml] Accessing a resource scoped configuration without providing a resource is not expected. To get the effective value for '[yaml]', provide the URI of a resource or 'null' for any resource.
2024-06-07 10:24:22.400 [warning] [redhat.vscode-yaml] Accessing a resource scoped configuration without providing a resource is not expected. To get the effective value for '[yaml]', provide the URI of a resource or 'null' for any resource.
2024-06-07 10:24:24.350 [warning] [redhat.vscode-yaml] Accessing a resource scoped configuration without providing a resource is not expected. To get the effective value for '[yaml]', provide the URI of a resource or 'null' for any resource.
2024-06-07 10:24:28.541 [warning] [redhat.vscode-yaml] Accessing a resource scoped configuration without providing a resource is not expected. To get the effective value for '[yaml]', provide the URI of a resource or 'null' for any resource.
2024-06-07 10:25:08.568 [warning] [redhat.vscode-yaml] Accessing a resource scoped configuration without providing a resource is not expected. To get the effective value for '[yaml]', provide the URI of a resource or 'null' for any resource.
2024-06-07 10:25:36.293 [warning] [redhat.vscode-yaml] Accessing a resource scoped configuration without providing a resource is not expected. To get the effective value for '[yaml]', provide the URI of a resource or 'null' for any resource.
2024-06-07 10:25:39.771 [error] TypeError: Cannot read properties of undefined (reading 'filter')
	at Timeout.eval [as _onTimeout] (webpack://Bito/./node_modules/@bitoai/localcodesearchdev/indexManagement.js?:670:40)
2024-06-07 10:27:09.854 [warning] [redhat.vscode-yaml] Accessing a resource scoped configuration without providing a resource is not expected. To get the effective value for '[yaml]', provide the URI of a resource or 'null' for any resource.
2024-06-07 10:27:11.021 [warning] [redhat.vscode-yaml] Accessing a resource scoped configuration without providing a resource is not expected. To get the effective value for '[yaml]', provide the URI of a resource or 'null' for any resource.
2024-06-07 10:27:11.514 [warning] [redhat.vscode-yaml] Accessing a resource scoped configuration without providing a resource is not expected. To get the effective value for '[yaml]', provide the URI of a resource or 'null' for any resource.
2024-06-07 10:27:13.204 [warning] [redhat.vscode-yaml] Accessing a resource scoped configuration without providing a resource is not expected. To get the effective value for '[yaml]', provide the URI of a resource or 'null' for any resource.
2024-06-07 10:27:13.622 [warning] [redhat.vscode-yaml] Accessing a resource scoped configuration without providing a resource is not expected. To get the effective value for '[yaml]', provide the URI of a resource or 'null' for any resource.
2024-06-07 10:27:16.083 [warning] [redhat.vscode-yaml] Accessing a resource scoped configuration without providing a resource is not expected. To get the effective value for '[yaml]', provide the URI of a resource or 'null' for any resource.
2024-06-07 10:27:17.722 [warning] [redhat.vscode-yaml] Accessing a resource scoped configuration without providing a resource is not expected. To get the effective value for '[yaml]', provide the URI of a resource or 'null' for any resource.
2024-06-07 10:27:19.193 [warning] [redhat.vscode-yaml] Accessing a resource scoped configuration without providing a resource is not expected. To get the effective value for '[yaml]', provide the URI of a resource or 'null' for any resource.
2024-06-07 10:30:39.773 [error] TypeError: Cannot read properties of undefined (reading 'filter')
	at Timeout.eval [as _onTimeout] (webpack://Bito/./node_modules/@bitoai/localcodesearchdev/indexManagement.js?:670:40)
2024-06-07 10:35:39.775 [error] TypeError: Cannot read properties of undefined (reading 'filter')
	at Timeout.eval [as _onTimeout] (webpack://Bito/./node_modules/@bitoai/localcodesearchdev/indexManagement.js?:670:40)
2024-06-07 10:40:39.775 [error] TypeError: Cannot read properties of undefined (reading 'filter')
	at Timeout.eval [as _onTimeout] (webpack://Bito/./node_modules/@bitoai/localcodesearchdev/indexManagement.js?:670:40)
2024-06-07 10:45:39.775 [error] TypeError: Cannot read properties of undefined (reading 'filter')
	at Timeout.eval [as _onTimeout] (webpack://Bito/./node_modules/@bitoai/localcodesearchdev/indexManagement.js?:670:40)
2024-06-07 10:49:32.942 [warning] [redhat.vscode-yaml] Accessing a resource scoped configuration without providing a resource is not expected. To get the effective value for '[yaml]', provide the URI of a resource or 'null' for any resource.
2024-06-07 10:49:33.891 [warning] [redhat.vscode-yaml] Accessing a resource scoped configuration without providing a resource is not expected. To get the effective value for '[yaml]', provide the URI of a resource or 'null' for any resource.
2024-06-07 10:49:34.422 [warning] [redhat.vscode-yaml] Accessing a resource scoped configuration without providing a resource is not expected. To get the effective value for '[yaml]', provide the URI of a resource or 'null' for any resource.
2024-06-07 10:49:35.798 [warning] [redhat.vscode-yaml] Accessing a resource scoped configuration without providing a resource is not expected. To get the effective value for '[yaml]', provide the URI of a resource or 'null' for any resource.
2024-06-07 10:49:37.206 [warning] [redhat.vscode-yaml] Accessing a resource scoped configuration without providing a resource is not expected. To get the effective value for '[yaml]', provide the URI of a resource or 'null' for any resource.
2024-06-07 10:49:37.750 [warning] [redhat.vscode-yaml] Accessing a resource scoped configuration without providing a resource is not expected. To get the effective value for '[yaml]', provide the URI of a resource or 'null' for any resource.
2024-06-07 10:49:38.341 [warning] [redhat.vscode-yaml] Accessing a resource scoped configuration without providing a resource is not expected. To get the effective value for '[yaml]', provide the URI of a resource or 'null' for any resource.
2024-06-07 10:50:26.284 [warning] [redhat.vscode-yaml] Accessing a resource scoped configuration without providing a resource is not expected. To get the effective value for '[yaml]', provide the URI of a resource or 'null' for any resource.
2024-06-07 10:50:39.776 [error] TypeError: Cannot read properties of undefined (reading 'filter')
	at Timeout.eval [as _onTimeout] (webpack://Bito/./node_modules/@bitoai/localcodesearchdev/indexManagement.js?:670:40)
2024-06-07 10:55:39.778 [error] TypeError: Cannot read properties of undefined (reading 'filter')
	at Timeout.eval [as _onTimeout] (webpack://Bito/./node_modules/@bitoai/localcodesearchdev/indexManagement.js?:670:40)
2024-06-07 11:00:39.778 [error] TypeError: Cannot read properties of undefined (reading 'filter')
	at Timeout.eval [as _onTimeout] (webpack://Bito/./node_modules/@bitoai/localcodesearchdev/indexManagement.js?:670:40)
2024-06-07 11:05:39.779 [error] TypeError: Cannot read properties of undefined (reading 'filter')
	at Timeout.eval [as _onTimeout] (webpack://Bito/./node_modules/@bitoai/localcodesearchdev/indexManagement.js?:670:40)
2024-06-07 11:10:22.740 [warning] [redhat.vscode-yaml] Accessing a resource scoped configuration without providing a resource is not expected. To get the effective value for '[yaml]', provide the URI of a resource or 'null' for any resource.
2024-06-07 11:10:26.728 [warning] [redhat.vscode-yaml] Accessing a resource scoped configuration without providing a resource is not expected. To get the effective value for '[yaml]', provide the URI of a resource or 'null' for any resource.
2024-06-07 11:10:39.780 [error] TypeError: Cannot read properties of undefined (reading 'filter')
	at Timeout.eval [as _onTimeout] (webpack://Bito/./node_modules/@bitoai/localcodesearchdev/indexManagement.js?:670:40)
2024-06-07 11:15:39.783 [error] TypeError: Cannot read properties of undefined (reading 'filter')
	at Timeout.eval [as _onTimeout] (webpack://Bito/./node_modules/@bitoai/localcodesearchdev/indexManagement.js?:670:40)
2024-06-07 11:20:39.784 [error] TypeError: Cannot read properties of undefined (reading 'filter')
	at Timeout.eval [as _onTimeout] (webpack://Bito/./node_modules/@bitoai/localcodesearchdev/indexManagement.js?:670:40)
2024-06-07 11:25:39.782 [error] TypeError: Cannot read properties of undefined (reading 'filter')
	at Timeout.eval [as _onTimeout] (webpack://Bito/./node_modules/@bitoai/localcodesearchdev/indexManagement.js?:670:40)
2024-06-07 11:27:24.238 [warning] [redhat.vscode-yaml] Accessing a resource scoped configuration without providing a resource is not expected. To get the effective value for '[yaml]', provide the URI of a resource or 'null' for any resource.
2024-06-07 11:27:24.456 [warning] [redhat.vscode-yaml] Accessing a resource scoped configuration without providing a resource is not expected. To get the effective value for '[yaml]', provide the URI of a resource or 'null' for any resource.
2024-06-07 11:27:32.313 [warning] [redhat.vscode-yaml] Accessing a resource scoped configuration without providing a resource is not expected. To get the effective value for '[yaml]', provide the URI of a resource or 'null' for any resource.
2024-06-07 11:27:32.544 [warning] [redhat.vscode-yaml] Accessing a resource scoped configuration without providing a resource is not expected. To get the effective value for '[yaml]', provide the URI of a resource or 'null' for any resource.
2024-06-07 11:30:39.785 [error] TypeError: Cannot read properties of undefined (reading 'filter')
	at Timeout.eval [as _onTimeout] (webpack://Bito/./node_modules/@bitoai/localcodesearchdev/indexManagement.js?:670:40)
	at runNextTicks (node:internal/process/task_queues:60:5)
	at process.processTimers (node:internal/timers:511:9)
2024-06-07 11:35:39.786 [error] TypeError: Cannot read properties of undefined (reading 'filter')
	at Timeout.eval [as _onTimeout] (webpack://Bito/./node_modules/@bitoai/localcodesearchdev/indexManagement.js?:670:40)
2024-06-07 11:40:39.786 [error] TypeError: Cannot read properties of undefined (reading 'filter')
	at Timeout.eval [as _onTimeout] (webpack://Bito/./node_modules/@bitoai/localcodesearchdev/indexManagement.js?:670:40)
2024-06-07 11:45:39.787 [error] TypeError: Cannot read properties of undefined (reading 'filter')
	at Timeout.eval [as _onTimeout] (webpack://Bito/./node_modules/@bitoai/localcodesearchdev/indexManagement.js?:670:40)
2024-06-07 11:50:39.787 [error] TypeError: Cannot read properties of undefined (reading 'filter')
	at Timeout.eval [as _onTimeout] (webpack://Bito/./node_modules/@bitoai/localcodesearchdev/indexManagement.js?:670:40)
2024-06-07 11:55:39.515 [warning] [redhat.vscode-yaml] Accessing a resource scoped configuration without providing a resource is not expected. To get the effective value for '[yaml]', provide the URI of a resource or 'null' for any resource.
2024-06-07 11:55:39.825 [error] TypeError: Cannot read properties of undefined (reading 'filter')
	at Timeout.eval [as _onTimeout] (webpack://Bito/./node_modules/@bitoai/localcodesearchdev/indexManagement.js?:670:40)
2024-06-07 11:55:40.156 [warning] [redhat.vscode-yaml] Accessing a resource scoped configuration without providing a resource is not expected. To get the effective value for '[yaml]', provide the URI of a resource or 'null' for any resource.
2024-06-07 11:55:40.663 [warning] [redhat.vscode-yaml] Accessing a resource scoped configuration without providing a resource is not expected. To get the effective value for '[yaml]', provide the URI of a resource or 'null' for any resource.
2024-06-07 11:55:41.321 [warning] [redhat.vscode-yaml] Accessing a resource scoped configuration without providing a resource is not expected. To get the effective value for '[yaml]', provide the URI of a resource or 'null' for any resource.
2024-06-07 11:55:41.812 [warning] [redhat.vscode-yaml] Accessing a resource scoped configuration without providing a resource is not expected. To get the effective value for '[yaml]', provide the URI of a resource or 'null' for any resource.
2024-06-07 11:56:53.306 [warning] [redhat.vscode-yaml] Accessing a resource scoped configuration without providing a resource is not expected. To get the effective value for '[yaml]', provide the URI of a resource or 'null' for any resource.
2024-06-07 12:00:39.790 [error] TypeError: Cannot read properties of undefined (reading 'filter')
	at Timeout.eval [as _onTimeout] (webpack://Bito/./node_modules/@bitoai/localcodesearchdev/indexManagement.js?:670:40)
	at runNextTicks (node:internal/process/task_queues:60:5)
	at process.processTimers (node:internal/timers:511:9)
2024-06-07 12:01:18.562 [warning] [redhat.vscode-yaml] Accessing a resource scoped configuration without providing a resource is not expected. To get the effective value for '[yaml]', provide the URI of a resource or 'null' for any resource.
2024-06-07 12:01:18.716 [warning] [redhat.vscode-yaml] Accessing a resource scoped configuration without providing a resource is not expected. To get the effective value for '[yaml]', provide the URI of a resource or 'null' for any resource.
2024-06-07 12:01:28.952 [warning] [redhat.vscode-yaml] Accessing a resource scoped configuration without providing a resource is not expected. To get the effective value for '[yaml]', provide the URI of a resource or 'null' for any resource.
2024-06-07 12:02:11.420 [warning] [redhat.vscode-yaml] Accessing a resource scoped configuration without providing a resource is not expected. To get the effective value for '[yaml]', provide the URI of a resource or 'null' for any resource.
2024-06-07 12:05:39.789 [error] TypeError: Cannot read properties of undefined (reading 'filter')
	at Timeout.eval [as _onTimeout] (webpack://Bito/./node_modules/@bitoai/localcodesearchdev/indexManagement.js?:670:40)
2024-06-07 12:08:41.986 [warning] [redhat.vscode-yaml] Accessing a resource scoped configuration without providing a resource is not expected. To get the effective value for '[yaml]', provide the URI of a resource or 'null' for any resource.
2024-06-07 12:08:51.505 [warning] [redhat.vscode-yaml] Accessing a resource scoped configuration without providing a resource is not expected. To get the effective value for '[yaml]', provide the URI of a resource or 'null' for any resource.
2024-06-07 12:08:51.881 [warning] [redhat.vscode-yaml] Accessing a resource scoped configuration without providing a resource is not expected. To get the effective value for '[yaml]', provide the URI of a resource or 'null' for any resource.
2024-06-07 12:08:52.105 [warning] [redhat.vscode-yaml] Accessing a resource scoped configuration without providing a resource is not expected. To get the effective value for '[yaml]', provide the URI of a resource or 'null' for any resource.
2024-06-07 12:08:52.517 [warning] [redhat.vscode-yaml] Accessing a resource scoped configuration without providing a resource is not expected. To get the effective value for '[yaml]', provide the URI of a resource or 'null' for any resource.
2024-06-07 12:08:52.998 [warning] [redhat.vscode-yaml] Accessing a resource scoped configuration without providing a resource is not expected. To get the effective value for '[yaml]', provide the URI of a resource or 'null' for any resource.
2024-06-07 12:08:55.545 [warning] [redhat.vscode-yaml] Accessing a resource scoped configuration without providing a resource is not expected. To get the effective value for '[yaml]', provide the URI of a resource or 'null' for any resource.
2024-06-07 12:08:56.888 [warning] [redhat.vscode-yaml] Accessing a resource scoped configuration without providing a resource is not expected. To get the effective value for '[yaml]', provide the URI of a resource or 'null' for any resource.
2024-06-07 12:08:57.493 [warning] [redhat.vscode-yaml] Accessing a resource scoped configuration without providing a resource is not expected. To get the effective value for '[yaml]', provide the URI of a resource or 'null' for any resource.
2024-06-07 12:08:58.162 [warning] [redhat.vscode-yaml] Accessing a resource scoped configuration without providing a resource is not expected. To get the effective value for '[yaml]', provide the URI of a resource or 'null' for any resource.
2024-06-07 12:09:00.182 [warning] [redhat.vscode-yaml] Accessing a resource scoped configuration without providing a resource is not expected. To get the effective value for '[yaml]', provide the URI of a resource or 'null' for any resource.
2024-06-07 12:09:00.414 [warning] [redhat.vscode-yaml] Accessing a resource scoped configuration without providing a resource is not expected. To get the effective value for '[yaml]', provide the URI of a resource or 'null' for any resource.
2024-06-07 12:09:01.133 [warning] [redhat.vscode-yaml] Accessing a resource scoped configuration without providing a resource is not expected. To get the effective value for '[yaml]', provide the URI of a resource or 'null' for any resource.
2024-06-07 12:09:01.912 [warning] [redhat.vscode-yaml] Accessing a resource scoped configuration without providing a resource is not expected. To get the effective value for '[yaml]', provide the URI of a resource or 'null' for any resource.
2024-06-07 12:09:02.356 [warning] [redhat.vscode-yaml] Accessing a resource scoped configuration without providing a resource is not expected. To get the effective value for '[yaml]', provide the URI of a resource or 'null' for any resource.
2024-06-07 12:09:02.812 [warning] [redhat.vscode-yaml] Accessing a resource scoped configuration without providing a resource is not expected. To get the effective value for '[yaml]', provide the URI of a resource or 'null' for any resource.
2024-06-07 12:09:03.280 [warning] [redhat.vscode-yaml] Accessing a resource scoped configuration without providing a resource is not expected. To get the effective value for '[yaml]', provide the URI of a resource or 'null' for any resource.
2024-06-07 12:09:03.483 [warning] [redhat.vscode-yaml] Accessing a resource scoped configuration without providing a resource is not expected. To get the effective value for '[yaml]', provide the URI of a resource or 'null' for any resource.
2024-06-07 12:09:03.782 [warning] [redhat.vscode-yaml] Accessing a resource scoped configuration without providing a resource is not expected. To get the effective value for '[yaml]', provide the URI of a resource or 'null' for any resource.
2024-06-07 12:09:04.395 [warning] [redhat.vscode-yaml] Accessing a resource scoped configuration without providing a resource is not expected. To get the effective value for '[yaml]', provide the URI of a resource or 'null' for any resource.
2024-06-07 12:09:05.005 [warning] [redhat.vscode-yaml] Accessing a resource scoped configuration without providing a resource is not expected. To get the effective value for '[yaml]', provide the URI of a resource or 'null' for any resource.
2024-06-07 12:09:36.759 [warning] [redhat.vscode-yaml] Accessing a resource scoped configuration without providing a resource is not expected. To get the effective value for '[yaml]', provide the URI of a resource or 'null' for any resource.
2024-06-07 12:10:39.790 [error] TypeError: Cannot read properties of undefined (reading 'filter')
	at Timeout.eval [as _onTimeout] (webpack://Bito/./node_modules/@bitoai/localcodesearchdev/indexManagement.js?:670:40)
2024-06-07 12:15:39.789 [error] TypeError: Cannot read properties of undefined (reading 'filter')
	at Timeout.eval [as _onTimeout] (webpack://Bito/./node_modules/@bitoai/localcodesearchdev/indexManagement.js?:670:40)
2024-06-07 12:20:39.792 [error] TypeError: Cannot read properties of undefined (reading 'filter')
	at Timeout.eval [as _onTimeout] (webpack://Bito/./node_modules/@bitoai/localcodesearchdev/indexManagement.js?:670:40)
2024-06-07 12:25:39.789 [error] TypeError: Cannot read properties of undefined (reading 'filter')
	at Timeout.eval [as _onTimeout] (webpack://Bito/./node_modules/@bitoai/localcodesearchdev/indexManagement.js?:670:40)
2024-06-07 12:27:38.039 [warning] [redhat.vscode-yaml] Accessing a resource scoped configuration without providing a resource is not expected. To get the effective value for '[yaml]', provide the URI of a resource or 'null' for any resource.
2024-06-07 12:27:38.285 [warning] [redhat.vscode-yaml] Accessing a resource scoped configuration without providing a resource is not expected. To get the effective value for '[yaml]', provide the URI of a resource or 'null' for any resource.
2024-06-07 12:27:38.889 [warning] [redhat.vscode-yaml] Accessing a resource scoped configuration without providing a resource is not expected. To get the effective value for '[yaml]', provide the URI of a resource or 'null' for any resource.
2024-06-07 12:27:44.672 [warning] [redhat.vscode-yaml] Accessing a resource scoped configuration without providing a resource is not expected. To get the effective value for '[yaml]', provide the URI of a resource or 'null' for any resource.
2024-06-07 12:30:39.788 [error] TypeError: Cannot read properties of undefined (reading 'filter')
	at Timeout.eval [as _onTimeout] (webpack://Bito/./node_modules/@bitoai/localcodesearchdev/indexManagement.js?:670:40)
2024-06-07 12:35:39.790 [error] TypeError: Cannot read properties of undefined (reading 'filter')
	at Timeout.eval [as _onTimeout] (webpack://Bito/./node_modules/@bitoai/localcodesearchdev/indexManagement.js?:670:40)
2024-06-07 12:40:39.790 [error] TypeError: Cannot read properties of undefined (reading 'filter')
	at Timeout.eval [as _onTimeout] (webpack://Bito/./node_modules/@bitoai/localcodesearchdev/indexManagement.js?:670:40)
2024-06-07 12:45:39.789 [error] TypeError: Cannot read properties of undefined (reading 'filter')
	at Timeout.eval [as _onTimeout] (webpack://Bito/./node_modules/@bitoai/localcodesearchdev/indexManagement.js?:670:40)
2024-06-07 12:50:39.792 [error] TypeError: Cannot read properties of undefined (reading 'filter')
	at Timeout.eval [as _onTimeout] (webpack://Bito/./node_modules/@bitoai/localcodesearchdev/indexManagement.js?:670:40)
2024-06-07 12:55:39.790 [error] TypeError: Cannot read properties of undefined (reading 'filter')
	at Timeout.eval [as _onTimeout] (webpack://Bito/./node_modules/@bitoai/localcodesearchdev/indexManagement.js?:670:40)
2024-06-07 13:00:39.789 [error] TypeError: Cannot read properties of undefined (reading 'filter')
	at Timeout.eval [as _onTimeout] (webpack://Bito/./node_modules/@bitoai/localcodesearchdev/indexManagement.js?:670:40)
2024-06-07 13:05:06.756 [info] Extension host terminating: received terminate message from renderer
2024-06-07 13:05:06.757 [info] Lock '/home/ndao/.vscode-server/data/User/workspaceStorage/38a21d1cb963b8ec61341b0b4eb2fb76/vscode.lock': Marking the lockfile as scheduled to be released in 6000 ms.
2024-06-07 13:05:06.970 [error] Canceled: Canceled
	at new A (/home/ndao/.vscode-server/bin/89de5a8d4d6205e5b11647eb6a74844ca23d2573/out/vs/workbench/api/node/extensionHostProcess.js:145:50615)
	at E.U (/home/ndao/.vscode-server/bin/89de5a8d4d6205e5b11647eb6a74844ca23d2573/out/vs/workbench/api/node/extensionHostProcess.js:152:6007)
	at z.<computed>.M.charCodeAt.R.CharCode.DollarSign.z.<computed> (/home/ndao/.vscode-server/bin/89de5a8d4d6205e5b11647eb6a74844ca23d2573/out/vs/workbench/api/node/extensionHostProcess.js:152:3091)
	at h.g (/home/ndao/.vscode-server/bin/89de5a8d4d6205e5b11647eb6a74844ca23d2573/out/vs/workbench/api/node/extensionHostProcess.js:155:199935)
	at h.executeCommand (/home/ndao/.vscode-server/bin/89de5a8d4d6205e5b11647eb6a74844ca23d2573/out/vs/workbench/api/node/extensionHostProcess.js:155:199373)
	at I.registerCommand.description (/home/ndao/.vscode-server/bin/89de5a8d4d6205e5b11647eb6a74844ca23d2573/out/vs/workbench/api/node/extensionHostProcess.js:155:198697)
	at h (/home/ndao/.vscode-server/bin/89de5a8d4d6205e5b11647eb6a74844ca23d2573/out/vs/workbench/api/node/extensionHostProcess.js:155:200474)
	at h.g (/home/ndao/.vscode-server/bin/89de5a8d4d6205e5b11647eb6a74844ca23d2573/out/vs/workbench/api/node/extensionHostProcess.js:155:199466)
	at h.executeCommand (/home/ndao/.vscode-server/bin/89de5a8d4d6205e5b11647eb6a74844ca23d2573/out/vs/workbench/api/node/extensionHostProcess.js:155:199373)
	at Object.executeCommand (/home/ndao/.vscode-server/bin/89de5a8d4d6205e5b11647eb6a74844ca23d2573/out/vs/workbench/api/node/extensionHostProcess.js:165:22742)
	at n.O [as value] (/home/ndao/.vscode-server/bin/89de5a8d4d6205e5b11647eb6a74844ca23d2573/extensions/git/dist/main.js:2:945191)
	at l.y (/home/ndao/.vscode-server/bin/89de5a8d4d6205e5b11647eb6a74844ca23d2573/out/vs/workbench/api/node/extensionHostProcess.js:82:664)
	at l.z (/home/ndao/.vscode-server/bin/89de5a8d4d6205e5b11647eb6a74844ca23d2573/out/vs/workbench/api/node/extensionHostProcess.js:82:734)
	at l.fire (/home/ndao/.vscode-server/bin/89de5a8d4d6205e5b11647eb6a74844ca23d2573/out/vs/workbench/api/node/extensionHostProcess.js:82:950)
	at Object.p [as dispose] (/home/ndao/.vscode-server/bin/89de5a8d4d6205e5b11647eb6a74844ca23d2573/extensions/git/dist/main.js:2:964275)
	at /home/ndao/.vscode-server/bin/89de5a8d4d6205e5b11647eb6a74844ca23d2573/extensions/git/dist/main.js:2:970313
	at Array.forEach (<anonymous>)
	at f.dispose (/home/ndao/.vscode-server/bin/89de5a8d4d6205e5b11647eb6a74844ca23d2573/extensions/git/dist/main.js:2:970299)
	at a.<anonymous> (/home/ndao/.vscode-server/bin/89de5a8d4d6205e5b11647eb6a74844ca23d2573/out/vs/workbench/api/node/extensionHostProcess.js:153:4032)
	at a.dispose (/home/ndao/.vscode-server/bin/89de5a8d4d6205e5b11647eb6a74844ca23d2573/out/vs/workbench/api/node/extensionHostProcess.js:153:4129)
	at a.<anonymous> (/home/ndao/.vscode-server/bin/89de5a8d4d6205e5b11647eb6a74844ca23d2573/extensions/git/dist/main.js:2:947448)
	at a.dispose (/home/ndao/.vscode-server/bin/89de5a8d4d6205e5b11647eb6a74844ca23d2573/out/vs/workbench/api/node/extensionHostProcess.js:153:4129)
	at f (/home/ndao/.vscode-server/bin/89de5a8d4d6205e5b11647eb6a74844ca23d2573/out/vs/workbench/api/node/extensionHostProcess.js:30:744)
	at u.eb (/home/ndao/.vscode-server/bin/89de5a8d4d6205e5b11647eb6a74844ca23d2573/out/vs/workbench/api/node/extensionHostProcess.js:161:9991)
	at /home/ndao/.vscode-server/bin/89de5a8d4d6205e5b11647eb6a74844ca23d2573/out/vs/workbench/api/node/extensionHostProcess.js:161:7867
	at Array.map (<anonymous>)
	at u.$ (/home/ndao/.vscode-server/bin/89de5a8d4d6205e5b11647eb6a74844ca23d2573/out/vs/workbench/api/node/extensionHostProcess.js:161:7854)
	at u.terminate (/home/ndao/.vscode-server/bin/89de5a8d4d6205e5b11647eb6a74844ca23d2573/out/vs/workbench/api/node/extensionHostProcess.js:161:8127)
	at f.terminate (/home/ndao/.vscode-server/bin/89de5a8d4d6205e5b11647eb6a74844ca23d2573/out/vs/workbench/api/node/extensionHostProcess.js:165:1513)
	at t (/home/ndao/.vscode-server/bin/89de5a8d4d6205e5b11647eb6a74844ca23d2573/out/vs/workbench/api/node/extensionHostProcess.js:178:10459)
	at n.value (/home/ndao/.vscode-server/bin/89de5a8d4d6205e5b11647eb6a74844ca23d2573/out/vs/workbench/api/node/extensionHostProcess.js:178:8427)
	at l.y (/home/ndao/.vscode-server/bin/89de5a8d4d6205e5b11647eb6a74844ca23d2573/out/vs/workbench/api/node/extensionHostProcess.js:82:664)
	at l.fire (/home/ndao/.vscode-server/bin/89de5a8d4d6205e5b11647eb6a74844ca23d2573/out/vs/workbench/api/node/extensionHostProcess.js:82:881)
	at s.fire (/home/ndao/.vscode-server/bin/89de5a8d4d6205e5b11647eb6a74844ca23d2573/out/vs/workbench/api/node/extensionHostProcess.js:107:14502)
	at h.z (/home/ndao/.vscode-server/bin/89de5a8d4d6205e5b11647eb6a74844ca23d2573/out/vs/workbench/api/node/extensionHostProcess.js:107:17638)
	at n.value (/home/ndao/.vscode-server/bin/89de5a8d4d6205e5b11647eb6a74844ca23d2573/out/vs/workbench/api/node/extensionHostProcess.js:107:16019)
	at l.y (/home/ndao/.vscode-server/bin/89de5a8d4d6205e5b11647eb6a74844ca23d2573/out/vs/workbench/api/node/extensionHostProcess.js:82:664)
	at l.fire (/home/ndao/.vscode-server/bin/89de5a8d4d6205e5b11647eb6a74844ca23d2573/out/vs/workbench/api/node/extensionHostProcess.js:82:881)
	at u.acceptChunk (/home/ndao/.vscode-server/bin/89de5a8d4d6205e5b11647eb6a74844ca23d2573/out/vs/workbench/api/node/extensionHostProcess.js:107:12248)
	at n.value (/home/ndao/.vscode-server/bin/89de5a8d4d6205e5b11647eb6a74844ca23d2573/out/vs/workbench/api/node/extensionHostProcess.js:107:11518)
	at l.y (/home/ndao/.vscode-server/bin/89de5a8d4d6205e5b11647eb6a74844ca23d2573/out/vs/workbench/api/node/extensionHostProcess.js:82:664)
	at l.fire (/home/ndao/.vscode-server/bin/89de5a8d4d6205e5b11647eb6a74844ca23d2573/out/vs/workbench/api/node/extensionHostProcess.js:82:881)
	at n.z (/home/ndao/.vscode-server/bin/89de5a8d4d6205e5b11647eb6a74844ca23d2573/out/vs/workbench/api/node/extensionHostProcess.js:175:20497)
	at n.acceptFrame (/home/ndao/.vscode-server/bin/89de5a8d4d6205e5b11647eb6a74844ca23d2573/out/vs/workbench/api/node/extensionHostProcess.js:175:20303)
	at g.n (/home/ndao/.vscode-server/bin/89de5a8d4d6205e5b11647eb6a74844ca23d2573/out/vs/workbench/api/node/extensionHostProcess.js:175:18748)
	at /home/ndao/.vscode-server/bin/89de5a8d4d6205e5b11647eb6a74844ca23d2573/out/vs/workbench/api/node/extensionHostProcess.js:175:15675
	at Socket.w (/home/ndao/.vscode-server/bin/89de5a8d4d6205e5b11647eb6a74844ca23d2573/out/vs/workbench/api/node/extensionHostProcess.js:175:13305)
	at Socket.emit (node:events:518:28)
	at addChunk (node:internal/streams/readable:559:12)
	at readableAddChunkPushByteMode (node:internal/streams/readable:510:3)
	at Readable.push (node:internal/streams/readable:390:5)
	at TCP.onStreamRead (node:internal/stream_base_commons:190:23) setContext undefined
2024-06-07 13:05:06.970 [error] Canceled: Canceled
	at new A (/home/ndao/.vscode-server/bin/89de5a8d4d6205e5b11647eb6a74844ca23d2573/out/vs/workbench/api/node/extensionHostProcess.js:145:50615)
	at E.U (/home/ndao/.vscode-server/bin/89de5a8d4d6205e5b11647eb6a74844ca23d2573/out/vs/workbench/api/node/extensionHostProcess.js:152:6007)
	at z.<computed>.M.charCodeAt.R.CharCode.DollarSign.z.<computed> (/home/ndao/.vscode-server/bin/89de5a8d4d6205e5b11647eb6a74844ca23d2573/out/vs/workbench/api/node/extensionHostProcess.js:152:3091)
	at h.g (/home/ndao/.vscode-server/bin/89de5a8d4d6205e5b11647eb6a74844ca23d2573/out/vs/workbench/api/node/extensionHostProcess.js:155:199935)
	at h.executeCommand (/home/ndao/.vscode-server/bin/89de5a8d4d6205e5b11647eb6a74844ca23d2573/out/vs/workbench/api/node/extensionHostProcess.js:155:199373)
	at I.registerCommand.description (/home/ndao/.vscode-server/bin/89de5a8d4d6205e5b11647eb6a74844ca23d2573/out/vs/workbench/api/node/extensionHostProcess.js:155:198697)
	at h (/home/ndao/.vscode-server/bin/89de5a8d4d6205e5b11647eb6a74844ca23d2573/out/vs/workbench/api/node/extensionHostProcess.js:155:200474)
	at h.g (/home/ndao/.vscode-server/bin/89de5a8d4d6205e5b11647eb6a74844ca23d2573/out/vs/workbench/api/node/extensionHostProcess.js:155:199466)
	at h.executeCommand (/home/ndao/.vscode-server/bin/89de5a8d4d6205e5b11647eb6a74844ca23d2573/out/vs/workbench/api/node/extensionHostProcess.js:155:199373)
	at Object.executeCommand (/home/ndao/.vscode-server/bin/89de5a8d4d6205e5b11647eb6a74844ca23d2573/out/vs/workbench/api/node/extensionHostProcess.js:165:22742)
	at set hasGitHubRepositories [as hasGitHubRepositories] (/home/ndao/.vscode-server/bin/89de5a8d4d6205e5b11647eb6a74844ca23d2573/extensions/github/dist/extension.js:2:322969)
	at /home/ndao/.vscode-server/bin/89de5a8d4d6205e5b11647eb6a74844ca23d2573/extensions/github/dist/extension.js:2:323928
	at n.value (/home/ndao/.vscode-server/bin/89de5a8d4d6205e5b11647eb6a74844ca23d2573/extensions/git/dist/main.js:2:1050764)
	at l.y (/home/ndao/.vscode-server/bin/89de5a8d4d6205e5b11647eb6a74844ca23d2573/out/vs/workbench/api/node/extensionHostProcess.js:82:664)
	at l.z (/home/ndao/.vscode-server/bin/89de5a8d4d6205e5b11647eb6a74844ca23d2573/out/vs/workbench/api/node/extensionHostProcess.js:82:734)
	at l.fire (/home/ndao/.vscode-server/bin/89de5a8d4d6205e5b11647eb6a74844ca23d2573/out/vs/workbench/api/node/extensionHostProcess.js:82:950)
	at Object.p [as dispose] (/home/ndao/.vscode-server/bin/89de5a8d4d6205e5b11647eb6a74844ca23d2573/extensions/git/dist/main.js:2:964275)
	at /home/ndao/.vscode-server/bin/89de5a8d4d6205e5b11647eb6a74844ca23d2573/extensions/git/dist/main.js:2:970313
	at Array.forEach (<anonymous>)
	at f.dispose (/home/ndao/.vscode-server/bin/89de5a8d4d6205e5b11647eb6a74844ca23d2573/extensions/git/dist/main.js:2:970299)
	at a.<anonymous> (/home/ndao/.vscode-server/bin/89de5a8d4d6205e5b11647eb6a74844ca23d2573/out/vs/workbench/api/node/extensionHostProcess.js:153:4032)
	at a.dispose (/home/ndao/.vscode-server/bin/89de5a8d4d6205e5b11647eb6a74844ca23d2573/out/vs/workbench/api/node/extensionHostProcess.js:153:4129)
	at a.<anonymous> (/home/ndao/.vscode-server/bin/89de5a8d4d6205e5b11647eb6a74844ca23d2573/extensions/git/dist/main.js:2:947448)
	at a.dispose (/home/ndao/.vscode-server/bin/89de5a8d4d6205e5b11647eb6a74844ca23d2573/out/vs/workbench/api/node/extensionHostProcess.js:153:4129)
	at f (/home/ndao/.vscode-server/bin/89de5a8d4d6205e5b11647eb6a74844ca23d2573/out/vs/workbench/api/node/extensionHostProcess.js:30:744)
	at u.eb (/home/ndao/.vscode-server/bin/89de5a8d4d6205e5b11647eb6a74844ca23d2573/out/vs/workbench/api/node/extensionHostProcess.js:161:9991)
	at /home/ndao/.vscode-server/bin/89de5a8d4d6205e5b11647eb6a74844ca23d2573/out/vs/workbench/api/node/extensionHostProcess.js:161:7867
	at Array.map (<anonymous>)
	at u.$ (/home/ndao/.vscode-server/bin/89de5a8d4d6205e5b11647eb6a74844ca23d2573/out/vs/workbench/api/node/extensionHostProcess.js:161:7854)
	at u.terminate (/home/ndao/.vscode-server/bin/89de5a8d4d6205e5b11647eb6a74844ca23d2573/out/vs/workbench/api/node/extensionHostProcess.js:161:8127)
	at f.terminate (/home/ndao/.vscode-server/bin/89de5a8d4d6205e5b11647eb6a74844ca23d2573/out/vs/workbench/api/node/extensionHostProcess.js:165:1513)
	at t (/home/ndao/.vscode-server/bin/89de5a8d4d6205e5b11647eb6a74844ca23d2573/out/vs/workbench/api/node/extensionHostProcess.js:178:10459)
	at n.value (/home/ndao/.vscode-server/bin/89de5a8d4d6205e5b11647eb6a74844ca23d2573/out/vs/workbench/api/node/extensionHostProcess.js:178:8427)
	at l.y (/home/ndao/.vscode-server/bin/89de5a8d4d6205e5b11647eb6a74844ca23d2573/out/vs/workbench/api/node/extensionHostProcess.js:82:664)
	at l.fire (/home/ndao/.vscode-server/bin/89de5a8d4d6205e5b11647eb6a74844ca23d2573/out/vs/workbench/api/node/extensionHostProcess.js:82:881)
	at s.fire (/home/ndao/.vscode-server/bin/89de5a8d4d6205e5b11647eb6a74844ca23d2573/out/vs/workbench/api/node/extensionHostProcess.js:107:14502)
	at h.z (/home/ndao/.vscode-server/bin/89de5a8d4d6205e5b11647eb6a74844ca23d2573/out/vs/workbench/api/node/extensionHostProcess.js:107:17638)
	at n.value (/home/ndao/.vscode-server/bin/89de5a8d4d6205e5b11647eb6a74844ca23d2573/out/vs/workbench/api/node/extensionHostProcess.js:107:16019)
	at l.y (/home/ndao/.vscode-server/bin/89de5a8d4d6205e5b11647eb6a74844ca23d2573/out/vs/workbench/api/node/extensionHostProcess.js:82:664)
	at l.fire (/home/ndao/.vscode-server/bin/89de5a8d4d6205e5b11647eb6a74844ca23d2573/out/vs/workbench/api/node/extensionHostProcess.js:82:881)
	at u.acceptChunk (/home/ndao/.vscode-server/bin/89de5a8d4d6205e5b11647eb6a74844ca23d2573/out/vs/workbench/api/node/extensionHostProcess.js:107:12248)
	at n.value (/home/ndao/.vscode-server/bin/89de5a8d4d6205e5b11647eb6a74844ca23d2573/out/vs/workbench/api/node/extensionHostProcess.js:107:11518)
	at l.y (/home/ndao/.vscode-server/bin/89de5a8d4d6205e5b11647eb6a74844ca23d2573/out/vs/workbench/api/node/extensionHostProcess.js:82:664)
	at l.fire (/home/ndao/.vscode-server/bin/89de5a8d4d6205e5b11647eb6a74844ca23d2573/out/vs/workbench/api/node/extensionHostProcess.js:82:881)
	at n.z (/home/ndao/.vscode-server/bin/89de5a8d4d6205e5b11647eb6a74844ca23d2573/out/vs/workbench/api/node/extensionHostProcess.js:175:20497)
	at n.acceptFrame (/home/ndao/.vscode-server/bin/89de5a8d4d6205e5b11647eb6a74844ca23d2573/out/vs/workbench/api/node/extensionHostProcess.js:175:20303)
	at g.n (/home/ndao/.vscode-server/bin/89de5a8d4d6205e5b11647eb6a74844ca23d2573/out/vs/workbench/api/node/extensionHostProcess.js:175:18748)
	at /home/ndao/.vscode-server/bin/89de5a8d4d6205e5b11647eb6a74844ca23d2573/out/vs/workbench/api/node/extensionHostProcess.js:175:15675
	at Socket.w (/home/ndao/.vscode-server/bin/89de5a8d4d6205e5b11647eb6a74844ca23d2573/out/vs/workbench/api/node/extensionHostProcess.js:175:13305)
	at Socket.emit (node:events:518:28)
	at addChunk (node:internal/streams/readable:559:12)
	at readableAddChunkPushByteMode (node:internal/streams/readable:510:3)
	at Readable.push (node:internal/streams/readable:390:5)
	at TCP.onStreamRead (node:internal/stream_base_commons:190:23) setContext undefined
2024-06-07 13:05:06.994 [info] Extension host with pid 30136 exiting with code 0
