2024-07-03 08:13:32.498 [info] Log level: Info
2024-07-03 08:13:32.498 [info] Validating found git in: "git"
2024-07-03 08:13:32.498 [info] Using git "2.25.1" from "git"
2024-07-03 08:13:32.498 [info] > git rev-parse --show-toplevel [20ms]
2024-07-03 08:13:32.498 [info] > git rev-parse --git-dir --git-common-dir [69ms]
2024-07-03 08:13:32.498 [info] Open repository: /home/ndao
2024-07-03 08:13:32.555 [info] > git rev-parse --show-toplevel [48ms]
2024-07-03 08:13:32.556 [info] > git config --get commit.template [51ms]
2024-07-03 08:13:32.920 [info] > git rev-parse --show-toplevel [34ms]
2024-07-03 08:13:32.945 [info] > git for-each-ref --format=%(refname)%00%(upstream:short)%00%(objectname)%00%(upstream:track)%00%(upstream:remotename)%00%(upstream:remoteref) refs/heads/main refs/remotes/main [51ms]
2024-07-03 08:13:32.948 [info] > git rev-parse --show-toplevel [7ms]
2024-07-03 08:13:32.961 [info] > git rev-parse --show-toplevel [6ms]
2024-07-03 08:13:32.969 [info] > git rev-parse --show-toplevel [3ms]
2024-07-03 08:13:32.980 [info] > git rev-parse --show-toplevel [2ms]
2024-07-03 08:13:32.986 [info] > git rev-parse --show-toplevel [1ms]
2024-07-03 08:13:33.034 [info] > git rev-parse --show-toplevel [9ms]
2024-07-03 08:13:33.053 [info] > git rev-parse --show-toplevel [14ms]
2024-07-03 08:13:33.118 [info] > git status -z -uall [160ms]
2024-07-03 08:13:33.119 [info] > git check-ignore -v -z --stdin [61ms]
2024-07-03 08:13:33.158 [info] > git rev-parse --show-toplevel [96ms]
2024-07-03 08:13:33.174 [info] > git merge-base refs/heads/main refs/remotes/origin/main [47ms]
2024-07-03 08:13:33.188 [info] > git rev-parse --show-toplevel [20ms]
2024-07-03 08:13:33.188 [info] > git config --get commit.template [24ms]
2024-07-03 08:13:33.198 [info] > git rev-list --count --left-right refs/heads/main...refs/remotes/origin/main [21ms]
2024-07-03 08:13:33.207 [info] > git rev-parse --git-dir --git-common-dir [15ms]
2024-07-03 08:13:33.209 [info] Open repository: /home/ndao/DB_Provisionning
2024-07-03 08:13:33.216 [info] > git for-each-ref --format=%(refname)%00%(upstream:short)%00%(objectname)%00%(upstream:track)%00%(upstream:remotename)%00%(upstream:remoteref) refs/heads/main refs/remotes/main [11ms]
2024-07-03 08:13:33.217 [info] > git diff --name-status -z --diff-filter=ADMR 77fda8b212d59bf6bba373942b101836637d35a7...refs/remotes/origin/main [15ms]
2024-07-03 08:13:33.219 [info] > git rev-parse --show-toplevel [4ms]
2024-07-03 08:13:33.229 [info] > git config --get commit.template [17ms]
2024-07-03 08:13:33.313 [info] > git show --textconv :mysql_setup/sql_loop.yml [87ms]
2024-07-03 08:13:33.313 [info] > git ls-files --stage -- /home/ndao/mysql_setup/sql_loop.yml [84ms]
2024-07-03 08:13:33.322 [info] > git cat-file -s 8430d9d68fc4704f57ee443ba1eb876da3265b87 [6ms]
2024-07-03 08:13:33.328 [info] > git for-each-ref --format=%(refname)%00%(upstream:short)%00%(objectname)%00%(upstream:track)%00%(upstream:remotename)%00%(upstream:remoteref) refs/heads/dev refs/remotes/dev [6ms]
2024-07-03 08:13:33.343 [info] > git status -z -uall [10ms]
2024-07-03 08:13:33.355 [info] > git merge-base refs/heads/dev refs/remotes/origin/dev [9ms]
2024-07-03 08:13:33.359 [info] > git config --get commit.template [5ms]
2024-07-03 08:13:33.362 [info] > git rev-list --count --left-right refs/heads/dev...refs/remotes/origin/dev [4ms]
2024-07-03 08:13:33.367 [info] > git for-each-ref --format=%(refname)%00%(upstream:short)%00%(objectname)%00%(upstream:track)%00%(upstream:remotename)%00%(upstream:remoteref) refs/heads/dev refs/remotes/dev [5ms]
2024-07-03 08:13:33.368 [info] > git diff --name-status -z --diff-filter=ADMR 85223fd23939a38ec8355fa12a901e37f2887c12...refs/remotes/origin/dev [3ms]
2024-07-03 08:13:33.373 [info] > git status -z -uall [2ms]
2024-07-03 08:13:33.400 [info] > git status -z -uall [74ms]
2024-07-03 08:13:33.835 [info] > git check-ignore -v -z --stdin [20ms]
2024-07-03 08:14:10.839 [info] > git config --get commit.template [10ms]
2024-07-03 08:14:10.840 [info] > git for-each-ref --format=%(refname)%00%(upstream:short)%00%(objectname)%00%(upstream:track)%00%(upstream:remotename)%00%(upstream:remoteref) refs/heads/main refs/remotes/main [8ms]
2024-07-03 08:14:10.846 [info] > git ls-files --stage -- /home/ndao/mysql_setup/sql_loop.yml [8ms]
2024-07-03 08:14:10.850 [info] > git cat-file -s 8430d9d68fc4704f57ee443ba1eb876da3265b87 [1ms]
2024-07-03 08:14:10.872 [info] > git show --textconv :mysql_setup/sql_loop.yml [6ms]
2024-07-03 08:14:10.906 [info] > git status -z -uall [61ms]
2024-07-03 08:14:10.923 [info] > git merge-base refs/heads/main refs/remotes/origin/main [14ms]
2024-07-03 08:14:10.929 [info] > git rev-list --count --left-right refs/heads/main...refs/remotes/origin/main [2ms]
2024-07-03 08:14:10.939 [info] > git diff --name-status -z --diff-filter=ADMR 09be2dfab4dcbe5f926699b14d19e10a8c6e9095...refs/remotes/origin/main [7ms]
2024-07-03 08:14:12.542 [info] > git show --textconv :.bash_history [11ms]
2024-07-03 08:14:12.547 [info] > git ls-files --stage -- /home/ndao/.bash_history [7ms]
2024-07-03 08:14:12.551 [info] > git cat-file -s 4456c3b27107c3b7e868d5d4ab3af402b049f2af [1ms]
2024-07-03 08:14:15.931 [info] > git config --get commit.template [3ms]
2024-07-03 08:14:15.931 [info] > git for-each-ref --format=%(refname)%00%(upstream:short)%00%(objectname)%00%(upstream:track)%00%(upstream:remotename)%00%(upstream:remoteref) refs/heads/main refs/remotes/main [1ms]
2024-07-03 08:14:15.984 [info] > git status -z -uall [49ms]
2024-07-03 08:14:20.995 [info] > git config --get commit.template [1ms]
2024-07-03 08:14:20.999 [info] > git for-each-ref --format=%(refname)%00%(upstream:short)%00%(objectname)%00%(upstream:track)%00%(upstream:remotename)%00%(upstream:remoteref) refs/heads/main refs/remotes/main [1ms]
2024-07-03 08:14:21.049 [info] > git status -z -uall [46ms]
2024-07-03 08:14:26.056 [info] > git config --get commit.template [1ms]
2024-07-03 08:14:26.062 [info] > git for-each-ref --format=%(refname)%00%(upstream:short)%00%(objectname)%00%(upstream:track)%00%(upstream:remotename)%00%(upstream:remoteref) refs/heads/main refs/remotes/main [2ms]
2024-07-03 08:14:26.117 [info] > git status -z -uall [51ms]
2024-07-03 08:14:31.127 [info] > git config --get commit.template [4ms]
2024-07-03 08:14:31.127 [info] > git for-each-ref --format=%(refname)%00%(upstream:short)%00%(objectname)%00%(upstream:track)%00%(upstream:remotename)%00%(upstream:remoteref) refs/heads/main refs/remotes/main [1ms]
2024-07-03 08:14:31.178 [info] > git status -z -uall [48ms]
2024-07-03 08:14:36.194 [info] > git config --get commit.template [1ms]
2024-07-03 08:14:36.200 [info] > git for-each-ref --format=%(refname)%00%(upstream:short)%00%(objectname)%00%(upstream:track)%00%(upstream:remotename)%00%(upstream:remoteref) refs/heads/main refs/remotes/main [1ms]
2024-07-03 08:14:36.252 [info] > git status -z -uall [48ms]
2024-07-03 08:14:41.260 [info] > git config --get commit.template [1ms]
2024-07-03 08:14:41.263 [info] > git for-each-ref --format=%(refname)%00%(upstream:short)%00%(objectname)%00%(upstream:track)%00%(upstream:remotename)%00%(upstream:remoteref) refs/heads/main refs/remotes/main [1ms]
2024-07-03 08:14:41.317 [info] > git status -z -uall [50ms]
2024-07-03 08:14:42.983 [info] > git for-each-ref --sort -committerdate --format %(refname) %(objectname) %(*objectname) [2ms]
2024-07-03 08:15:21.380 [info] > git ls-files --stage -- /home/ndao/.bash_history [6ms]
2024-07-03 08:15:21.384 [info] > git cat-file -s 4456c3b27107c3b7e868d5d4ab3af402b049f2af [1ms]
2024-07-03 08:15:21.395 [info] > git show --textconv :.bash_history [4ms]
2024-07-03 08:17:03.312 [info] > git ls-files --stage -- /home/ndao/.bash_history [6ms]
2024-07-03 08:17:03.317 [info] > git cat-file -s f1edab734ac6129c954d4b0340cb384f13f06900 [1ms]
2024-07-03 08:17:03.331 [info] > git show --textconv :.bash_history [6ms]
