2024-06-03 18:03:48.395 [info] Extension host with pid 71 started
2024-06-03 18:03:48.451 [error] Error: EEXIST: file already exists, open '/home/ndao/.vscode-server/data/User/workspaceStorage/38a21d1cb963b8ec61341b0b4eb2fb76/vscode.lock'
2024-06-03 18:03:48.475 [info] Lock '/home/ndao/.vscode-server/data/User/workspaceStorage/38a21d1cb963b8ec61341b0b4eb2fb76/vscode.lock': Could not acquire lock, checking if the file is stale.
2024-06-03 18:03:48.478 [info] Lock '/home/ndao/.vscode-server/data/User/workspaceStorage/38a21d1cb963b8ec61341b0b4eb2fb76/vscode.lock': The pid 144 appears to be gone.
2024-06-03 18:03:48.478 [info] Lock '/home/ndao/.vscode-server/data/User/workspaceStorage/38a21d1cb963b8ec61341b0b4eb2fb76/vscode.lock': Deleting a stale lock.
2024-06-03 18:03:48.546 [info] ExtensionService#_doActivateExtension vscode.emmet, startup: false, activationEvent: 'onLanguage'
2024-06-03 18:03:48.556 [info] ExtensionService#_doActivateExtension ms-python.python, startup: false, activationEvent: 'onLanguage:yaml', root cause: redhat.ansible
2024-06-03 18:03:48.560 [info] ExtensionService#_doActivateExtension redhat.vscode-yaml, startup: false, activationEvent: 'onLanguage:yaml', root cause: redhat.ansible
2024-06-03 18:03:49.790 [info] ExtensionService#_doActivateExtension vscode.git-base, startup: true, activationEvent: '*', root cause: vscode.git
2024-06-03 18:03:49.809 [info] Lock '/home/ndao/.vscode-server/data/User/workspaceStorage/38a21d1cb963b8ec61341b0b4eb2fb76/vscode.lock': Lock acquired.
2024-06-03 18:03:50.392 [info] ExtensionService#_doActivateExtension vscode.git, startup: true, activationEvent: '*'
2024-06-03 18:03:50.396 [info] ExtensionService#_doActivateExtension vscode.github, startup: true, activationEvent: '*'
2024-06-03 18:03:51.003 [info] Eager extensions activated
2024-06-03 18:03:51.004 [info] ExtensionService#_doActivateExtension vscode.debug-auto-launch, startup: false, activationEvent: 'onStartupFinished'
2024-06-03 18:03:51.004 [info] ExtensionService#_doActivateExtension vscode.merge-conflict, startup: false, activationEvent: 'onStartupFinished'
2024-06-03 18:03:51.467 [info] ExtensionService#_doActivateExtension redhat.ansible, startup: false, activationEvent: 'onLanguage:yaml'
2024-06-03 18:03:52.006 [warning] [redhat.vscode-yaml] Accessing a resource scoped configuration without providing a resource is not expected. To get the effective value for '[yaml]', provide the URI of a resource or 'null' for any resource.
2024-06-03 18:03:52.148 [warning] [redhat.vscode-yaml] Accessing a resource scoped configuration without providing a resource is not expected. To get the effective value for '[yaml]', provide the URI of a resource or 'null' for any resource.
2024-06-03 18:03:52.359 [info] ExtensionService#_doActivateExtension ms-python.vscode-pylance, startup: false, activationEvent: 'api', root cause: ms-python.python
2024-06-03 18:14:21.243 [info] ExtensionService#_doActivateExtension vscode.npm, startup: false, activationEvent: 'onTerminalQuickFixRequest:ms-vscode.npm-command'
2024-06-03 18:16:53.431 [warning] [redhat.vscode-yaml] Accessing a resource scoped configuration without providing a resource is not expected. To get the effective value for '[yaml]', provide the URI of a resource or 'null' for any resource.
2024-06-03 19:01:19.207 [error] [redhat.vscode-yaml] provider FAILED
2024-06-03 19:01:19.207 [error] Error: name must not be falsy
	at r.validate (/home/ndao/.vscode-server/bin/dc96b837cf6bb4af9cd736aa3af08cf8279f7685/out/vs/workbench/api/node/extensionHostProcess.js:153:17855)
	at new r (/home/ndao/.vscode-server/bin/dc96b837cf6bb4af9cd736aa3af08cf8279f7685/out/vs/workbench/api/node/extensionHostProcess.js:153:18150)
	at $ (/home/ndao/.vscode-server/extensions/redhat.vscode-yaml-1.14.0/dist/extension.js:2:427439)
	at Array.map (<anonymous>)
	at Object.asDocumentSymbols (/home/ndao/.vscode-server/extensions/redhat.vscode-yaml-1.14.0/dist/extension.js:2:432785)
	at /home/ndao/.vscode-server/extensions/redhat.vscode-yaml-1.14.0/dist/extension.js:2:359291
	at async r.provideDocumentSymbols (/home/ndao/.vscode-server/bin/dc96b837cf6bb4af9cd736aa3af08cf8279f7685/out/vs/workbench/api/node/extensionHostProcess.js:155:90656)
2024-06-03 19:01:19.217 [error] [redhat.vscode-yaml] provider FAILED
2024-06-03 19:01:19.218 [error] Error: name must not be falsy
	at r.validate (/home/ndao/.vscode-server/bin/dc96b837cf6bb4af9cd736aa3af08cf8279f7685/out/vs/workbench/api/node/extensionHostProcess.js:153:17855)
	at new r (/home/ndao/.vscode-server/bin/dc96b837cf6bb4af9cd736aa3af08cf8279f7685/out/vs/workbench/api/node/extensionHostProcess.js:153:18150)
	at $ (/home/ndao/.vscode-server/extensions/redhat.vscode-yaml-1.14.0/dist/extension.js:2:427439)
	at Array.map (<anonymous>)
	at Object.asDocumentSymbols (/home/ndao/.vscode-server/extensions/redhat.vscode-yaml-1.14.0/dist/extension.js:2:432785)
	at /home/ndao/.vscode-server/extensions/redhat.vscode-yaml-1.14.0/dist/extension.js:2:359291
	at async r.provideDocumentSymbols (/home/ndao/.vscode-server/bin/dc96b837cf6bb4af9cd736aa3af08cf8279f7685/out/vs/workbench/api/node/extensionHostProcess.js:155:90656)
2024-06-03 19:18:51.405 [info] Extension host terminating: received terminate message from renderer
2024-06-03 19:18:51.406 [info] Lock '/home/ndao/.vscode-server/data/User/workspaceStorage/38a21d1cb963b8ec61341b0b4eb2fb76/vscode.lock': Marking the lockfile as scheduled to be released in 6000 ms.
2024-06-03 19:18:51.583 [error] Canceled: Canceled
	at new O (/home/ndao/.vscode-server/bin/dc96b837cf6bb4af9cd736aa3af08cf8279f7685/out/vs/workbench/api/node/extensionHostProcess.js:145:47131)
	at c.U (/home/ndao/.vscode-server/bin/dc96b837cf6bb4af9cd736aa3af08cf8279f7685/out/vs/workbench/api/node/extensionHostProcess.js:152:5542)
	at F.<computed>.z.charCodeAt.F.<computed> (/home/ndao/.vscode-server/bin/dc96b837cf6bb4af9cd736aa3af08cf8279f7685/out/vs/workbench/api/node/extensionHostProcess.js:152:2993)
	at r.g (/home/ndao/.vscode-server/bin/dc96b837cf6bb4af9cd736aa3af08cf8279f7685/out/vs/workbench/api/node/extensionHostProcess.js:155:188928)
	at r.executeCommand (/home/ndao/.vscode-server/bin/dc96b837cf6bb4af9cd736aa3af08cf8279f7685/out/vs/workbench/api/node/extensionHostProcess.js:155:188366)
	at E.registerCommand.description (/home/ndao/.vscode-server/bin/dc96b837cf6bb4af9cd736aa3af08cf8279f7685/out/vs/workbench/api/node/extensionHostProcess.js:155:187690)
	at r.h (/home/ndao/.vscode-server/bin/dc96b837cf6bb4af9cd736aa3af08cf8279f7685/out/vs/workbench/api/node/extensionHostProcess.js:155:189467)
	at r.g (/home/ndao/.vscode-server/bin/dc96b837cf6bb4af9cd736aa3af08cf8279f7685/out/vs/workbench/api/node/extensionHostProcess.js:155:188459)
	at r.executeCommand (/home/ndao/.vscode-server/bin/dc96b837cf6bb4af9cd736aa3af08cf8279f7685/out/vs/workbench/api/node/extensionHostProcess.js:155:188366)
	at Object.executeCommand (/home/ndao/.vscode-server/bin/dc96b837cf6bb4af9cd736aa3af08cf8279f7685/out/vs/workbench/api/node/extensionHostProcess.js:165:22673)
	at a.O [as value] (/home/ndao/.vscode-server/bin/dc96b837cf6bb4af9cd736aa3af08cf8279f7685/extensions/git/dist/main.js:2:945138)
	at o.y (/home/ndao/.vscode-server/bin/dc96b837cf6bb4af9cd736aa3af08cf8279f7685/out/vs/workbench/api/node/extensionHostProcess.js:82:660)
	at o.z (/home/ndao/.vscode-server/bin/dc96b837cf6bb4af9cd736aa3af08cf8279f7685/out/vs/workbench/api/node/extensionHostProcess.js:82:730)
	at o.fire (/home/ndao/.vscode-server/bin/dc96b837cf6bb4af9cd736aa3af08cf8279f7685/out/vs/workbench/api/node/extensionHostProcess.js:82:946)
	at Object.p [as dispose] (/home/ndao/.vscode-server/bin/dc96b837cf6bb4af9cd736aa3af08cf8279f7685/extensions/git/dist/main.js:2:964222)
	at /home/ndao/.vscode-server/bin/dc96b837cf6bb4af9cd736aa3af08cf8279f7685/extensions/git/dist/main.js:2:970260
	at Array.forEach (<anonymous>)
	at f.dispose (/home/ndao/.vscode-server/bin/dc96b837cf6bb4af9cd736aa3af08cf8279f7685/extensions/git/dist/main.js:2:970246)
	at h.<anonymous> (/home/ndao/.vscode-server/bin/dc96b837cf6bb4af9cd736aa3af08cf8279f7685/out/vs/workbench/api/node/extensionHostProcess.js:153:3955)
	at h.dispose (/home/ndao/.vscode-server/bin/dc96b837cf6bb4af9cd736aa3af08cf8279f7685/out/vs/workbench/api/node/extensionHostProcess.js:153:4052)
	at h.<anonymous> (/home/ndao/.vscode-server/bin/dc96b837cf6bb4af9cd736aa3af08cf8279f7685/extensions/git/dist/main.js:2:947395)
	at h.dispose (/home/ndao/.vscode-server/bin/dc96b837cf6bb4af9cd736aa3af08cf8279f7685/out/vs/workbench/api/node/extensionHostProcess.js:153:4052)
	at a (/home/ndao/.vscode-server/bin/dc96b837cf6bb4af9cd736aa3af08cf8279f7685/out/vs/workbench/api/node/extensionHostProcess.js:30:744)
	at f.eb (/home/ndao/.vscode-server/bin/dc96b837cf6bb4af9cd736aa3af08cf8279f7685/out/vs/workbench/api/node/extensionHostProcess.js:161:9975)
	at /home/ndao/.vscode-server/bin/dc96b837cf6bb4af9cd736aa3af08cf8279f7685/out/vs/workbench/api/node/extensionHostProcess.js:161:7824
	at Array.map (<anonymous>)
	at f.$ (/home/ndao/.vscode-server/bin/dc96b837cf6bb4af9cd736aa3af08cf8279f7685/out/vs/workbench/api/node/extensionHostProcess.js:161:7811)
	at f.terminate (/home/ndao/.vscode-server/bin/dc96b837cf6bb4af9cd736aa3af08cf8279f7685/out/vs/workbench/api/node/extensionHostProcess.js:161:8085)
	at a.terminate (/home/ndao/.vscode-server/bin/dc96b837cf6bb4af9cd736aa3af08cf8279f7685/out/vs/workbench/api/node/extensionHostProcess.js:165:1513)
	at t (/home/ndao/.vscode-server/bin/dc96b837cf6bb4af9cd736aa3af08cf8279f7685/out/vs/workbench/api/node/extensionHostProcess.js:178:9922)
	at a.value (/home/ndao/.vscode-server/bin/dc96b837cf6bb4af9cd736aa3af08cf8279f7685/out/vs/workbench/api/node/extensionHostProcess.js:178:7969)
	at o.y (/home/ndao/.vscode-server/bin/dc96b837cf6bb4af9cd736aa3af08cf8279f7685/out/vs/workbench/api/node/extensionHostProcess.js:82:660)
	at o.fire (/home/ndao/.vscode-server/bin/dc96b837cf6bb4af9cd736aa3af08cf8279f7685/out/vs/workbench/api/node/extensionHostProcess.js:82:877)
	at l.fire (/home/ndao/.vscode-server/bin/dc96b837cf6bb4af9cd736aa3af08cf8279f7685/out/vs/workbench/api/node/extensionHostProcess.js:107:14175)
	at r.z (/home/ndao/.vscode-server/bin/dc96b837cf6bb4af9cd736aa3af08cf8279f7685/out/vs/workbench/api/node/extensionHostProcess.js:107:17240)
	at a.value (/home/ndao/.vscode-server/bin/dc96b837cf6bb4af9cd736aa3af08cf8279f7685/out/vs/workbench/api/node/extensionHostProcess.js:107:15692)
	at o.y (/home/ndao/.vscode-server/bin/dc96b837cf6bb4af9cd736aa3af08cf8279f7685/out/vs/workbench/api/node/extensionHostProcess.js:82:660)
	at o.fire (/home/ndao/.vscode-server/bin/dc96b837cf6bb4af9cd736aa3af08cf8279f7685/out/vs/workbench/api/node/extensionHostProcess.js:82:877)
	at f.acceptChunk (/home/ndao/.vscode-server/bin/dc96b837cf6bb4af9cd736aa3af08cf8279f7685/out/vs/workbench/api/node/extensionHostProcess.js:107:11949)
	at a.value (/home/ndao/.vscode-server/bin/dc96b837cf6bb4af9cd736aa3af08cf8279f7685/out/vs/workbench/api/node/extensionHostProcess.js:107:11236)
	at o.y (/home/ndao/.vscode-server/bin/dc96b837cf6bb4af9cd736aa3af08cf8279f7685/out/vs/workbench/api/node/extensionHostProcess.js:82:660)
	at o.fire (/home/ndao/.vscode-server/bin/dc96b837cf6bb4af9cd736aa3af08cf8279f7685/out/vs/workbench/api/node/extensionHostProcess.js:82:877)
	at i.z (/home/ndao/.vscode-server/bin/dc96b837cf6bb4af9cd736aa3af08cf8279f7685/out/vs/workbench/api/node/extensionHostProcess.js:175:19732)
	at i.acceptFrame (/home/ndao/.vscode-server/bin/dc96b837cf6bb4af9cd736aa3af08cf8279f7685/out/vs/workbench/api/node/extensionHostProcess.js:175:19538)
	at n (/home/ndao/.vscode-server/bin/dc96b837cf6bb4af9cd736aa3af08cf8279f7685/out/vs/workbench/api/node/extensionHostProcess.js:175:18037)
	at /home/ndao/.vscode-server/bin/dc96b837cf6bb4af9cd736aa3af08cf8279f7685/out/vs/workbench/api/node/extensionHostProcess.js:175:15257
	at Socket.S (/home/ndao/.vscode-server/bin/dc96b837cf6bb4af9cd736aa3af08cf8279f7685/out/vs/workbench/api/node/extensionHostProcess.js:175:13162)
	at Socket.emit (node:events:517:28)
	at addChunk (node:internal/streams/readable:335:12)
	at readableAddChunk (node:internal/streams/readable:308:9)
	at Readable.push (node:internal/streams/readable:245:10)
	at TCP.onStreamRead (node:internal/stream_base_commons:190:23) setContext undefined
2024-06-03 19:18:51.584 [error] Canceled: Canceled
	at new O (/home/ndao/.vscode-server/bin/dc96b837cf6bb4af9cd736aa3af08cf8279f7685/out/vs/workbench/api/node/extensionHostProcess.js:145:47131)
	at c.U (/home/ndao/.vscode-server/bin/dc96b837cf6bb4af9cd736aa3af08cf8279f7685/out/vs/workbench/api/node/extensionHostProcess.js:152:5542)
	at F.<computed>.z.charCodeAt.F.<computed> (/home/ndao/.vscode-server/bin/dc96b837cf6bb4af9cd736aa3af08cf8279f7685/out/vs/workbench/api/node/extensionHostProcess.js:152:2993)
	at r.g (/home/ndao/.vscode-server/bin/dc96b837cf6bb4af9cd736aa3af08cf8279f7685/out/vs/workbench/api/node/extensionHostProcess.js:155:188928)
	at r.executeCommand (/home/ndao/.vscode-server/bin/dc96b837cf6bb4af9cd736aa3af08cf8279f7685/out/vs/workbench/api/node/extensionHostProcess.js:155:188366)
	at E.registerCommand.description (/home/ndao/.vscode-server/bin/dc96b837cf6bb4af9cd736aa3af08cf8279f7685/out/vs/workbench/api/node/extensionHostProcess.js:155:187690)
	at r.h (/home/ndao/.vscode-server/bin/dc96b837cf6bb4af9cd736aa3af08cf8279f7685/out/vs/workbench/api/node/extensionHostProcess.js:155:189467)
	at r.g (/home/ndao/.vscode-server/bin/dc96b837cf6bb4af9cd736aa3af08cf8279f7685/out/vs/workbench/api/node/extensionHostProcess.js:155:188459)
	at r.executeCommand (/home/ndao/.vscode-server/bin/dc96b837cf6bb4af9cd736aa3af08cf8279f7685/out/vs/workbench/api/node/extensionHostProcess.js:155:188366)
	at Object.executeCommand (/home/ndao/.vscode-server/bin/dc96b837cf6bb4af9cd736aa3af08cf8279f7685/out/vs/workbench/api/node/extensionHostProcess.js:165:22673)
	at set hasGitHubRepositories [as hasGitHubRepositories] (/home/ndao/.vscode-server/bin/dc96b837cf6bb4af9cd736aa3af08cf8279f7685/extensions/github/dist/extension.js:2:322969)
	at /home/ndao/.vscode-server/bin/dc96b837cf6bb4af9cd736aa3af08cf8279f7685/extensions/github/dist/extension.js:2:323928
	at a.value (/home/ndao/.vscode-server/bin/dc96b837cf6bb4af9cd736aa3af08cf8279f7685/extensions/git/dist/main.js:2:1050711)
	at o.y (/home/ndao/.vscode-server/bin/dc96b837cf6bb4af9cd736aa3af08cf8279f7685/out/vs/workbench/api/node/extensionHostProcess.js:82:660)
	at o.z (/home/ndao/.vscode-server/bin/dc96b837cf6bb4af9cd736aa3af08cf8279f7685/out/vs/workbench/api/node/extensionHostProcess.js:82:730)
	at o.fire (/home/ndao/.vscode-server/bin/dc96b837cf6bb4af9cd736aa3af08cf8279f7685/out/vs/workbench/api/node/extensionHostProcess.js:82:946)
	at Object.p [as dispose] (/home/ndao/.vscode-server/bin/dc96b837cf6bb4af9cd736aa3af08cf8279f7685/extensions/git/dist/main.js:2:964222)
	at /home/ndao/.vscode-server/bin/dc96b837cf6bb4af9cd736aa3af08cf8279f7685/extensions/git/dist/main.js:2:970260
	at Array.forEach (<anonymous>)
	at f.dispose (/home/ndao/.vscode-server/bin/dc96b837cf6bb4af9cd736aa3af08cf8279f7685/extensions/git/dist/main.js:2:970246)
	at h.<anonymous> (/home/ndao/.vscode-server/bin/dc96b837cf6bb4af9cd736aa3af08cf8279f7685/out/vs/workbench/api/node/extensionHostProcess.js:153:3955)
	at h.dispose (/home/ndao/.vscode-server/bin/dc96b837cf6bb4af9cd736aa3af08cf8279f7685/out/vs/workbench/api/node/extensionHostProcess.js:153:4052)
	at h.<anonymous> (/home/ndao/.vscode-server/bin/dc96b837cf6bb4af9cd736aa3af08cf8279f7685/extensions/git/dist/main.js:2:947395)
	at h.dispose (/home/ndao/.vscode-server/bin/dc96b837cf6bb4af9cd736aa3af08cf8279f7685/out/vs/workbench/api/node/extensionHostProcess.js:153:4052)
	at a (/home/ndao/.vscode-server/bin/dc96b837cf6bb4af9cd736aa3af08cf8279f7685/out/vs/workbench/api/node/extensionHostProcess.js:30:744)
	at f.eb (/home/ndao/.vscode-server/bin/dc96b837cf6bb4af9cd736aa3af08cf8279f7685/out/vs/workbench/api/node/extensionHostProcess.js:161:9975)
	at /home/ndao/.vscode-server/bin/dc96b837cf6bb4af9cd736aa3af08cf8279f7685/out/vs/workbench/api/node/extensionHostProcess.js:161:7824
	at Array.map (<anonymous>)
	at f.$ (/home/ndao/.vscode-server/bin/dc96b837cf6bb4af9cd736aa3af08cf8279f7685/out/vs/workbench/api/node/extensionHostProcess.js:161:7811)
	at f.terminate (/home/ndao/.vscode-server/bin/dc96b837cf6bb4af9cd736aa3af08cf8279f7685/out/vs/workbench/api/node/extensionHostProcess.js:161:8085)
	at a.terminate (/home/ndao/.vscode-server/bin/dc96b837cf6bb4af9cd736aa3af08cf8279f7685/out/vs/workbench/api/node/extensionHostProcess.js:165:1513)
	at t (/home/ndao/.vscode-server/bin/dc96b837cf6bb4af9cd736aa3af08cf8279f7685/out/vs/workbench/api/node/extensionHostProcess.js:178:9922)
	at a.value (/home/ndao/.vscode-server/bin/dc96b837cf6bb4af9cd736aa3af08cf8279f7685/out/vs/workbench/api/node/extensionHostProcess.js:178:7969)
	at o.y (/home/ndao/.vscode-server/bin/dc96b837cf6bb4af9cd736aa3af08cf8279f7685/out/vs/workbench/api/node/extensionHostProcess.js:82:660)
	at o.fire (/home/ndao/.vscode-server/bin/dc96b837cf6bb4af9cd736aa3af08cf8279f7685/out/vs/workbench/api/node/extensionHostProcess.js:82:877)
	at l.fire (/home/ndao/.vscode-server/bin/dc96b837cf6bb4af9cd736aa3af08cf8279f7685/out/vs/workbench/api/node/extensionHostProcess.js:107:14175)
	at r.z (/home/ndao/.vscode-server/bin/dc96b837cf6bb4af9cd736aa3af08cf8279f7685/out/vs/workbench/api/node/extensionHostProcess.js:107:17240)
	at a.value (/home/ndao/.vscode-server/bin/dc96b837cf6bb4af9cd736aa3af08cf8279f7685/out/vs/workbench/api/node/extensionHostProcess.js:107:15692)
	at o.y (/home/ndao/.vscode-server/bin/dc96b837cf6bb4af9cd736aa3af08cf8279f7685/out/vs/workbench/api/node/extensionHostProcess.js:82:660)
	at o.fire (/home/ndao/.vscode-server/bin/dc96b837cf6bb4af9cd736aa3af08cf8279f7685/out/vs/workbench/api/node/extensionHostProcess.js:82:877)
	at f.acceptChunk (/home/ndao/.vscode-server/bin/dc96b837cf6bb4af9cd736aa3af08cf8279f7685/out/vs/workbench/api/node/extensionHostProcess.js:107:11949)
	at a.value (/home/ndao/.vscode-server/bin/dc96b837cf6bb4af9cd736aa3af08cf8279f7685/out/vs/workbench/api/node/extensionHostProcess.js:107:11236)
	at o.y (/home/ndao/.vscode-server/bin/dc96b837cf6bb4af9cd736aa3af08cf8279f7685/out/vs/workbench/api/node/extensionHostProcess.js:82:660)
	at o.fire (/home/ndao/.vscode-server/bin/dc96b837cf6bb4af9cd736aa3af08cf8279f7685/out/vs/workbench/api/node/extensionHostProcess.js:82:877)
	at i.z (/home/ndao/.vscode-server/bin/dc96b837cf6bb4af9cd736aa3af08cf8279f7685/out/vs/workbench/api/node/extensionHostProcess.js:175:19732)
	at i.acceptFrame (/home/ndao/.vscode-server/bin/dc96b837cf6bb4af9cd736aa3af08cf8279f7685/out/vs/workbench/api/node/extensionHostProcess.js:175:19538)
	at n (/home/ndao/.vscode-server/bin/dc96b837cf6bb4af9cd736aa3af08cf8279f7685/out/vs/workbench/api/node/extensionHostProcess.js:175:18037)
	at /home/ndao/.vscode-server/bin/dc96b837cf6bb4af9cd736aa3af08cf8279f7685/out/vs/workbench/api/node/extensionHostProcess.js:175:15257
	at Socket.S (/home/ndao/.vscode-server/bin/dc96b837cf6bb4af9cd736aa3af08cf8279f7685/out/vs/workbench/api/node/extensionHostProcess.js:175:13162)
	at Socket.emit (node:events:517:28)
	at addChunk (node:internal/streams/readable:335:12)
	at readableAddChunk (node:internal/streams/readable:308:9)
	at Readable.push (node:internal/streams/readable:245:10)
	at TCP.onStreamRead (node:internal/stream_base_commons:190:23) setContext undefined
2024-06-03 19:18:51.612 [info] Extension host with pid 71 exiting with code 0
