2024-07-16 07:45:58.779 [info] Log level: Info
2024-07-16 07:45:58.779 [info] Validating found git in: "git"
2024-07-16 07:45:58.779 [info] Using git "2.25.1" from "git"
2024-07-16 07:45:58.779 [info] > git rev-parse --show-toplevel [117ms]
2024-07-16 07:45:58.779 [info] > git rev-parse --git-dir --git-common-dir [91ms]
2024-07-16 07:45:58.779 [info] Open repository: /home/ndao/DB_Provisionning
2024-07-16 07:45:58.783 [info] > git rev-parse --show-toplevel [31ms]
2024-07-16 07:45:58.784 [info] > git config --get commit.template [34ms]
2024-07-16 07:45:58.805 [info] > git rev-parse --show-toplevel [6ms]
2024-07-16 07:45:59.403 [info] > git check-ignore -v -z --stdin [49ms]
2024-07-16 07:45:59.469 [info] > git rev-parse --show-toplevel [123ms]
2024-07-16 07:45:59.471 [info] > git for-each-ref --format=%(refname)%00%(upstream:short)%00%(objectname)%00%(upstream:track)%00%(upstream:remotename)%00%(upstream:remoteref) refs/heads/dev refs/remotes/dev [668ms]
2024-07-16 07:45:59.537 [info] > git show --textconv :mysql_setup/sql_loop.yml [13ms]
2024-07-16 07:45:59.553 [info] > git ls-files --stage -- /home/ndao/DB_Provisionning/mysql_setup/sql_loop.yml [27ms]
2024-07-16 07:45:59.603 [info] > git cat-file -s cc2090db1c7d4df763cac84911c852327b7669c8 [46ms]
2024-07-16 07:45:59.768 [info] > git status -z -uall [39ms]
2024-07-16 07:45:59.793 [info] > git for-each-ref --format=%(refname)%00%(upstream:short)%00%(objectname)%00%(upstream:track)%00%(upstream:remotename)%00%(upstream:remoteref) refs/heads/dev refs/remotes/dev [21ms]
2024-07-16 07:45:59.800 [info] > git config --get commit.template [12ms]
2024-07-16 07:45:59.890 [info] > git config --local branch.dev.vscode-merge-base [93ms]
2024-07-16 07:45:59.923 [info] > git for-each-ref --format=%(refname)%00%(upstream:short)%00%(objectname)%00%(upstream:track)%00%(upstream:remotename)%00%(upstream:remoteref) refs/heads/origin/master refs/remotes/origin/master [26ms]
2024-07-16 07:45:59.931 [info] > git for-each-ref --format=%(refname)%00%(upstream:short)%00%(objectname)%00%(upstream:track)%00%(upstream:remotename)%00%(upstream:remoteref) refs/heads/dev refs/remotes/dev [20ms]
2024-07-16 07:45:59.935 [info] > git merge-base refs/heads/dev refs/remotes/origin/dev [8ms]
2024-07-16 07:45:59.949 [info] > git rev-list --count --left-right refs/heads/dev...refs/remotes/origin/dev [12ms]
2024-07-16 07:45:59.958 [info] > git status -z -uall [3ms]
2024-07-16 07:45:59.958 [info] > git diff --name-status -z --diff-filter=ADMR 4f5a7b1eebf37d4729420cdf50bb9656116e3f11...refs/remotes/origin/dev [6ms]
2024-07-16 07:45:59.975 [info] > git for-each-ref --format=%(refname)%00%(upstream:short)%00%(objectname)%00%(upstream:track)%00%(upstream:remotename)%00%(upstream:remoteref) refs/heads/dev refs/remotes/dev [10ms]
2024-07-16 07:46:00.100 [info] > git config --local branch.dev.vscode-merge-base [105ms]
2024-07-16 07:46:00.106 [info] > git for-each-ref --format=%(refname)%00%(upstream:short)%00%(objectname)%00%(upstream:track)%00%(upstream:remotename)%00%(upstream:remoteref) refs/heads/origin/master refs/remotes/origin/master [3ms]
2024-07-16 08:09:06.283 [info] > git show --textconv :mysql_setup/sql_setup.yml [5ms]
2024-07-16 08:09:06.286 [info] > git ls-files --stage -- /home/ndao/DB_Provisionning/mysql_setup/sql_setup.yml [2ms]
2024-07-16 08:09:06.291 [info] > git cat-file -s 42f8603b12e6a448d46b5345c7c7987a51c638c2 [2ms]
2024-07-16 08:09:20.235 [info] > git show --textconv :mysql_setup/sql_loop.yml [3ms]
2024-07-16 08:09:20.236 [info] > git ls-files --stage -- /home/ndao/DB_Provisionning/mysql_setup/sql_loop.yml [1ms]
2024-07-16 08:09:20.239 [info] > git cat-file -s cc2090db1c7d4df763cac84911c852327b7669c8 [1ms]
2024-07-16 08:22:35.070 [info] > git config --get commit.template [4ms]
2024-07-16 08:22:35.070 [info] > git for-each-ref --format=%(refname)%00%(upstream:short)%00%(objectname)%00%(upstream:track)%00%(upstream:remotename)%00%(upstream:remoteref) refs/heads/dev refs/remotes/dev [1ms]
2024-07-16 08:22:35.075 [info] > git status -z -uall [1ms]
2024-07-16 08:22:35.082 [info] > git for-each-ref --format=%(refname)%00%(upstream:short)%00%(objectname)%00%(upstream:track)%00%(upstream:remotename)%00%(upstream:remoteref) refs/heads/dev refs/remotes/dev [4ms]
2024-07-16 08:22:35.086 [info] > git config --local branch.dev.vscode-merge-base [0ms]
2024-07-16 08:22:35.093 [info] > git for-each-ref --format=%(refname)%00%(upstream:short)%00%(objectname)%00%(upstream:track)%00%(upstream:remotename)%00%(upstream:remoteref) refs/heads/origin/master refs/remotes/origin/master [3ms]
2024-07-16 08:23:01.479 [info] > git show --textconv :mysql_setup/sql_setup.yml [7ms]
2024-07-16 08:23:01.481 [info] > git ls-files --stage -- /home/ndao/DB_Provisionning/mysql_setup/sql_setup.yml [3ms]
2024-07-16 08:23:01.490 [info] > git cat-file -s 42f8603b12e6a448d46b5345c7c7987a51c638c2 [1ms]
2024-07-16 08:23:05.595 [info] > git show --textconv :mysql_setup/sql_loop.yml [4ms]
2024-07-16 08:23:05.596 [info] > git ls-files --stage -- /home/ndao/DB_Provisionning/mysql_setup/sql_loop.yml [2ms]
2024-07-16 08:23:05.600 [info] > git cat-file -s cc2090db1c7d4df763cac84911c852327b7669c8 [0ms]
2024-07-16 08:23:13.333 [info] > git show --textconv :mysql_setup/sql_setup.yml [3ms]
2024-07-16 08:23:13.334 [info] > git ls-files --stage -- /home/ndao/DB_Provisionning/mysql_setup/sql_setup.yml [1ms]
2024-07-16 08:23:13.360 [info] > git cat-file -s 42f8603b12e6a448d46b5345c7c7987a51c638c2 [6ms]
2024-07-16 08:23:17.628 [info] > git show --textconv :mysql_setup/sql_loop.yml [3ms]
2024-07-16 08:23:17.629 [info] > git ls-files --stage -- /home/ndao/DB_Provisionning/mysql_setup/sql_loop.yml [2ms]
2024-07-16 08:23:17.632 [info] > git cat-file -s cc2090db1c7d4df763cac84911c852327b7669c8 [1ms]
2024-07-16 08:23:22.428 [info] > git show --textconv :mysql_setup/sql_setup.yml [4ms]
2024-07-16 08:23:22.429 [info] > git ls-files --stage -- /home/ndao/DB_Provisionning/mysql_setup/sql_setup.yml [2ms]
2024-07-16 08:23:22.433 [info] > git cat-file -s 42f8603b12e6a448d46b5345c7c7987a51c638c2 [1ms]
2024-07-16 08:24:22.423 [info] > git config --get commit.template [13ms]
2024-07-16 08:24:22.424 [info] > git for-each-ref --format=%(refname)%00%(upstream:short)%00%(objectname)%00%(upstream:track)%00%(upstream:remotename)%00%(upstream:remoteref) refs/heads/dev refs/remotes/dev [4ms]
2024-07-16 08:24:22.438 [info] > git status -z -uall [8ms]
2024-07-16 08:24:22.439 [info] > git show --textconv :mysql_setup/sql_loop.yml [3ms]
2024-07-16 08:24:22.446 [info] > git for-each-ref --format=%(refname)%00%(upstream:short)%00%(objectname)%00%(upstream:track)%00%(upstream:remotename)%00%(upstream:remoteref) refs/heads/dev refs/remotes/dev [3ms]
2024-07-16 08:24:22.450 [info] > git ls-files --stage -- /home/ndao/DB_Provisionning/mysql_setup/sql_loop.yml [12ms]
2024-07-16 08:24:22.453 [info] > git config --local branch.dev.vscode-merge-base [4ms]
2024-07-16 08:24:22.456 [info] > git cat-file -s cc2090db1c7d4df763cac84911c852327b7669c8 [4ms]
2024-07-16 08:24:22.457 [info] > git for-each-ref --format=%(refname)%00%(upstream:short)%00%(objectname)%00%(upstream:track)%00%(upstream:remotename)%00%(upstream:remoteref) refs/heads/origin/master refs/remotes/origin/master [1ms]
2024-07-16 08:25:09.684 [info] > git show --textconv :mysql_setup/sql_setup.yml [6ms]
2024-07-16 08:25:09.685 [info] > git ls-files --stage -- /home/ndao/DB_Provisionning/mysql_setup/sql_setup.yml [2ms]
2024-07-16 08:25:09.691 [info] > git cat-file -s 42f8603b12e6a448d46b5345c7c7987a51c638c2 [1ms]
2024-07-16 08:25:09.772 [info] > git config --get commit.template [6ms]
2024-07-16 08:25:09.773 [info] > git for-each-ref --format=%(refname)%00%(upstream:short)%00%(objectname)%00%(upstream:track)%00%(upstream:remotename)%00%(upstream:remoteref) refs/heads/dev refs/remotes/dev [1ms]
2024-07-16 08:25:09.787 [info] > git status -z -uall [10ms]
2024-07-16 08:25:09.794 [info] > git for-each-ref --format=%(refname)%00%(upstream:short)%00%(objectname)%00%(upstream:track)%00%(upstream:remotename)%00%(upstream:remoteref) refs/heads/dev refs/remotes/dev [2ms]
2024-07-16 08:25:09.811 [info] > git config --local branch.dev.vscode-merge-base [7ms]
2024-07-16 08:25:09.817 [info] > git for-each-ref --format=%(refname)%00%(upstream:short)%00%(objectname)%00%(upstream:track)%00%(upstream:remotename)%00%(upstream:remoteref) refs/heads/origin/master refs/remotes/origin/master [1ms]
2024-07-16 08:25:19.712 [info] > git show --textconv :mysql_setup/sql_loop.yml [6ms]
2024-07-16 08:25:19.713 [info] > git ls-files --stage -- /home/ndao/DB_Provisionning/mysql_setup/sql_loop.yml [2ms]
2024-07-16 08:25:19.720 [info] > git cat-file -s cc2090db1c7d4df763cac84911c852327b7669c8 [2ms]
2024-07-16 08:27:05.733 [info] > git config --get commit.template [3ms]
2024-07-16 08:27:05.737 [info] > git for-each-ref --format=%(refname)%00%(upstream:short)%00%(objectname)%00%(upstream:track)%00%(upstream:remotename)%00%(upstream:remoteref) refs/heads/dev refs/remotes/dev [1ms]
2024-07-16 08:27:05.744 [info] > git status -z -uall [3ms]
2024-07-16 08:27:05.749 [info] > git for-each-ref --format=%(refname)%00%(upstream:short)%00%(objectname)%00%(upstream:track)%00%(upstream:remotename)%00%(upstream:remoteref) refs/heads/dev refs/remotes/dev [2ms]
2024-07-16 08:27:05.753 [info] > git config --local branch.dev.vscode-merge-base [1ms]
2024-07-16 08:27:05.757 [info] > git for-each-ref --format=%(refname)%00%(upstream:short)%00%(objectname)%00%(upstream:track)%00%(upstream:remotename)%00%(upstream:remoteref) refs/heads/origin/master refs/remotes/origin/master [1ms]
2024-07-16 08:27:05.761 [info] > git merge-base refs/heads/dev refs/remotes/origin/dev [1ms]
2024-07-16 08:27:05.764 [info] > git rev-list --count --left-right refs/heads/dev...refs/remotes/origin/dev [1ms]
2024-07-16 08:27:05.771 [info] > git diff --name-status -z --diff-filter=ADMR 5d2773460c8443c513efcbcd864d09f4893899be...refs/remotes/origin/dev [4ms]
2024-07-16 08:27:05.772 [info] > git ls-files --stage -- /home/ndao/DB_Provisionning/mysql_setup/sql_loop.yml [1ms]
2024-07-16 08:27:05.778 [info] > git cat-file -s 6fec977d40cbe2a1fbbf17c0a20b722d13e3243d [3ms]
2024-07-16 08:27:05.833 [info] > git show --textconv :mysql_setup/sql_loop.yml [1ms]
2024-07-16 08:27:32.398 [info] > git config --get commit.template [2ms]
2024-07-16 08:27:32.398 [info] > git for-each-ref --format=%(refname)%00%(upstream:short)%00%(objectname)%00%(upstream:track)%00%(upstream:remotename)%00%(upstream:remoteref) refs/heads/dev refs/remotes/dev [1ms]
2024-07-16 08:27:32.403 [info] > git status -z -uall [0ms]
2024-07-16 08:27:32.407 [info] > git for-each-ref --format=%(refname)%00%(upstream:short)%00%(objectname)%00%(upstream:track)%00%(upstream:remotename)%00%(upstream:remoteref) refs/heads/dev refs/remotes/dev [2ms]
2024-07-16 08:27:32.411 [info] > git config --local branch.dev.vscode-merge-base [1ms]
2024-07-16 08:27:32.415 [info] > git for-each-ref --format=%(refname)%00%(upstream:short)%00%(objectname)%00%(upstream:track)%00%(upstream:remotename)%00%(upstream:remoteref) refs/heads/origin/master refs/remotes/origin/master [1ms]
2024-07-16 08:29:00.127 [info] > git config --get commit.template [7ms]
2024-07-16 08:29:00.128 [info] > git ls-files --stage -- /home/ndao/DB_Provisionning/mysql_setup/sql_loop.yml [1ms]
2024-07-16 08:29:00.130 [info] > git for-each-ref --format=%(refname)%00%(upstream:short)%00%(objectname)%00%(upstream:track)%00%(upstream:remotename)%00%(upstream:remoteref) refs/heads/dev refs/remotes/dev [6ms]
2024-07-16 08:29:00.131 [info] > git cat-file -s 8768d2f3096fdf76c6a01cb7d16266d8ea6be286 [1ms]
2024-07-16 08:29:00.135 [info] > git status -z -uall [1ms]
2024-07-16 08:29:00.145 [info] > git for-each-ref --format=%(refname)%00%(upstream:short)%00%(objectname)%00%(upstream:track)%00%(upstream:remotename)%00%(upstream:remoteref) refs/heads/dev refs/remotes/dev [6ms]
2024-07-16 08:29:00.149 [info] > git show --textconv :mysql_setup/sql_loop.yml [4ms]
2024-07-16 08:29:00.149 [info] > git config --local branch.dev.vscode-merge-base [2ms]
2024-07-16 08:29:00.154 [info] > git for-each-ref --format=%(refname)%00%(upstream:short)%00%(objectname)%00%(upstream:track)%00%(upstream:remotename)%00%(upstream:remoteref) refs/heads/origin/master refs/remotes/origin/master [2ms]
2024-07-16 08:29:00.159 [info] > git merge-base refs/heads/dev refs/remotes/origin/dev [1ms]
2024-07-16 08:29:00.166 [info] > git rev-list --count --left-right refs/heads/dev...refs/remotes/origin/dev [3ms]
2024-07-16 08:29:00.173 [info] > git diff --name-status -z --diff-filter=ADMR 85207eb373bb515debb09e7d678976db69cc5b22...refs/remotes/origin/dev [2ms]
2024-07-16 09:01:47.169 [info] > git show --textconv :mysql_setup/sql_setup.yml [14ms]
2024-07-16 09:01:47.169 [info] > git ls-files --stage -- /home/ndao/DB_Provisionning/mysql_setup/sql_setup.yml [8ms]
2024-07-16 09:01:47.177 [info] > git cat-file -s 45a6d95b43af770fb49a61021da9ee67d0aa0da2 [5ms]
2024-07-16 10:07:33.764 [info] > git for-each-ref --format=%(refname)%00%(upstream:short)%00%(objectname)%00%(upstream:track)%00%(upstream:remotename)%00%(upstream:remoteref) refs/heads/dev refs/remotes/dev [4ms]
2024-07-16 10:07:33.766 [info] > git config --get commit.template [11ms]
2024-07-16 10:07:33.772 [info] > git status -z -uall [2ms]
2024-07-16 10:07:33.777 [info] > git for-each-ref --format=%(refname)%00%(upstream:short)%00%(objectname)%00%(upstream:track)%00%(upstream:remotename)%00%(upstream:remoteref) refs/heads/dev refs/remotes/dev [1ms]
2024-07-16 10:07:33.781 [info] > git config --local branch.dev.vscode-merge-base [1ms]
2024-07-16 10:07:33.785 [info] > git for-each-ref --format=%(refname)%00%(upstream:short)%00%(objectname)%00%(upstream:track)%00%(upstream:remotename)%00%(upstream:remoteref) refs/heads/origin/master refs/remotes/origin/master [1ms]
2024-07-16 10:07:33.804 [info] > git ls-files --stage -- /home/ndao/DB_Provisionning/mysql_setup/sql_setup.yml [2ms]
2024-07-16 10:07:33.815 [info] > git cat-file -s 45a6d95b43af770fb49a61021da9ee67d0aa0da2 [7ms]
2024-07-16 10:07:33.826 [info] > git show --textconv :mysql_setup/sql_setup.yml [2ms]
2024-07-16 10:16:54.490 [info] > git show --textconv :mysql_setup/sql_loop.yml [3ms]
2024-07-16 10:16:54.491 [info] > git ls-files --stage -- /home/ndao/DB_Provisionning/mysql_setup/sql_loop.yml [1ms]
2024-07-16 10:16:54.495 [info] > git cat-file -s 8768d2f3096fdf76c6a01cb7d16266d8ea6be286 [1ms]
2024-07-16 11:21:18.243 [info] > git show --textconv :mysql_setup/sql_setup.yml [6ms]
2024-07-16 11:21:18.244 [info] > git ls-files --stage -- /home/ndao/DB_Provisionning/mysql_setup/sql_setup.yml [2ms]
2024-07-16 11:21:18.254 [info] > git cat-file -s 45a6d95b43af770fb49a61021da9ee67d0aa0da2 [1ms]
2024-07-16 11:39:39.289 [info] > git show --textconv :mysql_setup/sql_loop.yml [5ms]
2024-07-16 11:39:39.290 [info] > git ls-files --stage -- /home/ndao/DB_Provisionning/mysql_setup/sql_loop.yml [2ms]
2024-07-16 11:39:39.300 [info] > git cat-file -s 8768d2f3096fdf76c6a01cb7d16266d8ea6be286 [0ms]
2024-07-16 11:40:48.193 [info] > git show --textconv :mysql_setup/sql_setup.yml [6ms]
2024-07-16 11:40:48.195 [info] > git ls-files --stage -- /home/ndao/DB_Provisionning/mysql_setup/sql_setup.yml [1ms]
2024-07-16 11:40:48.199 [info] > git cat-file -s 45a6d95b43af770fb49a61021da9ee67d0aa0da2 [1ms]
2024-07-16 11:41:02.354 [info] > git config --get commit.template [1ms]
2024-07-16 11:41:02.358 [info] > git for-each-ref --format=%(refname)%00%(upstream:short)%00%(objectname)%00%(upstream:track)%00%(upstream:remotename)%00%(upstream:remoteref) refs/heads/dev refs/remotes/dev [1ms]
2024-07-16 11:41:02.363 [info] > git status -z -uall [1ms]
2024-07-16 11:41:02.373 [info] > git for-each-ref --format=%(refname)%00%(upstream:short)%00%(objectname)%00%(upstream:track)%00%(upstream:remotename)%00%(upstream:remoteref) refs/heads/dev refs/remotes/dev [5ms]
2024-07-16 11:41:02.377 [info] > git config --local branch.dev.vscode-merge-base [1ms]
2024-07-16 11:41:02.383 [info] > git for-each-ref --format=%(refname)%00%(upstream:short)%00%(objectname)%00%(upstream:track)%00%(upstream:remotename)%00%(upstream:remoteref) refs/heads/origin/master refs/remotes/origin/master [2ms]
2024-07-16 11:41:05.246 [info] > git show --textconv :mysql_setup/sql_loop.yml [6ms]
2024-07-16 11:41:05.247 [info] > git ls-files --stage -- /home/ndao/DB_Provisionning/mysql_setup/sql_loop.yml [3ms]
2024-07-16 11:41:05.252 [info] > git cat-file -s 8768d2f3096fdf76c6a01cb7d16266d8ea6be286 [1ms]
2024-07-16 11:49:17.409 [info] > git config --get commit.template [4ms]
2024-07-16 11:49:17.409 [info] > git for-each-ref --format=%(refname)%00%(upstream:short)%00%(objectname)%00%(upstream:track)%00%(upstream:remotename)%00%(upstream:remoteref) refs/heads/dev refs/remotes/dev [1ms]
2024-07-16 11:49:17.414 [info] > git status -z -uall [2ms]
2024-07-16 11:49:17.418 [info] > git for-each-ref --format=%(refname)%00%(upstream:short)%00%(objectname)%00%(upstream:track)%00%(upstream:remotename)%00%(upstream:remoteref) refs/heads/dev refs/remotes/dev [1ms]
2024-07-16 11:49:17.423 [info] > git config --local branch.dev.vscode-merge-base [2ms]
2024-07-16 11:49:17.427 [info] > git for-each-ref --format=%(refname)%00%(upstream:short)%00%(objectname)%00%(upstream:track)%00%(upstream:remotename)%00%(upstream:remoteref) refs/heads/origin/master refs/remotes/origin/master [1ms]
2024-07-16 12:23:23.686 [info] > git config --get commit.template [4ms]
2024-07-16 12:23:23.687 [info] > git for-each-ref --format=%(refname)%00%(upstream:short)%00%(objectname)%00%(upstream:track)%00%(upstream:remotename)%00%(upstream:remoteref) refs/heads/dev refs/remotes/dev [2ms]
2024-07-16 12:23:23.692 [info] > git status -z -uall [2ms]
2024-07-16 12:23:23.698 [info] > git for-each-ref --format=%(refname)%00%(upstream:short)%00%(objectname)%00%(upstream:track)%00%(upstream:remotename)%00%(upstream:remoteref) refs/heads/dev refs/remotes/dev [1ms]
2024-07-16 12:23:23.703 [info] > git config --local branch.dev.vscode-merge-base [2ms]
2024-07-16 12:23:23.707 [info] > git for-each-ref --format=%(refname)%00%(upstream:short)%00%(objectname)%00%(upstream:track)%00%(upstream:remotename)%00%(upstream:remoteref) refs/heads/origin/master refs/remotes/origin/master [1ms]
2024-07-16 12:23:25.616 [info] > git show --textconv :mysql_setup/sql_setup.yml [15ms]
2024-07-16 12:23:25.619 [info] > git ls-files --stage -- /home/ndao/DB_Provisionning/mysql_setup/sql_setup.yml [5ms]
2024-07-16 12:23:25.628 [info] > git cat-file -s 45a6d95b43af770fb49a61021da9ee67d0aa0da2 [2ms]
2024-07-16 12:23:31.558 [info] > git show --textconv :mysql_setup/sql_loop.yml [4ms]
2024-07-16 12:23:31.561 [info] > git ls-files --stage -- /home/ndao/DB_Provisionning/mysql_setup/sql_loop.yml [3ms]
2024-07-16 12:23:31.569 [info] > git cat-file -s 8768d2f3096fdf76c6a01cb7d16266d8ea6be286 [3ms]
2024-07-16 12:24:15.974 [info] > git config --get commit.template [4ms]
2024-07-16 12:24:15.974 [info] > git for-each-ref --format=%(refname)%00%(upstream:short)%00%(objectname)%00%(upstream:track)%00%(upstream:remotename)%00%(upstream:remoteref) refs/heads/dev refs/remotes/dev [1ms]
2024-07-16 12:24:15.979 [info] > git status -z -uall [1ms]
2024-07-16 12:24:15.985 [info] > git for-each-ref --format=%(refname)%00%(upstream:short)%00%(objectname)%00%(upstream:track)%00%(upstream:remotename)%00%(upstream:remoteref) refs/heads/dev refs/remotes/dev [2ms]
2024-07-16 12:24:15.989 [info] > git config --local branch.dev.vscode-merge-base [1ms]
2024-07-16 12:24:15.993 [info] > git for-each-ref --format=%(refname)%00%(upstream:short)%00%(objectname)%00%(upstream:track)%00%(upstream:remotename)%00%(upstream:remoteref) refs/heads/origin/master refs/remotes/origin/master [1ms]
2024-07-16 12:32:15.335 [info] > git config --get commit.template [3ms]
2024-07-16 12:32:15.335 [info] > git for-each-ref --format=%(refname)%00%(upstream:short)%00%(objectname)%00%(upstream:track)%00%(upstream:remotename)%00%(upstream:remoteref) refs/heads/dev refs/remotes/dev [1ms]
2024-07-16 12:32:15.340 [info] > git status -z -uall [2ms]
2024-07-16 12:32:15.345 [info] > git for-each-ref --format=%(refname)%00%(upstream:short)%00%(objectname)%00%(upstream:track)%00%(upstream:remotename)%00%(upstream:remoteref) refs/heads/dev refs/remotes/dev [2ms]
2024-07-16 12:32:15.349 [info] > git config --local branch.dev.vscode-merge-base [1ms]
2024-07-16 12:32:15.353 [info] > git for-each-ref --format=%(refname)%00%(upstream:short)%00%(objectname)%00%(upstream:track)%00%(upstream:remotename)%00%(upstream:remoteref) refs/heads/origin/master refs/remotes/origin/master [1ms]
2024-07-16 12:33:57.588 [info] > git config --get commit.template [10ms]
2024-07-16 12:33:57.596 [info] > git for-each-ref --format=%(refname)%00%(upstream:short)%00%(objectname)%00%(upstream:track)%00%(upstream:remotename)%00%(upstream:remoteref) refs/heads/dev refs/remotes/dev [14ms]
2024-07-16 12:33:57.599 [info] > git ls-files --stage -- /home/ndao/DB_Provisionning/mysql_setup/sql_loop.yml [4ms]
2024-07-16 12:33:57.609 [info] > git cat-file -s 3d7d770f629a62629beaa70f7bb910f38234fc6c [6ms]
2024-07-16 12:33:57.610 [info] > git status -z -uall [1ms]
2024-07-16 12:33:57.618 [info] > git for-each-ref --format=%(refname)%00%(upstream:short)%00%(objectname)%00%(upstream:track)%00%(upstream:remotename)%00%(upstream:remoteref) refs/heads/dev refs/remotes/dev [4ms]
2024-07-16 12:33:57.629 [info] > git show --textconv :mysql_setup/sql_loop.yml [1ms]
2024-07-16 12:33:57.630 [info] > git config --local branch.dev.vscode-merge-base [8ms]
2024-07-16 12:33:57.634 [info] > git for-each-ref --format=%(refname)%00%(upstream:short)%00%(objectname)%00%(upstream:track)%00%(upstream:remotename)%00%(upstream:remoteref) refs/heads/origin/master refs/remotes/origin/master [1ms]
2024-07-16 12:33:57.639 [info] > git merge-base refs/heads/dev refs/remotes/origin/dev [2ms]
2024-07-16 12:33:57.644 [info] > git rev-list --count --left-right refs/heads/dev...refs/remotes/origin/dev [1ms]
2024-07-16 12:33:57.648 [info] > git diff --name-status -z --diff-filter=ADMR 7191f2f2517e612011e30e1ad3d14736aec523a0...refs/remotes/origin/dev [1ms]
2024-07-16 12:34:23.608 [info] > git show --textconv :mysql_setup/mysql_setup.yml [5ms]
2024-07-16 12:34:23.609 [info] > git ls-files --stage -- /home/ndao/DB_Provisionning/mysql_setup/mysql_setup.yml [2ms]
2024-07-16 12:34:23.614 [info] > git cat-file -s 582d21e63af40d71c1e60ca53a54d85a9659ef2d [1ms]
2024-07-16 12:34:32.513 [info] > git show --textconv :mysql_setup/sql_backup.yml [6ms]
2024-07-16 12:34:32.514 [info] > git ls-files --stage -- /home/ndao/DB_Provisionning/mysql_setup/sql_backup.yml [4ms]
2024-07-16 12:34:32.518 [info] > git cat-file -s d6b8d4add1bdf53614ab18ee6366bed4c6dbffb7 [1ms]
2024-07-16 12:34:36.065 [info] > git show --textconv :mysql_setup/sql_loop.yml [6ms]
2024-07-16 12:34:36.066 [info] > git ls-files --stage -- /home/ndao/DB_Provisionning/mysql_setup/sql_loop.yml [2ms]
2024-07-16 12:34:36.070 [info] > git cat-file -s 3d7d770f629a62629beaa70f7bb910f38234fc6c [1ms]
2024-07-16 12:34:40.835 [info] > git check-ignore -v -z --stdin [3ms]
2024-07-16 12:34:57.593 [info] > git show --textconv :mysql_setup/sql_setup.yml [6ms]
2024-07-16 12:34:57.595 [info] > git ls-files --stage -- /home/ndao/DB_Provisionning/mysql_setup/sql_setup.yml [2ms]
2024-07-16 12:34:57.603 [info] > git cat-file -s b2669977f5a6f73cad1123a300e2bcbf1175a532 [2ms]
2024-07-16 12:38:05.588 [info] > git show --textconv :mysql_setup/sql_loop.yml [7ms]
2024-07-16 12:38:05.589 [info] > git ls-files --stage -- /home/ndao/DB_Provisionning/mysql_setup/sql_loop.yml [3ms]
2024-07-16 12:38:05.594 [info] > git cat-file -s 3d7d770f629a62629beaa70f7bb910f38234fc6c [1ms]
2024-07-16 13:58:36.079 [info] > git show --textconv :mysql_setup/sql_setup.yml [2ms]
2024-07-16 13:58:36.080 [info] > git ls-files --stage -- /home/ndao/DB_Provisionning/mysql_setup/sql_setup.yml [1ms]
2024-07-16 13:58:36.083 [info] > git cat-file -s b2669977f5a6f73cad1123a300e2bcbf1175a532 [1ms]
2024-07-16 14:12:22.673 [info] > git show --textconv :mysql_setup/sql_loop.yml [4ms]
2024-07-16 14:12:22.675 [info] > git ls-files --stage -- /home/ndao/DB_Provisionning/mysql_setup/sql_loop.yml [3ms]
2024-07-16 14:12:22.679 [info] > git cat-file -s 3d7d770f629a62629beaa70f7bb910f38234fc6c [1ms]
2024-07-16 14:12:36.768 [info] > git show --textconv :mysql_setup/sql_setup.yml [6ms]
2024-07-16 14:12:36.768 [info] > git ls-files --stage -- /home/ndao/DB_Provisionning/mysql_setup/sql_setup.yml [2ms]
2024-07-16 14:12:36.772 [info] > git cat-file -s b2669977f5a6f73cad1123a300e2bcbf1175a532 [0ms]
2024-07-16 14:19:40.703 [info] > git show --textconv :mysql_setup/sql_loop.yml [4ms]
2024-07-16 14:19:40.703 [info] > git ls-files --stage -- /home/ndao/DB_Provisionning/mysql_setup/sql_loop.yml [1ms]
2024-07-16 14:19:40.707 [info] > git cat-file -s 3d7d770f629a62629beaa70f7bb910f38234fc6c [1ms]
2024-07-16 14:20:05.142 [info] > git show --textconv :mysql_setup/sql_setup.yml [4ms]
2024-07-16 14:20:05.143 [info] > git ls-files --stage -- /home/ndao/DB_Provisionning/mysql_setup/sql_setup.yml [2ms]
2024-07-16 14:20:05.147 [info] > git cat-file -s b2669977f5a6f73cad1123a300e2bcbf1175a532 [1ms]
2024-07-16 14:20:59.234 [info] > git show --textconv :mysql_setup/sql_loop.yml [5ms]
2024-07-16 14:20:59.235 [info] > git ls-files --stage -- /home/ndao/DB_Provisionning/mysql_setup/sql_loop.yml [2ms]
2024-07-16 14:20:59.239 [info] > git cat-file -s 3d7d770f629a62629beaa70f7bb910f38234fc6c [1ms]
2024-07-16 14:30:39.113 [info] > git show --textconv :mysql_setup/sql_setup.yml [6ms]
2024-07-16 14:30:39.114 [info] > git ls-files --stage -- /home/ndao/DB_Provisionning/mysql_setup/sql_setup.yml [2ms]
2024-07-16 14:30:39.120 [info] > git cat-file -s b2669977f5a6f73cad1123a300e2bcbf1175a532 [2ms]
2024-07-16 14:31:35.161 [info] > git config --get commit.template [3ms]
2024-07-16 14:31:35.161 [info] > git for-each-ref --format=%(refname)%00%(upstream:short)%00%(objectname)%00%(upstream:track)%00%(upstream:remotename)%00%(upstream:remoteref) refs/heads/dev refs/remotes/dev [1ms]
2024-07-16 14:31:35.167 [info] > git status -z -uall [2ms]
2024-07-16 14:31:35.177 [info] > git for-each-ref --format=%(refname)%00%(upstream:short)%00%(objectname)%00%(upstream:track)%00%(upstream:remotename)%00%(upstream:remoteref) refs/heads/dev refs/remotes/dev [5ms]
2024-07-16 14:31:35.182 [info] > git config --local branch.dev.vscode-merge-base [1ms]
2024-07-16 14:31:35.187 [info] > git for-each-ref --format=%(refname)%00%(upstream:short)%00%(objectname)%00%(upstream:track)%00%(upstream:remotename)%00%(upstream:remoteref) refs/heads/origin/master refs/remotes/origin/master [1ms]
2024-07-16 14:34:56.250 [info] > git config --get commit.template [4ms]
2024-07-16 14:34:56.251 [info] > git for-each-ref --format=%(refname)%00%(upstream:short)%00%(objectname)%00%(upstream:track)%00%(upstream:remotename)%00%(upstream:remoteref) refs/heads/dev refs/remotes/dev [2ms]
2024-07-16 14:34:56.257 [info] > git status -z -uall [1ms]
2024-07-16 14:34:56.264 [info] > git for-each-ref --format=%(refname)%00%(upstream:short)%00%(objectname)%00%(upstream:track)%00%(upstream:remotename)%00%(upstream:remoteref) refs/heads/dev refs/remotes/dev [1ms]
2024-07-16 14:34:56.274 [info] > git config --local branch.dev.vscode-merge-base [1ms]
2024-07-16 14:34:56.280 [info] > git for-each-ref --format=%(refname)%00%(upstream:short)%00%(objectname)%00%(upstream:track)%00%(upstream:remotename)%00%(upstream:remoteref) refs/heads/origin/master refs/remotes/origin/master [2ms]
2024-07-16 14:40:13.863 [info] > git show --textconv :mysql_setup/sql_loop.yml [4ms]
2024-07-16 14:40:13.863 [info] > git ls-files --stage -- /home/ndao/DB_Provisionning/mysql_setup/sql_loop.yml [1ms]
2024-07-16 14:40:13.868 [info] > git cat-file -s 3d7d770f629a62629beaa70f7bb910f38234fc6c [2ms]
2024-07-16 14:40:20.607 [info] > git show --textconv :mysql_setup/sql_setup.yml [4ms]
2024-07-16 14:40:20.608 [info] > git ls-files --stage -- /home/ndao/DB_Provisionning/mysql_setup/sql_setup.yml [2ms]
2024-07-16 14:40:20.612 [info] > git cat-file -s b2669977f5a6f73cad1123a300e2bcbf1175a532 [1ms]
2024-07-16 14:41:07.239 [info] > git config --get commit.template [4ms]
2024-07-16 14:41:07.240 [info] > git for-each-ref --format=%(refname)%00%(upstream:short)%00%(objectname)%00%(upstream:track)%00%(upstream:remotename)%00%(upstream:remoteref) refs/heads/dev refs/remotes/dev [1ms]
2024-07-16 14:41:07.245 [info] > git status -z -uall [1ms]
2024-07-16 14:41:07.249 [info] > git for-each-ref --format=%(refname)%00%(upstream:short)%00%(objectname)%00%(upstream:track)%00%(upstream:remotename)%00%(upstream:remoteref) refs/heads/dev refs/remotes/dev [1ms]
2024-07-16 14:41:07.254 [info] > git config --local branch.dev.vscode-merge-base [1ms]
2024-07-16 14:41:07.259 [info] > git for-each-ref --format=%(refname)%00%(upstream:short)%00%(objectname)%00%(upstream:track)%00%(upstream:remotename)%00%(upstream:remoteref) refs/heads/origin/master refs/remotes/origin/master [1ms]
2024-07-16 14:46:37.593 [info] > git config --get commit.template [4ms]
2024-07-16 14:46:37.593 [info] > git for-each-ref --format=%(refname)%00%(upstream:short)%00%(objectname)%00%(upstream:track)%00%(upstream:remotename)%00%(upstream:remoteref) refs/heads/dev refs/remotes/dev [1ms]
2024-07-16 14:46:37.598 [info] > git status -z -uall [1ms]
2024-07-16 14:46:37.602 [info] > git for-each-ref --format=%(refname)%00%(upstream:short)%00%(objectname)%00%(upstream:track)%00%(upstream:remotename)%00%(upstream:remoteref) refs/heads/dev refs/remotes/dev [1ms]
2024-07-16 14:46:37.607 [info] > git config --local branch.dev.vscode-merge-base [1ms]
2024-07-16 14:46:37.611 [info] > git for-each-ref --format=%(refname)%00%(upstream:short)%00%(objectname)%00%(upstream:track)%00%(upstream:remotename)%00%(upstream:remoteref) refs/heads/origin/master refs/remotes/origin/master [1ms]
2024-07-16 14:46:47.157 [info] > git config --get commit.template [4ms]
2024-07-16 14:46:47.158 [info] > git for-each-ref --format=%(refname)%00%(upstream:short)%00%(objectname)%00%(upstream:track)%00%(upstream:remotename)%00%(upstream:remoteref) refs/heads/dev refs/remotes/dev [1ms]
2024-07-16 14:46:47.163 [info] > git status -z -uall [2ms]
2024-07-16 14:46:47.167 [info] > git for-each-ref --format=%(refname)%00%(upstream:short)%00%(objectname)%00%(upstream:track)%00%(upstream:remotename)%00%(upstream:remoteref) refs/heads/dev refs/remotes/dev [1ms]
2024-07-16 14:46:47.172 [info] > git config --local branch.dev.vscode-merge-base [1ms]
2024-07-16 14:46:47.176 [info] > git for-each-ref --format=%(refname)%00%(upstream:short)%00%(objectname)%00%(upstream:track)%00%(upstream:remotename)%00%(upstream:remoteref) refs/heads/origin/master refs/remotes/origin/master [1ms]
2024-07-16 14:47:49.258 [info] > git config --get commit.template [4ms]
2024-07-16 14:47:49.265 [info] > git for-each-ref --format=%(refname)%00%(upstream:short)%00%(objectname)%00%(upstream:track)%00%(upstream:remotename)%00%(upstream:remoteref) refs/heads/dev refs/remotes/dev [2ms]
2024-07-16 14:47:49.273 [info] > git status -z -uall [3ms]
2024-07-16 14:47:49.279 [info] > git for-each-ref --format=%(refname)%00%(upstream:short)%00%(objectname)%00%(upstream:track)%00%(upstream:remotename)%00%(upstream:remoteref) refs/heads/dev refs/remotes/dev [2ms]
2024-07-16 14:47:49.284 [info] > git config --local branch.dev.vscode-merge-base [2ms]
2024-07-16 14:47:49.289 [info] > git for-each-ref --format=%(refname)%00%(upstream:short)%00%(objectname)%00%(upstream:track)%00%(upstream:remotename)%00%(upstream:remoteref) refs/heads/origin/master refs/remotes/origin/master [2ms]
2024-07-16 14:47:49.295 [info] > git merge-base refs/heads/dev refs/remotes/origin/dev [1ms]
2024-07-16 14:47:49.300 [info] > git rev-list --count --left-right refs/heads/dev...refs/remotes/origin/dev [2ms]
2024-07-16 14:47:49.314 [info] > git diff --name-status -z --diff-filter=ADMR 0d79e5ccf6e076493075026c2642b694df356bd7...refs/remotes/origin/dev [8ms]
2024-07-16 14:47:49.317 [info] > git ls-files --stage -- /home/ndao/DB_Provisionning/mysql_setup/sql_setup.yml [5ms]
2024-07-16 14:47:49.322 [info] > git cat-file -s 3bfc62aa5483b67efeae7a1c03cb56e0a03cd6dc [2ms]
2024-07-16 14:47:49.334 [info] > git show --textconv :mysql_setup/sql_setup.yml [2ms]
2024-07-16 14:48:25.342 [info] > git show --textconv :mysql_setup/sql_loop.yml [6ms]
2024-07-16 14:48:25.343 [info] > git ls-files --stage -- /home/ndao/DB_Provisionning/mysql_setup/sql_loop.yml [3ms]
2024-07-16 14:48:25.347 [info] > git cat-file -s 3d7d770f629a62629beaa70f7bb910f38234fc6c [1ms]
2024-07-16 14:52:38.078 [info] > git config --get commit.template [5ms]
2024-07-16 14:52:38.079 [info] > git for-each-ref --format=%(refname)%00%(upstream:short)%00%(objectname)%00%(upstream:track)%00%(upstream:remotename)%00%(upstream:remoteref) refs/heads/dev refs/remotes/dev [2ms]
2024-07-16 14:52:38.084 [info] > git status -z -uall [1ms]
2024-07-16 14:52:38.089 [info] > git for-each-ref --format=%(refname)%00%(upstream:short)%00%(objectname)%00%(upstream:track)%00%(upstream:remotename)%00%(upstream:remoteref) refs/heads/dev refs/remotes/dev [2ms]
2024-07-16 14:52:38.093 [info] > git config --local branch.dev.vscode-merge-base [0ms]
2024-07-16 14:52:38.098 [info] > git for-each-ref --format=%(refname)%00%(upstream:short)%00%(objectname)%00%(upstream:track)%00%(upstream:remotename)%00%(upstream:remoteref) refs/heads/origin/master refs/remotes/origin/master [2ms]
2024-07-16 14:52:57.656 [info] > git config --get commit.template [16ms]
2024-07-16 14:52:57.657 [info] > git ls-files --stage -- /home/ndao/DB_Provisionning/mysql_setup/sql_loop.yml [2ms]
2024-07-16 14:52:57.661 [info] > git for-each-ref --format=%(refname)%00%(upstream:short)%00%(objectname)%00%(upstream:track)%00%(upstream:remotename)%00%(upstream:remoteref) refs/heads/dev refs/remotes/dev [11ms]
2024-07-16 14:52:57.661 [info] > git cat-file -s b560dd965e4366b5d5ce2e2486e921c158cf6eb6 [1ms]
2024-07-16 14:52:57.667 [info] > git status -z -uall [1ms]
2024-07-16 14:52:57.682 [info] > git for-each-ref --format=%(refname)%00%(upstream:short)%00%(objectname)%00%(upstream:track)%00%(upstream:remotename)%00%(upstream:remoteref) refs/heads/dev refs/remotes/dev [8ms]
2024-07-16 14:52:57.687 [info] > git show --textconv :mysql_setup/sql_loop.yml [6ms]
2024-07-16 14:52:57.689 [info] > git config --local branch.dev.vscode-merge-base [3ms]
2024-07-16 14:52:57.700 [info] > git for-each-ref --format=%(refname)%00%(upstream:short)%00%(objectname)%00%(upstream:track)%00%(upstream:remotename)%00%(upstream:remoteref) refs/heads/origin/master refs/remotes/origin/master [1ms]
2024-07-16 14:52:57.711 [info] > git merge-base refs/heads/dev refs/remotes/origin/dev [2ms]
2024-07-16 14:52:57.729 [info] > git rev-list --count --left-right refs/heads/dev...refs/remotes/origin/dev [4ms]
2024-07-16 14:52:57.745 [info] > git diff --name-status -z --diff-filter=ADMR 3c4231310f3ce23471b69a6d9c59e06cd5eb5a4e...refs/remotes/origin/dev [2ms]
2024-07-16 14:52:59.732 [info] > git show --textconv :mysql_setup/sql_setup.yml [3ms]
2024-07-16 14:52:59.732 [info] > git ls-files --stage -- /home/ndao/DB_Provisionning/mysql_setup/sql_setup.yml [1ms]
2024-07-16 14:52:59.736 [info] > git cat-file -s 3bfc62aa5483b67efeae7a1c03cb56e0a03cd6dc [1ms]
2024-07-16 14:54:44.187 [info] > git config --get commit.template [1ms]
2024-07-16 14:54:44.191 [info] > git for-each-ref --format=%(refname)%00%(upstream:short)%00%(objectname)%00%(upstream:track)%00%(upstream:remotename)%00%(upstream:remoteref) refs/heads/dev refs/remotes/dev [1ms]
2024-07-16 14:54:44.196 [info] > git status -z -uall [2ms]
2024-07-16 14:54:44.202 [info] > git for-each-ref --format=%(refname)%00%(upstream:short)%00%(objectname)%00%(upstream:track)%00%(upstream:remotename)%00%(upstream:remoteref) refs/heads/dev refs/remotes/dev [2ms]
2024-07-16 14:54:44.207 [info] > git config --local branch.dev.vscode-merge-base [2ms]
2024-07-16 14:54:44.215 [info] > git for-each-ref --format=%(refname)%00%(upstream:short)%00%(objectname)%00%(upstream:track)%00%(upstream:remotename)%00%(upstream:remoteref) refs/heads/origin/master refs/remotes/origin/master [2ms]
2024-07-16 14:54:44.520 [info] > git show --textconv :mysql_setup/sql_loop.yml [4ms]
2024-07-16 14:54:44.521 [info] > git ls-files --stage -- /home/ndao/DB_Provisionning/mysql_setup/sql_loop.yml [2ms]
2024-07-16 14:54:44.525 [info] > git cat-file -s b560dd965e4366b5d5ce2e2486e921c158cf6eb6 [1ms]
2024-07-16 14:55:49.641 [info] > git show --textconv :mysql_setup/sql_setup.yml [4ms]
2024-07-16 14:55:49.641 [info] > git ls-files --stage -- /home/ndao/DB_Provisionning/mysql_setup/sql_setup.yml [2ms]
2024-07-16 14:55:49.647 [info] > git cat-file -s 3bfc62aa5483b67efeae7a1c03cb56e0a03cd6dc [2ms]
2024-07-16 14:55:53.726 [info] > git show --textconv :mysql_setup/sql_loop.yml [4ms]
2024-07-16 14:55:53.727 [info] > git ls-files --stage -- /home/ndao/DB_Provisionning/mysql_setup/sql_loop.yml [2ms]
2024-07-16 14:55:53.732 [info] > git cat-file -s b560dd965e4366b5d5ce2e2486e921c158cf6eb6 [1ms]
2024-07-16 14:56:02.256 [info] > git show --textconv :mysql_setup/sql_setup.yml [4ms]
2024-07-16 14:56:02.257 [info] > git ls-files --stage -- /home/ndao/DB_Provisionning/mysql_setup/sql_setup.yml [1ms]
2024-07-16 14:56:02.262 [info] > git cat-file -s 3bfc62aa5483b67efeae7a1c03cb56e0a03cd6dc [1ms]
2024-07-16 14:56:30.443 [info] > git config --get commit.template [5ms]
2024-07-16 14:56:30.443 [info] > git for-each-ref --format=%(refname)%00%(upstream:short)%00%(objectname)%00%(upstream:track)%00%(upstream:remotename)%00%(upstream:remoteref) refs/heads/dev refs/remotes/dev [1ms]
2024-07-16 14:56:30.449 [info] > git status -z -uall [2ms]
2024-07-16 14:56:30.454 [info] > git for-each-ref --format=%(refname)%00%(upstream:short)%00%(objectname)%00%(upstream:track)%00%(upstream:remotename)%00%(upstream:remoteref) refs/heads/dev refs/remotes/dev [1ms]
2024-07-16 14:56:30.460 [info] > git config --local branch.dev.vscode-merge-base [1ms]
2024-07-16 14:56:30.466 [info] > git for-each-ref --format=%(refname)%00%(upstream:short)%00%(objectname)%00%(upstream:track)%00%(upstream:remotename)%00%(upstream:remoteref) refs/heads/origin/master refs/remotes/origin/master [1ms]
2024-07-16 15:00:48.005 [info] > git config --get commit.template [4ms]
2024-07-16 15:00:48.005 [info] > git for-each-ref --format=%(refname)%00%(upstream:short)%00%(objectname)%00%(upstream:track)%00%(upstream:remotename)%00%(upstream:remoteref) refs/heads/dev refs/remotes/dev [1ms]
2024-07-16 15:00:48.011 [info] > git status -z -uall [2ms]
2024-07-16 15:00:48.016 [info] > git for-each-ref --format=%(refname)%00%(upstream:short)%00%(objectname)%00%(upstream:track)%00%(upstream:remotename)%00%(upstream:remoteref) refs/heads/dev refs/remotes/dev [1ms]
2024-07-16 15:00:48.022 [info] > git config --local branch.dev.vscode-merge-base [2ms]
2024-07-16 15:00:48.026 [info] > git for-each-ref --format=%(refname)%00%(upstream:short)%00%(objectname)%00%(upstream:track)%00%(upstream:remotename)%00%(upstream:remoteref) refs/heads/origin/master refs/remotes/origin/master [1ms]
2024-07-16 15:03:13.536 [info] > git config --get commit.template [6ms]
2024-07-16 15:03:13.536 [info] > git for-each-ref --format=%(refname)%00%(upstream:short)%00%(objectname)%00%(upstream:track)%00%(upstream:remotename)%00%(upstream:remoteref) refs/heads/dev refs/remotes/dev [2ms]
2024-07-16 15:03:13.553 [info] > git status -z -uall [7ms]
2024-07-16 15:03:13.562 [info] > git for-each-ref --format=%(refname)%00%(upstream:short)%00%(objectname)%00%(upstream:track)%00%(upstream:remotename)%00%(upstream:remoteref) refs/heads/dev refs/remotes/dev [5ms]
2024-07-16 15:03:13.568 [info] > git ls-files --stage -- /home/ndao/DB_Provisionning/mysql_setup/sql_setup.yml [16ms]
2024-07-16 15:03:13.574 [info] > git config --local branch.dev.vscode-merge-base [6ms]
2024-07-16 15:03:13.578 [info] > git cat-file -s af90748aee0bdb27204157469026bbdfcdaf725f [6ms]
2024-07-16 15:03:13.579 [info] > git for-each-ref --format=%(refname)%00%(upstream:short)%00%(objectname)%00%(upstream:track)%00%(upstream:remotename)%00%(upstream:remoteref) refs/heads/origin/master refs/remotes/origin/master [1ms]
2024-07-16 15:03:13.584 [info] > git merge-base refs/heads/dev refs/remotes/origin/dev [1ms]
2024-07-16 15:03:13.595 [info] > git show --textconv :mysql_setup/sql_setup.yml [2ms]
2024-07-16 15:03:13.596 [info] > git rev-list --count --left-right refs/heads/dev...refs/remotes/origin/dev [8ms]
2024-07-16 15:03:13.601 [info] > git diff --name-status -z --diff-filter=ADMR 4ceaa3f9098e87e73698666ac291dabf09a0ffeb...refs/remotes/origin/dev [2ms]
2024-07-16 15:03:18.569 [info] > git config --get commit.template [3ms]
2024-07-16 15:03:18.571 [info] > git for-each-ref --format=%(refname)%00%(upstream:short)%00%(objectname)%00%(upstream:track)%00%(upstream:remotename)%00%(upstream:remoteref) refs/heads/dev refs/remotes/dev [2ms]
2024-07-16 15:03:18.575 [info] > git status -z -uall [1ms]
2024-07-16 15:03:18.579 [info] > git for-each-ref --format=%(refname)%00%(upstream:short)%00%(objectname)%00%(upstream:track)%00%(upstream:remotename)%00%(upstream:remoteref) refs/heads/dev refs/remotes/dev [1ms]
2024-07-16 15:03:18.583 [info] > git config --local branch.dev.vscode-merge-base [1ms]
2024-07-16 15:03:18.587 [info] > git for-each-ref --format=%(refname)%00%(upstream:short)%00%(objectname)%00%(upstream:track)%00%(upstream:remotename)%00%(upstream:remoteref) refs/heads/origin/master refs/remotes/origin/master [1ms]
2024-07-16 15:05:19.341 [info] > git config --get commit.template [4ms]
2024-07-16 15:05:19.342 [info] > git for-each-ref --format=%(refname)%00%(upstream:short)%00%(objectname)%00%(upstream:track)%00%(upstream:remotename)%00%(upstream:remoteref) refs/heads/dev refs/remotes/dev [1ms]
2024-07-16 15:05:19.348 [info] > git status -z -uall [3ms]
2024-07-16 15:05:19.354 [info] > git for-each-ref --format=%(refname)%00%(upstream:short)%00%(objectname)%00%(upstream:track)%00%(upstream:remotename)%00%(upstream:remoteref) refs/heads/dev refs/remotes/dev [2ms]
2024-07-16 15:05:19.358 [info] > git config --local branch.dev.vscode-merge-base [1ms]
2024-07-16 15:05:19.363 [info] > git for-each-ref --format=%(refname)%00%(upstream:short)%00%(objectname)%00%(upstream:track)%00%(upstream:remotename)%00%(upstream:remoteref) refs/heads/origin/master refs/remotes/origin/master [1ms]
2024-07-16 15:06:46.935 [info] > git config --get commit.template [2ms]
2024-07-16 15:06:46.940 [info] > git for-each-ref --format=%(refname)%00%(upstream:short)%00%(objectname)%00%(upstream:track)%00%(upstream:remotename)%00%(upstream:remoteref) refs/heads/dev refs/remotes/dev [1ms]
2024-07-16 15:06:46.945 [info] > git status -z -uall [1ms]
2024-07-16 15:06:46.950 [info] > git for-each-ref --format=%(refname)%00%(upstream:short)%00%(objectname)%00%(upstream:track)%00%(upstream:remotename)%00%(upstream:remoteref) refs/heads/dev refs/remotes/dev [1ms]
2024-07-16 15:06:46.955 [info] > git config --local branch.dev.vscode-merge-base [1ms]
2024-07-16 15:06:46.960 [info] > git for-each-ref --format=%(refname)%00%(upstream:short)%00%(objectname)%00%(upstream:track)%00%(upstream:remotename)%00%(upstream:remoteref) refs/heads/origin/master refs/remotes/origin/master [1ms]
