2024-06-18 07:39:03.843 [info] Log level: Info
2024-06-18 07:39:03.843 [info] Validating found git in: "git"
2024-06-18 07:39:03.843 [info] Using git "2.25.1" from "git"
2024-06-18 07:39:03.843 [info] > git rev-parse --show-toplevel [59ms]
2024-06-18 07:39:03.843 [info] > git rev-parse --git-dir --git-common-dir [97ms]
2024-06-18 07:39:03.843 [info] Open repository: /home/ndao
2024-06-18 07:39:04.094 [info] > git rev-parse --show-toplevel [224ms]
2024-06-18 07:39:04.095 [info] > git config --get commit.template [230ms]
2024-06-18 07:39:04.310 [info] > git rev-parse --show-toplevel [207ms]
2024-06-18 07:39:04.370 [info] > git for-each-ref --format=%(refname)%00%(upstream:short)%00%(objectname)%00%(upstream:track)%00%(upstream:remotename)%00%(upstream:remoteref) refs/heads/main refs/remotes/main [195ms]
2024-06-18 07:39:04.391 [info] > git rev-parse --show-toplevel [26ms]
2024-06-18 07:39:04.402 [info] > git rev-parse --show-toplevel [4ms]
2024-06-18 07:39:04.424 [info] > git rev-parse --show-toplevel [1ms]
2024-06-18 07:39:04.510 [info] > git rev-parse --show-toplevel [79ms]
2024-06-18 07:39:05.552 [info] > git status -z -uall [1143ms]
2024-06-18 07:39:05.553 [info] > git rev-parse --show-toplevel [1005ms]
2024-06-18 07:39:05.812 [info] > git check-ignore -v -z --stdin [241ms]
2024-06-18 07:39:05.815 [info] > git merge-base refs/heads/main refs/remotes/origin/main [124ms]
2024-06-18 07:39:05.819 [info] > git rev-parse --show-toplevel [227ms]
2024-06-18 07:39:05.867 [info] > git rev-list --count --left-right refs/heads/main...refs/remotes/origin/main [48ms]
2024-06-18 07:39:05.872 [info] > git config --get commit.template [67ms]
2024-06-18 07:39:05.874 [info] > git rev-parse --show-toplevel [12ms]
2024-06-18 07:39:05.896 [info] > git diff --name-status -z --diff-filter=ADMR 138344cc2aaa3965cb3ac93173abba4d574e95a6...refs/remotes/origin/main [25ms]
2024-06-18 07:39:05.909 [info] > git for-each-ref --format=%(refname)%00%(upstream:short)%00%(objectname)%00%(upstream:track)%00%(upstream:remotename)%00%(upstream:remoteref) refs/heads/main refs/remotes/main [19ms]
2024-06-18 07:39:05.993 [info] > git rev-parse --show-toplevel [98ms]
2024-06-18 07:39:06.001 [info] > git rev-parse --show-toplevel [2ms]
2024-06-18 07:39:06.072 [info] > git show --textconv :mysql_setup/templates/shell_script.sh [61ms]
2024-06-18 07:39:06.072 [info] > git ls-files --stage -- /home/ndao/mysql_setup/templates/shell_script.sh [56ms]
2024-06-18 07:39:06.090 [info] > git cat-file -s 50d810b2a2dbb4c4faa80840c45b374c6bb64f1c [12ms]
2024-06-18 07:39:06.182 [info] > git status -z -uall [115ms]
2024-06-18 07:39:08.665 [info] > git config --get commit.template [6ms]
2024-06-18 07:39:08.665 [info] > git for-each-ref --format=%(refname)%00%(upstream:short)%00%(objectname)%00%(upstream:track)%00%(upstream:remotename)%00%(upstream:remoteref) refs/heads/main refs/remotes/main [1ms]
2024-06-18 07:39:08.757 [info] > git status -z -uall [88ms]
2024-06-18 07:39:23.726 [info] > git config --get commit.template [10ms]
2024-06-18 07:39:23.728 [info] > git for-each-ref --format=%(refname)%00%(upstream:short)%00%(objectname)%00%(upstream:track)%00%(upstream:remotename)%00%(upstream:remoteref) refs/heads/main refs/remotes/main [4ms]
2024-06-18 07:39:23.897 [info] > git status -z -uall [163ms]
2024-06-18 07:39:33.731 [info] > git config --get commit.template [6ms]
2024-06-18 07:39:33.732 [info] > git for-each-ref --format=%(refname)%00%(upstream:short)%00%(objectname)%00%(upstream:track)%00%(upstream:remotename)%00%(upstream:remoteref) refs/heads/main refs/remotes/main [2ms]
2024-06-18 07:39:33.865 [info] > git status -z -uall [127ms]
2024-06-18 07:39:39.006 [info] > git config --get commit.template [8ms]
2024-06-18 07:39:39.008 [info] > git for-each-ref --format=%(refname)%00%(upstream:short)%00%(objectname)%00%(upstream:track)%00%(upstream:remotename)%00%(upstream:remoteref) refs/heads/main refs/remotes/main [3ms]
2024-06-18 07:39:39.310 [info] > git status -z -uall [295ms]
2024-06-18 07:39:44.387 [info] > git config --get commit.template [6ms]
2024-06-18 07:39:44.389 [info] > git for-each-ref --format=%(refname)%00%(upstream:short)%00%(objectname)%00%(upstream:track)%00%(upstream:remotename)%00%(upstream:remoteref) refs/heads/main refs/remotes/main [3ms]
2024-06-18 07:39:44.544 [info] > git status -z -uall [149ms]
2024-06-18 07:39:49.705 [info] > git config --get commit.template [17ms]
2024-06-18 07:39:49.708 [info] > git for-each-ref --format=%(refname)%00%(upstream:short)%00%(objectname)%00%(upstream:track)%00%(upstream:remotename)%00%(upstream:remoteref) refs/heads/main refs/remotes/main [4ms]
2024-06-18 07:39:49.878 [info] > git status -z -uall [158ms]
2024-06-18 07:39:50.921 [info] > git show --textconv :mysql_setup/sql_setup.yml [10ms]
2024-06-18 07:39:50.922 [info] > git ls-files --stage -- /home/ndao/mysql_setup/sql_setup.yml [6ms]
2024-06-18 07:39:50.929 [info] > git cat-file -s af2092ba296a0636dae785dda21f2bf6a4b5a6ff [2ms]
2024-06-18 07:39:54.973 [info] > git config --get commit.template [7ms]
2024-06-18 07:39:54.974 [info] > git for-each-ref --format=%(refname)%00%(upstream:short)%00%(objectname)%00%(upstream:track)%00%(upstream:remotename)%00%(upstream:remoteref) refs/heads/main refs/remotes/main [2ms]
2024-06-18 07:39:55.126 [info] > git status -z -uall [145ms]
2024-06-18 07:57:59.545 [info] > git config --get commit.template [4ms]
2024-06-18 07:57:59.554 [info] > git for-each-ref --format=%(refname)%00%(upstream:short)%00%(objectname)%00%(upstream:track)%00%(upstream:remotename)%00%(upstream:remoteref) refs/heads/main refs/remotes/main [3ms]
2024-06-18 07:57:59.657 [info] > git status -z -uall [98ms]
2024-06-18 07:58:04.748 [info] > git config --get commit.template [8ms]
2024-06-18 07:58:04.749 [info] > git for-each-ref --format=%(refname)%00%(upstream:short)%00%(objectname)%00%(upstream:track)%00%(upstream:remotename)%00%(upstream:remoteref) refs/heads/main refs/remotes/main [3ms]
2024-06-18 07:58:04.854 [info] > git status -z -uall [98ms]
2024-06-18 07:58:09.942 [info] > git config --get commit.template [5ms]
2024-06-18 07:58:09.943 [info] > git for-each-ref --format=%(refname)%00%(upstream:short)%00%(objectname)%00%(upstream:track)%00%(upstream:remotename)%00%(upstream:remoteref) refs/heads/main refs/remotes/main [1ms]
2024-06-18 07:58:10.026 [info] > git status -z -uall [79ms]
2024-06-18 07:58:15.095 [info] > git config --get commit.template [8ms]
2024-06-18 07:58:15.096 [info] > git for-each-ref --format=%(refname)%00%(upstream:short)%00%(objectname)%00%(upstream:track)%00%(upstream:remotename)%00%(upstream:remoteref) refs/heads/main refs/remotes/main [3ms]
2024-06-18 07:58:15.241 [info] > git status -z -uall [138ms]
2024-06-18 07:58:20.340 [info] > git config --get commit.template [10ms]
2024-06-18 07:58:20.341 [info] > git for-each-ref --format=%(refname)%00%(upstream:short)%00%(objectname)%00%(upstream:track)%00%(upstream:remotename)%00%(upstream:remoteref) refs/heads/main refs/remotes/main [3ms]
2024-06-18 07:58:20.501 [info] > git status -z -uall [151ms]
2024-06-18 07:58:25.567 [info] > git config --get commit.template [7ms]
2024-06-18 07:58:25.568 [info] > git for-each-ref --format=%(refname)%00%(upstream:short)%00%(objectname)%00%(upstream:track)%00%(upstream:remotename)%00%(upstream:remoteref) refs/heads/main refs/remotes/main [3ms]
2024-06-18 07:58:25.719 [info] > git status -z -uall [144ms]
2024-06-18 07:58:30.811 [info] > git for-each-ref --format=%(refname)%00%(upstream:short)%00%(objectname)%00%(upstream:track)%00%(upstream:remotename)%00%(upstream:remoteref) refs/heads/main refs/remotes/main [3ms]
2024-06-18 07:58:30.812 [info] > git config --get commit.template [8ms]
2024-06-18 07:58:30.927 [info] > git status -z -uall [111ms]
2024-06-18 07:58:36.003 [info] > git config --get commit.template [8ms]
2024-06-18 07:58:36.005 [info] > git for-each-ref --format=%(refname)%00%(upstream:short)%00%(objectname)%00%(upstream:track)%00%(upstream:remotename)%00%(upstream:remoteref) refs/heads/main refs/remotes/main [2ms]
2024-06-18 07:58:36.177 [info] > git status -z -uall [166ms]
2024-06-18 07:58:41.262 [info] > git config --get commit.template [7ms]
2024-06-18 07:58:41.263 [info] > git for-each-ref --format=%(refname)%00%(upstream:short)%00%(objectname)%00%(upstream:track)%00%(upstream:remotename)%00%(upstream:remoteref) refs/heads/main refs/remotes/main [3ms]
2024-06-18 07:58:41.403 [info] > git status -z -uall [133ms]
2024-06-18 07:58:46.515 [info] > git config --get commit.template [8ms]
2024-06-18 07:58:46.516 [info] > git for-each-ref --format=%(refname)%00%(upstream:short)%00%(objectname)%00%(upstream:track)%00%(upstream:remotename)%00%(upstream:remoteref) refs/heads/main refs/remotes/main [2ms]
2024-06-18 07:58:46.653 [info] > git status -z -uall [129ms]
2024-06-18 07:58:51.715 [info] > git config --get commit.template [5ms]
2024-06-18 07:58:51.716 [info] > git for-each-ref --format=%(refname)%00%(upstream:short)%00%(objectname)%00%(upstream:track)%00%(upstream:remotename)%00%(upstream:remoteref) refs/heads/main refs/remotes/main [2ms]
2024-06-18 07:58:51.855 [info] > git status -z -uall [135ms]
2024-06-18 07:58:56.925 [info] > git config --get commit.template [7ms]
2024-06-18 07:58:56.926 [info] > git for-each-ref --format=%(refname)%00%(upstream:short)%00%(objectname)%00%(upstream:track)%00%(upstream:remotename)%00%(upstream:remoteref) refs/heads/main refs/remotes/main [2ms]
2024-06-18 07:58:57.047 [info] > git status -z -uall [114ms]
2024-06-18 07:59:02.130 [info] > git config --get commit.template [12ms]
2024-06-18 07:59:02.132 [info] > git for-each-ref --format=%(refname)%00%(upstream:short)%00%(objectname)%00%(upstream:track)%00%(upstream:remotename)%00%(upstream:remoteref) refs/heads/main refs/remotes/main [4ms]
2024-06-18 07:59:02.270 [info] > git status -z -uall [128ms]
2024-06-18 07:59:07.334 [info] > git config --get commit.template [8ms]
2024-06-18 07:59:07.335 [info] > git for-each-ref --format=%(refname)%00%(upstream:short)%00%(objectname)%00%(upstream:track)%00%(upstream:remotename)%00%(upstream:remoteref) refs/heads/main refs/remotes/main [2ms]
2024-06-18 07:59:07.486 [info] > git status -z -uall [145ms]
2024-06-18 07:59:12.626 [info] > git config --get commit.template [10ms]
2024-06-18 07:59:12.629 [info] > git for-each-ref --format=%(refname)%00%(upstream:short)%00%(objectname)%00%(upstream:track)%00%(upstream:remotename)%00%(upstream:remoteref) refs/heads/main refs/remotes/main [4ms]
2024-06-18 07:59:12.749 [info] > git status -z -uall [111ms]
2024-06-18 07:59:17.816 [info] > git config --get commit.template [7ms]
2024-06-18 07:59:17.817 [info] > git for-each-ref --format=%(refname)%00%(upstream:short)%00%(objectname)%00%(upstream:track)%00%(upstream:remotename)%00%(upstream:remoteref) refs/heads/main refs/remotes/main [3ms]
2024-06-18 07:59:17.932 [info] > git status -z -uall [109ms]
2024-06-18 07:59:22.993 [info] > git config --get commit.template [5ms]
2024-06-18 07:59:22.994 [info] > git for-each-ref --format=%(refname)%00%(upstream:short)%00%(objectname)%00%(upstream:track)%00%(upstream:remotename)%00%(upstream:remoteref) refs/heads/main refs/remotes/main [2ms]
2024-06-18 07:59:23.078 [info] > git status -z -uall [80ms]
2024-06-18 07:59:28.145 [info] > git config --get commit.template [10ms]
2024-06-18 07:59:28.146 [info] > git for-each-ref --format=%(refname)%00%(upstream:short)%00%(objectname)%00%(upstream:track)%00%(upstream:remotename)%00%(upstream:remoteref) refs/heads/main refs/remotes/main [3ms]
2024-06-18 07:59:28.291 [info] > git status -z -uall [135ms]
2024-06-18 07:59:33.360 [info] > git config --get commit.template [6ms]
2024-06-18 07:59:33.362 [info] > git for-each-ref --format=%(refname)%00%(upstream:short)%00%(objectname)%00%(upstream:track)%00%(upstream:remotename)%00%(upstream:remoteref) refs/heads/main refs/remotes/main [2ms]
2024-06-18 07:59:33.526 [info] > git status -z -uall [157ms]
2024-06-18 07:59:38.645 [info] > git config --get commit.template [8ms]
2024-06-18 07:59:38.647 [info] > git for-each-ref --format=%(refname)%00%(upstream:short)%00%(objectname)%00%(upstream:track)%00%(upstream:remotename)%00%(upstream:remoteref) refs/heads/main refs/remotes/main [3ms]
2024-06-18 07:59:38.774 [info] > git status -z -uall [118ms]
2024-06-18 07:59:43.913 [info] > git config --get commit.template [4ms]
2024-06-18 07:59:43.923 [info] > git for-each-ref --format=%(refname)%00%(upstream:short)%00%(objectname)%00%(upstream:track)%00%(upstream:remotename)%00%(upstream:remoteref) refs/heads/main refs/remotes/main [3ms]
2024-06-18 07:59:44.066 [info] > git status -z -uall [136ms]
2024-06-18 07:59:49.160 [info] > git config --get commit.template [6ms]
2024-06-18 07:59:49.161 [info] > git for-each-ref --format=%(refname)%00%(upstream:short)%00%(objectname)%00%(upstream:track)%00%(upstream:remotename)%00%(upstream:remoteref) refs/heads/main refs/remotes/main [2ms]
2024-06-18 07:59:49.289 [info] > git status -z -uall [122ms]
2024-06-18 07:59:54.362 [info] > git config --get commit.template [5ms]
2024-06-18 07:59:54.362 [info] > git for-each-ref --format=%(refname)%00%(upstream:short)%00%(objectname)%00%(upstream:track)%00%(upstream:remotename)%00%(upstream:remoteref) refs/heads/main refs/remotes/main [1ms]
2024-06-18 07:59:54.474 [info] > git status -z -uall [107ms]
2024-06-18 07:59:59.545 [info] > git config --get commit.template [7ms]
2024-06-18 07:59:59.547 [info] > git for-each-ref --format=%(refname)%00%(upstream:short)%00%(objectname)%00%(upstream:track)%00%(upstream:remotename)%00%(upstream:remoteref) refs/heads/main refs/remotes/main [2ms]
2024-06-18 07:59:59.670 [info] > git status -z -uall [117ms]
2024-06-18 08:00:04.743 [info] > git config --get commit.template [5ms]
2024-06-18 08:00:04.744 [info] > git for-each-ref --format=%(refname)%00%(upstream:short)%00%(objectname)%00%(upstream:track)%00%(upstream:remotename)%00%(upstream:remoteref) refs/heads/main refs/remotes/main [2ms]
2024-06-18 08:00:04.829 [info] > git status -z -uall [81ms]
2024-06-18 08:00:09.909 [info] > git config --get commit.template [10ms]
2024-06-18 08:00:09.912 [info] > git for-each-ref --format=%(refname)%00%(upstream:short)%00%(objectname)%00%(upstream:track)%00%(upstream:remotename)%00%(upstream:remoteref) refs/heads/main refs/remotes/main [4ms]
2024-06-18 08:00:10.068 [info] > git status -z -uall [147ms]
2024-06-18 08:00:15.158 [info] > git config --get commit.template [3ms]
2024-06-18 08:00:15.165 [info] > git for-each-ref --format=%(refname)%00%(upstream:short)%00%(objectname)%00%(upstream:track)%00%(upstream:remotename)%00%(upstream:remoteref) refs/heads/main refs/remotes/main [2ms]
2024-06-18 08:00:15.288 [info] > git status -z -uall [117ms]
2024-06-18 08:00:20.370 [info] > git config --get commit.template [8ms]
2024-06-18 08:00:20.372 [info] > git for-each-ref --format=%(refname)%00%(upstream:short)%00%(objectname)%00%(upstream:track)%00%(upstream:remotename)%00%(upstream:remoteref) refs/heads/main refs/remotes/main [3ms]
2024-06-18 08:00:20.476 [info] > git status -z -uall [97ms]
2024-06-18 08:00:25.545 [info] > git config --get commit.template [8ms]
2024-06-18 08:00:25.547 [info] > git for-each-ref --format=%(refname)%00%(upstream:short)%00%(objectname)%00%(upstream:track)%00%(upstream:remotename)%00%(upstream:remoteref) refs/heads/main refs/remotes/main [3ms]
2024-06-18 08:00:25.741 [info] > git status -z -uall [186ms]
2024-06-18 08:00:30.820 [info] > git config --get commit.template [6ms]
2024-06-18 08:00:30.821 [info] > git for-each-ref --format=%(refname)%00%(upstream:short)%00%(objectname)%00%(upstream:track)%00%(upstream:remotename)%00%(upstream:remoteref) refs/heads/main refs/remotes/main [2ms]
2024-06-18 08:00:30.936 [info] > git status -z -uall [110ms]
2024-06-18 08:00:36.040 [info] > git config --get commit.template [6ms]
2024-06-18 08:00:36.041 [info] > git for-each-ref --format=%(refname)%00%(upstream:short)%00%(objectname)%00%(upstream:track)%00%(upstream:remotename)%00%(upstream:remoteref) refs/heads/main refs/remotes/main [2ms]
2024-06-18 08:00:36.193 [info] > git status -z -uall [147ms]
2024-06-18 08:00:41.263 [info] > git config --get commit.template [7ms]
2024-06-18 08:00:41.265 [info] > git for-each-ref --format=%(refname)%00%(upstream:short)%00%(objectname)%00%(upstream:track)%00%(upstream:remotename)%00%(upstream:remoteref) refs/heads/main refs/remotes/main [3ms]
2024-06-18 08:00:41.424 [info] > git status -z -uall [151ms]
2024-06-18 08:00:46.503 [info] > git config --get commit.template [5ms]
2024-06-18 08:00:46.504 [info] > git for-each-ref --format=%(refname)%00%(upstream:short)%00%(objectname)%00%(upstream:track)%00%(upstream:remotename)%00%(upstream:remoteref) refs/heads/main refs/remotes/main [1ms]
2024-06-18 08:00:46.609 [info] > git status -z -uall [101ms]
2024-06-18 08:00:51.680 [info] > git config --get commit.template [7ms]
2024-06-18 08:00:51.681 [info] > git for-each-ref --format=%(refname)%00%(upstream:short)%00%(objectname)%00%(upstream:track)%00%(upstream:remotename)%00%(upstream:remoteref) refs/heads/main refs/remotes/main [3ms]
2024-06-18 08:00:51.790 [info] > git status -z -uall [102ms]
2024-06-18 08:00:56.863 [info] > git config --get commit.template [11ms]
2024-06-18 08:00:56.865 [info] > git for-each-ref --format=%(refname)%00%(upstream:short)%00%(objectname)%00%(upstream:track)%00%(upstream:remotename)%00%(upstream:remoteref) refs/heads/main refs/remotes/main [3ms]
2024-06-18 08:00:57.010 [info] > git status -z -uall [136ms]
2024-06-18 08:01:02.076 [info] > git config --get commit.template [7ms]
2024-06-18 08:01:02.078 [info] > git for-each-ref --format=%(refname)%00%(upstream:short)%00%(objectname)%00%(upstream:track)%00%(upstream:remotename)%00%(upstream:remoteref) refs/heads/main refs/remotes/main [3ms]
2024-06-18 08:01:02.212 [info] > git status -z -uall [128ms]
2024-06-18 08:01:07.296 [info] > git config --get commit.template [7ms]
2024-06-18 08:01:07.297 [info] > git for-each-ref --format=%(refname)%00%(upstream:short)%00%(objectname)%00%(upstream:track)%00%(upstream:remotename)%00%(upstream:remoteref) refs/heads/main refs/remotes/main [2ms]
2024-06-18 08:01:07.401 [info] > git status -z -uall [96ms]
2024-06-18 08:01:12.493 [info] > git config --get commit.template [6ms]
2024-06-18 08:01:12.494 [info] > git for-each-ref --format=%(refname)%00%(upstream:short)%00%(objectname)%00%(upstream:track)%00%(upstream:remotename)%00%(upstream:remoteref) refs/heads/main refs/remotes/main [2ms]
2024-06-18 08:01:12.602 [info] > git status -z -uall [103ms]
2024-06-18 08:01:17.697 [info] > git config --get commit.template [6ms]
2024-06-18 08:01:17.698 [info] > git for-each-ref --format=%(refname)%00%(upstream:short)%00%(objectname)%00%(upstream:track)%00%(upstream:remotename)%00%(upstream:remoteref) refs/heads/main refs/remotes/main [1ms]
2024-06-18 08:01:17.795 [info] > git status -z -uall [93ms]
2024-06-18 08:01:22.858 [info] > git config --get commit.template [5ms]
2024-06-18 08:01:22.859 [info] > git for-each-ref --format=%(refname)%00%(upstream:short)%00%(objectname)%00%(upstream:track)%00%(upstream:remotename)%00%(upstream:remoteref) refs/heads/main refs/remotes/main [1ms]
2024-06-18 08:01:22.945 [info] > git status -z -uall [82ms]
2024-06-18 08:01:28.005 [info] > git config --get commit.template [6ms]
2024-06-18 08:01:28.006 [info] > git for-each-ref --format=%(refname)%00%(upstream:short)%00%(objectname)%00%(upstream:track)%00%(upstream:remotename)%00%(upstream:remoteref) refs/heads/main refs/remotes/main [2ms]
2024-06-18 08:01:28.121 [info] > git status -z -uall [111ms]
2024-06-18 08:01:33.194 [info] > git config --get commit.template [7ms]
2024-06-18 08:01:33.195 [info] > git for-each-ref --format=%(refname)%00%(upstream:short)%00%(objectname)%00%(upstream:track)%00%(upstream:remotename)%00%(upstream:remoteref) refs/heads/main refs/remotes/main [2ms]
2024-06-18 08:01:33.306 [info] > git status -z -uall [104ms]
2024-06-18 08:01:38.379 [info] > git config --get commit.template [9ms]
2024-06-18 08:01:38.381 [info] > git for-each-ref --format=%(refname)%00%(upstream:short)%00%(objectname)%00%(upstream:track)%00%(upstream:remotename)%00%(upstream:remoteref) refs/heads/main refs/remotes/main [3ms]
2024-06-18 08:01:38.541 [info] > git status -z -uall [149ms]
2024-06-18 08:01:43.613 [info] > git config --get commit.template [13ms]
2024-06-18 08:01:43.615 [info] > git for-each-ref --format=%(refname)%00%(upstream:short)%00%(objectname)%00%(upstream:track)%00%(upstream:remotename)%00%(upstream:remoteref) refs/heads/main refs/remotes/main [3ms]
2024-06-18 08:01:43.802 [info] > git status -z -uall [171ms]
2024-06-18 08:01:48.890 [info] > git config --get commit.template [7ms]
2024-06-18 08:01:48.891 [info] > git for-each-ref --format=%(refname)%00%(upstream:short)%00%(objectname)%00%(upstream:track)%00%(upstream:remotename)%00%(upstream:remoteref) refs/heads/main refs/remotes/main [2ms]
2024-06-18 08:01:49.032 [info] > git status -z -uall [135ms]
2024-06-18 08:01:54.132 [info] > git config --get commit.template [12ms]
2024-06-18 08:01:54.141 [info] > git for-each-ref --format=%(refname)%00%(upstream:short)%00%(objectname)%00%(upstream:track)%00%(upstream:remotename)%00%(upstream:remoteref) refs/heads/main refs/remotes/main [10ms]
2024-06-18 08:01:54.386 [info] > git status -z -uall [235ms]
2024-06-18 08:01:59.506 [info] > git config --get commit.template [7ms]
2024-06-18 08:01:59.508 [info] > git for-each-ref --format=%(refname)%00%(upstream:short)%00%(objectname)%00%(upstream:track)%00%(upstream:remotename)%00%(upstream:remoteref) refs/heads/main refs/remotes/main [3ms]
2024-06-18 08:01:59.637 [info] > git status -z -uall [122ms]
2024-06-18 08:02:04.702 [info] > git config --get commit.template [5ms]
2024-06-18 08:02:04.703 [info] > git for-each-ref --format=%(refname)%00%(upstream:short)%00%(objectname)%00%(upstream:track)%00%(upstream:remotename)%00%(upstream:remoteref) refs/heads/main refs/remotes/main [1ms]
2024-06-18 08:02:04.792 [info] > git status -z -uall [85ms]
2024-06-18 08:02:09.856 [info] > git config --get commit.template [4ms]
2024-06-18 08:02:09.856 [info] > git for-each-ref --format=%(refname)%00%(upstream:short)%00%(objectname)%00%(upstream:track)%00%(upstream:remotename)%00%(upstream:remoteref) refs/heads/main refs/remotes/main [1ms]
2024-06-18 08:02:09.992 [info] > git status -z -uall [132ms]
2024-06-18 08:02:15.066 [info] > git config --get commit.template [6ms]
2024-06-18 08:02:15.067 [info] > git for-each-ref --format=%(refname)%00%(upstream:short)%00%(objectname)%00%(upstream:track)%00%(upstream:remotename)%00%(upstream:remoteref) refs/heads/main refs/remotes/main [2ms]
2024-06-18 08:02:15.190 [info] > git status -z -uall [116ms]
2024-06-18 08:02:20.276 [info] > git config --get commit.template [12ms]
2024-06-18 08:02:20.278 [info] > git for-each-ref --format=%(refname)%00%(upstream:short)%00%(objectname)%00%(upstream:track)%00%(upstream:remotename)%00%(upstream:remoteref) refs/heads/main refs/remotes/main [4ms]
2024-06-18 08:02:20.486 [info] > git status -z -uall [197ms]
2024-06-18 08:02:25.577 [info] > git config --get commit.template [5ms]
2024-06-18 08:02:25.578 [info] > git for-each-ref --format=%(refname)%00%(upstream:short)%00%(objectname)%00%(upstream:track)%00%(upstream:remotename)%00%(upstream:remoteref) refs/heads/main refs/remotes/main [2ms]
2024-06-18 08:02:25.673 [info] > git status -z -uall [90ms]
2024-06-18 08:02:30.744 [info] > git config --get commit.template [9ms]
2024-06-18 08:02:30.746 [info] > git for-each-ref --format=%(refname)%00%(upstream:short)%00%(objectname)%00%(upstream:track)%00%(upstream:remotename)%00%(upstream:remoteref) refs/heads/main refs/remotes/main [3ms]
2024-06-18 08:02:30.835 [info] > git status -z -uall [82ms]
2024-06-18 08:02:36.602 [info] > git config --get commit.template [8ms]
2024-06-18 08:02:36.603 [info] > git for-each-ref --format=%(refname)%00%(upstream:short)%00%(objectname)%00%(upstream:track)%00%(upstream:remotename)%00%(upstream:remoteref) refs/heads/main refs/remotes/main [3ms]
2024-06-18 08:02:36.768 [info] > git status -z -uall [157ms]
2024-06-18 08:02:41.829 [info] > git config --get commit.template [5ms]
2024-06-18 08:02:41.829 [info] > git for-each-ref --format=%(refname)%00%(upstream:short)%00%(objectname)%00%(upstream:track)%00%(upstream:remotename)%00%(upstream:remoteref) refs/heads/main refs/remotes/main [1ms]
2024-06-18 08:02:41.918 [info] > git status -z -uall [83ms]
2024-06-18 08:02:47.003 [info] > git config --get commit.template [7ms]
2024-06-18 08:02:47.005 [info] > git for-each-ref --format=%(refname)%00%(upstream:short)%00%(objectname)%00%(upstream:track)%00%(upstream:remotename)%00%(upstream:remoteref) refs/heads/main refs/remotes/main [2ms]
2024-06-18 08:02:47.139 [info] > git status -z -uall [127ms]
2024-06-18 08:02:52.211 [info] > git config --get commit.template [5ms]
2024-06-18 08:02:52.211 [info] > git for-each-ref --format=%(refname)%00%(upstream:short)%00%(objectname)%00%(upstream:track)%00%(upstream:remotename)%00%(upstream:remoteref) refs/heads/main refs/remotes/main [1ms]
2024-06-18 08:02:52.292 [info] > git status -z -uall [76ms]
2024-06-18 08:02:57.358 [info] > git config --get commit.template [7ms]
2024-06-18 08:02:57.360 [info] > git for-each-ref --format=%(refname)%00%(upstream:short)%00%(objectname)%00%(upstream:track)%00%(upstream:remotename)%00%(upstream:remoteref) refs/heads/main refs/remotes/main [1ms]
2024-06-18 08:02:57.496 [info] > git status -z -uall [130ms]
2024-06-18 08:03:02.589 [info] > git config --get commit.template [7ms]
2024-06-18 08:03:02.590 [info] > git for-each-ref --format=%(refname)%00%(upstream:short)%00%(objectname)%00%(upstream:track)%00%(upstream:remotename)%00%(upstream:remoteref) refs/heads/main refs/remotes/main [2ms]
2024-06-18 08:03:02.728 [info] > git status -z -uall [132ms]
2024-06-18 08:03:07.835 [info] > git config --get commit.template [11ms]
2024-06-18 08:03:07.838 [info] > git for-each-ref --format=%(refname)%00%(upstream:short)%00%(objectname)%00%(upstream:track)%00%(upstream:remotename)%00%(upstream:remoteref) refs/heads/main refs/remotes/main [4ms]
2024-06-18 08:03:07.957 [info] > git status -z -uall [111ms]
2024-06-18 08:03:13.535 [info] > git config --get commit.template [7ms]
2024-06-18 08:03:13.536 [info] > git for-each-ref --format=%(refname)%00%(upstream:short)%00%(objectname)%00%(upstream:track)%00%(upstream:remotename)%00%(upstream:remoteref) refs/heads/main refs/remotes/main [3ms]
2024-06-18 08:03:13.654 [info] > git status -z -uall [112ms]
2024-06-18 08:03:18.736 [info] > git config --get commit.template [6ms]
2024-06-18 08:03:18.738 [info] > git for-each-ref --format=%(refname)%00%(upstream:short)%00%(objectname)%00%(upstream:track)%00%(upstream:remotename)%00%(upstream:remoteref) refs/heads/main refs/remotes/main [3ms]
2024-06-18 08:03:18.858 [info] > git status -z -uall [114ms]
2024-06-18 08:03:23.921 [info] > git config --get commit.template [7ms]
2024-06-18 08:03:23.922 [info] > git for-each-ref --format=%(refname)%00%(upstream:short)%00%(objectname)%00%(upstream:track)%00%(upstream:remotename)%00%(upstream:remoteref) refs/heads/main refs/remotes/main [2ms]
2024-06-18 08:03:24.027 [info] > git status -z -uall [98ms]
2024-06-18 08:03:29.107 [info] > git config --get commit.template [7ms]
2024-06-18 08:03:29.109 [info] > git for-each-ref --format=%(refname)%00%(upstream:short)%00%(objectname)%00%(upstream:track)%00%(upstream:remotename)%00%(upstream:remoteref) refs/heads/main refs/remotes/main [3ms]
2024-06-18 08:03:29.260 [info] > git status -z -uall [142ms]
2024-06-18 08:03:34.399 [info] > git config --get commit.template [5ms]
2024-06-18 08:03:34.401 [info] > git for-each-ref --format=%(refname)%00%(upstream:short)%00%(objectname)%00%(upstream:track)%00%(upstream:remotename)%00%(upstream:remoteref) refs/heads/main refs/remotes/main [2ms]
2024-06-18 08:03:34.502 [info] > git status -z -uall [96ms]
2024-06-18 08:03:39.559 [info] > git config --get commit.template [3ms]
2024-06-18 08:03:39.560 [info] > git for-each-ref --format=%(refname)%00%(upstream:short)%00%(objectname)%00%(upstream:track)%00%(upstream:remotename)%00%(upstream:remoteref) refs/heads/main refs/remotes/main [1ms]
2024-06-18 08:03:39.652 [info] > git status -z -uall [88ms]
2024-06-18 08:03:44.725 [info] > git config --get commit.template [7ms]
2024-06-18 08:03:44.726 [info] > git for-each-ref --format=%(refname)%00%(upstream:short)%00%(objectname)%00%(upstream:track)%00%(upstream:remotename)%00%(upstream:remoteref) refs/heads/main refs/remotes/main [2ms]
2024-06-18 08:03:44.850 [info] > git status -z -uall [118ms]
2024-06-18 08:03:49.924 [info] > git config --get commit.template [7ms]
2024-06-18 08:03:49.926 [info] > git for-each-ref --format=%(refname)%00%(upstream:short)%00%(objectname)%00%(upstream:track)%00%(upstream:remotename)%00%(upstream:remoteref) refs/heads/main refs/remotes/main [3ms]
2024-06-18 08:03:50.080 [info] > git status -z -uall [147ms]
2024-06-18 08:03:55.194 [info] > git config --get commit.template [10ms]
2024-06-18 08:03:55.195 [info] > git for-each-ref --format=%(refname)%00%(upstream:short)%00%(objectname)%00%(upstream:track)%00%(upstream:remotename)%00%(upstream:remoteref) refs/heads/main refs/remotes/main [3ms]
2024-06-18 08:03:55.348 [info] > git status -z -uall [145ms]
2024-06-18 08:04:00.479 [info] > git config --get commit.template [11ms]
2024-06-18 08:04:00.482 [info] > git for-each-ref --format=%(refname)%00%(upstream:short)%00%(objectname)%00%(upstream:track)%00%(upstream:remotename)%00%(upstream:remoteref) refs/heads/main refs/remotes/main [4ms]
2024-06-18 08:04:00.588 [info] > git status -z -uall [98ms]
2024-06-18 08:04:05.713 [info] > git config --get commit.template [7ms]
2024-06-18 08:04:05.714 [info] > git for-each-ref --format=%(refname)%00%(upstream:short)%00%(objectname)%00%(upstream:track)%00%(upstream:remotename)%00%(upstream:remoteref) refs/heads/main refs/remotes/main [2ms]
2024-06-18 08:04:05.862 [info] > git status -z -uall [141ms]
2024-06-18 08:04:11.052 [info] > git config --get commit.template [10ms]
2024-06-18 08:04:11.053 [info] > git for-each-ref --format=%(refname)%00%(upstream:short)%00%(objectname)%00%(upstream:track)%00%(upstream:remotename)%00%(upstream:remoteref) refs/heads/main refs/remotes/main [3ms]
2024-06-18 08:04:11.265 [info] > git status -z -uall [204ms]
2024-06-18 08:04:16.394 [info] > git config --get commit.template [6ms]
2024-06-18 08:04:16.395 [info] > git for-each-ref --format=%(refname)%00%(upstream:short)%00%(objectname)%00%(upstream:track)%00%(upstream:remotename)%00%(upstream:remoteref) refs/heads/main refs/remotes/main [1ms]
2024-06-18 08:04:16.496 [info] > git status -z -uall [97ms]
2024-06-18 08:04:21.643 [info] > git config --get commit.template [6ms]
2024-06-18 08:04:21.644 [info] > git for-each-ref --format=%(refname)%00%(upstream:short)%00%(objectname)%00%(upstream:track)%00%(upstream:remotename)%00%(upstream:remoteref) refs/heads/main refs/remotes/main [2ms]
2024-06-18 08:04:21.754 [info] > git status -z -uall [104ms]
2024-06-18 08:04:26.834 [info] > git config --get commit.template [9ms]
2024-06-18 08:04:26.835 [info] > git for-each-ref --format=%(refname)%00%(upstream:short)%00%(objectname)%00%(upstream:track)%00%(upstream:remotename)%00%(upstream:remoteref) refs/heads/main refs/remotes/main [3ms]
2024-06-18 08:04:27.009 [info] > git status -z -uall [166ms]
2024-06-18 08:04:32.122 [info] > git config --get commit.template [9ms]
2024-06-18 08:04:32.123 [info] > git for-each-ref --format=%(refname)%00%(upstream:short)%00%(objectname)%00%(upstream:track)%00%(upstream:remotename)%00%(upstream:remoteref) refs/heads/main refs/remotes/main [3ms]
2024-06-18 08:04:32.319 [info] > git status -z -uall [187ms]
2024-06-18 08:04:37.429 [info] > git config --get commit.template [7ms]
2024-06-18 08:04:37.430 [info] > git for-each-ref --format=%(refname)%00%(upstream:short)%00%(objectname)%00%(upstream:track)%00%(upstream:remotename)%00%(upstream:remoteref) refs/heads/main refs/remotes/main [2ms]
2024-06-18 08:04:37.572 [info] > git status -z -uall [136ms]
2024-06-18 08:04:42.640 [info] > git config --get commit.template [6ms]
2024-06-18 08:04:42.642 [info] > git for-each-ref --format=%(refname)%00%(upstream:short)%00%(objectname)%00%(upstream:track)%00%(upstream:remotename)%00%(upstream:remoteref) refs/heads/main refs/remotes/main [2ms]
2024-06-18 08:04:42.762 [info] > git status -z -uall [113ms]
2024-06-18 08:04:47.831 [info] > git config --get commit.template [7ms]
2024-06-18 08:04:47.832 [info] > git for-each-ref --format=%(refname)%00%(upstream:short)%00%(objectname)%00%(upstream:track)%00%(upstream:remotename)%00%(upstream:remoteref) refs/heads/main refs/remotes/main [2ms]
2024-06-18 08:04:47.983 [info] > git status -z -uall [144ms]
2024-06-18 08:04:53.094 [info] > git config --get commit.template [5ms]
2024-06-18 08:04:53.095 [info] > git for-each-ref --format=%(refname)%00%(upstream:short)%00%(objectname)%00%(upstream:track)%00%(upstream:remotename)%00%(upstream:remoteref) refs/heads/main refs/remotes/main [1ms]
2024-06-18 08:04:53.218 [info] > git status -z -uall [119ms]
2024-06-18 09:43:47.998 [info] > git config --get commit.template [2ms]
2024-06-18 09:43:48.007 [info] > git for-each-ref --format=%(refname)%00%(upstream:short)%00%(objectname)%00%(upstream:track)%00%(upstream:remotename)%00%(upstream:remoteref) refs/heads/main refs/remotes/main [2ms]
2024-06-18 09:43:48.178 [info] > git status -z -uall [167ms]
