2024-06-07 10:04:10.288 [info] (Client) Pylance async client (2024.5.1) started with python extension (2024.8.0)
2024-06-07 10:04:12.990 [info] [Info  - 10:04:12 AM] (30412) Pylance language server 2024.5.1 (pyright version 1.1.360, commit 4bc8428d) starting
2024-06-07 10:04:13.064 [info] [Info  - 10:04:13 AM] (30412) Server root directory: file:///home/ndao/.vscode-server/extensions/ms-python.vscode-pylance-2024.5.1/dist
2024-06-07 10:04:13.064 [info] [Info  - 10:04:13 AM] (30412) Starting service instance "ndao"
2024-06-07 10:04:13.064 [info] [Info  - 10:04:13 AM] (30412) Auto-Indent enabled
2024-06-07 10:04:13.095 [info] [Info  - 10:04:13 AM] (30412) Background analysis(1) root directory: file:///home/ndao/.vscode-server/extensions/ms-python.vscode-pylance-2024.5.1/dist
2024-06-07 10:04:13.096 [info] [Info  - 10:04:13 AM] (30412) Background analysis(1) started
2024-06-07 10:04:13.212 [info] [Info  - 10:04:13 AM] (30412) Setting pythonPath for service "ndao": "/bin/python3"
2024-06-07 10:04:13.213 [info] [Info  - 10:04:13 AM] (30412) Setting environmentName for service "ndao": "3.8.10 (global)"
2024-06-07 10:04:13.261 [info] [Info  - 10:04:13 AM] (30412) Assuming Python version 3.8.10.final.0
2024-06-07 10:04:13.557 [info] [Info  - 10:04:13 AM] (30412) No source files found.
2024-06-07 10:19:46.319 [info] [Info  - 10:19:46 AM] (30412) Setting pythonPath for service "ndao": "/bin/python3"
2024-06-07 10:19:46.338 [info] [Info  - 10:19:46 AM] (30412) Setting environmentName for service "ndao": "3.8.10 (global)"
2024-06-07 10:19:46.344 [info] [Info  - 10:19:46 AM] (30412) Assuming Python version 3.8.10.final.0
2024-06-07 10:19:46.605 [info] [Info  - 10:19:46 AM] (30412) No source files found.
2024-06-07 10:19:46.626 [info] [Info  - 10:19:46 AM] (30412) Setting pythonPath for service "ndao": "/bin/python3"
2024-06-07 10:19:46.626 [info] [Info  - 10:19:46 AM] (30412) Setting environmentName for service "ndao": "3.8.10 (global)"
2024-06-07 10:19:46.732 [info] [Info  - 10:19:46 AM] (30412) Assuming Python version 3.8.10.final.0
2024-06-07 10:19:47.040 [info] [Info  - 10:19:47 AM] (30412) No source files found.
2024-06-07 10:19:48.998 [info] [Info  - 10:19:48 AM] (30412) Setting pythonPath for service "ndao": "/bin/python3"
2024-06-07 10:19:48.998 [info] [Info  - 10:19:48 AM] (30412) Setting environmentName for service "ndao": "3.8.10 (global)"
2024-06-07 10:19:49.036 [info] [Info  - 10:19:49 AM] (30412) Assuming Python version 3.8.10.final.0
2024-06-07 10:19:49.332 [info] [Info  - 10:19:49 AM] (30412) No source files found.
2024-06-07 10:19:50.913 [info] [Info  - 10:19:50 AM] (30412) Setting pythonPath for service "ndao": "/bin/python3"
2024-06-07 10:19:50.913 [info] [Info  - 10:19:50 AM] (30412) Setting environmentName for service "ndao": "3.8.10 (global)"
2024-06-07 10:19:50.962 [info] [Info  - 10:19:50 AM] (30412) Assuming Python version 3.8.10.final.0
2024-06-07 10:19:51.263 [info] [Info  - 10:19:51 AM] (30412) No source files found.
2024-06-07 10:19:52.218 [info] [Info  - 10:19:52 AM] (30412) Setting pythonPath for service "ndao": "/bin/python3"
2024-06-07 10:19:52.218 [info] [Info  - 10:19:52 AM] (30412) Setting environmentName for service "ndao": "3.8.10 (global)"
2024-06-07 10:19:52.261 [info] [Info  - 10:19:52 AM] (30412) Assuming Python version 3.8.10.final.0
2024-06-07 10:19:52.575 [info] [Info  - 10:19:52 AM] (30412) No source files found.
2024-06-07 10:20:33.471 [info] [Info  - 10:20:33 AM] (30412) Setting pythonPath for service "ndao": "/bin/python3"
2024-06-07 10:20:33.472 [info] [Info  - 10:20:33 AM] (30412) Setting environmentName for service "ndao": "3.8.10 (global)"
2024-06-07 10:20:33.546 [info] [Info  - 10:20:33 AM] (30412) Assuming Python version 3.8.10.final.0
2024-06-07 10:20:33.817 [info] [Info  - 10:20:33 AM] (30412) No source files found.
2024-06-07 10:21:24.833 [info] [Info  - 10:21:24 AM] (30412) Setting pythonPath for service "ndao": "/bin/python3"
2024-06-07 10:21:24.834 [info] [Info  - 10:21:24 AM] (30412) Setting environmentName for service "ndao": "3.8.10 (global)"
2024-06-07 10:21:24.895 [info] [Info  - 10:21:24 AM] (30412) Assuming Python version 3.8.10.final.0
2024-06-07 10:21:25.182 [info] [Info  - 10:21:25 AM] (30412) No source files found.
2024-06-07 10:21:41.348 [info] [Info  - 10:21:41 AM] (30412) Setting pythonPath for service "ndao": "/bin/python3"
2024-06-07 10:21:41.350 [info] [Info  - 10:21:41 AM] (30412) Setting environmentName for service "ndao": "3.8.10 (global)"
2024-06-07 10:21:41.485 [info] [Info  - 10:21:41 AM] (30412) Assuming Python version 3.8.10.final.0
2024-06-07 10:21:41.796 [info] [Info  - 10:21:41 AM] (30412) No source files found.
2024-06-07 10:21:52.694 [info] [Info  - 10:21:52 AM] (30412) Setting pythonPath for service "ndao": "/bin/python3"
2024-06-07 10:21:52.694 [info] [Info  - 10:21:52 AM] (30412) Setting environmentName for service "ndao": "3.8.10 (global)"
2024-06-07 10:21:52.754 [info] [Info  - 10:21:52 AM] (30412) Assuming Python version 3.8.10.final.0
2024-06-07 10:21:53.052 [info] [Info  - 10:21:53 AM] (30412) No source files found.
2024-06-07 10:21:55.960 [info] [Info  - 10:21:55 AM] (30412) Setting pythonPath for service "ndao": "/bin/python3"
2024-06-07 10:21:55.962 [info] [Info  - 10:21:55 AM] (30412) Setting environmentName for service "ndao": "3.8.10 (global)"
2024-06-07 10:21:56.004 [info] [Info  - 10:21:56 AM] (30412) Assuming Python version 3.8.10.final.0
2024-06-07 10:21:56.394 [info] [Info  - 10:21:56 AM] (30412) No source files found.
2024-06-07 10:21:56.425 [info] [Info  - 10:21:56 AM] (30412) Setting pythonPath for service "ndao": "/bin/python3"
2024-06-07 10:21:56.425 [info] [Info  - 10:21:56 AM] (30412) Setting environmentName for service "ndao": "3.8.10 (global)"
2024-06-07 10:21:56.457 [info] [Info  - 10:21:56 AM] (30412) Assuming Python version 3.8.10.final.0
2024-06-07 10:21:56.738 [info] [Info  - 10:21:56 AM] (30412) No source files found.
2024-06-07 10:21:59.092 [info] [Info  - 10:21:59 AM] (30412) Setting pythonPath for service "ndao": "/bin/python3"
2024-06-07 10:21:59.093 [info] [Info  - 10:21:59 AM] (30412) Setting environmentName for service "ndao": "3.8.10 (global)"
2024-06-07 10:21:59.145 [info] [Info  - 10:21:59 AM] (30412) Assuming Python version 3.8.10.final.0
2024-06-07 10:21:59.400 [info] [Info  - 10:21:59 AM] (30412) No source files found.
2024-06-07 10:23:37.669 [info] [Info  - 10:23:37 AM] (30412) Setting pythonPath for service "ndao": "/bin/python3"
2024-06-07 10:23:37.669 [info] [Info  - 10:23:37 AM] (30412) Setting environmentName for service "ndao": "3.8.10 (global)"
2024-06-07 10:23:37.717 [info] [Info  - 10:23:37 AM] (30412) Assuming Python version 3.8.10.final.0
2024-06-07 10:23:38.161 [info] [Info  - 10:23:38 AM] (30412) No source files found.
2024-06-07 10:23:38.179 [info] [Info  - 10:23:38 AM] (30412) Setting pythonPath for service "ndao": "/bin/python3"
2024-06-07 10:23:38.179 [info] [Info  - 10:23:38 AM] (30412) Setting environmentName for service "ndao": "3.8.10 (global)"
2024-06-07 10:23:38.227 [info] [Info  - 10:23:38 AM] (30412) Assuming Python version 3.8.10.final.0
2024-06-07 10:23:38.512 [info] [Info  - 10:23:38 AM] (30412) No source files found.
2024-06-07 10:24:19.239 [info] [Info  - 10:24:19 AM] (30412) Setting pythonPath for service "ndao": "/bin/python3"
2024-06-07 10:24:19.239 [info] [Info  - 10:24:19 AM] (30412) Setting environmentName for service "ndao": "3.8.10 (global)"
2024-06-07 10:24:19.291 [info] [Info  - 10:24:19 AM] (30412) Assuming Python version 3.8.10.final.0
2024-06-07 10:24:19.726 [info] [Info  - 10:24:19 AM] (30412) No source files found.
2024-06-07 10:24:19.846 [info] [Info  - 10:24:19 AM] (30412) Setting pythonPath for service "ndao": "/bin/python3"
2024-06-07 10:24:19.846 [info] [Info  - 10:24:19 AM] (30412) Setting environmentName for service "ndao": "3.8.10 (global)"
2024-06-07 10:24:19.925 [info] [Info  - 10:24:19 AM] (30412) Assuming Python version 3.8.10.final.0
2024-06-07 10:24:20.406 [info] [Info  - 10:24:20 AM] (30412) No source files found.
2024-06-07 10:24:20.416 [info] [Info  - 10:24:20 AM] (30412) Setting pythonPath for service "ndao": "/bin/python3"
2024-06-07 10:24:20.417 [info] [Info  - 10:24:20 AM] (30412) Setting environmentName for service "ndao": "3.8.10 (global)"
2024-06-07 10:24:20.571 [info] [Info  - 10:24:20 AM] (30412) Assuming Python version 3.8.10.final.0
2024-06-07 10:24:20.796 [info] [Info  - 10:24:20 AM] (30412) No source files found.
2024-06-07 10:24:20.823 [info] [Info  - 10:24:20 AM] (30412) Setting pythonPath for service "ndao": "/bin/python3"
2024-06-07 10:24:20.823 [info] [Info  - 10:24:20 AM] (30412) Setting environmentName for service "ndao": "3.8.10 (global)"
2024-06-07 10:24:20.860 [info] [Info  - 10:24:20 AM] (30412) Assuming Python version 3.8.10.final.0
2024-06-07 10:24:21.123 [info] [Info  - 10:24:21 AM] (30412) No source files found.
2024-06-07 10:24:21.130 [info] [Info  - 10:24:21 AM] (30412) Setting pythonPath for service "ndao": "/bin/python3"
2024-06-07 10:24:21.130 [info] [Info  - 10:24:21 AM] (30412) Setting environmentName for service "ndao": "3.8.10 (global)"
2024-06-07 10:24:21.171 [info] [Info  - 10:24:21 AM] (30412) Assuming Python version 3.8.10.final.0
2024-06-07 10:24:21.497 [info] [Info  - 10:24:21 AM] (30412) No source files found.
2024-06-07 10:24:22.432 [info] [Info  - 10:24:22 AM] (30412) Setting pythonPath for service "ndao": "/bin/python3"
2024-06-07 10:24:22.432 [info] [Info  - 10:24:22 AM] (30412) Setting environmentName for service "ndao": "3.8.10 (global)"
2024-06-07 10:24:22.482 [info] [Info  - 10:24:22 AM] (30412) Assuming Python version 3.8.10.final.0
2024-06-07 10:24:22.778 [info] [Info  - 10:24:22 AM] (30412) No source files found.
2024-06-07 10:24:24.380 [info] [Info  - 10:24:24 AM] (30412) Setting pythonPath for service "ndao": "/bin/python3"
2024-06-07 10:24:24.381 [info] [Info  - 10:24:24 AM] (30412) Setting environmentName for service "ndao": "3.8.10 (global)"
2024-06-07 10:24:24.420 [info] [Info  - 10:24:24 AM] (30412) Assuming Python version 3.8.10.final.0
2024-06-07 10:24:24.716 [info] [Info  - 10:24:24 AM] (30412) No source files found.
2024-06-07 10:24:28.606 [info] [Info  - 10:24:28 AM] (30412) Setting pythonPath for service "ndao": "/bin/python3"
2024-06-07 10:24:28.606 [info] [Info  - 10:24:28 AM] (30412) Setting environmentName for service "ndao": "3.8.10 (global)"
2024-06-07 10:24:28.681 [info] [Info  - 10:24:28 AM] (30412) Assuming Python version 3.8.10.final.0
2024-06-07 10:24:28.949 [info] [Info  - 10:24:28 AM] (30412) No source files found.
2024-06-07 10:25:08.602 [info] [Info  - 10:25:08 AM] (30412) Setting pythonPath for service "ndao": "/bin/python3"
2024-06-07 10:25:08.602 [info] [Info  - 10:25:08 AM] (30412) Setting environmentName for service "ndao": "3.8.10 (global)"
2024-06-07 10:25:08.654 [info] [Info  - 10:25:08 AM] (30412) Assuming Python version 3.8.10.final.0
2024-06-07 10:25:08.951 [info] [Info  - 10:25:08 AM] (30412) No source files found.
2024-06-07 10:25:36.399 [info] [Info  - 10:25:36 AM] (30412) Setting pythonPath for service "ndao": "/bin/python3"
2024-06-07 10:25:36.421 [info] [Info  - 10:25:36 AM] (30412) Setting environmentName for service "ndao": "3.8.10 (global)"
2024-06-07 10:25:36.497 [info] [Info  - 10:25:36 AM] (30412) Assuming Python version 3.8.10.final.0
2024-06-07 10:25:36.809 [info] [Info  - 10:25:36 AM] (30412) No source files found.
2024-06-07 10:27:09.922 [info] [Info  - 10:27:09 AM] (30412) Setting pythonPath for service "ndao": "/bin/python3"
2024-06-07 10:27:09.923 [info] [Info  - 10:27:09 AM] (30412) Setting environmentName for service "ndao": "3.8.10 (global)"
2024-06-07 10:27:09.983 [info] [Info  - 10:27:09 AM] (30412) Assuming Python version 3.8.10.final.0
2024-06-07 10:27:10.246 [info] [Info  - 10:27:10 AM] (30412) No source files found.
2024-06-07 10:27:11.044 [info] [Info  - 10:27:11 AM] (30412) Setting pythonPath for service "ndao": "/bin/python3"
2024-06-07 10:27:11.044 [info] [Info  - 10:27:11 AM] (30412) Setting environmentName for service "ndao": "3.8.10 (global)"
2024-06-07 10:27:11.079 [info] [Info  - 10:27:11 AM] (30412) Assuming Python version 3.8.10.final.0
2024-06-07 10:27:11.514 [info] [Info  - 10:27:11 AM] (30412) No source files found.
2024-06-07 10:27:11.548 [info] [Info  - 10:27:11 AM] (30412) Setting pythonPath for service "ndao": "/bin/python3"
2024-06-07 10:27:11.548 [info] [Info  - 10:27:11 AM] (30412) Setting environmentName for service "ndao": "3.8.10 (global)"
2024-06-07 10:27:11.597 [info] [Info  - 10:27:11 AM] (30412) Assuming Python version 3.8.10.final.0
2024-06-07 10:27:11.931 [info] [Info  - 10:27:11 AM] (30412) No source files found.
2024-06-07 10:27:13.222 [info] [Info  - 10:27:13 AM] (30412) Setting pythonPath for service "ndao": "/bin/python3"
2024-06-07 10:27:13.222 [info] [Info  - 10:27:13 AM] (30412) Setting environmentName for service "ndao": "3.8.10 (global)"
2024-06-07 10:27:13.297 [info] [Info  - 10:27:13 AM] (30412) Assuming Python version 3.8.10.final.0
2024-06-07 10:27:13.733 [info] [Info  - 10:27:13 AM] (30412) No source files found.
2024-06-07 10:27:13.755 [info] [Info  - 10:27:13 AM] (30412) Setting pythonPath for service "ndao": "/bin/python3"
2024-06-07 10:27:13.759 [info] [Info  - 10:27:13 AM] (30412) Setting environmentName for service "ndao": "3.8.10 (global)"
2024-06-07 10:27:13.798 [info] [Info  - 10:27:13 AM] (30412) Assuming Python version 3.8.10.final.0
2024-06-07 10:27:14.157 [info] [Info  - 10:27:14 AM] (30412) No source files found.
2024-06-07 10:27:16.109 [info] [Info  - 10:27:16 AM] (30412) Setting pythonPath for service "ndao": "/bin/python3"
2024-06-07 10:27:16.110 [info] [Info  - 10:27:16 AM] (30412) Setting environmentName for service "ndao": "3.8.10 (global)"
2024-06-07 10:27:16.157 [info] [Info  - 10:27:16 AM] (30412) Assuming Python version 3.8.10.final.0
2024-06-07 10:27:16.472 [info] [Info  - 10:27:16 AM] (30412) No source files found.
2024-06-07 10:27:17.738 [info] [Info  - 10:27:17 AM] (30412) Setting pythonPath for service "ndao": "/bin/python3"
2024-06-07 10:27:17.738 [info] [Info  - 10:27:17 AM] (30412) Setting environmentName for service "ndao": "3.8.10 (global)"
2024-06-07 10:27:17.777 [info] [Info  - 10:27:17 AM] (30412) Assuming Python version 3.8.10.final.0
2024-06-07 10:27:18.047 [info] [Info  - 10:27:18 AM] (30412) No source files found.
2024-06-07 10:27:19.213 [info] [Info  - 10:27:19 AM] (30412) Setting pythonPath for service "ndao": "/bin/python3"
2024-06-07 10:27:19.214 [info] [Info  - 10:27:19 AM] (30412) Setting environmentName for service "ndao": "3.8.10 (global)"
2024-06-07 10:27:19.259 [info] [Info  - 10:27:19 AM] (30412) Assuming Python version 3.8.10.final.0
2024-06-07 10:27:19.642 [info] [Info  - 10:27:19 AM] (30412) No source files found.
2024-06-07 10:49:32.971 [info] [Info  - 10:49:32 AM] (30412) Setting pythonPath for service "ndao": "/bin/python3"
2024-06-07 10:49:32.978 [info] [Info  - 10:49:32 AM] (30412) Setting environmentName for service "ndao": "3.8.10 (global)"
2024-06-07 10:49:33.013 [info] [Info  - 10:49:33 AM] (30412) Assuming Python version 3.8.10.final.0
2024-06-07 10:49:33.332 [info] [Info  - 10:49:33 AM] (30412) No source files found.
2024-06-07 10:49:33.908 [info] [Info  - 10:49:33 AM] (30412) Setting pythonPath for service "ndao": "/bin/python3"
2024-06-07 10:49:33.908 [info] [Info  - 10:49:33 AM] (30412) Setting environmentName for service "ndao": "3.8.10 (global)"
2024-06-07 10:49:33.954 [info] [Info  - 10:49:33 AM] (30412) Assuming Python version 3.8.10.final.0
2024-06-07 10:49:34.424 [info] [Info  - 10:49:34 AM] (30412) No source files found.
2024-06-07 10:49:34.462 [info] [Info  - 10:49:34 AM] (30412) Setting pythonPath for service "ndao": "/bin/python3"
2024-06-07 10:49:34.462 [info] [Info  - 10:49:34 AM] (30412) Setting environmentName for service "ndao": "3.8.10 (global)"
2024-06-07 10:49:34.583 [info] [Info  - 10:49:34 AM] (30412) Assuming Python version 3.8.10.final.0
2024-06-07 10:49:34.844 [info] [Info  - 10:49:34 AM] (30412) No source files found.
2024-06-07 10:49:35.832 [info] [Info  - 10:49:35 AM] (30412) Setting pythonPath for service "ndao": "/bin/python3"
2024-06-07 10:49:35.832 [info] [Info  - 10:49:35 AM] (30412) Setting environmentName for service "ndao": "3.8.10 (global)"
2024-06-07 10:49:35.899 [info] [Info  - 10:49:35 AM] (30412) Assuming Python version 3.8.10.final.0
2024-06-07 10:49:36.206 [info] [Info  - 10:49:36 AM] (30412) No source files found.
2024-06-07 10:49:37.229 [info] [Info  - 10:49:37 AM] (30412) Setting pythonPath for service "ndao": "/bin/python3"
2024-06-07 10:49:37.229 [info] [Info  - 10:49:37 AM] (30412) Setting environmentName for service "ndao": "3.8.10 (global)"
2024-06-07 10:49:37.284 [info] [Info  - 10:49:37 AM] (30412) Assuming Python version 3.8.10.final.0
2024-06-07 10:49:37.749 [info] [Info  - 10:49:37 AM] (30412) No source files found.
2024-06-07 10:49:37.810 [info] [Info  - 10:49:37 AM] (30412) Setting pythonPath for service "ndao": "/bin/python3"
2024-06-07 10:49:37.810 [info] [Info  - 10:49:37 AM] (30412) Setting environmentName for service "ndao": "3.8.10 (global)"
2024-06-07 10:49:37.868 [info] [Info  - 10:49:37 AM] (30412) Assuming Python version 3.8.10.final.0
2024-06-07 10:49:38.342 [info] [Info  - 10:49:38 AM] (30412) No source files found.
2024-06-07 10:49:38.385 [info] [Info  - 10:49:38 AM] (30412) Setting pythonPath for service "ndao": "/bin/python3"
2024-06-07 10:49:38.385 [info] [Info  - 10:49:38 AM] (30412) Setting environmentName for service "ndao": "3.8.10 (global)"
2024-06-07 10:49:38.443 [info] [Info  - 10:49:38 AM] (30412) Assuming Python version 3.8.10.final.0
2024-06-07 10:49:38.797 [info] [Info  - 10:49:38 AM] (30412) No source files found.
2024-06-07 10:50:26.309 [info] [Info  - 10:50:26 AM] (30412) Setting pythonPath for service "ndao": "/bin/python3"
2024-06-07 10:50:26.310 [info] [Info  - 10:50:26 AM] (30412) Setting environmentName for service "ndao": "3.8.10 (global)"
2024-06-07 10:50:26.441 [info] [Info  - 10:50:26 AM] (30412) Assuming Python version 3.8.10.final.0
2024-06-07 10:50:26.674 [info] [Info  - 10:50:26 AM] (30412) No source files found.
2024-06-07 11:10:22.772 [info] [Info  - 11:10:22 AM] (30412) Setting pythonPath for service "ndao": "/bin/python3"
2024-06-07 11:10:22.773 [info] [Info  - 11:10:22 AM] (30412) Setting environmentName for service "ndao": "3.8.10 (global)"
2024-06-07 11:10:22.825 [info] [Info  - 11:10:22 AM] (30412) Assuming Python version 3.8.10.final.0
2024-06-07 11:10:23.096 [info] [Info  - 11:10:23 AM] (30412) No source files found.
2024-06-07 11:10:26.765 [info] [Info  - 11:10:26 AM] (30412) Setting pythonPath for service "ndao": "/bin/python3"
2024-06-07 11:10:26.769 [info] [Info  - 11:10:26 AM] (30412) Setting environmentName for service "ndao": "3.8.10 (global)"
2024-06-07 11:10:26.816 [info] [Info  - 11:10:26 AM] (30412) Assuming Python version 3.8.10.final.0
2024-06-07 11:10:27.110 [info] [Info  - 11:10:27 AM] (30412) No source files found.
2024-06-07 11:27:24.257 [info] [Info  - 11:27:24 AM] (30412) Setting pythonPath for service "ndao": "/bin/python3"
2024-06-07 11:27:24.258 [info] [Info  - 11:27:24 AM] (30412) Setting environmentName for service "ndao": "3.8.10 (global)"
2024-06-07 11:27:24.302 [info] [Info  - 11:27:24 AM] (30412) Assuming Python version 3.8.10.final.0
2024-06-07 11:27:24.717 [info] [Info  - 11:27:24 AM] (30412) No source files found.
2024-06-07 11:27:24.736 [info] [Info  - 11:27:24 AM] (30412) Setting pythonPath for service "ndao": "/bin/python3"
2024-06-07 11:27:24.736 [info] [Info  - 11:27:24 AM] (30412) Setting environmentName for service "ndao": "3.8.10 (global)"
2024-06-07 11:27:24.770 [info] [Info  - 11:27:24 AM] (30412) Assuming Python version 3.8.10.final.0
2024-06-07 11:27:25.050 [info] [Info  - 11:27:25 AM] (30412) No source files found.
2024-06-07 11:27:32.328 [info] [Info  - 11:27:32 AM] (30412) Setting pythonPath for service "ndao": "/bin/python3"
2024-06-07 11:27:32.328 [info] [Info  - 11:27:32 AM] (30412) Setting environmentName for service "ndao": "3.8.10 (global)"
2024-06-07 11:27:32.376 [info] [Info  - 11:27:32 AM] (30412) Assuming Python version 3.8.10.final.0
2024-06-07 11:27:32.748 [info] [Info  - 11:27:32 AM] (30412) No source files found.
2024-06-07 11:27:32.767 [info] [Info  - 11:27:32 AM] (30412) Setting pythonPath for service "ndao": "/bin/python3"
2024-06-07 11:27:32.768 [info] [Info  - 11:27:32 AM] (30412) Setting environmentName for service "ndao": "3.8.10 (global)"
2024-06-07 11:27:32.815 [info] [Info  - 11:27:32 AM] (30412) Assuming Python version 3.8.10.final.0
2024-06-07 11:27:33.100 [info] [Info  - 11:27:33 AM] (30412) No source files found.
2024-06-07 11:55:39.556 [info] [Info  - 11:55:39 AM] (30412) Setting pythonPath for service "ndao": "/bin/python3"
2024-06-07 11:55:39.557 [info] [Info  - 11:55:39 AM] (30412) Setting environmentName for service "ndao": "3.8.10 (global)"
2024-06-07 11:55:39.598 [info] [Info  - 11:55:39 AM] (30412) Assuming Python version 3.8.10.final.0
2024-06-07 11:55:39.859 [info] [Info  - 11:55:39 AM] (30412) No source files found.
2024-06-07 11:55:40.182 [info] [Info  - 11:55:40 AM] (30412) Setting pythonPath for service "ndao": "/bin/python3"
2024-06-07 11:55:40.183 [info] [Info  - 11:55:40 AM] (30412) Setting environmentName for service "ndao": "3.8.10 (global)"
2024-06-07 11:55:40.227 [info] [Info  - 11:55:40 AM] (30412) Assuming Python version 3.8.10.final.0
2024-06-07 11:55:40.675 [info] [Info  - 11:55:40 AM] (30412) No source files found.
2024-06-07 11:55:40.762 [info] [Info  - 11:55:40 AM] (30412) Setting pythonPath for service "ndao": "/bin/python3"
2024-06-07 11:55:40.762 [info] [Info  - 11:55:40 AM] (30412) Setting environmentName for service "ndao": "3.8.10 (global)"
2024-06-07 11:55:40.814 [info] [Info  - 11:55:40 AM] (30412) Assuming Python version 3.8.10.final.0
2024-06-07 11:55:41.076 [info] [Info  - 11:55:41 AM] (30412) No source files found.
2024-06-07 11:55:41.351 [info] [Info  - 11:55:41 AM] (30412) Setting pythonPath for service "ndao": "/bin/python3"
2024-06-07 11:55:41.352 [info] [Info  - 11:55:41 AM] (30412) Setting environmentName for service "ndao": "3.8.10 (global)"
2024-06-07 11:55:41.402 [info] [Info  - 11:55:41 AM] (30412) Assuming Python version 3.8.10.final.0
2024-06-07 11:55:41.810 [info] [Info  - 11:55:41 AM] (30412) No source files found.
2024-06-07 11:55:41.855 [info] [Info  - 11:55:41 AM] (30412) Setting pythonPath for service "ndao": "/bin/python3"
2024-06-07 11:55:41.855 [info] [Info  - 11:55:41 AM] (30412) Setting environmentName for service "ndao": "3.8.10 (global)"
2024-06-07 11:55:41.917 [info] [Info  - 11:55:41 AM] (30412) Assuming Python version 3.8.10.final.0
2024-06-07 11:55:42.248 [info] [Info  - 11:55:42 AM] (30412) No source files found.
2024-06-07 11:56:53.361 [info] [Info  - 11:56:53 AM] (30412) Setting pythonPath for service "ndao": "/bin/python3"
2024-06-07 11:56:53.361 [info] [Info  - 11:56:53 AM] (30412) Setting environmentName for service "ndao": "3.8.10 (global)"
2024-06-07 11:56:53.484 [info] [Info  - 11:56:53 AM] (30412) Assuming Python version 3.8.10.final.0
2024-06-07 11:56:53.956 [info] [Info  - 11:56:53 AM] (30412) No source files found.
2024-06-07 12:01:18.582 [info] [Info  - 12:01:18 PM] (30412) Setting pythonPath for service "ndao": "/bin/python3"
2024-06-07 12:01:18.582 [info] [Info  - 12:01:18 PM] (30412) Setting environmentName for service "ndao": "3.8.10 (global)"
2024-06-07 12:01:18.630 [info] [Info  - 12:01:18 PM] (30412) Assuming Python version 3.8.10.final.0
2024-06-07 12:01:18.999 [info] [Info  - 12:01:18 PM] (30412) No source files found.
2024-06-07 12:01:19.019 [info] [Info  - 12:01:19 PM] (30412) Setting pythonPath for service "ndao": "/bin/python3"
2024-06-07 12:01:19.020 [info] [Info  - 12:01:19 PM] (30412) Setting environmentName for service "ndao": "3.8.10 (global)"
2024-06-07 12:01:19.061 [info] [Info  - 12:01:19 PM] (30412) Assuming Python version 3.8.10.final.0
2024-06-07 12:01:19.316 [info] [Info  - 12:01:19 PM] (30412) No source files found.
2024-06-07 12:01:29.010 [info] [Info  - 12:01:29 PM] (30412) Setting pythonPath for service "ndao": "/bin/python3"
2024-06-07 12:01:29.010 [info] [Info  - 12:01:29 PM] (30412) Setting environmentName for service "ndao": "3.8.10 (global)"
2024-06-07 12:01:29.134 [info] [Info  - 12:01:29 PM] (30412) Assuming Python version 3.8.10.final.0
2024-06-07 12:01:29.510 [info] [Info  - 12:01:29 PM] (30412) No source files found.
2024-06-07 12:02:11.448 [info] [Info  - 12:02:11 PM] (30412) Setting pythonPath for service "ndao": "/bin/python3"
2024-06-07 12:02:11.449 [info] [Info  - 12:02:11 PM] (30412) Setting environmentName for service "ndao": "3.8.10 (global)"
2024-06-07 12:02:11.521 [info] [Info  - 12:02:11 PM] (30412) Assuming Python version 3.8.10.final.0
2024-06-07 12:02:11.899 [info] [Info  - 12:02:11 PM] (30412) No source files found.
2024-06-07 12:08:42.046 [info] [Info  - 12:08:42 PM] (30412) Setting pythonPath for service "ndao": "/bin/python3"
2024-06-07 12:08:42.046 [info] [Info  - 12:08:42 PM] (30412) Setting environmentName for service "ndao": "3.8.10 (global)"
2024-06-07 12:08:42.116 [info] [Info  - 12:08:42 PM] (30412) Assuming Python version 3.8.10.final.0
2024-06-07 12:08:42.409 [info] [Info  - 12:08:42 PM] (30412) No source files found.
2024-06-07 12:08:51.566 [info] [Info  - 12:08:51 PM] (30412) Setting pythonPath for service "ndao": "/bin/python3"
2024-06-07 12:08:51.567 [info] [Info  - 12:08:51 PM] (30412) Setting environmentName for service "ndao": "3.8.10 (global)"
2024-06-07 12:08:51.662 [info] [Info  - 12:08:51 PM] (30412) Assuming Python version 3.8.10.final.0
2024-06-07 12:08:52.114 [info] [Info  - 12:08:52 PM] (30412) No source files found.
2024-06-07 12:08:52.242 [info] [Info  - 12:08:52 PM] (30412) Setting pythonPath for service "ndao": "/bin/python3"
2024-06-07 12:08:52.242 [info] [Info  - 12:08:52 PM] (30412) Setting environmentName for service "ndao": "3.8.10 (global)"
2024-06-07 12:08:52.297 [info] [Info  - 12:08:52 PM] (30412) Assuming Python version 3.8.10.final.0
2024-06-07 12:08:52.703 [info] [Info  - 12:08:52 PM] (30412) No source files found.
2024-06-07 12:08:52.708 [info] [Info  - 12:08:52 PM] (30412) Setting pythonPath for service "ndao": "/bin/python3"
2024-06-07 12:08:52.708 [info] [Info  - 12:08:52 PM] (30412) Setting environmentName for service "ndao": "3.8.10 (global)"
2024-06-07 12:08:52.740 [info] [Info  - 12:08:52 PM] (30412) Assuming Python version 3.8.10.final.0
2024-06-07 12:08:53.135 [info] [Info  - 12:08:53 PM] (30412) No source files found.
2024-06-07 12:08:53.156 [info] [Info  - 12:08:53 PM] (30412) Setting pythonPath for service "ndao": "/bin/python3"
2024-06-07 12:08:53.165 [info] [Info  - 12:08:53 PM] (30412) Setting environmentName for service "ndao": "3.8.10 (global)"
2024-06-07 12:08:53.194 [info] [Info  - 12:08:53 PM] (30412) Assuming Python version 3.8.10.final.0
2024-06-07 12:08:53.500 [info] [Info  - 12:08:53 PM] (30412) No source files found.
2024-06-07 12:08:53.507 [info] [Info  - 12:08:53 PM] (30412) Setting pythonPath for service "ndao": "/bin/python3"
2024-06-07 12:08:53.507 [info] [Info  - 12:08:53 PM] (30412) Setting environmentName for service "ndao": "3.8.10 (global)"
2024-06-07 12:08:53.552 [info] [Info  - 12:08:53 PM] (30412) Assuming Python version 3.8.10.final.0
2024-06-07 12:08:53.864 [info] [Info  - 12:08:53 PM] (30412) No source files found.
2024-06-07 12:08:55.562 [info] [Info  - 12:08:55 PM] (30412) Setting pythonPath for service "ndao": "/bin/python3"
2024-06-07 12:08:55.563 [info] [Info  - 12:08:55 PM] (30412) Setting environmentName for service "ndao": "3.8.10 (global)"
2024-06-07 12:08:55.612 [info] [Info  - 12:08:55 PM] (30412) Assuming Python version 3.8.10.final.0
2024-06-07 12:08:55.961 [info] [Info  - 12:08:55 PM] (30412) No source files found.
2024-06-07 12:08:56.910 [info] [Info  - 12:08:56 PM] (30412) Setting pythonPath for service "ndao": "/bin/python3"
2024-06-07 12:08:56.911 [info] [Info  - 12:08:56 PM] (30412) Setting environmentName for service "ndao": "3.8.10 (global)"
2024-06-07 12:08:56.954 [info] [Info  - 12:08:56 PM] (30412) Assuming Python version 3.8.10.final.0
2024-06-07 12:08:57.264 [info] [Info  - 12:08:57 PM] (30412) No source files found.
2024-06-07 12:08:57.511 [info] [Info  - 12:08:57 PM] (30412) Setting pythonPath for service "ndao": "/bin/python3"
2024-06-07 12:08:57.511 [info] [Info  - 12:08:57 PM] (30412) Setting environmentName for service "ndao": "3.8.10 (global)"
2024-06-07 12:08:57.550 [info] [Info  - 12:08:57 PM] (30412) Assuming Python version 3.8.10.final.0
2024-06-07 12:08:57.815 [info] [Info  - 12:08:57 PM] (30412) No source files found.
2024-06-07 12:08:58.183 [info] [Info  - 12:08:58 PM] (30412) Setting pythonPath for service "ndao": "/bin/python3"
2024-06-07 12:08:58.183 [info] [Info  - 12:08:58 PM] (30412) Setting environmentName for service "ndao": "3.8.10 (global)"
2024-06-07 12:08:58.223 [info] [Info  - 12:08:58 PM] (30412) Assuming Python version 3.8.10.final.0
2024-06-07 12:08:58.524 [info] [Info  - 12:08:58 PM] (30412) No source files found.
2024-06-07 12:09:00.201 [info] [Info  - 12:09:00 PM] (30412) Setting pythonPath for service "ndao": "/bin/python3"
2024-06-07 12:09:00.201 [info] [Info  - 12:09:00 PM] (30412) Setting environmentName for service "ndao": "3.8.10 (global)"
2024-06-07 12:09:00.254 [info] [Info  - 12:09:00 PM] (30412) Assuming Python version 3.8.10.final.0
2024-06-07 12:09:00.627 [info] [Info  - 12:09:00 PM] (30412) No source files found.
2024-06-07 12:09:00.750 [info] [Info  - 12:09:00 PM] (30412) Setting pythonPath for service "ndao": "/bin/python3"
2024-06-07 12:09:00.750 [info] [Info  - 12:09:00 PM] (30412) Setting environmentName for service "ndao": "3.8.10 (global)"
2024-06-07 12:09:00.799 [info] [Info  - 12:09:00 PM] (30412) Assuming Python version 3.8.10.final.0
2024-06-07 12:09:01.145 [info] [Info  - 12:09:01 PM] (30412) No source files found.
2024-06-07 12:09:01.171 [info] [Info  - 12:09:01 PM] (30412) Setting pythonPath for service "ndao": "/bin/python3"
2024-06-07 12:09:01.171 [info] [Info  - 12:09:01 PM] (30412) Setting environmentName for service "ndao": "3.8.10 (global)"
2024-06-07 12:09:01.222 [info] [Info  - 12:09:01 PM] (30412) Assuming Python version 3.8.10.final.0
2024-06-07 12:09:01.503 [info] [Info  - 12:09:01 PM] (30412) No source files found.
2024-06-07 12:09:01.935 [info] [Info  - 12:09:01 PM] (30412) Setting pythonPath for service "ndao": "/bin/python3"
2024-06-07 12:09:01.936 [info] [Info  - 12:09:01 PM] (30412) Setting environmentName for service "ndao": "3.8.10 (global)"
2024-06-07 12:09:01.981 [info] [Info  - 12:09:01 PM] (30412) Assuming Python version 3.8.10.final.0
2024-06-07 12:09:02.258 [info] [Info  - 12:09:02 PM] (30412) No source files found.
2024-06-07 12:09:02.383 [info] [Info  - 12:09:02 PM] (30412) Setting pythonPath for service "ndao": "/bin/python3"
2024-06-07 12:09:02.385 [info] [Info  - 12:09:02 PM] (30412) Setting environmentName for service "ndao": "3.8.10 (global)"
2024-06-07 12:09:02.451 [info] [Info  - 12:09:02 PM] (30412) Assuming Python version 3.8.10.final.0
2024-06-07 12:09:02.847 [info] [Info  - 12:09:02 PM] (30412) No source files found.
2024-06-07 12:09:02.895 [info] [Info  - 12:09:02 PM] (30412) Setting pythonPath for service "ndao": "/bin/python3"
2024-06-07 12:09:02.896 [info] [Info  - 12:09:02 PM] (30412) Setting environmentName for service "ndao": "3.8.10 (global)"
2024-06-07 12:09:03.283 [info] [Info  - 12:09:03 PM] (30412) Assuming Python version 3.8.10.final.0
2024-06-07 12:09:03.444 [info] [Info  - 12:09:03 PM] (30412) No source files found.
2024-06-07 12:09:03.482 [info] [Info  - 12:09:03 PM] (30412) Setting pythonPath for service "ndao": "/bin/python3"
2024-06-07 12:09:03.493 [info] [Info  - 12:09:03 PM] (30412) Setting environmentName for service "ndao": "3.8.10 (global)"
2024-06-07 12:09:03.551 [info] [Info  - 12:09:03 PM] (30412) Assuming Python version 3.8.10.final.0
2024-06-07 12:09:04.004 [info] [Info  - 12:09:04 PM] (30412) No source files found.
2024-06-07 12:09:04.030 [info] [Info  - 12:09:04 PM] (30412) Setting pythonPath for service "ndao": "/bin/python3"
2024-06-07 12:09:04.030 [info] [Info  - 12:09:04 PM] (30412) Setting environmentName for service "ndao": "3.8.10 (global)"
2024-06-07 12:09:04.073 [info] [Info  - 12:09:04 PM] (30412) Assuming Python version 3.8.10.final.0
2024-06-07 12:09:04.428 [info] [Info  - 12:09:04 PM] (30412) No source files found.
2024-06-07 12:09:04.458 [info] [Info  - 12:09:04 PM] (30412) Setting pythonPath for service "ndao": "/bin/python3"
2024-06-07 12:09:04.459 [info] [Info  - 12:09:04 PM] (30412) Setting environmentName for service "ndao": "3.8.10 (global)"
2024-06-07 12:09:04.540 [info] [Info  - 12:09:04 PM] (30412) Assuming Python version 3.8.10.final.0
2024-06-07 12:09:05.006 [info] [Info  - 12:09:05 PM] (30412) No source files found.
2024-06-07 12:09:05.037 [info] [Info  - 12:09:05 PM] (30412) Setting pythonPath for service "ndao": "/bin/python3"
2024-06-07 12:09:05.037 [info] [Info  - 12:09:05 PM] (30412) Setting environmentName for service "ndao": "3.8.10 (global)"
2024-06-07 12:09:05.068 [info] [Info  - 12:09:05 PM] (30412) Assuming Python version 3.8.10.final.0
2024-06-07 12:09:05.399 [info] [Info  - 12:09:05 PM] (30412) No source files found.
2024-06-07 12:09:05.405 [info] [Info  - 12:09:05 PM] (30412) Setting pythonPath for service "ndao": "/bin/python3"
2024-06-07 12:09:05.405 [info] [Info  - 12:09:05 PM] (30412) Setting environmentName for service "ndao": "3.8.10 (global)"
2024-06-07 12:09:05.450 [info] [Info  - 12:09:05 PM] (30412) Assuming Python version 3.8.10.final.0
2024-06-07 12:09:05.738 [info] [Info  - 12:09:05 PM] (30412) No source files found.
2024-06-07 12:09:36.837 [info] [Info  - 12:09:36 PM] (30412) Setting pythonPath for service "ndao": "/bin/python3"
2024-06-07 12:09:36.838 [info] [Info  - 12:09:36 PM] (30412) Setting environmentName for service "ndao": "3.8.10 (global)"
2024-06-07 12:09:36.939 [info] [Info  - 12:09:36 PM] (30412) Assuming Python version 3.8.10.final.0
2024-06-07 12:09:37.267 [info] [Info  - 12:09:37 PM] (30412) No source files found.
2024-06-07 12:27:38.103 [info] [Info  - 12:27:38 PM] (30412) Setting pythonPath for service "ndao": "/bin/python3"
2024-06-07 12:27:38.106 [info] [Info  - 12:27:38 PM] (30412) Setting environmentName for service "ndao": "3.8.10 (global)"
2024-06-07 12:27:38.177 [info] [Info  - 12:27:38 PM] (30412) Assuming Python version 3.8.10.final.0
2024-06-07 12:27:38.573 [info] [Info  - 12:27:38 PM] (30412) No source files found.
2024-06-07 12:27:38.589 [info] [Info  - 12:27:38 PM] (30412) Setting pythonPath for service "ndao": "/bin/python3"
2024-06-07 12:27:38.589 [info] [Info  - 12:27:38 PM] (30412) Setting environmentName for service "ndao": "3.8.10 (global)"
2024-06-07 12:27:38.624 [info] [Info  - 12:27:38 PM] (30412) Assuming Python version 3.8.10.final.0
2024-06-07 12:27:39.185 [info] [Info  - 12:27:39 PM] (30412) No source files found.
2024-06-07 12:27:39.289 [info] [Info  - 12:27:39 PM] (30412) Setting pythonPath for service "ndao": "/bin/python3"
2024-06-07 12:27:39.289 [info] [Info  - 12:27:39 PM] (30412) Setting environmentName for service "ndao": "3.8.10 (global)"
2024-06-07 12:27:39.321 [info] [Info  - 12:27:39 PM] (30412) Assuming Python version 3.8.10.final.0
2024-06-07 12:27:39.618 [info] [Info  - 12:27:39 PM] (30412) No source files found.
2024-06-07 12:27:44.701 [info] [Info  - 12:27:44 PM] (30412) Setting pythonPath for service "ndao": "/bin/python3"
2024-06-07 12:27:44.702 [info] [Info  - 12:27:44 PM] (30412) Setting environmentName for service "ndao": "3.8.10 (global)"
2024-06-07 12:27:44.787 [info] [Info  - 12:27:44 PM] (30412) Assuming Python version 3.8.10.final.0
2024-06-07 12:27:45.088 [info] [Info  - 12:27:45 PM] (30412) No source files found.
