2024-06-27 08:04:51.587 [info] Extension host with pid 626 started
2024-06-27 08:04:51.648 [info] Lock '/home/ndao/.vscode-server/data/User/workspaceStorage/a14c3a812da8755da87379a0235c592b/vscode.lock': Lock acquired.
2024-06-27 08:04:51.709 [info] ExtensionService#_doActivateExtension vscode.emmet, startup: false, activationEvent: 'onLanguage'
2024-06-27 08:04:51.712 [info] ExtensionService#_doActivateExtension ms-python.python, startup: false, activationEvent: 'onLanguage:yaml', root cause: redhat.ansible
2024-06-27 08:04:51.712 [info] ExtensionService#_doActivateExtension redhat.vscode-yaml, startup: false, activationEvent: 'onLanguage:yaml', root cause: redhat.ansible
2024-06-27 08:04:52.715 [info] ExtensionService#_doActivateExtension vscode.git-base, startup: true, activationEvent: '*', root cause: vscode.git
2024-06-27 08:04:53.069 [info] ExtensionService#_doActivateExtension vscode.git, startup: true, activationEvent: '*'
2024-06-27 08:04:53.071 [info] ExtensionService#_doActivateExtension vscode.github, startup: true, activationEvent: '*'
2024-06-27 08:04:53.707 [info] ExtensionService#_doActivateExtension redhat.ansible, startup: false, activationEvent: 'onLanguage:yaml'
2024-06-27 08:04:54.204 [info] Eager extensions activated
2024-06-27 08:04:54.204 [info] ExtensionService#_doActivateExtension vscode.debug-auto-launch, startup: false, activationEvent: 'onStartupFinished'
2024-06-27 08:04:54.205 [info] ExtensionService#_doActivateExtension vscode.merge-conflict, startup: false, activationEvent: 'onStartupFinished'
2024-06-27 08:04:54.205 [info] ExtensionService#_doActivateExtension Bito.Bito, startup: false, activationEvent: 'onStartupFinished'
2024-06-27 08:04:57.564 [warning] [redhat.vscode-yaml] Accessing a resource scoped configuration without providing a resource is not expected. To get the effective value for '[yaml]', provide the URI of a resource or 'null' for any resource.
2024-06-27 08:04:57.663 [warning] [redhat.vscode-yaml] Accessing a resource scoped configuration without providing a resource is not expected. To get the effective value for '[yaml]', provide the URI of a resource or 'null' for any resource.
2024-06-27 08:04:57.829 [info] ExtensionService#_doActivateExtension ms-python.vscode-pylance, startup: false, activationEvent: 'api', root cause: ms-python.python
2024-06-27 15:19:59.773 [info] ExtensionService#_doActivateExtension vscode.json-language-features, startup: false, activationEvent: 'onLanguage:jsonc'
2024-06-27 15:19:59.774 [info] ExtensionService#_doActivateExtension vscode.typescript-language-features, startup: false, activationEvent: 'onLanguage:jsonc'
2024-06-27 15:20:00.084 [warning] [redhat.vscode-yaml] Accessing a resource scoped configuration without providing a resource is not expected. To get the effective value for '[yaml]', provide the URI of a resource or 'null' for any resource.
2024-06-27 15:20:00.549 [warning] [redhat.vscode-yaml] Accessing a resource scoped configuration without providing a resource is not expected. To get the effective value for '[yaml]', provide the URI of a resource or 'null' for any resource.
2024-06-27 15:25:02.894 [warning] [redhat.vscode-yaml] Accessing a resource scoped configuration without providing a resource is not expected. To get the effective value for '[yaml]', provide the URI of a resource or 'null' for any resource.
2024-06-27 15:30:51.043 [warning] [redhat.vscode-yaml] Accessing a resource scoped configuration without providing a resource is not expected. To get the effective value for '[yaml]', provide the URI of a resource or 'null' for any resource.
2024-06-27 15:31:05.230 [warning] [redhat.vscode-yaml] Accessing a resource scoped configuration without providing a resource is not expected. To get the effective value for '[yaml]', provide the URI of a resource or 'null' for any resource.
2024-06-27 15:31:05.603 [warning] [redhat.vscode-yaml] Accessing a resource scoped configuration without providing a resource is not expected. To get the effective value for '[yaml]', provide the URI of a resource or 'null' for any resource.
2024-06-27 15:31:06.041 [warning] [redhat.vscode-yaml] Accessing a resource scoped configuration without providing a resource is not expected. To get the effective value for '[yaml]', provide the URI of a resource or 'null' for any resource.
2024-06-27 15:31:06.696 [warning] [redhat.vscode-yaml] Accessing a resource scoped configuration without providing a resource is not expected. To get the effective value for '[yaml]', provide the URI of a resource or 'null' for any resource.
2024-06-27 15:31:07.194 [warning] [redhat.vscode-yaml] Accessing a resource scoped configuration without providing a resource is not expected. To get the effective value for '[yaml]', provide the URI of a resource or 'null' for any resource.
2024-06-27 15:31:07.584 [warning] [redhat.vscode-yaml] Accessing a resource scoped configuration without providing a resource is not expected. To get the effective value for '[yaml]', provide the URI of a resource or 'null' for any resource.
2024-06-27 15:31:17.008 [warning] [redhat.vscode-yaml] Accessing a resource scoped configuration without providing a resource is not expected. To get the effective value for '[yaml]', provide the URI of a resource or 'null' for any resource.
2024-06-27 15:31:17.221 [warning] [redhat.vscode-yaml] Accessing a resource scoped configuration without providing a resource is not expected. To get the effective value for '[yaml]', provide the URI of a resource or 'null' for any resource.
2024-06-27 15:31:17.647 [warning] [redhat.vscode-yaml] Accessing a resource scoped configuration without providing a resource is not expected. To get the effective value for '[yaml]', provide the URI of a resource or 'null' for any resource.
2024-06-27 15:31:18.183 [warning] [redhat.vscode-yaml] Accessing a resource scoped configuration without providing a resource is not expected. To get the effective value for '[yaml]', provide the URI of a resource or 'null' for any resource.
2024-06-27 15:31:18.728 [warning] [redhat.vscode-yaml] Accessing a resource scoped configuration without providing a resource is not expected. To get the effective value for '[yaml]', provide the URI of a resource or 'null' for any resource.
2024-06-27 15:31:19.153 [warning] [redhat.vscode-yaml] Accessing a resource scoped configuration without providing a resource is not expected. To get the effective value for '[yaml]', provide the URI of a resource or 'null' for any resource.
2024-06-27 15:31:19.748 [warning] [redhat.vscode-yaml] Accessing a resource scoped configuration without providing a resource is not expected. To get the effective value for '[yaml]', provide the URI of a resource or 'null' for any resource.
2024-06-27 15:31:25.452 [warning] [redhat.vscode-yaml] Accessing a resource scoped configuration without providing a resource is not expected. To get the effective value for '[yaml]', provide the URI of a resource or 'null' for any resource.
2024-06-27 15:31:26.421 [warning] [redhat.vscode-yaml] Accessing a resource scoped configuration without providing a resource is not expected. To get the effective value for '[yaml]', provide the URI of a resource or 'null' for any resource.
2024-06-27 15:31:28.403 [warning] [redhat.vscode-yaml] Accessing a resource scoped configuration without providing a resource is not expected. To get the effective value for '[yaml]', provide the URI of a resource or 'null' for any resource.
2024-06-27 15:49:44.962 [info] Extension host terminating: received terminate message from renderer
2024-06-27 15:49:44.963 [info] Lock '/home/ndao/.vscode-server/data/User/workspaceStorage/a14c3a812da8755da87379a0235c592b/vscode.lock': Marking the lockfile as scheduled to be released in 6000 ms.
2024-06-27 15:49:45.115 [error] Canceled: Canceled
	at new A (/home/ndao/.vscode-server/bin/5437499feb04f7a586f677b155b039bc2b3669eb/out/vs/workbench/api/node/extensionHostProcess.js:145:50615)
	at E.U (/home/ndao/.vscode-server/bin/5437499feb04f7a586f677b155b039bc2b3669eb/out/vs/workbench/api/node/extensionHostProcess.js:152:6007)
	at z.<computed>.M.charCodeAt.R.CharCode.DollarSign.z.<computed> (/home/ndao/.vscode-server/bin/5437499feb04f7a586f677b155b039bc2b3669eb/out/vs/workbench/api/node/extensionHostProcess.js:152:3091)
	at h.g (/home/ndao/.vscode-server/bin/5437499feb04f7a586f677b155b039bc2b3669eb/out/vs/workbench/api/node/extensionHostProcess.js:155:199935)
	at h.executeCommand (/home/ndao/.vscode-server/bin/5437499feb04f7a586f677b155b039bc2b3669eb/out/vs/workbench/api/node/extensionHostProcess.js:155:199373)
	at I.registerCommand.description (/home/ndao/.vscode-server/bin/5437499feb04f7a586f677b155b039bc2b3669eb/out/vs/workbench/api/node/extensionHostProcess.js:155:198697)
	at h (/home/ndao/.vscode-server/bin/5437499feb04f7a586f677b155b039bc2b3669eb/out/vs/workbench/api/node/extensionHostProcess.js:155:200474)
	at h.g (/home/ndao/.vscode-server/bin/5437499feb04f7a586f677b155b039bc2b3669eb/out/vs/workbench/api/node/extensionHostProcess.js:155:199466)
	at h.executeCommand (/home/ndao/.vscode-server/bin/5437499feb04f7a586f677b155b039bc2b3669eb/out/vs/workbench/api/node/extensionHostProcess.js:155:199373)
	at Object.executeCommand (/home/ndao/.vscode-server/bin/5437499feb04f7a586f677b155b039bc2b3669eb/out/vs/workbench/api/node/extensionHostProcess.js:165:22742)
	at n.O [as value] (/home/ndao/.vscode-server/bin/5437499feb04f7a586f677b155b039bc2b3669eb/extensions/git/dist/main.js:2:945191)
	at l.y (/home/ndao/.vscode-server/bin/5437499feb04f7a586f677b155b039bc2b3669eb/out/vs/workbench/api/node/extensionHostProcess.js:82:664)
	at l.z (/home/ndao/.vscode-server/bin/5437499feb04f7a586f677b155b039bc2b3669eb/out/vs/workbench/api/node/extensionHostProcess.js:82:734)
	at l.fire (/home/ndao/.vscode-server/bin/5437499feb04f7a586f677b155b039bc2b3669eb/out/vs/workbench/api/node/extensionHostProcess.js:82:950)
	at Object.p [as dispose] (/home/ndao/.vscode-server/bin/5437499feb04f7a586f677b155b039bc2b3669eb/extensions/git/dist/main.js:2:964275)
	at /home/ndao/.vscode-server/bin/5437499feb04f7a586f677b155b039bc2b3669eb/extensions/git/dist/main.js:2:970313
	at Array.forEach (<anonymous>)
	at f.dispose (/home/ndao/.vscode-server/bin/5437499feb04f7a586f677b155b039bc2b3669eb/extensions/git/dist/main.js:2:970299)
	at a.<anonymous> (/home/ndao/.vscode-server/bin/5437499feb04f7a586f677b155b039bc2b3669eb/out/vs/workbench/api/node/extensionHostProcess.js:153:4032)
	at a.dispose (/home/ndao/.vscode-server/bin/5437499feb04f7a586f677b155b039bc2b3669eb/out/vs/workbench/api/node/extensionHostProcess.js:153:4129)
	at a.<anonymous> (/home/ndao/.vscode-server/bin/5437499feb04f7a586f677b155b039bc2b3669eb/extensions/git/dist/main.js:2:947448)
	at a.dispose (/home/ndao/.vscode-server/bin/5437499feb04f7a586f677b155b039bc2b3669eb/out/vs/workbench/api/node/extensionHostProcess.js:153:4129)
	at f (/home/ndao/.vscode-server/bin/5437499feb04f7a586f677b155b039bc2b3669eb/out/vs/workbench/api/node/extensionHostProcess.js:30:744)
	at u.eb (/home/ndao/.vscode-server/bin/5437499feb04f7a586f677b155b039bc2b3669eb/out/vs/workbench/api/node/extensionHostProcess.js:161:9991)
	at /home/ndao/.vscode-server/bin/5437499feb04f7a586f677b155b039bc2b3669eb/out/vs/workbench/api/node/extensionHostProcess.js:161:7867
	at Array.map (<anonymous>)
	at u.$ (/home/ndao/.vscode-server/bin/5437499feb04f7a586f677b155b039bc2b3669eb/out/vs/workbench/api/node/extensionHostProcess.js:161:7854)
	at u.terminate (/home/ndao/.vscode-server/bin/5437499feb04f7a586f677b155b039bc2b3669eb/out/vs/workbench/api/node/extensionHostProcess.js:161:8127)
	at f.terminate (/home/ndao/.vscode-server/bin/5437499feb04f7a586f677b155b039bc2b3669eb/out/vs/workbench/api/node/extensionHostProcess.js:165:1513)
	at t (/home/ndao/.vscode-server/bin/5437499feb04f7a586f677b155b039bc2b3669eb/out/vs/workbench/api/node/extensionHostProcess.js:178:10459)
	at n.value (/home/ndao/.vscode-server/bin/5437499feb04f7a586f677b155b039bc2b3669eb/out/vs/workbench/api/node/extensionHostProcess.js:178:8427)
	at l.y (/home/ndao/.vscode-server/bin/5437499feb04f7a586f677b155b039bc2b3669eb/out/vs/workbench/api/node/extensionHostProcess.js:82:664)
	at l.fire (/home/ndao/.vscode-server/bin/5437499feb04f7a586f677b155b039bc2b3669eb/out/vs/workbench/api/node/extensionHostProcess.js:82:881)
	at s.fire (/home/ndao/.vscode-server/bin/5437499feb04f7a586f677b155b039bc2b3669eb/out/vs/workbench/api/node/extensionHostProcess.js:107:14502)
	at h.z (/home/ndao/.vscode-server/bin/5437499feb04f7a586f677b155b039bc2b3669eb/out/vs/workbench/api/node/extensionHostProcess.js:107:17638)
	at n.value (/home/ndao/.vscode-server/bin/5437499feb04f7a586f677b155b039bc2b3669eb/out/vs/workbench/api/node/extensionHostProcess.js:107:17012)
	at l.y (/home/ndao/.vscode-server/bin/5437499feb04f7a586f677b155b039bc2b3669eb/out/vs/workbench/api/node/extensionHostProcess.js:82:664)
	at l.fire (/home/ndao/.vscode-server/bin/5437499feb04f7a586f677b155b039bc2b3669eb/out/vs/workbench/api/node/extensionHostProcess.js:82:881)
	at u.acceptChunk (/home/ndao/.vscode-server/bin/5437499feb04f7a586f677b155b039bc2b3669eb/out/vs/workbench/api/node/extensionHostProcess.js:107:12248)
	at n.value (/home/ndao/.vscode-server/bin/5437499feb04f7a586f677b155b039bc2b3669eb/out/vs/workbench/api/node/extensionHostProcess.js:107:11518)
	at l.y (/home/ndao/.vscode-server/bin/5437499feb04f7a586f677b155b039bc2b3669eb/out/vs/workbench/api/node/extensionHostProcess.js:82:664)
	at l.fire (/home/ndao/.vscode-server/bin/5437499feb04f7a586f677b155b039bc2b3669eb/out/vs/workbench/api/node/extensionHostProcess.js:82:881)
	at n.z (/home/ndao/.vscode-server/bin/5437499feb04f7a586f677b155b039bc2b3669eb/out/vs/workbench/api/node/extensionHostProcess.js:175:20497)
	at n.acceptFrame (/home/ndao/.vscode-server/bin/5437499feb04f7a586f677b155b039bc2b3669eb/out/vs/workbench/api/node/extensionHostProcess.js:175:20303)
	at g.n (/home/ndao/.vscode-server/bin/5437499feb04f7a586f677b155b039bc2b3669eb/out/vs/workbench/api/node/extensionHostProcess.js:175:18748)
	at /home/ndao/.vscode-server/bin/5437499feb04f7a586f677b155b039bc2b3669eb/out/vs/workbench/api/node/extensionHostProcess.js:175:15675
	at Socket.w (/home/ndao/.vscode-server/bin/5437499feb04f7a586f677b155b039bc2b3669eb/out/vs/workbench/api/node/extensionHostProcess.js:175:13305)
	at Socket.emit (node:events:518:28)
	at addChunk (node:internal/streams/readable:559:12)
	at readableAddChunkPushByteMode (node:internal/streams/readable:510:3)
	at Readable.push (node:internal/streams/readable:390:5)
	at TCP.onStreamRead (node:internal/stream_base_commons:190:23) setContext undefined
2024-06-27 15:49:45.116 [error] Canceled: Canceled
	at new A (/home/ndao/.vscode-server/bin/5437499feb04f7a586f677b155b039bc2b3669eb/out/vs/workbench/api/node/extensionHostProcess.js:145:50615)
	at E.U (/home/ndao/.vscode-server/bin/5437499feb04f7a586f677b155b039bc2b3669eb/out/vs/workbench/api/node/extensionHostProcess.js:152:6007)
	at z.<computed>.M.charCodeAt.R.CharCode.DollarSign.z.<computed> (/home/ndao/.vscode-server/bin/5437499feb04f7a586f677b155b039bc2b3669eb/out/vs/workbench/api/node/extensionHostProcess.js:152:3091)
	at h.g (/home/ndao/.vscode-server/bin/5437499feb04f7a586f677b155b039bc2b3669eb/out/vs/workbench/api/node/extensionHostProcess.js:155:199935)
	at h.executeCommand (/home/ndao/.vscode-server/bin/5437499feb04f7a586f677b155b039bc2b3669eb/out/vs/workbench/api/node/extensionHostProcess.js:155:199373)
	at I.registerCommand.description (/home/ndao/.vscode-server/bin/5437499feb04f7a586f677b155b039bc2b3669eb/out/vs/workbench/api/node/extensionHostProcess.js:155:198697)
	at h (/home/ndao/.vscode-server/bin/5437499feb04f7a586f677b155b039bc2b3669eb/out/vs/workbench/api/node/extensionHostProcess.js:155:200474)
	at h.g (/home/ndao/.vscode-server/bin/5437499feb04f7a586f677b155b039bc2b3669eb/out/vs/workbench/api/node/extensionHostProcess.js:155:199466)
	at h.executeCommand (/home/ndao/.vscode-server/bin/5437499feb04f7a586f677b155b039bc2b3669eb/out/vs/workbench/api/node/extensionHostProcess.js:155:199373)
	at Object.executeCommand (/home/ndao/.vscode-server/bin/5437499feb04f7a586f677b155b039bc2b3669eb/out/vs/workbench/api/node/extensionHostProcess.js:165:22742)
	at set hasGitHubRepositories [as hasGitHubRepositories] (/home/ndao/.vscode-server/bin/5437499feb04f7a586f677b155b039bc2b3669eb/extensions/github/dist/extension.js:2:322969)
	at /home/ndao/.vscode-server/bin/5437499feb04f7a586f677b155b039bc2b3669eb/extensions/github/dist/extension.js:2:323928
	at n.value (/home/ndao/.vscode-server/bin/5437499feb04f7a586f677b155b039bc2b3669eb/extensions/git/dist/main.js:2:1050764)
	at l.y (/home/ndao/.vscode-server/bin/5437499feb04f7a586f677b155b039bc2b3669eb/out/vs/workbench/api/node/extensionHostProcess.js:82:664)
	at l.z (/home/ndao/.vscode-server/bin/5437499feb04f7a586f677b155b039bc2b3669eb/out/vs/workbench/api/node/extensionHostProcess.js:82:734)
	at l.fire (/home/ndao/.vscode-server/bin/5437499feb04f7a586f677b155b039bc2b3669eb/out/vs/workbench/api/node/extensionHostProcess.js:82:950)
	at Object.p [as dispose] (/home/ndao/.vscode-server/bin/5437499feb04f7a586f677b155b039bc2b3669eb/extensions/git/dist/main.js:2:964275)
	at /home/ndao/.vscode-server/bin/5437499feb04f7a586f677b155b039bc2b3669eb/extensions/git/dist/main.js:2:970313
	at Array.forEach (<anonymous>)
	at f.dispose (/home/ndao/.vscode-server/bin/5437499feb04f7a586f677b155b039bc2b3669eb/extensions/git/dist/main.js:2:970299)
	at a.<anonymous> (/home/ndao/.vscode-server/bin/5437499feb04f7a586f677b155b039bc2b3669eb/out/vs/workbench/api/node/extensionHostProcess.js:153:4032)
	at a.dispose (/home/ndao/.vscode-server/bin/5437499feb04f7a586f677b155b039bc2b3669eb/out/vs/workbench/api/node/extensionHostProcess.js:153:4129)
	at a.<anonymous> (/home/ndao/.vscode-server/bin/5437499feb04f7a586f677b155b039bc2b3669eb/extensions/git/dist/main.js:2:947448)
	at a.dispose (/home/ndao/.vscode-server/bin/5437499feb04f7a586f677b155b039bc2b3669eb/out/vs/workbench/api/node/extensionHostProcess.js:153:4129)
	at f (/home/ndao/.vscode-server/bin/5437499feb04f7a586f677b155b039bc2b3669eb/out/vs/workbench/api/node/extensionHostProcess.js:30:744)
	at u.eb (/home/ndao/.vscode-server/bin/5437499feb04f7a586f677b155b039bc2b3669eb/out/vs/workbench/api/node/extensionHostProcess.js:161:9991)
	at /home/ndao/.vscode-server/bin/5437499feb04f7a586f677b155b039bc2b3669eb/out/vs/workbench/api/node/extensionHostProcess.js:161:7867
	at Array.map (<anonymous>)
	at u.$ (/home/ndao/.vscode-server/bin/5437499feb04f7a586f677b155b039bc2b3669eb/out/vs/workbench/api/node/extensionHostProcess.js:161:7854)
	at u.terminate (/home/ndao/.vscode-server/bin/5437499feb04f7a586f677b155b039bc2b3669eb/out/vs/workbench/api/node/extensionHostProcess.js:161:8127)
	at f.terminate (/home/ndao/.vscode-server/bin/5437499feb04f7a586f677b155b039bc2b3669eb/out/vs/workbench/api/node/extensionHostProcess.js:165:1513)
	at t (/home/ndao/.vscode-server/bin/5437499feb04f7a586f677b155b039bc2b3669eb/out/vs/workbench/api/node/extensionHostProcess.js:178:10459)
	at n.value (/home/ndao/.vscode-server/bin/5437499feb04f7a586f677b155b039bc2b3669eb/out/vs/workbench/api/node/extensionHostProcess.js:178:8427)
	at l.y (/home/ndao/.vscode-server/bin/5437499feb04f7a586f677b155b039bc2b3669eb/out/vs/workbench/api/node/extensionHostProcess.js:82:664)
	at l.fire (/home/ndao/.vscode-server/bin/5437499feb04f7a586f677b155b039bc2b3669eb/out/vs/workbench/api/node/extensionHostProcess.js:82:881)
	at s.fire (/home/ndao/.vscode-server/bin/5437499feb04f7a586f677b155b039bc2b3669eb/out/vs/workbench/api/node/extensionHostProcess.js:107:14502)
	at h.z (/home/ndao/.vscode-server/bin/5437499feb04f7a586f677b155b039bc2b3669eb/out/vs/workbench/api/node/extensionHostProcess.js:107:17638)
	at n.value (/home/ndao/.vscode-server/bin/5437499feb04f7a586f677b155b039bc2b3669eb/out/vs/workbench/api/node/extensionHostProcess.js:107:17012)
	at l.y (/home/ndao/.vscode-server/bin/5437499feb04f7a586f677b155b039bc2b3669eb/out/vs/workbench/api/node/extensionHostProcess.js:82:664)
	at l.fire (/home/ndao/.vscode-server/bin/5437499feb04f7a586f677b155b039bc2b3669eb/out/vs/workbench/api/node/extensionHostProcess.js:82:881)
	at u.acceptChunk (/home/ndao/.vscode-server/bin/5437499feb04f7a586f677b155b039bc2b3669eb/out/vs/workbench/api/node/extensionHostProcess.js:107:12248)
	at n.value (/home/ndao/.vscode-server/bin/5437499feb04f7a586f677b155b039bc2b3669eb/out/vs/workbench/api/node/extensionHostProcess.js:107:11518)
	at l.y (/home/ndao/.vscode-server/bin/5437499feb04f7a586f677b155b039bc2b3669eb/out/vs/workbench/api/node/extensionHostProcess.js:82:664)
	at l.fire (/home/ndao/.vscode-server/bin/5437499feb04f7a586f677b155b039bc2b3669eb/out/vs/workbench/api/node/extensionHostProcess.js:82:881)
	at n.z (/home/ndao/.vscode-server/bin/5437499feb04f7a586f677b155b039bc2b3669eb/out/vs/workbench/api/node/extensionHostProcess.js:175:20497)
	at n.acceptFrame (/home/ndao/.vscode-server/bin/5437499feb04f7a586f677b155b039bc2b3669eb/out/vs/workbench/api/node/extensionHostProcess.js:175:20303)
	at g.n (/home/ndao/.vscode-server/bin/5437499feb04f7a586f677b155b039bc2b3669eb/out/vs/workbench/api/node/extensionHostProcess.js:175:18748)
	at /home/ndao/.vscode-server/bin/5437499feb04f7a586f677b155b039bc2b3669eb/out/vs/workbench/api/node/extensionHostProcess.js:175:15675
	at Socket.w (/home/ndao/.vscode-server/bin/5437499feb04f7a586f677b155b039bc2b3669eb/out/vs/workbench/api/node/extensionHostProcess.js:175:13305)
	at Socket.emit (node:events:518:28)
	at addChunk (node:internal/streams/readable:559:12)
	at readableAddChunkPushByteMode (node:internal/streams/readable:510:3)
	at Readable.push (node:internal/streams/readable:390:5)
	at TCP.onStreamRead (node:internal/stream_base_commons:190:23) setContext undefined
2024-06-27 15:49:45.126 [info] Extension host with pid 626 exiting with code 0
