2024-07-15 08:02:13.342 [info] Log level: Info
2024-07-15 08:02:13.342 [info] Validating found git in: "git"
2024-07-15 08:02:13.342 [info] Using git "2.25.1" from "git"
2024-07-15 08:02:13.342 [info] > git rev-parse --show-toplevel [10ms]
2024-07-15 08:02:13.347 [info] > git rev-parse --git-dir --git-common-dir [232ms]
2024-07-15 08:02:13.368 [info] Open repository: /home/ndao/DB_Provisionning
2024-07-15 08:02:13.415 [info] > git rev-parse --show-toplevel [10ms]
2024-07-15 08:02:13.418 [info] > git config --get commit.template [16ms]
2024-07-15 08:02:13.499 [info] > git rev-parse --show-toplevel [37ms]
2024-07-15 08:02:13.507 [info] > git for-each-ref --format=%(refname)%00%(upstream:short)%00%(objectname)%00%(upstream:track)%00%(upstream:remotename)%00%(upstream:remoteref) refs/heads/dev refs/remotes/dev [17ms]
2024-07-15 08:02:14.164 [info] > git rev-parse --show-toplevel [658ms]
2024-07-15 08:02:14.832 [info] > git check-ignore -v -z --stdin [649ms]
2024-07-15 08:02:14.835 [info] > git show --textconv :mysql_setup/sql_backup.yml [593ms]
2024-07-15 08:02:14.840 [info] > git ls-files --stage -- /home/ndao/DB_Provisionning/mysql_setup/sql_backup.yml [590ms]
2024-07-15 08:02:14.866 [info] > git status -z -uall [5ms]
2024-07-15 08:02:14.869 [info] > git cat-file -s d6b8d4add1bdf53614ab18ee6366bed4c6dbffb7 [23ms]
2024-07-15 08:02:15.046 [info] > git for-each-ref --format=%(refname)%00%(upstream:short)%00%(objectname)%00%(upstream:track)%00%(upstream:remotename)%00%(upstream:remoteref) refs/heads/dev refs/remotes/dev [157ms]
2024-07-15 08:02:15.088 [info] > git config --local branch.dev.vscode-merge-base [30ms]
2024-07-15 08:02:15.101 [info] > git config --get commit.template [167ms]
2024-07-15 08:02:15.122 [info] > git for-each-ref --format=%(refname)%00%(upstream:short)%00%(objectname)%00%(upstream:track)%00%(upstream:remotename)%00%(upstream:remoteref) refs/heads/origin/master refs/remotes/origin/master [23ms]
2024-07-15 08:02:15.249 [info] > git merge-base refs/heads/dev refs/remotes/origin/dev [115ms]
2024-07-15 08:02:15.273 [info] > git for-each-ref --format=%(refname)%00%(upstream:short)%00%(objectname)%00%(upstream:track)%00%(upstream:remotename)%00%(upstream:remoteref) refs/heads/dev refs/remotes/dev [130ms]
2024-07-15 08:02:15.299 [info] > git rev-list --count --left-right refs/heads/dev...refs/remotes/origin/dev [45ms]
2024-07-15 08:02:15.316 [info] > git diff --name-status -z --diff-filter=ADMR 66e0e6740507b5adbb4a446c0853d8838bf940d3...refs/remotes/origin/dev [10ms]
2024-07-15 08:02:15.357 [info] > git status -z -uall [14ms]
2024-07-15 08:02:15.474 [info] > git for-each-ref --format=%(refname)%00%(upstream:short)%00%(objectname)%00%(upstream:track)%00%(upstream:remotename)%00%(upstream:remoteref) refs/heads/dev refs/remotes/dev [106ms]
2024-07-15 08:02:15.486 [info] > git config --local branch.dev.vscode-merge-base [8ms]
2024-07-15 08:02:15.496 [info] > git for-each-ref --format=%(refname)%00%(upstream:short)%00%(objectname)%00%(upstream:track)%00%(upstream:remotename)%00%(upstream:remoteref) refs/heads/origin/master refs/remotes/origin/master [6ms]
2024-07-15 08:02:28.095 [info] > git show --textconv :mysql_setup/mysql_setup.yml [7ms]
2024-07-15 08:02:28.097 [info] > git ls-files --stage -- /home/ndao/DB_Provisionning/mysql_setup/mysql_setup.yml [3ms]
2024-07-15 08:02:28.105 [info] > git cat-file -s 886231e69fd822f0dfadabdda97b1c2cf97ab567 [4ms]
2024-07-15 08:02:29.415 [info] > git show --textconv :mysql_setup/sql_loop.yml [20ms]
2024-07-15 08:02:29.424 [info] > git ls-files --stage -- /home/ndao/DB_Provisionning/mysql_setup/sql_loop.yml [14ms]
2024-07-15 08:02:29.450 [info] > git cat-file -s 7cc1bc714487eef4dedd74450fab189079f23209 [13ms]
2024-07-15 08:04:11.783 [info] > git show --textconv :mysql_setup/vars/mysql_vars.yml [17ms]
2024-07-15 08:04:11.789 [info] > git ls-files --stage -- /home/ndao/DB_Provisionning/mysql_setup/vars/mysql_vars.yml [10ms]
2024-07-15 08:04:11.823 [info] > git cat-file -s df0f224ba2f9eec3aaa9982340d05539c5b6ae2f [15ms]
2024-07-15 08:04:11.995 [info] > git check-ignore -v -z --stdin [4ms]
2024-07-15 08:05:26.541 [info] > git show --textconv :mysql_setup/sql_loop.yml [23ms]
2024-07-15 08:05:26.551 [info] > git ls-files --stage -- /home/ndao/DB_Provisionning/mysql_setup/sql_loop.yml [16ms]
2024-07-15 08:05:26.572 [info] > git cat-file -s 7cc1bc714487eef4dedd74450fab189079f23209 [5ms]
2024-07-15 08:11:03.869 [info] > git show --textconv :mysql_setup/mysql_setup.yml [8ms]
2024-07-15 08:11:03.871 [info] > git ls-files --stage -- /home/ndao/DB_Provisionning/mysql_setup/mysql_setup.yml [3ms]
2024-07-15 08:11:03.881 [info] > git cat-file -s 886231e69fd822f0dfadabdda97b1c2cf97ab567 [3ms]
2024-07-15 08:11:19.269 [info] > git show --textconv :mysql_setup/sql_loop.yml [7ms]
2024-07-15 08:11:19.271 [info] > git ls-files --stage -- /home/ndao/DB_Provisionning/mysql_setup/sql_loop.yml [3ms]
2024-07-15 08:11:19.280 [info] > git cat-file -s 7cc1bc714487eef4dedd74450fab189079f23209 [2ms]
2024-07-15 08:12:04.915 [info] > git show --textconv :mysql_setup/mysql_setup.yml [9ms]
2024-07-15 08:12:04.917 [info] > git ls-files --stage -- /home/ndao/DB_Provisionning/mysql_setup/mysql_setup.yml [5ms]
2024-07-15 08:12:04.923 [info] > git cat-file -s 886231e69fd822f0dfadabdda97b1c2cf97ab567 [1ms]
2024-07-15 08:12:30.749 [info] > git show --textconv :mysql_setup/sql_backup.yml [7ms]
2024-07-15 08:12:30.751 [info] > git ls-files --stage -- /home/ndao/DB_Provisionning/mysql_setup/sql_backup.yml [3ms]
2024-07-15 08:12:30.759 [info] > git cat-file -s d6b8d4add1bdf53614ab18ee6366bed4c6dbffb7 [3ms]
2024-07-15 08:12:32.592 [info] > git show --textconv :mysql_setup/sql_loop.yml [8ms]
2024-07-15 08:12:32.594 [info] > git ls-files --stage -- /home/ndao/DB_Provisionning/mysql_setup/sql_loop.yml [3ms]
2024-07-15 08:12:32.603 [info] > git cat-file -s 7cc1bc714487eef4dedd74450fab189079f23209 [2ms]
2024-07-15 08:12:35.244 [info] > git ls-files --stage -- /home/ndao/DB_Provisionning/mysql_setup/sql_setup.yml [2ms]
2024-07-15 08:12:35.253 [info] > git show --textconv :mysql_setup/sql_setup.yml [20ms]
2024-07-15 08:12:35.254 [info] > git cat-file -s 4185eb43aec4c2071255e3f2a5c3a2aa2daf0c05 [3ms]
2024-07-15 08:12:37.162 [info] > git show --textconv :mysql_setup/sql_loop.yml [7ms]
2024-07-15 08:12:37.165 [info] > git ls-files --stage -- /home/ndao/DB_Provisionning/mysql_setup/sql_loop.yml [3ms]
2024-07-15 08:12:37.174 [info] > git cat-file -s 7cc1bc714487eef4dedd74450fab189079f23209 [3ms]
2024-07-15 08:12:41.499 [info] > git show --textconv :mysql_setup/sql_setup.yml [12ms]
2024-07-15 08:12:41.500 [info] > git ls-files --stage -- /home/ndao/DB_Provisionning/mysql_setup/sql_setup.yml [8ms]
2024-07-15 08:12:41.514 [info] > git cat-file -s 4185eb43aec4c2071255e3f2a5c3a2aa2daf0c05 [8ms]
2024-07-15 08:13:06.964 [info] > git show --textconv :mysql_setup/mysql_setup.yml [11ms]
2024-07-15 08:13:06.966 [info] > git ls-files --stage -- /home/ndao/DB_Provisionning/mysql_setup/mysql_setup.yml [6ms]
2024-07-15 08:13:06.976 [info] > git cat-file -s 886231e69fd822f0dfadabdda97b1c2cf97ab567 [4ms]
2024-07-15 08:13:22.487 [info] > git show --textconv :mysql_setup/sql_loop.yml [7ms]
2024-07-15 08:13:22.489 [info] > git ls-files --stage -- /home/ndao/DB_Provisionning/mysql_setup/sql_loop.yml [3ms]
2024-07-15 08:13:22.498 [info] > git cat-file -s 7cc1bc714487eef4dedd74450fab189079f23209 [3ms]
2024-07-15 08:13:44.770 [info] > git show --textconv :mysql_setup/sql_setup.yml [6ms]
2024-07-15 08:13:44.772 [info] > git ls-files --stage -- /home/ndao/DB_Provisionning/mysql_setup/sql_setup.yml [2ms]
2024-07-15 08:13:44.780 [info] > git cat-file -s 4185eb43aec4c2071255e3f2a5c3a2aa2daf0c05 [2ms]
2024-07-15 08:13:52.258 [info] > git show --textconv :mysql_setup/sql_loop.yml [7ms]
2024-07-15 08:13:52.260 [info] > git ls-files --stage -- /home/ndao/DB_Provisionning/mysql_setup/sql_loop.yml [2ms]
2024-07-15 08:13:52.267 [info] > git cat-file -s 7cc1bc714487eef4dedd74450fab189079f23209 [2ms]
2024-07-15 08:13:52.380 [info] > git config --get commit.template [6ms]
2024-07-15 08:13:52.393 [info] > git for-each-ref --format=%(refname)%00%(upstream:short)%00%(objectname)%00%(upstream:track)%00%(upstream:remotename)%00%(upstream:remoteref) refs/heads/dev refs/remotes/dev [3ms]
2024-07-15 08:13:52.402 [info] > git status -z -uall [3ms]
2024-07-15 08:13:52.417 [info] > git for-each-ref --format=%(refname)%00%(upstream:short)%00%(objectname)%00%(upstream:track)%00%(upstream:remotename)%00%(upstream:remoteref) refs/heads/dev refs/remotes/dev [6ms]
2024-07-15 08:13:52.425 [info] > git config --local branch.dev.vscode-merge-base [2ms]
2024-07-15 08:13:52.433 [info] > git for-each-ref --format=%(refname)%00%(upstream:short)%00%(objectname)%00%(upstream:track)%00%(upstream:remotename)%00%(upstream:remoteref) refs/heads/origin/master refs/remotes/origin/master [2ms]
2024-07-15 08:13:57.449 [info] > git config --get commit.template [15ms]
2024-07-15 08:13:57.452 [info] > git for-each-ref --format=%(refname)%00%(upstream:short)%00%(objectname)%00%(upstream:track)%00%(upstream:remotename)%00%(upstream:remoteref) refs/heads/dev refs/remotes/dev [7ms]
2024-07-15 08:13:57.474 [info] > git status -z -uall [7ms]
2024-07-15 08:13:57.493 [info] > git for-each-ref --format=%(refname)%00%(upstream:short)%00%(objectname)%00%(upstream:track)%00%(upstream:remotename)%00%(upstream:remoteref) refs/heads/dev refs/remotes/dev [6ms]
2024-07-15 08:13:57.509 [info] > git config --local branch.dev.vscode-merge-base [5ms]
2024-07-15 08:13:57.523 [info] > git for-each-ref --format=%(refname)%00%(upstream:short)%00%(objectname)%00%(upstream:track)%00%(upstream:remotename)%00%(upstream:remoteref) refs/heads/origin/master refs/remotes/origin/master [3ms]
2024-07-15 08:14:02.956 [info] > git show --textconv :mysql_setup/mysql_setup.yml [7ms]
2024-07-15 08:14:02.960 [info] > git ls-files --stage -- /home/ndao/DB_Provisionning/mysql_setup/mysql_setup.yml [5ms]
2024-07-15 08:14:02.967 [info] > git cat-file -s 886231e69fd822f0dfadabdda97b1c2cf97ab567 [2ms]
2024-07-15 08:15:30.039 [info] > git config --get commit.template [15ms]
2024-07-15 08:15:30.042 [info] > git for-each-ref --format=%(refname)%00%(upstream:short)%00%(objectname)%00%(upstream:track)%00%(upstream:remotename)%00%(upstream:remoteref) refs/heads/dev refs/remotes/dev [4ms]
2024-07-15 08:15:30.066 [info] > git status -z -uall [9ms]
2024-07-15 08:15:30.086 [info] > git for-each-ref --format=%(refname)%00%(upstream:short)%00%(objectname)%00%(upstream:track)%00%(upstream:remotename)%00%(upstream:remoteref) refs/heads/dev refs/remotes/dev [5ms]
2024-07-15 08:15:30.125 [info] > git config --local branch.dev.vscode-merge-base [22ms]
2024-07-15 08:15:30.146 [info] > git for-each-ref --format=%(refname)%00%(upstream:short)%00%(objectname)%00%(upstream:track)%00%(upstream:remotename)%00%(upstream:remoteref) refs/heads/origin/master refs/remotes/origin/master [5ms]
2024-07-15 08:15:31.213 [info] > git show --textconv :mysql_setup/sql_backup.yml [8ms]
2024-07-15 08:15:31.215 [info] > git ls-files --stage -- /home/ndao/DB_Provisionning/mysql_setup/sql_backup.yml [3ms]
2024-07-15 08:15:31.225 [info] > git cat-file -s d6b8d4add1bdf53614ab18ee6366bed4c6dbffb7 [3ms]
2024-07-15 08:15:37.440 [info] > git show --textconv :mysql_setup/sql_loop.yml [10ms]
2024-07-15 08:15:37.442 [info] > git ls-files --stage -- /home/ndao/DB_Provisionning/mysql_setup/sql_loop.yml [6ms]
2024-07-15 08:15:37.450 [info] > git cat-file -s 7cc1bc714487eef4dedd74450fab189079f23209 [3ms]
2024-07-15 08:16:28.426 [info] > git show --textconv :mysql_setup/mysql_setup.yml [5ms]
2024-07-15 08:16:28.427 [info] > git ls-files --stage -- /home/ndao/DB_Provisionning/mysql_setup/mysql_setup.yml [2ms]
2024-07-15 08:16:28.433 [info] > git cat-file -s 886231e69fd822f0dfadabdda97b1c2cf97ab567 [2ms]
2024-07-15 08:16:36.630 [info] > git show --textconv :mysql_setup/sql_backup.yml [9ms]
2024-07-15 08:16:36.631 [info] > git ls-files --stage -- /home/ndao/DB_Provisionning/mysql_setup/sql_backup.yml [4ms]
2024-07-15 08:16:36.639 [info] > git cat-file -s d6b8d4add1bdf53614ab18ee6366bed4c6dbffb7 [2ms]
2024-07-15 08:16:41.830 [info] > git show --textconv :mysql_setup/sql_loop.yml [5ms]
2024-07-15 08:16:41.831 [info] > git ls-files --stage -- /home/ndao/DB_Provisionning/mysql_setup/sql_loop.yml [3ms]
2024-07-15 08:16:41.837 [info] > git cat-file -s 7cc1bc714487eef4dedd74450fab189079f23209 [2ms]
2024-07-15 08:18:15.728 [info] > git show --textconv :mysql_setup/sql_setup.yml [15ms]
2024-07-15 08:18:15.730 [info] > git ls-files --stage -- /home/ndao/DB_Provisionning/mysql_setup/sql_setup.yml [3ms]
2024-07-15 08:18:15.744 [info] > git cat-file -s 4185eb43aec4c2071255e3f2a5c3a2aa2daf0c05 [9ms]
2024-07-15 08:26:24.918 [info] > git show --textconv :mysql_setup/vars/mysql_vars.yml [14ms]
2024-07-15 08:26:24.922 [info] > git ls-files --stage -- /home/ndao/DB_Provisionning/mysql_setup/vars/mysql_vars.yml [5ms]
2024-07-15 08:26:24.938 [info] > git cat-file -s df0f224ba2f9eec3aaa9982340d05539c5b6ae2f [5ms]
2024-07-15 08:41:34.047 [info] > git show --textconv :mysql_setup/sql_setup.yml [12ms]
2024-07-15 08:41:34.049 [info] > git ls-files --stage -- /home/ndao/DB_Provisionning/mysql_setup/sql_setup.yml [5ms]
2024-07-15 08:41:34.056 [info] > git cat-file -s 4185eb43aec4c2071255e3f2a5c3a2aa2daf0c05 [2ms]
2024-07-15 08:49:32.380 [info] > git show --textconv :mysql_setup/mysql_setup.yml [6ms]
2024-07-15 08:49:32.383 [info] > git ls-files --stage -- /home/ndao/DB_Provisionning/mysql_setup/mysql_setup.yml [4ms]
2024-07-15 08:49:32.389 [info] > git cat-file -s 886231e69fd822f0dfadabdda97b1c2cf97ab567 [2ms]
2024-07-15 08:59:22.847 [info] > git show --textconv :mysql_setup/sql_loop.yml [7ms]
2024-07-15 08:59:22.849 [info] > git ls-files --stage -- /home/ndao/DB_Provisionning/mysql_setup/sql_loop.yml [3ms]
2024-07-15 08:59:22.858 [info] > git cat-file -s 7cc1bc714487eef4dedd74450fab189079f23209 [2ms]
2024-07-15 09:07:11.089 [info] > git show --textconv :mysql_setup/mysql_setup.yml [7ms]
2024-07-15 09:07:11.091 [info] > git ls-files --stage -- /home/ndao/DB_Provisionning/mysql_setup/mysql_setup.yml [3ms]
2024-07-15 09:07:11.099 [info] > git cat-file -s 886231e69fd822f0dfadabdda97b1c2cf97ab567 [1ms]
2024-07-15 09:08:13.659 [info] > git show --textconv :mysql_setup/sql_loop.yml [8ms]
2024-07-15 09:08:13.662 [info] > git ls-files --stage -- /home/ndao/DB_Provisionning/mysql_setup/sql_loop.yml [4ms]
2024-07-15 09:08:13.673 [info] > git cat-file -s 7cc1bc714487eef4dedd74450fab189079f23209 [5ms]
2024-07-15 09:08:15.037 [info] > git show --textconv :mysql_setup/sql_setup.yml [6ms]
2024-07-15 09:08:15.038 [info] > git ls-files --stage -- /home/ndao/DB_Provisionning/mysql_setup/sql_setup.yml [2ms]
2024-07-15 09:08:15.046 [info] > git cat-file -s 4185eb43aec4c2071255e3f2a5c3a2aa2daf0c05 [3ms]
2024-07-15 09:08:46.877 [info] > git config --get commit.template [8ms]
2024-07-15 09:08:46.902 [info] > git for-each-ref --format=%(refname)%00%(upstream:short)%00%(objectname)%00%(upstream:track)%00%(upstream:remotename)%00%(upstream:remoteref) refs/heads/dev refs/remotes/dev [11ms]
2024-07-15 09:08:46.932 [info] > git status -z -uall [10ms]
2024-07-15 09:08:46.966 [info] > git for-each-ref --format=%(refname)%00%(upstream:short)%00%(objectname)%00%(upstream:track)%00%(upstream:remotename)%00%(upstream:remoteref) refs/heads/dev refs/remotes/dev [17ms]
2024-07-15 09:08:46.978 [info] > git config --local branch.dev.vscode-merge-base [2ms]
2024-07-15 09:08:46.985 [info] > git for-each-ref --format=%(refname)%00%(upstream:short)%00%(objectname)%00%(upstream:track)%00%(upstream:remotename)%00%(upstream:remoteref) refs/heads/origin/master refs/remotes/origin/master [2ms]
2024-07-15 09:08:46.992 [info] > git merge-base refs/heads/dev refs/remotes/origin/dev [1ms]
2024-07-15 09:08:47.007 [info] > git rev-list --count --left-right refs/heads/dev...refs/remotes/origin/dev [9ms]
2024-07-15 09:08:47.015 [info] > git ls-files --stage -- /home/ndao/DB_Provisionning/mysql_setup/sql_setup.yml [10ms]
2024-07-15 09:08:47.022 [info] > git diff --name-status -z --diff-filter=ADMR 15582a6a4916b4b40a3a665788eb8c9840c44faa...refs/remotes/origin/dev [9ms]
2024-07-15 09:08:47.024 [info] > git cat-file -s 9b8ae870dc428a1018f6906211371c648d346abf [3ms]
2024-07-15 09:08:47.034 [info] > git show --textconv :mysql_setup/sql_setup.yml [2ms]
2024-07-15 09:08:49.686 [info] > git show --textconv :mysql_setup/sql_backup.yml [4ms]
2024-07-15 09:08:49.688 [info] > git ls-files --stage -- /home/ndao/DB_Provisionning/mysql_setup/sql_backup.yml [2ms]
2024-07-15 09:08:49.693 [info] > git cat-file -s d6b8d4add1bdf53614ab18ee6366bed4c6dbffb7 [2ms]
2024-07-15 09:08:51.978 [info] > git config --get commit.template [3ms]
2024-07-15 09:08:51.989 [info] > git for-each-ref --format=%(refname)%00%(upstream:short)%00%(objectname)%00%(upstream:track)%00%(upstream:remotename)%00%(upstream:remoteref) refs/heads/dev refs/remotes/dev [4ms]
2024-07-15 09:08:52.002 [info] > git status -z -uall [3ms]
2024-07-15 09:08:52.039 [info] > git for-each-ref --format=%(refname)%00%(upstream:short)%00%(objectname)%00%(upstream:track)%00%(upstream:remotename)%00%(upstream:remoteref) refs/heads/dev refs/remotes/dev [22ms]
2024-07-15 09:08:52.053 [info] > git config --local branch.dev.vscode-merge-base [2ms]
2024-07-15 09:08:52.075 [info] > git for-each-ref --format=%(refname)%00%(upstream:short)%00%(objectname)%00%(upstream:track)%00%(upstream:remotename)%00%(upstream:remoteref) refs/heads/origin/master refs/remotes/origin/master [6ms]
2024-07-15 09:08:56.985 [info] > git show --textconv :mysql_setup/sql_setup.yml [5ms]
2024-07-15 09:08:56.987 [info] > git ls-files --stage -- /home/ndao/DB_Provisionning/mysql_setup/sql_setup.yml [1ms]
2024-07-15 09:08:56.992 [info] > git cat-file -s 9b8ae870dc428a1018f6906211371c648d346abf [1ms]
2024-07-15 09:08:57.090 [info] > git config --get commit.template [54ms]
2024-07-15 09:08:57.098 [info] > git for-each-ref --format=%(refname)%00%(upstream:short)%00%(objectname)%00%(upstream:track)%00%(upstream:remotename)%00%(upstream:remoteref) refs/heads/dev refs/remotes/dev [3ms]
2024-07-15 09:08:57.106 [info] > git status -z -uall [2ms]
2024-07-15 09:08:57.113 [info] > git for-each-ref --format=%(refname)%00%(upstream:short)%00%(objectname)%00%(upstream:track)%00%(upstream:remotename)%00%(upstream:remoteref) refs/heads/dev refs/remotes/dev [1ms]
2024-07-15 09:08:57.119 [info] > git config --local branch.dev.vscode-merge-base [1ms]
2024-07-15 09:08:57.128 [info] > git for-each-ref --format=%(refname)%00%(upstream:short)%00%(objectname)%00%(upstream:track)%00%(upstream:remotename)%00%(upstream:remoteref) refs/heads/origin/master refs/remotes/origin/master [2ms]
2024-07-15 09:09:06.017 [info] > git show --textconv :mysql_setup/mysql_setup.yml [8ms]
2024-07-15 09:09:06.019 [info] > git ls-files --stage -- /home/ndao/DB_Provisionning/mysql_setup/mysql_setup.yml [3ms]
2024-07-15 09:09:06.028 [info] > git cat-file -s 33fef5ac0bdd22679301f471f2cbb8aabccf725b [3ms]
2024-07-15 09:09:46.383 [info] > git show --textconv :mysql_setup/sql_loop.yml [17ms]
2024-07-15 09:09:46.388 [info] > git ls-files --stage -- /home/ndao/DB_Provisionning/mysql_setup/sql_loop.yml [8ms]
2024-07-15 09:09:46.404 [info] > git cat-file -s 3488e713ba8eec0e7085b95399e37d9da287077b [3ms]
2024-07-15 09:09:50.023 [info] > git show --textconv :mysql_setup/sql_setup.yml [7ms]
2024-07-15 09:09:50.025 [info] > git ls-files --stage -- /home/ndao/DB_Provisionning/mysql_setup/sql_setup.yml [3ms]
2024-07-15 09:09:50.033 [info] > git cat-file -s 9b8ae870dc428a1018f6906211371c648d346abf [2ms]
2024-07-15 09:10:00.398 [info] > git show --textconv :mysql_setup/vars/mysql_vars.yml [18ms]
2024-07-15 09:10:00.404 [info] > git ls-files --stage -- /home/ndao/DB_Provisionning/mysql_setup/vars/mysql_vars.yml [9ms]
2024-07-15 09:10:00.422 [info] > git cat-file -s df0f224ba2f9eec3aaa9982340d05539c5b6ae2f [6ms]
2024-07-15 09:10:03.422 [info] > git show --textconv :mysql_setup/sql_setup.yml [7ms]
2024-07-15 09:10:03.424 [info] > git ls-files --stage -- /home/ndao/DB_Provisionning/mysql_setup/sql_setup.yml [3ms]
2024-07-15 09:10:03.431 [info] > git cat-file -s 9b8ae870dc428a1018f6906211371c648d346abf [2ms]
2024-07-15 09:17:17.246 [info] > git show --textconv :mysql_setup/mysql_setup.yml [6ms]
2024-07-15 09:17:17.248 [info] > git ls-files --stage -- /home/ndao/DB_Provisionning/mysql_setup/mysql_setup.yml [2ms]
2024-07-15 09:17:17.257 [info] > git cat-file -s 33fef5ac0bdd22679301f471f2cbb8aabccf725b [4ms]
2024-07-15 09:19:15.875 [info] > git show --textconv :mysql_setup/sql_loop.yml [6ms]
2024-07-15 09:19:15.876 [info] > git ls-files --stage -- /home/ndao/DB_Provisionning/mysql_setup/sql_loop.yml [2ms]
2024-07-15 09:19:15.883 [info] > git cat-file -s 3488e713ba8eec0e7085b95399e37d9da287077b [2ms]
2024-07-15 09:19:21.629 [info] > git show --textconv :mysql_setup/sql_setup.yml [7ms]
2024-07-15 09:19:21.632 [info] > git ls-files --stage -- /home/ndao/DB_Provisionning/mysql_setup/sql_setup.yml [4ms]
2024-07-15 09:19:21.640 [info] > git cat-file -s 9b8ae870dc428a1018f6906211371c648d346abf [2ms]
2024-07-15 09:19:33.961 [info] > git show --textconv :mysql_setup/sql_loop.yml [7ms]
2024-07-15 09:19:33.962 [info] > git ls-files --stage -- /home/ndao/DB_Provisionning/mysql_setup/sql_loop.yml [2ms]
2024-07-15 09:19:33.969 [info] > git cat-file -s 3488e713ba8eec0e7085b95399e37d9da287077b [2ms]
2024-07-15 09:21:07.458 [info] > git config --get commit.template [14ms]
2024-07-15 09:21:07.461 [info] > git for-each-ref --format=%(refname)%00%(upstream:short)%00%(objectname)%00%(upstream:track)%00%(upstream:remotename)%00%(upstream:remoteref) refs/heads/dev refs/remotes/dev [5ms]
2024-07-15 09:21:07.486 [info] > git status -z -uall [8ms]
2024-07-15 09:21:07.523 [info] > git for-each-ref --format=%(refname)%00%(upstream:short)%00%(objectname)%00%(upstream:track)%00%(upstream:remotename)%00%(upstream:remoteref) refs/heads/dev refs/remotes/dev [17ms]
2024-07-15 09:21:07.541 [info] > git config --local branch.dev.vscode-merge-base [4ms]
2024-07-15 09:21:07.560 [info] > git for-each-ref --format=%(refname)%00%(upstream:short)%00%(objectname)%00%(upstream:track)%00%(upstream:remotename)%00%(upstream:remoteref) refs/heads/origin/master refs/remotes/origin/master [5ms]
2024-07-15 09:21:30.854 [info] > git config --get commit.template [13ms]
2024-07-15 09:21:30.855 [info] > git for-each-ref --format=%(refname)%00%(upstream:short)%00%(objectname)%00%(upstream:track)%00%(upstream:remotename)%00%(upstream:remoteref) refs/heads/dev refs/remotes/dev [9ms]
2024-07-15 09:21:30.856 [info] > git ls-files --stage -- /home/ndao/DB_Provisionning/mysql_setup/sql_loop.yml [3ms]
2024-07-15 09:21:30.867 [info] > git cat-file -s 2b35b3976331e7dc8bdd3bd4c823c1fd4658e586 [6ms]
2024-07-15 09:21:30.869 [info] > git status -z -uall [4ms]
2024-07-15 09:21:30.881 [info] > git for-each-ref --format=%(refname)%00%(upstream:short)%00%(objectname)%00%(upstream:track)%00%(upstream:remotename)%00%(upstream:remoteref) refs/heads/dev refs/remotes/dev [5ms]
2024-07-15 09:21:30.889 [info] > git config --local branch.dev.vscode-merge-base [2ms]
2024-07-15 09:21:30.902 [info] > git for-each-ref --format=%(refname)%00%(upstream:short)%00%(objectname)%00%(upstream:track)%00%(upstream:remotename)%00%(upstream:remoteref) refs/heads/origin/master refs/remotes/origin/master [8ms]
2024-07-15 09:21:30.909 [info] > git show --textconv :mysql_setup/sql_loop.yml [9ms]
2024-07-15 09:21:30.910 [info] > git merge-base refs/heads/dev refs/remotes/origin/dev [2ms]
2024-07-15 09:21:30.917 [info] > git rev-list --count --left-right refs/heads/dev...refs/remotes/origin/dev [2ms]
2024-07-15 09:21:30.926 [info] > git diff --name-status -z --diff-filter=ADMR 689b8d467ed6767a7d153fadc35fd4911c7289b8...refs/remotes/origin/dev [3ms]
2024-07-15 09:22:56.522 [info] > git config --get commit.template [6ms]
2024-07-15 09:22:56.533 [info] > git for-each-ref --format=%(refname)%00%(upstream:short)%00%(objectname)%00%(upstream:track)%00%(upstream:remotename)%00%(upstream:remoteref) refs/heads/dev refs/remotes/dev [2ms]
2024-07-15 09:22:56.546 [info] > git status -z -uall [4ms]
2024-07-15 09:22:56.556 [info] > git for-each-ref --format=%(refname)%00%(upstream:short)%00%(objectname)%00%(upstream:track)%00%(upstream:remotename)%00%(upstream:remoteref) refs/heads/dev refs/remotes/dev [5ms]
2024-07-15 09:22:56.563 [info] > git config --local branch.dev.vscode-merge-base [1ms]
2024-07-15 09:22:56.570 [info] > git for-each-ref --format=%(refname)%00%(upstream:short)%00%(objectname)%00%(upstream:track)%00%(upstream:remotename)%00%(upstream:remoteref) refs/heads/origin/master refs/remotes/origin/master [1ms]
2024-07-15 09:28:25.839 [info] > git show --textconv :mysql_setup/mysql_setup.yml [6ms]
2024-07-15 09:28:25.840 [info] > git ls-files --stage -- /home/ndao/DB_Provisionning/mysql_setup/mysql_setup.yml [3ms]
2024-07-15 09:28:25.845 [info] > git cat-file -s 33fef5ac0bdd22679301f471f2cbb8aabccf725b [2ms]
2024-07-15 09:28:39.843 [info] > git show --textconv :mysql_setup/sql_setup.yml [17ms]
2024-07-15 09:28:39.849 [info] > git ls-files --stage -- /home/ndao/DB_Provisionning/mysql_setup/sql_setup.yml [8ms]
2024-07-15 09:28:39.859 [info] > git cat-file -s 9b8ae870dc428a1018f6906211371c648d346abf [3ms]
2024-07-15 09:32:56.109 [info] > git show --textconv :mysql_setup/sql_loop.yml [8ms]
2024-07-15 09:32:56.111 [info] > git ls-files --stage -- /home/ndao/DB_Provisionning/mysql_setup/sql_loop.yml [3ms]
2024-07-15 09:32:56.118 [info] > git cat-file -s 2b35b3976331e7dc8bdd3bd4c823c1fd4658e586 [2ms]
2024-07-15 09:36:30.609 [info] > git show --textconv :mysql_setup/mysql_setup.yml [7ms]
2024-07-15 09:36:30.611 [info] > git ls-files --stage -- /home/ndao/DB_Provisionning/mysql_setup/mysql_setup.yml [3ms]
2024-07-15 09:36:30.620 [info] > git cat-file -s 33fef5ac0bdd22679301f471f2cbb8aabccf725b [2ms]
2024-07-15 09:38:06.900 [info] > git config --get commit.template [12ms]
2024-07-15 09:38:06.901 [info] > git for-each-ref --format=%(refname)%00%(upstream:short)%00%(objectname)%00%(upstream:track)%00%(upstream:remotename)%00%(upstream:remoteref) refs/heads/dev refs/remotes/dev [6ms]
2024-07-15 09:38:06.913 [info] > git status -z -uall [4ms]
2024-07-15 09:38:06.932 [info] > git for-each-ref --format=%(refname)%00%(upstream:short)%00%(objectname)%00%(upstream:track)%00%(upstream:remotename)%00%(upstream:remoteref) refs/heads/dev refs/remotes/dev [7ms]
2024-07-15 09:38:06.944 [info] > git config --local branch.dev.vscode-merge-base [3ms]
2024-07-15 09:38:06.955 [info] > git for-each-ref --format=%(refname)%00%(upstream:short)%00%(objectname)%00%(upstream:track)%00%(upstream:remotename)%00%(upstream:remoteref) refs/heads/origin/master refs/remotes/origin/master [4ms]
2024-07-15 09:38:25.829 [info] > git config --get commit.template [37ms]
2024-07-15 09:38:25.832 [info] > git ls-files --stage -- /home/ndao/DB_Provisionning/mysql_setup/mysql_setup.yml [8ms]
2024-07-15 09:38:25.845 [info] > git for-each-ref --format=%(refname)%00%(upstream:short)%00%(objectname)%00%(upstream:track)%00%(upstream:remotename)%00%(upstream:remoteref) refs/heads/dev refs/remotes/dev [37ms]
2024-07-15 09:38:25.847 [info] > git cat-file -s 0a051a2089c9363a95f042178d6cb50337acc684 [3ms]
2024-07-15 09:38:25.869 [info] > git status -z -uall [14ms]
2024-07-15 09:38:25.882 [info] > git show --textconv :mysql_setup/mysql_setup.yml [16ms]
2024-07-15 09:38:25.882 [info] > git for-each-ref --format=%(refname)%00%(upstream:short)%00%(objectname)%00%(upstream:track)%00%(upstream:remotename)%00%(upstream:remoteref) refs/heads/dev refs/remotes/dev [6ms]
2024-07-15 09:38:25.890 [info] > git config --local branch.dev.vscode-merge-base [2ms]
2024-07-15 09:38:25.899 [info] > git for-each-ref --format=%(refname)%00%(upstream:short)%00%(objectname)%00%(upstream:track)%00%(upstream:remotename)%00%(upstream:remoteref) refs/heads/origin/master refs/remotes/origin/master [2ms]
2024-07-15 09:38:25.910 [info] > git merge-base refs/heads/dev refs/remotes/origin/dev [5ms]
2024-07-15 09:38:25.920 [info] > git rev-list --count --left-right refs/heads/dev...refs/remotes/origin/dev [4ms]
2024-07-15 09:38:25.928 [info] > git diff --name-status -z --diff-filter=ADMR 5bffb6eec616496047d40f7e8d2bd6568d4865e6...refs/remotes/origin/dev [3ms]
2024-07-15 09:38:35.229 [info] > git show --textconv :mysql_setup/sql_loop.yml [7ms]
2024-07-15 09:38:35.230 [info] > git ls-files --stage -- /home/ndao/DB_Provisionning/mysql_setup/sql_loop.yml [3ms]
2024-07-15 09:38:35.236 [info] > git cat-file -s 2b35b3976331e7dc8bdd3bd4c823c1fd4658e586 [2ms]
2024-07-15 09:46:08.016 [info] > git config --get commit.template [10ms]
2024-07-15 09:46:08.019 [info] > git for-each-ref --format=%(refname)%00%(upstream:short)%00%(objectname)%00%(upstream:track)%00%(upstream:remotename)%00%(upstream:remoteref) refs/heads/dev refs/remotes/dev [5ms]
2024-07-15 09:46:08.034 [info] > git status -z -uall [4ms]
2024-07-15 09:46:08.051 [info] > git for-each-ref --format=%(refname)%00%(upstream:short)%00%(objectname)%00%(upstream:track)%00%(upstream:remotename)%00%(upstream:remoteref) refs/heads/dev refs/remotes/dev [8ms]
2024-07-15 09:46:08.064 [info] > git config --local branch.dev.vscode-merge-base [4ms]
2024-07-15 09:46:08.077 [info] > git for-each-ref --format=%(refname)%00%(upstream:short)%00%(objectname)%00%(upstream:track)%00%(upstream:remotename)%00%(upstream:remoteref) refs/heads/origin/master refs/remotes/origin/master [4ms]
2024-07-15 09:46:14.874 [info] > git show --textconv :mysql_setup/mysql_setup.yml [7ms]
2024-07-15 09:46:14.876 [info] > git ls-files --stage -- /home/ndao/DB_Provisionning/mysql_setup/mysql_setup.yml [4ms]
2024-07-15 09:46:14.881 [info] > git cat-file -s 0a051a2089c9363a95f042178d6cb50337acc684 [2ms]
2024-07-15 09:46:29.416 [info] > git config --get commit.template [9ms]
2024-07-15 09:46:29.418 [info] > git for-each-ref --format=%(refname)%00%(upstream:short)%00%(objectname)%00%(upstream:track)%00%(upstream:remotename)%00%(upstream:remoteref) refs/heads/dev refs/remotes/dev [3ms]
2024-07-15 09:46:29.433 [info] > git status -z -uall [5ms]
2024-07-15 09:46:29.452 [info] > git for-each-ref --format=%(refname)%00%(upstream:short)%00%(objectname)%00%(upstream:track)%00%(upstream:remotename)%00%(upstream:remoteref) refs/heads/dev refs/remotes/dev [7ms]
2024-07-15 09:46:29.464 [info] > git config --local branch.dev.vscode-merge-base [3ms]
2024-07-15 09:46:29.476 [info] > git for-each-ref --format=%(refname)%00%(upstream:short)%00%(objectname)%00%(upstream:track)%00%(upstream:remotename)%00%(upstream:remoteref) refs/heads/origin/master refs/remotes/origin/master [3ms]
2024-07-15 09:47:11.907 [info] > git config --get commit.template [27ms]
2024-07-15 09:47:11.909 [info] > git for-each-ref --format=%(refname)%00%(upstream:short)%00%(objectname)%00%(upstream:track)%00%(upstream:remotename)%00%(upstream:remoteref) refs/heads/dev refs/remotes/dev [17ms]
2024-07-15 09:47:11.911 [info] > git ls-files --stage -- /home/ndao/DB_Provisionning/mysql_setup/mysql_setup.yml [6ms]
2024-07-15 09:47:11.941 [info] > git status -z -uall [6ms]
2024-07-15 09:47:11.941 [info] > git cat-file -s 582d21e63af40d71c1e60ca53a54d85a9659ef2d [18ms]
2024-07-15 09:47:11.983 [info] > git for-each-ref --format=%(refname)%00%(upstream:short)%00%(objectname)%00%(upstream:track)%00%(upstream:remotename)%00%(upstream:remoteref) refs/heads/dev refs/remotes/dev [24ms]
2024-07-15 09:47:12.004 [info] > git show --textconv :mysql_setup/mysql_setup.yml [23ms]
2024-07-15 09:47:12.008 [info] > git config --local branch.dev.vscode-merge-base [12ms]
2024-07-15 09:47:12.026 [info] > git for-each-ref --format=%(refname)%00%(upstream:short)%00%(objectname)%00%(upstream:track)%00%(upstream:remotename)%00%(upstream:remoteref) refs/heads/origin/master refs/remotes/origin/master [4ms]
2024-07-15 09:47:12.042 [info] > git merge-base refs/heads/dev refs/remotes/origin/dev [5ms]
2024-07-15 09:47:12.058 [info] > git rev-list --count --left-right refs/heads/dev...refs/remotes/origin/dev [6ms]
2024-07-15 09:47:12.074 [info] > git diff --name-status -z --diff-filter=ADMR 0435554b9424293975a1c8a3ed26df556dee34a9...refs/remotes/origin/dev [5ms]
2024-07-15 09:47:16.994 [info] > git config --get commit.template [11ms]
2024-07-15 09:47:16.998 [info] > git for-each-ref --format=%(refname)%00%(upstream:short)%00%(objectname)%00%(upstream:track)%00%(upstream:remotename)%00%(upstream:remoteref) refs/heads/dev refs/remotes/dev [4ms]
2024-07-15 09:47:17.013 [info] > git status -z -uall [5ms]
2024-07-15 09:47:17.028 [info] > git for-each-ref --format=%(refname)%00%(upstream:short)%00%(objectname)%00%(upstream:track)%00%(upstream:remotename)%00%(upstream:remoteref) refs/heads/dev refs/remotes/dev [4ms]
2024-07-15 09:47:17.048 [info] > git config --local branch.dev.vscode-merge-base [8ms]
2024-07-15 09:47:17.062 [info] > git for-each-ref --format=%(refname)%00%(upstream:short)%00%(objectname)%00%(upstream:track)%00%(upstream:remotename)%00%(upstream:remoteref) refs/heads/origin/master refs/remotes/origin/master [4ms]
2024-07-15 09:47:49.187 [info] > git show --textconv :mysql_setup/sql_loop.yml [13ms]
2024-07-15 09:47:49.189 [info] > git ls-files --stage -- /home/ndao/DB_Provisionning/mysql_setup/sql_loop.yml [6ms]
2024-07-15 09:47:49.196 [info] > git cat-file -s c5bc08843b0c4da7e9ad046f383041fe297a6136 [2ms]
2024-07-15 09:47:49.992 [info] > git show --textconv :mysql_setup/sql_setup.yml [5ms]
2024-07-15 09:47:49.993 [info] > git ls-files --stage -- /home/ndao/DB_Provisionning/mysql_setup/sql_setup.yml [2ms]
2024-07-15 09:47:49.999 [info] > git cat-file -s 9b8ae870dc428a1018f6906211371c648d346abf [1ms]
2024-07-15 09:47:54.494 [info] > git show --textconv :mysql_setup/mysql_setup.yml [16ms]
2024-07-15 09:47:54.498 [info] > git ls-files --stage -- /home/ndao/DB_Provisionning/mysql_setup/mysql_setup.yml [6ms]
2024-07-15 09:47:54.515 [info] > git cat-file -s 582d21e63af40d71c1e60ca53a54d85a9659ef2d [5ms]
2024-07-15 09:49:53.974 [info] > git show --textconv :mysql_setup/sql_loop.yml [6ms]
2024-07-15 09:49:53.977 [info] > git ls-files --stage -- /home/ndao/DB_Provisionning/mysql_setup/sql_loop.yml [3ms]
2024-07-15 09:49:53.985 [info] > git cat-file -s c5bc08843b0c4da7e9ad046f383041fe297a6136 [2ms]
2024-07-15 09:50:02.482 [info] > git show --textconv :mysql_setup/mysql_setup.yml [7ms]
2024-07-15 09:50:02.484 [info] > git ls-files --stage -- /home/ndao/DB_Provisionning/mysql_setup/mysql_setup.yml [3ms]
2024-07-15 09:50:02.491 [info] > git cat-file -s 582d21e63af40d71c1e60ca53a54d85a9659ef2d [2ms]
2024-07-15 09:50:06.246 [info] > git show --textconv :mysql_setup/sql_loop.yml [5ms]
2024-07-15 09:50:06.248 [info] > git ls-files --stage -- /home/ndao/DB_Provisionning/mysql_setup/sql_loop.yml [3ms]
2024-07-15 09:50:06.255 [info] > git cat-file -s c5bc08843b0c4da7e9ad046f383041fe297a6136 [2ms]
2024-07-15 09:53:59.128 [info] > git show --textconv :mysql_setup/mysql_setup.yml [5ms]
2024-07-15 09:53:59.129 [info] > git ls-files --stage -- /home/ndao/DB_Provisionning/mysql_setup/mysql_setup.yml [2ms]
2024-07-15 09:53:59.136 [info] > git cat-file -s 582d21e63af40d71c1e60ca53a54d85a9659ef2d [1ms]
2024-07-15 09:54:09.675 [info] > git show --textconv :mysql_setup/sql_setup.yml [8ms]
2024-07-15 09:54:09.678 [info] > git ls-files --stage -- /home/ndao/DB_Provisionning/mysql_setup/sql_setup.yml [5ms]
2024-07-15 09:54:09.685 [info] > git cat-file -s 9b8ae870dc428a1018f6906211371c648d346abf [2ms]
2024-07-15 09:55:02.155 [info] > git show --textconv :mysql_setup/mysql_setup.yml [5ms]
2024-07-15 09:55:02.157 [info] > git ls-files --stage -- /home/ndao/DB_Provisionning/mysql_setup/mysql_setup.yml [3ms]
2024-07-15 09:55:02.162 [info] > git cat-file -s 582d21e63af40d71c1e60ca53a54d85a9659ef2d [1ms]
2024-07-15 09:55:05.543 [info] > git show --textconv :mysql_setup/sql_loop.yml [18ms]
2024-07-15 09:55:05.546 [info] > git ls-files --stage -- /home/ndao/DB_Provisionning/mysql_setup/sql_loop.yml [10ms]
2024-07-15 09:55:05.561 [info] > git cat-file -s c5bc08843b0c4da7e9ad046f383041fe297a6136 [3ms]
2024-07-15 10:02:30.150 [info] > git show --textconv :mysql_setup/sql_setup.yml [13ms]
2024-07-15 10:02:30.153 [info] > git ls-files --stage -- /home/ndao/DB_Provisionning/mysql_setup/sql_setup.yml [5ms]
2024-07-15 10:02:30.170 [info] > git cat-file -s 9b8ae870dc428a1018f6906211371c648d346abf [5ms]
2024-07-15 10:02:32.720 [info] > git show --textconv :mysql_setup/sql_loop.yml [9ms]
2024-07-15 10:02:32.722 [info] > git ls-files --stage -- /home/ndao/DB_Provisionning/mysql_setup/sql_loop.yml [5ms]
2024-07-15 10:02:32.729 [info] > git cat-file -s c5bc08843b0c4da7e9ad046f383041fe297a6136 [1ms]
2024-07-15 10:06:40.514 [info] > git show --textconv :mysql_setup/sql_setup.yml [7ms]
2024-07-15 10:06:40.517 [info] > git ls-files --stage -- /home/ndao/DB_Provisionning/mysql_setup/sql_setup.yml [3ms]
2024-07-15 10:06:40.525 [info] > git cat-file -s 9b8ae870dc428a1018f6906211371c648d346abf [3ms]
2024-07-15 10:07:02.784 [info] > git show --textconv :mysql_setup/sql_loop.yml [8ms]
2024-07-15 10:07:02.785 [info] > git ls-files --stage -- /home/ndao/DB_Provisionning/mysql_setup/sql_loop.yml [4ms]
2024-07-15 10:07:02.791 [info] > git cat-file -s c5bc08843b0c4da7e9ad046f383041fe297a6136 [2ms]
2024-07-15 10:07:12.214 [info] > git show --textconv :mysql_setup/sql_setup.yml [10ms]
2024-07-15 10:07:12.218 [info] > git ls-files --stage -- /home/ndao/DB_Provisionning/mysql_setup/sql_setup.yml [8ms]
2024-07-15 10:07:12.227 [info] > git cat-file -s 9b8ae870dc428a1018f6906211371c648d346abf [3ms]
2024-07-15 10:07:45.164 [info] > git show --textconv :mysql_setup/sql_loop.yml [5ms]
2024-07-15 10:07:45.167 [info] > git ls-files --stage -- /home/ndao/DB_Provisionning/mysql_setup/sql_loop.yml [5ms]
2024-07-15 10:07:45.175 [info] > git cat-file -s c5bc08843b0c4da7e9ad046f383041fe297a6136 [3ms]
2024-07-15 10:07:55.765 [info] > git show --textconv :mysql_setup/sql_setup.yml [9ms]
2024-07-15 10:07:55.767 [info] > git ls-files --stage -- /home/ndao/DB_Provisionning/mysql_setup/sql_setup.yml [3ms]
2024-07-15 10:07:55.777 [info] > git cat-file -s 9b8ae870dc428a1018f6906211371c648d346abf [3ms]
2024-07-15 10:09:03.495 [info] > git show --textconv :mysql_setup/sql_loop.yml [8ms]
2024-07-15 10:09:03.497 [info] > git ls-files --stage -- /home/ndao/DB_Provisionning/mysql_setup/sql_loop.yml [2ms]
2024-07-15 10:09:03.506 [info] > git cat-file -s c5bc08843b0c4da7e9ad046f383041fe297a6136 [4ms]
2024-07-15 10:09:10.661 [info] > git show --textconv :mysql_setup/sql_setup.yml [9ms]
2024-07-15 10:09:10.663 [info] > git ls-files --stage -- /home/ndao/DB_Provisionning/mysql_setup/sql_setup.yml [3ms]
2024-07-15 10:09:10.679 [info] > git cat-file -s 9b8ae870dc428a1018f6906211371c648d346abf [4ms]
2024-07-15 10:09:21.924 [info] > git show --textconv :mysql_setup/sql_loop.yml [12ms]
2024-07-15 10:09:21.926 [info] > git ls-files --stage -- /home/ndao/DB_Provisionning/mysql_setup/sql_loop.yml [4ms]
2024-07-15 10:09:21.941 [info] > git cat-file -s c5bc08843b0c4da7e9ad046f383041fe297a6136 [5ms]
2024-07-15 10:09:30.138 [info] > git show --textconv :mysql_setup/sql_setup.yml [6ms]
2024-07-15 10:09:30.139 [info] > git ls-files --stage -- /home/ndao/DB_Provisionning/mysql_setup/sql_setup.yml [2ms]
2024-07-15 10:09:30.146 [info] > git cat-file -s 9b8ae870dc428a1018f6906211371c648d346abf [2ms]
2024-07-15 10:09:45.356 [info] > git show --textconv :mysql_setup/sql_loop.yml [8ms]
2024-07-15 10:09:45.359 [info] > git ls-files --stage -- /home/ndao/DB_Provisionning/mysql_setup/sql_loop.yml [4ms]
2024-07-15 10:09:45.370 [info] > git cat-file -s c5bc08843b0c4da7e9ad046f383041fe297a6136 [3ms]
2024-07-15 10:09:53.840 [info] > git show --textconv :mysql_setup/sql_setup.yml [6ms]
2024-07-15 10:09:53.841 [info] > git ls-files --stage -- /home/ndao/DB_Provisionning/mysql_setup/sql_setup.yml [2ms]
2024-07-15 10:09:53.849 [info] > git cat-file -s 9b8ae870dc428a1018f6906211371c648d346abf [3ms]
2024-07-15 10:10:08.075 [info] > git show --textconv :mysql_setup/sql_loop.yml [7ms]
2024-07-15 10:10:08.076 [info] > git ls-files --stage -- /home/ndao/DB_Provisionning/mysql_setup/sql_loop.yml [3ms]
2024-07-15 10:10:08.082 [info] > git cat-file -s c5bc08843b0c4da7e9ad046f383041fe297a6136 [2ms]
2024-07-15 10:10:12.922 [info] > git show --textconv :mysql_setup/sql_setup.yml [9ms]
2024-07-15 10:10:12.923 [info] > git ls-files --stage -- /home/ndao/DB_Provisionning/mysql_setup/sql_setup.yml [3ms]
2024-07-15 10:10:12.933 [info] > git cat-file -s 9b8ae870dc428a1018f6906211371c648d346abf [3ms]
2024-07-15 10:11:01.312 [info] > git show --textconv :mysql_setup/sql_loop.yml [8ms]
2024-07-15 10:11:01.314 [info] > git ls-files --stage -- /home/ndao/DB_Provisionning/mysql_setup/sql_loop.yml [3ms]
2024-07-15 10:11:01.323 [info] > git cat-file -s c5bc08843b0c4da7e9ad046f383041fe297a6136 [3ms]
2024-07-15 10:11:11.415 [info] > git show --textconv :mysql_setup/sql_setup.yml [14ms]
2024-07-15 10:11:11.419 [info] > git ls-files --stage -- /home/ndao/DB_Provisionning/mysql_setup/sql_setup.yml [7ms]
2024-07-15 10:11:11.440 [info] > git cat-file -s 9b8ae870dc428a1018f6906211371c648d346abf [9ms]
2024-07-15 10:11:28.419 [info] > git config --get commit.template [12ms]
2024-07-15 10:11:28.421 [info] > git for-each-ref --format=%(refname)%00%(upstream:short)%00%(objectname)%00%(upstream:track)%00%(upstream:remotename)%00%(upstream:remoteref) refs/heads/dev refs/remotes/dev [4ms]
2024-07-15 10:11:28.437 [info] > git status -z -uall [5ms]
2024-07-15 10:11:28.461 [info] > git for-each-ref --format=%(refname)%00%(upstream:short)%00%(objectname)%00%(upstream:track)%00%(upstream:remotename)%00%(upstream:remoteref) refs/heads/dev refs/remotes/dev [12ms]
2024-07-15 10:11:28.474 [info] > git config --local branch.dev.vscode-merge-base [3ms]
2024-07-15 10:11:28.490 [info] > git for-each-ref --format=%(refname)%00%(upstream:short)%00%(objectname)%00%(upstream:track)%00%(upstream:remotename)%00%(upstream:remoteref) refs/heads/origin/master refs/remotes/origin/master [5ms]
2024-07-15 10:19:15.342 [info] > git show --textconv :mysql_setup/sql_loop.yml [8ms]
2024-07-15 10:19:15.346 [info] > git ls-files --stage -- /home/ndao/DB_Provisionning/mysql_setup/sql_loop.yml [4ms]
2024-07-15 10:19:15.355 [info] > git cat-file -s c5bc08843b0c4da7e9ad046f383041fe297a6136 [2ms]
2024-07-15 10:19:29.067 [info] > git config --get commit.template [19ms]
2024-07-15 10:19:29.071 [info] > git for-each-ref --format=%(refname)%00%(upstream:short)%00%(objectname)%00%(upstream:track)%00%(upstream:remotename)%00%(upstream:remoteref) refs/heads/dev refs/remotes/dev [9ms]
2024-07-15 10:19:29.093 [info] > git status -z -uall [5ms]
2024-07-15 10:19:29.124 [info] > git for-each-ref --format=%(refname)%00%(upstream:short)%00%(objectname)%00%(upstream:track)%00%(upstream:remotename)%00%(upstream:remoteref) refs/heads/dev refs/remotes/dev [6ms]
2024-07-15 10:19:29.148 [info] > git config --local branch.dev.vscode-merge-base [8ms]
2024-07-15 10:19:29.169 [info] > git for-each-ref --format=%(refname)%00%(upstream:short)%00%(objectname)%00%(upstream:track)%00%(upstream:remotename)%00%(upstream:remoteref) refs/heads/origin/master refs/remotes/origin/master [5ms]
2024-07-15 10:19:49.465 [info] > git config --get commit.template [34ms]
2024-07-15 10:19:49.469 [info] > git for-each-ref --format=%(refname)%00%(upstream:short)%00%(objectname)%00%(upstream:track)%00%(upstream:remotename)%00%(upstream:remoteref) refs/heads/dev refs/remotes/dev [22ms]
2024-07-15 10:19:49.474 [info] > git ls-files --stage -- /home/ndao/DB_Provisionning/mysql_setup/sql_loop.yml [9ms]
2024-07-15 10:19:49.492 [info] > git cat-file -s 69863c4a6c1d7e17bbecb6b2a64799f7f288a876 [7ms]
2024-07-15 10:19:49.523 [info] > git status -z -uall [15ms]
2024-07-15 10:19:49.556 [info] > git show --textconv :mysql_setup/sql_loop.yml [36ms]
2024-07-15 10:19:49.557 [info] > git for-each-ref --format=%(refname)%00%(upstream:short)%00%(objectname)%00%(upstream:track)%00%(upstream:remotename)%00%(upstream:remoteref) refs/heads/dev refs/remotes/dev [20ms]
2024-07-15 10:19:49.575 [info] > git config --local branch.dev.vscode-merge-base [5ms]
2024-07-15 10:19:49.596 [info] > git for-each-ref --format=%(refname)%00%(upstream:short)%00%(objectname)%00%(upstream:track)%00%(upstream:remotename)%00%(upstream:remoteref) refs/heads/origin/master refs/remotes/origin/master [7ms]
2024-07-15 10:19:49.614 [info] > git merge-base refs/heads/dev refs/remotes/origin/dev [6ms]
2024-07-15 10:19:49.632 [info] > git rev-list --count --left-right refs/heads/dev...refs/remotes/origin/dev [5ms]
2024-07-15 10:19:49.654 [info] > git diff --name-status -z --diff-filter=ADMR cff21996fbc00d765836d9ba09b79e95bca221b8...refs/remotes/origin/dev [6ms]
2024-07-15 10:19:52.043 [info] > git show --textconv :mysql_setup/sql_setup.yml [11ms]
2024-07-15 10:19:52.045 [info] > git ls-files --stage -- /home/ndao/DB_Provisionning/mysql_setup/sql_setup.yml [6ms]
2024-07-15 10:19:52.054 [info] > git cat-file -s 4f923cf2772263055f77faf3c3afd854d749a6a3 [3ms]
2024-07-15 10:20:19.118 [info] > git config --get commit.template [4ms]
2024-07-15 10:20:19.133 [info] > git for-each-ref --format=%(refname)%00%(upstream:short)%00%(objectname)%00%(upstream:track)%00%(upstream:remotename)%00%(upstream:remoteref) refs/heads/dev refs/remotes/dev [4ms]
2024-07-15 10:20:19.151 [info] > git status -z -uall [5ms]
2024-07-15 10:20:19.182 [info] > git for-each-ref --format=%(refname)%00%(upstream:short)%00%(objectname)%00%(upstream:track)%00%(upstream:remotename)%00%(upstream:remoteref) refs/heads/dev refs/remotes/dev [15ms]
2024-07-15 10:20:19.199 [info] > git config --local branch.dev.vscode-merge-base [4ms]
2024-07-15 10:20:19.217 [info] > git for-each-ref --format=%(refname)%00%(upstream:short)%00%(objectname)%00%(upstream:track)%00%(upstream:remotename)%00%(upstream:remoteref) refs/heads/origin/master refs/remotes/origin/master [4ms]
2024-07-15 10:22:21.771 [info] > git config --get commit.template [7ms]
2024-07-15 10:22:21.784 [info] > git for-each-ref --format=%(refname)%00%(upstream:short)%00%(objectname)%00%(upstream:track)%00%(upstream:remotename)%00%(upstream:remoteref) refs/heads/dev refs/remotes/dev [2ms]
2024-07-15 10:22:21.798 [info] > git status -z -uall [3ms]
2024-07-15 10:22:21.813 [info] > git for-each-ref --format=%(refname)%00%(upstream:short)%00%(objectname)%00%(upstream:track)%00%(upstream:remotename)%00%(upstream:remoteref) refs/heads/dev refs/remotes/dev [6ms]
2024-07-15 10:22:21.825 [info] > git config --local branch.dev.vscode-merge-base [2ms]
2024-07-15 10:22:21.833 [info] > git for-each-ref --format=%(refname)%00%(upstream:short)%00%(objectname)%00%(upstream:track)%00%(upstream:remotename)%00%(upstream:remoteref) refs/heads/origin/master refs/remotes/origin/master [2ms]
2024-07-15 10:22:21.843 [info] > git merge-base refs/heads/dev refs/remotes/origin/dev [2ms]
2024-07-15 10:22:21.861 [info] > git rev-list --count --left-right refs/heads/dev...refs/remotes/origin/dev [12ms]
2024-07-15 10:22:21.872 [info] > git ls-files --stage -- /home/ndao/DB_Provisionning/mysql_setup/sql_setup.yml [12ms]
2024-07-15 10:22:21.878 [info] > git diff --name-status -z --diff-filter=ADMR dc5bfd52fd7f5435b60a62dffee172dcba33a9f0...refs/remotes/origin/dev [10ms]
2024-07-15 10:22:21.880 [info] > git cat-file -s 42f8603b12e6a448d46b5345c7c7987a51c638c2 [3ms]
2024-07-15 10:22:21.924 [info] > git show --textconv :mysql_setup/sql_setup.yml [7ms]
