2024-06-12 08:34:57.748 [info] Log level: Info
2024-06-12 08:34:57.749 [info] Validating found git in: "git"
2024-06-12 08:34:57.749 [info] Using git "2.25.1" from "git"
2024-06-12 08:34:57.749 [info] > git rev-parse --show-toplevel [9ms]
2024-06-12 08:34:57.755 [info] > git rev-parse --git-dir --git-common-dir [14ms]
2024-06-12 08:34:57.771 [info] Open repository: /home/ndao
2024-06-12 08:34:57.787 [info] > git config --get commit.template [6ms]
2024-06-12 08:34:57.789 [info] > git rev-parse --show-toplevel [5ms]
2024-06-12 08:34:57.807 [info] > git rev-parse --show-toplevel [8ms]
2024-06-12 08:34:57.816 [info] > git for-each-ref --format=%(refname)%00%(upstream:short)%00%(objectname)%00%(upstream:track)%00%(upstream:remotename)%00%(upstream:remoteref) refs/heads/main refs/remotes/main [23ms]
2024-06-12 08:34:57.820 [info] > git rev-parse --show-toplevel [9ms]
2024-06-12 08:34:57.831 [info] > git rev-parse --show-toplevel [7ms]
2024-06-12 08:34:57.839 [info] > git rev-parse --show-toplevel [2ms]
2024-06-12 08:34:57.853 [info] > git rev-parse --show-toplevel [2ms]
2024-06-12 08:34:57.884 [info] > git rev-parse --show-toplevel [28ms]
2024-06-12 08:34:57.983 [info] > git rev-parse --show-toplevel [95ms]
2024-06-12 08:34:58.135 [info] > git rev-parse --show-toplevel [138ms]
2024-06-12 08:34:58.145 [info] > git rev-parse --show-toplevel [6ms]
2024-06-12 08:34:58.153 [info] > git rev-parse --show-toplevel [3ms]
2024-06-12 08:34:58.176 [info] > git status -z -uall [347ms] (cancelled)
2024-06-12 08:34:58.176 [info] > git show --textconv :mysql_setup/templates/shell_script.sh [15ms]
2024-06-12 08:34:58.177 [info] > git ls-files --stage -- /home/ndao/mysql_setup/templates/shell_script.sh [11ms]
2024-06-12 08:34:58.343 [info] > git check-ignore -v -z --stdin [25ms]
2024-06-12 08:35:03.444 [info] > git merge-base refs/heads/main refs/remotes/origin/main [2542ms]
2024-06-12 08:35:03.451 [info] > git config --get commit.template [17ms]
2024-06-12 08:35:03.456 [info] > git rev-list --count --left-right refs/heads/main...refs/remotes/origin/main [7ms]
2024-06-12 08:35:03.519 [info] > git for-each-ref --format=%(refname)%00%(upstream:short)%00%(objectname)%00%(upstream:track)%00%(upstream:remotename)%00%(upstream:remoteref) refs/heads/main refs/remotes/main [64ms]
2024-06-12 08:35:03.521 [info] > git diff --name-status -z --diff-filter=ADMR be3370facd740a38c7661dc2a634c76ff494dca7...refs/remotes/origin/main [57ms]
2024-06-12 08:35:06.408 [info] > git status -z -uall [2879ms] (cancelled)
2024-06-12 09:09:41.441 [info] > git check-ignore -v -z --stdin [8ms]
2024-06-12 09:11:03.991 [info] > git show --textconv :mysql_setup/vars/mysql_vars.yml [13ms]
2024-06-12 09:11:04.058 [info] > git ls-files --stage -- /home/ndao/mysql_setup/vars/mysql_vars.yml [71ms]
2024-06-12 09:11:04.070 [info] > git cat-file -s 0da8d5fc2be527528b4cfdf341e731133e9debd2 [8ms]
2024-06-12 09:13:40.439 [info] > git show --textconv :mysql_setup/templates/shell_script.sh [9ms]
2024-06-12 09:13:40.443 [info] > git ls-files --stage -- /home/ndao/mysql_setup/templates/shell_script.sh [5ms]
2024-06-12 09:30:45.575 [info] > git show --textconv :mysql_setup/sql_setup.yml [8ms]
2024-06-12 09:30:45.580 [info] > git ls-files --stage -- /home/ndao/mysql_setup/sql_setup.yml [5ms]
2024-06-12 09:30:45.584 [info] > git cat-file -s 5c5b9b855e62d3718558fc898b2780bd8a662a5a [2ms]
2024-06-12 09:40:42.371 [info] > git show --textconv :mysql_setup/templates/shell_script.sh [6ms]
2024-06-12 09:40:42.375 [info] > git ls-files --stage -- /home/ndao/mysql_setup/templates/shell_script.sh [4ms]
2024-06-12 10:37:05.785 [info] > git show --textconv :mysql_setup/sql_setup.yml [7ms]
2024-06-12 10:37:05.790 [info] > git ls-files --stage -- /home/ndao/mysql_setup/sql_setup.yml [5ms]
2024-06-12 10:37:05.795 [info] > git cat-file -s 5c5b9b855e62d3718558fc898b2780bd8a662a5a [2ms]
2024-06-12 10:37:21.390 [info] > git show --textconv :mysql_setup/templates/shell_script.sh [9ms]
2024-06-12 10:37:21.396 [info] > git ls-files --stage -- /home/ndao/mysql_setup/templates/shell_script.sh [6ms]
2024-06-12 14:50:13.731 [info] > git show --textconv :mysql_setup/sql_setup.yml [21ms]
2024-06-12 14:50:13.751 [info] > git ls-files --stage -- /home/ndao/mysql_setup/sql_setup.yml [19ms]
2024-06-12 14:50:13.766 [info] > git cat-file -s 5c5b9b855e62d3718558fc898b2780bd8a662a5a [4ms]
2024-06-12 14:58:30.894 [info] > git show --textconv :mysql_setup/templates/shell_script.sh [14ms]
2024-06-12 14:58:30.900 [info] > git ls-files --stage -- /home/ndao/mysql_setup/templates/shell_script.sh [7ms]
