2024-07-04 08:33:10.096 [info] Log level: Info
2024-07-04 08:33:10.096 [info] Validating found git in: "git"
2024-07-04 08:33:10.096 [info] Using git "2.25.1" from "git"
2024-07-04 08:33:10.096 [info] > git rev-parse --show-toplevel [57ms]
2024-07-04 08:33:10.096 [info] > git rev-parse --git-dir --git-common-dir [28ms]
2024-07-04 08:33:10.096 [info] Open repository: /home/ndao/DB_Provisionning
2024-07-04 08:33:10.096 [info] > git rev-parse --show-toplevel [25ms]
2024-07-04 08:33:10.096 [info] > git config --get commit.template [30ms]
2024-07-04 08:33:10.108 [info] > git rev-parse --show-toplevel [7ms]
2024-07-04 08:33:10.671 [info] > git for-each-ref --format=%(refname)%00%(upstream:short)%00%(objectname)%00%(upstream:track)%00%(upstream:remotename)%00%(upstream:remoteref) refs/heads/dev refs/remotes/dev [565ms]
2024-07-04 08:33:10.679 [info] > git rev-parse --show-toplevel [72ms]
2024-07-04 08:33:10.763 [info] > git check-ignore -v -z --stdin [86ms]
2024-07-04 08:33:10.763 [info] > git show --textconv :mysql_setup/mysql_setup.yml [74ms]
2024-07-04 08:33:10.781 [info] > git ls-files --stage -- /home/ndao/DB_Provisionning/mysql_setup/mysql_setup.yml [88ms]
2024-07-04 08:33:10.855 [info] > git cat-file -s 6d6e18b49cf10614f31184a6b700842f771b2796 [70ms]
2024-07-04 08:33:10.920 [info] > git status -z -uall [68ms]
2024-07-04 08:33:11.024 [info] > git merge-base refs/heads/dev refs/remotes/origin/dev [37ms]
2024-07-04 08:33:11.032 [info] > git config --get commit.template [11ms]
2024-07-04 08:33:11.034 [info] > git rev-list --count --left-right refs/heads/dev...refs/remotes/origin/dev [7ms]
2024-07-04 08:33:11.082 [info] > git for-each-ref --format=%(refname)%00%(upstream:short)%00%(objectname)%00%(upstream:track)%00%(upstream:remotename)%00%(upstream:remoteref) refs/heads/dev refs/remotes/dev [7ms]
2024-07-04 08:33:11.083 [info] > git diff --name-status -z --diff-filter=ADMR 5944ab6d1cb4d08217ad124287217d84f807d287...refs/remotes/origin/dev [45ms]
2024-07-04 08:33:11.105 [info] > git status -z -uall [3ms]
2024-07-04 08:33:16.678 [info] > git show --textconv :mysql_setup/sql_setup.yml [4ms]
2024-07-04 08:33:16.680 [info] > git ls-files --stage -- /home/ndao/DB_Provisionning/mysql_setup/sql_setup.yml [2ms]
2024-07-04 08:33:16.683 [info] > git cat-file -s ff0e02586c4075b8431f33952f7459c37bd73532 [1ms]
2024-07-04 08:35:01.814 [info] > git config --get commit.template [2ms]
2024-07-04 08:35:01.817 [info] > git for-each-ref --format=%(refname)%00%(upstream:short)%00%(objectname)%00%(upstream:track)%00%(upstream:remotename)%00%(upstream:remoteref) refs/heads/dev refs/remotes/dev [1ms]
2024-07-04 08:35:01.822 [info] > git status -z -uall [1ms]
2024-07-04 08:38:14.675 [info] > git config --get commit.template [2ms]
2024-07-04 08:38:14.682 [info] > git for-each-ref --format=%(refname)%00%(upstream:short)%00%(objectname)%00%(upstream:track)%00%(upstream:remotename)%00%(upstream:remoteref) refs/heads/dev refs/remotes/dev [3ms]
2024-07-04 08:38:14.688 [info] > git status -z -uall [2ms]
2024-07-04 08:38:14.698 [info] > git merge-base refs/heads/dev refs/remotes/origin/dev [6ms]
2024-07-04 08:38:14.703 [info] > git rev-list --count --left-right refs/heads/dev...refs/remotes/origin/dev [1ms]
2024-07-04 08:38:14.709 [info] > git diff --name-status -z --diff-filter=ADMR fc4e99c0ce3a48ce614911013d05cdf38697fb29...refs/remotes/origin/dev [1ms]
2024-07-04 08:38:14.724 [info] > git ls-files --stage -- /home/ndao/DB_Provisionning/mysql_setup/sql_setup.yml [1ms]
2024-07-04 08:38:14.729 [info] > git cat-file -s 9112cf958d6997e6bbe0f4592e0bf1a48fae5b60 [1ms]
2024-07-04 08:38:14.739 [info] > git show --textconv :mysql_setup/sql_setup.yml [1ms]
2024-07-04 08:38:24.189 [info] > git show --textconv :mysql_setup/mysql_setup.yml [3ms]
2024-07-04 08:38:24.190 [info] > git ls-files --stage -- /home/ndao/DB_Provisionning/mysql_setup/mysql_setup.yml [1ms]
2024-07-04 08:38:24.194 [info] > git cat-file -s 6d6e18b49cf10614f31184a6b700842f771b2796 [2ms]
2024-07-04 08:38:48.465 [info] > git config --get commit.template [3ms]
2024-07-04 08:38:48.466 [info] > git for-each-ref --format=%(refname)%00%(upstream:short)%00%(objectname)%00%(upstream:track)%00%(upstream:remotename)%00%(upstream:remoteref) refs/heads/dev refs/remotes/dev [1ms]
2024-07-04 08:38:48.470 [info] > git status -z -uall [1ms]
2024-07-04 08:39:12.764 [info] > git config --get commit.template [5ms]
2024-07-04 08:39:12.765 [info] > git ls-files --stage -- /home/ndao/DB_Provisionning/mysql_setup/mysql_setup.yml [1ms]
2024-07-04 08:39:12.771 [info] > git cat-file -s 08b5a775ddcf1c10ad65fe3553b56655f4fce633 [3ms]
2024-07-04 08:39:12.772 [info] > git for-each-ref --format=%(refname)%00%(upstream:short)%00%(objectname)%00%(upstream:track)%00%(upstream:remotename)%00%(upstream:remoteref) refs/heads/dev refs/remotes/dev [1ms]
2024-07-04 08:39:12.779 [info] > git status -z -uall [4ms]
2024-07-04 08:39:12.785 [info] > git show --textconv :mysql_setup/mysql_setup.yml [7ms]
2024-07-04 08:39:12.785 [info] > git merge-base refs/heads/dev refs/remotes/origin/dev [3ms]
2024-07-04 08:39:12.789 [info] > git rev-list --count --left-right refs/heads/dev...refs/remotes/origin/dev [1ms]
2024-07-04 08:39:12.794 [info] > git diff --name-status -z --diff-filter=ADMR ca5f20a17f4a6f6eb30c6daf0bb0813ef986f5b2...refs/remotes/origin/dev [2ms]
2024-07-04 08:40:19.646 [info] > git show --textconv :mysql_setup/sql_loop.yml [8ms]
2024-07-04 08:40:19.647 [info] > git ls-files --stage -- /home/ndao/DB_Provisionning/mysql_setup/sql_loop.yml [2ms]
2024-07-04 08:40:19.652 [info] > git cat-file -s 69863c4a6c1d7e17bbecb6b2a64799f7f288a876 [2ms]
2024-07-04 08:40:21.827 [info] > git show --textconv :mysql_setup/sql_setup.yml [4ms]
2024-07-04 08:40:21.828 [info] > git ls-files --stage -- /home/ndao/DB_Provisionning/mysql_setup/sql_setup.yml [2ms]
2024-07-04 08:40:21.832 [info] > git cat-file -s 9112cf958d6997e6bbe0f4592e0bf1a48fae5b60 [1ms]
2024-07-04 08:40:30.030 [info] > git show --textconv :mysql_setup/sql_loop.yml [6ms]
2024-07-04 08:40:30.030 [info] > git ls-files --stage -- /home/ndao/DB_Provisionning/mysql_setup/sql_loop.yml [3ms]
2024-07-04 08:40:30.036 [info] > git cat-file -s 69863c4a6c1d7e17bbecb6b2a64799f7f288a876 [1ms]
2024-07-04 08:43:08.645 [info] > git check-ignore -v -z --stdin [4ms]
2024-07-04 08:43:10.514 [info] > git show --textconv :mysql_setup/sql_backup.yml [8ms]
2024-07-04 08:43:10.515 [info] > git ls-files --stage -- /home/ndao/DB_Provisionning/mysql_setup/sql_backup.yml [5ms]
2024-07-04 08:43:10.519 [info] > git cat-file -s d6b8d4add1bdf53614ab18ee6366bed4c6dbffb7 [1ms]
2024-07-04 08:43:14.825 [info] > git show --textconv :mysql_setup/sql_loop.yml [4ms]
2024-07-04 08:43:14.826 [info] > git ls-files --stage -- /home/ndao/DB_Provisionning/mysql_setup/sql_loop.yml [2ms]
2024-07-04 08:43:14.830 [info] > git cat-file -s 69863c4a6c1d7e17bbecb6b2a64799f7f288a876 [1ms]
2024-07-04 08:43:17.829 [info] > git show --textconv :mysql_setup/sql_backup.yml [5ms]
2024-07-04 08:43:17.830 [info] > git ls-files --stage -- /home/ndao/DB_Provisionning/mysql_setup/sql_backup.yml [2ms]
2024-07-04 08:43:17.835 [info] > git cat-file -s d6b8d4add1bdf53614ab18ee6366bed4c6dbffb7 [1ms]
2024-07-04 08:43:25.095 [info] > git ls-files --stage -- /home/ndao/DB_Provisionning/mysql_setup/vars/credentials.yaml [2ms]
2024-07-04 08:43:25.100 [info] > git show --textconv :mysql_setup/vars/credentials.yaml [10ms]
2024-07-04 08:43:25.101 [info] > git cat-file -s f454bacf2a31605044bb3941ff9dddf4d9036456 [2ms]
2024-07-04 08:43:26.209 [info] > git show --textconv :mysql_setup/vars/mysql_vars.yml [7ms]
2024-07-04 08:43:26.210 [info] > git ls-files --stage -- /home/ndao/DB_Provisionning/mysql_setup/vars/mysql_vars.yml [3ms]
2024-07-04 08:43:26.215 [info] > git cat-file -s df0f224ba2f9eec3aaa9982340d05539c5b6ae2f [1ms]
2024-07-04 08:43:29.595 [info] > git show --textconv :mysql_setup/vars/credentials.yaml [5ms]
2024-07-04 08:43:29.596 [info] > git ls-files --stage -- /home/ndao/DB_Provisionning/mysql_setup/vars/credentials.yaml [1ms]
2024-07-04 08:43:29.602 [info] > git cat-file -s f454bacf2a31605044bb3941ff9dddf4d9036456 [2ms]
2024-07-04 08:43:34.267 [info] > git show --textconv :mysql_setup/sql_loop.yml [5ms]
2024-07-04 08:43:34.269 [info] > git ls-files --stage -- /home/ndao/DB_Provisionning/mysql_setup/sql_loop.yml [1ms]
2024-07-04 08:43:34.275 [info] > git cat-file -s 69863c4a6c1d7e17bbecb6b2a64799f7f288a876 [1ms]
2024-07-04 09:06:43.545 [info] > git show --textconv :Github.yml [5ms]
2024-07-04 09:06:43.546 [info] > git ls-files --stage -- /home/ndao/DB_Provisionning/Github.yml [2ms]
2024-07-04 09:06:43.555 [info] > git cat-file -s 5f9a825ae03c10d5e17073a189b86468ada025fb [2ms]
2024-07-04 09:07:56.451 [info] > git config --get commit.template [13ms]
2024-07-04 09:07:56.451 [info] > git for-each-ref --format=%(refname)%00%(upstream:short)%00%(objectname)%00%(upstream:track)%00%(upstream:remotename)%00%(upstream:remoteref) refs/heads/dev refs/remotes/dev [3ms]
2024-07-04 09:07:56.459 [info] > git status -z -uall [2ms]
2024-07-04 09:43:31.731 [info] > git for-each-ref --format=%(refname)%00%(upstream:short)%00%(objectname)%00%(upstream:track)%00%(upstream:remotename)%00%(upstream:remoteref) refs/heads/dev refs/remotes/dev [5ms]
2024-07-04 09:43:31.731 [info] > git config --get commit.template [9ms]
2024-07-04 09:43:31.732 [info] > git ls-files --stage -- /home/ndao/DB_Provisionning/Github.yml [2ms]
2024-07-04 09:43:31.737 [info] > git cat-file -s e9ea67c2d0e1fc4327f54bb1019e6b2bc6c6402a [3ms]
2024-07-04 09:43:31.738 [info] > git status -z -uall [1ms]
2024-07-04 09:43:31.747 [info] > git merge-base refs/heads/dev refs/remotes/origin/dev [5ms]
2024-07-04 09:43:31.751 [info] > git show --textconv :Github.yml [5ms]
2024-07-04 09:43:31.752 [info] > git rev-list --count --left-right refs/heads/dev...refs/remotes/origin/dev [1ms]
2024-07-04 09:43:31.756 [info] > git diff --name-status -z --diff-filter=ADMR 7cceb2b937c8eaf107c2af7d19f356e9d80c6f4a...refs/remotes/origin/dev [1ms]
2024-07-04 09:43:37.453 [info] > git show --textconv :mysql_setup/sql_setup.yml [2ms]
2024-07-04 09:43:37.454 [info] > git ls-files --stage -- /home/ndao/DB_Provisionning/mysql_setup/sql_setup.yml [1ms]
2024-07-04 09:43:37.459 [info] > git cat-file -s 9112cf958d6997e6bbe0f4592e0bf1a48fae5b60 [2ms]
2024-07-04 09:49:34.664 [info] > git config --get commit.template [3ms]
2024-07-04 09:49:34.664 [info] > git for-each-ref --format=%(refname)%00%(upstream:short)%00%(objectname)%00%(upstream:track)%00%(upstream:remotename)%00%(upstream:remoteref) refs/heads/dev refs/remotes/dev [1ms]
2024-07-04 09:49:34.669 [info] > git status -z -uall [2ms]
2024-07-04 09:49:35.035 [info] > git show --textconv :mysql_setup/mysql_setup.yml [4ms]
2024-07-04 09:49:35.036 [info] > git ls-files --stage -- /home/ndao/DB_Provisionning/mysql_setup/mysql_setup.yml [2ms]
2024-07-04 09:49:35.042 [info] > git cat-file -s 08b5a775ddcf1c10ad65fe3553b56655f4fce633 [2ms]
2024-07-04 09:50:07.119 [info] > git config --get commit.template [4ms]
2024-07-04 09:50:07.119 [info] > git for-each-ref --format=%(refname)%00%(upstream:short)%00%(objectname)%00%(upstream:track)%00%(upstream:remotename)%00%(upstream:remoteref) refs/heads/dev refs/remotes/dev [1ms]
2024-07-04 09:50:07.123 [info] > git status -z -uall [1ms]
2024-07-04 09:50:41.465 [info] > git config --get commit.template [8ms]
2024-07-04 09:50:41.467 [info] > git ls-files --stage -- /home/ndao/DB_Provisionning/mysql_setup/mysql_setup.yml [3ms]
2024-07-04 09:50:41.469 [info] > git for-each-ref --format=%(refname)%00%(upstream:short)%00%(objectname)%00%(upstream:track)%00%(upstream:remotename)%00%(upstream:remoteref) refs/heads/dev refs/remotes/dev [9ms]
2024-07-04 09:50:41.470 [info] > git cat-file -s 9e48927cb155e895dfb33c92a70cb8eb1e72e5fc [1ms]
2024-07-04 09:50:41.474 [info] > git status -z -uall [1ms]
2024-07-04 09:50:41.484 [info] > git show --textconv :mysql_setup/mysql_setup.yml [1ms]
2024-07-04 09:50:41.484 [info] > git merge-base refs/heads/dev refs/remotes/origin/dev [7ms]
2024-07-04 09:50:41.488 [info] > git rev-list --count --left-right refs/heads/dev...refs/remotes/origin/dev [1ms]
2024-07-04 09:50:41.492 [info] > git diff --name-status -z --diff-filter=ADMR a4dd71bfd15a48f3f865436062627f7312e6ef68...refs/remotes/origin/dev [1ms]
2024-07-04 09:54:58.883 [info] > git show --textconv :mysql_setup/sql_setup.yml [20ms]
2024-07-04 09:54:58.888 [info] > git ls-files --stage -- /home/ndao/DB_Provisionning/mysql_setup/sql_setup.yml [14ms]
2024-07-04 09:54:58.898 [info] > git cat-file -s 66b31dbd69843421e2784a65171d9e9457777a35 [2ms]
2024-07-04 11:17:39.267 [info] > git show --textconv :mysql_setup/sql_loop.yml [4ms]
2024-07-04 11:17:39.268 [info] > git ls-files --stage -- /home/ndao/DB_Provisionning/mysql_setup/sql_loop.yml [1ms]
2024-07-04 11:17:39.273 [info] > git cat-file -s 69863c4a6c1d7e17bbecb6b2a64799f7f288a876 [1ms]
2024-07-04 11:17:52.091 [info] > git show --textconv :mysql_setup/sql_setup.yml [7ms]
2024-07-04 11:17:52.091 [info] > git ls-files --stage -- /home/ndao/DB_Provisionning/mysql_setup/sql_setup.yml [1ms]
2024-07-04 11:17:52.096 [info] > git cat-file -s 66b31dbd69843421e2784a65171d9e9457777a35 [1ms]
2024-07-04 11:21:29.318 [info] > git show --textconv :mysql_setup/sql_loop.yml [3ms]
2024-07-04 11:21:29.318 [info] > git ls-files --stage -- /home/ndao/DB_Provisionning/mysql_setup/sql_loop.yml [1ms]
2024-07-04 11:21:29.322 [info] > git cat-file -s 69863c4a6c1d7e17bbecb6b2a64799f7f288a876 [1ms]
2024-07-04 11:27:34.772 [info] > git config --get commit.template [6ms]
2024-07-04 11:27:34.772 [info] > git for-each-ref --format=%(refname)%00%(upstream:short)%00%(objectname)%00%(upstream:track)%00%(upstream:remotename)%00%(upstream:remoteref) refs/heads/dev refs/remotes/dev [2ms]
2024-07-04 11:27:34.777 [info] > git status -z -uall [1ms]
2024-07-04 11:27:36.187 [info] > git show --textconv :mysql_setup/sql_setup.yml [3ms]
2024-07-04 11:27:36.188 [info] > git ls-files --stage -- /home/ndao/DB_Provisionning/mysql_setup/sql_setup.yml [1ms]
2024-07-04 11:27:36.192 [info] > git cat-file -s 66b31dbd69843421e2784a65171d9e9457777a35 [0ms]
2024-07-04 11:27:48.587 [info] > git config --get commit.template [3ms]
2024-07-04 11:27:48.587 [info] > git for-each-ref --format=%(refname)%00%(upstream:short)%00%(objectname)%00%(upstream:track)%00%(upstream:remotename)%00%(upstream:remoteref) refs/heads/dev refs/remotes/dev [1ms]
2024-07-04 11:27:48.591 [info] > git status -z -uall [1ms]
2024-07-04 11:28:20.343 [info] > git config --get commit.template [8ms]
2024-07-04 11:28:20.344 [info] > git for-each-ref --format=%(refname)%00%(upstream:short)%00%(objectname)%00%(upstream:track)%00%(upstream:remotename)%00%(upstream:remoteref) refs/heads/dev refs/remotes/dev [2ms]
2024-07-04 11:28:20.352 [info] > git status -z -uall [3ms]
2024-07-04 11:29:10.193 [info] > git config --get commit.template [10ms]
2024-07-04 11:29:10.196 [info] > git for-each-ref --format=%(refname)%00%(upstream:short)%00%(objectname)%00%(upstream:track)%00%(upstream:remotename)%00%(upstream:remoteref) refs/heads/dev refs/remotes/dev [7ms]
2024-07-04 11:29:10.204 [info] > git status -z -uall [4ms]
2024-07-04 11:29:10.213 [info] > git merge-base refs/heads/dev refs/remotes/origin/dev [4ms]
2024-07-04 11:29:10.220 [info] > git rev-list --count --left-right refs/heads/dev...refs/remotes/origin/dev [3ms]
2024-07-04 11:29:10.228 [info] > git diff --name-status -z --diff-filter=ADMR c32d8fe4a1f639eee5acb89e08d9c69ab23ee71a...refs/remotes/origin/dev [2ms]
2024-07-04 11:29:10.238 [info] > git ls-files --stage -- /home/ndao/DB_Provisionning/mysql_setup/sql_setup.yml [1ms]
2024-07-04 11:29:10.241 [info] > git cat-file -s 34bc99d82681cf53dc7d9406fe43b7deada8f73c [0ms]
2024-07-04 11:29:10.250 [info] > git show --textconv :mysql_setup/sql_setup.yml [1ms]
2024-07-04 11:29:32.034 [info] > git show --textconv :mysql_setup/sql_loop.yml [6ms]
2024-07-04 11:29:32.035 [info] > git ls-files --stage -- /home/ndao/DB_Provisionning/mysql_setup/sql_loop.yml [3ms]
2024-07-04 11:29:32.039 [info] > git cat-file -s 4c6482373d89e8697cbdc12c70deb1f0bd7f0881 [1ms]
2024-07-04 11:30:02.871 [info] > git config --get commit.template [0ms]
2024-07-04 11:30:02.874 [info] > git for-each-ref --format=%(refname)%00%(upstream:short)%00%(objectname)%00%(upstream:track)%00%(upstream:remotename)%00%(upstream:remoteref) refs/heads/dev refs/remotes/dev [1ms]
2024-07-04 11:30:02.878 [info] > git status -z -uall [1ms]
2024-07-04 11:30:03.420 [info] > git show --textconv :mysql_setup/sql_setup.yml [4ms]
2024-07-04 11:30:03.421 [info] > git ls-files --stage -- /home/ndao/DB_Provisionning/mysql_setup/sql_setup.yml [1ms]
2024-07-04 11:30:03.424 [info] > git cat-file -s 34bc99d82681cf53dc7d9406fe43b7deada8f73c [0ms]
2024-07-04 11:30:07.901 [info] > git config --get commit.template [7ms]
2024-07-04 11:30:07.902 [info] > git for-each-ref --format=%(refname)%00%(upstream:short)%00%(objectname)%00%(upstream:track)%00%(upstream:remotename)%00%(upstream:remoteref) refs/heads/dev refs/remotes/dev [2ms]
2024-07-04 11:30:07.908 [info] > git status -z -uall [1ms]
2024-07-04 11:30:56.331 [info] > git config --get commit.template [4ms]
2024-07-04 11:30:56.332 [info] > git ls-files --stage -- /home/ndao/DB_Provisionning/mysql_setup/sql_setup.yml [0ms]
2024-07-04 11:30:56.338 [info] > git cat-file -s 7c284b05049e3fa7e1217074909893bf54928e64 [3ms]
2024-07-04 11:30:56.339 [info] > git for-each-ref --format=%(refname)%00%(upstream:short)%00%(objectname)%00%(upstream:track)%00%(upstream:remotename)%00%(upstream:remoteref) refs/heads/dev refs/remotes/dev [1ms]
2024-07-04 11:30:56.345 [info] > git status -z -uall [3ms]
2024-07-04 11:30:56.352 [info] > git show --textconv :mysql_setup/sql_setup.yml [8ms]
2024-07-04 11:30:56.352 [info] > git merge-base refs/heads/dev refs/remotes/origin/dev [4ms]
2024-07-04 11:30:56.356 [info] > git rev-list --count --left-right refs/heads/dev...refs/remotes/origin/dev [2ms]
2024-07-04 11:30:56.360 [info] > git diff --name-status -z --diff-filter=ADMR 02de13ead98e496ce75a4d1331d42984b012852c...refs/remotes/origin/dev [1ms]
2024-07-04 11:31:25.265 [info] > git show --textconv :mysql_setup/sql_loop.yml [4ms]
2024-07-04 11:31:25.268 [info] > git ls-files --stage -- /home/ndao/DB_Provisionning/mysql_setup/sql_loop.yml [4ms]
2024-07-04 11:31:25.272 [info] > git cat-file -s 204822da96606e062ffba9c281674c5f81136cf0 [1ms]
2024-07-04 11:31:37.866 [info] > git show --textconv :mysql_setup/sql_setup.yml [3ms]
2024-07-04 11:31:37.866 [info] > git ls-files --stage -- /home/ndao/DB_Provisionning/mysql_setup/sql_setup.yml [1ms]
2024-07-04 11:31:37.871 [info] > git cat-file -s 7c284b05049e3fa7e1217074909893bf54928e64 [2ms]
2024-07-04 11:31:43.422 [info] > git config --get commit.template [1ms]
2024-07-04 11:31:43.426 [info] > git for-each-ref --format=%(refname)%00%(upstream:short)%00%(objectname)%00%(upstream:track)%00%(upstream:remotename)%00%(upstream:remoteref) refs/heads/dev refs/remotes/dev [1ms]
2024-07-04 11:31:43.431 [info] > git status -z -uall [1ms]
2024-07-04 11:31:43.800 [info] > git show --textconv :mysql_setup/sql_loop.yml [8ms]
2024-07-04 11:31:43.802 [info] > git ls-files --stage -- /home/ndao/DB_Provisionning/mysql_setup/sql_loop.yml [4ms]
2024-07-04 11:31:43.809 [info] > git cat-file -s 204822da96606e062ffba9c281674c5f81136cf0 [2ms]
2024-07-04 11:31:48.449 [info] > git config --get commit.template [6ms]
2024-07-04 11:31:48.449 [info] > git for-each-ref --format=%(refname)%00%(upstream:short)%00%(objectname)%00%(upstream:track)%00%(upstream:remotename)%00%(upstream:remoteref) refs/heads/dev refs/remotes/dev [2ms]
2024-07-04 11:31:48.456 [info] > git status -z -uall [2ms]
2024-07-04 11:32:49.045 [info] > git config --get commit.template [6ms]
2024-07-04 11:32:49.046 [info] > git ls-files --stage -- /home/ndao/DB_Provisionning/mysql_setup/sql_loop.yml [2ms]
2024-07-04 11:32:49.049 [info] > git for-each-ref --format=%(refname)%00%(upstream:short)%00%(objectname)%00%(upstream:track)%00%(upstream:remotename)%00%(upstream:remoteref) refs/heads/dev refs/remotes/dev [7ms]
2024-07-04 11:32:49.050 [info] > git cat-file -s 69863c4a6c1d7e17bbecb6b2a64799f7f288a876 [1ms]
2024-07-04 11:32:49.054 [info] > git status -z -uall [1ms]
2024-07-04 11:32:49.063 [info] > git merge-base refs/heads/dev refs/remotes/origin/dev [6ms]
2024-07-04 11:32:49.066 [info] > git show --textconv :mysql_setup/sql_loop.yml [3ms]
2024-07-04 11:32:49.067 [info] > git rev-list --count --left-right refs/heads/dev...refs/remotes/origin/dev [1ms]
2024-07-04 11:32:49.071 [info] > git diff --name-status -z --diff-filter=ADMR 52f7e87ecb4761d31a861e20fbd3ea2aa2bc3f79...refs/remotes/origin/dev [1ms]
2024-07-04 11:34:35.261 [info] > git show --textconv :mysql_setup/sql_setup.yml [5ms]
2024-07-04 11:34:35.262 [info] > git ls-files --stage -- /home/ndao/DB_Provisionning/mysql_setup/sql_setup.yml [2ms]
2024-07-04 11:34:35.267 [info] > git cat-file -s 66b31dbd69843421e2784a65171d9e9457777a35 [1ms]
2024-07-04 11:37:38.969 [info] > git show --textconv :mysql_setup/sql_loop.yml [6ms]
2024-07-04 11:37:38.970 [info] > git ls-files --stage -- /home/ndao/DB_Provisionning/mysql_setup/sql_loop.yml [2ms]
2024-07-04 11:37:38.978 [info] > git cat-file -s 69863c4a6c1d7e17bbecb6b2a64799f7f288a876 [2ms]
2024-07-04 11:37:55.788 [info] > git show --textconv :mysql_setup/sql_setup.yml [2ms]
2024-07-04 11:37:55.789 [info] > git ls-files --stage -- /home/ndao/DB_Provisionning/mysql_setup/sql_setup.yml [1ms]
2024-07-04 11:37:55.793 [info] > git cat-file -s 66b31dbd69843421e2784a65171d9e9457777a35 [0ms]
2024-07-04 11:38:36.290 [info] > git config --get commit.template [6ms]
2024-07-04 11:38:36.291 [info] > git for-each-ref --format=%(refname)%00%(upstream:short)%00%(objectname)%00%(upstream:track)%00%(upstream:remotename)%00%(upstream:remoteref) refs/heads/dev refs/remotes/dev [2ms]
2024-07-04 11:38:36.298 [info] > git status -z -uall [2ms]
2024-07-04 11:41:12.996 [info] > git config --get commit.template [2ms]
2024-07-04 11:41:13.001 [info] > git for-each-ref --format=%(refname)%00%(upstream:short)%00%(objectname)%00%(upstream:track)%00%(upstream:remotename)%00%(upstream:remoteref) refs/heads/dev refs/remotes/dev [1ms]
2024-07-04 11:41:13.006 [info] > git status -z -uall [1ms]
2024-07-04 11:41:16.485 [info] > git show --textconv :mysql_setup/sql_loop.yml [5ms]
2024-07-04 11:41:16.487 [info] > git ls-files --stage -- /home/ndao/DB_Provisionning/mysql_setup/sql_loop.yml [3ms]
2024-07-04 11:41:16.492 [info] > git cat-file -s 69863c4a6c1d7e17bbecb6b2a64799f7f288a876 [2ms]
2024-07-04 11:41:48.359 [info] > git show --textconv :mysql_setup/sql_setup.yml [7ms]
2024-07-04 11:41:48.360 [info] > git ls-files --stage -- /home/ndao/DB_Provisionning/mysql_setup/sql_setup.yml [2ms]
2024-07-04 11:41:48.366 [info] > git cat-file -s 66b31dbd69843421e2784a65171d9e9457777a35 [1ms]
2024-07-04 11:41:50.996 [info] > git show --textconv :mysql_setup/sql_loop.yml [3ms]
2024-07-04 11:41:50.997 [info] > git ls-files --stage -- /home/ndao/DB_Provisionning/mysql_setup/sql_loop.yml [1ms]
2024-07-04 11:41:51.000 [info] > git cat-file -s 69863c4a6c1d7e17bbecb6b2a64799f7f288a876 [0ms]
2024-07-04 11:42:28.815 [info] > git config --get commit.template [3ms]
2024-07-04 11:42:28.815 [info] > git for-each-ref --format=%(refname)%00%(upstream:short)%00%(objectname)%00%(upstream:track)%00%(upstream:remotename)%00%(upstream:remoteref) refs/heads/dev refs/remotes/dev [1ms]
2024-07-04 11:42:28.820 [info] > git status -z -uall [1ms]
2024-07-04 11:42:35.717 [info] > git config --get commit.template [5ms]
2024-07-04 11:42:35.718 [info] > git for-each-ref --format=%(refname)%00%(upstream:short)%00%(objectname)%00%(upstream:track)%00%(upstream:remotename)%00%(upstream:remoteref) refs/heads/dev refs/remotes/dev [2ms]
2024-07-04 11:42:35.724 [info] > git status -z -uall [2ms]
2024-07-04 11:42:37.130 [info] > git show --textconv :mysql_setup/sql_setup.yml [3ms]
2024-07-04 11:42:37.130 [info] > git ls-files --stage -- /home/ndao/DB_Provisionning/mysql_setup/sql_setup.yml [1ms]
2024-07-04 11:42:37.134 [info] > git cat-file -s 66b31dbd69843421e2784a65171d9e9457777a35 [1ms]
2024-07-04 11:42:53.172 [info] > git show --textconv :mysql_setup/sql_loop.yml [2ms]
2024-07-04 11:42:53.173 [info] > git ls-files --stage -- /home/ndao/DB_Provisionning/mysql_setup/sql_loop.yml [1ms]
2024-07-04 11:42:53.177 [info] > git cat-file -s 69863c4a6c1d7e17bbecb6b2a64799f7f288a876 [1ms]
2024-07-04 11:42:53.217 [info] > git config --get commit.template [5ms]
2024-07-04 11:42:53.217 [info] > git for-each-ref --format=%(refname)%00%(upstream:short)%00%(objectname)%00%(upstream:track)%00%(upstream:remotename)%00%(upstream:remoteref) refs/heads/dev refs/remotes/dev [2ms]
2024-07-04 11:42:53.221 [info] > git status -z -uall [1ms]
2024-07-04 11:43:01.930 [info] > git config --get commit.template [2ms]
2024-07-04 11:43:01.936 [info] > git for-each-ref --format=%(refname)%00%(upstream:short)%00%(objectname)%00%(upstream:track)%00%(upstream:remotename)%00%(upstream:remoteref) refs/heads/dev refs/remotes/dev [2ms]
2024-07-04 11:43:01.941 [info] > git status -z -uall [1ms]
2024-07-04 11:44:02.518 [info] > git config --get commit.template [4ms]
2024-07-04 11:44:02.522 [info] > git ls-files --stage -- /home/ndao/DB_Provisionning/mysql_setup/sql_loop.yml [4ms]
2024-07-04 11:44:02.524 [info] > git for-each-ref --format=%(refname)%00%(upstream:short)%00%(objectname)%00%(upstream:track)%00%(upstream:remotename)%00%(upstream:remoteref) refs/heads/dev refs/remotes/dev [3ms]
2024-07-04 11:44:02.525 [info] > git cat-file -s 1f4d9b51ae531badd150df1095f27d3b8c090d6f [1ms]
2024-07-04 11:44:02.529 [info] > git status -z -uall [1ms]
2024-07-04 11:44:02.537 [info] > git merge-base refs/heads/dev refs/remotes/origin/dev [5ms]
2024-07-04 11:44:02.541 [info] > git show --textconv :mysql_setup/sql_loop.yml [4ms]
2024-07-04 11:44:02.542 [info] > git rev-list --count --left-right refs/heads/dev...refs/remotes/origin/dev [2ms]
2024-07-04 11:44:02.546 [info] > git diff --name-status -z --diff-filter=ADMR b47bc9c0b3d37eb0ac46ad90b85f59f98b94da84...refs/remotes/origin/dev [1ms]
2024-07-04 11:46:06.455 [info] > git config --get commit.template [5ms]
2024-07-04 11:46:06.456 [info] > git for-each-ref --format=%(refname)%00%(upstream:short)%00%(objectname)%00%(upstream:track)%00%(upstream:remotename)%00%(upstream:remoteref) refs/heads/dev refs/remotes/dev [2ms]
2024-07-04 11:46:06.463 [info] > git status -z -uall [2ms]
2024-07-04 11:47:17.541 [info] > git config --get commit.template [7ms]
2024-07-04 11:47:17.541 [info] > git for-each-ref --format=%(refname)%00%(upstream:short)%00%(objectname)%00%(upstream:track)%00%(upstream:remotename)%00%(upstream:remoteref) refs/heads/dev refs/remotes/dev [3ms]
2024-07-04 11:47:17.541 [info] > git ls-files --stage -- /home/ndao/DB_Provisionning/mysql_setup/sql_loop.yml [1ms]
2024-07-04 11:47:17.546 [info] > git cat-file -s 490f2c9b928cf32223ed4c19ef96131859f149e0 [3ms]
2024-07-04 11:47:17.547 [info] > git status -z -uall [1ms]
2024-07-04 11:47:17.554 [info] > git merge-base refs/heads/dev refs/remotes/origin/dev [4ms]
2024-07-04 11:47:17.560 [info] > git rev-list --count --left-right refs/heads/dev...refs/remotes/origin/dev [4ms]
2024-07-04 11:47:17.564 [info] > git show --textconv :mysql_setup/sql_loop.yml [4ms]
2024-07-04 11:47:17.564 [info] > git diff --name-status -z --diff-filter=ADMR d5e7fc65fd5fdafaf7d1821f6515a11a5b72dcb5...refs/remotes/origin/dev [1ms]
2024-07-04 11:48:01.149 [info] > git for-each-ref --format=%(refname)%00%(upstream:short)%00%(objectname)%00%(upstream:track)%00%(upstream:remotename)%00%(upstream:remoteref) refs/heads/dev refs/remotes/dev [2ms]
2024-07-04 11:48:01.149 [info] > git config --get commit.template [7ms]
2024-07-04 11:48:01.154 [info] > git status -z -uall [2ms]
2024-07-04 11:48:18.719 [info] > git config --get commit.template [6ms]
2024-07-04 11:48:18.720 [info] > git for-each-ref --format=%(refname)%00%(upstream:short)%00%(objectname)%00%(upstream:track)%00%(upstream:remotename)%00%(upstream:remoteref) refs/heads/dev refs/remotes/dev [2ms]
2024-07-04 11:48:18.726 [info] > git status -z -uall [2ms]
2024-07-04 11:48:18.733 [info] > git merge-base refs/heads/dev refs/remotes/origin/dev [4ms]
2024-07-04 11:48:18.737 [info] > git rev-list --count --left-right refs/heads/dev...refs/remotes/origin/dev [1ms]
2024-07-04 11:48:18.741 [info] > git diff --name-status -z --diff-filter=ADMR 3e845f5c6f88952be648acedbac98a51dff484b8...refs/remotes/origin/dev [1ms]
2024-07-04 11:48:18.755 [info] > git ls-files --stage -- /home/ndao/DB_Provisionning/mysql_setup/sql_loop.yml [0ms]
2024-07-04 11:48:18.759 [info] > git cat-file -s d4d113ac76244feb3650caef3a8d18ba10dc6e5b [1ms]
2024-07-04 11:48:18.768 [info] > git show --textconv :mysql_setup/sql_loop.yml [1ms]
2024-07-04 11:48:22.142 [info] > git show --textconv :mysql_setup/sql_setup.yml [5ms]
2024-07-04 11:48:22.142 [info] > git ls-files --stage -- /home/ndao/DB_Provisionning/mysql_setup/sql_setup.yml [2ms]
2024-07-04 11:48:22.146 [info] > git cat-file -s 4185eb43aec4c2071255e3f2a5c3a2aa2daf0c05 [1ms]
2024-07-04 11:48:26.658 [info] > git show --textconv :mysql_setup/mysql_setup.yml [3ms]
2024-07-04 11:48:26.659 [info] > git ls-files --stage -- /home/ndao/DB_Provisionning/mysql_setup/mysql_setup.yml [2ms]
2024-07-04 11:48:26.663 [info] > git cat-file -s 9e48927cb155e895dfb33c92a70cb8eb1e72e5fc [1ms]
2024-07-04 11:49:27.977 [info] > git config --get commit.template [3ms]
2024-07-04 11:49:27.978 [info] > git for-each-ref --format=%(refname)%00%(upstream:short)%00%(objectname)%00%(upstream:track)%00%(upstream:remotename)%00%(upstream:remoteref) refs/heads/dev refs/remotes/dev [1ms]
2024-07-04 11:49:27.982 [info] > git status -z -uall [1ms]
2024-07-04 11:49:29.563 [info] > git show --textconv :mysql_setup/sql_loop.yml [4ms]
2024-07-04 11:49:29.564 [info] > git ls-files --stage -- /home/ndao/DB_Provisionning/mysql_setup/sql_loop.yml [2ms]
2024-07-04 11:49:29.567 [info] > git cat-file -s d4d113ac76244feb3650caef3a8d18ba10dc6e5b [1ms]
2024-07-04 11:49:34.021 [info] > git show --textconv :mysql_setup/mysql_setup.yml [3ms]
2024-07-04 11:49:34.022 [info] > git ls-files --stage -- /home/ndao/DB_Provisionning/mysql_setup/mysql_setup.yml [2ms]
2024-07-04 11:49:34.026 [info] > git cat-file -s 9e48927cb155e895dfb33c92a70cb8eb1e72e5fc [1ms]
2024-07-04 11:50:53.017 [info] > git config --get commit.template [6ms]
2024-07-04 11:50:53.020 [info] > git ls-files --stage -- /home/ndao/DB_Provisionning/mysql_setup/mysql_setup.yml [3ms]
2024-07-04 11:50:53.023 [info] > git for-each-ref --format=%(refname)%00%(upstream:short)%00%(objectname)%00%(upstream:track)%00%(upstream:remotename)%00%(upstream:remoteref) refs/heads/dev refs/remotes/dev [3ms]
2024-07-04 11:50:53.023 [info] > git cat-file -s 2bbdb2cbe504f79c4cd5f6b0b805760a602363b2 [0ms]
2024-07-04 11:50:53.027 [info] > git status -z -uall [1ms]
2024-07-04 11:50:53.037 [info] > git merge-base refs/heads/dev refs/remotes/origin/dev [6ms]
2024-07-04 11:50:53.042 [info] > git show --textconv :mysql_setup/mysql_setup.yml [5ms]
2024-07-04 11:50:53.042 [info] > git rev-list --count --left-right refs/heads/dev...refs/remotes/origin/dev [1ms]
2024-07-04 11:50:53.047 [info] > git diff --name-status -z --diff-filter=ADMR f7c6a3afc34ceab2cd4b2c635c26da8a8ff86869...refs/remotes/origin/dev [2ms]
2024-07-04 11:50:59.273 [info] > git show --textconv :mysql_setup/sql_backup.yml [5ms]
2024-07-04 11:50:59.273 [info] > git ls-files --stage -- /home/ndao/DB_Provisionning/mysql_setup/sql_backup.yml [1ms]
2024-07-04 11:50:59.278 [info] > git cat-file -s d6b8d4add1bdf53614ab18ee6366bed4c6dbffb7 [1ms]
2024-07-04 11:51:00.944 [info] > git ls-files --stage -- /home/ndao/DB_Provisionning/mysql_setup/Clonedb.yml [0ms]
2024-07-04 11:51:00.947 [info] > git show --textconv :mysql_setup/Clonedb.yml [6ms]
2024-07-04 11:51:00.948 [info] > git cat-file -s 83adffe34a73b0b12751d0a6b9a33c5f3e1c7d0f [1ms]
2024-07-04 11:51:04.057 [info] > git show --textconv :mysql_setup/sql_backup.yml [4ms]
2024-07-04 11:51:04.058 [info] > git ls-files --stage -- /home/ndao/DB_Provisionning/mysql_setup/sql_backup.yml [1ms]
2024-07-04 11:51:04.062 [info] > git cat-file -s d6b8d4add1bdf53614ab18ee6366bed4c6dbffb7 [1ms]
2024-07-04 11:51:19.553 [info] > git show --textconv :mysql_setup/vars/mysql_vars.yml [4ms]
2024-07-04 11:51:19.555 [info] > git ls-files --stage -- /home/ndao/DB_Provisionning/mysql_setup/vars/mysql_vars.yml [2ms]
2024-07-04 11:51:19.560 [info] > git cat-file -s df0f224ba2f9eec3aaa9982340d05539c5b6ae2f [2ms]
2024-07-04 11:51:22.801 [info] > git show --textconv :mysql_setup/sql_backup.yml [3ms]
2024-07-04 11:51:22.802 [info] > git ls-files --stage -- /home/ndao/DB_Provisionning/mysql_setup/sql_backup.yml [1ms]
2024-07-04 11:51:22.806 [info] > git cat-file -s d6b8d4add1bdf53614ab18ee6366bed4c6dbffb7 [1ms]
2024-07-04 11:51:26.241 [info] > git show --textconv :mysql_setup/vars/mysql_vars.yml [4ms]
2024-07-04 11:51:26.241 [info] > git ls-files --stage -- /home/ndao/DB_Provisionning/mysql_setup/vars/mysql_vars.yml [0ms]
2024-07-04 11:51:26.245 [info] > git cat-file -s df0f224ba2f9eec3aaa9982340d05539c5b6ae2f [1ms]
2024-07-04 11:51:48.441 [info] > git show --textconv :mysql_setup/mysql_setup.yml [5ms]
2024-07-04 11:51:48.441 [info] > git ls-files --stage -- /home/ndao/DB_Provisionning/mysql_setup/mysql_setup.yml [1ms]
2024-07-04 11:51:48.447 [info] > git cat-file -s 2bbdb2cbe504f79c4cd5f6b0b805760a602363b2 [1ms]
2024-07-04 11:52:07.678 [info] > git show --textconv :mysql_setup/sql_loop.yml [5ms]
2024-07-04 11:52:07.679 [info] > git ls-files --stage -- /home/ndao/DB_Provisionning/mysql_setup/sql_loop.yml [2ms]
2024-07-04 11:52:07.685 [info] > git cat-file -s d4d113ac76244feb3650caef3a8d18ba10dc6e5b [1ms]
2024-07-04 11:52:08.851 [info] > git show --textconv :mysql_setup/sql_setup.yml [5ms]
2024-07-04 11:52:08.852 [info] > git ls-files --stage -- /home/ndao/DB_Provisionning/mysql_setup/sql_setup.yml [2ms]
2024-07-04 11:52:08.857 [info] > git cat-file -s 4185eb43aec4c2071255e3f2a5c3a2aa2daf0c05 [1ms]
2024-07-04 11:54:06.672 [info] > git show --textconv :mysql_setup/mysql_setup.yml [5ms]
2024-07-04 11:54:06.673 [info] > git ls-files --stage -- /home/ndao/DB_Provisionning/mysql_setup/mysql_setup.yml [2ms]
2024-07-04 11:54:06.678 [info] > git cat-file -s 2bbdb2cbe504f79c4cd5f6b0b805760a602363b2 [1ms]
2024-07-04 11:54:12.806 [info] > git show --textconv :mysql_setup/sql_loop.yml [3ms]
2024-07-04 11:54:12.807 [info] > git ls-files --stage -- /home/ndao/DB_Provisionning/mysql_setup/sql_loop.yml [2ms]
2024-07-04 11:54:12.810 [info] > git cat-file -s d4d113ac76244feb3650caef3a8d18ba10dc6e5b [1ms]
2024-07-04 11:55:47.797 [info] > git show --textconv :mysql_setup/sql_setup.yml [4ms]
2024-07-04 11:55:47.798 [info] > git ls-files --stage -- /home/ndao/DB_Provisionning/mysql_setup/sql_setup.yml [2ms]
2024-07-04 11:55:47.802 [info] > git cat-file -s 4185eb43aec4c2071255e3f2a5c3a2aa2daf0c05 [1ms]
2024-07-04 11:55:51.769 [info] > git show --textconv :mysql_setup/sql_loop.yml [4ms]
2024-07-04 11:55:51.770 [info] > git ls-files --stage -- /home/ndao/DB_Provisionning/mysql_setup/sql_loop.yml [2ms]
2024-07-04 11:55:51.774 [info] > git cat-file -s d4d113ac76244feb3650caef3a8d18ba10dc6e5b [1ms]
2024-07-04 11:55:54.930 [info] > git show --textconv :mysql_setup/sql_setup.yml [4ms]
2024-07-04 11:55:54.930 [info] > git ls-files --stage -- /home/ndao/DB_Provisionning/mysql_setup/sql_setup.yml [1ms]
2024-07-04 11:55:54.934 [info] > git cat-file -s 4185eb43aec4c2071255e3f2a5c3a2aa2daf0c05 [1ms]
2024-07-04 11:56:02.403 [info] > git show --textconv :mysql_setup/sql_loop.yml [3ms]
2024-07-04 11:56:02.404 [info] > git ls-files --stage -- /home/ndao/DB_Provisionning/mysql_setup/sql_loop.yml [1ms]
2024-07-04 11:56:02.408 [info] > git cat-file -s d4d113ac76244feb3650caef3a8d18ba10dc6e5b [1ms]
2024-07-04 11:56:12.074 [info] > git show --textconv :mysql_setup/sql_setup.yml [5ms]
2024-07-04 11:56:12.075 [info] > git ls-files --stage -- /home/ndao/DB_Provisionning/mysql_setup/sql_setup.yml [2ms]
2024-07-04 11:56:12.080 [info] > git cat-file -s 4185eb43aec4c2071255e3f2a5c3a2aa2daf0c05 [1ms]
2024-07-04 11:56:13.275 [info] > git show --textconv :mysql_setup/sql_loop.yml [3ms]
2024-07-04 11:56:13.276 [info] > git ls-files --stage -- /home/ndao/DB_Provisionning/mysql_setup/sql_loop.yml [1ms]
2024-07-04 11:56:13.279 [info] > git cat-file -s d4d113ac76244feb3650caef3a8d18ba10dc6e5b [1ms]
2024-07-04 11:56:16.564 [info] > git show --textconv :mysql_setup/sql_setup.yml [3ms]
2024-07-04 11:56:16.565 [info] > git ls-files --stage -- /home/ndao/DB_Provisionning/mysql_setup/sql_setup.yml [1ms]
2024-07-04 11:56:16.568 [info] > git cat-file -s 4185eb43aec4c2071255e3f2a5c3a2aa2daf0c05 [1ms]
2024-07-04 11:56:44.581 [info] > git show --textconv :mysql_setup/sql_loop.yml [5ms]
2024-07-04 11:56:44.582 [info] > git ls-files --stage -- /home/ndao/DB_Provisionning/mysql_setup/sql_loop.yml [2ms]
2024-07-04 11:56:44.586 [info] > git cat-file -s d4d113ac76244feb3650caef3a8d18ba10dc6e5b [1ms]
2024-07-04 11:56:49.409 [info] > git show --textconv :mysql_setup/sql_setup.yml [4ms]
2024-07-04 11:56:49.410 [info] > git ls-files --stage -- /home/ndao/DB_Provisionning/mysql_setup/sql_setup.yml [1ms]
2024-07-04 11:56:49.415 [info] > git cat-file -s 4185eb43aec4c2071255e3f2a5c3a2aa2daf0c05 [1ms]
2024-07-04 12:02:25.487 [info] > git show --textconv :mysql_setup/mysql_setup.yml [2ms]
2024-07-04 12:02:25.488 [info] > git ls-files --stage -- /home/ndao/DB_Provisionning/mysql_setup/mysql_setup.yml [1ms]
2024-07-04 12:02:25.491 [info] > git cat-file -s 2bbdb2cbe504f79c4cd5f6b0b805760a602363b2 [1ms]
2024-07-04 12:02:36.791 [info] > git show --textconv :mysql_setup/sql_loop.yml [9ms]
2024-07-04 12:02:36.793 [info] > git ls-files --stage -- /home/ndao/DB_Provisionning/mysql_setup/sql_loop.yml [4ms]
2024-07-04 12:02:36.800 [info] > git cat-file -s d4d113ac76244feb3650caef3a8d18ba10dc6e5b [2ms]
2024-07-04 12:02:44.401 [info] > git show --textconv :mysql_setup/sql_setup.yml [3ms]
2024-07-04 12:02:44.402 [info] > git ls-files --stage -- /home/ndao/DB_Provisionning/mysql_setup/sql_setup.yml [1ms]
2024-07-04 12:02:44.405 [info] > git cat-file -s 4185eb43aec4c2071255e3f2a5c3a2aa2daf0c05 [1ms]
2024-07-04 12:05:11.502 [info] > git show --textconv :mysql_setup/sql_loop.yml [6ms]
2024-07-04 12:05:11.503 [info] > git ls-files --stage -- /home/ndao/DB_Provisionning/mysql_setup/sql_loop.yml [3ms]
2024-07-04 12:05:11.508 [info] > git cat-file -s d4d113ac76244feb3650caef3a8d18ba10dc6e5b [1ms]
2024-07-04 12:05:15.138 [info] > git show --textconv :mysql_setup/mysql_setup.yml [6ms]
2024-07-04 12:05:15.140 [info] > git ls-files --stage -- /home/ndao/DB_Provisionning/mysql_setup/mysql_setup.yml [2ms]
2024-07-04 12:05:15.145 [info] > git cat-file -s 2bbdb2cbe504f79c4cd5f6b0b805760a602363b2 [1ms]
2024-07-04 12:05:28.205 [info] > git show --textconv :mysql_setup/sql_loop.yml [6ms]
2024-07-04 12:05:28.206 [info] > git ls-files --stage -- /home/ndao/DB_Provisionning/mysql_setup/sql_loop.yml [3ms]
2024-07-04 12:05:28.211 [info] > git cat-file -s d4d113ac76244feb3650caef3a8d18ba10dc6e5b [1ms]
2024-07-04 12:05:29.606 [info] > git show --textconv :mysql_setup/mysql_setup.yml [8ms]
2024-07-04 12:05:29.607 [info] > git ls-files --stage -- /home/ndao/DB_Provisionning/mysql_setup/mysql_setup.yml [2ms]
2024-07-04 12:05:29.613 [info] > git cat-file -s 2bbdb2cbe504f79c4cd5f6b0b805760a602363b2 [1ms]
2024-07-04 12:05:32.832 [info] > git show --textconv :mysql_setup/sql_loop.yml [8ms]
2024-07-04 12:05:32.834 [info] > git ls-files --stage -- /home/ndao/DB_Provisionning/mysql_setup/sql_loop.yml [4ms]
2024-07-04 12:05:32.841 [info] > git cat-file -s d4d113ac76244feb3650caef3a8d18ba10dc6e5b [1ms]
2024-07-04 12:05:54.540 [info] > git show --textconv :mysql_setup/sql_setup.yml [3ms]
2024-07-04 12:05:54.541 [info] > git ls-files --stage -- /home/ndao/DB_Provisionning/mysql_setup/sql_setup.yml [1ms]
2024-07-04 12:05:54.545 [info] > git cat-file -s 4185eb43aec4c2071255e3f2a5c3a2aa2daf0c05 [1ms]
2024-07-04 12:07:04.912 [info] > git show --textconv :mysql_setup/sql_loop.yml [6ms]
2024-07-04 12:07:04.913 [info] > git ls-files --stage -- /home/ndao/DB_Provisionning/mysql_setup/sql_loop.yml [2ms]
2024-07-04 12:07:04.919 [info] > git cat-file -s d4d113ac76244feb3650caef3a8d18ba10dc6e5b [2ms]
2024-07-04 12:07:19.233 [info] > git config --get commit.template [1ms]
2024-07-04 12:07:19.237 [info] > git for-each-ref --format=%(refname)%00%(upstream:short)%00%(objectname)%00%(upstream:track)%00%(upstream:remotename)%00%(upstream:remoteref) refs/heads/dev refs/remotes/dev [1ms]
2024-07-04 12:07:19.242 [info] > git status -z -uall [2ms]
2024-07-04 12:08:25.059 [info] > git show --textconv :mysql_setup/mysql_setup.yml [3ms]
2024-07-04 12:08:25.060 [info] > git ls-files --stage -- /home/ndao/DB_Provisionning/mysql_setup/mysql_setup.yml [2ms]
2024-07-04 12:08:25.063 [info] > git cat-file -s 2bbdb2cbe504f79c4cd5f6b0b805760a602363b2 [0ms]
2024-07-04 12:08:33.604 [info] > git show --textconv :mysql_setup/sql_loop.yml [6ms]
2024-07-04 12:08:33.605 [info] > git ls-files --stage -- /home/ndao/DB_Provisionning/mysql_setup/sql_loop.yml [3ms]
2024-07-04 12:08:33.609 [info] > git cat-file -s d4d113ac76244feb3650caef3a8d18ba10dc6e5b [1ms]
2024-07-04 12:08:43.020 [info] > git show --textconv :mysql_setup/sql_setup.yml [6ms]
2024-07-04 12:08:43.021 [info] > git ls-files --stage -- /home/ndao/DB_Provisionning/mysql_setup/sql_setup.yml [1ms]
2024-07-04 12:08:43.026 [info] > git cat-file -s 4185eb43aec4c2071255e3f2a5c3a2aa2daf0c05 [1ms]
2024-07-04 12:09:42.838 [info] > git show --textconv :mysql_setup/sql_loop.yml [5ms]
2024-07-04 12:09:42.839 [info] > git ls-files --stage -- /home/ndao/DB_Provisionning/mysql_setup/sql_loop.yml [1ms]
2024-07-04 12:09:42.843 [info] > git cat-file -s d4d113ac76244feb3650caef3a8d18ba10dc6e5b [1ms]
2024-07-04 12:10:05.243 [info] > git show --textconv :mysql_setup/mysql_setup.yml [5ms]
2024-07-04 12:10:05.244 [info] > git ls-files --stage -- /home/ndao/DB_Provisionning/mysql_setup/mysql_setup.yml [2ms]
2024-07-04 12:10:05.250 [info] > git cat-file -s 2bbdb2cbe504f79c4cd5f6b0b805760a602363b2 [1ms]
2024-07-04 12:10:29.703 [info] > git for-each-ref --format=%(refname)%00%(upstream:short)%00%(objectname)%00%(upstream:track)%00%(upstream:remotename)%00%(upstream:remoteref) refs/heads/dev refs/remotes/dev [2ms]
2024-07-04 12:10:29.703 [info] > git config --get commit.template [6ms]
2024-07-04 12:10:29.709 [info] > git status -z -uall [2ms]
2024-07-04 13:32:31.790 [info] > git config --get commit.template [5ms]
2024-07-04 13:32:31.790 [info] > git for-each-ref --format=%(refname)%00%(upstream:short)%00%(objectname)%00%(upstream:track)%00%(upstream:remotename)%00%(upstream:remoteref) refs/heads/dev refs/remotes/dev [1ms]
2024-07-04 13:32:31.800 [info] > git status -z -uall [5ms]
2024-07-04 13:32:31.823 [info] > git merge-base refs/heads/dev refs/remotes/origin/dev [16ms]
2024-07-04 13:32:31.835 [info] > git rev-list --count --left-right refs/heads/dev...refs/remotes/origin/dev [1ms]
2024-07-04 13:32:31.842 [info] > git diff --name-status -z --diff-filter=ADMR 66e0e6740507b5adbb4a446c0853d8838bf940d3...refs/remotes/origin/dev [1ms]
2024-07-04 13:32:31.904 [info] > git ls-files --stage -- /home/ndao/DB_Provisionning/mysql_setup/mysql_setup.yml [1ms]
2024-07-04 13:32:31.908 [info] > git cat-file -s 886231e69fd822f0dfadabdda97b1c2cf97ab567 [1ms]
2024-07-04 13:32:31.917 [info] > git show --textconv :mysql_setup/mysql_setup.yml [1ms]
2024-07-04 14:03:27.183 [info] > git show --textconv :mysql_setup/sql_setup.yml [6ms]
2024-07-04 14:03:27.185 [info] > git ls-files --stage -- /home/ndao/DB_Provisionning/mysql_setup/sql_setup.yml [2ms]
2024-07-04 14:03:27.191 [info] > git cat-file -s 4185eb43aec4c2071255e3f2a5c3a2aa2daf0c05 [1ms]
2024-07-04 14:03:33.355 [info] > git show --textconv :mysql_setup/sql_loop.yml [5ms]
2024-07-04 14:03:33.356 [info] > git ls-files --stage -- /home/ndao/DB_Provisionning/mysql_setup/sql_loop.yml [2ms]
2024-07-04 14:03:33.360 [info] > git cat-file -s 7cc1bc714487eef4dedd74450fab189079f23209 [1ms]
