2024-06-24 09:34:35.448 [info] Extension host with pid 156 started
2024-06-24 09:34:35.448 [error] Error: EEXIST: file already exists, open '/home/ndao/.vscode-server/data/User/workspaceStorage/38a21d1cb963b8ec61341b0b4eb2fb76/vscode.lock'
2024-06-24 09:34:35.463 [info] Lock '/home/ndao/.vscode-server/data/User/workspaceStorage/38a21d1cb963b8ec61341b0b4eb2fb76/vscode.lock': Could not acquire lock, checking if the file is stale.
2024-06-24 09:34:35.469 [info] Lock '/home/ndao/.vscode-server/data/User/workspaceStorage/38a21d1cb963b8ec61341b0b4eb2fb76/vscode.lock': The pid 27970 appears to be gone.
2024-06-24 09:34:35.469 [info] Lock '/home/ndao/.vscode-server/data/User/workspaceStorage/38a21d1cb963b8ec61341b0b4eb2fb76/vscode.lock': Deleting a stale lock.
2024-06-24 09:34:35.520 [info] ExtensionService#_doActivateExtension vscode.emmet, startup: false, activationEvent: 'onLanguage'
2024-06-24 09:34:35.658 [info] Lock '/home/ndao/.vscode-server/data/User/workspaceStorage/38a21d1cb963b8ec61341b0b4eb2fb76/vscode.lock': Lock acquired.
2024-06-24 09:34:35.745 [info] ExtensionService#_doActivateExtension vscode.git-base, startup: true, activationEvent: '*', root cause: vscode.git
2024-06-24 09:34:35.804 [info] ExtensionService#_doActivateExtension vscode.git, startup: true, activationEvent: '*'
2024-06-24 09:34:35.805 [info] ExtensionService#_doActivateExtension vscode.github, startup: true, activationEvent: '*'
2024-06-24 09:34:36.301 [info] Eager extensions activated
2024-06-24 09:34:36.302 [info] ExtensionService#_doActivateExtension vscode.debug-auto-launch, startup: false, activationEvent: 'onStartupFinished'
2024-06-24 09:34:36.302 [info] ExtensionService#_doActivateExtension vscode.merge-conflict, startup: false, activationEvent: 'onStartupFinished'
2024-06-24 09:34:36.303 [info] ExtensionService#_doActivateExtension Bito.Bito, startup: false, activationEvent: 'onStartupFinished'
2024-06-24 09:34:44.102 [info] ExtensionService#_doActivateExtension ms-python.python, startup: false, activationEvent: 'onLanguage:yaml', root cause: redhat.ansible
2024-06-24 09:34:44.103 [info] ExtensionService#_doActivateExtension redhat.vscode-yaml, startup: false, activationEvent: 'onLanguage:yaml', root cause: redhat.ansible
2024-06-24 09:34:45.478 [info] ExtensionService#_doActivateExtension redhat.ansible, startup: false, activationEvent: 'onLanguage:yaml'
2024-06-24 09:34:46.269 [info] ExtensionService#_doActivateExtension ms-python.vscode-pylance, startup: false, activationEvent: 'api', root cause: ms-python.python
2024-06-24 09:34:47.150 [warning] [redhat.vscode-yaml] Accessing a resource scoped configuration without providing a resource is not expected. To get the effective value for '[yaml]', provide the URI of a resource or 'null' for any resource.
2024-06-24 09:34:47.282 [warning] [redhat.vscode-yaml] Accessing a resource scoped configuration without providing a resource is not expected. To get the effective value for '[yaml]', provide the URI of a resource or 'null' for any resource.
2024-06-24 10:04:54.793 [info] ExtensionService#_doActivateExtension vscode.json-language-features, startup: false, activationEvent: 'onLanguage:jsonc'
2024-06-24 10:04:54.794 [info] ExtensionService#_doActivateExtension vscode.typescript-language-features, startup: false, activationEvent: 'onLanguage:jsonc'
2024-06-24 10:04:55.314 [warning] [redhat.vscode-yaml] Accessing a resource scoped configuration without providing a resource is not expected. To get the effective value for '[yaml]', provide the URI of a resource or 'null' for any resource.
2024-06-24 10:05:04.489 [warning] [redhat.vscode-yaml] Accessing a resource scoped configuration without providing a resource is not expected. To get the effective value for '[yaml]', provide the URI of a resource or 'null' for any resource.
2024-06-24 10:07:16.341 [warning] [redhat.vscode-yaml] Accessing a resource scoped configuration without providing a resource is not expected. To get the effective value for '[yaml]', provide the URI of a resource or 'null' for any resource.
2024-06-24 10:07:16.876 [warning] [redhat.vscode-yaml] Accessing a resource scoped configuration without providing a resource is not expected. To get the effective value for '[yaml]', provide the URI of a resource or 'null' for any resource.
2024-06-24 10:07:17.699 [warning] [redhat.vscode-yaml] Accessing a resource scoped configuration without providing a resource is not expected. To get the effective value for '[yaml]', provide the URI of a resource or 'null' for any resource.
2024-06-24 10:07:18.323 [warning] [redhat.vscode-yaml] Accessing a resource scoped configuration without providing a resource is not expected. To get the effective value for '[yaml]', provide the URI of a resource or 'null' for any resource.
2024-06-24 10:07:18.937 [warning] [redhat.vscode-yaml] Accessing a resource scoped configuration without providing a resource is not expected. To get the effective value for '[yaml]', provide the URI of a resource or 'null' for any resource.
2024-06-24 10:07:19.100 [warning] [redhat.vscode-yaml] Accessing a resource scoped configuration without providing a resource is not expected. To get the effective value for '[yaml]', provide the URI of a resource or 'null' for any resource.
2024-06-24 10:07:19.370 [warning] [redhat.vscode-yaml] Accessing a resource scoped configuration without providing a resource is not expected. To get the effective value for '[yaml]', provide the URI of a resource or 'null' for any resource.
2024-06-24 10:07:22.346 [warning] [redhat.vscode-yaml] Accessing a resource scoped configuration without providing a resource is not expected. To get the effective value for '[yaml]', provide the URI of a resource or 'null' for any resource.
2024-06-24 10:07:46.640 [warning] [redhat.vscode-yaml] Accessing a resource scoped configuration without providing a resource is not expected. To get the effective value for '[yaml]', provide the URI of a resource or 'null' for any resource.
2024-06-24 10:07:46.802 [warning] [redhat.vscode-yaml] Accessing a resource scoped configuration without providing a resource is not expected. To get the effective value for '[yaml]', provide the URI of a resource or 'null' for any resource.
2024-06-24 10:07:48.167 [warning] [redhat.vscode-yaml] Accessing a resource scoped configuration without providing a resource is not expected. To get the effective value for '[yaml]', provide the URI of a resource or 'null' for any resource.
2024-06-24 10:07:48.315 [warning] [redhat.vscode-yaml] Accessing a resource scoped configuration without providing a resource is not expected. To get the effective value for '[yaml]', provide the URI of a resource or 'null' for any resource.
2024-06-24 10:07:48.838 [warning] [redhat.vscode-yaml] Accessing a resource scoped configuration without providing a resource is not expected. To get the effective value for '[yaml]', provide the URI of a resource or 'null' for any resource.
2024-06-24 10:07:49.697 [warning] [redhat.vscode-yaml] Accessing a resource scoped configuration without providing a resource is not expected. To get the effective value for '[yaml]', provide the URI of a resource or 'null' for any resource.
2024-06-24 10:07:50.282 [warning] [redhat.vscode-yaml] Accessing a resource scoped configuration without providing a resource is not expected. To get the effective value for '[yaml]', provide the URI of a resource or 'null' for any resource.
2024-06-24 10:07:51.290 [warning] [redhat.vscode-yaml] Accessing a resource scoped configuration without providing a resource is not expected. To get the effective value for '[yaml]', provide the URI of a resource or 'null' for any resource.
2024-06-24 10:07:51.936 [warning] [redhat.vscode-yaml] Accessing a resource scoped configuration without providing a resource is not expected. To get the effective value for '[yaml]', provide the URI of a resource or 'null' for any resource.
2024-06-24 10:07:52.403 [warning] [redhat.vscode-yaml] Accessing a resource scoped configuration without providing a resource is not expected. To get the effective value for '[yaml]', provide the URI of a resource or 'null' for any resource.
2024-06-24 10:07:52.785 [warning] [redhat.vscode-yaml] Accessing a resource scoped configuration without providing a resource is not expected. To get the effective value for '[yaml]', provide the URI of a resource or 'null' for any resource.
2024-06-24 10:07:54.009 [warning] [redhat.vscode-yaml] Accessing a resource scoped configuration without providing a resource is not expected. To get the effective value for '[yaml]', provide the URI of a resource or 'null' for any resource.
2024-06-24 10:07:54.511 [warning] [redhat.vscode-yaml] Accessing a resource scoped configuration without providing a resource is not expected. To get the effective value for '[yaml]', provide the URI of a resource or 'null' for any resource.
2024-06-24 10:08:02.040 [warning] [redhat.vscode-yaml] Accessing a resource scoped configuration without providing a resource is not expected. To get the effective value for '[yaml]', provide the URI of a resource or 'null' for any resource.
2024-06-24 10:08:19.356 [warning] [redhat.vscode-yaml] Accessing a resource scoped configuration without providing a resource is not expected. To get the effective value for '[yaml]', provide the URI of a resource or 'null' for any resource.
2024-06-24 10:08:19.757 [warning] [redhat.vscode-yaml] Accessing a resource scoped configuration without providing a resource is not expected. To get the effective value for '[yaml]', provide the URI of a resource or 'null' for any resource.
2024-06-24 10:08:21.031 [warning] [redhat.vscode-yaml] Accessing a resource scoped configuration without providing a resource is not expected. To get the effective value for '[yaml]', provide the URI of a resource or 'null' for any resource.
2024-06-24 10:08:21.528 [warning] [redhat.vscode-yaml] Accessing a resource scoped configuration without providing a resource is not expected. To get the effective value for '[yaml]', provide the URI of a resource or 'null' for any resource.
2024-06-24 10:08:22.077 [warning] [redhat.vscode-yaml] Accessing a resource scoped configuration without providing a resource is not expected. To get the effective value for '[yaml]', provide the URI of a resource or 'null' for any resource.
2024-06-24 10:08:22.626 [warning] [redhat.vscode-yaml] Accessing a resource scoped configuration without providing a resource is not expected. To get the effective value for '[yaml]', provide the URI of a resource or 'null' for any resource.
2024-06-24 10:08:23.091 [warning] [redhat.vscode-yaml] Accessing a resource scoped configuration without providing a resource is not expected. To get the effective value for '[yaml]', provide the URI of a resource or 'null' for any resource.
2024-06-24 10:09:33.385 [warning] [redhat.vscode-yaml] Accessing a resource scoped configuration without providing a resource is not expected. To get the effective value for '[yaml]', provide the URI of a resource or 'null' for any resource.
2024-06-24 10:35:07.326 [warning] [redhat.vscode-yaml] Accessing a resource scoped configuration without providing a resource is not expected. To get the effective value for '[yaml]', provide the URI of a resource or 'null' for any resource.
2024-06-24 10:35:08.917 [warning] [redhat.vscode-yaml] Accessing a resource scoped configuration without providing a resource is not expected. To get the effective value for '[yaml]', provide the URI of a resource or 'null' for any resource.
2024-06-24 10:53:43.214 [warning] [redhat.vscode-yaml] Accessing a resource scoped configuration without providing a resource is not expected. To get the effective value for '[yaml]', provide the URI of a resource or 'null' for any resource.
2024-06-24 10:53:45.001 [warning] [redhat.vscode-yaml] Accessing a resource scoped configuration without providing a resource is not expected. To get the effective value for '[yaml]', provide the URI of a resource or 'null' for any resource.
2024-06-24 10:53:45.209 [warning] [redhat.vscode-yaml] Accessing a resource scoped configuration without providing a resource is not expected. To get the effective value for '[yaml]', provide the URI of a resource or 'null' for any resource.
2024-06-24 10:53:46.388 [warning] [redhat.vscode-yaml] Accessing a resource scoped configuration without providing a resource is not expected. To get the effective value for '[yaml]', provide the URI of a resource or 'null' for any resource.
2024-06-24 10:53:46.801 [warning] [redhat.vscode-yaml] Accessing a resource scoped configuration without providing a resource is not expected. To get the effective value for '[yaml]', provide the URI of a resource or 'null' for any resource.
2024-06-24 10:53:47.364 [warning] [redhat.vscode-yaml] Accessing a resource scoped configuration without providing a resource is not expected. To get the effective value for '[yaml]', provide the URI of a resource or 'null' for any resource.
2024-06-24 10:53:59.743 [warning] [redhat.vscode-yaml] Accessing a resource scoped configuration without providing a resource is not expected. To get the effective value for '[yaml]', provide the URI of a resource or 'null' for any resource.
2024-06-24 10:54:01.291 [warning] [redhat.vscode-yaml] Accessing a resource scoped configuration without providing a resource is not expected. To get the effective value for '[yaml]', provide the URI of a resource or 'null' for any resource.
2024-06-24 10:54:04.498 [warning] [redhat.vscode-yaml] Accessing a resource scoped configuration without providing a resource is not expected. To get the effective value for '[yaml]', provide the URI of a resource or 'null' for any resource.
2024-06-24 10:54:05.395 [warning] [redhat.vscode-yaml] Accessing a resource scoped configuration without providing a resource is not expected. To get the effective value for '[yaml]', provide the URI of a resource or 'null' for any resource.
2024-06-24 10:55:35.865 [warning] [redhat.vscode-yaml] Accessing a resource scoped configuration without providing a resource is not expected. To get the effective value for '[yaml]', provide the URI of a resource or 'null' for any resource.
2024-06-24 10:55:36.374 [warning] [redhat.vscode-yaml] Accessing a resource scoped configuration without providing a resource is not expected. To get the effective value for '[yaml]', provide the URI of a resource or 'null' for any resource.
2024-06-24 10:55:52.657 [warning] [redhat.vscode-yaml] Accessing a resource scoped configuration without providing a resource is not expected. To get the effective value for '[yaml]', provide the URI of a resource or 'null' for any resource.
2024-06-24 10:55:54.133 [warning] [redhat.vscode-yaml] Accessing a resource scoped configuration without providing a resource is not expected. To get the effective value for '[yaml]', provide the URI of a resource or 'null' for any resource.
2024-06-24 10:55:56.537 [warning] [redhat.vscode-yaml] Accessing a resource scoped configuration without providing a resource is not expected. To get the effective value for '[yaml]', provide the URI of a resource or 'null' for any resource.
2024-06-24 10:56:09.910 [warning] [redhat.vscode-yaml] Accessing a resource scoped configuration without providing a resource is not expected. To get the effective value for '[yaml]', provide the URI of a resource or 'null' for any resource.
2024-06-24 11:10:08.697 [warning] [redhat.vscode-yaml] Accessing a resource scoped configuration without providing a resource is not expected. To get the effective value for '[yaml]', provide the URI of a resource or 'null' for any resource.
2024-06-24 11:10:17.129 [warning] [redhat.vscode-yaml] Accessing a resource scoped configuration without providing a resource is not expected. To get the effective value for '[yaml]', provide the URI of a resource or 'null' for any resource.
2024-06-24 11:30:23.502 [warning] [redhat.vscode-yaml] Accessing a resource scoped configuration without providing a resource is not expected. To get the effective value for '[yaml]', provide the URI of a resource or 'null' for any resource.
2024-06-24 11:30:23.664 [warning] [redhat.vscode-yaml] Accessing a resource scoped configuration without providing a resource is not expected. To get the effective value for '[yaml]', provide the URI of a resource or 'null' for any resource.
2024-06-24 11:30:24.137 [warning] [redhat.vscode-yaml] Accessing a resource scoped configuration without providing a resource is not expected. To get the effective value for '[yaml]', provide the URI of a resource or 'null' for any resource.
2024-06-24 11:30:25.323 [warning] [redhat.vscode-yaml] Accessing a resource scoped configuration without providing a resource is not expected. To get the effective value for '[yaml]', provide the URI of a resource or 'null' for any resource.
2024-06-24 11:30:25.598 [warning] [redhat.vscode-yaml] Accessing a resource scoped configuration without providing a resource is not expected. To get the effective value for '[yaml]', provide the URI of a resource or 'null' for any resource.
2024-06-24 11:30:25.970 [warning] [redhat.vscode-yaml] Accessing a resource scoped configuration without providing a resource is not expected. To get the effective value for '[yaml]', provide the URI of a resource or 'null' for any resource.
2024-06-24 11:30:26.370 [warning] [redhat.vscode-yaml] Accessing a resource scoped configuration without providing a resource is not expected. To get the effective value for '[yaml]', provide the URI of a resource or 'null' for any resource.
2024-06-24 11:30:27.802 [warning] [redhat.vscode-yaml] Accessing a resource scoped configuration without providing a resource is not expected. To get the effective value for '[yaml]', provide the URI of a resource or 'null' for any resource.
2024-06-24 11:30:53.802 [warning] [redhat.vscode-yaml] Accessing a resource scoped configuration without providing a resource is not expected. To get the effective value for '[yaml]', provide the URI of a resource or 'null' for any resource.
2024-06-24 11:30:55.360 [warning] [redhat.vscode-yaml] Accessing a resource scoped configuration without providing a resource is not expected. To get the effective value for '[yaml]', provide the URI of a resource or 'null' for any resource.
2024-06-24 11:32:23.306 [warning] [redhat.vscode-yaml] Accessing a resource scoped configuration without providing a resource is not expected. To get the effective value for '[yaml]', provide the URI of a resource or 'null' for any resource.
2024-06-24 11:32:25.843 [warning] [redhat.vscode-yaml] Accessing a resource scoped configuration without providing a resource is not expected. To get the effective value for '[yaml]', provide the URI of a resource or 'null' for any resource.
2024-06-24 11:32:45.047 [warning] [redhat.vscode-yaml] Accessing a resource scoped configuration without providing a resource is not expected. To get the effective value for '[yaml]', provide the URI of a resource or 'null' for any resource.
2024-06-24 11:32:46.858 [warning] [Decorations] CAPPING events from decorations provider vscode.git 253
2024-06-24 11:32:48.063 [warning] [redhat.vscode-yaml] Accessing a resource scoped configuration without providing a resource is not expected. To get the effective value for '[yaml]', provide the URI of a resource or 'null' for any resource.
2024-06-24 11:32:51.949 [warning] [Decorations] CAPPING events from decorations provider vscode.git 253
2024-06-24 11:32:57.014 [warning] [Decorations] CAPPING events from decorations provider vscode.git 253
2024-06-24 11:33:00.452 [warning] [redhat.vscode-yaml] Accessing a resource scoped configuration without providing a resource is not expected. To get the effective value for '[yaml]', provide the URI of a resource or 'null' for any resource.
2024-06-24 11:33:02.073 [warning] [Decorations] CAPPING events from decorations provider vscode.git 259
2024-06-24 11:33:07.135 [warning] [Decorations] CAPPING events from decorations provider vscode.git 259
2024-06-24 11:33:34.094 [warning] [Decorations] CAPPING events from decorations provider vscode.git 259
2024-06-24 11:33:39.159 [warning] [Decorations] CAPPING events from decorations provider vscode.git 259
2024-06-24 11:33:40.537 [warning] [redhat.vscode-yaml] Accessing a resource scoped configuration without providing a resource is not expected. To get the effective value for '[yaml]', provide the URI of a resource or 'null' for any resource.
2024-06-24 11:33:44.243 [warning] [Decorations] CAPPING events from decorations provider vscode.git 262
2024-06-24 11:33:49.307 [warning] [Decorations] CAPPING events from decorations provider vscode.git 262
2024-06-24 11:33:54.385 [warning] [Decorations] CAPPING events from decorations provider vscode.git 262
2024-06-24 11:34:01.147 [warning] [Decorations] CAPPING events from decorations provider vscode.git 262
2024-06-24 11:34:06.213 [warning] [Decorations] CAPPING events from decorations provider vscode.git 262
2024-06-24 11:34:11.283 [warning] [Decorations] CAPPING events from decorations provider vscode.git 262
2024-06-24 11:34:16.363 [warning] [Decorations] CAPPING events from decorations provider vscode.git 262
2024-06-24 11:34:21.429 [warning] [Decorations] CAPPING events from decorations provider vscode.git 262
2024-06-24 11:34:47.760 [warning] [Decorations] CAPPING events from decorations provider vscode.git 265
2024-06-24 11:34:52.831 [warning] [Decorations] CAPPING events from decorations provider vscode.git 265
2024-06-24 11:34:57.890 [warning] [Decorations] CAPPING events from decorations provider vscode.git 265
2024-06-24 11:35:02.953 [warning] [Decorations] CAPPING events from decorations provider vscode.git 265
2024-06-24 11:35:08.812 [warning] [Decorations] CAPPING events from decorations provider vscode.git 268
2024-06-24 11:35:29.116 [warning] [Decorations] CAPPING events from decorations provider vscode.git 268
2024-06-24 11:35:34.180 [warning] [Decorations] CAPPING events from decorations provider vscode.git 268
2024-06-24 11:35:39.241 [warning] [Decorations] CAPPING events from decorations provider vscode.git 268
2024-06-24 11:35:44.303 [warning] [Decorations] CAPPING events from decorations provider vscode.git 268
2024-06-24 11:35:46.520 [warning] [redhat.vscode-yaml] Accessing a resource scoped configuration without providing a resource is not expected. To get the effective value for '[yaml]', provide the URI of a resource or 'null' for any resource.
2024-06-24 11:35:49.380 [warning] [Decorations] CAPPING events from decorations provider vscode.git 271
2024-06-24 11:35:54.458 [warning] [Decorations] CAPPING events from decorations provider vscode.git 271
2024-06-24 11:35:54.474 [warning] [redhat.vscode-yaml] Accessing a resource scoped configuration without providing a resource is not expected. To get the effective value for '[yaml]', provide the URI of a resource or 'null' for any resource.
2024-06-24 11:35:57.287 [warning] [redhat.vscode-yaml] Accessing a resource scoped configuration without providing a resource is not expected. To get the effective value for '[yaml]', provide the URI of a resource or 'null' for any resource.
2024-06-24 11:35:59.553 [warning] [Decorations] CAPPING events from decorations provider vscode.git 274
2024-06-24 11:36:03.095 [warning] [redhat.vscode-yaml] Accessing a resource scoped configuration without providing a resource is not expected. To get the effective value for '[yaml]', provide the URI of a resource or 'null' for any resource.
2024-06-24 11:36:04.623 [warning] [Decorations] CAPPING events from decorations provider vscode.git 274
2024-06-24 11:36:09.702 [warning] [Decorations] CAPPING events from decorations provider vscode.git 274
2024-06-24 11:36:14.764 [warning] [Decorations] CAPPING events from decorations provider vscode.git 274
2024-06-24 11:36:19.821 [warning] [Decorations] CAPPING events from decorations provider vscode.git 274
2024-06-24 11:36:24.881 [warning] [Decorations] CAPPING events from decorations provider vscode.git 274
2024-06-24 11:36:30.336 [warning] [Decorations] CAPPING events from decorations provider vscode.git 274
2024-06-24 11:36:35.401 [warning] [Decorations] CAPPING events from decorations provider vscode.git 274
2024-06-24 11:36:40.463 [warning] [Decorations] CAPPING events from decorations provider vscode.git 274
2024-06-24 11:36:45.529 [warning] [Decorations] CAPPING events from decorations provider vscode.git 274
2024-06-24 11:36:50.590 [warning] [Decorations] CAPPING events from decorations provider vscode.git 274
2024-06-24 11:36:55.939 [warning] [Decorations] CAPPING events from decorations provider vscode.git 274
2024-06-24 11:37:01.001 [warning] [Decorations] CAPPING events from decorations provider vscode.git 274
2024-06-24 11:37:06.064 [warning] [Decorations] CAPPING events from decorations provider vscode.git 274
2024-06-24 11:37:11.127 [warning] [Decorations] CAPPING events from decorations provider vscode.git 274
2024-06-24 11:37:16.187 [warning] [Decorations] CAPPING events from decorations provider vscode.git 274
2024-06-24 11:37:21.256 [warning] [Decorations] CAPPING events from decorations provider vscode.git 274
2024-06-24 11:37:26.325 [warning] [Decorations] CAPPING events from decorations provider vscode.git 274
2024-06-24 11:37:31.389 [warning] [Decorations] CAPPING events from decorations provider vscode.git 274
2024-06-24 11:37:36.449 [warning] [Decorations] CAPPING events from decorations provider vscode.git 274
2024-06-24 11:37:41.509 [warning] [Decorations] CAPPING events from decorations provider vscode.git 274
2024-06-24 11:37:46.569 [warning] [Decorations] CAPPING events from decorations provider vscode.git 274
2024-06-24 11:37:51.628 [warning] [Decorations] CAPPING events from decorations provider vscode.git 274
2024-06-24 11:37:56.689 [warning] [Decorations] CAPPING events from decorations provider vscode.git 274
2024-06-24 11:38:01.751 [warning] [Decorations] CAPPING events from decorations provider vscode.git 274
2024-06-24 11:38:07.010 [warning] [Decorations] CAPPING events from decorations provider vscode.git 274
2024-06-24 11:38:12.068 [warning] [Decorations] CAPPING events from decorations provider vscode.git 274
2024-06-24 11:38:17.139 [warning] [Decorations] CAPPING events from decorations provider vscode.git 274
2024-06-24 11:38:22.197 [warning] [Decorations] CAPPING events from decorations provider vscode.git 274
2024-06-24 11:38:27.258 [warning] [Decorations] CAPPING events from decorations provider vscode.git 274
2024-06-24 11:38:32.321 [warning] [Decorations] CAPPING events from decorations provider vscode.git 274
2024-06-24 11:38:37.400 [warning] [Decorations] CAPPING events from decorations provider vscode.git 274
2024-06-24 11:38:42.499 [warning] [Decorations] CAPPING events from decorations provider vscode.git 274
2024-06-24 11:38:47.560 [warning] [Decorations] CAPPING events from decorations provider vscode.git 274
2024-06-24 11:38:52.623 [warning] [Decorations] CAPPING events from decorations provider vscode.git 274
2024-06-24 11:38:57.683 [warning] [Decorations] CAPPING events from decorations provider vscode.git 274
2024-06-24 11:39:02.744 [warning] [Decorations] CAPPING events from decorations provider vscode.git 274
2024-06-24 11:39:07.813 [warning] [Decorations] CAPPING events from decorations provider vscode.git 274
2024-06-24 11:39:12.899 [warning] [Decorations] CAPPING events from decorations provider vscode.git 274
2024-06-24 11:39:17.959 [warning] [Decorations] CAPPING events from decorations provider vscode.git 274
2024-06-24 11:39:23.029 [warning] [Decorations] CAPPING events from decorations provider vscode.git 274
2024-06-24 11:39:28.089 [warning] [Decorations] CAPPING events from decorations provider vscode.git 274
2024-06-24 11:39:33.177 [warning] [Decorations] CAPPING events from decorations provider vscode.git 274
2024-06-24 11:40:29.389 [warning] [Decorations] CAPPING events from decorations provider vscode.git 277
2024-06-24 11:40:34.454 [warning] [Decorations] CAPPING events from decorations provider vscode.git 277
2024-06-24 11:41:54.156 [warning] [Decorations] CAPPING events from decorations provider vscode.git 277
2024-06-24 11:41:59.215 [warning] [Decorations] CAPPING events from decorations provider vscode.git 277
2024-06-24 11:42:04.277 [warning] [Decorations] CAPPING events from decorations provider vscode.git 280
2024-06-24 11:42:20.267 [warning] [Decorations] CAPPING events from decorations provider vscode.git 280
2024-06-24 11:42:25.351 [warning] [Decorations] CAPPING events from decorations provider vscode.git 280
2024-06-24 11:42:30.421 [warning] [Decorations] CAPPING events from decorations provider vscode.git 280
2024-06-24 11:42:35.483 [warning] [Decorations] CAPPING events from decorations provider vscode.git 280
2024-06-24 11:42:40.551 [warning] [Decorations] CAPPING events from decorations provider vscode.git 280
2024-06-24 11:42:45.617 [warning] [Decorations] CAPPING events from decorations provider vscode.git 280
2024-06-24 11:42:50.680 [warning] [Decorations] CAPPING events from decorations provider vscode.git 280
2024-06-24 11:42:56.239 [warning] [Decorations] CAPPING events from decorations provider vscode.git 281
2024-06-24 11:43:01.323 [warning] [Decorations] CAPPING events from decorations provider vscode.git 281
2024-06-24 11:43:06.389 [warning] [Decorations] CAPPING events from decorations provider vscode.git 281
2024-06-24 11:43:11.458 [warning] [Decorations] CAPPING events from decorations provider vscode.git 281
2024-06-24 11:43:16.521 [warning] [Decorations] CAPPING events from decorations provider vscode.git 281
2024-06-24 11:43:21.589 [warning] [Decorations] CAPPING events from decorations provider vscode.git 281
2024-06-24 11:43:26.650 [warning] [Decorations] CAPPING events from decorations provider vscode.git 281
2024-06-24 11:43:31.718 [warning] [Decorations] CAPPING events from decorations provider vscode.git 281
2024-06-24 11:43:36.785 [warning] [Decorations] CAPPING events from decorations provider vscode.git 281
2024-06-24 11:43:41.853 [warning] [Decorations] CAPPING events from decorations provider vscode.git 281
2024-06-24 11:43:46.916 [warning] [Decorations] CAPPING events from decorations provider vscode.git 281
2024-06-24 11:43:51.991 [warning] [Decorations] CAPPING events from decorations provider vscode.git 281
2024-06-24 11:43:57.057 [warning] [Decorations] CAPPING events from decorations provider vscode.git 283
2024-06-24 11:44:38.922 [warning] [Decorations] CAPPING events from decorations provider vscode.git 283
2024-06-24 11:44:44.000 [warning] [Decorations] CAPPING events from decorations provider vscode.git 283
2024-06-24 11:44:49.061 [warning] [Decorations] CAPPING events from decorations provider vscode.git 283
2024-06-24 11:44:54.142 [warning] [Decorations] CAPPING events from decorations provider vscode.git 283
2024-06-24 11:44:59.210 [warning] [Decorations] CAPPING events from decorations provider vscode.git 283
2024-06-24 11:45:04.273 [warning] [Decorations] CAPPING events from decorations provider vscode.git 283
2024-06-24 11:45:09.339 [warning] [Decorations] CAPPING events from decorations provider vscode.git 283
2024-06-24 11:45:14.401 [warning] [Decorations] CAPPING events from decorations provider vscode.git 282
2024-06-24 11:45:19.468 [warning] [Decorations] CAPPING events from decorations provider vscode.git 282
2024-06-24 11:45:24.533 [warning] [Decorations] CAPPING events from decorations provider vscode.git 282
2024-06-24 11:45:29.595 [warning] [Decorations] CAPPING events from decorations provider vscode.git 282
2024-06-24 11:45:34.659 [warning] [Decorations] CAPPING events from decorations provider vscode.git 282
2024-06-24 11:45:39.719 [warning] [Decorations] CAPPING events from decorations provider vscode.git 282
2024-06-24 11:45:44.805 [warning] [Decorations] CAPPING events from decorations provider vscode.git 282
2024-06-24 11:45:49.882 [warning] [Decorations] CAPPING events from decorations provider vscode.git 282
2024-06-24 11:46:32.815 [warning] [Decorations] CAPPING events from decorations provider vscode.git 282
2024-06-24 11:46:37.879 [warning] [Decorations] CAPPING events from decorations provider vscode.git 282
2024-06-24 11:46:43.421 [warning] [Decorations] CAPPING events from decorations provider vscode.git 282
2024-06-24 11:46:48.491 [warning] [Decorations] CAPPING events from decorations provider vscode.git 282
2024-06-24 11:46:53.555 [warning] [Decorations] CAPPING events from decorations provider vscode.git 282
2024-06-24 11:46:58.616 [warning] [Decorations] CAPPING events from decorations provider vscode.git 282
2024-06-24 11:47:03.677 [warning] [Decorations] CAPPING events from decorations provider vscode.git 282
2024-06-24 11:47:08.739 [warning] [Decorations] CAPPING events from decorations provider vscode.git 282
2024-06-24 11:47:13.820 [warning] [Decorations] CAPPING events from decorations provider vscode.git 282
2024-06-24 11:47:18.888 [warning] [Decorations] CAPPING events from decorations provider vscode.git 282
2024-06-24 11:47:23.954 [warning] [Decorations] CAPPING events from decorations provider vscode.git 282
2024-06-24 11:47:29.027 [warning] [Decorations] CAPPING events from decorations provider vscode.git 282
2024-06-24 11:47:34.089 [warning] [Decorations] CAPPING events from decorations provider vscode.git 282
2024-06-24 11:47:39.148 [warning] [Decorations] CAPPING events from decorations provider vscode.git 282
2024-06-24 11:47:44.210 [warning] [Decorations] CAPPING events from decorations provider vscode.git 282
2024-06-24 11:47:49.273 [warning] [Decorations] CAPPING events from decorations provider vscode.git 282
2024-06-24 11:47:54.332 [warning] [Decorations] CAPPING events from decorations provider vscode.git 282
2024-06-24 11:47:59.402 [warning] [Decorations] CAPPING events from decorations provider vscode.git 282
2024-06-24 11:48:04.466 [warning] [Decorations] CAPPING events from decorations provider vscode.git 282
2024-06-24 11:48:09.529 [warning] [Decorations] CAPPING events from decorations provider vscode.git 282
2024-06-24 11:48:14.614 [warning] [Decorations] CAPPING events from decorations provider vscode.git 282
2024-06-24 11:48:19.674 [warning] [Decorations] CAPPING events from decorations provider vscode.git 282
2024-06-24 11:48:24.731 [warning] [Decorations] CAPPING events from decorations provider vscode.git 282
2024-06-24 11:48:29.794 [warning] [Decorations] CAPPING events from decorations provider vscode.git 282
2024-06-24 11:48:34.855 [warning] [Decorations] CAPPING events from decorations provider vscode.git 282
2024-06-24 11:48:40.546 [warning] [Decorations] CAPPING events from decorations provider vscode.git 282
2024-06-24 11:48:45.631 [warning] [Decorations] CAPPING events from decorations provider vscode.git 282
2024-06-24 11:48:50.691 [warning] [Decorations] CAPPING events from decorations provider vscode.git 282
2024-06-24 11:48:55.750 [warning] [Decorations] CAPPING events from decorations provider vscode.git 282
2024-06-24 11:49:00.814 [warning] [Decorations] CAPPING events from decorations provider vscode.git 282
2024-06-24 11:49:05.874 [warning] [Decorations] CAPPING events from decorations provider vscode.git 282
2024-06-24 11:49:10.964 [warning] [Decorations] CAPPING events from decorations provider vscode.git 282
2024-06-24 11:49:16.037 [warning] [Decorations] CAPPING events from decorations provider vscode.git 282
2024-06-24 11:49:21.097 [warning] [Decorations] CAPPING events from decorations provider vscode.git 282
2024-06-24 11:49:26.159 [warning] [Decorations] CAPPING events from decorations provider vscode.git 282
2024-06-24 11:49:31.222 [warning] [Decorations] CAPPING events from decorations provider vscode.git 282
2024-06-24 11:49:36.287 [warning] [Decorations] CAPPING events from decorations provider vscode.git 282
2024-06-24 11:49:52.577 [warning] [Decorations] CAPPING events from decorations provider vscode.git 282
2024-06-24 11:49:57.670 [warning] [Decorations] CAPPING events from decorations provider vscode.git 282
2024-06-24 11:50:02.729 [warning] [Decorations] CAPPING events from decorations provider vscode.git 282
2024-06-24 11:50:07.789 [warning] [Decorations] CAPPING events from decorations provider vscode.git 282
2024-06-24 11:51:27.810 [warning] [Decorations] CAPPING events from decorations provider vscode.git 282
2024-06-24 11:51:32.881 [warning] [Decorations] CAPPING events from decorations provider vscode.git 282
2024-06-24 11:52:34.464 [warning] [Decorations] CAPPING events from decorations provider vscode.git 282
2024-06-24 11:52:39.525 [warning] [Decorations] CAPPING events from decorations provider vscode.git 282
2024-06-24 11:55:59.540 [warning] [Decorations] CAPPING events from decorations provider vscode.git 282
2024-06-24 11:56:04.610 [warning] [Decorations] CAPPING events from decorations provider vscode.git 282
2024-06-24 11:56:09.668 [warning] [Decorations] CAPPING events from decorations provider vscode.git 282
2024-06-24 11:56:14.731 [warning] [Decorations] CAPPING events from decorations provider vscode.git 282
2024-06-24 11:56:19.792 [warning] [Decorations] CAPPING events from decorations provider vscode.git 282
2024-06-24 11:57:18.117 [warning] [Decorations] CAPPING events from decorations provider vscode.git 282
2024-06-24 11:57:23.178 [warning] [Decorations] CAPPING events from decorations provider vscode.git 282
2024-06-24 11:58:34.746 [warning] [Decorations] CAPPING events from decorations provider vscode.git 282
2024-06-24 11:58:39.811 [warning] [Decorations] CAPPING events from decorations provider vscode.git 282
2024-06-24 11:58:44.891 [warning] [Decorations] CAPPING events from decorations provider vscode.git 282
2024-06-24 11:58:49.972 [warning] [Decorations] CAPPING events from decorations provider vscode.git 282
2024-06-24 11:58:55.037 [warning] [Decorations] CAPPING events from decorations provider vscode.git 282
2024-06-24 11:59:00.114 [warning] [Decorations] CAPPING events from decorations provider vscode.git 282
2024-06-24 11:59:27.567 [warning] [Decorations] CAPPING events from decorations provider vscode.git 282
2024-06-24 11:59:32.632 [warning] [Decorations] CAPPING events from decorations provider vscode.git 282
2024-06-24 11:59:44.552 [warning] [Decorations] CAPPING events from decorations provider vscode.git 282
2024-06-24 11:59:49.622 [warning] [Decorations] CAPPING events from decorations provider vscode.git 282
2024-06-24 11:59:55.070 [warning] [Decorations] CAPPING events from decorations provider vscode.git 282
2024-06-24 12:00:00.138 [warning] [Decorations] CAPPING events from decorations provider vscode.git 282
2024-06-24 12:00:05.209 [warning] [Decorations] CAPPING events from decorations provider vscode.git 282
2024-06-24 12:00:10.274 [warning] [Decorations] CAPPING events from decorations provider vscode.git 282
2024-06-24 12:00:15.345 [warning] [Decorations] CAPPING events from decorations provider vscode.git 283
2024-06-24 12:00:20.412 [warning] [Decorations] CAPPING events from decorations provider vscode.git 283
2024-06-24 12:00:25.481 [warning] [Decorations] CAPPING events from decorations provider vscode.git 283
2024-06-24 12:00:30.547 [warning] [Decorations] CAPPING events from decorations provider vscode.git 283
2024-06-24 12:00:35.607 [warning] [Decorations] CAPPING events from decorations provider vscode.git 283
2024-06-24 12:00:42.115 [warning] [Decorations] CAPPING events from decorations provider vscode.git 283
2024-06-24 12:00:46.973 [warning] [redhat.vscode-yaml] Accessing a resource scoped configuration without providing a resource is not expected. To get the effective value for '[yaml]', provide the URI of a resource or 'null' for any resource.
2024-06-24 12:00:47.152 [warning] [redhat.vscode-yaml] Accessing a resource scoped configuration without providing a resource is not expected. To get the effective value for '[yaml]', provide the URI of a resource or 'null' for any resource.
2024-06-24 12:00:47.319 [warning] [Decorations] CAPPING events from decorations provider vscode.git 286
2024-06-24 12:00:52.386 [warning] [Decorations] CAPPING events from decorations provider vscode.git 286
2024-06-24 12:00:59.125 [warning] [Decorations] CAPPING events from decorations provider vscode.git 288
2024-06-24 12:01:04.194 [warning] [Decorations] CAPPING events from decorations provider vscode.git 288
2024-06-24 12:01:22.148 [warning] [Decorations] CAPPING events from decorations provider vscode.git 288
2024-06-24 12:01:27.210 [warning] [Decorations] CAPPING events from decorations provider vscode.git 288
2024-06-24 12:01:32.270 [warning] [Decorations] CAPPING events from decorations provider vscode.git 288
2024-06-24 12:01:37.334 [warning] [Decorations] CAPPING events from decorations provider vscode.git 288
2024-06-24 12:01:42.396 [warning] [Decorations] CAPPING events from decorations provider vscode.git 288
2024-06-24 12:01:57.694 [warning] [Decorations] CAPPING events from decorations provider vscode.git 288
2024-06-24 12:02:02.763 [warning] [Decorations] CAPPING events from decorations provider vscode.git 288
2024-06-24 12:02:07.836 [warning] [Decorations] CAPPING events from decorations provider vscode.git 288
2024-06-24 12:02:14.442 [warning] [Decorations] CAPPING events from decorations provider vscode.git 288
2024-06-24 12:02:19.522 [warning] [Decorations] CAPPING events from decorations provider vscode.git 288
2024-06-24 12:02:24.584 [warning] [Decorations] CAPPING events from decorations provider vscode.git 288
2024-06-24 12:02:29.660 [warning] [Decorations] CAPPING events from decorations provider vscode.git 288
2024-06-24 12:02:34.723 [warning] [Decorations] CAPPING events from decorations provider vscode.git 291
2024-06-24 12:03:21.290 [warning] [Decorations] CAPPING events from decorations provider vscode.git 291
2024-06-24 12:03:26.373 [warning] [Decorations] CAPPING events from decorations provider vscode.git 291
2024-06-24 12:03:31.435 [warning] [Decorations] CAPPING events from decorations provider vscode.git 291
2024-06-24 12:03:36.502 [warning] [Decorations] CAPPING events from decorations provider vscode.git 291
2024-06-24 12:03:41.566 [warning] [Decorations] CAPPING events from decorations provider vscode.git 291
2024-06-24 12:03:46.634 [warning] [Decorations] CAPPING events from decorations provider vscode.git 291
2024-06-24 12:03:51.703 [warning] [Decorations] CAPPING events from decorations provider vscode.git 291
2024-06-24 12:03:56.765 [warning] [Decorations] CAPPING events from decorations provider vscode.git 291
2024-06-24 12:04:01.824 [warning] [Decorations] CAPPING events from decorations provider vscode.git 291
2024-06-24 12:05:07.052 [warning] [Decorations] CAPPING events from decorations provider vscode.git 291
2024-06-24 12:07:39.063 [warning] [Decorations] CAPPING events from decorations provider vscode.git 291
2024-06-24 12:07:44.125 [warning] [Decorations] CAPPING events from decorations provider vscode.git 294
2024-06-24 12:07:49.191 [warning] [Decorations] CAPPING events from decorations provider vscode.git 294
2024-06-24 12:07:54.252 [warning] [Decorations] CAPPING events from decorations provider vscode.git 294
2024-06-24 12:08:00.495 [warning] [Decorations] CAPPING events from decorations provider vscode.git 294
2024-06-24 12:08:05.569 [warning] [Decorations] CAPPING events from decorations provider vscode.git 294
2024-06-24 12:08:10.628 [warning] [Decorations] CAPPING events from decorations provider vscode.git 294
2024-06-24 12:08:45.560 [warning] [Decorations] CAPPING events from decorations provider vscode.git 294
2024-06-24 12:08:50.626 [warning] [Decorations] CAPPING events from decorations provider vscode.git 294
2024-06-24 12:08:55.689 [warning] [Decorations] CAPPING events from decorations provider vscode.git 294
2024-06-24 12:09:00.753 [warning] [Decorations] CAPPING events from decorations provider vscode.git 295
2024-06-24 12:09:05.815 [warning] [Decorations] CAPPING events from decorations provider vscode.git 295
2024-06-24 12:09:10.880 [warning] [Decorations] CAPPING events from decorations provider vscode.git 295
2024-06-24 12:09:15.944 [warning] [Decorations] CAPPING events from decorations provider vscode.git 295
2024-06-24 12:09:21.010 [warning] [Decorations] CAPPING events from decorations provider vscode.git 295
2024-06-24 12:09:28.567 [warning] [Decorations] CAPPING events from decorations provider vscode.git 295
2024-06-24 12:09:33.636 [warning] [Decorations] CAPPING events from decorations provider vscode.git 295
2024-06-24 12:09:38.695 [warning] [Decorations] CAPPING events from decorations provider vscode.git 295
2024-06-24 12:09:43.784 [warning] [Decorations] CAPPING events from decorations provider vscode.git 295
2024-06-24 12:09:48.871 [warning] [Decorations] CAPPING events from decorations provider vscode.git 295
2024-06-24 12:09:53.951 [warning] [Decorations] CAPPING events from decorations provider vscode.git 295
2024-06-24 12:09:59.028 [warning] [Decorations] CAPPING events from decorations provider vscode.git 295
2024-06-24 12:10:04.090 [warning] [Decorations] CAPPING events from decorations provider vscode.git 295
2024-06-24 12:10:09.154 [warning] [Decorations] CAPPING events from decorations provider vscode.git 295
2024-06-24 12:10:14.212 [warning] [Decorations] CAPPING events from decorations provider vscode.git 295
2024-06-24 12:10:19.593 [warning] [Decorations] CAPPING events from decorations provider vscode.git 295
2024-06-24 12:10:24.662 [warning] [Decorations] CAPPING events from decorations provider vscode.git 295
2024-06-24 12:10:45.336 [warning] [Decorations] CAPPING events from decorations provider vscode.git 296
2024-06-24 12:10:50.408 [warning] [Decorations] CAPPING events from decorations provider vscode.git 296
2024-06-24 12:10:55.488 [warning] [Decorations] CAPPING events from decorations provider vscode.git 296
2024-06-24 12:11:00.579 [warning] [Decorations] CAPPING events from decorations provider vscode.git 296
2024-06-24 12:11:05.641 [warning] [Decorations] CAPPING events from decorations provider vscode.git 296
2024-06-24 12:11:10.704 [warning] [Decorations] CAPPING events from decorations provider vscode.git 296
2024-06-24 12:11:15.765 [warning] [Decorations] CAPPING events from decorations provider vscode.git 296
2024-06-24 12:11:20.844 [warning] [Decorations] CAPPING events from decorations provider vscode.git 296
2024-06-24 12:11:25.912 [warning] [Decorations] CAPPING events from decorations provider vscode.git 296
2024-06-24 12:11:30.973 [warning] [Decorations] CAPPING events from decorations provider vscode.git 296
2024-06-24 12:11:50.961 [warning] [Decorations] CAPPING events from decorations provider vscode.git 297
2024-06-24 12:11:56.025 [warning] [Decorations] CAPPING events from decorations provider vscode.git 297
2024-06-24 12:12:07.810 [warning] [Decorations] CAPPING events from decorations provider vscode.git 297
2024-06-24 12:12:12.889 [warning] [Decorations] CAPPING events from decorations provider vscode.git 297
2024-06-24 12:12:43.997 [warning] [Decorations] CAPPING events from decorations provider vscode.git 300
2024-06-24 12:12:49.073 [warning] [Decorations] CAPPING events from decorations provider vscode.git 300
2024-06-24 12:12:54.147 [warning] [Decorations] CAPPING events from decorations provider vscode.git 300
2024-06-24 12:12:59.217 [warning] [Decorations] CAPPING events from decorations provider vscode.git 300
2024-06-24 12:13:04.282 [warning] [Decorations] CAPPING events from decorations provider vscode.git 300
2024-06-24 12:13:09.347 [warning] [Decorations] CAPPING events from decorations provider vscode.git 300
2024-06-24 12:13:14.409 [warning] [Decorations] CAPPING events from decorations provider vscode.git 300
2024-06-24 12:13:19.722 [warning] [Decorations] CAPPING events from decorations provider vscode.git 301
2024-06-24 12:13:24.787 [warning] [Decorations] CAPPING events from decorations provider vscode.git 301
2024-06-24 12:13:29.875 [warning] [Decorations] CAPPING events from decorations provider vscode.git 301
2024-06-24 12:13:46.893 [warning] [Decorations] CAPPING events from decorations provider vscode.git 301
2024-06-24 12:13:51.961 [warning] [Decorations] CAPPING events from decorations provider vscode.git 301
2024-06-24 12:13:57.034 [warning] [Decorations] CAPPING events from decorations provider vscode.git 301
2024-06-24 12:14:02.101 [warning] [Decorations] CAPPING events from decorations provider vscode.git 301
2024-06-24 12:14:07.166 [warning] [Decorations] CAPPING events from decorations provider vscode.git 301
2024-06-24 12:14:12.228 [warning] [Decorations] CAPPING events from decorations provider vscode.git 301
2024-06-24 12:14:44.776 [warning] [Decorations] CAPPING events from decorations provider vscode.git 302
2024-06-24 12:14:49.849 [warning] [Decorations] CAPPING events from decorations provider vscode.git 302
2024-06-24 12:14:54.916 [warning] [Decorations] CAPPING events from decorations provider vscode.git 302
2024-06-24 12:14:59.977 [warning] [Decorations] CAPPING events from decorations provider vscode.git 302
2024-06-24 12:15:10.185 [warning] [Decorations] CAPPING events from decorations provider vscode.git 302
2024-06-24 12:15:15.248 [warning] [Decorations] CAPPING events from decorations provider vscode.git 302
2024-06-24 12:15:20.332 [warning] [Decorations] CAPPING events from decorations provider vscode.git 302
2024-06-24 12:15:25.414 [warning] [Decorations] CAPPING events from decorations provider vscode.git 302
2024-06-24 12:15:30.492 [warning] [Decorations] CAPPING events from decorations provider vscode.git 302
2024-06-24 12:15:35.554 [warning] [Decorations] CAPPING events from decorations provider vscode.git 302
2024-06-24 12:15:40.626 [warning] [Decorations] CAPPING events from decorations provider vscode.git 302
2024-06-24 12:15:45.689 [warning] [Decorations] CAPPING events from decorations provider vscode.git 302
2024-06-24 12:15:50.752 [warning] [Decorations] CAPPING events from decorations provider vscode.git 302
2024-06-24 12:15:55.814 [warning] [Decorations] CAPPING events from decorations provider vscode.git 302
2024-06-24 12:16:00.877 [warning] [Decorations] CAPPING events from decorations provider vscode.git 302
2024-06-24 12:16:05.942 [warning] [Decorations] CAPPING events from decorations provider vscode.git 302
2024-06-24 12:16:11.011 [warning] [Decorations] CAPPING events from decorations provider vscode.git 302
2024-06-24 12:16:16.073 [warning] [Decorations] CAPPING events from decorations provider vscode.git 302
2024-06-24 12:16:21.131 [warning] [Decorations] CAPPING events from decorations provider vscode.git 302
2024-06-24 12:16:26.193 [warning] [Decorations] CAPPING events from decorations provider vscode.git 302
2024-06-24 12:16:31.255 [warning] [Decorations] CAPPING events from decorations provider vscode.git 302
2024-06-24 12:16:36.331 [warning] [Decorations] CAPPING events from decorations provider vscode.git 302
2024-06-24 12:16:41.392 [warning] [Decorations] CAPPING events from decorations provider vscode.git 302
2024-06-24 12:16:46.459 [warning] [Decorations] CAPPING events from decorations provider vscode.git 302
2024-06-24 12:16:51.901 [warning] [Decorations] CAPPING events from decorations provider vscode.git 302
2024-06-24 12:16:56.960 [warning] [Decorations] CAPPING events from decorations provider vscode.git 302
2024-06-24 12:17:02.025 [warning] [Decorations] CAPPING events from decorations provider vscode.git 302
2024-06-24 12:17:07.087 [warning] [Decorations] CAPPING events from decorations provider vscode.git 302
2024-06-24 12:17:12.149 [warning] [Decorations] CAPPING events from decorations provider vscode.git 302
2024-06-24 12:17:17.211 [warning] [Decorations] CAPPING events from decorations provider vscode.git 302
2024-06-24 12:17:22.271 [warning] [Decorations] CAPPING events from decorations provider vscode.git 302
2024-06-24 12:17:27.332 [warning] [Decorations] CAPPING events from decorations provider vscode.git 302
2024-06-24 12:17:32.391 [warning] [Decorations] CAPPING events from decorations provider vscode.git 302
2024-06-24 12:17:37.452 [warning] [Decorations] CAPPING events from decorations provider vscode.git 302
2024-06-24 12:17:42.519 [warning] [Decorations] CAPPING events from decorations provider vscode.git 302
2024-06-24 12:17:47.597 [warning] [Decorations] CAPPING events from decorations provider vscode.git 302
2024-06-24 12:17:52.684 [warning] [Decorations] CAPPING events from decorations provider vscode.git 302
2024-06-24 12:17:57.746 [warning] [Decorations] CAPPING events from decorations provider vscode.git 302
2024-06-24 12:18:02.816 [warning] [Decorations] CAPPING events from decorations provider vscode.git 302
2024-06-24 12:18:07.883 [warning] [Decorations] CAPPING events from decorations provider vscode.git 302
2024-06-24 12:18:12.953 [warning] [Decorations] CAPPING events from decorations provider vscode.git 302
2024-06-24 12:18:18.024 [warning] [Decorations] CAPPING events from decorations provider vscode.git 302
2024-06-24 12:18:23.090 [warning] [Decorations] CAPPING events from decorations provider vscode.git 302
2024-06-24 12:18:28.156 [warning] [Decorations] CAPPING events from decorations provider vscode.git 302
2024-06-24 12:18:33.226 [warning] [Decorations] CAPPING events from decorations provider vscode.git 302
2024-06-24 12:18:38.290 [warning] [Decorations] CAPPING events from decorations provider vscode.git 302
2024-06-24 12:18:43.353 [warning] [Decorations] CAPPING events from decorations provider vscode.git 302
2024-06-24 12:18:49.014 [warning] [Decorations] CAPPING events from decorations provider vscode.git 302
2024-06-24 12:18:54.072 [warning] [Decorations] CAPPING events from decorations provider vscode.git 302
2024-06-24 12:18:59.153 [warning] [Decorations] CAPPING events from decorations provider vscode.git 302
2024-06-24 12:19:04.220 [warning] [Decorations] CAPPING events from decorations provider vscode.git 302
2024-06-24 12:19:09.282 [warning] [Decorations] CAPPING events from decorations provider vscode.git 302
2024-06-24 12:19:14.346 [warning] [Decorations] CAPPING events from decorations provider vscode.git 302
2024-06-24 12:19:19.414 [warning] [Decorations] CAPPING events from decorations provider vscode.git 302
2024-06-24 12:19:24.477 [warning] [Decorations] CAPPING events from decorations provider vscode.git 302
2024-06-24 12:19:29.539 [warning] [Decorations] CAPPING events from decorations provider vscode.git 302
2024-06-24 12:19:34.638 [warning] [Decorations] CAPPING events from decorations provider vscode.git 302
2024-06-24 12:19:59.352 [warning] [Decorations] CAPPING events from decorations provider vscode.git 302
2024-06-24 12:20:04.413 [warning] [Decorations] CAPPING events from decorations provider vscode.git 302
2024-06-24 12:20:18.615 [warning] [Decorations] CAPPING events from decorations provider vscode.git 302
2024-06-24 12:20:23.677 [warning] [Decorations] CAPPING events from decorations provider vscode.git 302
2024-06-24 12:20:25.897 [warning] [redhat.vscode-yaml] Accessing a resource scoped configuration without providing a resource is not expected. To get the effective value for '[yaml]', provide the URI of a resource or 'null' for any resource.
2024-06-24 12:20:26.605 [warning] [redhat.vscode-yaml] Accessing a resource scoped configuration without providing a resource is not expected. To get the effective value for '[yaml]', provide the URI of a resource or 'null' for any resource.
2024-06-24 12:20:26.968 [warning] [redhat.vscode-yaml] Accessing a resource scoped configuration without providing a resource is not expected. To get the effective value for '[yaml]', provide the URI of a resource or 'null' for any resource.
2024-06-24 12:20:28.707 [warning] [redhat.vscode-yaml] Accessing a resource scoped configuration without providing a resource is not expected. To get the effective value for '[yaml]', provide the URI of a resource or 'null' for any resource.
2024-06-24 12:20:28.796 [warning] [Decorations] CAPPING events from decorations provider vscode.git 305
2024-06-24 12:20:29.090 [warning] [redhat.vscode-yaml] Accessing a resource scoped configuration without providing a resource is not expected. To get the effective value for '[yaml]', provide the URI of a resource or 'null' for any resource.
2024-06-24 12:20:30.074 [warning] [redhat.vscode-yaml] Accessing a resource scoped configuration without providing a resource is not expected. To get the effective value for '[yaml]', provide the URI of a resource or 'null' for any resource.
2024-06-24 12:20:33.858 [warning] [Decorations] CAPPING events from decorations provider vscode.git 305
2024-06-24 12:20:35.805 [warning] [redhat.vscode-yaml] Accessing a resource scoped configuration without providing a resource is not expected. To get the effective value for '[yaml]', provide the URI of a resource or 'null' for any resource.
2024-06-24 12:20:35.974 [warning] [redhat.vscode-yaml] Accessing a resource scoped configuration without providing a resource is not expected. To get the effective value for '[yaml]', provide the URI of a resource or 'null' for any resource.
2024-06-24 12:20:36.326 [warning] [redhat.vscode-yaml] Accessing a resource scoped configuration without providing a resource is not expected. To get the effective value for '[yaml]', provide the URI of a resource or 'null' for any resource.
2024-06-24 12:20:36.521 [warning] [redhat.vscode-yaml] Accessing a resource scoped configuration without providing a resource is not expected. To get the effective value for '[yaml]', provide the URI of a resource or 'null' for any resource.
2024-06-24 12:20:37.140 [warning] [redhat.vscode-yaml] Accessing a resource scoped configuration without providing a resource is not expected. To get the effective value for '[yaml]', provide the URI of a resource or 'null' for any resource.
2024-06-24 12:20:37.493 [warning] [redhat.vscode-yaml] Accessing a resource scoped configuration without providing a resource is not expected. To get the effective value for '[yaml]', provide the URI of a resource or 'null' for any resource.
2024-06-24 12:20:37.945 [warning] [redhat.vscode-yaml] Accessing a resource scoped configuration without providing a resource is not expected. To get the effective value for '[yaml]', provide the URI of a resource or 'null' for any resource.
2024-06-24 12:20:38.124 [warning] [redhat.vscode-yaml] Accessing a resource scoped configuration without providing a resource is not expected. To get the effective value for '[yaml]', provide the URI of a resource or 'null' for any resource.
2024-06-24 12:20:38.927 [warning] [Decorations] CAPPING events from decorations provider vscode.git 305
2024-06-24 12:20:41.109 [warning] [redhat.vscode-yaml] Accessing a resource scoped configuration without providing a resource is not expected. To get the effective value for '[yaml]', provide the URI of a resource or 'null' for any resource.
2024-06-24 12:20:41.269 [warning] [redhat.vscode-yaml] Accessing a resource scoped configuration without providing a resource is not expected. To get the effective value for '[yaml]', provide the URI of a resource or 'null' for any resource.
2024-06-24 12:20:41.866 [warning] [redhat.vscode-yaml] Accessing a resource scoped configuration without providing a resource is not expected. To get the effective value for '[yaml]', provide the URI of a resource or 'null' for any resource.
2024-06-24 12:20:42.049 [warning] [redhat.vscode-yaml] Accessing a resource scoped configuration without providing a resource is not expected. To get the effective value for '[yaml]', provide the URI of a resource or 'null' for any resource.
2024-06-24 12:20:42.231 [warning] [redhat.vscode-yaml] Accessing a resource scoped configuration without providing a resource is not expected. To get the effective value for '[yaml]', provide the URI of a resource or 'null' for any resource.
2024-06-24 12:20:43.991 [warning] [Decorations] CAPPING events from decorations provider vscode.git 308
2024-06-24 12:21:19.284 [warning] [Decorations] CAPPING events from decorations provider vscode.git 308
2024-06-24 12:21:20.783 [warning] [redhat.vscode-yaml] Accessing a resource scoped configuration without providing a resource is not expected. To get the effective value for '[yaml]', provide the URI of a resource or 'null' for any resource.
2024-06-24 12:21:24.351 [warning] [Decorations] CAPPING events from decorations provider vscode.git 311
2024-06-24 12:21:29.419 [warning] [Decorations] CAPPING events from decorations provider vscode.git 311
2024-06-24 12:21:34.479 [warning] [Decorations] CAPPING events from decorations provider vscode.git 311
2024-06-24 12:21:39.541 [warning] [Decorations] CAPPING events from decorations provider vscode.git 311
2024-06-24 12:21:44.601 [warning] [Decorations] CAPPING events from decorations provider vscode.git 311
2024-06-24 12:21:49.661 [warning] [Decorations] CAPPING events from decorations provider vscode.git 311
2024-06-24 12:22:52.177 [warning] [Decorations] CAPPING events from decorations provider vscode.git 311
2024-06-24 12:22:57.267 [warning] [Decorations] CAPPING events from decorations provider vscode.git 311
2024-06-24 12:23:02.331 [warning] [Decorations] CAPPING events from decorations provider vscode.git 311
2024-06-24 12:23:07.392 [warning] [Decorations] CAPPING events from decorations provider vscode.git 311
2024-06-24 12:23:12.462 [warning] [Decorations] CAPPING events from decorations provider vscode.git 311
2024-06-24 12:23:17.527 [warning] [Decorations] CAPPING events from decorations provider vscode.git 311
2024-06-24 12:23:22.593 [warning] [Decorations] CAPPING events from decorations provider vscode.git 311
2024-06-24 12:23:27.657 [warning] [Decorations] CAPPING events from decorations provider vscode.git 311
2024-06-24 12:23:32.724 [warning] [Decorations] CAPPING events from decorations provider vscode.git 311
2024-06-24 12:23:35.173 [warning] [redhat.vscode-yaml] Accessing a resource scoped configuration without providing a resource is not expected. To get the effective value for '[yaml]', provide the URI of a resource or 'null' for any resource.
2024-06-24 12:23:35.519 [warning] [redhat.vscode-yaml] Accessing a resource scoped configuration without providing a resource is not expected. To get the effective value for '[yaml]', provide the URI of a resource or 'null' for any resource.
2024-06-24 12:23:35.885 [warning] [redhat.vscode-yaml] Accessing a resource scoped configuration without providing a resource is not expected. To get the effective value for '[yaml]', provide the URI of a resource or 'null' for any resource.
2024-06-24 12:23:36.411 [warning] [redhat.vscode-yaml] Accessing a resource scoped configuration without providing a resource is not expected. To get the effective value for '[yaml]', provide the URI of a resource or 'null' for any resource.
2024-06-24 12:23:37.792 [warning] [Decorations] CAPPING events from decorations provider vscode.git 314
2024-06-24 12:23:42.864 [warning] [Decorations] CAPPING events from decorations provider vscode.git 314
2024-06-24 12:23:47.930 [warning] [Decorations] CAPPING events from decorations provider vscode.git 314
2024-06-24 12:23:52.996 [warning] [Decorations] CAPPING events from decorations provider vscode.git 314
2024-06-24 12:23:58.065 [warning] [Decorations] CAPPING events from decorations provider vscode.git 314
2024-06-24 12:24:03.133 [warning] [Decorations] CAPPING events from decorations provider vscode.git 314
2024-06-24 12:24:08.207 [warning] [Decorations] CAPPING events from decorations provider vscode.git 314
2024-06-24 12:24:13.297 [warning] [Decorations] CAPPING events from decorations provider vscode.git 314
2024-06-24 12:24:18.363 [warning] [Decorations] CAPPING events from decorations provider vscode.git 314
2024-06-24 12:24:23.426 [warning] [Decorations] CAPPING events from decorations provider vscode.git 314
2024-06-24 12:24:28.488 [warning] [Decorations] CAPPING events from decorations provider vscode.git 314
2024-06-24 12:24:33.587 [warning] [Decorations] CAPPING events from decorations provider vscode.git 314
2024-06-24 12:24:37.976 [warning] [redhat.vscode-yaml] Accessing a resource scoped configuration without providing a resource is not expected. To get the effective value for '[yaml]', provide the URI of a resource or 'null' for any resource.
2024-06-24 12:24:38.324 [warning] [redhat.vscode-yaml] Accessing a resource scoped configuration without providing a resource is not expected. To get the effective value for '[yaml]', provide the URI of a resource or 'null' for any resource.
2024-06-24 12:24:38.680 [warning] [Decorations] CAPPING events from decorations provider vscode.git 317
2024-06-24 12:24:43.749 [warning] [Decorations] CAPPING events from decorations provider vscode.git 317
2024-06-24 12:25:00.358 [warning] [Decorations] CAPPING events from decorations provider vscode.git 318
2024-06-24 12:25:05.418 [warning] [Decorations] CAPPING events from decorations provider vscode.git 318
2024-06-24 12:25:25.418 [warning] [Decorations] CAPPING events from decorations provider vscode.git 319
2024-06-24 12:25:30.479 [warning] [Decorations] CAPPING events from decorations provider vscode.git 319
2024-06-24 12:25:35.561 [warning] [Decorations] CAPPING events from decorations provider vscode.git 319
2024-06-24 12:25:40.622 [warning] [Decorations] CAPPING events from decorations provider vscode.git 319
2024-06-24 12:25:45.700 [warning] [Decorations] CAPPING events from decorations provider vscode.git 319
2024-06-24 12:25:46.048 [warning] [redhat.vscode-yaml] Accessing a resource scoped configuration without providing a resource is not expected. To get the effective value for '[yaml]', provide the URI of a resource or 'null' for any resource.
2024-06-24 12:25:46.705 [warning] [redhat.vscode-yaml] Accessing a resource scoped configuration without providing a resource is not expected. To get the effective value for '[yaml]', provide the URI of a resource or 'null' for any resource.
2024-06-24 12:25:50.760 [warning] [Decorations] CAPPING events from decorations provider vscode.git 322
2024-06-24 12:25:51.625 [warning] [redhat.vscode-yaml] Accessing a resource scoped configuration without providing a resource is not expected. To get the effective value for '[yaml]', provide the URI of a resource or 'null' for any resource.
2024-06-24 12:25:52.884 [warning] [redhat.vscode-yaml] Accessing a resource scoped configuration without providing a resource is not expected. To get the effective value for '[yaml]', provide the URI of a resource or 'null' for any resource.
2024-06-24 12:25:55.824 [warning] [Decorations] CAPPING events from decorations provider vscode.git 322
2024-06-24 12:27:00.589 [warning] [Decorations] CAPPING events from decorations provider vscode.git 323
2024-06-24 12:27:05.655 [warning] [Decorations] CAPPING events from decorations provider vscode.git 323
2024-06-24 12:27:07.959 [warning] [redhat.vscode-yaml] Accessing a resource scoped configuration without providing a resource is not expected. To get the effective value for '[yaml]', provide the URI of a resource or 'null' for any resource.
2024-06-24 12:27:08.154 [warning] [redhat.vscode-yaml] Accessing a resource scoped configuration without providing a resource is not expected. To get the effective value for '[yaml]', provide the URI of a resource or 'null' for any resource.
2024-06-24 12:27:10.722 [warning] [Decorations] CAPPING events from decorations provider vscode.git 327
2024-06-24 12:28:44.950 [warning] [Decorations] CAPPING events from decorations provider vscode.git 327
2024-06-24 12:28:50.029 [warning] [Decorations] CAPPING events from decorations provider vscode.git 327
2024-06-24 12:28:55.117 [warning] [Decorations] CAPPING events from decorations provider vscode.git 327
2024-06-24 12:29:00.196 [warning] [Decorations] CAPPING events from decorations provider vscode.git 327
2024-06-24 12:30:24.304 [warning] [Decorations] CAPPING events from decorations provider vscode.git 327
2024-06-24 12:30:29.365 [warning] [Decorations] CAPPING events from decorations provider vscode.git 327
2024-06-24 12:30:34.430 [warning] [Decorations] CAPPING events from decorations provider vscode.git 327
2024-06-24 12:30:39.495 [warning] [Decorations] CAPPING events from decorations provider vscode.git 327
2024-06-24 12:30:44.560 [warning] [Decorations] CAPPING events from decorations provider vscode.git 327
2024-06-24 12:30:49.622 [warning] [Decorations] CAPPING events from decorations provider vscode.git 327
2024-06-24 12:30:54.685 [warning] [Decorations] CAPPING events from decorations provider vscode.git 327
2024-06-24 12:30:59.750 [warning] [Decorations] CAPPING events from decorations provider vscode.git 327
2024-06-24 12:31:04.814 [warning] [Decorations] CAPPING events from decorations provider vscode.git 330
2024-06-24 12:31:09.891 [warning] [Decorations] CAPPING events from decorations provider vscode.git 330
2024-06-24 12:31:15.328 [warning] [Decorations] CAPPING events from decorations provider vscode.git 330
2024-06-24 12:31:20.398 [warning] [Decorations] CAPPING events from decorations provider vscode.git 330
2024-06-24 12:32:21.810 [warning] [Decorations] CAPPING events from decorations provider vscode.git 330
2024-06-24 12:32:26.892 [warning] [Decorations] CAPPING events from decorations provider vscode.git 330
2024-06-24 12:32:45.897 [warning] [Decorations] CAPPING events from decorations provider vscode.git 330
2024-06-24 12:32:50.965 [warning] [Decorations] CAPPING events from decorations provider vscode.git 330
2024-06-24 12:32:58.615 [warning] [Decorations] CAPPING events from decorations provider vscode.git 330
2024-06-24 12:33:03.675 [warning] [Decorations] CAPPING events from decorations provider vscode.git 330
2024-06-24 12:33:08.756 [warning] [Decorations] CAPPING events from decorations provider vscode.git 330
2024-06-24 12:33:13.820 [warning] [Decorations] CAPPING events from decorations provider vscode.git 330
2024-06-24 12:33:18.881 [warning] [Decorations] CAPPING events from decorations provider vscode.git 330
2024-06-24 12:33:31.511 [warning] [Decorations] CAPPING events from decorations provider vscode.git 330
2024-06-24 12:33:36.575 [warning] [Decorations] CAPPING events from decorations provider vscode.git 330
2024-06-24 12:33:38.038 [warning] [redhat.vscode-yaml] Accessing a resource scoped configuration without providing a resource is not expected. To get the effective value for '[yaml]', provide the URI of a resource or 'null' for any resource.
2024-06-24 12:33:38.947 [warning] [redhat.vscode-yaml] Accessing a resource scoped configuration without providing a resource is not expected. To get the effective value for '[yaml]', provide the URI of a resource or 'null' for any resource.
2024-06-24 12:33:41.640 [warning] [Decorations] CAPPING events from decorations provider vscode.git 333
2024-06-24 12:33:46.716 [warning] [Decorations] CAPPING events from decorations provider vscode.git 333
2024-06-24 12:33:51.799 [warning] [Decorations] CAPPING events from decorations provider vscode.git 333
2024-06-24 12:33:56.873 [warning] [Decorations] CAPPING events from decorations provider vscode.git 333
2024-06-24 12:34:01.934 [warning] [Decorations] CAPPING events from decorations provider vscode.git 336
2024-06-24 12:34:26.017 [warning] [Decorations] CAPPING events from decorations provider vscode.git 336
2024-06-24 12:34:31.080 [warning] [Decorations] CAPPING events from decorations provider vscode.git 336
2024-06-24 12:34:36.147 [warning] [Decorations] CAPPING events from decorations provider vscode.git 336
2024-06-24 12:34:41.210 [warning] [Decorations] CAPPING events from decorations provider vscode.git 336
2024-06-24 12:34:46.274 [warning] [Decorations] CAPPING events from decorations provider vscode.git 336
2024-06-24 12:34:52.042 [warning] [Decorations] CAPPING events from decorations provider vscode.git 335
2024-06-24 12:34:57.101 [warning] [Decorations] CAPPING events from decorations provider vscode.git 335
2024-06-24 12:35:02.164 [warning] [Decorations] CAPPING events from decorations provider vscode.git 335
2024-06-24 12:35:23.116 [warning] [Decorations] CAPPING events from decorations provider vscode.git 335
2024-06-24 12:35:28.198 [warning] [Decorations] CAPPING events from decorations provider vscode.git 335
