2024-06-10 07:56:40.944 [info] (Client) Pylance async client (2024.6.1) started with python extension (2024.8.0)
2024-06-10 07:56:42.895 [info] [Info  - 7:56:42 AM] (488) Pylance language server 2024.6.1 (pyright version 1.1.364, commit 0618acc5) starting
2024-06-10 07:56:42.909 [info] [Info  - 7:56:42 AM] (488) Server root directory: file:///home/ndao/.vscode-server/extensions/ms-python.vscode-pylance-2024.6.1/dist
2024-06-10 07:56:42.911 [info] [Info  - 7:56:42 AM] (488) Starting service instance "ndao"
2024-06-10 07:56:43.062 [info] Auto-Indent enabled
2024-06-10 07:56:43.363 [info] Auto-Indent enabled
2024-06-10 07:56:43.373 [info] [Info  - 7:56:43 AM] (488) Setting pythonPath for service "ndao": "/bin/python3"
2024-06-10 07:56:43.376 [info] [Info  - 7:56:43 AM] (488) Setting environmentName for service "ndao": "3.8.10 (global)"
2024-06-10 07:56:43.569 [info] [Info  - 7:56:43 AM] (488) Assuming Python version 3.8.10.final.0
2024-06-10 07:56:44.132 [info] [Info  - 7:56:44 AM] (488) No source files found.
2024-06-10 07:56:44.139 [info] Auto-Indent enabled
2024-06-10 07:56:44.247 [info] [Info  - 7:56:44 AM] (488) Background analysis(1) root directory: file:///home/ndao/.vscode-server/extensions/ms-python.vscode-pylance-2024.6.1/dist
2024-06-10 07:56:44.250 [info] [Info  - 7:56:44 AM] (488) Background analysis(1) started
2024-06-10 08:03:40.215 [info] Auto-Indent enabled
2024-06-10 08:03:40.217 [info] [Info  - 8:03:40 AM] (488) Setting pythonPath for service "ndao": "/bin/python3"
2024-06-10 08:03:40.218 [info] [Info  - 8:03:40 AM] (488) Setting environmentName for service "ndao": "3.8.10 (global)"
2024-06-10 08:03:40.328 [info] [Info  - 8:03:40 AM] (488) Assuming Python version 3.8.10.final.0
2024-06-10 08:03:40.617 [info] [Info  - 8:03:40 AM] (488) No source files found.
2024-06-10 08:03:40.619 [info] Auto-Indent enabled
2024-06-10 08:03:40.842 [info] Auto-Indent enabled
2024-06-10 08:03:40.844 [info] [Info  - 8:03:40 AM] (488) Setting pythonPath for service "ndao": "/bin/python3"
2024-06-10 08:03:40.845 [info] [Info  - 8:03:40 AM] (488) Setting environmentName for service "ndao": "3.8.10 (global)"
2024-06-10 08:03:40.919 [info] [Info  - 8:03:40 AM] (488) Assuming Python version 3.8.10.final.0
2024-06-10 08:03:41.324 [info] [Info  - 8:03:41 AM] (488) No source files found.
2024-06-10 08:03:41.332 [info] Auto-Indent enabled
2024-06-10 08:03:41.356 [info] Auto-Indent enabled
2024-06-10 08:03:41.357 [info] [Info  - 8:03:41 AM] (488) Setting pythonPath for service "ndao": "/bin/python3"
2024-06-10 08:03:41.357 [info] [Info  - 8:03:41 AM] (488) Setting environmentName for service "ndao": "3.8.10 (global)"
2024-06-10 08:03:41.405 [info] [Info  - 8:03:41 AM] (488) Assuming Python version 3.8.10.final.0
2024-06-10 08:03:41.746 [info] [Info  - 8:03:41 AM] (488) No source files found.
2024-06-10 08:03:41.748 [info] Auto-Indent enabled
2024-06-10 08:03:44.023 [info] Auto-Indent enabled
2024-06-10 08:03:44.025 [info] [Info  - 8:03:44 AM] (488) Setting pythonPath for service "ndao": "/bin/python3"
2024-06-10 08:03:44.026 [info] [Info  - 8:03:44 AM] (488) Setting environmentName for service "ndao": "3.8.10 (global)"
2024-06-10 08:03:44.093 [info] [Info  - 8:03:44 AM] (488) Assuming Python version 3.8.10.final.0
2024-06-10 08:03:44.428 [info] [Info  - 8:03:44 AM] (488) No source files found.
2024-06-10 08:03:44.430 [info] Auto-Indent enabled
2024-06-10 08:03:45.362 [info] Auto-Indent enabled
2024-06-10 08:03:45.364 [info] [Info  - 8:03:45 AM] (488) Setting pythonPath for service "ndao": "/bin/python3"
2024-06-10 08:03:45.367 [info] [Info  - 8:03:45 AM] (488) Setting environmentName for service "ndao": "3.8.10 (global)"
2024-06-10 08:03:45.425 [info] [Info  - 8:03:45 AM] (488) Assuming Python version 3.8.10.final.0
2024-06-10 08:03:45.916 [info] [Info  - 8:03:45 AM] (488) No source files found.
2024-06-10 08:03:45.917 [info] Auto-Indent enabled
2024-06-10 08:03:45.938 [info] Auto-Indent enabled
2024-06-10 08:03:45.938 [info] [Info  - 8:03:45 AM] (488) Setting pythonPath for service "ndao": "/bin/python3"
2024-06-10 08:03:45.938 [info] [Info  - 8:03:45 AM] (488) Setting environmentName for service "ndao": "3.8.10 (global)"
2024-06-10 08:03:46.074 [info] [Info  - 8:03:46 AM] (488) Assuming Python version 3.8.10.final.0
2024-06-10 08:03:46.582 [info] [Info  - 8:03:46 AM] (488) No source files found.
2024-06-10 08:03:46.585 [info] Auto-Indent enabled
2024-06-10 08:03:46.610 [info] Auto-Indent enabled
2024-06-10 08:03:46.610 [info] [Info  - 8:03:46 AM] (488) Setting pythonPath for service "ndao": "/bin/python3"
2024-06-10 08:03:46.610 [info] [Info  - 8:03:46 AM] (488) Setting environmentName for service "ndao": "3.8.10 (global)"
2024-06-10 08:03:46.658 [info] [Info  - 8:03:46 AM] (488) Assuming Python version 3.8.10.final.0
2024-06-10 08:03:47.259 [info] [Info  - 8:03:47 AM] (488) No source files found.
2024-06-10 08:03:47.299 [info] Auto-Indent enabled
2024-06-10 08:03:47.378 [info] Auto-Indent enabled
2024-06-10 08:03:47.379 [info] [Info  - 8:03:47 AM] (488) Setting pythonPath for service "ndao": "/bin/python3"
2024-06-10 08:03:47.379 [info] [Info  - 8:03:47 AM] (488) Setting environmentName for service "ndao": "3.8.10 (global)"
2024-06-10 08:03:47.754 [info] [Info  - 8:03:47 AM] (488) Assuming Python version 3.8.10.final.0
2024-06-10 08:03:47.902 [info] [Info  - 8:03:47 AM] (488) No source files found.
2024-06-10 08:03:47.904 [info] Auto-Indent enabled
2024-06-10 08:03:47.928 [info] Auto-Indent enabled
2024-06-10 08:03:47.928 [info] [Info  - 8:03:47 AM] (488) Setting pythonPath for service "ndao": "/bin/python3"
2024-06-10 08:03:47.928 [info] [Info  - 8:03:47 AM] (488) Setting environmentName for service "ndao": "3.8.10 (global)"
2024-06-10 08:03:47.984 [info] [Info  - 8:03:47 AM] (488) Assuming Python version 3.8.10.final.0
2024-06-10 08:03:48.315 [info] [Info  - 8:03:48 AM] (488) No source files found.
2024-06-10 08:03:48.317 [info] Auto-Indent enabled
2024-06-10 08:06:59.705 [info] Auto-Indent enabled
2024-06-10 08:06:59.707 [info] [Info  - 8:06:59 AM] (488) Setting pythonPath for service "ndao": "/bin/python3"
2024-06-10 08:06:59.707 [info] [Info  - 8:06:59 AM] (488) Setting environmentName for service "ndao": "3.8.10 (global)"
2024-06-10 08:06:59.842 [info] [Info  - 8:06:59 AM] (488) Assuming Python version 3.8.10.final.0
2024-06-10 08:07:00.304 [info] [Info  - 8:07:00 AM] (488) No source files found.
2024-06-10 08:07:00.305 [info] Auto-Indent enabled
2024-06-10 08:07:00.325 [info] Auto-Indent enabled
2024-06-10 08:07:00.326 [info] [Info  - 8:07:00 AM] (488) Setting pythonPath for service "ndao": "/bin/python3"
2024-06-10 08:07:00.326 [info] [Info  - 8:07:00 AM] (488) Setting environmentName for service "ndao": "3.8.10 (global)"
2024-06-10 08:07:00.373 [info] [Info  - 8:07:00 AM] (488) Assuming Python version 3.8.10.final.0
2024-06-10 08:07:00.731 [info] [Info  - 8:07:00 AM] (488) No source files found.
2024-06-10 08:07:00.734 [info] Auto-Indent enabled
2024-06-10 08:07:00.764 [info] Auto-Indent enabled
2024-06-10 08:07:00.765 [info] [Info  - 8:07:00 AM] (488) Setting pythonPath for service "ndao": "/bin/python3"
2024-06-10 08:07:00.765 [info] [Info  - 8:07:00 AM] (488) Setting environmentName for service "ndao": "3.8.10 (global)"
2024-06-10 08:07:00.823 [info] [Info  - 8:07:00 AM] (488) Assuming Python version 3.8.10.final.0
2024-06-10 08:07:01.324 [info] [Info  - 8:07:01 AM] (488) No source files found.
2024-06-10 08:07:01.327 [info] Auto-Indent enabled
2024-06-10 08:07:01.367 [info] Auto-Indent enabled
2024-06-10 08:07:01.373 [info] [Info  - 8:07:01 AM] (488) Setting pythonPath for service "ndao": "/bin/python3"
2024-06-10 08:07:01.373 [info] [Info  - 8:07:01 AM] (488) Setting environmentName for service "ndao": "3.8.10 (global)"
2024-06-10 08:07:01.481 [info] [Info  - 8:07:01 AM] (488) Assuming Python version 3.8.10.final.0
2024-06-10 08:07:01.757 [info] [Info  - 8:07:01 AM] (488) No source files found.
2024-06-10 08:07:01.759 [info] Auto-Indent enabled
2024-06-10 08:07:40.854 [info] Auto-Indent enabled
2024-06-10 08:07:40.855 [info] [Info  - 8:07:40 AM] (488) Setting pythonPath for service "ndao": "/bin/python3"
2024-06-10 08:07:40.855 [info] [Info  - 8:07:40 AM] (488) Setting environmentName for service "ndao": "3.8.10 (global)"
2024-06-10 08:07:40.912 [info] [Info  - 8:07:40 AM] (488) Assuming Python version 3.8.10.final.0
2024-06-10 08:07:41.303 [info] [Info  - 8:07:41 AM] (488) No source files found.
2024-06-10 08:07:41.309 [info] Auto-Indent enabled
2024-06-10 08:07:41.327 [info] Auto-Indent enabled
2024-06-10 08:07:41.327 [info] [Info  - 8:07:41 AM] (488) Setting pythonPath for service "ndao": "/bin/python3"
2024-06-10 08:07:41.328 [info] [Info  - 8:07:41 AM] (488) Setting environmentName for service "ndao": "3.8.10 (global)"
2024-06-10 08:07:41.381 [info] [Info  - 8:07:41 AM] (488) Assuming Python version 3.8.10.final.0
2024-06-10 08:07:41.720 [info] [Info  - 8:07:41 AM] (488) No source files found.
2024-06-10 08:07:41.722 [info] Auto-Indent enabled
2024-06-10 08:07:43.751 [info] Auto-Indent enabled
2024-06-10 08:07:43.752 [info] [Info  - 8:07:43 AM] (488) Setting pythonPath for service "ndao": "/bin/python3"
2024-06-10 08:07:43.753 [info] [Info  - 8:07:43 AM] (488) Setting environmentName for service "ndao": "3.8.10 (global)"
2024-06-10 08:07:43.804 [info] [Info  - 8:07:43 AM] (488) Assuming Python version 3.8.10.final.0
2024-06-10 08:07:44.114 [info] [Info  - 8:07:44 AM] (488) No source files found.
2024-06-10 08:07:44.117 [info] Auto-Indent enabled
2024-06-10 08:07:44.280 [info] Auto-Indent enabled
2024-06-10 08:07:44.293 [info] [Info  - 8:07:44 AM] (488) Setting pythonPath for service "ndao": "/bin/python3"
2024-06-10 08:07:44.294 [info] [Info  - 8:07:44 AM] (488) Setting environmentName for service "ndao": "3.8.10 (global)"
2024-06-10 08:07:44.340 [info] [Info  - 8:07:44 AM] (488) Assuming Python version 3.8.10.final.0
2024-06-10 08:07:44.660 [info] [Info  - 8:07:44 AM] (488) No source files found.
2024-06-10 08:07:44.664 [info] Auto-Indent enabled
2024-06-10 08:07:45.146 [info] Auto-Indent enabled
2024-06-10 08:07:45.147 [info] [Info  - 8:07:45 AM] (488) Setting pythonPath for service "ndao": "/bin/python3"
2024-06-10 08:07:45.147 [info] [Info  - 8:07:45 AM] (488) Setting environmentName for service "ndao": "3.8.10 (global)"
2024-06-10 08:07:45.230 [info] [Info  - 8:07:45 AM] (488) Assuming Python version 3.8.10.final.0
2024-06-10 08:07:45.470 [info] [Info  - 8:07:45 AM] (488) No source files found.
2024-06-10 08:07:45.472 [info] Auto-Indent enabled
2024-06-10 08:07:50.973 [info] Auto-Indent enabled
2024-06-10 08:07:50.974 [info] [Info  - 8:07:50 AM] (488) Setting pythonPath for service "ndao": "/bin/python3"
2024-06-10 08:07:50.974 [info] [Info  - 8:07:50 AM] (488) Setting environmentName for service "ndao": "3.8.10 (global)"
2024-06-10 08:07:51.046 [info] [Info  - 8:07:51 AM] (488) Assuming Python version 3.8.10.final.0
2024-06-10 08:07:51.465 [info] [Info  - 8:07:51 AM] (488) No source files found.
2024-06-10 08:07:51.467 [info] Auto-Indent enabled
2024-06-10 08:07:51.673 [info] Auto-Indent enabled
2024-06-10 08:07:51.673 [info] [Info  - 8:07:51 AM] (488) Setting pythonPath for service "ndao": "/bin/python3"
2024-06-10 08:07:51.680 [info] [Info  - 8:07:51 AM] (488) Setting environmentName for service "ndao": "3.8.10 (global)"
2024-06-10 08:07:51.771 [info] [Info  - 8:07:51 AM] (488) Assuming Python version 3.8.10.final.0
2024-06-10 08:07:52.321 [info] [Info  - 8:07:52 AM] (488) No source files found.
2024-06-10 08:07:52.324 [info] Auto-Indent enabled
2024-06-10 08:43:05.873 [info] Auto-Indent enabled
2024-06-10 08:43:05.874 [info] [Info  - 8:43:05 AM] (488) Setting pythonPath for service "ndao": "/bin/python3"
2024-06-10 08:43:05.875 [info] [Info  - 8:43:05 AM] (488) Setting environmentName for service "ndao": "3.8.10 (global)"
2024-06-10 08:43:05.941 [info] [Info  - 8:43:05 AM] (488) Assuming Python version 3.8.10.final.0
2024-06-10 08:43:06.233 [info] [Info  - 8:43:06 AM] (488) No source files found.
2024-06-10 08:43:06.234 [info] Auto-Indent enabled
2024-06-10 08:43:07.269 [info] Auto-Indent enabled
2024-06-10 08:43:07.271 [info] [Info  - 8:43:07 AM] (488) Setting pythonPath for service "ndao": "/bin/python3"
2024-06-10 08:43:07.273 [info] [Info  - 8:43:07 AM] (488) Setting environmentName for service "ndao": "3.8.10 (global)"
2024-06-10 08:43:07.567 [info] [Info  - 8:43:07 AM] (488) Assuming Python version 3.8.10.final.0
2024-06-10 08:43:07.760 [info] [Info  - 8:43:07 AM] (488) No source files found.
2024-06-10 08:43:07.762 [info] Auto-Indent enabled
2024-06-10 08:43:07.779 [info] Auto-Indent enabled
2024-06-10 08:43:07.779 [info] [Info  - 8:43:07 AM] (488) Setting pythonPath for service "ndao": "/bin/python3"
2024-06-10 08:43:07.779 [info] [Info  - 8:43:07 AM] (488) Setting environmentName for service "ndao": "3.8.10 (global)"
2024-06-10 08:43:07.990 [info] [Info  - 8:43:07 AM] (488) Assuming Python version 3.8.10.final.0
2024-06-10 08:43:08.116 [info] [Info  - 8:43:08 AM] (488) No source files found.
2024-06-10 08:43:08.117 [info] Auto-Indent enabled
2024-06-10 08:43:08.452 [info] Auto-Indent enabled
2024-06-10 08:43:08.452 [info] [Info  - 8:43:08 AM] (488) Setting pythonPath for service "ndao": "/bin/python3"
2024-06-10 08:43:08.452 [info] [Info  - 8:43:08 AM] (488) Setting environmentName for service "ndao": "3.8.10 (global)"
2024-06-10 08:43:08.509 [info] [Info  - 8:43:08 AM] (488) Assuming Python version 3.8.10.final.0
2024-06-10 08:43:08.902 [info] [Info  - 8:43:08 AM] (488) No source files found.
2024-06-10 08:43:08.910 [info] Auto-Indent enabled
2024-06-10 08:43:08.928 [info] Auto-Indent enabled
2024-06-10 08:43:08.928 [info] [Info  - 8:43:08 AM] (488) Setting pythonPath for service "ndao": "/bin/python3"
2024-06-10 08:43:08.929 [info] [Info  - 8:43:08 AM] (488) Setting environmentName for service "ndao": "3.8.10 (global)"
2024-06-10 08:43:08.975 [info] [Info  - 8:43:08 AM] (488) Assuming Python version 3.8.10.final.0
2024-06-10 08:43:09.229 [info] [Info  - 8:43:09 AM] (488) No source files found.
2024-06-10 08:43:09.230 [info] Auto-Indent enabled
2024-06-10 08:43:09.905 [info] Auto-Indent enabled
2024-06-10 08:43:09.906 [info] [Info  - 8:43:09 AM] (488) Setting pythonPath for service "ndao": "/bin/python3"
2024-06-10 08:43:09.906 [info] [Info  - 8:43:09 AM] (488) Setting environmentName for service "ndao": "3.8.10 (global)"
2024-06-10 08:43:09.963 [info] [Info  - 8:43:09 AM] (488) Assuming Python version 3.8.10.final.0
2024-06-10 08:43:10.395 [info] [Info  - 8:43:10 AM] (488) No source files found.
2024-06-10 08:43:10.400 [info] Auto-Indent enabled
2024-06-10 08:43:10.416 [info] Auto-Indent enabled
2024-06-10 08:43:10.416 [info] [Info  - 8:43:10 AM] (488) Setting pythonPath for service "ndao": "/bin/python3"
2024-06-10 08:43:10.417 [info] [Info  - 8:43:10 AM] (488) Setting environmentName for service "ndao": "3.8.10 (global)"
2024-06-10 08:43:10.464 [info] [Info  - 8:43:10 AM] (488) Assuming Python version 3.8.10.final.0
2024-06-10 08:43:10.782 [info] [Info  - 8:43:10 AM] (488) No source files found.
2024-06-10 08:43:10.784 [info] Auto-Indent enabled
2024-06-10 08:43:18.112 [info] Auto-Indent enabled
2024-06-10 08:43:18.129 [info] [Info  - 8:43:18 AM] (488) Setting pythonPath for service "ndao": "/bin/python3"
2024-06-10 08:43:18.130 [info] [Info  - 8:43:18 AM] (488) Setting environmentName for service "ndao": "3.8.10 (global)"
2024-06-10 08:43:18.178 [info] [Info  - 8:43:18 AM] (488) Assuming Python version 3.8.10.final.0
2024-06-10 08:43:18.567 [info] [Info  - 8:43:18 AM] (488) No source files found.
2024-06-10 08:43:18.569 [info] Auto-Indent enabled
2024-06-10 08:43:18.585 [info] Auto-Indent enabled
2024-06-10 08:43:18.586 [info] [Info  - 8:43:18 AM] (488) Setting pythonPath for service "ndao": "/bin/python3"
2024-06-10 08:43:18.586 [info] [Info  - 8:43:18 AM] (488) Setting environmentName for service "ndao": "3.8.10 (global)"
2024-06-10 08:43:18.626 [info] [Info  - 8:43:18 AM] (488) Assuming Python version 3.8.10.final.0
2024-06-10 08:43:18.963 [info] [Info  - 8:43:18 AM] (488) No source files found.
2024-06-10 08:43:18.968 [info] Auto-Indent enabled
2024-06-10 08:43:18.987 [info] Auto-Indent enabled
2024-06-10 08:43:18.987 [info] [Info  - 8:43:18 AM] (488) Setting pythonPath for service "ndao": "/bin/python3"
2024-06-10 08:43:18.988 [info] [Info  - 8:43:18 AM] (488) Setting environmentName for service "ndao": "3.8.10 (global)"
2024-06-10 08:43:19.044 [info] [Info  - 8:43:19 AM] (488) Assuming Python version 3.8.10.final.0
2024-06-10 08:43:19.384 [info] [Info  - 8:43:19 AM] (488) No source files found.
2024-06-10 08:43:19.385 [info] Auto-Indent enabled
2024-06-10 08:43:19.400 [info] Auto-Indent enabled
2024-06-10 08:43:19.402 [info] [Info  - 8:43:19 AM] (488) Setting pythonPath for service "ndao": "/bin/python3"
2024-06-10 08:43:19.402 [info] [Info  - 8:43:19 AM] (488) Setting environmentName for service "ndao": "3.8.10 (global)"
2024-06-10 08:43:19.449 [info] [Info  - 8:43:19 AM] (488) Assuming Python version 3.8.10.final.0
2024-06-10 08:43:19.755 [info] [Info  - 8:43:19 AM] (488) No source files found.
2024-06-10 08:43:19.757 [info] Auto-Indent enabled
2024-06-10 08:43:20.216 [info] Auto-Indent enabled
2024-06-10 08:43:20.221 [info] [Info  - 8:43:20 AM] (488) Setting pythonPath for service "ndao": "/bin/python3"
2024-06-10 08:43:20.222 [info] [Info  - 8:43:20 AM] (488) Setting environmentName for service "ndao": "3.8.10 (global)"
2024-06-10 08:43:20.360 [info] [Info  - 8:43:20 AM] (488) Assuming Python version 3.8.10.final.0
2024-06-10 08:43:20.740 [info] [Info  - 8:43:20 AM] (488) No source files found.
2024-06-10 08:43:20.751 [info] Auto-Indent enabled
2024-06-10 08:43:20.770 [info] Auto-Indent enabled
2024-06-10 08:43:20.773 [info] [Info  - 8:43:20 AM] (488) Setting pythonPath for service "ndao": "/bin/python3"
2024-06-10 08:43:20.775 [info] [Info  - 8:43:20 AM] (488) Setting environmentName for service "ndao": "3.8.10 (global)"
2024-06-10 08:43:20.825 [info] [Info  - 8:43:20 AM] (488) Assuming Python version 3.8.10.final.0
2024-06-10 08:43:21.117 [info] [Info  - 8:43:21 AM] (488) No source files found.
2024-06-10 08:43:21.120 [info] Auto-Indent enabled
2024-06-10 08:43:21.894 [info] Auto-Indent enabled
2024-06-10 08:43:21.895 [info] [Info  - 8:43:21 AM] (488) Setting pythonPath for service "ndao": "/bin/python3"
2024-06-10 08:43:21.895 [info] [Info  - 8:43:21 AM] (488) Setting environmentName for service "ndao": "3.8.10 (global)"
2024-06-10 08:43:21.943 [info] [Info  - 8:43:21 AM] (488) Assuming Python version 3.8.10.final.0
2024-06-10 08:43:22.187 [info] [Info  - 8:43:22 AM] (488) No source files found.
2024-06-10 08:43:22.189 [info] Auto-Indent enabled
2024-06-10 08:43:22.381 [info] Auto-Indent enabled
2024-06-10 08:43:22.382 [info] [Info  - 8:43:22 AM] (488) Setting pythonPath for service "ndao": "/bin/python3"
2024-06-10 08:43:22.382 [info] [Info  - 8:43:22 AM] (488) Setting environmentName for service "ndao": "3.8.10 (global)"
2024-06-10 08:43:22.499 [info] [Info  - 8:43:22 AM] (488) Assuming Python version 3.8.10.final.0
2024-06-10 08:43:22.699 [info] [Info  - 8:43:22 AM] (488) No source files found.
2024-06-10 08:43:22.700 [info] Auto-Indent enabled
2024-06-10 08:43:23.094 [info] Auto-Indent enabled
2024-06-10 08:43:23.094 [info] [Info  - 8:43:23 AM] (488) Setting pythonPath for service "ndao": "/bin/python3"
2024-06-10 08:43:23.094 [info] [Info  - 8:43:23 AM] (488) Setting environmentName for service "ndao": "3.8.10 (global)"
2024-06-10 08:43:23.150 [info] [Info  - 8:43:23 AM] (488) Assuming Python version 3.8.10.final.0
2024-06-10 08:43:23.615 [info] [Info  - 8:43:23 AM] (488) No source files found.
2024-06-10 08:43:23.619 [info] Auto-Indent enabled
2024-06-10 08:43:23.640 [info] Auto-Indent enabled
2024-06-10 08:43:23.641 [info] [Info  - 8:43:23 AM] (488) Setting pythonPath for service "ndao": "/bin/python3"
2024-06-10 08:43:23.641 [info] [Info  - 8:43:23 AM] (488) Setting environmentName for service "ndao": "3.8.10 (global)"
2024-06-10 08:43:23.726 [info] [Info  - 8:43:23 AM] (488) Assuming Python version 3.8.10.final.0
2024-06-10 08:43:24.114 [info] [Info  - 8:43:24 AM] (488) No source files found.
2024-06-10 08:43:24.117 [info] Auto-Indent enabled
2024-06-10 08:43:24.144 [info] Auto-Indent enabled
2024-06-10 08:43:24.156 [info] [Info  - 8:43:24 AM] (488) Setting pythonPath for service "ndao": "/bin/python3"
2024-06-10 08:43:24.158 [info] [Info  - 8:43:24 AM] (488) Setting environmentName for service "ndao": "3.8.10 (global)"
2024-06-10 08:43:24.308 [info] [Info  - 8:43:24 AM] (488) Assuming Python version 3.8.10.final.0
2024-06-10 08:43:24.522 [info] [Info  - 8:43:24 AM] (488) No source files found.
2024-06-10 08:43:24.524 [info] Auto-Indent enabled
2024-06-10 08:43:24.710 [info] Auto-Indent enabled
2024-06-10 08:43:24.712 [info] [Info  - 8:43:24 AM] (488) Setting pythonPath for service "ndao": "/bin/python3"
2024-06-10 08:43:24.712 [info] [Info  - 8:43:24 AM] (488) Setting environmentName for service "ndao": "3.8.10 (global)"
2024-06-10 08:43:24.717 [info] [Info  - 8:43:24 AM] (488) Assuming Python version 3.8.10.final.0
2024-06-10 08:43:24.943 [info] [Info  - 8:43:24 AM] (488) No source files found.
2024-06-10 08:43:24.945 [info] Auto-Indent enabled
2024-06-10 08:43:25.174 [info] Auto-Indent enabled
2024-06-10 08:43:25.175 [info] [Info  - 8:43:25 AM] (488) Setting pythonPath for service "ndao": "/bin/python3"
2024-06-10 08:43:25.175 [info] [Info  - 8:43:25 AM] (488) Setting environmentName for service "ndao": "3.8.10 (global)"
2024-06-10 08:43:25.288 [info] [Info  - 8:43:25 AM] (488) Assuming Python version 3.8.10.final.0
2024-06-10 08:43:25.743 [info] [Info  - 8:43:25 AM] (488) No source files found.
2024-06-10 08:43:25.747 [info] Auto-Indent enabled
2024-06-10 08:43:25.765 [info] Auto-Indent enabled
2024-06-10 08:43:25.766 [info] [Info  - 8:43:25 AM] (488) Setting pythonPath for service "ndao": "/bin/python3"
2024-06-10 08:43:25.766 [info] [Info  - 8:43:25 AM] (488) Setting environmentName for service "ndao": "3.8.10 (global)"
2024-06-10 08:43:25.817 [info] [Info  - 8:43:25 AM] (488) Assuming Python version 3.8.10.final.0
2024-06-10 08:43:26.209 [info] [Info  - 8:43:26 AM] (488) No source files found.
2024-06-10 08:43:26.212 [info] Auto-Indent enabled
2024-06-10 08:43:26.226 [info] Auto-Indent enabled
2024-06-10 08:43:26.228 [info] [Info  - 8:43:26 AM] (488) Setting pythonPath for service "ndao": "/bin/python3"
2024-06-10 08:43:26.228 [info] [Info  - 8:43:26 AM] (488) Setting environmentName for service "ndao": "3.8.10 (global)"
2024-06-10 08:43:26.439 [info] [Info  - 8:43:26 AM] (488) Assuming Python version 3.8.10.final.0
2024-06-10 08:43:26.722 [info] [Info  - 8:43:26 AM] (488) No source files found.
2024-06-10 08:43:26.723 [info] Auto-Indent enabled
2024-06-10 08:43:26.745 [info] Auto-Indent enabled
2024-06-10 08:43:26.746 [info] [Info  - 8:43:26 AM] (488) Setting pythonPath for service "ndao": "/bin/python3"
2024-06-10 08:43:26.746 [info] [Info  - 8:43:26 AM] (488) Setting environmentName for service "ndao": "3.8.10 (global)"
2024-06-10 08:43:26.789 [info] [Info  - 8:43:26 AM] (488) Assuming Python version 3.8.10.final.0
2024-06-10 08:43:27.084 [info] [Info  - 8:43:27 AM] (488) No source files found.
2024-06-10 08:43:27.085 [info] Auto-Indent enabled
2024-06-10 08:43:30.133 [info] Auto-Indent enabled
2024-06-10 08:43:30.138 [info] [Info  - 8:43:30 AM] (488) Setting pythonPath for service "ndao": "/bin/python3"
2024-06-10 08:43:30.138 [info] [Info  - 8:43:30 AM] (488) Setting environmentName for service "ndao": "3.8.10 (global)"
2024-06-10 08:43:30.197 [info] [Info  - 8:43:30 AM] (488) Assuming Python version 3.8.10.final.0
2024-06-10 08:43:30.546 [info] [Info  - 8:43:30 AM] (488) No source files found.
2024-06-10 08:43:30.547 [info] Auto-Indent enabled
2024-06-10 08:43:34.766 [info] Auto-Indent enabled
2024-06-10 08:43:34.774 [info] [Info  - 8:43:34 AM] (488) Setting pythonPath for service "ndao": "/bin/python3"
2024-06-10 08:43:34.774 [info] [Info  - 8:43:34 AM] (488) Setting environmentName for service "ndao": "3.8.10 (global)"
2024-06-10 08:43:34.915 [info] [Info  - 8:43:34 AM] (488) Assuming Python version 3.8.10.final.0
2024-06-10 08:43:35.179 [info] [Info  - 8:43:35 AM] (488) No source files found.
2024-06-10 08:43:35.181 [info] Auto-Indent enabled
2024-06-10 08:43:35.289 [info] Auto-Indent enabled
2024-06-10 08:43:35.289 [info] [Info  - 8:43:35 AM] (488) Setting pythonPath for service "ndao": "/bin/python3"
2024-06-10 08:43:35.291 [info] [Info  - 8:43:35 AM] (488) Setting environmentName for service "ndao": "3.8.10 (global)"
2024-06-10 08:43:35.378 [info] [Info  - 8:43:35 AM] (488) Assuming Python version 3.8.10.final.0
2024-06-10 08:43:35.789 [info] [Info  - 8:43:35 AM] (488) No source files found.
2024-06-10 08:43:35.792 [info] Auto-Indent enabled
2024-06-10 08:43:35.819 [info] Auto-Indent enabled
2024-06-10 08:43:35.830 [info] [Info  - 8:43:35 AM] (488) Setting pythonPath for service "ndao": "/bin/python3"
2024-06-10 08:43:35.834 [info] [Info  - 8:43:35 AM] (488) Setting environmentName for service "ndao": "3.8.10 (global)"
2024-06-10 08:43:35.910 [info] [Info  - 8:43:35 AM] (488) Assuming Python version 3.8.10.final.0
2024-06-10 08:43:36.176 [info] [Info  - 8:43:36 AM] (488) No source files found.
2024-06-10 08:43:36.177 [info] Auto-Indent enabled
2024-06-10 08:43:36.622 [info] Auto-Indent enabled
2024-06-10 08:43:36.625 [info] [Info  - 8:43:36 AM] (488) Setting pythonPath for service "ndao": "/bin/python3"
2024-06-10 08:43:36.625 [info] [Info  - 8:43:36 AM] (488) Setting environmentName for service "ndao": "3.8.10 (global)"
2024-06-10 08:43:36.671 [info] [Info  - 8:43:36 AM] (488) Assuming Python version 3.8.10.final.0
2024-06-10 08:43:37.022 [info] [Info  - 8:43:37 AM] (488) No source files found.
2024-06-10 08:43:37.024 [info] Auto-Indent enabled
2024-06-10 08:43:37.223 [info] Auto-Indent enabled
2024-06-10 08:43:37.224 [info] [Info  - 8:43:37 AM] (488) Setting pythonPath for service "ndao": "/bin/python3"
2024-06-10 08:43:37.224 [info] [Info  - 8:43:37 AM] (488) Setting environmentName for service "ndao": "3.8.10 (global)"
2024-06-10 08:43:37.270 [info] [Info  - 8:43:37 AM] (488) Assuming Python version 3.8.10.final.0
2024-06-10 08:43:37.574 [info] [Info  - 8:43:37 AM] (488) No source files found.
2024-06-10 08:43:37.599 [info] Auto-Indent enabled
2024-06-10 08:43:37.715 [info] Auto-Indent enabled
2024-06-10 08:43:37.719 [info] [Info  - 8:43:37 AM] (488) Setting pythonPath for service "ndao": "/bin/python3"
2024-06-10 08:43:37.719 [info] [Info  - 8:43:37 AM] (488) Setting environmentName for service "ndao": "3.8.10 (global)"
2024-06-10 08:43:37.768 [info] [Info  - 8:43:37 AM] (488) Assuming Python version 3.8.10.final.0
2024-06-10 08:43:38.130 [info] [Info  - 8:43:38 AM] (488) No source files found.
2024-06-10 08:43:38.136 [info] Auto-Indent enabled
2024-06-10 08:43:38.152 [info] Auto-Indent enabled
2024-06-10 08:43:38.153 [info] [Info  - 8:43:38 AM] (488) Setting pythonPath for service "ndao": "/bin/python3"
2024-06-10 08:43:38.153 [info] [Info  - 8:43:38 AM] (488) Setting environmentName for service "ndao": "3.8.10 (global)"
2024-06-10 08:43:38.206 [info] [Info  - 8:43:38 AM] (488) Assuming Python version 3.8.10.final.0
2024-06-10 08:43:38.496 [info] [Info  - 8:43:38 AM] (488) No source files found.
2024-06-10 08:43:38.499 [info] Auto-Indent enabled
2024-06-10 08:43:38.597 [info] Auto-Indent enabled
2024-06-10 08:43:38.599 [info] [Info  - 8:43:38 AM] (488) Setting pythonPath for service "ndao": "/bin/python3"
2024-06-10 08:43:38.599 [info] [Info  - 8:43:38 AM] (488) Setting environmentName for service "ndao": "3.8.10 (global)"
2024-06-10 08:43:38.657 [info] [Info  - 8:43:38 AM] (488) Assuming Python version 3.8.10.final.0
2024-06-10 08:43:38.952 [info] [Info  - 8:43:38 AM] (488) No source files found.
2024-06-10 08:43:38.953 [info] Auto-Indent enabled
2024-06-10 08:43:40.016 [info] Auto-Indent enabled
2024-06-10 08:43:40.017 [info] [Info  - 8:43:40 AM] (488) Setting pythonPath for service "ndao": "/bin/python3"
2024-06-10 08:43:40.017 [info] [Info  - 8:43:40 AM] (488) Setting environmentName for service "ndao": "3.8.10 (global)"
2024-06-10 08:43:40.074 [info] [Info  - 8:43:40 AM] (488) Assuming Python version 3.8.10.final.0
2024-06-10 08:43:40.303 [info] [Info  - 8:43:40 AM] (488) No source files found.
2024-06-10 08:43:40.305 [info] Auto-Indent enabled
2024-06-10 08:43:46.438 [info] Auto-Indent enabled
2024-06-10 08:43:46.439 [info] [Info  - 8:43:46 AM] (488) Setting pythonPath for service "ndao": "/bin/python3"
2024-06-10 08:43:46.439 [info] [Info  - 8:43:46 AM] (488) Setting environmentName for service "ndao": "3.8.10 (global)"
2024-06-10 08:43:46.594 [info] [Info  - 8:43:46 AM] (488) Assuming Python version 3.8.10.final.0
2024-06-10 08:43:46.792 [info] [Info  - 8:43:46 AM] (488) No source files found.
2024-06-10 08:43:46.793 [info] Auto-Indent enabled
2024-06-10 09:00:58.005 [info] Auto-Indent enabled
2024-06-10 09:00:58.006 [info] [Info  - 9:00:58 AM] (488) Setting pythonPath for service "ndao": "/bin/python3"
2024-06-10 09:00:58.006 [info] [Info  - 9:00:58 AM] (488) Setting environmentName for service "ndao": "3.8.10 (global)"
2024-06-10 09:00:58.045 [info] [Info  - 9:00:58 AM] (488) Assuming Python version 3.8.10.final.0
2024-06-10 09:00:58.317 [info] [Info  - 9:00:58 AM] (488) No source files found.
2024-06-10 09:00:58.319 [info] Auto-Indent enabled
2024-06-10 09:01:03.873 [info] Auto-Indent enabled
2024-06-10 09:01:03.875 [info] [Info  - 9:01:03 AM] (488) Setting pythonPath for service "ndao": "/bin/python3"
2024-06-10 09:01:03.876 [info] [Info  - 9:01:03 AM] (488) Setting environmentName for service "ndao": "3.8.10 (global)"
2024-06-10 09:01:03.965 [info] [Info  - 9:01:03 AM] (488) Assuming Python version 3.8.10.final.0
2024-06-10 09:01:04.381 [info] [Info  - 9:01:04 AM] (488) No source files found.
2024-06-10 09:01:04.383 [info] Auto-Indent enabled
2024-06-10 10:14:07.861 [info] Auto-Indent enabled
2024-06-10 10:14:07.864 [info] [Info  - 10:14:07 AM] (488) Setting pythonPath for service "ndao": "/bin/python3"
2024-06-10 10:14:07.870 [info] [Info  - 10:14:07 AM] (488) Setting environmentName for service "ndao": "3.8.10 (global)"
2024-06-10 10:14:07.919 [info] [Info  - 10:14:07 AM] (488) Assuming Python version 3.8.10.final.0
2024-06-10 10:14:08.275 [info] [Info  - 10:14:08 AM] (488) No source files found.
2024-06-10 10:14:08.276 [info] Auto-Indent enabled
2024-06-10 10:14:48.365 [info] Auto-Indent enabled
2024-06-10 10:14:48.376 [info] [Info  - 10:14:48 AM] (488) Setting pythonPath for service "ndao": "/bin/python3"
2024-06-10 10:14:48.376 [info] [Info  - 10:14:48 AM] (488) Setting environmentName for service "ndao": "3.8.10 (global)"
2024-06-10 10:14:48.427 [info] [Info  - 10:14:48 AM] (488) Assuming Python version 3.8.10.final.0
2024-06-10 10:14:48.766 [info] [Info  - 10:14:48 AM] (488) No source files found.
2024-06-10 10:14:48.767 [info] Auto-Indent enabled
2024-06-10 10:30:39.901 [info] Auto-Indent enabled
2024-06-10 10:30:39.902 [info] [Info  - 10:30:39 AM] (488) Setting pythonPath for service "ndao": "/bin/python3"
2024-06-10 10:30:39.902 [info] [Info  - 10:30:39 AM] (488) Setting environmentName for service "ndao": "3.8.10 (global)"
2024-06-10 10:30:39.941 [info] [Info  - 10:30:39 AM] (488) Assuming Python version 3.8.10.final.0
2024-06-10 10:30:40.205 [info] [Info  - 10:30:40 AM] (488) No source files found.
2024-06-10 10:30:40.207 [info] Auto-Indent enabled
2024-06-10 10:30:40.688 [info] Auto-Indent enabled
2024-06-10 10:30:40.690 [info] [Info  - 10:30:40 AM] (488) Setting pythonPath for service "ndao": "/bin/python3"
2024-06-10 10:30:40.690 [info] [Info  - 10:30:40 AM] (488) Setting environmentName for service "ndao": "3.8.10 (global)"
2024-06-10 10:30:40.745 [info] [Info  - 10:30:40 AM] (488) Assuming Python version 3.8.10.final.0
2024-06-10 10:30:41.168 [info] [Info  - 10:30:41 AM] (488) No source files found.
2024-06-10 10:30:41.170 [info] Auto-Indent enabled
2024-06-10 10:30:41.186 [info] Auto-Indent enabled
2024-06-10 10:30:41.188 [info] [Info  - 10:30:41 AM] (488) Setting pythonPath for service "ndao": "/bin/python3"
2024-06-10 10:30:41.188 [info] [Info  - 10:30:41 AM] (488) Setting environmentName for service "ndao": "3.8.10 (global)"
2024-06-10 10:30:41.233 [info] [Info  - 10:30:41 AM] (488) Assuming Python version 3.8.10.final.0
2024-06-10 10:30:41.526 [info] [Info  - 10:30:41 AM] (488) No source files found.
2024-06-10 10:30:41.528 [info] Auto-Indent enabled
2024-06-10 10:30:42.956 [info] Auto-Indent enabled
2024-06-10 10:30:42.962 [info] [Info  - 10:30:42 AM] (488) Setting pythonPath for service "ndao": "/bin/python3"
2024-06-10 10:30:42.963 [info] [Info  - 10:30:42 AM] (488) Setting environmentName for service "ndao": "3.8.10 (global)"
2024-06-10 10:30:43.000 [info] [Info  - 10:30:43 AM] (488) Assuming Python version 3.8.10.final.0
2024-06-10 10:30:43.293 [info] [Info  - 10:30:43 AM] (488) No source files found.
2024-06-10 10:30:43.296 [info] Auto-Indent enabled
2024-06-10 10:30:46.088 [info] Auto-Indent enabled
2024-06-10 10:30:46.089 [info] [Info  - 10:30:46 AM] (488) Setting pythonPath for service "ndao": "/bin/python3"
2024-06-10 10:30:46.089 [info] [Info  - 10:30:46 AM] (488) Setting environmentName for service "ndao": "3.8.10 (global)"
2024-06-10 10:30:46.196 [info] [Info  - 10:30:46 AM] (488) Assuming Python version 3.8.10.final.0
2024-06-10 10:30:46.488 [info] [Info  - 10:30:46 AM] (488) No source files found.
2024-06-10 10:30:46.489 [info] Auto-Indent enabled
2024-06-10 10:30:46.502 [info] Auto-Indent enabled
2024-06-10 10:30:46.502 [info] [Info  - 10:30:46 AM] (488) Setting pythonPath for service "ndao": "/bin/python3"
2024-06-10 10:30:46.503 [info] [Info  - 10:30:46 AM] (488) Setting environmentName for service "ndao": "3.8.10 (global)"
2024-06-10 10:30:46.539 [info] [Info  - 10:30:46 AM] (488) Assuming Python version 3.8.10.final.0
2024-06-10 10:30:46.908 [info] [Info  - 10:30:46 AM] (488) No source files found.
2024-06-10 10:30:46.910 [info] Auto-Indent enabled
2024-06-10 10:30:46.927 [info] Auto-Indent enabled
2024-06-10 10:30:46.928 [info] [Info  - 10:30:46 AM] (488) Setting pythonPath for service "ndao": "/bin/python3"
2024-06-10 10:30:46.928 [info] [Info  - 10:30:46 AM] (488) Setting environmentName for service "ndao": "3.8.10 (global)"
2024-06-10 10:30:46.984 [info] [Info  - 10:30:46 AM] (488) Assuming Python version 3.8.10.final.0
2024-06-10 10:30:47.315 [info] [Info  - 10:30:47 AM] (488) No source files found.
2024-06-10 10:30:47.318 [info] Auto-Indent enabled
2024-06-10 10:30:47.363 [info] Auto-Indent enabled
2024-06-10 10:30:47.364 [info] [Info  - 10:30:47 AM] (488) Setting pythonPath for service "ndao": "/bin/python3"
2024-06-10 10:30:47.364 [info] [Info  - 10:30:47 AM] (488) Setting environmentName for service "ndao": "3.8.10 (global)"
2024-06-10 10:30:47.523 [info] [Info  - 10:30:47 AM] (488) Assuming Python version 3.8.10.final.0
2024-06-10 10:30:47.968 [info] [Info  - 10:30:47 AM] (488) No source files found.
2024-06-10 10:30:47.974 [info] Auto-Indent enabled
2024-06-10 10:30:48.012 [info] Auto-Indent enabled
2024-06-10 10:30:48.018 [info] [Info  - 10:30:48 AM] (488) Setting pythonPath for service "ndao": "/bin/python3"
2024-06-10 10:30:48.019 [info] [Info  - 10:30:48 AM] (488) Setting environmentName for service "ndao": "3.8.10 (global)"
2024-06-10 10:30:48.053 [info] [Info  - 10:30:48 AM] (488) Assuming Python version 3.8.10.final.0
2024-06-10 10:30:48.602 [info] [Info  - 10:30:48 AM] (488) No source files found.
2024-06-10 10:30:48.614 [info] Auto-Indent enabled
2024-06-10 10:30:48.614 [info] Auto-Indent enabled
2024-06-10 10:30:48.615 [info] [Info  - 10:30:48 AM] (488) Setting pythonPath for service "ndao": "/bin/python3"
2024-06-10 10:30:48.615 [info] [Info  - 10:30:48 AM] (488) Setting environmentName for service "ndao": "3.8.10 (global)"
2024-06-10 10:30:48.615 [info] [Info  - 10:30:48 AM] (488) Assuming Python version 3.8.10.final.0
2024-06-10 10:30:48.924 [info] [Info  - 10:30:48 AM] (488) No source files found.
2024-06-10 10:30:48.924 [info] Auto-Indent enabled
2024-06-10 10:30:48.963 [info] Auto-Indent enabled
2024-06-10 10:30:48.963 [info] [Info  - 10:30:48 AM] (488) Setting pythonPath for service "ndao": "/bin/python3"
2024-06-10 10:30:48.964 [info] [Info  - 10:30:48 AM] (488) Setting environmentName for service "ndao": "3.8.10 (global)"
2024-06-10 10:30:49.010 [info] [Info  - 10:30:49 AM] (488) Assuming Python version 3.8.10.final.0
2024-06-10 10:30:49.327 [info] [Info  - 10:30:49 AM] (488) No source files found.
2024-06-10 10:30:49.329 [info] Auto-Indent enabled
2024-06-10 10:30:49.329 [info] Auto-Indent enabled
2024-06-10 10:30:49.330 [info] [Info  - 10:30:49 AM] (488) Setting pythonPath for service "ndao": "/bin/python3"
2024-06-10 10:30:49.330 [info] [Info  - 10:30:49 AM] (488) Setting environmentName for service "ndao": "3.8.10 (global)"
2024-06-10 10:30:49.357 [info] [Info  - 10:30:49 AM] (488) Assuming Python version 3.8.10.final.0
2024-06-10 10:30:49.614 [info] [Info  - 10:30:49 AM] (488) No source files found.
2024-06-10 10:30:49.616 [info] Auto-Indent enabled
2024-06-10 10:30:49.621 [info] Auto-Indent enabled
2024-06-10 10:30:49.621 [info] [Info  - 10:30:49 AM] (488) Setting pythonPath for service "ndao": "/bin/python3"
2024-06-10 10:30:49.621 [info] [Info  - 10:30:49 AM] (488) Setting environmentName for service "ndao": "3.8.10 (global)"
2024-06-10 10:30:49.668 [info] [Info  - 10:30:49 AM] (488) Assuming Python version 3.8.10.final.0
2024-06-10 10:30:49.959 [info] [Info  - 10:30:49 AM] (488) No source files found.
2024-06-10 10:30:49.960 [info] Auto-Indent enabled
2024-06-10 10:30:50.642 [info] Auto-Indent enabled
2024-06-10 10:30:50.645 [info] [Info  - 10:30:50 AM] (488) Setting pythonPath for service "ndao": "/bin/python3"
2024-06-10 10:30:50.645 [info] [Info  - 10:30:50 AM] (488) Setting environmentName for service "ndao": "3.8.10 (global)"
2024-06-10 10:30:50.681 [info] [Info  - 10:30:50 AM] (488) Assuming Python version 3.8.10.final.0
2024-06-10 10:30:50.944 [info] [Info  - 10:30:50 AM] (488) No source files found.
2024-06-10 10:30:50.946 [info] Auto-Indent enabled
2024-06-10 10:30:51.846 [info] Auto-Indent enabled
2024-06-10 10:30:51.851 [info] [Info  - 10:30:51 AM] (488) Setting pythonPath for service "ndao": "/bin/python3"
2024-06-10 10:30:51.852 [info] [Info  - 10:30:51 AM] (488) Setting environmentName for service "ndao": "3.8.10 (global)"
2024-06-10 10:30:51.941 [info] [Info  - 10:30:51 AM] (488) Assuming Python version 3.8.10.final.0
2024-06-10 10:30:52.222 [info] [Info  - 10:30:52 AM] (488) No source files found.
2024-06-10 10:30:52.223 [info] Auto-Indent enabled
2024-06-10 10:31:11.817 [info] Auto-Indent enabled
2024-06-10 10:31:11.817 [info] [Info  - 10:31:11 AM] (488) Setting pythonPath for service "ndao": "/bin/python3"
2024-06-10 10:31:11.854 [info] [Info  - 10:31:11 AM] (488) Setting environmentName for service "ndao": "3.8.10 (global)"
2024-06-10 10:31:11.921 [info] [Info  - 10:31:11 AM] (488) Assuming Python version 3.8.10.final.0
2024-06-10 10:31:12.343 [info] [Info  - 10:31:12 AM] (488) No source files found.
2024-06-10 10:31:12.345 [info] Auto-Indent enabled
2024-06-10 10:38:48.488 [info] Auto-Indent enabled
2024-06-10 10:38:48.498 [info] [Info  - 10:38:48 AM] (488) Setting pythonPath for service "ndao": "/bin/python3"
2024-06-10 10:38:48.498 [info] [Info  - 10:38:48 AM] (488) Setting environmentName for service "ndao": "3.8.10 (global)"
2024-06-10 10:38:48.528 [info] [Info  - 10:38:48 AM] (488) Assuming Python version 3.8.10.final.0
2024-06-10 10:38:48.838 [info] [Info  - 10:38:48 AM] (488) No source files found.
2024-06-10 10:38:48.839 [info] Auto-Indent enabled
2024-06-10 10:38:48.855 [info] Auto-Indent enabled
2024-06-10 10:38:48.856 [info] [Info  - 10:38:48 AM] (488) Setting pythonPath for service "ndao": "/bin/python3"
2024-06-10 10:38:48.856 [info] [Info  - 10:38:48 AM] (488) Setting environmentName for service "ndao": "3.8.10 (global)"
2024-06-10 10:38:48.938 [info] [Info  - 10:38:48 AM] (488) Assuming Python version 3.8.10.final.0
2024-06-10 10:38:49.267 [info] [Info  - 10:38:49 AM] (488) No source files found.
2024-06-10 10:38:49.268 [info] Auto-Indent enabled
2024-06-10 10:38:49.286 [info] Auto-Indent enabled
2024-06-10 10:38:49.289 [info] [Info  - 10:38:49 AM] (488) Setting pythonPath for service "ndao": "/bin/python3"
2024-06-10 10:38:49.289 [info] [Info  - 10:38:49 AM] (488) Setting environmentName for service "ndao": "3.8.10 (global)"
2024-06-10 10:38:49.331 [info] [Info  - 10:38:49 AM] (488) Assuming Python version 3.8.10.final.0
2024-06-10 10:38:49.609 [info] [Info  - 10:38:49 AM] (488) No source files found.
2024-06-10 10:38:49.610 [info] Auto-Indent enabled
2024-06-10 10:38:50.017 [info] Auto-Indent enabled
2024-06-10 10:38:50.018 [info] [Info  - 10:38:50 AM] (488) Setting pythonPath for service "ndao": "/bin/python3"
2024-06-10 10:38:50.019 [info] [Info  - 10:38:50 AM] (488) Setting environmentName for service "ndao": "3.8.10 (global)"
2024-06-10 10:38:50.055 [info] [Info  - 10:38:50 AM] (488) Assuming Python version 3.8.10.final.0
2024-06-10 10:38:50.355 [info] [Info  - 10:38:50 AM] (488) No source files found.
2024-06-10 10:38:50.356 [info] Auto-Indent enabled
2024-06-10 10:38:50.549 [info] Auto-Indent enabled
2024-06-10 10:38:50.551 [info] [Info  - 10:38:50 AM] (488) Setting pythonPath for service "ndao": "/bin/python3"
2024-06-10 10:38:50.551 [info] [Info  - 10:38:50 AM] (488) Setting environmentName for service "ndao": "3.8.10 (global)"
2024-06-10 10:38:50.597 [info] [Info  - 10:38:50 AM] (488) Assuming Python version 3.8.10.final.0
2024-06-10 10:38:50.897 [info] [Info  - 10:38:50 AM] (488) No source files found.
2024-06-10 10:38:50.898 [info] Auto-Indent enabled
2024-06-10 10:38:51.338 [info] Auto-Indent enabled
2024-06-10 10:38:51.338 [info] [Info  - 10:38:51 AM] (488) Setting pythonPath for service "ndao": "/bin/python3"
2024-06-10 10:38:51.338 [info] [Info  - 10:38:51 AM] (488) Setting environmentName for service "ndao": "3.8.10 (global)"
2024-06-10 10:38:51.452 [info] [Info  - 10:38:51 AM] (488) Assuming Python version 3.8.10.final.0
2024-06-10 10:38:51.731 [info] [Info  - 10:38:51 AM] (488) No source files found.
2024-06-10 10:38:51.732 [info] Auto-Indent enabled
2024-06-10 10:38:51.862 [info] Auto-Indent enabled
2024-06-10 10:38:51.863 [info] [Info  - 10:38:51 AM] (488) Setting pythonPath for service "ndao": "/bin/python3"
2024-06-10 10:38:51.866 [info] [Info  - 10:38:51 AM] (488) Setting environmentName for service "ndao": "3.8.10 (global)"
2024-06-10 10:38:51.906 [info] [Info  - 10:38:51 AM] (488) Assuming Python version 3.8.10.final.0
2024-06-10 10:38:52.214 [info] [Info  - 10:38:52 AM] (488) No source files found.
2024-06-10 10:38:52.215 [info] Auto-Indent enabled
2024-06-10 10:38:52.310 [info] Auto-Indent enabled
2024-06-10 10:38:52.311 [info] [Info  - 10:38:52 AM] (488) Setting pythonPath for service "ndao": "/bin/python3"
2024-06-10 10:38:52.311 [info] [Info  - 10:38:52 AM] (488) Setting environmentName for service "ndao": "3.8.10 (global)"
2024-06-10 10:38:52.388 [info] [Info  - 10:38:52 AM] (488) Assuming Python version 3.8.10.final.0
2024-06-10 10:38:52.891 [info] [Info  - 10:38:52 AM] (488) No source files found.
2024-06-10 10:38:52.897 [info] Auto-Indent enabled
2024-06-10 10:38:52.930 [info] Auto-Indent enabled
2024-06-10 10:38:52.932 [info] [Info  - 10:38:52 AM] (488) Setting pythonPath for service "ndao": "/bin/python3"
2024-06-10 10:38:52.932 [info] [Info  - 10:38:52 AM] (488) Setting environmentName for service "ndao": "3.8.10 (global)"
2024-06-10 10:38:53.229 [info] [Info  - 10:38:53 AM] (488) Assuming Python version 3.8.10.final.0
2024-06-10 10:38:53.391 [info] [Info  - 10:38:53 AM] (488) No source files found.
2024-06-10 10:38:53.392 [info] Auto-Indent enabled
2024-06-10 10:38:53.445 [info] Auto-Indent enabled
2024-06-10 10:38:53.447 [info] [Info  - 10:38:53 AM] (488) Setting pythonPath for service "ndao": "/bin/python3"
2024-06-10 10:38:53.448 [info] [Info  - 10:38:53 AM] (488) Setting environmentName for service "ndao": "3.8.10 (global)"
2024-06-10 10:38:53.492 [info] [Info  - 10:38:53 AM] (488) Assuming Python version 3.8.10.final.0
2024-06-10 10:38:53.966 [info] [Info  - 10:38:53 AM] (488) No source files found.
2024-06-10 10:38:53.969 [info] Auto-Indent enabled
2024-06-10 10:38:53.991 [info] Auto-Indent enabled
2024-06-10 10:38:53.991 [info] [Info  - 10:38:53 AM] (488) Setting pythonPath for service "ndao": "/bin/python3"
2024-06-10 10:38:53.991 [info] [Info  - 10:38:53 AM] (488) Setting environmentName for service "ndao": "3.8.10 (global)"
2024-06-10 10:38:54.048 [info] [Info  - 10:38:54 AM] (488) Assuming Python version 3.8.10.final.0
2024-06-10 10:38:54.378 [info] [Info  - 10:38:54 AM] (488) No source files found.
2024-06-10 10:38:54.379 [info] Auto-Indent enabled
2024-06-10 10:38:54.396 [info] Auto-Indent enabled
2024-06-10 10:38:54.396 [info] [Info  - 10:38:54 AM] (488) Setting pythonPath for service "ndao": "/bin/python3"
2024-06-10 10:38:54.396 [info] [Info  - 10:38:54 AM] (488) Setting environmentName for service "ndao": "3.8.10 (global)"
2024-06-10 10:38:54.434 [info] [Info  - 10:38:54 AM] (488) Assuming Python version 3.8.10.final.0
2024-06-10 10:38:54.778 [info] [Info  - 10:38:54 AM] (488) No source files found.
2024-06-10 10:38:54.779 [info] Auto-Indent enabled
2024-06-10 10:38:54.817 [info] Auto-Indent enabled
2024-06-10 10:38:54.821 [info] [Info  - 10:38:54 AM] (488) Setting pythonPath for service "ndao": "/bin/python3"
2024-06-10 10:38:54.825 [info] [Info  - 10:38:54 AM] (488) Setting environmentName for service "ndao": "3.8.10 (global)"
2024-06-10 10:38:54.849 [info] [Info  - 10:38:54 AM] (488) Assuming Python version 3.8.10.final.0
2024-06-10 10:38:55.152 [info] [Info  - 10:38:55 AM] (488) No source files found.
2024-06-10 10:38:55.154 [info] Auto-Indent enabled
2024-06-10 10:38:55.182 [info] Auto-Indent enabled
2024-06-10 10:38:55.183 [info] [Info  - 10:38:55 AM] (488) Setting pythonPath for service "ndao": "/bin/python3"
2024-06-10 10:38:55.184 [info] [Info  - 10:38:55 AM] (488) Setting environmentName for service "ndao": "3.8.10 (global)"
2024-06-10 10:38:55.416 [info] [Info  - 10:38:55 AM] (488) Assuming Python version 3.8.10.final.0
2024-06-10 10:38:55.722 [info] [Info  - 10:38:55 AM] (488) No source files found.
2024-06-10 10:38:55.724 [info] Auto-Indent enabled
2024-06-10 10:38:55.741 [info] Auto-Indent enabled
2024-06-10 10:38:55.741 [info] [Info  - 10:38:55 AM] (488) Setting pythonPath for service "ndao": "/bin/python3"
2024-06-10 10:38:55.742 [info] [Info  - 10:38:55 AM] (488) Setting environmentName for service "ndao": "3.8.10 (global)"
2024-06-10 10:38:55.779 [info] [Info  - 10:38:55 AM] (488) Assuming Python version 3.8.10.final.0
2024-06-10 10:38:56.038 [info] [Info  - 10:38:56 AM] (488) No source files found.
2024-06-10 10:38:56.039 [info] Auto-Indent enabled
2024-06-10 10:39:06.365 [info] Auto-Indent enabled
2024-06-10 10:39:06.366 [info] [Info  - 10:39:06 AM] (488) Setting pythonPath for service "ndao": "/bin/python3"
2024-06-10 10:39:06.370 [info] [Info  - 10:39:06 AM] (488) Setting environmentName for service "ndao": "3.8.10 (global)"
2024-06-10 10:39:06.430 [info] [Info  - 10:39:06 AM] (488) Assuming Python version 3.8.10.final.0
2024-06-10 10:39:06.744 [info] [Info  - 10:39:06 AM] (488) No source files found.
2024-06-10 10:39:06.746 [info] Auto-Indent enabled
2024-06-10 10:43:29.191 [info] Auto-Indent enabled
2024-06-10 10:43:29.192 [info] [Info  - 10:43:29 AM] (488) Setting pythonPath for service "ndao": "/bin/python3"
2024-06-10 10:43:29.192 [info] [Info  - 10:43:29 AM] (488) Setting environmentName for service "ndao": "3.8.10 (global)"
2024-06-10 10:43:29.234 [info] [Info  - 10:43:29 AM] (488) Assuming Python version 3.8.10.final.0
2024-06-10 10:43:29.480 [info] [Info  - 10:43:29 AM] (488) No source files found.
2024-06-10 10:43:29.482 [info] Auto-Indent enabled
2024-06-10 10:43:29.630 [info] Auto-Indent enabled
2024-06-10 10:43:29.630 [info] [Info  - 10:43:29 AM] (488) Setting pythonPath for service "ndao": "/bin/python3"
2024-06-10 10:43:29.630 [info] [Info  - 10:43:29 AM] (488) Setting environmentName for service "ndao": "3.8.10 (global)"
2024-06-10 10:43:29.674 [info] [Info  - 10:43:29 AM] (488) Assuming Python version 3.8.10.final.0
2024-06-10 10:43:29.955 [info] [Info  - 10:43:29 AM] (488) No source files found.
2024-06-10 10:43:29.956 [info] Auto-Indent enabled
2024-06-10 10:53:47.429 [info] Auto-Indent enabled
2024-06-10 10:53:47.436 [info] [Info  - 10:53:47 AM] (488) Setting pythonPath for service "ndao": "/bin/python3"
2024-06-10 10:53:47.445 [info] [Info  - 10:53:47 AM] (488) Setting environmentName for service "ndao": "3.8.10 (global)"
2024-06-10 10:53:47.491 [info] [Info  - 10:53:47 AM] (488) Assuming Python version 3.8.10.final.0
2024-06-10 10:53:47.986 [info] [Info  - 10:53:47 AM] (488) No source files found.
2024-06-10 10:53:47.987 [info] Auto-Indent enabled
2024-06-10 10:53:48.006 [info] Auto-Indent enabled
2024-06-10 10:53:48.008 [info] [Info  - 10:53:48 AM] (488) Setting pythonPath for service "ndao": "/bin/python3"
2024-06-10 10:53:48.008 [info] [Info  - 10:53:48 AM] (488) Setting environmentName for service "ndao": "3.8.10 (global)"
2024-06-10 10:53:48.116 [info] [Info  - 10:53:48 AM] (488) Assuming Python version 3.8.10.final.0
2024-06-10 10:53:48.595 [info] [Info  - 10:53:48 AM] (488) No source files found.
2024-06-10 10:53:48.596 [info] Auto-Indent enabled
2024-06-10 10:53:48.637 [info] Auto-Indent enabled
2024-06-10 10:53:48.646 [info] [Info  - 10:53:48 AM] (488) Setting pythonPath for service "ndao": "/bin/python3"
2024-06-10 10:53:48.646 [info] [Info  - 10:53:48 AM] (488) Setting environmentName for service "ndao": "3.8.10 (global)"
2024-06-10 10:53:48.689 [info] [Info  - 10:53:48 AM] (488) Assuming Python version 3.8.10.final.0
2024-06-10 10:53:49.283 [info] [Info  - 10:53:49 AM] (488) No source files found.
2024-06-10 10:53:49.295 [info] Auto-Indent enabled
2024-06-10 10:53:49.344 [info] Auto-Indent enabled
2024-06-10 10:53:49.344 [info] [Info  - 10:53:49 AM] (488) Setting pythonPath for service "ndao": "/bin/python3"
2024-06-10 10:53:49.344 [info] [Info  - 10:53:49 AM] (488) Setting environmentName for service "ndao": "3.8.10 (global)"
2024-06-10 10:53:49.405 [info] [Info  - 10:53:49 AM] (488) Assuming Python version 3.8.10.final.0
2024-06-10 10:53:49.733 [info] [Info  - 10:53:49 AM] (488) No source files found.
2024-06-10 10:53:49.734 [info] Auto-Indent enabled
2024-06-10 10:53:55.962 [info] Auto-Indent enabled
2024-06-10 10:53:55.964 [info] [Info  - 10:53:55 AM] (488) Setting pythonPath for service "ndao": "/bin/python3"
2024-06-10 10:53:55.964 [info] [Info  - 10:53:55 AM] (488) Setting environmentName for service "ndao": "3.8.10 (global)"
2024-06-10 10:53:56.062 [info] [Info  - 10:53:56 AM] (488) Assuming Python version 3.8.10.final.0
2024-06-10 10:53:56.612 [info] [Info  - 10:53:56 AM] (488) No source files found.
2024-06-10 10:53:56.613 [info] Auto-Indent enabled
2024-06-10 10:53:56.626 [info] Auto-Indent enabled
2024-06-10 10:53:56.626 [info] [Info  - 10:53:56 AM] (488) Setting pythonPath for service "ndao": "/bin/python3"
2024-06-10 10:53:56.627 [info] [Info  - 10:53:56 AM] (488) Setting environmentName for service "ndao": "3.8.10 (global)"
2024-06-10 10:53:56.736 [info] [Info  - 10:53:56 AM] (488) Assuming Python version 3.8.10.final.0
2024-06-10 10:53:57.121 [info] [Info  - 10:53:57 AM] (488) No source files found.
2024-06-10 10:53:57.127 [info] Auto-Indent enabled
2024-06-10 10:53:58.499 [info] Auto-Indent enabled
2024-06-10 10:53:58.499 [info] [Info  - 10:53:58 AM] (488) Setting pythonPath for service "ndao": "/bin/python3"
2024-06-10 10:53:58.500 [info] [Info  - 10:53:58 AM] (488) Setting environmentName for service "ndao": "3.8.10 (global)"
2024-06-10 10:53:58.529 [info] [Info  - 10:53:58 AM] (488) Assuming Python version 3.8.10.final.0
2024-06-10 10:53:58.874 [info] [Info  - 10:53:58 AM] (488) No source files found.
2024-06-10 10:53:58.875 [info] Auto-Indent enabled
2024-06-10 10:54:26.995 [info] Auto-Indent enabled
2024-06-10 10:54:26.996 [info] [Info  - 10:54:26 AM] (488) Setting pythonPath for service "ndao": "/bin/python3"
2024-06-10 10:54:26.996 [info] [Info  - 10:54:26 AM] (488) Setting environmentName for service "ndao": "3.8.10 (global)"
2024-06-10 10:54:27.063 [info] [Info  - 10:54:27 AM] (488) Assuming Python version 3.8.10.final.0
2024-06-10 10:54:27.391 [info] [Info  - 10:54:27 AM] (488) No source files found.
2024-06-10 10:54:27.392 [info] Auto-Indent enabled
2024-06-10 13:39:29.352 [info] Auto-Indent enabled
2024-06-10 13:39:29.353 [info] [Info  - 1:39:29 PM] (488) Setting pythonPath for service "ndao": "/bin/python3"
2024-06-10 13:39:29.353 [info] [Info  - 1:39:29 PM] (488) Setting environmentName for service "ndao": "3.8.10 (global)"
2024-06-10 13:39:29.395 [info] [Info  - 1:39:29 PM] (488) Assuming Python version 3.8.10.final.0
2024-06-10 13:39:29.709 [info] [Info  - 1:39:29 PM] (488) No source files found.
2024-06-10 13:39:29.720 [info] Auto-Indent enabled
2024-06-10 13:39:29.744 [info] Auto-Indent enabled
2024-06-10 13:39:29.744 [info] [Info  - 1:39:29 PM] (488) Setting pythonPath for service "ndao": "/bin/python3"
2024-06-10 13:39:29.744 [info] [Info  - 1:39:29 PM] (488) Setting environmentName for service "ndao": "3.8.10 (global)"
2024-06-10 13:39:29.794 [info] [Info  - 1:39:29 PM] (488) Assuming Python version 3.8.10.final.0
2024-06-10 13:39:30.118 [info] [Info  - 1:39:30 PM] (488) No source files found.
2024-06-10 13:39:30.119 [info] Auto-Indent enabled
2024-06-11 08:13:06.025 [info] Auto-Indent enabled
2024-06-11 08:13:06.112 [info] [Info  - 8:13:06 AM] (488) Setting pythonPath for service "ndao": "/bin/python3"
2024-06-11 08:13:06.113 [info] [Info  - 8:13:06 AM] (488) Setting environmentName for service "ndao": "3.8.10 (global)"
2024-06-11 08:13:06.114 [info] [Info  - 8:13:06 AM] (488) Assuming Python version 3.8.10.final.0
2024-06-11 08:13:06.305 [info] [Info  - 8:13:06 AM] (488) No source files found.
2024-06-11 08:13:06.306 [info] Auto-Indent enabled
2024-06-11 08:13:06.516 [info] Auto-Indent enabled
2024-06-11 08:13:06.519 [info] [Info  - 8:13:06 AM] (488) Setting pythonPath for service "ndao": "/bin/python3"
2024-06-11 08:13:06.519 [info] [Info  - 8:13:06 AM] (488) Setting environmentName for service "ndao": "3.8.10 (global)"
2024-06-11 08:13:06.618 [info] [Info  - 8:13:06 AM] (488) Assuming Python version 3.8.10.final.0
2024-06-11 08:13:06.838 [info] [Info  - 8:13:06 AM] (488) No source files found.
2024-06-11 08:13:06.839 [info] Auto-Indent enabled
2024-06-11 08:13:10.081 [info] Auto-Indent enabled
2024-06-11 08:13:10.188 [info] [Info  - 8:13:10 AM] (488) Setting pythonPath for service "ndao": "/bin/python3"
2024-06-11 08:13:10.189 [info] [Info  - 8:13:10 AM] (488) Setting environmentName for service "ndao": "3.8.10 (global)"
2024-06-11 08:13:10.189 [info] [Info  - 8:13:10 AM] (488) Assuming Python version 3.8.10.final.0
2024-06-11 08:13:10.564 [info] [Info  - 8:13:10 AM] (488) No source files found.
2024-06-11 08:13:10.587 [info] Auto-Indent enabled
2024-06-11 08:13:10.629 [info] Auto-Indent enabled
2024-06-11 08:13:10.632 [info] [Info  - 8:13:10 AM] (488) Setting pythonPath for service "ndao": "/bin/python3"
2024-06-11 08:13:10.633 [info] [Info  - 8:13:10 AM] (488) Setting environmentName for service "ndao": "3.8.10 (global)"
2024-06-11 08:13:10.672 [info] [Info  - 8:13:10 AM] (488) Assuming Python version 3.8.10.final.0
2024-06-11 08:13:11.063 [info] [Info  - 8:13:11 AM] (488) No source files found.
2024-06-11 08:13:11.065 [info] Auto-Indent enabled
2024-06-11 08:13:11.083 [info] Auto-Indent enabled
2024-06-11 08:13:11.083 [info] [Info  - 8:13:11 AM] (488) Setting pythonPath for service "ndao": "/bin/python3"
2024-06-11 08:13:11.083 [info] [Info  - 8:13:11 AM] (488) Setting environmentName for service "ndao": "3.8.10 (global)"
2024-06-11 08:13:11.124 [info] [Info  - 8:13:11 AM] (488) Assuming Python version 3.8.10.final.0
2024-06-11 08:13:11.394 [info] [Info  - 8:13:11 AM] (488) No source files found.
2024-06-11 08:13:11.395 [info] Auto-Indent enabled
2024-06-11 08:13:12.037 [info] Auto-Indent enabled
2024-06-11 08:13:12.037 [info] [Info  - 8:13:12 AM] (488) Setting pythonPath for service "ndao": "/bin/python3"
2024-06-11 08:13:12.037 [info] [Info  - 8:13:12 AM] (488) Setting environmentName for service "ndao": "3.8.10 (global)"
2024-06-11 08:13:12.037 [info] [Info  - 8:13:12 AM] (488) Assuming Python version 3.8.10.final.0
2024-06-11 08:13:12.362 [info] [Info  - 8:13:12 AM] (488) No source files found.
2024-06-11 08:13:12.364 [info] Auto-Indent enabled
2024-06-11 08:13:12.525 [info] Auto-Indent enabled
2024-06-11 08:13:12.526 [info] [Info  - 8:13:12 AM] (488) Setting pythonPath for service "ndao": "/bin/python3"
2024-06-11 08:13:12.527 [info] [Info  - 8:13:12 AM] (488) Setting environmentName for service "ndao": "3.8.10 (global)"
2024-06-11 08:13:12.631 [info] [Info  - 8:13:12 AM] (488) Assuming Python version 3.8.10.final.0
2024-06-11 08:13:12.862 [info] [Info  - 8:13:12 AM] (488) No source files found.
2024-06-11 08:13:12.863 [info] Auto-Indent enabled
2024-06-11 08:13:13.878 [info] Auto-Indent enabled
2024-06-11 08:13:13.943 [info] [Info  - 8:13:13 AM] (488) Setting pythonPath for service "ndao": "/bin/python3"
2024-06-11 08:13:13.943 [info] [Info  - 8:13:13 AM] (488) Setting environmentName for service "ndao": "3.8.10 (global)"
2024-06-11 08:13:13.943 [info] [Info  - 8:13:13 AM] (488) Assuming Python version 3.8.10.final.0
2024-06-11 08:13:14.154 [info] [Info  - 8:13:14 AM] (488) No source files found.
2024-06-11 08:13:14.155 [info] Auto-Indent enabled
2024-06-11 09:24:40.051 [info] Auto-Indent enabled
2024-06-11 09:24:40.057 [info] [Info  - 9:24:40 AM] (488) Setting pythonPath for service "ndao": "/bin/python3"
2024-06-11 09:24:40.057 [info] [Info  - 9:24:40 AM] (488) Setting environmentName for service "ndao": "3.8.10 (global)"
2024-06-11 09:24:40.143 [info] [Info  - 9:24:40 AM] (488) Assuming Python version 3.8.10.final.0
2024-06-11 09:24:40.443 [info] [Info  - 9:24:40 AM] (488) No source files found.
2024-06-11 09:24:40.444 [info] Auto-Indent enabled
2024-06-11 09:24:41.302 [info] Auto-Indent enabled
2024-06-11 09:24:41.303 [info] [Info  - 9:24:41 AM] (488) Setting pythonPath for service "ndao": "/bin/python3"
2024-06-11 09:24:41.303 [info] [Info  - 9:24:41 AM] (488) Setting environmentName for service "ndao": "3.8.10 (global)"
2024-06-11 09:24:41.453 [info] [Info  - 9:24:41 AM] (488) Assuming Python version 3.8.10.final.0
2024-06-11 09:24:41.745 [info] [Info  - 9:24:41 AM] (488) No source files found.
2024-06-11 09:24:41.746 [info] Auto-Indent enabled
2024-06-11 09:24:45.233 [info] Auto-Indent enabled
2024-06-11 09:24:45.238 [info] [Info  - 9:24:45 AM] (488) Setting pythonPath for service "ndao": "/bin/python3"
2024-06-11 09:24:45.239 [info] [Info  - 9:24:45 AM] (488) Setting environmentName for service "ndao": "3.8.10 (global)"
2024-06-11 09:24:45.240 [info] [Info  - 9:24:45 AM] (488) Assuming Python version 3.8.10.final.0
2024-06-11 09:24:45.571 [info] [Info  - 9:24:45 AM] (488) No source files found.
2024-06-11 09:24:45.572 [info] Auto-Indent enabled
2024-06-11 09:24:45.777 [info] Auto-Indent enabled
2024-06-11 09:24:45.778 [info] [Info  - 9:24:45 AM] (488) Setting pythonPath for service "ndao": "/bin/python3"
2024-06-11 09:24:45.778 [info] [Info  - 9:24:45 AM] (488) Setting environmentName for service "ndao": "3.8.10 (global)"
2024-06-11 09:24:45.898 [info] [Info  - 9:24:45 AM] (488) Assuming Python version 3.8.10.final.0
2024-06-11 09:24:46.217 [info] [Info  - 9:24:46 AM] (488) No source files found.
2024-06-11 09:24:46.218 [info] Auto-Indent enabled
2024-06-11 09:24:52.775 [info] Auto-Indent enabled
2024-06-11 09:24:52.776 [info] [Info  - 9:24:52 AM] (488) Setting pythonPath for service "ndao": "/bin/python3"
2024-06-11 09:24:52.776 [info] [Info  - 9:24:52 AM] (488) Setting environmentName for service "ndao": "3.8.10 (global)"
2024-06-11 09:24:52.887 [info] [Info  - 9:24:52 AM] (488) Assuming Python version 3.8.10.final.0
2024-06-11 09:24:53.214 [info] [Info  - 9:24:53 AM] (488) No source files found.
2024-06-11 09:24:53.220 [info] Auto-Indent enabled
2024-06-11 09:24:53.235 [info] Auto-Indent enabled
2024-06-11 09:24:53.236 [info] [Info  - 9:24:53 AM] (488) Setting pythonPath for service "ndao": "/bin/python3"
2024-06-11 09:24:53.236 [info] [Info  - 9:24:53 AM] (488) Setting environmentName for service "ndao": "3.8.10 (global)"
2024-06-11 09:24:53.293 [info] [Info  - 9:24:53 AM] (488) Assuming Python version 3.8.10.final.0
2024-06-11 09:24:53.721 [info] [Info  - 9:24:53 AM] (488) No source files found.
2024-06-11 09:24:53.723 [info] Auto-Indent enabled
2024-06-11 09:24:53.739 [info] Auto-Indent enabled
2024-06-11 09:24:53.740 [info] [Info  - 9:24:53 AM] (488) Setting pythonPath for service "ndao": "/bin/python3"
2024-06-11 09:24:53.740 [info] [Info  - 9:24:53 AM] (488) Setting environmentName for service "ndao": "3.8.10 (global)"
2024-06-11 09:24:53.974 [info] [Info  - 9:24:53 AM] (488) Assuming Python version 3.8.10.final.0
2024-06-11 09:24:54.317 [info] [Info  - 9:24:54 AM] (488) No source files found.
2024-06-11 09:24:54.318 [info] Auto-Indent enabled
2024-06-11 09:24:54.341 [info] Auto-Indent enabled
2024-06-11 09:24:54.341 [info] [Info  - 9:24:54 AM] (488) Setting pythonPath for service "ndao": "/bin/python3"
2024-06-11 09:24:54.341 [info] [Info  - 9:24:54 AM] (488) Setting environmentName for service "ndao": "3.8.10 (global)"
2024-06-11 09:24:54.386 [info] [Info  - 9:24:54 AM] (488) Assuming Python version 3.8.10.final.0
2024-06-11 09:24:54.687 [info] [Info  - 9:24:54 AM] (488) No source files found.
2024-06-11 09:24:54.688 [info] Auto-Indent enabled
