2024-07-04 08:33:09.904 [info] Experiment 'pythonCreateEnvOnPipInstall' is active
2024-07-04 08:33:09.904 [info] Experiment 'pythonRecommendTensorboardExt' is active
2024-07-04 08:33:09.904 [info] Experiment 'pythonTerminalEnvVarActivation' is active
2024-07-04 08:33:09.904 [info] Experiment 'pythonTestAdapter' is active
2024-07-04 08:33:09.904 [info] Default formatter is set to null for workspace /home/ndao/DB_Provisionning
2024-07-04 08:33:09.904 [info] Python interpreter path: /bin/python3
2024-07-04 08:33:09.964 [info] > pyenv which python
2024-07-04 08:33:09.964 [info] cwd: .
2024-07-04 08:33:12.145 [info] Starting Pylance language server.
2024-07-04 11:26:57.281 [info] Discover tests for workspace name: undefined - uri: c:/Users/dalom/AppData/Roaming/Code/User/settings.json
2024-07-04 11:26:57.631 [info] Discover tests for workspace name: undefined - uri: c:/Users/dalom/AppData/Roaming/Code/User/settings.json
2024-07-04 11:26:57.982 [info] Discover tests for workspace name: undefined - uri: c:/Users/dalom/AppData/Roaming/Code/User/settings.json
2024-07-04 11:26:59.808 [info] Discover tests for workspace name: undefined - uri: c:/Users/dalom/AppData/Roaming/Code/User/settings.json
2024-07-04 11:28:16.227 [info] Discover tests for workspace name: undefined - uri: c:/Users/dalom/AppData/Roaming/Code/User/settings.json
2024-07-04 11:28:16.607 [info] Discover tests for workspace name: undefined - uri: c:/Users/dalom/AppData/Roaming/Code/User/settings.json
2024-07-04 11:38:51.512 [info] Discover tests for workspace name: undefined - uri: c:/Users/dalom/AppData/Roaming/Code/User/settings.json
2024-07-04 11:38:52.160 [info] Discover tests for workspace name: undefined - uri: c:/Users/dalom/AppData/Roaming/Code/User/settings.json
2024-07-04 11:38:52.584 [info] Discover tests for workspace name: undefined - uri: c:/Users/dalom/AppData/Roaming/Code/User/settings.json
2024-07-04 11:38:54.969 [info] Discover tests for workspace name: undefined - uri: c:/Users/dalom/AppData/Roaming/Code/User/settings.json
2024-07-04 11:38:55.310 [info] Discover tests for workspace name: undefined - uri: c:/Users/dalom/AppData/Roaming/Code/User/settings.json
2024-07-04 11:38:59.502 [info] Discover tests for workspace name: undefined - uri: c:/Users/dalom/AppData/Roaming/Code/User/settings.json
2024-07-04 11:38:59.922 [info] Discover tests for workspace name: undefined - uri: c:/Users/dalom/AppData/Roaming/Code/User/settings.json
2024-07-04 11:39:00.445 [info] Discover tests for workspace name: undefined - uri: c:/Users/dalom/AppData/Roaming/Code/User/settings.json
2024-07-04 11:39:00.697 [info] Discover tests for workspace name: undefined - uri: c:/Users/dalom/AppData/Roaming/Code/User/settings.json
2024-07-04 11:39:02.179 [info] Discover tests for workspace name: undefined - uri: c:/Users/dalom/AppData/Roaming/Code/User/settings.json
2024-07-04 11:39:03.017 [info] Discover tests for workspace name: undefined - uri: c:/Users/dalom/AppData/Roaming/Code/User/settings.json
2024-07-04 11:41:16.584 [info] Discover tests for workspace name: undefined - uri: c:/Users/dalom/AppData/Roaming/Code/User/settings.json
2024-07-04 11:41:27.083 [info] Discover tests for workspace name: undefined - uri: c:/Users/dalom/AppData/Roaming/Code/User/settings.json
2024-07-04 11:41:33.478 [info] Discover tests for workspace name: undefined - uri: c:/Users/dalom/AppData/Roaming/Code/User/settings.json
2024-07-04 11:41:37.011 [info] Discover tests for workspace name: undefined - uri: c:/Users/dalom/AppData/Roaming/Code/User/settings.json
2024-07-04 11:41:37.844 [info] Discover tests for workspace name: undefined - uri: c:/Users/dalom/AppData/Roaming/Code/User/settings.json
2024-07-04 11:41:38.122 [info] Discover tests for workspace name: undefined - uri: c:/Users/dalom/AppData/Roaming/Code/User/settings.json
2024-07-04 11:41:41.641 [info] Discover tests for workspace name: undefined - uri: c:/Users/dalom/AppData/Roaming/Code/User/settings.json
