2024-07-04 08:33:11.605 [info] (Client) Pylance async client (2024.6.1) started with python extension (2024.8.1)
2024-07-04 08:33:12.100 [info] [Info  - 8:33:12 AM] (338) Pylance language server 2024.6.1 (pyright version 1.1.364, commit 0618acc5) starting
2024-07-04 08:33:12.101 [info] [Info  - 8:33:12 AM] (338) Server root directory: file:///home/ndao/.vscode-server/extensions/ms-python.vscode-pylance-2024.6.1/dist
2024-07-04 08:33:12.113 [info] [Info  - 8:33:12 AM] (338) Starting service instance "DB_Provisionning"
2024-07-04 08:33:12.153 [info] Auto-Indent enabled
2024-07-04 08:33:12.179 [info] Auto-Indent enabled
2024-07-04 08:33:12.180 [info] [Info  - 8:33:12 AM] (338) Setting pythonPath for service "DB_Provisionning": "/bin/python3"
2024-07-04 08:33:12.180 [info] [Info  - 8:33:12 AM] (338) Setting environmentName for service "DB_Provisionning": "3.8.10 (global)"
2024-07-04 08:33:12.223 [info] [Info  - 8:33:12 AM] (338) Assuming Python version 3.8.10.final.0
2024-07-04 08:33:12.610 [info] [Info  - 8:33:12 AM] (338) No source files found.
2024-07-04 08:33:12.617 [info] Auto-Indent enabled
2024-07-04 08:33:12.960 [info] [Info  - 8:33:12 AM] (338) Background analysis(1) root directory: file:///home/ndao/.vscode-server/extensions/ms-python.vscode-pylance-2024.6.1/dist
2024-07-04 08:33:12.962 [info] [Info  - 8:33:12 AM] (338) Background analysis(1) started
2024-07-04 11:26:57.451 [info] Auto-Indent enabled
2024-07-04 11:26:57.462 [info] [Info  - 11:26:57 AM] (338) Setting pythonPath for service "DB_Provisionning": "/bin/python3"
2024-07-04 11:26:57.463 [info] [Info  - 11:26:57 AM] (338) Setting environmentName for service "DB_Provisionning": "3.8.10 (global)"
2024-07-04 11:26:57.626 [info] [Info  - 11:26:57 AM] (338) Assuming Python version 3.8.10.final.0
2024-07-04 11:26:57.849 [info] [Info  - 11:26:57 AM] (338) No source files found.
2024-07-04 11:26:57.856 [info] Auto-Indent enabled
2024-07-04 11:26:57.884 [info] Auto-Indent enabled
2024-07-04 11:26:58.085 [info] [Info  - 11:26:58 AM] (338) Setting pythonPath for service "DB_Provisionning": "/bin/python3"
2024-07-04 11:26:58.087 [info] [Info  - 11:26:58 AM] (338) Setting environmentName for service "DB_Provisionning": "3.8.10 (global)"
2024-07-04 11:26:58.088 [info] [Info  - 11:26:58 AM] (338) Assuming Python version 3.8.10.final.0
2024-07-04 11:26:58.192 [info] [Info  - 11:26:58 AM] (338) No source files found.
2024-07-04 11:26:58.193 [info] Auto-Indent enabled
2024-07-04 11:26:58.200 [info] Auto-Indent enabled
2024-07-04 11:26:58.201 [info] [Info  - 11:26:58 AM] (338) Setting pythonPath for service "DB_Provisionning": "/bin/python3"
2024-07-04 11:26:58.201 [info] [Info  - 11:26:58 AM] (338) Setting environmentName for service "DB_Provisionning": "3.8.10 (global)"
2024-07-04 11:26:58.226 [info] [Info  - 11:26:58 AM] (338) Assuming Python version 3.8.10.final.0
2024-07-04 11:26:58.507 [info] [Info  - 11:26:58 AM] (338) No source files found.
2024-07-04 11:26:58.508 [info] Auto-Indent enabled
2024-07-04 11:26:59.688 [info] Auto-Indent enabled
2024-07-04 11:26:59.689 [info] [Info  - 11:26:59 AM] (338) Setting pythonPath for service "DB_Provisionning": "/bin/python3"
2024-07-04 11:26:59.689 [info] [Info  - 11:26:59 AM] (338) Setting environmentName for service "DB_Provisionning": "3.8.10 (global)"
2024-07-04 11:26:59.738 [info] [Info  - 11:26:59 AM] (338) Assuming Python version 3.8.10.final.0
2024-07-04 11:26:59.946 [info] [Info  - 11:26:59 AM] (338) No source files found.
2024-07-04 11:26:59.948 [info] Auto-Indent enabled
2024-07-04 11:28:16.101 [info] Auto-Indent enabled
2024-07-04 11:28:16.102 [info] [Info  - 11:28:16 AM] (338) Setting pythonPath for service "DB_Provisionning": "/bin/python3"
2024-07-04 11:28:16.102 [info] [Info  - 11:28:16 AM] (338) Setting environmentName for service "DB_Provisionning": "3.8.10 (global)"
2024-07-04 11:28:16.127 [info] [Info  - 11:28:16 AM] (338) Assuming Python version 3.8.10.final.0
2024-07-04 11:28:16.497 [info] [Info  - 11:28:16 AM] (338) No source files found.
2024-07-04 11:28:16.509 [info] Auto-Indent enabled
2024-07-04 11:28:16.528 [info] Auto-Indent enabled
2024-07-04 11:28:16.528 [info] [Info  - 11:28:16 AM] (338) Setting pythonPath for service "DB_Provisionning": "/bin/python3"
2024-07-04 11:28:16.528 [info] [Info  - 11:28:16 AM] (338) Setting environmentName for service "DB_Provisionning": "3.8.10 (global)"
2024-07-04 11:28:16.564 [info] [Info  - 11:28:16 AM] (338) Assuming Python version 3.8.10.final.0
2024-07-04 11:28:16.791 [info] [Info  - 11:28:16 AM] (338) No source files found.
2024-07-04 11:28:16.793 [info] Auto-Indent enabled
2024-07-04 11:38:51.416 [info] Auto-Indent enabled
2024-07-04 11:38:51.416 [info] [Info  - 11:38:51 AM] (338) Setting pythonPath for service "DB_Provisionning": "/bin/python3"
2024-07-04 11:38:51.416 [info] [Info  - 11:38:51 AM] (338) Setting environmentName for service "DB_Provisionning": "3.8.10 (global)"
2024-07-04 11:38:51.445 [info] [Info  - 11:38:51 AM] (338) Assuming Python version 3.8.10.final.0
2024-07-04 11:38:51.653 [info] [Info  - 11:38:51 AM] (338) No source files found.
2024-07-04 11:38:51.654 [info] Auto-Indent enabled
2024-07-04 11:38:51.997 [info] Auto-Indent enabled
2024-07-04 11:38:51.998 [info] [Info  - 11:38:51 AM] (338) Setting pythonPath for service "DB_Provisionning": "/bin/python3"
2024-07-04 11:38:51.998 [info] [Info  - 11:38:51 AM] (338) Setting environmentName for service "DB_Provisionning": "3.8.10 (global)"
2024-07-04 11:38:52.029 [info] [Info  - 11:38:52 AM] (338) Assuming Python version 3.8.10.final.0
2024-07-04 11:38:52.524 [info] [Info  - 11:38:52 AM] (338) No source files found.
2024-07-04 11:38:52.526 [info] Auto-Indent enabled
2024-07-04 11:38:52.542 [info] Auto-Indent enabled
2024-07-04 11:38:52.542 [info] [Info  - 11:38:52 AM] (338) Setting pythonPath for service "DB_Provisionning": "/bin/python3"
2024-07-04 11:38:52.542 [info] [Info  - 11:38:52 AM] (338) Setting environmentName for service "DB_Provisionning": "3.8.10 (global)"
2024-07-04 11:38:52.571 [info] [Info  - 11:38:52 AM] (338) Assuming Python version 3.8.10.final.0
2024-07-04 11:38:52.823 [info] [Info  - 11:38:52 AM] (338) No source files found.
2024-07-04 11:38:52.824 [info] Auto-Indent enabled
2024-07-04 11:38:54.785 [info] Auto-Indent enabled
2024-07-04 11:38:54.785 [info] [Info  - 11:38:54 AM] (338) Setting pythonPath for service "DB_Provisionning": "/bin/python3"
2024-07-04 11:38:54.785 [info] [Info  - 11:38:54 AM] (338) Setting environmentName for service "DB_Provisionning": "3.8.10 (global)"
2024-07-04 11:38:54.809 [info] [Info  - 11:38:54 AM] (338) Assuming Python version 3.8.10.final.0
2024-07-04 11:38:55.167 [info] [Info  - 11:38:55 AM] (338) No source files found.
2024-07-04 11:38:55.172 [info] Auto-Indent enabled
2024-07-04 11:38:55.191 [info] Auto-Indent enabled
2024-07-04 11:38:55.192 [info] [Info  - 11:38:55 AM] (338) Setting pythonPath for service "DB_Provisionning": "/bin/python3"
2024-07-04 11:38:55.192 [info] [Info  - 11:38:55 AM] (338) Setting environmentName for service "DB_Provisionning": "3.8.10 (global)"
2024-07-04 11:38:55.231 [info] [Info  - 11:38:55 AM] (338) Assuming Python version 3.8.10.final.0
2024-07-04 11:38:55.461 [info] [Info  - 11:38:55 AM] (338) No source files found.
2024-07-04 11:38:55.462 [info] Auto-Indent enabled
2024-07-04 11:38:59.365 [info] Auto-Indent enabled
2024-07-04 11:38:59.365 [info] [Info  - 11:38:59 AM] (338) Setting pythonPath for service "DB_Provisionning": "/bin/python3"
2024-07-04 11:38:59.365 [info] [Info  - 11:38:59 AM] (338) Setting environmentName for service "DB_Provisionning": "3.8.10 (global)"
2024-07-04 11:38:59.397 [info] [Info  - 11:38:59 AM] (338) Assuming Python version 3.8.10.final.0
2024-07-04 11:38:59.920 [info] [Info  - 11:38:59 AM] (338) No source files found.
2024-07-04 11:38:59.925 [info] Auto-Indent enabled
2024-07-04 11:39:00.058 [info] Auto-Indent enabled
2024-07-04 11:39:00.069 [info] [Info  - 11:39:00 AM] (338) Setting pythonPath for service "DB_Provisionning": "/bin/python3"
2024-07-04 11:39:00.069 [info] [Info  - 11:39:00 AM] (338) Setting environmentName for service "DB_Provisionning": "3.8.10 (global)"
2024-07-04 11:39:00.081 [info] [Info  - 11:39:00 AM] (338) Assuming Python version 3.8.10.final.0
2024-07-04 11:39:00.567 [info] [Info  - 11:39:00 AM] (338) No source files found.
2024-07-04 11:39:00.576 [info] Auto-Indent enabled
2024-07-04 11:39:00.609 [info] Auto-Indent enabled
2024-07-04 11:39:00.609 [info] [Info  - 11:39:00 AM] (338) Setting pythonPath for service "DB_Provisionning": "/bin/python3"
2024-07-04 11:39:00.610 [info] [Info  - 11:39:00 AM] (338) Setting environmentName for service "DB_Provisionning": "3.8.10 (global)"
2024-07-04 11:39:00.651 [info] [Info  - 11:39:00 AM] (338) Assuming Python version 3.8.10.final.0
2024-07-04 11:39:00.893 [info] [Info  - 11:39:00 AM] (338) No source files found.
2024-07-04 11:39:00.894 [info] Auto-Indent enabled
2024-07-04 11:39:00.894 [info] Auto-Indent enabled
2024-07-04 11:39:00.895 [info] [Info  - 11:39:00 AM] (338) Setting pythonPath for service "DB_Provisionning": "/bin/python3"
2024-07-04 11:39:00.895 [info] [Info  - 11:39:00 AM] (338) Setting environmentName for service "DB_Provisionning": "3.8.10 (global)"
2024-07-04 11:39:00.895 [info] [Info  - 11:39:00 AM] (338) Assuming Python version 3.8.10.final.0
2024-07-04 11:39:01.120 [info] [Info  - 11:39:01 AM] (338) No source files found.
2024-07-04 11:39:01.121 [info] Auto-Indent enabled
2024-07-04 11:39:02.088 [info] Auto-Indent enabled
2024-07-04 11:39:02.088 [info] [Info  - 11:39:02 AM] (338) Setting pythonPath for service "DB_Provisionning": "/bin/python3"
2024-07-04 11:39:02.088 [info] [Info  - 11:39:02 AM] (338) Setting environmentName for service "DB_Provisionning": "3.8.10 (global)"
2024-07-04 11:39:02.125 [info] [Info  - 11:39:02 AM] (338) Assuming Python version 3.8.10.final.0
2024-07-04 11:39:02.375 [info] [Info  - 11:39:02 AM] (338) No source files found.
2024-07-04 11:39:02.376 [info] Auto-Indent enabled
2024-07-04 11:39:02.939 [info] Auto-Indent enabled
2024-07-04 11:39:02.939 [info] [Info  - 11:39:02 AM] (338) Setting pythonPath for service "DB_Provisionning": "/bin/python3"
2024-07-04 11:39:02.939 [info] [Info  - 11:39:02 AM] (338) Setting environmentName for service "DB_Provisionning": "3.8.10 (global)"
2024-07-04 11:39:02.989 [info] [Info  - 11:39:02 AM] (338) Assuming Python version 3.8.10.final.0
2024-07-04 11:39:03.201 [info] [Info  - 11:39:03 AM] (338) No source files found.
2024-07-04 11:39:03.204 [info] Auto-Indent enabled
2024-07-04 11:41:16.502 [info] Auto-Indent enabled
2024-07-04 11:41:16.541 [info] [Info  - 11:41:16 AM] (338) Setting pythonPath for service "DB_Provisionning": "/bin/python3"
2024-07-04 11:41:16.543 [info] [Info  - 11:41:16 AM] (338) Setting environmentName for service "DB_Provisionning": "3.8.10 (global)"
2024-07-04 11:41:16.544 [info] [Info  - 11:41:16 AM] (338) Assuming Python version 3.8.10.final.0
2024-07-04 11:41:16.747 [info] [Info  - 11:41:16 AM] (338) No source files found.
2024-07-04 11:41:16.748 [info] Auto-Indent enabled
2024-07-04 11:41:26.975 [info] Auto-Indent enabled
2024-07-04 11:41:26.976 [info] [Info  - 11:41:26 AM] (338) Setting pythonPath for service "DB_Provisionning": "/bin/python3"
2024-07-04 11:41:26.976 [info] [Info  - 11:41:26 AM] (338) Setting environmentName for service "DB_Provisionning": "3.8.10 (global)"
2024-07-04 11:41:26.999 [info] [Info  - 11:41:26 AM] (338) Assuming Python version 3.8.10.final.0
2024-07-04 11:41:27.206 [info] [Info  - 11:41:27 AM] (338) No source files found.
2024-07-04 11:41:27.207 [info] Auto-Indent enabled
2024-07-04 11:41:33.615 [info] Auto-Indent enabled
2024-07-04 11:41:33.620 [info] [Info  - 11:41:33 AM] (338) Setting pythonPath for service "DB_Provisionning": "/bin/python3"
2024-07-04 11:41:33.620 [info] [Info  - 11:41:33 AM] (338) Setting environmentName for service "DB_Provisionning": "3.8.10 (global)"
2024-07-04 11:41:33.661 [info] [Info  - 11:41:33 AM] (338) Assuming Python version 3.8.10.final.0
2024-07-04 11:41:33.879 [info] [Info  - 11:41:33 AM] (338) No source files found.
2024-07-04 11:41:33.880 [info] Auto-Indent enabled
2024-07-04 11:41:36.887 [info] Auto-Indent enabled
2024-07-04 11:41:36.888 [info] [Info  - 11:41:36 AM] (338) Setting pythonPath for service "DB_Provisionning": "/bin/python3"
2024-07-04 11:41:36.889 [info] [Info  - 11:41:36 AM] (338) Setting environmentName for service "DB_Provisionning": "3.8.10 (global)"
2024-07-04 11:41:36.921 [info] [Info  - 11:41:36 AM] (338) Assuming Python version 3.8.10.final.0
2024-07-04 11:41:37.079 [info] [Info  - 11:41:37 AM] (338) No source files found.
2024-07-04 11:41:37.080 [info] Auto-Indent enabled
2024-07-04 11:41:37.701 [info] Auto-Indent enabled
2024-07-04 11:41:37.703 [info] [Info  - 11:41:37 AM] (338) Setting pythonPath for service "DB_Provisionning": "/bin/python3"
2024-07-04 11:41:37.704 [info] [Info  - 11:41:37 AM] (338) Setting environmentName for service "DB_Provisionning": "3.8.10 (global)"
2024-07-04 11:41:37.739 [info] [Info  - 11:41:37 AM] (338) Assuming Python version 3.8.10.final.0
2024-07-04 11:41:38.029 [info] [Info  - 11:41:38 AM] (338) No source files found.
2024-07-04 11:41:38.089 [info] Auto-Indent enabled
2024-07-04 11:41:38.107 [info] Auto-Indent enabled
2024-07-04 11:41:38.108 [info] [Info  - 11:41:38 AM] (338) Setting pythonPath for service "DB_Provisionning": "/bin/python3"
2024-07-04 11:41:38.108 [info] [Info  - 11:41:38 AM] (338) Setting environmentName for service "DB_Provisionning": "3.8.10 (global)"
2024-07-04 11:41:38.136 [info] [Info  - 11:41:38 AM] (338) Assuming Python version 3.8.10.final.0
2024-07-04 11:41:38.368 [info] [Info  - 11:41:38 AM] (338) No source files found.
2024-07-04 11:41:38.370 [info] Auto-Indent enabled
2024-07-04 11:41:41.525 [info] Auto-Indent enabled
2024-07-04 11:41:41.525 [info] [Info  - 11:41:41 AM] (338) Setting pythonPath for service "DB_Provisionning": "/bin/python3"
2024-07-04 11:41:41.525 [info] [Info  - 11:41:41 AM] (338) Setting environmentName for service "DB_Provisionning": "3.8.10 (global)"
2024-07-04 11:41:41.547 [info] [Info  - 11:41:41 AM] (338) Assuming Python version 3.8.10.final.0
2024-07-04 11:41:41.701 [info] [Info  - 11:41:41 AM] (338) No source files found.
2024-07-04 11:41:41.702 [info] Auto-Indent enabled
