2024-07-02 07:52:49.885 [info] Log level: Info
2024-07-02 07:52:49.885 [info] Validating found git in: "git"
2024-07-02 07:52:49.885 [info] Using git "2.25.1" from "git"
2024-07-02 07:52:49.885 [info] > git rev-parse --show-toplevel [39ms]
2024-07-02 07:52:49.885 [info] > git rev-parse --git-dir --git-common-dir [37ms]
2024-07-02 07:52:49.885 [info] Open repository: /home/ndao
2024-07-02 07:52:49.886 [info] > git rev-parse --show-toplevel [18ms]
2024-07-02 07:52:49.887 [info] > git config --get commit.template [21ms]
2024-07-02 07:52:50.003 [info] > git rev-parse --show-toplevel [88ms]
2024-07-02 07:52:50.026 [info] > git for-each-ref --format=%(refname)%00%(upstream:short)%00%(objectname)%00%(upstream:track)%00%(upstream:remotename)%00%(upstream:remoteref) refs/heads/main refs/remotes/main [91ms]
2024-07-02 07:52:50.352 [info] > git rev-parse --show-toplevel [331ms]
2024-07-02 07:52:50.400 [info] > git rev-parse --show-toplevel [40ms]
2024-07-02 07:52:50.415 [info] > git rev-parse --show-toplevel [4ms]
2024-07-02 07:52:50.423 [info] > git rev-parse --show-toplevel [3ms]
2024-07-02 07:52:50.434 [info] > git rev-parse --show-toplevel [6ms]
2024-07-02 07:52:50.466 [info] > git rev-parse --show-toplevel [12ms]
2024-07-02 07:52:50.541 [info] > git check-ignore -v -z --stdin [77ms]
2024-07-02 07:52:50.543 [info] > git rev-parse --show-toplevel [15ms]
2024-07-02 07:52:50.553 [info] > git rev-parse --show-toplevel [3ms]
2024-07-02 07:52:50.560 [info] > git rev-parse --git-dir --git-common-dir [2ms]
2024-07-02 07:52:50.567 [info] Open repository: /home/ndao/DB_Provisionning
2024-07-02 07:52:50.582 [info] > git status -z -uall [175ms]
2024-07-02 07:52:50.718 [info] > git merge-base refs/heads/main refs/remotes/origin/main [129ms]
2024-07-02 07:52:50.722 [info] > git rev-parse --show-toplevel [145ms]
2024-07-02 07:52:50.733 [info] > git config --get commit.template [160ms]
2024-07-02 07:52:50.823 [info] > git show --textconv :Github.yml [95ms]
2024-07-02 07:52:50.824 [info] > git ls-files --stage -- /home/ndao/Github.yml [91ms]
2024-07-02 07:52:50.827 [info] > git rev-list --count --left-right refs/heads/main...refs/remotes/origin/main [105ms]
2024-07-02 07:52:50.831 [info] > git config --get commit.template [179ms]
2024-07-02 07:52:50.844 [info] > git diff --name-status -z --diff-filter=ADMR 77fda8b212d59bf6bba373942b101836637d35a7...refs/remotes/origin/main [13ms]
2024-07-02 07:52:50.845 [info] > git cat-file -s 56f1162f3f877434a737cd33e23f6ab8dfdbf9ee [19ms]
2024-07-02 07:52:50.851 [info] > git for-each-ref --format=%(refname)%00%(upstream:short)%00%(objectname)%00%(upstream:track)%00%(upstream:remotename)%00%(upstream:remoteref) refs/heads/dev refs/remotes/dev [12ms]
2024-07-02 07:52:50.857 [info] > git for-each-ref --format=%(refname)%00%(upstream:short)%00%(objectname)%00%(upstream:track)%00%(upstream:remotename)%00%(upstream:remoteref) refs/heads/main refs/remotes/main [8ms]
2024-07-02 07:52:50.868 [info] > git status -z -uall [6ms]
2024-07-02 07:52:50.888 [info] > git merge-base refs/heads/dev refs/remotes/origin/dev [11ms]
2024-07-02 07:52:50.899 [info] > git config --get commit.template [11ms]
2024-07-02 07:52:50.900 [info] > git rev-list --count --left-right refs/heads/dev...refs/remotes/origin/dev [8ms]
2024-07-02 07:52:50.910 [info] > git diff --name-status -z --diff-filter=ADMR cbda5240216687deb73164da78c137c3944a9543...refs/remotes/origin/dev [6ms]
2024-07-02 07:52:50.915 [info] > git for-each-ref --format=%(refname)%00%(upstream:short)%00%(objectname)%00%(upstream:track)%00%(upstream:remotename)%00%(upstream:remoteref) refs/heads/dev refs/remotes/dev [6ms]
2024-07-02 07:52:50.924 [info] > git status -z -uall [2ms]
2024-07-02 07:52:50.967 [info] > git status -z -uall [100ms]
2024-07-02 07:52:51.234 [info] > git check-ignore -v -z --stdin [16ms]
2024-07-02 07:52:51.564 [info] > git ls-files --stage -- /home/ndao/mysql_setup/mysql_setup.yml [5ms]
2024-07-02 07:52:51.566 [info] > git show --textconv :mysql_setup/mysql_setup.yml [9ms]
2024-07-02 07:52:51.567 [info] > git cat-file -s 23a894eae0299e250a8752ebd994ab7d1186b491 [1ms]
2024-07-02 07:52:53.265 [info] > git config --get commit.template [4ms]
2024-07-02 07:52:53.265 [info] > git for-each-ref --format=%(refname)%00%(upstream:short)%00%(objectname)%00%(upstream:track)%00%(upstream:remotename)%00%(upstream:remoteref) refs/heads/main refs/remotes/main [1ms]
2024-07-02 07:52:53.330 [info] > git status -z -uall [61ms]
2024-07-02 07:52:55.728 [info] > git ls-files --stage -- /home/ndao/mysql_setup/vars/credentials.yaml [5ms]
2024-07-02 07:52:55.731 [info] > git show --textconv :mysql_setup/vars/credentials.yaml [11ms]
2024-07-02 07:52:55.732 [info] > git cat-file -s 6c091cd9e9dda38e2bda2bfd899c0bd66ec00337 [1ms]
2024-07-02 07:52:57.926 [info] > git show --textconv :.bash_history [8ms]
2024-07-02 07:52:57.930 [info] > git ls-files --stage -- /home/ndao/.bash_history [6ms]
2024-07-02 07:52:57.934 [info] > git cat-file -s 837cc5c6cfeaa58952fa0f4d2bb393829772a9b0 [1ms]
2024-07-02 07:53:05.201 [info] > git show --textconv :mysql_setup/vars/credentials.yaml [4ms]
2024-07-02 07:53:05.204 [info] > git ls-files --stage -- /home/ndao/mysql_setup/vars/credentials.yaml [4ms]
2024-07-02 07:53:05.208 [info] > git cat-file -s 6c091cd9e9dda38e2bda2bfd899c0bd66ec00337 [1ms]
2024-07-02 07:53:06.246 [info] > git show --textconv :mysql_setup/vars/mysql_vars.yml [4ms]
2024-07-02 07:53:06.247 [info] > git ls-files --stage -- /home/ndao/mysql_setup/vars/mysql_vars.yml [3ms]
2024-07-02 07:53:06.250 [info] > git cat-file -s df0f224ba2f9eec3aaa9982340d05539c5b6ae2f [1ms]
2024-07-02 07:53:09.815 [info] > git ls-files --stage -- /home/ndao/mysql_setup/Clonedb.yml [6ms]
2024-07-02 07:53:09.820 [info] > git show --textconv :mysql_setup/Clonedb.yml [17ms]
2024-07-02 07:53:09.820 [info] > git cat-file -s 6e5a4d72f50c032439871113bd56bec85ab44ab4 [1ms]
2024-07-02 07:53:11.351 [info] > git show --textconv :mysql_setup/sql_loop.yml [4ms]
2024-07-02 07:53:11.352 [info] > git ls-files --stage -- /home/ndao/mysql_setup/sql_loop.yml [3ms]
2024-07-02 07:53:11.355 [info] > git cat-file -s 8430d9d68fc4704f57ee443ba1eb876da3265b87 [1ms]
