2024-05-27 07:18:20.537 [info] Extension host with pid 144 started
2024-05-27 07:18:20.655 [info] ExtensionService#_doActivateExtension vscode.emmet, startup: false, activationEvent: 'onLanguage'
2024-05-27 07:18:20.668 [info] ExtensionService#_doActivateExtension ms-python.python, startup: false, activationEvent: 'onLanguage:yaml', root cause: redhat.ansible
2024-05-27 07:18:20.674 [info] ExtensionService#_doActivateExtension redhat.vscode-yaml, startup: false, activationEvent: 'onLanguage:yaml', root cause: redhat.ansible
2024-05-27 07:18:22.375 [info] ExtensionService#_doActivateExtension vscode.git-base, startup: true, activationEvent: '*', root cause: vscode.git
2024-05-27 07:18:22.427 [info] Lock '/home/ndao/.vscode-server/data/User/workspaceStorage/38a21d1cb963b8ec61341b0b4eb2fb76/vscode.lock': Lock acquired.
2024-05-27 07:18:23.260 [info] ExtensionService#_doActivateExtension vscode.git, startup: true, activationEvent: '*'
2024-05-27 07:18:23.261 [info] ExtensionService#_doActivateExtension vscode.github, startup: true, activationEvent: '*'
2024-05-27 07:18:24.056 [info] ExtensionService#_doActivateExtension redhat.ansible, startup: false, activationEvent: 'onLanguage:yaml'
2024-05-27 07:18:25.083 [info] Eager extensions activated
2024-05-27 07:18:25.084 [info] ExtensionService#_doActivateExtension vscode.debug-auto-launch, startup: false, activationEvent: 'onStartupFinished'
2024-05-27 07:18:25.095 [info] ExtensionService#_doActivateExtension vscode.merge-conflict, startup: false, activationEvent: 'onStartupFinished'
2024-05-27 07:18:25.924 [warning] [redhat.vscode-yaml] Accessing a resource scoped configuration without providing a resource is not expected. To get the effective value for '[yaml]', provide the URI of a resource or 'null' for any resource.
2024-05-27 07:18:25.957 [warning] [redhat.vscode-yaml] Accessing a resource scoped configuration without providing a resource is not expected. To get the effective value for '[yaml]', provide the URI of a resource or 'null' for any resource.
2024-05-27 07:18:26.890 [info] ExtensionService#_doActivateExtension ms-python.vscode-pylance, startup: false, activationEvent: 'api', root cause: ms-python.python
2024-05-27 07:21:25.352 [info] ExtensionService#_doActivateExtension vscode.npm, startup: false, activationEvent: 'onTerminalQuickFixRequest:ms-vscode.npm-command'
2024-05-27 09:22:30.225 [warning] [Decorations] CAPPING events from decorations provider vscode.git 251
2024-05-27 09:22:35.448 [warning] [Decorations] CAPPING events from decorations provider vscode.git 251
2024-05-27 09:22:40.647 [warning] [Decorations] CAPPING events from decorations provider vscode.git 251
2024-05-27 09:22:45.836 [warning] [Decorations] CAPPING events from decorations provider vscode.git 251
2024-05-27 09:22:51.040 [warning] [Decorations] CAPPING events from decorations provider vscode.git 251
2024-05-27 09:22:56.231 [warning] [Decorations] CAPPING events from decorations provider vscode.git 251
2024-05-27 09:23:01.513 [warning] [Decorations] CAPPING events from decorations provider vscode.git 251
2024-05-27 09:23:06.638 [warning] [Decorations] CAPPING events from decorations provider vscode.git 251
2024-05-27 09:23:11.888 [warning] [Decorations] CAPPING events from decorations provider vscode.git 251
2024-05-27 09:23:17.016 [warning] [Decorations] CAPPING events from decorations provider vscode.git 251
2024-05-27 09:23:22.306 [warning] [Decorations] CAPPING events from decorations provider vscode.git 251
2024-05-27 09:23:27.445 [warning] [Decorations] CAPPING events from decorations provider vscode.git 251
2024-05-27 09:23:32.705 [warning] [Decorations] CAPPING events from decorations provider vscode.git 251
2024-05-27 09:23:37.977 [warning] [Decorations] CAPPING events from decorations provider vscode.git 251
2024-05-27 09:23:43.275 [warning] [Decorations] CAPPING events from decorations provider vscode.git 251
2024-05-27 09:23:48.451 [warning] [Decorations] CAPPING events from decorations provider vscode.git 251
2024-05-27 09:23:53.658 [warning] [Decorations] CAPPING events from decorations provider vscode.git 251
2024-05-27 09:23:58.807 [warning] [Decorations] CAPPING events from decorations provider vscode.git 251
2024-05-27 09:24:03.995 [warning] [Decorations] CAPPING events from decorations provider vscode.git 251
2024-05-27 09:24:09.178 [warning] [Decorations] CAPPING events from decorations provider vscode.git 251
2024-05-27 09:24:14.421 [warning] [Decorations] CAPPING events from decorations provider vscode.git 251
2024-05-27 09:24:19.679 [warning] [Decorations] CAPPING events from decorations provider vscode.git 251
2024-05-27 09:24:24.904 [warning] [Decorations] CAPPING events from decorations provider vscode.git 251
2024-05-27 09:24:30.091 [warning] [Decorations] CAPPING events from decorations provider vscode.git 251
2024-05-27 09:24:35.312 [warning] [Decorations] CAPPING events from decorations provider vscode.git 251
2024-05-27 09:24:40.541 [warning] [Decorations] CAPPING events from decorations provider vscode.git 251
2024-05-27 09:24:45.673 [warning] [Decorations] CAPPING events from decorations provider vscode.git 251
2024-05-27 09:24:50.951 [warning] [Decorations] CAPPING events from decorations provider vscode.git 251
2024-05-27 09:24:56.301 [warning] [Decorations] CAPPING events from decorations provider vscode.git 251
2024-05-27 09:25:01.496 [warning] [Decorations] CAPPING events from decorations provider vscode.git 251
2024-05-27 09:25:06.674 [warning] [Decorations] CAPPING events from decorations provider vscode.git 251
2024-05-27 09:25:11.934 [warning] [Decorations] CAPPING events from decorations provider vscode.git 251
2024-05-27 09:25:17.122 [warning] [Decorations] CAPPING events from decorations provider vscode.git 251
2024-05-27 09:25:22.381 [warning] [Decorations] CAPPING events from decorations provider vscode.git 251
2024-05-27 09:25:27.648 [warning] [Decorations] CAPPING events from decorations provider vscode.git 251
2024-05-27 09:25:32.956 [warning] [Decorations] CAPPING events from decorations provider vscode.git 251
2024-05-27 09:25:38.088 [warning] [Decorations] CAPPING events from decorations provider vscode.git 251
2024-05-27 09:25:43.240 [warning] [Decorations] CAPPING events from decorations provider vscode.git 251
2024-05-27 09:25:48.520 [warning] [Decorations] CAPPING events from decorations provider vscode.git 251
2024-05-27 09:25:53.727 [warning] [Decorations] CAPPING events from decorations provider vscode.git 251
2024-05-27 09:25:58.914 [warning] [Decorations] CAPPING events from decorations provider vscode.git 251
2024-05-27 09:26:04.288 [warning] [Decorations] CAPPING events from decorations provider vscode.git 251
2024-05-27 09:34:06.169 [warning] [Decorations] CAPPING events from decorations provider vscode.git 251
2024-05-27 09:34:11.317 [warning] [Decorations] CAPPING events from decorations provider vscode.git 251
2024-05-27 09:34:16.535 [warning] [Decorations] CAPPING events from decorations provider vscode.git 251
2024-05-27 09:34:21.765 [warning] [Decorations] CAPPING events from decorations provider vscode.git 251
2024-05-27 09:37:56.181 [warning] [Decorations] CAPPING events from decorations provider vscode.git 251
2024-05-27 09:40:13.984 [warning] [Decorations] CAPPING events from decorations provider vscode.git 251
2024-05-27 09:40:19.209 [warning] [Decorations] CAPPING events from decorations provider vscode.git 251
2024-05-27 10:01:57.267 [warning] [Decorations] CAPPING events from decorations provider vscode.git 251
2024-05-27 10:02:02.510 [warning] [Decorations] CAPPING events from decorations provider vscode.git 251
2024-05-27 10:02:07.686 [warning] [Decorations] CAPPING events from decorations provider vscode.git 251
2024-05-27 10:02:12.873 [warning] [Decorations] CAPPING events from decorations provider vscode.git 251
2024-05-27 10:02:18.042 [warning] [Decorations] CAPPING events from decorations provider vscode.git 251
2024-05-27 10:02:23.245 [warning] [Decorations] CAPPING events from decorations provider vscode.git 251
2024-05-27 10:02:28.431 [warning] [Decorations] CAPPING events from decorations provider vscode.git 251
2024-05-27 10:02:33.639 [warning] [Decorations] CAPPING events from decorations provider vscode.git 251
2024-05-27 10:02:38.964 [warning] [Decorations] CAPPING events from decorations provider vscode.git 251
2024-05-27 10:09:07.971 [warning] [Decorations] CAPPING events from decorations provider vscode.git 251
2024-05-27 10:09:13.243 [warning] [Decorations] CAPPING events from decorations provider vscode.git 251
2024-05-27 10:09:18.449 [warning] [Decorations] CAPPING events from decorations provider vscode.git 251
2024-05-27 10:29:52.987 [warning] [Decorations] CAPPING events from decorations provider vscode.git 251
2024-05-27 10:29:58.165 [warning] [Decorations] CAPPING events from decorations provider vscode.git 251
2024-05-27 10:30:15.746 [warning] [Decorations] CAPPING events from decorations provider vscode.git 251
2024-05-27 10:30:21.075 [warning] [Decorations] CAPPING events from decorations provider vscode.git 251
2024-05-27 10:30:26.270 [warning] [Decorations] CAPPING events from decorations provider vscode.git 251
2024-05-27 10:30:31.479 [warning] [Decorations] CAPPING events from decorations provider vscode.git 251
2024-05-27 10:30:36.605 [warning] [Decorations] CAPPING events from decorations provider vscode.git 251
2024-05-27 10:30:43.547 [warning] [Decorations] CAPPING events from decorations provider vscode.git 251
2024-05-27 10:30:48.830 [warning] [Decorations] CAPPING events from decorations provider vscode.git 251
2024-05-27 10:30:54.055 [warning] [Decorations] CAPPING events from decorations provider vscode.git 251
2024-05-27 10:31:16.200 [warning] [Decorations] CAPPING events from decorations provider vscode.git 251
