2024-06-25 08:11:14.170 [info] Extension host with pid 148 started
2024-06-25 08:11:14.170 [error] Error: EEXIST: file already exists, open '/home/ndao/.vscode-server/data/User/workspaceStorage/38a21d1cb963b8ec61341b0b4eb2fb76/vscode.lock'
2024-06-25 08:11:14.191 [info] Lock '/home/ndao/.vscode-server/data/User/workspaceStorage/38a21d1cb963b8ec61341b0b4eb2fb76/vscode.lock': Could not acquire lock, checking if the file is stale.
2024-06-25 08:11:14.208 [info] Lock '/home/ndao/.vscode-server/data/User/workspaceStorage/38a21d1cb963b8ec61341b0b4eb2fb76/vscode.lock': The pid 15644 appears to be gone.
2024-06-25 08:11:14.208 [info] Lock '/home/ndao/.vscode-server/data/User/workspaceStorage/38a21d1cb963b8ec61341b0b4eb2fb76/vscode.lock': Deleting a stale lock.
2024-06-25 08:11:14.251 [info] Lock '/home/ndao/.vscode-server/data/User/workspaceStorage/38a21d1cb963b8ec61341b0b4eb2fb76/vscode.lock': Lock acquired.
2024-06-25 08:11:14.359 [info] ExtensionService#_doActivateExtension vscode.emmet, startup: false, activationEvent: 'onLanguage'
2024-06-25 08:11:14.362 [info] ExtensionService#_doActivateExtension ms-python.python, startup: false, activationEvent: 'onLanguage:yaml', root cause: redhat.ansible
2024-06-25 08:11:14.365 [info] ExtensionService#_doActivateExtension redhat.vscode-yaml, startup: false, activationEvent: 'onLanguage:yaml', root cause: redhat.ansible
2024-06-25 08:11:16.136 [info] ExtensionService#_doActivateExtension vscode.git-base, startup: true, activationEvent: '*', root cause: vscode.git
2024-06-25 08:11:16.568 [info] ExtensionService#_doActivateExtension vscode.git, startup: true, activationEvent: '*'
2024-06-25 08:11:16.572 [info] ExtensionService#_doActivateExtension vscode.github, startup: true, activationEvent: '*'
2024-06-25 08:11:17.249 [info] ExtensionService#_doActivateExtension redhat.ansible, startup: false, activationEvent: 'onLanguage:yaml'
2024-06-25 08:11:17.690 [info] Eager extensions activated
2024-06-25 08:11:17.691 [info] ExtensionService#_doActivateExtension vscode.debug-auto-launch, startup: false, activationEvent: 'onStartupFinished'
2024-06-25 08:11:17.691 [info] ExtensionService#_doActivateExtension vscode.merge-conflict, startup: false, activationEvent: 'onStartupFinished'
2024-06-25 08:11:17.692 [info] ExtensionService#_doActivateExtension Bito.Bito, startup: false, activationEvent: 'onStartupFinished'
2024-06-25 08:11:21.538 [warning] [redhat.vscode-yaml] Accessing a resource scoped configuration without providing a resource is not expected. To get the effective value for '[yaml]', provide the URI of a resource or 'null' for any resource.
2024-06-25 08:11:21.562 [warning] [redhat.vscode-yaml] Accessing a resource scoped configuration without providing a resource is not expected. To get the effective value for '[yaml]', provide the URI of a resource or 'null' for any resource.
2024-06-25 08:11:22.235 [info] ExtensionService#_doActivateExtension ms-python.vscode-pylance, startup: false, activationEvent: 'api', root cause: ms-python.python
2024-06-25 08:57:00.067 [info] ExtensionService#_doActivateExtension vscode.json-language-features, startup: false, activationEvent: 'onLanguage:jsonc'
2024-06-25 08:57:00.070 [info] ExtensionService#_doActivateExtension vscode.typescript-language-features, startup: false, activationEvent: 'onLanguage:jsonc'
2024-06-25 08:57:00.751 [warning] [redhat.vscode-yaml] Accessing a resource scoped configuration without providing a resource is not expected. To get the effective value for '[yaml]', provide the URI of a resource or 'null' for any resource.
2024-06-25 08:57:07.007 [warning] [redhat.vscode-yaml] Accessing a resource scoped configuration without providing a resource is not expected. To get the effective value for '[yaml]', provide the URI of a resource or 'null' for any resource.
2024-06-25 09:02:12.163 [warning] [redhat.vscode-yaml] Accessing a resource scoped configuration without providing a resource is not expected. To get the effective value for '[yaml]', provide the URI of a resource or 'null' for any resource.
2024-06-25 09:02:12.393 [warning] [redhat.vscode-yaml] Accessing a resource scoped configuration without providing a resource is not expected. To get the effective value for '[yaml]', provide the URI of a resource or 'null' for any resource.
2024-06-25 09:02:12.765 [warning] [redhat.vscode-yaml] Accessing a resource scoped configuration without providing a resource is not expected. To get the effective value for '[yaml]', provide the URI of a resource or 'null' for any resource.
2024-06-25 09:02:14.870 [warning] [redhat.vscode-yaml] Accessing a resource scoped configuration without providing a resource is not expected. To get the effective value for '[yaml]', provide the URI of a resource or 'null' for any resource.
2024-06-25 09:12:15.790 [warning] [redhat.vscode-yaml] Accessing a resource scoped configuration without providing a resource is not expected. To get the effective value for '[yaml]', provide the URI of a resource or 'null' for any resource.
2024-06-25 09:12:18.900 [warning] [redhat.vscode-yaml] Accessing a resource scoped configuration without providing a resource is not expected. To get the effective value for '[yaml]', provide the URI of a resource or 'null' for any resource.
2024-06-25 09:13:33.738 [warning] [redhat.vscode-yaml] Accessing a resource scoped configuration without providing a resource is not expected. To get the effective value for '[yaml]', provide the URI of a resource or 'null' for any resource.
2024-06-25 09:13:34.201 [warning] [redhat.vscode-yaml] Accessing a resource scoped configuration without providing a resource is not expected. To get the effective value for '[yaml]', provide the URI of a resource or 'null' for any resource.
2024-06-25 09:13:34.669 [warning] [redhat.vscode-yaml] Accessing a resource scoped configuration without providing a resource is not expected. To get the effective value for '[yaml]', provide the URI of a resource or 'null' for any resource.
2024-06-25 09:13:34.827 [warning] [redhat.vscode-yaml] Accessing a resource scoped configuration without providing a resource is not expected. To get the effective value for '[yaml]', provide the URI of a resource or 'null' for any resource.
2024-06-25 09:13:35.177 [warning] [redhat.vscode-yaml] Accessing a resource scoped configuration without providing a resource is not expected. To get the effective value for '[yaml]', provide the URI of a resource or 'null' for any resource.
2024-06-25 09:13:35.598 [warning] [redhat.vscode-yaml] Accessing a resource scoped configuration without providing a resource is not expected. To get the effective value for '[yaml]', provide the URI of a resource or 'null' for any resource.
2024-06-25 09:13:36.063 [warning] [redhat.vscode-yaml] Accessing a resource scoped configuration without providing a resource is not expected. To get the effective value for '[yaml]', provide the URI of a resource or 'null' for any resource.
2024-06-25 09:13:36.916 [warning] [redhat.vscode-yaml] Accessing a resource scoped configuration without providing a resource is not expected. To get the effective value for '[yaml]', provide the URI of a resource or 'null' for any resource.
2024-06-25 09:13:37.399 [warning] [redhat.vscode-yaml] Accessing a resource scoped configuration without providing a resource is not expected. To get the effective value for '[yaml]', provide the URI of a resource or 'null' for any resource.
2024-06-25 09:13:38.093 [warning] [redhat.vscode-yaml] Accessing a resource scoped configuration without providing a resource is not expected. To get the effective value for '[yaml]', provide the URI of a resource or 'null' for any resource.
2024-06-25 09:13:43.899 [warning] [redhat.vscode-yaml] Accessing a resource scoped configuration without providing a resource is not expected. To get the effective value for '[yaml]', provide the URI of a resource or 'null' for any resource.
2024-06-25 09:13:44.367 [warning] [redhat.vscode-yaml] Accessing a resource scoped configuration without providing a resource is not expected. To get the effective value for '[yaml]', provide the URI of a resource or 'null' for any resource.
2024-06-25 09:13:44.851 [warning] [redhat.vscode-yaml] Accessing a resource scoped configuration without providing a resource is not expected. To get the effective value for '[yaml]', provide the URI of a resource or 'null' for any resource.
2024-06-25 09:13:45.457 [warning] [redhat.vscode-yaml] Accessing a resource scoped configuration without providing a resource is not expected. To get the effective value for '[yaml]', provide the URI of a resource or 'null' for any resource.
2024-06-25 09:13:45.997 [warning] [redhat.vscode-yaml] Accessing a resource scoped configuration without providing a resource is not expected. To get the effective value for '[yaml]', provide the URI of a resource or 'null' for any resource.
2024-06-25 09:14:33.524 [warning] [redhat.vscode-yaml] Accessing a resource scoped configuration without providing a resource is not expected. To get the effective value for '[yaml]', provide the URI of a resource or 'null' for any resource.
2024-06-25 10:51:15.209 [warning] [redhat.vscode-yaml] Accessing a resource scoped configuration without providing a resource is not expected. To get the effective value for '[yaml]', provide the URI of a resource or 'null' for any resource.
2024-06-25 10:51:17.313 [warning] [redhat.vscode-yaml] Accessing a resource scoped configuration without providing a resource is not expected. To get the effective value for '[yaml]', provide the URI of a resource or 'null' for any resource.
2024-06-25 10:54:43.201 [warning] [redhat.vscode-yaml] Accessing a resource scoped configuration without providing a resource is not expected. To get the effective value for '[yaml]', provide the URI of a resource or 'null' for any resource.
2024-06-25 10:54:44.114 [warning] [redhat.vscode-yaml] Accessing a resource scoped configuration without providing a resource is not expected. To get the effective value for '[yaml]', provide the URI of a resource or 'null' for any resource.
2024-06-25 10:54:44.861 [warning] [redhat.vscode-yaml] Accessing a resource scoped configuration without providing a resource is not expected. To get the effective value for '[yaml]', provide the URI of a resource or 'null' for any resource.
2024-06-25 10:54:48.921 [warning] [redhat.vscode-yaml] Accessing a resource scoped configuration without providing a resource is not expected. To get the effective value for '[yaml]', provide the URI of a resource or 'null' for any resource.
2024-06-25 10:58:01.485 [warning] [redhat.vscode-yaml] Accessing a resource scoped configuration without providing a resource is not expected. To get the effective value for '[yaml]', provide the URI of a resource or 'null' for any resource.
2024-06-25 10:58:05.382 [warning] [redhat.vscode-yaml] Accessing a resource scoped configuration without providing a resource is not expected. To get the effective value for '[yaml]', provide the URI of a resource or 'null' for any resource.
2024-06-25 11:01:29.107 [warning] [redhat.vscode-yaml] Accessing a resource scoped configuration without providing a resource is not expected. To get the effective value for '[yaml]', provide the URI of a resource or 'null' for any resource.
2024-06-25 11:01:29.704 [warning] [redhat.vscode-yaml] Accessing a resource scoped configuration without providing a resource is not expected. To get the effective value for '[yaml]', provide the URI of a resource or 'null' for any resource.
2024-06-25 11:01:30.311 [warning] [redhat.vscode-yaml] Accessing a resource scoped configuration without providing a resource is not expected. To get the effective value for '[yaml]', provide the URI of a resource or 'null' for any resource.
2024-06-25 11:01:30.536 [warning] [redhat.vscode-yaml] Accessing a resource scoped configuration without providing a resource is not expected. To get the effective value for '[yaml]', provide the URI of a resource or 'null' for any resource.
2024-06-25 11:01:31.005 [warning] [redhat.vscode-yaml] Accessing a resource scoped configuration without providing a resource is not expected. To get the effective value for '[yaml]', provide the URI of a resource or 'null' for any resource.
2024-06-25 11:01:43.499 [warning] [redhat.vscode-yaml] Accessing a resource scoped configuration without providing a resource is not expected. To get the effective value for '[yaml]', provide the URI of a resource or 'null' for any resource.
2024-06-25 11:12:54.219 [warning] [redhat.vscode-yaml] Accessing a resource scoped configuration without providing a resource is not expected. To get the effective value for '[yaml]', provide the URI of a resource or 'null' for any resource.
2024-06-25 11:16:45.617 [warning] [redhat.vscode-yaml] Accessing a resource scoped configuration without providing a resource is not expected. To get the effective value for '[yaml]', provide the URI of a resource or 'null' for any resource.
2024-06-25 11:21:23.413 [warning] [redhat.vscode-yaml] Accessing a resource scoped configuration without providing a resource is not expected. To get the effective value for '[yaml]', provide the URI of a resource or 'null' for any resource.
2024-06-25 11:21:23.781 [warning] [redhat.vscode-yaml] Accessing a resource scoped configuration without providing a resource is not expected. To get the effective value for '[yaml]', provide the URI of a resource or 'null' for any resource.
2024-06-25 11:33:19.370 [warning] [redhat.vscode-yaml] Accessing a resource scoped configuration without providing a resource is not expected. To get the effective value for '[yaml]', provide the URI of a resource or 'null' for any resource.
2024-06-25 11:34:50.576 [warning] [redhat.vscode-yaml] Accessing a resource scoped configuration without providing a resource is not expected. To get the effective value for '[yaml]', provide the URI of a resource or 'null' for any resource.
2024-06-25 12:09:42.833 [warning] [redhat.vscode-yaml] Accessing a resource scoped configuration without providing a resource is not expected. To get the effective value for '[yaml]', provide the URI of a resource or 'null' for any resource.
2024-06-25 12:09:43.196 [warning] [redhat.vscode-yaml] Accessing a resource scoped configuration without providing a resource is not expected. To get the effective value for '[yaml]', provide the URI of a resource or 'null' for any resource.
2024-06-25 12:19:53.177 [warning] [redhat.vscode-yaml] Accessing a resource scoped configuration without providing a resource is not expected. To get the effective value for '[yaml]', provide the URI of a resource or 'null' for any resource.
2024-06-25 12:19:55.460 [warning] [redhat.vscode-yaml] Accessing a resource scoped configuration without providing a resource is not expected. To get the effective value for '[yaml]', provide the URI of a resource or 'null' for any resource.
2024-06-25 12:20:40.589 [warning] [redhat.vscode-yaml] Accessing a resource scoped configuration without providing a resource is not expected. To get the effective value for '[yaml]', provide the URI of a resource or 'null' for any resource.
2024-06-25 12:20:41.508 [warning] [redhat.vscode-yaml] Accessing a resource scoped configuration without providing a resource is not expected. To get the effective value for '[yaml]', provide the URI of a resource or 'null' for any resource.
2024-06-25 12:25:44.623 [warning] [redhat.vscode-yaml] Accessing a resource scoped configuration without providing a resource is not expected. To get the effective value for '[yaml]', provide the URI of a resource or 'null' for any resource.
2024-06-25 12:25:45.040 [warning] [redhat.vscode-yaml] Accessing a resource scoped configuration without providing a resource is not expected. To get the effective value for '[yaml]', provide the URI of a resource or 'null' for any resource.
2024-06-25 14:20:12.632 [warning] [redhat.vscode-yaml] Accessing a resource scoped configuration without providing a resource is not expected. To get the effective value for '[yaml]', provide the URI of a resource or 'null' for any resource.
2024-06-25 14:20:13.081 [warning] [redhat.vscode-yaml] Accessing a resource scoped configuration without providing a resource is not expected. To get the effective value for '[yaml]', provide the URI of a resource or 'null' for any resource.
2024-06-25 14:20:13.988 [warning] [redhat.vscode-yaml] Accessing a resource scoped configuration without providing a resource is not expected. To get the effective value for '[yaml]', provide the URI of a resource or 'null' for any resource.
2024-06-25 14:20:14.179 [warning] [redhat.vscode-yaml] Accessing a resource scoped configuration without providing a resource is not expected. To get the effective value for '[yaml]', provide the URI of a resource or 'null' for any resource.
2024-06-25 14:20:14.526 [warning] [redhat.vscode-yaml] Accessing a resource scoped configuration without providing a resource is not expected. To get the effective value for '[yaml]', provide the URI of a resource or 'null' for any resource.
2024-06-25 14:20:15.004 [warning] [redhat.vscode-yaml] Accessing a resource scoped configuration without providing a resource is not expected. To get the effective value for '[yaml]', provide the URI of a resource or 'null' for any resource.
2024-06-25 14:20:15.557 [warning] [redhat.vscode-yaml] Accessing a resource scoped configuration without providing a resource is not expected. To get the effective value for '[yaml]', provide the URI of a resource or 'null' for any resource.
2024-06-25 14:20:18.177 [warning] [redhat.vscode-yaml] Accessing a resource scoped configuration without providing a resource is not expected. To get the effective value for '[yaml]', provide the URI of a resource or 'null' for any resource.
2024-06-25 14:21:47.513 [warning] [redhat.vscode-yaml] Accessing a resource scoped configuration without providing a resource is not expected. To get the effective value for '[yaml]', provide the URI of a resource or 'null' for any resource.
2024-06-25 14:21:48.161 [warning] [redhat.vscode-yaml] Accessing a resource scoped configuration without providing a resource is not expected. To get the effective value for '[yaml]', provide the URI of a resource or 'null' for any resource.
2024-06-25 14:21:48.669 [warning] [redhat.vscode-yaml] Accessing a resource scoped configuration without providing a resource is not expected. To get the effective value for '[yaml]', provide the URI of a resource or 'null' for any resource.
2024-06-25 14:26:28.533 [warning] [redhat.vscode-yaml] Accessing a resource scoped configuration without providing a resource is not expected. To get the effective value for '[yaml]', provide the URI of a resource or 'null' for any resource.
2024-06-25 14:36:48.349 [warning] [redhat.vscode-yaml] Accessing a resource scoped configuration without providing a resource is not expected. To get the effective value for '[yaml]', provide the URI of a resource or 'null' for any resource.
2024-06-25 14:36:51.828 [warning] [redhat.vscode-yaml] Accessing a resource scoped configuration without providing a resource is not expected. To get the effective value for '[yaml]', provide the URI of a resource or 'null' for any resource.
2024-06-25 18:17:46.220 [info] Extension host terminating: received terminate message from renderer
2024-06-25 18:17:46.223 [info] Lock '/home/ndao/.vscode-server/data/User/workspaceStorage/38a21d1cb963b8ec61341b0b4eb2fb76/vscode.lock': Marking the lockfile as scheduled to be released in 6000 ms.
2024-06-25 18:17:46.514 [error] Canceled: Canceled
	at new A (/home/ndao/.vscode-server/bin/5437499feb04f7a586f677b155b039bc2b3669eb/out/vs/workbench/api/node/extensionHostProcess.js:145:50615)
	at E.U (/home/ndao/.vscode-server/bin/5437499feb04f7a586f677b155b039bc2b3669eb/out/vs/workbench/api/node/extensionHostProcess.js:152:6007)
	at z.<computed>.M.charCodeAt.R.CharCode.DollarSign.z.<computed> (/home/ndao/.vscode-server/bin/5437499feb04f7a586f677b155b039bc2b3669eb/out/vs/workbench/api/node/extensionHostProcess.js:152:3091)
	at h.g (/home/ndao/.vscode-server/bin/5437499feb04f7a586f677b155b039bc2b3669eb/out/vs/workbench/api/node/extensionHostProcess.js:155:199935)
	at h.executeCommand (/home/ndao/.vscode-server/bin/5437499feb04f7a586f677b155b039bc2b3669eb/out/vs/workbench/api/node/extensionHostProcess.js:155:199373)
	at I.registerCommand.description (/home/ndao/.vscode-server/bin/5437499feb04f7a586f677b155b039bc2b3669eb/out/vs/workbench/api/node/extensionHostProcess.js:155:198697)
	at h (/home/ndao/.vscode-server/bin/5437499feb04f7a586f677b155b039bc2b3669eb/out/vs/workbench/api/node/extensionHostProcess.js:155:200474)
	at h.g (/home/ndao/.vscode-server/bin/5437499feb04f7a586f677b155b039bc2b3669eb/out/vs/workbench/api/node/extensionHostProcess.js:155:199466)
	at h.executeCommand (/home/ndao/.vscode-server/bin/5437499feb04f7a586f677b155b039bc2b3669eb/out/vs/workbench/api/node/extensionHostProcess.js:155:199373)
	at Object.executeCommand (/home/ndao/.vscode-server/bin/5437499feb04f7a586f677b155b039bc2b3669eb/out/vs/workbench/api/node/extensionHostProcess.js:165:22742)
	at n.O [as value] (/home/ndao/.vscode-server/bin/5437499feb04f7a586f677b155b039bc2b3669eb/extensions/git/dist/main.js:2:945191)
	at l.y (/home/ndao/.vscode-server/bin/5437499feb04f7a586f677b155b039bc2b3669eb/out/vs/workbench/api/node/extensionHostProcess.js:82:664)
	at l.z (/home/ndao/.vscode-server/bin/5437499feb04f7a586f677b155b039bc2b3669eb/out/vs/workbench/api/node/extensionHostProcess.js:82:734)
	at l.fire (/home/ndao/.vscode-server/bin/5437499feb04f7a586f677b155b039bc2b3669eb/out/vs/workbench/api/node/extensionHostProcess.js:82:950)
	at Object.p [as dispose] (/home/ndao/.vscode-server/bin/5437499feb04f7a586f677b155b039bc2b3669eb/extensions/git/dist/main.js:2:964275)
	at /home/ndao/.vscode-server/bin/5437499feb04f7a586f677b155b039bc2b3669eb/extensions/git/dist/main.js:2:970313
	at Array.forEach (<anonymous>)
	at f.dispose (/home/ndao/.vscode-server/bin/5437499feb04f7a586f677b155b039bc2b3669eb/extensions/git/dist/main.js:2:970299)
	at a.<anonymous> (/home/ndao/.vscode-server/bin/5437499feb04f7a586f677b155b039bc2b3669eb/out/vs/workbench/api/node/extensionHostProcess.js:153:4032)
	at a.dispose (/home/ndao/.vscode-server/bin/5437499feb04f7a586f677b155b039bc2b3669eb/out/vs/workbench/api/node/extensionHostProcess.js:153:4129)
	at a.<anonymous> (/home/ndao/.vscode-server/bin/5437499feb04f7a586f677b155b039bc2b3669eb/extensions/git/dist/main.js:2:947448)
	at a.dispose (/home/ndao/.vscode-server/bin/5437499feb04f7a586f677b155b039bc2b3669eb/out/vs/workbench/api/node/extensionHostProcess.js:153:4129)
	at f (/home/ndao/.vscode-server/bin/5437499feb04f7a586f677b155b039bc2b3669eb/out/vs/workbench/api/node/extensionHostProcess.js:30:744)
	at u.eb (/home/ndao/.vscode-server/bin/5437499feb04f7a586f677b155b039bc2b3669eb/out/vs/workbench/api/node/extensionHostProcess.js:161:9991)
	at /home/ndao/.vscode-server/bin/5437499feb04f7a586f677b155b039bc2b3669eb/out/vs/workbench/api/node/extensionHostProcess.js:161:7867
	at Array.map (<anonymous>)
	at u.$ (/home/ndao/.vscode-server/bin/5437499feb04f7a586f677b155b039bc2b3669eb/out/vs/workbench/api/node/extensionHostProcess.js:161:7854)
	at u.terminate (/home/ndao/.vscode-server/bin/5437499feb04f7a586f677b155b039bc2b3669eb/out/vs/workbench/api/node/extensionHostProcess.js:161:8127)
	at f.terminate (/home/ndao/.vscode-server/bin/5437499feb04f7a586f677b155b039bc2b3669eb/out/vs/workbench/api/node/extensionHostProcess.js:165:1513)
	at t (/home/ndao/.vscode-server/bin/5437499feb04f7a586f677b155b039bc2b3669eb/out/vs/workbench/api/node/extensionHostProcess.js:178:10459)
	at n.value (/home/ndao/.vscode-server/bin/5437499feb04f7a586f677b155b039bc2b3669eb/out/vs/workbench/api/node/extensionHostProcess.js:178:8427)
	at l.y (/home/ndao/.vscode-server/bin/5437499feb04f7a586f677b155b039bc2b3669eb/out/vs/workbench/api/node/extensionHostProcess.js:82:664)
	at l.fire (/home/ndao/.vscode-server/bin/5437499feb04f7a586f677b155b039bc2b3669eb/out/vs/workbench/api/node/extensionHostProcess.js:82:881)
	at s.fire (/home/ndao/.vscode-server/bin/5437499feb04f7a586f677b155b039bc2b3669eb/out/vs/workbench/api/node/extensionHostProcess.js:107:14502)
	at h.z (/home/ndao/.vscode-server/bin/5437499feb04f7a586f677b155b039bc2b3669eb/out/vs/workbench/api/node/extensionHostProcess.js:107:17638)
	at n.value (/home/ndao/.vscode-server/bin/5437499feb04f7a586f677b155b039bc2b3669eb/out/vs/workbench/api/node/extensionHostProcess.js:107:17012)
	at l.y (/home/ndao/.vscode-server/bin/5437499feb04f7a586f677b155b039bc2b3669eb/out/vs/workbench/api/node/extensionHostProcess.js:82:664)
	at l.fire (/home/ndao/.vscode-server/bin/5437499feb04f7a586f677b155b039bc2b3669eb/out/vs/workbench/api/node/extensionHostProcess.js:82:881)
	at u.acceptChunk (/home/ndao/.vscode-server/bin/5437499feb04f7a586f677b155b039bc2b3669eb/out/vs/workbench/api/node/extensionHostProcess.js:107:12248)
	at n.value (/home/ndao/.vscode-server/bin/5437499feb04f7a586f677b155b039bc2b3669eb/out/vs/workbench/api/node/extensionHostProcess.js:107:11518)
	at l.y (/home/ndao/.vscode-server/bin/5437499feb04f7a586f677b155b039bc2b3669eb/out/vs/workbench/api/node/extensionHostProcess.js:82:664)
	at l.fire (/home/ndao/.vscode-server/bin/5437499feb04f7a586f677b155b039bc2b3669eb/out/vs/workbench/api/node/extensionHostProcess.js:82:881)
	at n.z (/home/ndao/.vscode-server/bin/5437499feb04f7a586f677b155b039bc2b3669eb/out/vs/workbench/api/node/extensionHostProcess.js:175:20497)
	at n.acceptFrame (/home/ndao/.vscode-server/bin/5437499feb04f7a586f677b155b039bc2b3669eb/out/vs/workbench/api/node/extensionHostProcess.js:175:20303)
	at g.n (/home/ndao/.vscode-server/bin/5437499feb04f7a586f677b155b039bc2b3669eb/out/vs/workbench/api/node/extensionHostProcess.js:175:18748)
	at /home/ndao/.vscode-server/bin/5437499feb04f7a586f677b155b039bc2b3669eb/out/vs/workbench/api/node/extensionHostProcess.js:175:15675
	at Socket.w (/home/ndao/.vscode-server/bin/5437499feb04f7a586f677b155b039bc2b3669eb/out/vs/workbench/api/node/extensionHostProcess.js:175:13305)
	at Socket.emit (node:events:518:28)
	at addChunk (node:internal/streams/readable:559:12)
	at readableAddChunkPushByteMode (node:internal/streams/readable:510:3)
	at Readable.push (node:internal/streams/readable:390:5)
	at TCP.onStreamRead (node:internal/stream_base_commons:190:23) setContext undefined
2024-06-25 18:17:46.515 [error] Canceled: Canceled
	at new A (/home/ndao/.vscode-server/bin/5437499feb04f7a586f677b155b039bc2b3669eb/out/vs/workbench/api/node/extensionHostProcess.js:145:50615)
	at E.U (/home/ndao/.vscode-server/bin/5437499feb04f7a586f677b155b039bc2b3669eb/out/vs/workbench/api/node/extensionHostProcess.js:152:6007)
	at z.<computed>.M.charCodeAt.R.CharCode.DollarSign.z.<computed> (/home/ndao/.vscode-server/bin/5437499feb04f7a586f677b155b039bc2b3669eb/out/vs/workbench/api/node/extensionHostProcess.js:152:3091)
	at h.g (/home/ndao/.vscode-server/bin/5437499feb04f7a586f677b155b039bc2b3669eb/out/vs/workbench/api/node/extensionHostProcess.js:155:199935)
	at h.executeCommand (/home/ndao/.vscode-server/bin/5437499feb04f7a586f677b155b039bc2b3669eb/out/vs/workbench/api/node/extensionHostProcess.js:155:199373)
	at I.registerCommand.description (/home/ndao/.vscode-server/bin/5437499feb04f7a586f677b155b039bc2b3669eb/out/vs/workbench/api/node/extensionHostProcess.js:155:198697)
	at h (/home/ndao/.vscode-server/bin/5437499feb04f7a586f677b155b039bc2b3669eb/out/vs/workbench/api/node/extensionHostProcess.js:155:200474)
	at h.g (/home/ndao/.vscode-server/bin/5437499feb04f7a586f677b155b039bc2b3669eb/out/vs/workbench/api/node/extensionHostProcess.js:155:199466)
	at h.executeCommand (/home/ndao/.vscode-server/bin/5437499feb04f7a586f677b155b039bc2b3669eb/out/vs/workbench/api/node/extensionHostProcess.js:155:199373)
	at Object.executeCommand (/home/ndao/.vscode-server/bin/5437499feb04f7a586f677b155b039bc2b3669eb/out/vs/workbench/api/node/extensionHostProcess.js:165:22742)
	at set hasGitHubRepositories [as hasGitHubRepositories] (/home/ndao/.vscode-server/bin/5437499feb04f7a586f677b155b039bc2b3669eb/extensions/github/dist/extension.js:2:322969)
	at /home/ndao/.vscode-server/bin/5437499feb04f7a586f677b155b039bc2b3669eb/extensions/github/dist/extension.js:2:323928
	at n.value (/home/ndao/.vscode-server/bin/5437499feb04f7a586f677b155b039bc2b3669eb/extensions/git/dist/main.js:2:1050764)
	at l.y (/home/ndao/.vscode-server/bin/5437499feb04f7a586f677b155b039bc2b3669eb/out/vs/workbench/api/node/extensionHostProcess.js:82:664)
	at l.z (/home/ndao/.vscode-server/bin/5437499feb04f7a586f677b155b039bc2b3669eb/out/vs/workbench/api/node/extensionHostProcess.js:82:734)
	at l.fire (/home/ndao/.vscode-server/bin/5437499feb04f7a586f677b155b039bc2b3669eb/out/vs/workbench/api/node/extensionHostProcess.js:82:950)
	at Object.p [as dispose] (/home/ndao/.vscode-server/bin/5437499feb04f7a586f677b155b039bc2b3669eb/extensions/git/dist/main.js:2:964275)
	at /home/ndao/.vscode-server/bin/5437499feb04f7a586f677b155b039bc2b3669eb/extensions/git/dist/main.js:2:970313
	at Array.forEach (<anonymous>)
	at f.dispose (/home/ndao/.vscode-server/bin/5437499feb04f7a586f677b155b039bc2b3669eb/extensions/git/dist/main.js:2:970299)
	at a.<anonymous> (/home/ndao/.vscode-server/bin/5437499feb04f7a586f677b155b039bc2b3669eb/out/vs/workbench/api/node/extensionHostProcess.js:153:4032)
	at a.dispose (/home/ndao/.vscode-server/bin/5437499feb04f7a586f677b155b039bc2b3669eb/out/vs/workbench/api/node/extensionHostProcess.js:153:4129)
	at a.<anonymous> (/home/ndao/.vscode-server/bin/5437499feb04f7a586f677b155b039bc2b3669eb/extensions/git/dist/main.js:2:947448)
	at a.dispose (/home/ndao/.vscode-server/bin/5437499feb04f7a586f677b155b039bc2b3669eb/out/vs/workbench/api/node/extensionHostProcess.js:153:4129)
	at f (/home/ndao/.vscode-server/bin/5437499feb04f7a586f677b155b039bc2b3669eb/out/vs/workbench/api/node/extensionHostProcess.js:30:744)
	at u.eb (/home/ndao/.vscode-server/bin/5437499feb04f7a586f677b155b039bc2b3669eb/out/vs/workbench/api/node/extensionHostProcess.js:161:9991)
	at /home/ndao/.vscode-server/bin/5437499feb04f7a586f677b155b039bc2b3669eb/out/vs/workbench/api/node/extensionHostProcess.js:161:7867
	at Array.map (<anonymous>)
	at u.$ (/home/ndao/.vscode-server/bin/5437499feb04f7a586f677b155b039bc2b3669eb/out/vs/workbench/api/node/extensionHostProcess.js:161:7854)
	at u.terminate (/home/ndao/.vscode-server/bin/5437499feb04f7a586f677b155b039bc2b3669eb/out/vs/workbench/api/node/extensionHostProcess.js:161:8127)
	at f.terminate (/home/ndao/.vscode-server/bin/5437499feb04f7a586f677b155b039bc2b3669eb/out/vs/workbench/api/node/extensionHostProcess.js:165:1513)
	at t (/home/ndao/.vscode-server/bin/5437499feb04f7a586f677b155b039bc2b3669eb/out/vs/workbench/api/node/extensionHostProcess.js:178:10459)
	at n.value (/home/ndao/.vscode-server/bin/5437499feb04f7a586f677b155b039bc2b3669eb/out/vs/workbench/api/node/extensionHostProcess.js:178:8427)
	at l.y (/home/ndao/.vscode-server/bin/5437499feb04f7a586f677b155b039bc2b3669eb/out/vs/workbench/api/node/extensionHostProcess.js:82:664)
	at l.fire (/home/ndao/.vscode-server/bin/5437499feb04f7a586f677b155b039bc2b3669eb/out/vs/workbench/api/node/extensionHostProcess.js:82:881)
	at s.fire (/home/ndao/.vscode-server/bin/5437499feb04f7a586f677b155b039bc2b3669eb/out/vs/workbench/api/node/extensionHostProcess.js:107:14502)
	at h.z (/home/ndao/.vscode-server/bin/5437499feb04f7a586f677b155b039bc2b3669eb/out/vs/workbench/api/node/extensionHostProcess.js:107:17638)
	at n.value (/home/ndao/.vscode-server/bin/5437499feb04f7a586f677b155b039bc2b3669eb/out/vs/workbench/api/node/extensionHostProcess.js:107:17012)
	at l.y (/home/ndao/.vscode-server/bin/5437499feb04f7a586f677b155b039bc2b3669eb/out/vs/workbench/api/node/extensionHostProcess.js:82:664)
	at l.fire (/home/ndao/.vscode-server/bin/5437499feb04f7a586f677b155b039bc2b3669eb/out/vs/workbench/api/node/extensionHostProcess.js:82:881)
	at u.acceptChunk (/home/ndao/.vscode-server/bin/5437499feb04f7a586f677b155b039bc2b3669eb/out/vs/workbench/api/node/extensionHostProcess.js:107:12248)
	at n.value (/home/ndao/.vscode-server/bin/5437499feb04f7a586f677b155b039bc2b3669eb/out/vs/workbench/api/node/extensionHostProcess.js:107:11518)
	at l.y (/home/ndao/.vscode-server/bin/5437499feb04f7a586f677b155b039bc2b3669eb/out/vs/workbench/api/node/extensionHostProcess.js:82:664)
	at l.fire (/home/ndao/.vscode-server/bin/5437499feb04f7a586f677b155b039bc2b3669eb/out/vs/workbench/api/node/extensionHostProcess.js:82:881)
	at n.z (/home/ndao/.vscode-server/bin/5437499feb04f7a586f677b155b039bc2b3669eb/out/vs/workbench/api/node/extensionHostProcess.js:175:20497)
	at n.acceptFrame (/home/ndao/.vscode-server/bin/5437499feb04f7a586f677b155b039bc2b3669eb/out/vs/workbench/api/node/extensionHostProcess.js:175:20303)
	at g.n (/home/ndao/.vscode-server/bin/5437499feb04f7a586f677b155b039bc2b3669eb/out/vs/workbench/api/node/extensionHostProcess.js:175:18748)
	at /home/ndao/.vscode-server/bin/5437499feb04f7a586f677b155b039bc2b3669eb/out/vs/workbench/api/node/extensionHostProcess.js:175:15675
	at Socket.w (/home/ndao/.vscode-server/bin/5437499feb04f7a586f677b155b039bc2b3669eb/out/vs/workbench/api/node/extensionHostProcess.js:175:13305)
	at Socket.emit (node:events:518:28)
	at addChunk (node:internal/streams/readable:559:12)
	at readableAddChunkPushByteMode (node:internal/streams/readable:510:3)
	at Readable.push (node:internal/streams/readable:390:5)
	at TCP.onStreamRead (node:internal/stream_base_commons:190:23) setContext undefined
2024-06-25 18:17:46.602 [info] Extension host with pid 148 exiting with code 0
