2024-05-22 13:52:07.165 [info] Experiment 'pythonCreateEnvOnPipInstall' is active
2024-05-22 13:52:07.165 [info] Experiment 'pythonRecommendTensorboardExt' is active
2024-05-22 13:52:07.165 [info] Experiment 'pythonTerminalEnvVarActivation' is active
2024-05-22 13:52:07.165 [info] Experiment 'pythonTestAdapter' is active
2024-05-22 13:52:07.165 [info] Default formatter is set to null for workspace /home/ndao
2024-05-22 13:52:07.165 [info] > hatch env show --json
2024-05-22 13:52:07.165 [info] cwd: .
2024-05-22 13:52:07.377 [info] > C:\Users\Admin\AppData\Local\Programs\Python\Python312\python.exe -I ./.vscode-server/extensions/ms-python.python-2024.6.0/python_files/get_output_via_markers.py ./.vscode-server/extensions/ms-python.python-2024.6.0/python_files/interpreterInfo.py
2024-05-22 13:52:07.458 [error] [Error: Command failed: C:\Users\Admin\AppData\Local\Programs\Python\Python312\python.exe -I /home/ndao/.vscode-server/extensions/ms-python.python-2024.6.0/python_files/get_output_via_markers.py /home/ndao/.vscode-server/extensions/ms-python.python-2024.6.0/python_files/interpreterInfo.py
/bin/sh: 1: C:UsersAdminAppDataLocalProgramsPythonPython312python.exe: not found

	at ChildProcess.exithandler (node:child_process:422:12)
	at ChildProcess.emit (node:events:529:35)
	at maybeClose (node:internal/child_process:1098:16)
	at Socket.<anonymous> (node:internal/child_process:450:11)
	at Socket.emit (node:events:517:28)
	at Pipe.<anonymous> (node:net:350:12)] {
  code: 127,
  killed: false,
  signal: null,
  cmd: 'C:\\Users\\Admin\\AppData\\Local\\Programs\\Python\\Python312\\python.exe -I /home/ndao/.vscode-server/extensions/ms-python.python-2024.6.0/python_files/get_output_via_markers.py /home/ndao/.vscode-server/extensions/ms-python.python-2024.6.0/python_files/interpreterInfo.py'
}
2024-05-22 13:52:09.469 [info] > C:\Users\Admin\AppData\Local\Programs\Python\Python312\python.exe -I ./.vscode-server/extensions/ms-python.python-2024.6.0/python_files/get_output_via_markers.py ./.vscode-server/extensions/ms-python.python-2024.6.0/python_files/interpreterInfo.py
2024-05-22 13:52:09.503 [error] [Error: Command failed: C:\Users\Admin\AppData\Local\Programs\Python\Python312\python.exe -I /home/ndao/.vscode-server/extensions/ms-python.python-2024.6.0/python_files/get_output_via_markers.py /home/ndao/.vscode-server/extensions/ms-python.python-2024.6.0/python_files/interpreterInfo.py
/bin/sh: 1: C:UsersAdminAppDataLocalProgramsPythonPython312python.exe: not found

	at ChildProcess.exithandler (node:child_process:422:12)
	at ChildProcess.emit (node:events:529:35)
	at maybeClose (node:internal/child_process:1098:16)
	at Socket.<anonymous> (node:internal/child_process:450:11)
	at Socket.emit (node:events:517:28)
	at Pipe.<anonymous> (node:net:350:12)] {
  code: 127,
  killed: false,
  signal: null,
  cmd: 'C:\\Users\\Admin\\AppData\\Local\\Programs\\Python\\Python312\\python.exe -I /home/ndao/.vscode-server/extensions/ms-python.python-2024.6.0/python_files/get_output_via_markers.py /home/ndao/.vscode-server/extensions/ms-python.python-2024.6.0/python_files/interpreterInfo.py'
}
2024-05-22 13:52:09.514 [info] > pyenv which python
2024-05-22 13:52:09.514 [info] cwd: .
2024-05-22 13:52:09.550 [info] > C:\Users\Admin\AppData\Local\Programs\Python\Python312\python.exe -c "import sys;print(sys.executable)"
2024-05-22 13:52:09.567 [error] [Error: Command failed: C:\Users\Admin\AppData\Local\Programs\Python\Python312\python.exe -c "import sys;print(sys.executable)"
/bin/sh: 1: C:UsersAdminAppDataLocalProgramsPythonPython312python.exe: not found

	at ChildProcess.exithandler (node:child_process:422:12)
	at ChildProcess.emit (node:events:529:35)
	at maybeClose (node:internal/child_process:1098:16)
	at Socket.<anonymous> (node:internal/child_process:450:11)
	at Socket.emit (node:events:517:28)
	at Pipe.<anonymous> (node:net:350:12)] {
  code: 127,
  killed: false,
  signal: null,
  cmd: 'C:\\Users\\Admin\\AppData\\Local\\Programs\\Python\\Python312\\python.exe -c "import sys;print(sys.executable)"'
}
2024-05-22 13:52:09.957 [info] > pyenv which python
2024-05-22 13:52:09.957 [info] cwd: .
2024-05-22 13:52:11.163 [info] Starting Pylance language server.
