2024-05-22 13:43:59.168 [info] Log level: Info
2024-05-22 13:43:59.168 [info] Validating found git in: "git"
2024-05-22 13:43:59.168 [info] Using git "2.25.1" from "git"
2024-05-22 13:43:59.179 [info] > git rev-parse --show-toplevel [17ms]
2024-05-22 13:43:59.189 [info] > git rev-parse --git-dir --git-common-dir [2ms]
2024-05-22 13:43:59.208 [info] Open repository: /home/ndao
2024-05-22 13:43:59.222 [info] > git config --get commit.template [5ms]
2024-05-22 13:43:59.223 [info] > git rev-parse --show-toplevel [3ms]
2024-05-22 13:43:59.238 [info] > git for-each-ref --format=%(refname)%00%(upstream:short)%00%(objectname)%00%(upstream:track)%00%(upstream:remotename)%00%(upstream:remoteref) refs/heads/main refs/remotes/main [8ms]
2024-05-22 13:43:59.243 [info] > git rev-parse --show-toplevel [7ms]
2024-05-22 13:43:59.255 [info] > git rev-parse --show-toplevel [8ms]
2024-05-22 13:43:59.263 [info] > git rev-parse --show-toplevel [1ms]
2024-05-22 13:43:59.270 [info] > git status -z -uall [16ms]
2024-05-22 13:43:59.298 [info] > git merge-base refs/heads/main refs/remotes/origin/main [19ms]
2024-05-22 13:43:59.342 [info] > git rev-list --count --left-right refs/heads/main...refs/remotes/origin/main [37ms]
2024-05-22 13:43:59.350 [info] > git config --get commit.template [52ms]
2024-05-22 13:43:59.351 [info] > git diff --name-status -z --diff-filter=ADMR e8479dce021a295c77ae057ba2dfea59e1069d09...refs/remotes/origin/main [3ms]
2024-05-22 13:43:59.360 [info] > git for-each-ref --format=%(refname)%00%(upstream:short)%00%(objectname)%00%(upstream:track)%00%(upstream:remotename)%00%(upstream:remoteref) refs/heads/main refs/remotes/main [1ms]
2024-05-22 13:43:59.375 [info] > git status -z -uall [11ms]
2024-05-22 13:43:59.752 [info] > git check-ignore -v -z --stdin [3ms]
2024-05-22 13:44:00.721 [info] > git show --textconv :email.yaml [5ms]
2024-05-22 13:44:00.723 [info] > git ls-files --stage -- /home/ndao/email.yaml [2ms]
2024-05-22 13:44:00.728 [info] > git cat-file -s fe89dbf0d4d18617bc246b47efe55cc8c4d77a3e [1ms]
2024-05-22 13:44:03.136 [info] > git config --get commit.template [2ms]
2024-05-22 13:44:03.143 [info] > git for-each-ref --format=%(refname)%00%(upstream:short)%00%(objectname)%00%(upstream:track)%00%(upstream:remotename)%00%(upstream:remoteref) refs/heads/main refs/remotes/main [1ms]
2024-05-22 13:44:03.156 [info] > git status -z -uall [7ms]
2024-05-22 13:44:08.168 [info] > git config --get commit.template [2ms]
2024-05-22 13:44:08.175 [info] > git for-each-ref --format=%(refname)%00%(upstream:short)%00%(objectname)%00%(upstream:track)%00%(upstream:remotename)%00%(upstream:remoteref) refs/heads/main refs/remotes/main [2ms]
2024-05-22 13:44:08.190 [info] > git status -z -uall [10ms]
2024-05-22 13:44:13.199 [info] > git config --get commit.template [1ms]
2024-05-22 13:44:13.204 [info] > git for-each-ref --format=%(refname)%00%(upstream:short)%00%(objectname)%00%(upstream:track)%00%(upstream:remotename)%00%(upstream:remoteref) refs/heads/main refs/remotes/main [1ms]
2024-05-22 13:44:13.217 [info] > git status -z -uall [8ms]
2024-05-22 13:44:18.239 [info] > git config --get commit.template [8ms]
2024-05-22 13:44:18.240 [info] > git for-each-ref --format=%(refname)%00%(upstream:short)%00%(objectname)%00%(upstream:track)%00%(upstream:remotename)%00%(upstream:remoteref) refs/heads/main refs/remotes/main [3ms]
2024-05-22 13:44:18.262 [info] > git status -z -uall [14ms]
2024-05-22 13:44:23.278 [info] > git config --get commit.template [3ms]
2024-05-22 13:44:23.287 [info] > git for-each-ref --format=%(refname)%00%(upstream:short)%00%(objectname)%00%(upstream:track)%00%(upstream:remotename)%00%(upstream:remoteref) refs/heads/main refs/remotes/main [3ms]
2024-05-22 13:44:23.312 [info] > git status -z -uall [16ms]
2024-05-22 13:44:28.335 [info] > git config --get commit.template [9ms]
2024-05-22 13:44:28.336 [info] > git for-each-ref --format=%(refname)%00%(upstream:short)%00%(objectname)%00%(upstream:track)%00%(upstream:remotename)%00%(upstream:remoteref) refs/heads/main refs/remotes/main [2ms]
2024-05-22 13:44:28.357 [info] > git status -z -uall [14ms]
2024-05-22 13:44:33.378 [info] > git config --get commit.template [7ms]
2024-05-22 13:44:33.380 [info] > git for-each-ref --format=%(refname)%00%(upstream:short)%00%(objectname)%00%(upstream:track)%00%(upstream:remotename)%00%(upstream:remoteref) refs/heads/main refs/remotes/main [4ms]
2024-05-22 13:44:33.398 [info] > git status -z -uall [11ms]
2024-05-22 13:44:38.414 [info] > git config --get commit.template [2ms]
2024-05-22 13:44:38.422 [info] > git for-each-ref --format=%(refname)%00%(upstream:short)%00%(objectname)%00%(upstream:track)%00%(upstream:remotename)%00%(upstream:remoteref) refs/heads/main refs/remotes/main [1ms]
2024-05-22 13:44:38.437 [info] > git status -z -uall [9ms]
2024-05-22 13:44:43.450 [info] > git config --get commit.template [1ms]
2024-05-22 13:44:43.456 [info] > git for-each-ref --format=%(refname)%00%(upstream:short)%00%(objectname)%00%(upstream:track)%00%(upstream:remotename)%00%(upstream:remoteref) refs/heads/main refs/remotes/main [1ms]
2024-05-22 13:44:43.470 [info] > git status -z -uall [10ms]
2024-05-22 13:44:48.483 [info] > git config --get commit.template [2ms]
2024-05-22 13:44:48.490 [info] > git for-each-ref --format=%(refname)%00%(upstream:short)%00%(objectname)%00%(upstream:track)%00%(upstream:remotename)%00%(upstream:remoteref) refs/heads/main refs/remotes/main [2ms]
2024-05-22 13:44:48.506 [info] > git status -z -uall [11ms]
2024-05-22 13:44:53.528 [info] > git config --get commit.template [8ms]
2024-05-22 13:44:53.529 [info] > git for-each-ref --format=%(refname)%00%(upstream:short)%00%(objectname)%00%(upstream:track)%00%(upstream:remotename)%00%(upstream:remoteref) refs/heads/main refs/remotes/main [2ms]
2024-05-22 13:44:53.551 [info] > git status -z -uall [14ms]
2024-05-22 13:44:58.572 [info] > git config --get commit.template [5ms]
2024-05-22 13:44:58.572 [info] > git for-each-ref --format=%(refname)%00%(upstream:short)%00%(objectname)%00%(upstream:track)%00%(upstream:remotename)%00%(upstream:remoteref) refs/heads/main refs/remotes/main [1ms]
2024-05-22 13:44:58.587 [info] > git status -z -uall [10ms]
2024-05-22 13:45:03.603 [info] > git config --get commit.template [6ms]
2024-05-22 13:45:03.604 [info] > git for-each-ref --format=%(refname)%00%(upstream:short)%00%(objectname)%00%(upstream:track)%00%(upstream:remotename)%00%(upstream:remoteref) refs/heads/main refs/remotes/main [2ms]
2024-05-22 13:45:03.618 [info] > git status -z -uall [9ms]
2024-05-22 13:45:08.634 [info] > git config --get commit.template [2ms]
2024-05-22 13:45:08.642 [info] > git for-each-ref --format=%(refname)%00%(upstream:short)%00%(objectname)%00%(upstream:track)%00%(upstream:remotename)%00%(upstream:remoteref) refs/heads/main refs/remotes/main [2ms]
2024-05-22 13:45:08.659 [info] > git status -z -uall [9ms]
2024-05-22 13:45:13.680 [info] > git config --get commit.template [8ms]
2024-05-22 13:45:13.681 [info] > git for-each-ref --format=%(refname)%00%(upstream:short)%00%(objectname)%00%(upstream:track)%00%(upstream:remotename)%00%(upstream:remoteref) refs/heads/main refs/remotes/main [2ms]
2024-05-22 13:45:13.696 [info] > git status -z -uall [10ms]
2024-05-22 13:45:18.717 [info] > git config --get commit.template [9ms]
2024-05-22 13:45:18.718 [info] > git for-each-ref --format=%(refname)%00%(upstream:short)%00%(objectname)%00%(upstream:track)%00%(upstream:remotename)%00%(upstream:remoteref) refs/heads/main refs/remotes/main [2ms]
2024-05-22 13:45:18.742 [info] > git status -z -uall [15ms]
2024-05-22 13:45:23.761 [info] > git config --get commit.template [6ms]
2024-05-22 13:45:23.761 [info] > git for-each-ref --format=%(refname)%00%(upstream:short)%00%(objectname)%00%(upstream:track)%00%(upstream:remotename)%00%(upstream:remoteref) refs/heads/main refs/remotes/main [1ms]
2024-05-22 13:45:23.776 [info] > git status -z -uall [9ms]
2024-05-22 13:45:28.789 [info] > git config --get commit.template [2ms]
2024-05-22 13:45:28.794 [info] > git for-each-ref --format=%(refname)%00%(upstream:short)%00%(objectname)%00%(upstream:track)%00%(upstream:remotename)%00%(upstream:remoteref) refs/heads/main refs/remotes/main [1ms]
2024-05-22 13:45:28.807 [info] > git status -z -uall [7ms]
2024-05-22 13:45:33.824 [info] > git config --get commit.template [6ms]
2024-05-22 13:45:33.825 [info] > git for-each-ref --format=%(refname)%00%(upstream:short)%00%(objectname)%00%(upstream:track)%00%(upstream:remotename)%00%(upstream:remoteref) refs/heads/main refs/remotes/main [1ms]
2024-05-22 13:45:33.845 [info] > git status -z -uall [13ms]
2024-05-22 13:45:38.866 [info] > git config --get commit.template [8ms]
2024-05-22 13:45:38.867 [info] > git for-each-ref --format=%(refname)%00%(upstream:short)%00%(objectname)%00%(upstream:track)%00%(upstream:remotename)%00%(upstream:remoteref) refs/heads/main refs/remotes/main [2ms]
2024-05-22 13:45:38.884 [info] > git status -z -uall [10ms]
2024-05-22 13:45:43.895 [info] > git config --get commit.template [1ms]
2024-05-22 13:45:43.901 [info] > git for-each-ref --format=%(refname)%00%(upstream:short)%00%(objectname)%00%(upstream:track)%00%(upstream:remotename)%00%(upstream:remoteref) refs/heads/main refs/remotes/main [1ms]
2024-05-22 13:45:43.916 [info] > git status -z -uall [10ms]
2024-05-22 13:45:48.932 [info] > git config --get commit.template [6ms]
2024-05-22 13:45:48.933 [info] > git for-each-ref --format=%(refname)%00%(upstream:short)%00%(objectname)%00%(upstream:track)%00%(upstream:remotename)%00%(upstream:remoteref) refs/heads/main refs/remotes/main [2ms]
2024-05-22 13:45:48.947 [info] > git status -z -uall [9ms]
2024-05-22 13:45:53.967 [info] > git config --get commit.template [8ms]
2024-05-22 13:45:53.968 [info] > git for-each-ref --format=%(refname)%00%(upstream:short)%00%(objectname)%00%(upstream:track)%00%(upstream:remotename)%00%(upstream:remoteref) refs/heads/main refs/remotes/main [2ms]
2024-05-22 13:45:53.989 [info] > git status -z -uall [15ms]
2024-05-22 13:45:59.008 [info] > git config --get commit.template [6ms]
2024-05-22 13:45:59.008 [info] > git for-each-ref --format=%(refname)%00%(upstream:short)%00%(objectname)%00%(upstream:track)%00%(upstream:remotename)%00%(upstream:remoteref) refs/heads/main refs/remotes/main [1ms]
2024-05-22 13:45:59.023 [info] > git status -z -uall [10ms]
2024-05-22 13:46:04.041 [info] > git config --get commit.template [6ms]
2024-05-22 13:46:04.041 [info] > git for-each-ref --format=%(refname)%00%(upstream:short)%00%(objectname)%00%(upstream:track)%00%(upstream:remotename)%00%(upstream:remoteref) refs/heads/main refs/remotes/main [1ms]
2024-05-22 13:46:04.055 [info] > git status -z -uall [8ms]
2024-05-22 13:46:09.075 [info] > git config --get commit.template [8ms]
2024-05-22 13:46:09.076 [info] > git for-each-ref --format=%(refname)%00%(upstream:short)%00%(objectname)%00%(upstream:track)%00%(upstream:remotename)%00%(upstream:remoteref) refs/heads/main refs/remotes/main [2ms]
2024-05-22 13:46:09.098 [info] > git status -z -uall [15ms]
2024-05-22 13:46:14.110 [info] > git config --get commit.template [1ms]
2024-05-22 13:46:14.117 [info] > git for-each-ref --format=%(refname)%00%(upstream:short)%00%(objectname)%00%(upstream:track)%00%(upstream:remotename)%00%(upstream:remoteref) refs/heads/main refs/remotes/main [2ms]
2024-05-22 13:46:14.133 [info] > git status -z -uall [10ms]
2024-05-22 13:46:19.149 [info] > git config --get commit.template [7ms]
2024-05-22 13:46:19.150 [info] > git for-each-ref --format=%(refname)%00%(upstream:short)%00%(objectname)%00%(upstream:track)%00%(upstream:remotename)%00%(upstream:remoteref) refs/heads/main refs/remotes/main [2ms]
2024-05-22 13:46:19.167 [info] > git status -z -uall [11ms]
2024-05-22 13:46:24.185 [info] > git config --get commit.template [7ms]
2024-05-22 13:46:24.186 [info] > git for-each-ref --format=%(refname)%00%(upstream:short)%00%(objectname)%00%(upstream:track)%00%(upstream:remotename)%00%(upstream:remoteref) refs/heads/main refs/remotes/main [2ms]
2024-05-22 13:46:24.202 [info] > git status -z -uall [11ms]
2024-05-22 13:46:29.218 [info] > git config --get commit.template [6ms]
2024-05-22 13:46:29.219 [info] > git for-each-ref --format=%(refname)%00%(upstream:short)%00%(objectname)%00%(upstream:track)%00%(upstream:remotename)%00%(upstream:remoteref) refs/heads/main refs/remotes/main [2ms]
2024-05-22 13:46:29.232 [info] > git status -z -uall [8ms]
2024-05-22 13:46:34.251 [info] > git config --get commit.template [8ms]
2024-05-22 13:46:34.253 [info] > git for-each-ref --format=%(refname)%00%(upstream:short)%00%(objectname)%00%(upstream:track)%00%(upstream:remotename)%00%(upstream:remoteref) refs/heads/main refs/remotes/main [3ms]
2024-05-22 13:46:34.273 [info] > git status -z -uall [13ms]
2024-05-22 13:46:39.289 [info] > git config --get commit.template [2ms]
2024-05-22 13:46:39.298 [info] > git for-each-ref --format=%(refname)%00%(upstream:short)%00%(objectname)%00%(upstream:track)%00%(upstream:remotename)%00%(upstream:remoteref) refs/heads/main refs/remotes/main [2ms]
2024-05-22 13:46:39.319 [info] > git status -z -uall [14ms]
2024-05-22 13:46:44.338 [info] > git config --get commit.template [7ms]
2024-05-22 13:46:44.339 [info] > git for-each-ref --format=%(refname)%00%(upstream:short)%00%(objectname)%00%(upstream:track)%00%(upstream:remotename)%00%(upstream:remoteref) refs/heads/main refs/remotes/main [2ms]
2024-05-22 13:46:44.355 [info] > git status -z -uall [9ms]
2024-05-22 13:46:49.374 [info] > git config --get commit.template [8ms]
2024-05-22 13:46:49.375 [info] > git for-each-ref --format=%(refname)%00%(upstream:short)%00%(objectname)%00%(upstream:track)%00%(upstream:remotename)%00%(upstream:remoteref) refs/heads/main refs/remotes/main [1ms]
2024-05-22 13:46:49.390 [info] > git status -z -uall [10ms]
2024-05-22 13:46:55.220 [info] > git config --get commit.template [7ms]
2024-05-22 13:46:55.221 [info] > git for-each-ref --format=%(refname)%00%(upstream:short)%00%(objectname)%00%(upstream:track)%00%(upstream:remotename)%00%(upstream:remoteref) refs/heads/main refs/remotes/main [2ms]
2024-05-22 13:46:55.237 [info] > git status -z -uall [10ms]
2024-05-22 13:47:00.255 [info] > git config --get commit.template [6ms]
2024-05-22 13:47:00.256 [info] > git for-each-ref --format=%(refname)%00%(upstream:short)%00%(objectname)%00%(upstream:track)%00%(upstream:remotename)%00%(upstream:remoteref) refs/heads/main refs/remotes/main [2ms]
2024-05-22 13:47:00.273 [info] > git status -z -uall [11ms]
2024-05-22 13:47:05.293 [info] > git config --get commit.template [7ms]
2024-05-22 13:47:05.293 [info] > git for-each-ref --format=%(refname)%00%(upstream:short)%00%(objectname)%00%(upstream:track)%00%(upstream:remotename)%00%(upstream:remoteref) refs/heads/main refs/remotes/main [1ms]
2024-05-22 13:47:05.309 [info] > git status -z -uall [10ms]
2024-05-22 13:47:10.320 [info] > git config --get commit.template [1ms]
2024-05-22 13:47:10.326 [info] > git for-each-ref --format=%(refname)%00%(upstream:short)%00%(objectname)%00%(upstream:track)%00%(upstream:remotename)%00%(upstream:remoteref) refs/heads/main refs/remotes/main [1ms]
2024-05-22 13:47:10.341 [info] > git status -z -uall [9ms]
2024-05-22 13:47:15.356 [info] > git config --get commit.template [5ms]
2024-05-22 13:47:15.356 [info] > git for-each-ref --format=%(refname)%00%(upstream:short)%00%(objectname)%00%(upstream:track)%00%(upstream:remotename)%00%(upstream:remoteref) refs/heads/main refs/remotes/main [1ms]
2024-05-22 13:47:15.374 [info] > git status -z -uall [11ms]
2024-05-22 13:47:20.392 [info] > git config --get commit.template [6ms]
2024-05-22 13:47:20.392 [info] > git for-each-ref --format=%(refname)%00%(upstream:short)%00%(objectname)%00%(upstream:track)%00%(upstream:remotename)%00%(upstream:remoteref) refs/heads/main refs/remotes/main [2ms]
2024-05-22 13:47:20.409 [info] > git status -z -uall [11ms]
2024-05-22 13:47:25.430 [info] > git config --get commit.template [8ms]
2024-05-22 13:47:25.431 [info] > git for-each-ref --format=%(refname)%00%(upstream:short)%00%(objectname)%00%(upstream:track)%00%(upstream:remotename)%00%(upstream:remoteref) refs/heads/main refs/remotes/main [2ms]
2024-05-22 13:47:25.447 [info] > git status -z -uall [10ms]
2024-05-22 13:47:30.475 [info] > git config --get commit.template [13ms]
2024-05-22 13:47:30.476 [info] > git for-each-ref --format=%(refname)%00%(upstream:short)%00%(objectname)%00%(upstream:track)%00%(upstream:remotename)%00%(upstream:remoteref) refs/heads/main refs/remotes/main [2ms]
2024-05-22 13:47:30.499 [info] > git status -z -uall [14ms]
2024-05-22 13:47:35.524 [info] > git for-each-ref --format=%(refname)%00%(upstream:short)%00%(objectname)%00%(upstream:track)%00%(upstream:remotename)%00%(upstream:remoteref) refs/heads/main refs/remotes/main [2ms]
2024-05-22 13:47:35.524 [info] > git config --get commit.template [12ms]
2024-05-22 13:47:35.541 [info] > git status -z -uall [11ms]
2024-05-22 13:47:40.554 [info] > git config --get commit.template [1ms]
2024-05-22 13:47:40.568 [info] > git for-each-ref --format=%(refname)%00%(upstream:short)%00%(objectname)%00%(upstream:track)%00%(upstream:remotename)%00%(upstream:remoteref) refs/heads/main refs/remotes/main [2ms]
2024-05-22 13:47:40.594 [info] > git status -z -uall [19ms]
2024-05-22 13:47:45.613 [info] > git config --get commit.template [6ms]
2024-05-22 13:47:45.613 [info] > git for-each-ref --format=%(refname)%00%(upstream:short)%00%(objectname)%00%(upstream:track)%00%(upstream:remotename)%00%(upstream:remoteref) refs/heads/main refs/remotes/main [1ms]
2024-05-22 13:47:45.628 [info] > git status -z -uall [9ms]
2024-05-22 13:47:50.654 [info] > git config --get commit.template [8ms]
2024-05-22 13:47:50.655 [info] > git for-each-ref --format=%(refname)%00%(upstream:short)%00%(objectname)%00%(upstream:track)%00%(upstream:remotename)%00%(upstream:remoteref) refs/heads/main refs/remotes/main [2ms]
2024-05-22 13:47:50.677 [info] > git status -z -uall [14ms]
2024-05-22 13:47:55.694 [info] > git config --get commit.template [4ms]
2024-05-22 13:47:55.703 [info] > git for-each-ref --format=%(refname)%00%(upstream:short)%00%(objectname)%00%(upstream:track)%00%(upstream:remotename)%00%(upstream:remoteref) refs/heads/main refs/remotes/main [2ms]
2024-05-22 13:47:55.726 [info] > git status -z -uall [14ms]
2024-05-22 13:48:00.744 [info] > git config --get commit.template [7ms]
2024-05-22 13:48:00.744 [info] > git for-each-ref --format=%(refname)%00%(upstream:short)%00%(objectname)%00%(upstream:track)%00%(upstream:remotename)%00%(upstream:remoteref) refs/heads/main refs/remotes/main [1ms]
2024-05-22 13:48:00.760 [info] > git status -z -uall [10ms]
2024-05-22 13:48:05.774 [info] > git config --get commit.template [2ms]
2024-05-22 13:48:05.780 [info] > git for-each-ref --format=%(refname)%00%(upstream:short)%00%(objectname)%00%(upstream:track)%00%(upstream:remotename)%00%(upstream:remoteref) refs/heads/main refs/remotes/main [2ms]
2024-05-22 13:48:05.795 [info] > git status -z -uall [10ms]
2024-05-22 13:48:10.817 [info] > git for-each-ref --format=%(refname)%00%(upstream:short)%00%(objectname)%00%(upstream:track)%00%(upstream:remotename)%00%(upstream:remoteref) refs/heads/main refs/remotes/main [3ms]
2024-05-22 13:48:10.818 [info] > git config --get commit.template [10ms]
2024-05-22 13:48:10.835 [info] > git status -z -uall [8ms]
2024-05-22 13:48:15.858 [info] > git config --get commit.template [8ms]
2024-05-22 13:48:15.859 [info] > git for-each-ref --format=%(refname)%00%(upstream:short)%00%(objectname)%00%(upstream:track)%00%(upstream:remotename)%00%(upstream:remoteref) refs/heads/main refs/remotes/main [2ms]
2024-05-22 13:48:15.881 [info] > git status -z -uall [10ms]
2024-05-22 13:48:20.893 [info] > git config --get commit.template [2ms]
2024-05-22 13:48:20.900 [info] > git for-each-ref --format=%(refname)%00%(upstream:short)%00%(objectname)%00%(upstream:track)%00%(upstream:remotename)%00%(upstream:remoteref) refs/heads/main refs/remotes/main [2ms]
2024-05-22 13:48:20.916 [info] > git status -z -uall [10ms]
2024-05-22 13:48:25.937 [info] > git config --get commit.template [8ms]
2024-05-22 13:48:25.939 [info] > git for-each-ref --format=%(refname)%00%(upstream:short)%00%(objectname)%00%(upstream:track)%00%(upstream:remotename)%00%(upstream:remoteref) refs/heads/main refs/remotes/main [1ms]
2024-05-22 13:48:25.957 [info] > git status -z -uall [11ms]
2024-05-22 13:48:30.976 [info] > git config --get commit.template [6ms]
2024-05-22 13:48:30.977 [info] > git for-each-ref --format=%(refname)%00%(upstream:short)%00%(objectname)%00%(upstream:track)%00%(upstream:remotename)%00%(upstream:remoteref) refs/heads/main refs/remotes/main [2ms]
2024-05-22 13:48:30.996 [info] > git status -z -uall [9ms]
2024-05-22 13:48:36.010 [info] > git config --get commit.template [2ms]
2024-05-22 13:48:36.018 [info] > git for-each-ref --format=%(refname)%00%(upstream:short)%00%(objectname)%00%(upstream:track)%00%(upstream:remotename)%00%(upstream:remoteref) refs/heads/main refs/remotes/main [1ms]
2024-05-22 13:48:36.033 [info] > git status -z -uall [9ms]
2024-05-22 13:48:41.051 [info] > git config --get commit.template [6ms]
2024-05-22 13:48:41.052 [info] > git for-each-ref --format=%(refname)%00%(upstream:short)%00%(objectname)%00%(upstream:track)%00%(upstream:remotename)%00%(upstream:remoteref) refs/heads/main refs/remotes/main [2ms]
2024-05-22 13:48:41.067 [info] > git status -z -uall [9ms]
2024-05-22 13:48:46.085 [info] > git config --get commit.template [6ms]
2024-05-22 13:48:46.089 [info] > git for-each-ref --format=%(refname)%00%(upstream:short)%00%(objectname)%00%(upstream:track)%00%(upstream:remotename)%00%(upstream:remoteref) refs/heads/main refs/remotes/main [5ms]
2024-05-22 13:48:46.102 [info] > git status -z -uall [8ms]
2024-05-22 13:48:51.122 [info] > git config --get commit.template [8ms]
2024-05-22 13:48:51.123 [info] > git for-each-ref --format=%(refname)%00%(upstream:short)%00%(objectname)%00%(upstream:track)%00%(upstream:remotename)%00%(upstream:remoteref) refs/heads/main refs/remotes/main [2ms]
2024-05-22 13:48:51.143 [info] > git status -z -uall [11ms]
2024-05-22 13:48:56.166 [info] > git config --get commit.template [8ms]
2024-05-22 13:48:56.167 [info] > git for-each-ref --format=%(refname)%00%(upstream:short)%00%(objectname)%00%(upstream:track)%00%(upstream:remotename)%00%(upstream:remoteref) refs/heads/main refs/remotes/main [3ms]
2024-05-22 13:48:56.189 [info] > git status -z -uall [14ms]
2024-05-22 13:49:01.204 [info] > git config --get commit.template [6ms]
2024-05-22 13:49:01.205 [info] > git for-each-ref --format=%(refname)%00%(upstream:short)%00%(objectname)%00%(upstream:track)%00%(upstream:remotename)%00%(upstream:remoteref) refs/heads/main refs/remotes/main [2ms]
2024-05-22 13:49:01.217 [info] > git status -z -uall [7ms]
2024-05-22 13:49:06.239 [info] > git config --get commit.template [10ms]
2024-05-22 13:49:06.241 [info] > git for-each-ref --format=%(refname)%00%(upstream:short)%00%(objectname)%00%(upstream:track)%00%(upstream:remotename)%00%(upstream:remoteref) refs/heads/main refs/remotes/main [2ms]
2024-05-22 13:49:06.260 [info] > git status -z -uall [12ms]
2024-05-22 13:49:11.280 [info] > git config --get commit.template [8ms]
2024-05-22 13:49:11.281 [info] > git for-each-ref --format=%(refname)%00%(upstream:short)%00%(objectname)%00%(upstream:track)%00%(upstream:remotename)%00%(upstream:remoteref) refs/heads/main refs/remotes/main [2ms]
2024-05-22 13:49:11.303 [info] > git status -z -uall [14ms]
2024-05-22 13:49:16.323 [info] > git config --get commit.template [6ms]
2024-05-22 13:49:16.323 [info] > git for-each-ref --format=%(refname)%00%(upstream:short)%00%(objectname)%00%(upstream:track)%00%(upstream:remotename)%00%(upstream:remoteref) refs/heads/main refs/remotes/main [1ms]
2024-05-22 13:49:16.338 [info] > git status -z -uall [9ms]
2024-05-22 13:49:21.363 [info] > git config --get commit.template [11ms]
2024-05-22 13:49:21.364 [info] > git for-each-ref --format=%(refname)%00%(upstream:short)%00%(objectname)%00%(upstream:track)%00%(upstream:remotename)%00%(upstream:remoteref) refs/heads/main refs/remotes/main [3ms]
2024-05-22 13:49:21.386 [info] > git status -z -uall [14ms]
2024-05-22 13:49:26.401 [info] > git config --get commit.template [5ms]
2024-05-22 13:49:26.401 [info] > git for-each-ref --format=%(refname)%00%(upstream:short)%00%(objectname)%00%(upstream:track)%00%(upstream:remotename)%00%(upstream:remoteref) refs/heads/main refs/remotes/main [2ms]
2024-05-22 13:49:26.412 [info] > git status -z -uall [7ms]
2024-05-22 13:49:31.425 [info] > git config --get commit.template [2ms]
2024-05-22 13:49:31.431 [info] > git for-each-ref --format=%(refname)%00%(upstream:short)%00%(objectname)%00%(upstream:track)%00%(upstream:remotename)%00%(upstream:remoteref) refs/heads/main refs/remotes/main [1ms]
2024-05-22 13:49:31.445 [info] > git status -z -uall [9ms]
2024-05-22 13:49:36.465 [info] > git config --get commit.template [7ms]
2024-05-22 13:49:36.466 [info] > git for-each-ref --format=%(refname)%00%(upstream:short)%00%(objectname)%00%(upstream:track)%00%(upstream:remotename)%00%(upstream:remoteref) refs/heads/main refs/remotes/main [2ms]
2024-05-22 13:49:36.483 [info] > git status -z -uall [10ms]
2024-05-22 13:49:44.279 [info] > git config --get commit.template [3ms]
2024-05-22 13:49:44.289 [info] > git for-each-ref --format=%(refname)%00%(upstream:short)%00%(objectname)%00%(upstream:track)%00%(upstream:remotename)%00%(upstream:remoteref) refs/heads/main refs/remotes/main [3ms]
2024-05-22 13:49:44.311 [info] > git status -z -uall [14ms]
2024-05-22 13:49:49.336 [info] > git config --get commit.template [9ms]
2024-05-22 13:49:49.337 [info] > git for-each-ref --format=%(refname)%00%(upstream:short)%00%(objectname)%00%(upstream:track)%00%(upstream:remotename)%00%(upstream:remoteref) refs/heads/main refs/remotes/main [2ms]
2024-05-22 13:49:49.354 [info] > git status -z -uall [9ms]
2024-05-22 13:49:57.281 [info] > git config --get commit.template [3ms]
2024-05-22 13:49:57.287 [info] > git for-each-ref --format=%(refname)%00%(upstream:short)%00%(objectname)%00%(upstream:track)%00%(upstream:remotename)%00%(upstream:remoteref) refs/heads/main refs/remotes/main [2ms]
2024-05-22 13:49:57.303 [info] > git status -z -uall [10ms]
2024-05-22 13:50:02.318 [info] > git config --get commit.template [2ms]
2024-05-22 13:50:02.327 [info] > git for-each-ref --format=%(refname)%00%(upstream:short)%00%(objectname)%00%(upstream:track)%00%(upstream:remotename)%00%(upstream:remoteref) refs/heads/main refs/remotes/main [2ms]
2024-05-22 13:50:02.350 [info] > git status -z -uall [15ms]
2024-05-22 13:50:07.365 [info] > git config --get commit.template [1ms]
2024-05-22 13:50:07.371 [info] > git for-each-ref --format=%(refname)%00%(upstream:short)%00%(objectname)%00%(upstream:track)%00%(upstream:remotename)%00%(upstream:remoteref) refs/heads/main refs/remotes/main [1ms]
2024-05-22 13:50:07.387 [info] > git status -z -uall [11ms]
2024-05-22 13:50:12.400 [info] > git config --get commit.template [5ms]
2024-05-22 13:50:12.401 [info] > git for-each-ref --format=%(refname)%00%(upstream:short)%00%(objectname)%00%(upstream:track)%00%(upstream:remotename)%00%(upstream:remoteref) refs/heads/main refs/remotes/main [1ms]
2024-05-22 13:50:12.411 [info] > git status -z -uall [6ms]
2024-05-22 13:50:17.429 [info] > git config --get commit.template [6ms]
2024-05-22 13:50:17.431 [info] > git for-each-ref --format=%(refname)%00%(upstream:short)%00%(objectname)%00%(upstream:track)%00%(upstream:remotename)%00%(upstream:remoteref) refs/heads/main refs/remotes/main [3ms]
2024-05-22 13:50:17.445 [info] > git status -z -uall [9ms]
2024-05-22 13:50:22.459 [info] > git config --get commit.template [3ms]
2024-05-22 13:50:22.468 [info] > git for-each-ref --format=%(refname)%00%(upstream:short)%00%(objectname)%00%(upstream:track)%00%(upstream:remotename)%00%(upstream:remoteref) refs/heads/main refs/remotes/main [2ms]
2024-05-22 13:50:22.485 [info] > git status -z -uall [11ms]
2024-05-22 13:50:27.505 [info] > git config --get commit.template [7ms]
2024-05-22 13:50:27.506 [info] > git for-each-ref --format=%(refname)%00%(upstream:short)%00%(objectname)%00%(upstream:track)%00%(upstream:remotename)%00%(upstream:remoteref) refs/heads/main refs/remotes/main [2ms]
2024-05-22 13:50:27.519 [info] > git status -z -uall [8ms]
2024-05-22 13:50:32.531 [info] > git config --get commit.template [2ms]
2024-05-22 13:50:32.538 [info] > git for-each-ref --format=%(refname)%00%(upstream:short)%00%(objectname)%00%(upstream:track)%00%(upstream:remotename)%00%(upstream:remoteref) refs/heads/main refs/remotes/main [2ms]
2024-05-22 13:50:32.557 [info] > git status -z -uall [12ms]
2024-05-22 13:52:17.059 [info] > git config --get commit.template [11ms]
2024-05-22 13:52:17.060 [info] > git for-each-ref --format=%(refname)%00%(upstream:short)%00%(objectname)%00%(upstream:track)%00%(upstream:remotename)%00%(upstream:remoteref) refs/heads/main refs/remotes/main [3ms]
2024-05-22 13:52:17.145 [info] > git status -z -uall [76ms] (cancelled)
2024-05-22 13:52:31.870 [info] > git check-ignore -v -z --stdin [3ms]
2024-05-22 13:52:33.876 [info] > git show --textconv :email.yaml [19ms]
2024-05-22 13:52:33.880 [info] > git ls-files --stage -- /home/ndao/email.yaml [7ms]
2024-05-22 13:52:33.898 [info] > git cat-file -s fe89dbf0d4d18617bc246b47efe55cc8c4d77a3e [3ms]
2024-05-22 13:57:00.840 [info] > git show --textconv :credentials.yaml [14ms]
2024-05-22 13:57:00.844 [info] > git ls-files --stage -- /home/ndao/credentials.yaml [7ms]
2024-05-22 13:57:00.935 [info] > git check-ignore -v -z --stdin [3ms]
2024-05-22 13:57:56.586 [info] > git show --textconv :email.yaml [12ms]
2024-05-22 13:57:56.590 [info] > git ls-files --stage -- /home/ndao/email.yaml [6ms]
2024-05-22 13:57:56.606 [info] > git cat-file -s fe89dbf0d4d18617bc246b47efe55cc8c4d77a3e [3ms]
2024-05-22 13:59:03.116 [info] > git show --textconv :credentials.yaml [16ms]
2024-05-22 13:59:03.119 [info] > git ls-files --stage -- /home/ndao/credentials.yaml [7ms]
2024-05-22 13:59:10.726 [info] > git show --textconv :email.yaml [16ms]
2024-05-22 13:59:10.738 [info] > git ls-files --stage -- /home/ndao/email.yaml [12ms]
2024-05-22 13:59:10.753 [info] > git cat-file -s fe89dbf0d4d18617bc246b47efe55cc8c4d77a3e [2ms]
2024-05-22 14:04:37.183 [info] > git show --textconv :credentials.yaml [13ms]
2024-05-22 14:04:37.185 [info] > git ls-files --stage -- /home/ndao/credentials.yaml [3ms]
2024-05-22 14:04:41.172 [info] > git show --textconv :email.yaml [12ms]
2024-05-22 14:04:41.173 [info] > git ls-files --stage -- /home/ndao/email.yaml [4ms]
2024-05-22 14:04:41.180 [info] > git cat-file -s fe89dbf0d4d18617bc246b47efe55cc8c4d77a3e [1ms]
2024-05-22 14:05:43.835 [info] > git show --textconv :credentials.yaml [10ms]
2024-05-22 14:05:43.837 [info] > git ls-files --stage -- /home/ndao/credentials.yaml [4ms]
2024-05-22 14:18:34.098 [info] > git show --textconv :email.yaml [27ms]
2024-05-22 14:18:34.103 [info] > git ls-files --stage -- /home/ndao/email.yaml [6ms]
2024-05-22 14:18:34.116 [info] > git cat-file -s fe89dbf0d4d18617bc246b47efe55cc8c4d77a3e [2ms]
2024-05-22 14:49:57.041 [info] > git show --textconv :credentials.yaml [8ms]
2024-05-22 14:49:57.043 [info] > git ls-files --stage -- /home/ndao/credentials.yaml [2ms]
2024-05-22 14:51:27.295 [info] > git show --textconv :email.yaml [8ms]
2024-05-22 14:51:27.296 [info] > git ls-files --stage -- /home/ndao/email.yaml [3ms]
2024-05-22 14:51:27.304 [info] > git cat-file -s fe89dbf0d4d18617bc246b47efe55cc8c4d77a3e [1ms]
