2024-07-15 08:02:15.803 [info] (Client) Pylance async client (2024.7.1) started with python extension (2024.10.0)
2024-07-15 08:02:17.028 [info] [Info  - 8:02:17 AM] (482) Pylance language server 2024.7.1 (pyright version 1.1.369, commit 1168be71) starting
2024-07-15 08:02:17.030 [info] [Info  - 8:02:17 AM] (482) Server root directory: file:///home/ndao/.vscode-server/extensions/ms-python.vscode-pylance-2024.7.1/dist
2024-07-15 08:02:17.031 [info] [Info  - 8:02:17 AM] (482) Starting service instance "DB_Provisionning"
2024-07-15 08:02:17.353 [info] [Info  - 8:02:17 AM] (482) Setting pythonPath for service "DB_Provisionning": "/bin/python3"
2024-07-15 08:02:17.353 [info] [Info  - 8:02:17 AM] (482) Setting environmentName for service "DB_Provisionning": "3.8.10 (global)"
2024-07-15 08:02:17.353 [info] [Info  - 8:02:17 AM] (482) No include entries specified; assuming /home/ndao/DB_Provisionning
2024-07-15 08:02:17.357 [info] [Info  - 8:02:17 AM] (482) Auto-excluding **/node_modules
2024-07-15 08:02:17.363 [info] [Info  - 8:02:17 AM] (482) Auto-excluding **/__pycache__
2024-07-15 08:02:17.364 [info] [Info  - 8:02:17 AM] (482) Auto-excluding **/.*
2024-07-15 08:02:17.411 [info] [Info  - 8:02:17 AM] (482) Assuming Python version 3.8.10.final.0
2024-07-15 08:02:17.626 [info] [Info  - 8:02:17 AM] (482) No source files found.
2024-07-15 08:02:17.868 [info] [Info  - 8:02:17 AM] (482) Background analysis(1) root directory: file:///home/ndao/.vscode-server/extensions/ms-python.vscode-pylance-2024.7.1/dist
2024-07-15 08:02:17.871 [info] [Info  - 8:02:17 AM] (482) Background analysis(1) started
2024-07-15 09:51:41.004 [info] [Info  - 9:51:41 AM] (482) Setting pythonPath for service "DB_Provisionning": "/bin/python3"
2024-07-15 09:51:41.010 [info] [Info  - 9:51:41 AM] (482) Setting environmentName for service "DB_Provisionning": "3.8.10 (global)"
2024-07-15 09:51:41.012 [info] [Info  - 9:51:41 AM] (482) No include entries specified; assuming /home/ndao/DB_Provisionning
2024-07-15 09:51:41.014 [info] [Info  - 9:51:41 AM] (482) Auto-excluding **/node_modules
2024-07-15 09:51:41.016 [info] [Info  - 9:51:41 AM] (482) Auto-excluding **/__pycache__
2024-07-15 09:51:41.017 [info] [Info  - 9:51:41 AM] (482) Auto-excluding **/.*
2024-07-15 09:51:41.017 [info] [Info  - 9:51:41 AM] (482) Assuming Python version 3.8.10.final.0
2024-07-15 09:51:41.017 [info] [Info  - 9:51:41 AM] (482) No source files found.
2024-07-15 09:51:41.077 [info] [Info  - 9:51:41 AM] (482) Setting pythonPath for service "DB_Provisionning": "/bin/python3"
2024-07-15 09:51:41.078 [info] [Info  - 9:51:41 AM] (482) Setting environmentName for service "DB_Provisionning": "3.8.10 (global)"
2024-07-15 09:51:41.078 [info] [Info  - 9:51:41 AM] (482) No include entries specified; assuming /home/ndao/DB_Provisionning
2024-07-15 09:51:41.078 [info] [Info  - 9:51:41 AM] (482) Auto-excluding **/node_modules
2024-07-15 09:51:41.078 [info] [Info  - 9:51:41 AM] (482) Auto-excluding **/__pycache__
2024-07-15 09:51:41.078 [info] [Info  - 9:51:41 AM] (482) Auto-excluding **/.*
2024-07-15 09:51:41.122 [info] [Info  - 9:51:41 AM] (482) Assuming Python version 3.8.10.final.0
2024-07-15 09:51:41.357 [info] [Info  - 9:51:41 AM] (482) No source files found.
2024-07-15 09:51:43.167 [info] [Info  - 9:51:43 AM] (482) Setting pythonPath for service "DB_Provisionning": "/bin/python3"
2024-07-15 09:51:43.167 [info] [Info  - 9:51:43 AM] (482) Setting environmentName for service "DB_Provisionning": "3.8.10 (global)"
2024-07-15 09:51:43.167 [info] [Info  - 9:51:43 AM] (482) No include entries specified; assuming /home/ndao/DB_Provisionning
2024-07-15 09:51:43.168 [info] [Info  - 9:51:43 AM] (482) Auto-excluding **/node_modules
2024-07-15 09:51:43.168 [info] [Info  - 9:51:43 AM] (482) Auto-excluding **/__pycache__
2024-07-15 09:51:43.168 [info] [Info  - 9:51:43 AM] (482) Auto-excluding **/.*
2024-07-15 09:51:43.217 [info] [Info  - 9:51:43 AM] (482) Assuming Python version 3.8.10.final.0
2024-07-15 09:51:43.356 [info] [Info  - 9:51:43 AM] (482) No source files found.
2024-07-15 09:51:44.424 [info] [Info  - 9:51:44 AM] (482) Setting pythonPath for service "DB_Provisionning": "/bin/python3"
2024-07-15 09:51:44.424 [info] [Info  - 9:51:44 AM] (482) Setting environmentName for service "DB_Provisionning": "3.8.10 (global)"
2024-07-15 09:51:44.424 [info] [Info  - 9:51:44 AM] (482) No include entries specified; assuming /home/ndao/DB_Provisionning
2024-07-15 09:51:44.425 [info] [Info  - 9:51:44 AM] (482) Auto-excluding **/node_modules
2024-07-15 09:51:44.425 [info] [Info  - 9:51:44 AM] (482) Auto-excluding **/__pycache__
2024-07-15 09:51:44.425 [info] [Info  - 9:51:44 AM] (482) Auto-excluding **/.*
2024-07-15 09:51:44.486 [info] [Info  - 9:51:44 AM] (482) Assuming Python version 3.8.10.final.0
2024-07-15 09:51:44.576 [info] [Info  - 9:51:44 AM] (482) No source files found.
2024-07-15 10:06:46.734 [info] [Info  - 10:06:46 AM] (482) Setting pythonPath for service "DB_Provisionning": "/bin/python3"
2024-07-15 10:06:46.736 [info] [Info  - 10:06:46 AM] (482) Setting environmentName for service "DB_Provisionning": "3.8.10 (global)"
2024-07-15 10:06:46.738 [info] [Info  - 10:06:46 AM] (482) No include entries specified; assuming /home/ndao/DB_Provisionning
2024-07-15 10:06:46.740 [info] [Info  - 10:06:46 AM] (482) Auto-excluding **/node_modules
2024-07-15 10:06:46.750 [info] [Info  - 10:06:46 AM] (482) Auto-excluding **/__pycache__
2024-07-15 10:06:46.750 [info] [Info  - 10:06:46 AM] (482) Auto-excluding **/.*
2024-07-15 10:06:46.855 [info] [Info  - 10:06:46 AM] (482) Assuming Python version 3.8.10.final.0
2024-07-15 10:06:47.021 [info] [Info  - 10:06:47 AM] (482) No source files found.
2024-07-15 10:06:56.493 [info] [Info  - 10:06:56 AM] (482) Setting pythonPath for service "DB_Provisionning": "/bin/python3"
2024-07-15 10:06:56.493 [info] [Info  - 10:06:56 AM] (482) Setting environmentName for service "DB_Provisionning": "3.8.10 (global)"
2024-07-15 10:06:56.493 [info] [Info  - 10:06:56 AM] (482) No include entries specified; assuming /home/ndao/DB_Provisionning
2024-07-15 10:06:56.494 [info] [Info  - 10:06:56 AM] (482) Auto-excluding **/node_modules
2024-07-15 10:06:56.494 [info] [Info  - 10:06:56 AM] (482) Auto-excluding **/__pycache__
2024-07-15 10:06:56.494 [info] [Info  - 10:06:56 AM] (482) Auto-excluding **/.*
2024-07-15 10:06:56.575 [info] [Info  - 10:06:56 AM] (482) Assuming Python version 3.8.10.final.0
2024-07-15 10:06:57.176 [info] [Info  - 10:06:57 AM] (482) No source files found.
2024-07-15 10:06:57.278 [info] [Info  - 10:06:57 AM] (482) Setting pythonPath for service "DB_Provisionning": "/bin/python3"
2024-07-15 10:06:57.278 [info] [Info  - 10:06:57 AM] (482) Setting environmentName for service "DB_Provisionning": "3.8.10 (global)"
2024-07-15 10:06:57.279 [info] [Info  - 10:06:57 AM] (482) No include entries specified; assuming /home/ndao/DB_Provisionning
2024-07-15 10:06:57.279 [info] [Info  - 10:06:57 AM] (482) Auto-excluding **/node_modules
2024-07-15 10:06:57.279 [info] [Info  - 10:06:57 AM] (482) Auto-excluding **/__pycache__
2024-07-15 10:06:57.279 [info] [Info  - 10:06:57 AM] (482) Auto-excluding **/.*
2024-07-15 10:06:57.336 [info] [Info  - 10:06:57 AM] (482) Assuming Python version 3.8.10.final.0
2024-07-15 10:06:57.429 [info] [Info  - 10:06:57 AM] (482) No source files found.
2024-07-15 10:07:03.067 [info] [Info  - 10:07:03 AM] (482) Setting pythonPath for service "DB_Provisionning": "/bin/python3"
2024-07-15 10:07:03.068 [info] [Info  - 10:07:03 AM] (482) Setting environmentName for service "DB_Provisionning": "3.8.10 (global)"
2024-07-15 10:07:03.068 [info] [Info  - 10:07:03 AM] (482) No include entries specified; assuming /home/ndao/DB_Provisionning
2024-07-15 10:07:03.068 [info] [Info  - 10:07:03 AM] (482) Auto-excluding **/node_modules
2024-07-15 10:07:03.069 [info] [Info  - 10:07:03 AM] (482) Auto-excluding **/__pycache__
2024-07-15 10:07:03.069 [info] [Info  - 10:07:03 AM] (482) Auto-excluding **/.*
2024-07-15 10:07:03.130 [info] [Info  - 10:07:03 AM] (482) Assuming Python version 3.8.10.final.0
2024-07-15 10:07:03.246 [info] [Info  - 10:07:03 AM] (482) No source files found.
2024-07-15 10:07:42.110 [info] [Info  - 10:07:42 AM] (482) Setting pythonPath for service "DB_Provisionning": "/bin/python3"
2024-07-15 10:07:42.110 [info] [Info  - 10:07:42 AM] (482) Setting environmentName for service "DB_Provisionning": "3.8.10 (global)"
2024-07-15 10:07:42.110 [info] [Info  - 10:07:42 AM] (482) No include entries specified; assuming /home/ndao/DB_Provisionning
2024-07-15 10:07:42.110 [info] [Info  - 10:07:42 AM] (482) Auto-excluding **/node_modules
2024-07-15 10:07:42.110 [info] [Info  - 10:07:42 AM] (482) Auto-excluding **/__pycache__
2024-07-15 10:07:42.111 [info] [Info  - 10:07:42 AM] (482) Auto-excluding **/.*
2024-07-15 10:07:42.155 [info] [Info  - 10:07:42 AM] (482) Assuming Python version 3.8.10.final.0
2024-07-15 10:07:42.221 [info] [Info  - 10:07:42 AM] (482) No source files found.
2024-07-15 10:07:42.974 [info] [Info  - 10:07:42 AM] (482) Setting pythonPath for service "DB_Provisionning": "/bin/python3"
2024-07-15 10:07:42.975 [info] [Info  - 10:07:42 AM] (482) Setting environmentName for service "DB_Provisionning": "3.8.10 (global)"
2024-07-15 10:07:42.975 [info] [Info  - 10:07:42 AM] (482) No include entries specified; assuming /home/ndao/DB_Provisionning
2024-07-15 10:07:42.986 [info] [Info  - 10:07:42 AM] (482) Auto-excluding **/node_modules
2024-07-15 10:07:42.987 [info] [Info  - 10:07:42 AM] (482) Auto-excluding **/__pycache__
2024-07-15 10:07:42.987 [info] [Info  - 10:07:42 AM] (482) Auto-excluding **/.*
2024-07-15 10:07:42.987 [info] [Info  - 10:07:42 AM] (482) Assuming Python version 3.8.10.final.0
2024-07-15 10:07:43.332 [info] [Info  - 10:07:43 AM] (482) No source files found.
2024-07-15 10:07:43.460 [info] [Info  - 10:07:43 AM] (482) Setting pythonPath for service "DB_Provisionning": "/bin/python3"
2024-07-15 10:07:43.460 [info] [Info  - 10:07:43 AM] (482) Setting environmentName for service "DB_Provisionning": "3.8.10 (global)"
2024-07-15 10:07:43.460 [info] [Info  - 10:07:43 AM] (482) No include entries specified; assuming /home/ndao/DB_Provisionning
2024-07-15 10:07:43.460 [info] [Info  - 10:07:43 AM] (482) Auto-excluding **/node_modules
2024-07-15 10:07:43.460 [info] [Info  - 10:07:43 AM] (482) Auto-excluding **/__pycache__
2024-07-15 10:07:43.461 [info] [Info  - 10:07:43 AM] (482) Auto-excluding **/.*
2024-07-15 10:07:43.498 [info] [Info  - 10:07:43 AM] (482) Assuming Python version 3.8.10.final.0
2024-07-15 10:07:43.576 [info] [Info  - 10:07:43 AM] (482) No source files found.
2024-07-15 10:07:45.412 [info] [Info  - 10:07:45 AM] (482) Setting pythonPath for service "DB_Provisionning": "/bin/python3"
2024-07-15 10:07:45.412 [info] [Info  - 10:07:45 AM] (482) Setting environmentName for service "DB_Provisionning": "3.8.10 (global)"
2024-07-15 10:07:45.412 [info] [Info  - 10:07:45 AM] (482) No include entries specified; assuming /home/ndao/DB_Provisionning
2024-07-15 10:07:45.412 [info] [Info  - 10:07:45 AM] (482) Auto-excluding **/node_modules
2024-07-15 10:07:45.413 [info] [Info  - 10:07:45 AM] (482) Auto-excluding **/__pycache__
2024-07-15 10:07:45.413 [info] [Info  - 10:07:45 AM] (482) Auto-excluding **/.*
2024-07-15 10:07:45.464 [info] [Info  - 10:07:45 AM] (482) Assuming Python version 3.8.10.final.0
2024-07-15 10:07:45.534 [info] [Info  - 10:07:45 AM] (482) No source files found.
2024-07-15 10:07:57.559 [info] [Info  - 10:07:57 AM] (482) Setting pythonPath for service "DB_Provisionning": "/bin/python3"
2024-07-15 10:07:57.559 [info] [Info  - 10:07:57 AM] (482) Setting environmentName for service "DB_Provisionning": "3.8.10 (global)"
2024-07-15 10:07:57.560 [info] [Info  - 10:07:57 AM] (482) No include entries specified; assuming /home/ndao/DB_Provisionning
2024-07-15 10:07:57.560 [info] [Info  - 10:07:57 AM] (482) Auto-excluding **/node_modules
2024-07-15 10:07:57.561 [info] [Info  - 10:07:57 AM] (482) Auto-excluding **/__pycache__
2024-07-15 10:07:57.562 [info] [Info  - 10:07:57 AM] (482) Auto-excluding **/.*
2024-07-15 10:07:57.594 [info] [Info  - 10:07:57 AM] (482) Assuming Python version 3.8.10.final.0
2024-07-15 10:07:57.654 [info] [Info  - 10:07:57 AM] (482) No source files found.
2024-07-15 10:07:58.428 [info] [Info  - 10:07:58 AM] (482) Setting pythonPath for service "DB_Provisionning": "/bin/python3"
2024-07-15 10:07:58.428 [info] [Info  - 10:07:58 AM] (482) Setting environmentName for service "DB_Provisionning": "3.8.10 (global)"
2024-07-15 10:07:58.429 [info] [Info  - 10:07:58 AM] (482) No include entries specified; assuming /home/ndao/DB_Provisionning
2024-07-15 10:07:58.429 [info] [Info  - 10:07:58 AM] (482) Auto-excluding **/node_modules
2024-07-15 10:07:58.429 [info] [Info  - 10:07:58 AM] (482) Auto-excluding **/__pycache__
2024-07-15 10:07:58.429 [info] [Info  - 10:07:58 AM] (482) Auto-excluding **/.*
2024-07-15 10:07:58.758 [info] [Info  - 10:07:58 AM] (482) Assuming Python version 3.8.10.final.0
2024-07-15 10:07:58.766 [info] [Info  - 10:07:58 AM] (482) No source files found.
2024-07-15 10:07:58.802 [info] [Info  - 10:07:58 AM] (482) Setting pythonPath for service "DB_Provisionning": "/bin/python3"
2024-07-15 10:07:58.802 [info] [Info  - 10:07:58 AM] (482) Setting environmentName for service "DB_Provisionning": "3.8.10 (global)"
2024-07-15 10:07:58.803 [info] [Info  - 10:07:58 AM] (482) No include entries specified; assuming /home/ndao/DB_Provisionning
2024-07-15 10:07:58.803 [info] [Info  - 10:07:58 AM] (482) Auto-excluding **/node_modules
2024-07-15 10:07:58.803 [info] [Info  - 10:07:58 AM] (482) Auto-excluding **/__pycache__
2024-07-15 10:07:58.803 [info] [Info  - 10:07:58 AM] (482) Auto-excluding **/.*
2024-07-15 10:07:58.944 [info] [Info  - 10:07:58 AM] (482) Assuming Python version 3.8.10.final.0
2024-07-15 10:07:58.944 [info] [Info  - 10:07:58 AM] (482) No source files found.
2024-07-15 10:08:01.393 [info] [Info  - 10:08:01 AM] (482) Setting pythonPath for service "DB_Provisionning": "/bin/python3"
2024-07-15 10:08:01.393 [info] [Info  - 10:08:01 AM] (482) Setting environmentName for service "DB_Provisionning": "3.8.10 (global)"
2024-07-15 10:08:01.393 [info] [Info  - 10:08:01 AM] (482) No include entries specified; assuming /home/ndao/DB_Provisionning
2024-07-15 10:08:01.393 [info] [Info  - 10:08:01 AM] (482) Auto-excluding **/node_modules
2024-07-15 10:08:01.393 [info] [Info  - 10:08:01 AM] (482) Auto-excluding **/__pycache__
2024-07-15 10:08:01.394 [info] [Info  - 10:08:01 AM] (482) Auto-excluding **/.*
2024-07-15 10:08:01.430 [info] [Info  - 10:08:01 AM] (482) Assuming Python version 3.8.10.final.0
2024-07-15 10:08:01.515 [info] [Info  - 10:08:01 AM] (482) No source files found.
2024-07-15 10:08:19.066 [info] [Info  - 10:08:19 AM] (482) Setting pythonPath for service "DB_Provisionning": "/bin/python3"
2024-07-15 10:08:19.067 [info] [Info  - 10:08:19 AM] (482) Setting environmentName for service "DB_Provisionning": "3.8.10 (global)"
2024-07-15 10:08:19.067 [info] [Info  - 10:08:19 AM] (482) No include entries specified; assuming /home/ndao/DB_Provisionning
2024-07-15 10:08:19.067 [info] [Info  - 10:08:19 AM] (482) Auto-excluding **/node_modules
2024-07-15 10:08:19.067 [info] [Info  - 10:08:19 AM] (482) Auto-excluding **/__pycache__
2024-07-15 10:08:19.067 [info] [Info  - 10:08:19 AM] (482) Auto-excluding **/.*
2024-07-15 10:08:19.103 [info] [Info  - 10:08:19 AM] (482) Assuming Python version 3.8.10.final.0
2024-07-15 10:08:19.162 [info] [Info  - 10:08:19 AM] (482) No source files found.
2024-07-15 10:08:19.967 [info] [Info  - 10:08:19 AM] (482) Setting pythonPath for service "DB_Provisionning": "/bin/python3"
2024-07-15 10:08:19.967 [info] [Info  - 10:08:19 AM] (482) Setting environmentName for service "DB_Provisionning": "3.8.10 (global)"
2024-07-15 10:08:19.967 [info] [Info  - 10:08:19 AM] (482) No include entries specified; assuming /home/ndao/DB_Provisionning
2024-07-15 10:08:19.967 [info] [Info  - 10:08:19 AM] (482) Auto-excluding **/node_modules
2024-07-15 10:08:19.967 [info] [Info  - 10:08:19 AM] (482) Auto-excluding **/__pycache__
2024-07-15 10:08:19.967 [info] [Info  - 10:08:19 AM] (482) Auto-excluding **/.*
2024-07-15 10:08:20.009 [info] [Info  - 10:08:20 AM] (482) Assuming Python version 3.8.10.final.0
2024-07-15 10:08:20.105 [info] [Info  - 10:08:20 AM] (482) No source files found.
2024-07-15 10:08:21.364 [info] [Info  - 10:08:21 AM] (482) Setting pythonPath for service "DB_Provisionning": "/bin/python3"
2024-07-15 10:08:21.365 [info] [Info  - 10:08:21 AM] (482) Setting environmentName for service "DB_Provisionning": "3.8.10 (global)"
2024-07-15 10:08:21.365 [info] [Info  - 10:08:21 AM] (482) No include entries specified; assuming /home/ndao/DB_Provisionning
2024-07-15 10:08:21.370 [info] [Info  - 10:08:21 AM] (482) Auto-excluding **/node_modules
2024-07-15 10:08:21.371 [info] [Info  - 10:08:21 AM] (482) Auto-excluding **/__pycache__
2024-07-15 10:08:21.371 [info] [Info  - 10:08:21 AM] (482) Auto-excluding **/.*
2024-07-15 10:08:21.453 [info] [Info  - 10:08:21 AM] (482) Assuming Python version 3.8.10.final.0
2024-07-15 10:08:21.548 [info] [Info  - 10:08:21 AM] (482) No source files found.
2024-07-15 10:08:30.967 [info] [Info  - 10:08:30 AM] (482) Setting pythonPath for service "DB_Provisionning": "/bin/python3"
2024-07-15 10:08:30.967 [info] [Info  - 10:08:30 AM] (482) Setting environmentName for service "DB_Provisionning": "3.8.10 (global)"
2024-07-15 10:08:30.968 [info] [Info  - 10:08:30 AM] (482) No include entries specified; assuming /home/ndao/DB_Provisionning
2024-07-15 10:08:30.968 [info] [Info  - 10:08:30 AM] (482) Auto-excluding **/node_modules
2024-07-15 10:08:30.968 [info] [Info  - 10:08:30 AM] (482) Auto-excluding **/__pycache__
2024-07-15 10:08:30.968 [info] [Info  - 10:08:30 AM] (482) Auto-excluding **/.*
2024-07-15 10:08:31.025 [info] [Info  - 10:08:31 AM] (482) Assuming Python version 3.8.10.final.0
2024-07-15 10:08:31.087 [info] [Info  - 10:08:31 AM] (482) No source files found.
2024-07-15 10:16:00.380 [info] [Info  - 10:16:00 AM] (482) Setting pythonPath for service "DB_Provisionning": "/bin/python3"
2024-07-15 10:16:00.381 [info] [Info  - 10:16:00 AM] (482) Setting environmentName for service "DB_Provisionning": "3.8.10 (global)"
2024-07-15 10:16:00.381 [info] [Info  - 10:16:00 AM] (482) No include entries specified; assuming /home/ndao/DB_Provisionning
2024-07-15 10:16:00.382 [info] [Info  - 10:16:00 AM] (482) Auto-excluding **/node_modules
2024-07-15 10:16:00.382 [info] [Info  - 10:16:00 AM] (482) Auto-excluding **/__pycache__
2024-07-15 10:16:00.383 [info] [Info  - 10:16:00 AM] (482) Auto-excluding **/.*
2024-07-15 10:16:00.430 [info] [Info  - 10:16:00 AM] (482) Assuming Python version 3.8.10.final.0
2024-07-15 10:16:00.559 [info] [Info  - 10:16:00 AM] (482) No source files found.
2024-07-15 10:16:03.218 [info] [Info  - 10:16:03 AM] (482) Setting pythonPath for service "DB_Provisionning": "/bin/python3"
2024-07-15 10:16:03.219 [info] [Info  - 10:16:03 AM] (482) Setting environmentName for service "DB_Provisionning": "3.8.10 (global)"
2024-07-15 10:16:03.219 [info] [Info  - 10:16:03 AM] (482) No include entries specified; assuming /home/ndao/DB_Provisionning
2024-07-15 10:16:03.219 [info] [Info  - 10:16:03 AM] (482) Auto-excluding **/node_modules
2024-07-15 10:16:03.219 [info] [Info  - 10:16:03 AM] (482) Auto-excluding **/__pycache__
2024-07-15 10:16:03.219 [info] [Info  - 10:16:03 AM] (482) Auto-excluding **/.*
2024-07-15 10:16:03.263 [info] [Info  - 10:16:03 AM] (482) Assuming Python version 3.8.10.final.0
2024-07-15 10:16:03.325 [info] [Info  - 10:16:03 AM] (482) No source files found.
2024-07-15 10:16:05.681 [info] [Info  - 10:16:05 AM] (482) Setting pythonPath for service "DB_Provisionning": "/bin/python3"
2024-07-15 10:16:05.681 [info] [Info  - 10:16:05 AM] (482) Setting environmentName for service "DB_Provisionning": "3.8.10 (global)"
2024-07-15 10:16:05.681 [info] [Info  - 10:16:05 AM] (482) No include entries specified; assuming /home/ndao/DB_Provisionning
2024-07-15 10:16:05.682 [info] [Info  - 10:16:05 AM] (482) Auto-excluding **/node_modules
2024-07-15 10:16:05.682 [info] [Info  - 10:16:05 AM] (482) Auto-excluding **/__pycache__
2024-07-15 10:16:05.682 [info] [Info  - 10:16:05 AM] (482) Auto-excluding **/.*
2024-07-15 10:16:05.733 [info] [Info  - 10:16:05 AM] (482) Assuming Python version 3.8.10.final.0
2024-07-15 10:16:05.823 [info] [Info  - 10:16:05 AM] (482) No source files found.
2024-07-15 10:16:15.730 [info] [Info  - 10:16:15 AM] (482) Setting pythonPath for service "DB_Provisionning": "/bin/python3"
2024-07-15 10:16:15.731 [info] [Info  - 10:16:15 AM] (482) Setting environmentName for service "DB_Provisionning": "3.8.10 (global)"
2024-07-15 10:16:15.731 [info] [Info  - 10:16:15 AM] (482) No include entries specified; assuming /home/ndao/DB_Provisionning
2024-07-15 10:16:15.731 [info] [Info  - 10:16:15 AM] (482) Auto-excluding **/node_modules
2024-07-15 10:16:15.731 [info] [Info  - 10:16:15 AM] (482) Auto-excluding **/__pycache__
2024-07-15 10:16:15.731 [info] [Info  - 10:16:15 AM] (482) Auto-excluding **/.*
2024-07-15 10:16:15.810 [info] [Info  - 10:16:15 AM] (482) Assuming Python version 3.8.10.final.0
2024-07-15 10:16:15.955 [info] [Info  - 10:16:15 AM] (482) No source files found.
2024-07-15 13:40:31.077 [info] [Info  - 1:40:31 PM] (482) Setting pythonPath for service "DB_Provisionning": "/bin/python3"
2024-07-15 13:40:31.078 [info] [Info  - 1:40:31 PM] (482) Setting environmentName for service "DB_Provisionning": "3.8.10 (global)"
2024-07-15 13:40:31.078 [info] [Info  - 1:40:31 PM] (482) No include entries specified; assuming /home/ndao/DB_Provisionning
2024-07-15 13:40:31.078 [info] [Info  - 1:40:31 PM] (482) Auto-excluding **/node_modules
2024-07-15 13:40:31.078 [info] [Info  - 1:40:31 PM] (482) Auto-excluding **/__pycache__
2024-07-15 13:40:31.078 [info] [Info  - 1:40:31 PM] (482) Auto-excluding **/.*
2024-07-15 13:40:31.388 [info] [Info  - 1:40:31 PM] (482) Assuming Python version 3.8.10.final.0
2024-07-15 13:40:31.391 [info] [Info  - 1:40:31 PM] (482) No source files found.
2024-07-15 13:40:31.463 [info] [Info  - 1:40:31 PM] (482) Setting pythonPath for service "DB_Provisionning": "/bin/python3"
2024-07-15 13:40:31.463 [info] [Info  - 1:40:31 PM] (482) Setting environmentName for service "DB_Provisionning": "3.8.10 (global)"
2024-07-15 13:40:31.463 [info] [Info  - 1:40:31 PM] (482) No include entries specified; assuming /home/ndao/DB_Provisionning
2024-07-15 13:40:31.464 [info] [Info  - 1:40:31 PM] (482) Auto-excluding **/node_modules
2024-07-15 13:40:31.464 [info] [Info  - 1:40:31 PM] (482) Auto-excluding **/__pycache__
2024-07-15 13:40:31.464 [info] [Info  - 1:40:31 PM] (482) Auto-excluding **/.*
2024-07-15 13:40:31.677 [info] [Info  - 1:40:31 PM] (482) Assuming Python version 3.8.10.final.0
2024-07-15 13:40:31.681 [info] [Info  - 1:40:31 PM] (482) No source files found.
2024-07-15 13:47:22.251 [info] [Info  - 1:47:22 PM] (482) Setting pythonPath for service "DB_Provisionning": "/bin/python3"
2024-07-15 13:47:22.252 [info] [Info  - 1:47:22 PM] (482) Setting environmentName for service "DB_Provisionning": "3.8.10 (global)"
2024-07-15 13:47:22.253 [info] [Info  - 1:47:22 PM] (482) No include entries specified; assuming /home/ndao/DB_Provisionning
2024-07-15 13:47:22.254 [info] [Info  - 1:47:22 PM] (482) Auto-excluding **/node_modules
2024-07-15 13:47:22.255 [info] [Info  - 1:47:22 PM] (482) Auto-excluding **/__pycache__
2024-07-15 13:47:22.256 [info] [Info  - 1:47:22 PM] (482) Auto-excluding **/.*
2024-07-15 13:47:22.326 [info] [Info  - 1:47:22 PM] (482) Assuming Python version 3.8.10.final.0
2024-07-15 13:47:22.457 [info] [Info  - 1:47:22 PM] (482) No source files found.
2024-07-15 13:47:22.941 [info] [Info  - 1:47:22 PM] (482) Setting pythonPath for service "DB_Provisionning": "/bin/python3"
2024-07-15 13:47:22.941 [info] [Info  - 1:47:22 PM] (482) Setting environmentName for service "DB_Provisionning": "3.8.10 (global)"
2024-07-15 13:47:22.942 [info] [Info  - 1:47:22 PM] (482) No include entries specified; assuming /home/ndao/DB_Provisionning
2024-07-15 13:47:22.942 [info] [Info  - 1:47:22 PM] (482) Auto-excluding **/node_modules
2024-07-15 13:47:22.942 [info] [Info  - 1:47:22 PM] (482) Auto-excluding **/__pycache__
2024-07-15 13:47:22.942 [info] [Info  - 1:47:22 PM] (482) Auto-excluding **/.*
2024-07-15 13:47:23.649 [info] [Info  - 1:47:23 PM] (482) Assuming Python version 3.8.10.final.0
2024-07-15 13:47:23.673 [info] [Info  - 1:47:23 PM] (482) No source files found.
2024-07-15 13:47:24.485 [info] [Info  - 1:47:24 PM] (482) Setting pythonPath for service "DB_Provisionning": "/bin/python3"
2024-07-15 13:47:24.486 [info] [Info  - 1:47:24 PM] (482) Setting environmentName for service "DB_Provisionning": "3.8.10 (global)"
2024-07-15 13:47:24.492 [info] [Info  - 1:47:24 PM] (482) No include entries specified; assuming /home/ndao/DB_Provisionning
2024-07-15 13:47:24.493 [info] [Info  - 1:47:24 PM] (482) Auto-excluding **/node_modules
2024-07-15 13:47:24.493 [info] [Info  - 1:47:24 PM] (482) Auto-excluding **/__pycache__
2024-07-15 13:47:24.493 [info] [Info  - 1:47:24 PM] (482) Auto-excluding **/.*
2024-07-15 13:47:25.136 [info] [Info  - 1:47:25 PM] (482) Assuming Python version 3.8.10.final.0
2024-07-15 13:47:25.145 [info] [Info  - 1:47:25 PM] (482) No source files found.
2024-07-15 13:47:25.273 [info] [Info  - 1:47:25 PM] (482) Setting pythonPath for service "DB_Provisionning": "/bin/python3"
2024-07-15 13:47:25.273 [info] [Info  - 1:47:25 PM] (482) Setting environmentName for service "DB_Provisionning": "3.8.10 (global)"
2024-07-15 13:47:25.273 [info] [Info  - 1:47:25 PM] (482) No include entries specified; assuming /home/ndao/DB_Provisionning
2024-07-15 13:47:25.273 [info] [Info  - 1:47:25 PM] (482) Auto-excluding **/node_modules
2024-07-15 13:47:25.273 [info] [Info  - 1:47:25 PM] (482) Auto-excluding **/__pycache__
2024-07-15 13:47:25.273 [info] [Info  - 1:47:25 PM] (482) Auto-excluding **/.*
2024-07-15 13:47:25.663 [info] [Info  - 1:47:25 PM] (482) Assuming Python version 3.8.10.final.0
2024-07-15 13:47:25.668 [info] [Info  - 1:47:25 PM] (482) No source files found.
2024-07-15 13:47:26.028 [info] [Info  - 1:47:26 PM] (482) Setting pythonPath for service "DB_Provisionning": "/bin/python3"
2024-07-15 13:47:26.028 [info] [Info  - 1:47:26 PM] (482) Setting environmentName for service "DB_Provisionning": "3.8.10 (global)"
2024-07-15 13:47:26.028 [info] [Info  - 1:47:26 PM] (482) No include entries specified; assuming /home/ndao/DB_Provisionning
2024-07-15 13:47:26.028 [info] [Info  - 1:47:26 PM] (482) Auto-excluding **/node_modules
2024-07-15 13:47:26.028 [info] [Info  - 1:47:26 PM] (482) Auto-excluding **/__pycache__
2024-07-15 13:47:26.029 [info] [Info  - 1:47:26 PM] (482) Auto-excluding **/.*
2024-07-15 13:47:26.117 [info] [Info  - 1:47:26 PM] (482) Assuming Python version 3.8.10.final.0
2024-07-15 13:47:26.727 [info] [Info  - 1:47:26 PM] (482) No source files found.
2024-07-15 13:47:26.754 [info] [Info  - 1:47:26 PM] (482) Setting pythonPath for service "DB_Provisionning": "/bin/python3"
2024-07-15 13:47:26.754 [info] [Info  - 1:47:26 PM] (482) Setting environmentName for service "DB_Provisionning": "3.8.10 (global)"
2024-07-15 13:47:26.755 [info] [Info  - 1:47:26 PM] (482) No include entries specified; assuming /home/ndao/DB_Provisionning
2024-07-15 13:47:26.755 [info] [Info  - 1:47:26 PM] (482) Auto-excluding **/node_modules
2024-07-15 13:47:26.755 [info] [Info  - 1:47:26 PM] (482) Auto-excluding **/__pycache__
2024-07-15 13:47:26.755 [info] [Info  - 1:47:26 PM] (482) Auto-excluding **/.*
2024-07-15 13:47:26.846 [info] [Info  - 1:47:26 PM] (482) Assuming Python version 3.8.10.final.0
2024-07-15 13:47:27.189 [info] [Info  - 1:47:27 PM] (482) No source files found.
2024-07-15 13:47:27.600 [info] [Info  - 1:47:27 PM] (482) Setting pythonPath for service "DB_Provisionning": "/bin/python3"
2024-07-15 13:47:27.621 [info] [Info  - 1:47:27 PM] (482) Setting environmentName for service "DB_Provisionning": "3.8.10 (global)"
2024-07-15 13:47:27.630 [info] [Info  - 1:47:27 PM] (482) No include entries specified; assuming /home/ndao/DB_Provisionning
2024-07-15 13:47:27.638 [info] [Info  - 1:47:27 PM] (482) Auto-excluding **/node_modules
2024-07-15 13:47:27.645 [info] [Info  - 1:47:27 PM] (482) Auto-excluding **/__pycache__
2024-07-15 13:47:27.645 [info] [Info  - 1:47:27 PM] (482) Auto-excluding **/.*
2024-07-15 13:47:27.645 [info] [Info  - 1:47:27 PM] (482) Assuming Python version 3.8.10.final.0
2024-07-15 13:47:28.195 [info] [Info  - 1:47:28 PM] (482) No source files found.
2024-07-15 13:47:28.526 [info] [Info  - 1:47:28 PM] (482) Setting pythonPath for service "DB_Provisionning": "/bin/python3"
2024-07-15 13:47:28.526 [info] [Info  - 1:47:28 PM] (482) Setting environmentName for service "DB_Provisionning": "3.8.10 (global)"
2024-07-15 13:47:28.526 [info] [Info  - 1:47:28 PM] (482) No include entries specified; assuming /home/ndao/DB_Provisionning
2024-07-15 13:47:28.532 [info] [Info  - 1:47:28 PM] (482) Auto-excluding **/node_modules
2024-07-15 13:47:28.532 [info] [Info  - 1:47:28 PM] (482) Auto-excluding **/__pycache__
2024-07-15 13:47:28.532 [info] [Info  - 1:47:28 PM] (482) Auto-excluding **/.*
2024-07-15 13:47:28.591 [info] [Info  - 1:47:28 PM] (482) Assuming Python version 3.8.10.final.0
2024-07-15 13:47:29.045 [info] [Info  - 1:47:29 PM] (482) No source files found.
2024-07-15 13:47:29.186 [info] [Info  - 1:47:29 PM] (482) Setting pythonPath for service "DB_Provisionning": "/bin/python3"
2024-07-15 13:47:29.187 [info] [Info  - 1:47:29 PM] (482) Setting environmentName for service "DB_Provisionning": "3.8.10 (global)"
2024-07-15 13:47:29.187 [info] [Info  - 1:47:29 PM] (482) No include entries specified; assuming /home/ndao/DB_Provisionning
2024-07-15 13:47:29.187 [info] [Info  - 1:47:29 PM] (482) Auto-excluding **/node_modules
2024-07-15 13:47:29.187 [info] [Info  - 1:47:29 PM] (482) Auto-excluding **/__pycache__
2024-07-15 13:47:29.187 [info] [Info  - 1:47:29 PM] (482) Auto-excluding **/.*
2024-07-15 13:47:29.419 [info] [Info  - 1:47:29 PM] (482) Assuming Python version 3.8.10.final.0
2024-07-15 13:47:29.426 [info] [Info  - 1:47:29 PM] (482) No source files found.
2024-07-15 13:47:29.554 [info] [Info  - 1:47:29 PM] (482) Setting pythonPath for service "DB_Provisionning": "/bin/python3"
2024-07-15 13:47:29.555 [info] [Info  - 1:47:29 PM] (482) Setting environmentName for service "DB_Provisionning": "3.8.10 (global)"
2024-07-15 13:47:29.556 [info] [Info  - 1:47:29 PM] (482) No include entries specified; assuming /home/ndao/DB_Provisionning
2024-07-15 13:47:29.571 [info] [Info  - 1:47:29 PM] (482) Auto-excluding **/node_modules
2024-07-15 13:47:29.572 [info] [Info  - 1:47:29 PM] (482) Auto-excluding **/__pycache__
2024-07-15 13:47:29.572 [info] [Info  - 1:47:29 PM] (482) Auto-excluding **/.*
2024-07-15 13:47:29.625 [info] [Info  - 1:47:29 PM] (482) Assuming Python version 3.8.10.final.0
2024-07-15 13:47:29.769 [info] [Info  - 1:47:29 PM] (482) No source files found.
2024-07-15 15:09:08.341 [info] [Info  - 3:09:08 PM] (482) Setting pythonPath for service "DB_Provisionning": "/bin/python3"
2024-07-15 15:09:08.341 [info] [Info  - 3:09:08 PM] (482) Setting environmentName for service "DB_Provisionning": "3.8.10 (global)"
2024-07-15 15:09:08.341 [info] [Info  - 3:09:08 PM] (482) No include entries specified; assuming /home/ndao/DB_Provisionning
2024-07-15 15:09:08.341 [info] [Info  - 3:09:08 PM] (482) Auto-excluding **/node_modules
2024-07-15 15:09:08.342 [info] [Info  - 3:09:08 PM] (482) Auto-excluding **/__pycache__
2024-07-15 15:09:08.342 [info] [Info  - 3:09:08 PM] (482) Auto-excluding **/.*
2024-07-15 15:09:08.389 [info] [Info  - 3:09:08 PM] (482) Assuming Python version 3.8.10.final.0
2024-07-15 15:09:08.469 [info] [Info  - 3:09:08 PM] (482) No source files found.
2024-07-15 15:09:13.935 [info] [Info  - 3:09:13 PM] (482) Setting pythonPath for service "DB_Provisionning": "/bin/python3"
2024-07-15 15:09:13.941 [info] [Info  - 3:09:13 PM] (482) Setting environmentName for service "DB_Provisionning": "3.8.10 (global)"
2024-07-15 15:09:13.989 [info] [Info  - 3:09:13 PM] (482) No include entries specified; assuming /home/ndao/DB_Provisionning
2024-07-15 15:09:13.993 [info] [Info  - 3:09:13 PM] (482) Auto-excluding **/node_modules
2024-07-15 15:09:13.994 [info] [Info  - 3:09:13 PM] (482) Auto-excluding **/__pycache__
2024-07-15 15:09:13.996 [info] [Info  - 3:09:13 PM] (482) Auto-excluding **/.*
2024-07-15 15:09:13.997 [info] [Info  - 3:09:13 PM] (482) Assuming Python version 3.8.10.final.0
2024-07-15 15:09:14.326 [info] [Info  - 3:09:14 PM] (482) No source files found.
2024-07-15 15:09:14.479 [info] [Info  - 3:09:14 PM] (482) Setting pythonPath for service "DB_Provisionning": "/bin/python3"
2024-07-15 15:09:14.489 [info] [Info  - 3:09:14 PM] (482) Setting environmentName for service "DB_Provisionning": "3.8.10 (global)"
2024-07-15 15:09:14.492 [info] [Info  - 3:09:14 PM] (482) No include entries specified; assuming /home/ndao/DB_Provisionning
2024-07-15 15:09:14.494 [info] [Info  - 3:09:14 PM] (482) Auto-excluding **/node_modules
2024-07-15 15:09:14.495 [info] [Info  - 3:09:14 PM] (482) Auto-excluding **/__pycache__
2024-07-15 15:09:14.495 [info] [Info  - 3:09:14 PM] (482) Auto-excluding **/.*
2024-07-15 15:09:14.496 [info] [Info  - 3:09:14 PM] (482) Assuming Python version 3.8.10.final.0
2024-07-15 15:09:14.496 [info] [Info  - 3:09:14 PM] (482) No source files found.
2024-07-15 15:09:14.881 [info] [Info  - 3:09:14 PM] (482) Setting pythonPath for service "DB_Provisionning": "/bin/python3"
2024-07-15 15:09:14.882 [info] [Info  - 3:09:14 PM] (482) Setting environmentName for service "DB_Provisionning": "3.8.10 (global)"
2024-07-15 15:09:14.883 [info] [Info  - 3:09:14 PM] (482) No include entries specified; assuming /home/ndao/DB_Provisionning
2024-07-15 15:09:14.884 [info] [Info  - 3:09:14 PM] (482) Auto-excluding **/node_modules
2024-07-15 15:09:14.885 [info] [Info  - 3:09:14 PM] (482) Auto-excluding **/__pycache__
2024-07-15 15:09:14.889 [info] [Info  - 3:09:14 PM] (482) Auto-excluding **/.*
2024-07-15 15:09:14.924 [info] [Info  - 3:09:14 PM] (482) Assuming Python version 3.8.10.final.0
2024-07-15 15:09:15.009 [info] [Info  - 3:09:15 PM] (482) No source files found.
2024-07-15 15:09:15.449 [info] [Info  - 3:09:15 PM] (482) Setting pythonPath for service "DB_Provisionning": "/bin/python3"
2024-07-15 15:09:15.449 [info] [Info  - 3:09:15 PM] (482) Setting environmentName for service "DB_Provisionning": "3.8.10 (global)"
2024-07-15 15:09:15.449 [info] [Info  - 3:09:15 PM] (482) No include entries specified; assuming /home/ndao/DB_Provisionning
2024-07-15 15:09:15.449 [info] [Info  - 3:09:15 PM] (482) Auto-excluding **/node_modules
2024-07-15 15:09:15.449 [info] [Info  - 3:09:15 PM] (482) Auto-excluding **/__pycache__
2024-07-15 15:09:15.450 [info] [Info  - 3:09:15 PM] (482) Auto-excluding **/.*
2024-07-15 15:09:15.509 [info] [Info  - 3:09:15 PM] (482) Assuming Python version 3.8.10.final.0
2024-07-15 15:09:15.593 [info] [Info  - 3:09:15 PM] (482) No source files found.
2024-07-15 15:09:16.402 [info] [Info  - 3:09:16 PM] (482) Setting pythonPath for service "DB_Provisionning": "/bin/python3"
2024-07-15 15:09:16.405 [info] [Info  - 3:09:16 PM] (482) Setting environmentName for service "DB_Provisionning": "3.8.10 (global)"
2024-07-15 15:09:16.408 [info] [Info  - 3:09:16 PM] (482) No include entries specified; assuming /home/ndao/DB_Provisionning
2024-07-15 15:09:16.416 [info] [Info  - 3:09:16 PM] (482) Auto-excluding **/node_modules
2024-07-15 15:09:16.439 [info] [Info  - 3:09:16 PM] (482) Auto-excluding **/__pycache__
2024-07-15 15:09:16.446 [info] [Info  - 3:09:16 PM] (482) Auto-excluding **/.*
2024-07-15 15:09:16.447 [info] [Info  - 3:09:16 PM] (482) Assuming Python version 3.8.10.final.0
2024-07-15 15:09:16.448 [info] [Info  - 3:09:16 PM] (482) No source files found.
2024-07-15 15:09:16.715 [info] [Info  - 3:09:16 PM] (482) Setting pythonPath for service "DB_Provisionning": "/bin/python3"
2024-07-15 15:09:16.716 [info] [Info  - 3:09:16 PM] (482) Setting environmentName for service "DB_Provisionning": "3.8.10 (global)"
2024-07-15 15:09:16.717 [info] [Info  - 3:09:16 PM] (482) No include entries specified; assuming /home/ndao/DB_Provisionning
2024-07-15 15:09:16.717 [info] [Info  - 3:09:16 PM] (482) Auto-excluding **/node_modules
2024-07-15 15:09:16.717 [info] [Info  - 3:09:16 PM] (482) Auto-excluding **/__pycache__
2024-07-15 15:09:16.717 [info] [Info  - 3:09:16 PM] (482) Auto-excluding **/.*
2024-07-15 15:09:16.788 [info] [Info  - 3:09:16 PM] (482) Assuming Python version 3.8.10.final.0
2024-07-15 15:09:17.154 [info] [Info  - 3:09:17 PM] (482) No source files found.
2024-07-15 15:09:18.094 [info] [Info  - 3:09:18 PM] (482) Setting pythonPath for service "DB_Provisionning": "/bin/python3"
2024-07-15 15:09:18.094 [info] [Info  - 3:09:18 PM] (482) Setting environmentName for service "DB_Provisionning": "3.8.10 (global)"
2024-07-15 15:09:18.095 [info] [Info  - 3:09:18 PM] (482) No include entries specified; assuming /home/ndao/DB_Provisionning
2024-07-15 15:09:18.095 [info] [Info  - 3:09:18 PM] (482) Auto-excluding **/node_modules
2024-07-15 15:09:18.095 [info] [Info  - 3:09:18 PM] (482) Auto-excluding **/__pycache__
2024-07-15 15:09:18.096 [info] [Info  - 3:09:18 PM] (482) Auto-excluding **/.*
2024-07-15 15:09:18.239 [info] [Info  - 3:09:18 PM] (482) Assuming Python version 3.8.10.final.0
2024-07-15 15:09:19.417 [info] [Info  - 3:09:19 PM] (482) No source files found.
2024-07-15 15:09:19.954 [info] [Info  - 3:09:19 PM] (482) Setting pythonPath for service "DB_Provisionning": "/bin/python3"
2024-07-15 15:09:19.954 [info] [Info  - 3:09:19 PM] (482) Setting environmentName for service "DB_Provisionning": "3.8.10 (global)"
2024-07-15 15:09:19.954 [info] [Info  - 3:09:19 PM] (482) No include entries specified; assuming /home/ndao/DB_Provisionning
2024-07-15 15:09:19.955 [info] [Info  - 3:09:19 PM] (482) Auto-excluding **/node_modules
2024-07-15 15:09:19.957 [info] [Info  - 3:09:19 PM] (482) Auto-excluding **/__pycache__
2024-07-15 15:09:19.957 [info] [Info  - 3:09:19 PM] (482) Auto-excluding **/.*
2024-07-15 15:09:20.005 [info] [Info  - 3:09:20 PM] (482) Assuming Python version 3.8.10.final.0
2024-07-15 15:09:20.099 [info] [Info  - 3:09:20 PM] (482) No source files found.
2024-07-15 15:09:20.760 [info] [Info  - 3:09:20 PM] (482) Setting pythonPath for service "DB_Provisionning": "/bin/python3"
2024-07-15 15:09:20.760 [info] [Info  - 3:09:20 PM] (482) Setting environmentName for service "DB_Provisionning": "3.8.10 (global)"
2024-07-15 15:09:20.761 [info] [Info  - 3:09:20 PM] (482) No include entries specified; assuming /home/ndao/DB_Provisionning
2024-07-15 15:09:20.761 [info] [Info  - 3:09:20 PM] (482) Auto-excluding **/node_modules
2024-07-15 15:09:20.761 [info] [Info  - 3:09:20 PM] (482) Auto-excluding **/__pycache__
2024-07-15 15:09:20.761 [info] [Info  - 3:09:20 PM] (482) Auto-excluding **/.*
2024-07-15 15:09:20.882 [info] [Info  - 3:09:20 PM] (482) Assuming Python version 3.8.10.final.0
2024-07-15 15:09:21.295 [info] [Info  - 3:09:21 PM] (482) No source files found.
2024-07-15 15:12:12.102 [info] [Info  - 3:12:12 PM] (482) Setting pythonPath for service "DB_Provisionning": "/bin/python3"
2024-07-15 15:12:12.102 [info] [Info  - 3:12:12 PM] (482) Setting environmentName for service "DB_Provisionning": "3.8.10 (global)"
2024-07-15 15:12:12.103 [info] [Info  - 3:12:12 PM] (482) No include entries specified; assuming /home/ndao/DB_Provisionning
2024-07-15 15:12:12.103 [info] [Info  - 3:12:12 PM] (482) Auto-excluding **/node_modules
2024-07-15 15:12:12.104 [info] [Info  - 3:12:12 PM] (482) Auto-excluding **/__pycache__
2024-07-15 15:12:12.104 [info] [Info  - 3:12:12 PM] (482) Auto-excluding **/.*
2024-07-15 15:12:12.174 [info] [Info  - 3:12:12 PM] (482) Assuming Python version 3.8.10.final.0
2024-07-15 15:12:12.260 [info] [Info  - 3:12:12 PM] (482) No source files found.
2024-07-15 15:12:12.934 [info] [Info  - 3:12:12 PM] (482) Setting pythonPath for service "DB_Provisionning": "/bin/python3"
2024-07-15 15:12:12.935 [info] [Info  - 3:12:12 PM] (482) Setting environmentName for service "DB_Provisionning": "3.8.10 (global)"
2024-07-15 15:12:12.936 [info] [Info  - 3:12:12 PM] (482) No include entries specified; assuming /home/ndao/DB_Provisionning
2024-07-15 15:12:12.936 [info] [Info  - 3:12:12 PM] (482) Auto-excluding **/node_modules
2024-07-15 15:12:12.936 [info] [Info  - 3:12:12 PM] (482) Auto-excluding **/__pycache__
2024-07-15 15:12:12.936 [info] [Info  - 3:12:12 PM] (482) Auto-excluding **/.*
2024-07-15 15:12:12.992 [info] [Info  - 3:12:12 PM] (482) Assuming Python version 3.8.10.final.0
2024-07-15 15:12:13.101 [info] [Info  - 3:12:13 PM] (482) No source files found.
2024-07-15 15:12:16.408 [info] [Info  - 3:12:16 PM] (482) Setting pythonPath for service "DB_Provisionning": "/bin/python3"
2024-07-15 15:12:16.409 [info] [Info  - 3:12:16 PM] (482) Setting environmentName for service "DB_Provisionning": "3.8.10 (global)"
2024-07-15 15:12:16.421 [info] [Info  - 3:12:16 PM] (482) No include entries specified; assuming /home/ndao/DB_Provisionning
2024-07-15 15:12:16.422 [info] [Info  - 3:12:16 PM] (482) Auto-excluding **/node_modules
2024-07-15 15:12:16.422 [info] [Info  - 3:12:16 PM] (482) Auto-excluding **/__pycache__
2024-07-15 15:12:16.422 [info] [Info  - 3:12:16 PM] (482) Auto-excluding **/.*
2024-07-15 15:12:16.484 [info] [Info  - 3:12:16 PM] (482) Assuming Python version 3.8.10.final.0
2024-07-15 15:12:16.604 [info] [Info  - 3:12:16 PM] (482) No source files found.
2024-07-15 15:12:18.123 [info] [Info  - 3:12:18 PM] (482) Setting pythonPath for service "DB_Provisionning": "/bin/python3"
2024-07-15 15:12:18.127 [info] [Info  - 3:12:18 PM] (482) Setting environmentName for service "DB_Provisionning": "3.8.10 (global)"
2024-07-15 15:12:18.129 [info] [Info  - 3:12:18 PM] (482) No include entries specified; assuming /home/ndao/DB_Provisionning
2024-07-15 15:12:18.129 [info] [Info  - 3:12:18 PM] (482) Auto-excluding **/node_modules
2024-07-15 15:12:18.129 [info] [Info  - 3:12:18 PM] (482) Auto-excluding **/__pycache__
2024-07-15 15:12:18.129 [info] [Info  - 3:12:18 PM] (482) Auto-excluding **/.*
2024-07-15 15:12:18.166 [info] [Info  - 3:12:18 PM] (482) Assuming Python version 3.8.10.final.0
2024-07-15 15:12:18.643 [info] [Info  - 3:12:18 PM] (482) No source files found.
2024-07-15 15:12:21.651 [info] [Info  - 3:12:21 PM] (482) Setting pythonPath for service "DB_Provisionning": "/bin/python3"
2024-07-15 15:12:21.652 [info] [Info  - 3:12:21 PM] (482) Setting environmentName for service "DB_Provisionning": "3.8.10 (global)"
2024-07-15 15:12:21.653 [info] [Info  - 3:12:21 PM] (482) No include entries specified; assuming /home/ndao/DB_Provisionning
2024-07-15 15:12:21.654 [info] [Info  - 3:12:21 PM] (482) Auto-excluding **/node_modules
2024-07-15 15:12:21.662 [info] [Info  - 3:12:21 PM] (482) Auto-excluding **/__pycache__
2024-07-15 15:12:21.664 [info] [Info  - 3:12:21 PM] (482) Auto-excluding **/.*
2024-07-15 15:12:21.699 [info] [Info  - 3:12:21 PM] (482) Assuming Python version 3.8.10.final.0
2024-07-15 15:12:21.768 [info] [Info  - 3:12:21 PM] (482) No source files found.
2024-07-15 15:12:24.411 [info] [Info  - 3:12:24 PM] (482) Setting pythonPath for service "DB_Provisionning": "/bin/python3"
2024-07-15 15:12:24.411 [info] [Info  - 3:12:24 PM] (482) Setting environmentName for service "DB_Provisionning": "3.8.10 (global)"
2024-07-15 15:12:24.411 [info] [Info  - 3:12:24 PM] (482) No include entries specified; assuming /home/ndao/DB_Provisionning
2024-07-15 15:12:24.411 [info] [Info  - 3:12:24 PM] (482) Auto-excluding **/node_modules
2024-07-15 15:12:24.411 [info] [Info  - 3:12:24 PM] (482) Auto-excluding **/__pycache__
2024-07-15 15:12:24.412 [info] [Info  - 3:12:24 PM] (482) Auto-excluding **/.*
2024-07-15 15:12:24.461 [info] [Info  - 3:12:24 PM] (482) Assuming Python version 3.8.10.final.0
2024-07-15 15:12:24.538 [info] [Info  - 3:12:24 PM] (482) No source files found.
2024-07-15 15:12:27.195 [info] [Info  - 3:12:27 PM] (482) Setting pythonPath for service "DB_Provisionning": "/bin/python3"
2024-07-15 15:12:27.195 [info] [Info  - 3:12:27 PM] (482) Setting environmentName for service "DB_Provisionning": "3.8.10 (global)"
2024-07-15 15:12:27.196 [info] [Info  - 3:12:27 PM] (482) No include entries specified; assuming /home/ndao/DB_Provisionning
2024-07-15 15:12:27.212 [info] [Info  - 3:12:27 PM] (482) Auto-excluding **/node_modules
2024-07-15 15:12:27.243 [info] [Info  - 3:12:27 PM] (482) Auto-excluding **/__pycache__
2024-07-15 15:12:27.244 [info] [Info  - 3:12:27 PM] (482) Auto-excluding **/.*
2024-07-15 15:12:27.278 [info] [Info  - 3:12:27 PM] (482) Assuming Python version 3.8.10.final.0
2024-07-15 15:12:27.564 [info] [Info  - 3:12:27 PM] (482) No source files found.
2024-07-15 15:12:28.133 [info] [Info  - 3:12:28 PM] (482) Setting pythonPath for service "DB_Provisionning": "/bin/python3"
2024-07-15 15:12:28.133 [info] [Info  - 3:12:28 PM] (482) Setting environmentName for service "DB_Provisionning": "3.8.10 (global)"
2024-07-15 15:12:28.134 [info] [Info  - 3:12:28 PM] (482) No include entries specified; assuming /home/ndao/DB_Provisionning
2024-07-15 15:12:28.134 [info] [Info  - 3:12:28 PM] (482) Auto-excluding **/node_modules
2024-07-15 15:12:28.135 [info] [Info  - 3:12:28 PM] (482) Auto-excluding **/__pycache__
2024-07-15 15:12:28.135 [info] [Info  - 3:12:28 PM] (482) Auto-excluding **/.*
2024-07-15 15:12:28.193 [info] [Info  - 3:12:28 PM] (482) Assuming Python version 3.8.10.final.0
2024-07-15 15:12:28.280 [info] [Info  - 3:12:28 PM] (482) No source files found.
2024-07-15 15:12:30.781 [info] [Info  - 3:12:30 PM] (482) Setting pythonPath for service "DB_Provisionning": "/bin/python3"
2024-07-15 15:12:30.781 [info] [Info  - 3:12:30 PM] (482) Setting environmentName for service "DB_Provisionning": "3.8.10 (global)"
2024-07-15 15:12:30.782 [info] [Info  - 3:12:30 PM] (482) No include entries specified; assuming /home/ndao/DB_Provisionning
2024-07-15 15:12:30.782 [info] [Info  - 3:12:30 PM] (482) Auto-excluding **/node_modules
2024-07-15 15:12:30.782 [info] [Info  - 3:12:30 PM] (482) Auto-excluding **/__pycache__
2024-07-15 15:12:30.782 [info] [Info  - 3:12:30 PM] (482) Auto-excluding **/.*
2024-07-15 15:12:30.886 [info] [Info  - 3:12:30 PM] (482) Assuming Python version 3.8.10.final.0
2024-07-15 15:12:30.975 [info] [Info  - 3:12:30 PM] (482) No source files found.
2024-07-15 15:12:31.617 [info] [Info  - 3:12:31 PM] (482) Setting pythonPath for service "DB_Provisionning": "/bin/python3"
2024-07-15 15:12:31.621 [info] [Info  - 3:12:31 PM] (482) Setting environmentName for service "DB_Provisionning": "3.8.10 (global)"
2024-07-15 15:12:31.621 [info] [Info  - 3:12:31 PM] (482) No include entries specified; assuming /home/ndao/DB_Provisionning
2024-07-15 15:12:31.621 [info] [Info  - 3:12:31 PM] (482) Auto-excluding **/node_modules
2024-07-15 15:12:31.621 [info] [Info  - 3:12:31 PM] (482) Auto-excluding **/__pycache__
2024-07-15 15:12:31.621 [info] [Info  - 3:12:31 PM] (482) Auto-excluding **/.*
2024-07-15 15:12:31.675 [info] [Info  - 3:12:31 PM] (482) Assuming Python version 3.8.10.final.0
2024-07-15 15:12:31.810 [info] [Info  - 3:12:31 PM] (482) No source files found.
2024-07-15 15:12:35.236 [info] [Info  - 3:12:35 PM] (482) Setting pythonPath for service "DB_Provisionning": "/bin/python3"
2024-07-15 15:12:35.237 [info] [Info  - 3:12:35 PM] (482) Setting environmentName for service "DB_Provisionning": "3.8.10 (global)"
2024-07-15 15:12:35.237 [info] [Info  - 3:12:35 PM] (482) No include entries specified; assuming /home/ndao/DB_Provisionning
2024-07-15 15:12:35.237 [info] [Info  - 3:12:35 PM] (482) Auto-excluding **/node_modules
2024-07-15 15:12:35.238 [info] [Info  - 3:12:35 PM] (482) Auto-excluding **/__pycache__
2024-07-15 15:12:35.238 [info] [Info  - 3:12:35 PM] (482) Auto-excluding **/.*
2024-07-15 15:12:35.327 [info] [Info  - 3:12:35 PM] (482) Assuming Python version 3.8.10.final.0
2024-07-15 15:12:35.422 [info] [Info  - 3:12:35 PM] (482) No source files found.
2024-07-15 15:12:36.389 [info] [Info  - 3:12:36 PM] (482) Setting pythonPath for service "DB_Provisionning": "/bin/python3"
2024-07-15 15:12:36.390 [info] [Info  - 3:12:36 PM] (482) Setting environmentName for service "DB_Provisionning": "3.8.10 (global)"
2024-07-15 15:12:36.390 [info] [Info  - 3:12:36 PM] (482) No include entries specified; assuming /home/ndao/DB_Provisionning
2024-07-15 15:12:36.390 [info] [Info  - 3:12:36 PM] (482) Auto-excluding **/node_modules
2024-07-15 15:12:36.390 [info] [Info  - 3:12:36 PM] (482) Auto-excluding **/__pycache__
2024-07-15 15:12:36.391 [info] [Info  - 3:12:36 PM] (482) Auto-excluding **/.*
2024-07-15 15:12:36.458 [info] [Info  - 3:12:36 PM] (482) Assuming Python version 3.8.10.final.0
2024-07-15 15:12:36.562 [info] [Info  - 3:12:36 PM] (482) No source files found.
2024-07-15 15:12:39.170 [info] [Info  - 3:12:39 PM] (482) Setting pythonPath for service "DB_Provisionning": "/bin/python3"
2024-07-15 15:12:39.170 [info] [Info  - 3:12:39 PM] (482) Setting environmentName for service "DB_Provisionning": "3.8.10 (global)"
2024-07-15 15:12:39.174 [info] [Info  - 3:12:39 PM] (482) No include entries specified; assuming /home/ndao/DB_Provisionning
2024-07-15 15:12:39.175 [info] [Info  - 3:12:39 PM] (482) Auto-excluding **/node_modules
2024-07-15 15:12:39.175 [info] [Info  - 3:12:39 PM] (482) Auto-excluding **/__pycache__
2024-07-15 15:12:39.176 [info] [Info  - 3:12:39 PM] (482) Auto-excluding **/.*
2024-07-15 15:12:39.232 [info] [Info  - 3:12:39 PM] (482) Assuming Python version 3.8.10.final.0
2024-07-15 15:12:39.322 [info] [Info  - 3:12:39 PM] (482) No source files found.
2024-07-15 15:12:40.077 [info] [Info  - 3:12:40 PM] (482) Setting pythonPath for service "DB_Provisionning": "/bin/python3"
2024-07-15 15:12:40.084 [info] [Info  - 3:12:40 PM] (482) Setting environmentName for service "DB_Provisionning": "3.8.10 (global)"
2024-07-15 15:12:40.084 [info] [Info  - 3:12:40 PM] (482) No include entries specified; assuming /home/ndao/DB_Provisionning
2024-07-15 15:12:40.084 [info] [Info  - 3:12:40 PM] (482) Auto-excluding **/node_modules
2024-07-15 15:12:40.084 [info] [Info  - 3:12:40 PM] (482) Auto-excluding **/__pycache__
2024-07-15 15:12:40.084 [info] [Info  - 3:12:40 PM] (482) Auto-excluding **/.*
2024-07-15 15:12:40.128 [info] [Info  - 3:12:40 PM] (482) Assuming Python version 3.8.10.final.0
2024-07-15 15:12:40.195 [info] [Info  - 3:12:40 PM] (482) No source files found.
2024-07-15 15:12:42.470 [info] [Info  - 3:12:42 PM] (482) Setting pythonPath for service "DB_Provisionning": "/bin/python3"
2024-07-15 15:12:42.471 [info] [Info  - 3:12:42 PM] (482) Setting environmentName for service "DB_Provisionning": "3.8.10 (global)"
2024-07-15 15:12:42.471 [info] [Info  - 3:12:42 PM] (482) No include entries specified; assuming /home/ndao/DB_Provisionning
2024-07-15 15:12:42.471 [info] [Info  - 3:12:42 PM] (482) Auto-excluding **/node_modules
2024-07-15 15:12:42.471 [info] [Info  - 3:12:42 PM] (482) Auto-excluding **/__pycache__
2024-07-15 15:12:42.471 [info] [Info  - 3:12:42 PM] (482) Auto-excluding **/.*
2024-07-15 15:12:42.522 [info] [Info  - 3:12:42 PM] (482) Assuming Python version 3.8.10.final.0
2024-07-15 15:12:42.613 [info] [Info  - 3:12:42 PM] (482) No source files found.
2024-07-15 15:12:43.832 [info] [Info  - 3:12:43 PM] (482) Setting pythonPath for service "DB_Provisionning": "/bin/python3"
2024-07-15 15:12:43.832 [info] [Info  - 3:12:43 PM] (482) Setting environmentName for service "DB_Provisionning": "3.8.10 (global)"
2024-07-15 15:12:43.833 [info] [Info  - 3:12:43 PM] (482) No include entries specified; assuming /home/ndao/DB_Provisionning
2024-07-15 15:12:43.833 [info] [Info  - 3:12:43 PM] (482) Auto-excluding **/node_modules
2024-07-15 15:12:43.834 [info] [Info  - 3:12:43 PM] (482) Auto-excluding **/__pycache__
2024-07-15 15:12:43.834 [info] [Info  - 3:12:43 PM] (482) Auto-excluding **/.*
2024-07-15 15:12:43.881 [info] [Info  - 3:12:43 PM] (482) Assuming Python version 3.8.10.final.0
2024-07-15 15:12:43.974 [info] [Info  - 3:12:43 PM] (482) No source files found.
2024-07-15 15:12:54.330 [info] [Info  - 3:12:54 PM] (482) Setting pythonPath for service "DB_Provisionning": "/bin/python3"
2024-07-15 15:12:54.331 [info] [Info  - 3:12:54 PM] (482) Setting environmentName for service "DB_Provisionning": "3.8.10 (global)"
2024-07-15 15:12:54.342 [info] [Info  - 3:12:54 PM] (482) No include entries specified; assuming /home/ndao/DB_Provisionning
2024-07-15 15:12:54.345 [info] [Info  - 3:12:54 PM] (482) Auto-excluding **/node_modules
2024-07-15 15:12:54.346 [info] [Info  - 3:12:54 PM] (482) Auto-excluding **/__pycache__
2024-07-15 15:12:54.348 [info] [Info  - 3:12:54 PM] (482) Auto-excluding **/.*
2024-07-15 15:12:54.427 [info] [Info  - 3:12:54 PM] (482) Assuming Python version 3.8.10.final.0
2024-07-15 15:12:54.642 [info] [Info  - 3:12:54 PM] (482) No source files found.
2024-07-15 15:12:57.970 [info] [Info  - 3:12:57 PM] (482) Setting pythonPath for service "DB_Provisionning": "/bin/python3"
2024-07-15 15:12:57.970 [info] [Info  - 3:12:57 PM] (482) Setting environmentName for service "DB_Provisionning": "3.8.10 (global)"
2024-07-15 15:12:57.971 [info] [Info  - 3:12:57 PM] (482) No include entries specified; assuming /home/ndao/DB_Provisionning
2024-07-15 15:12:57.971 [info] [Info  - 3:12:57 PM] (482) Auto-excluding **/node_modules
2024-07-15 15:12:57.971 [info] [Info  - 3:12:57 PM] (482) Auto-excluding **/__pycache__
2024-07-15 15:12:57.971 [info] [Info  - 3:12:57 PM] (482) Auto-excluding **/.*
2024-07-15 15:12:58.022 [info] [Info  - 3:12:58 PM] (482) Assuming Python version 3.8.10.final.0
2024-07-15 15:12:58.144 [info] [Info  - 3:12:58 PM] (482) No source files found.
2024-07-15 15:22:08.443 [info] [Info  - 3:22:08 PM] (482) Setting pythonPath for service "DB_Provisionning": "/bin/python3"
2024-07-15 15:22:08.445 [info] [Info  - 3:22:08 PM] (482) Setting environmentName for service "DB_Provisionning": "3.8.10 (global)"
2024-07-15 15:22:08.447 [info] [Info  - 3:22:08 PM] (482) No include entries specified; assuming /home/ndao/DB_Provisionning
2024-07-15 15:22:08.448 [info] [Info  - 3:22:08 PM] (482) Auto-excluding **/node_modules
2024-07-15 15:22:08.449 [info] [Info  - 3:22:08 PM] (482) Auto-excluding **/__pycache__
2024-07-15 15:22:08.454 [info] [Info  - 3:22:08 PM] (482) Auto-excluding **/.*
2024-07-15 15:22:08.547 [info] [Info  - 3:22:08 PM] (482) Assuming Python version 3.8.10.final.0
2024-07-15 15:22:08.568 [info] [Info  - 3:22:08 PM] (482) No source files found.
2024-07-15 15:22:11.280 [info] [Info  - 3:22:11 PM] (482) Setting pythonPath for service "DB_Provisionning": "/bin/python3"
2024-07-15 15:22:11.280 [info] [Info  - 3:22:11 PM] (482) Setting environmentName for service "DB_Provisionning": "3.8.10 (global)"
2024-07-15 15:22:11.280 [info] [Info  - 3:22:11 PM] (482) No include entries specified; assuming /home/ndao/DB_Provisionning
2024-07-15 15:22:11.280 [info] [Info  - 3:22:11 PM] (482) Auto-excluding **/node_modules
2024-07-15 15:22:11.280 [info] [Info  - 3:22:11 PM] (482) Auto-excluding **/__pycache__
2024-07-15 15:22:11.280 [info] [Info  - 3:22:11 PM] (482) Auto-excluding **/.*
2024-07-15 15:22:11.444 [info] [Info  - 3:22:11 PM] (482) Assuming Python version 3.8.10.final.0
2024-07-15 15:22:11.459 [info] [Info  - 3:22:11 PM] (482) No source files found.
2024-07-15 15:29:31.247 [info] [Info  - 3:29:31 PM] (482) Setting pythonPath for service "DB_Provisionning": "/bin/python3"
2024-07-15 15:29:31.247 [info] [Info  - 3:29:31 PM] (482) Setting environmentName for service "DB_Provisionning": "3.8.10 (global)"
2024-07-15 15:29:31.248 [info] [Info  - 3:29:31 PM] (482) No include entries specified; assuming /home/ndao/DB_Provisionning
2024-07-15 15:29:31.248 [info] [Info  - 3:29:31 PM] (482) Auto-excluding **/node_modules
2024-07-15 15:29:31.248 [info] [Info  - 3:29:31 PM] (482) Auto-excluding **/__pycache__
2024-07-15 15:29:31.249 [info] [Info  - 3:29:31 PM] (482) Auto-excluding **/.*
2024-07-15 15:29:31.299 [info] [Info  - 3:29:31 PM] (482) Assuming Python version 3.8.10.final.0
2024-07-15 15:29:31.598 [info] [Info  - 3:29:31 PM] (482) No source files found.
2024-07-15 15:29:32.467 [info] [Info  - 3:29:32 PM] (482) Setting pythonPath for service "DB_Provisionning": "/bin/python3"
2024-07-15 15:29:32.471 [info] [Info  - 3:29:32 PM] (482) Setting environmentName for service "DB_Provisionning": "3.8.10 (global)"
2024-07-15 15:29:32.472 [info] [Info  - 3:29:32 PM] (482) No include entries specified; assuming /home/ndao/DB_Provisionning
2024-07-15 15:29:32.485 [info] [Info  - 3:29:32 PM] (482) Auto-excluding **/node_modules
2024-07-15 15:29:32.806 [info] [Info  - 3:29:32 PM] (482) Auto-excluding **/__pycache__
2024-07-15 15:29:32.811 [info] [Info  - 3:29:32 PM] (482) Auto-excluding **/.*
2024-07-15 15:29:32.845 [info] [Info  - 3:29:32 PM] (482) Assuming Python version 3.8.10.final.0
2024-07-15 15:29:32.846 [info] [Info  - 3:29:32 PM] (482) No source files found.
2024-07-15 15:29:33.748 [info] [Info  - 3:29:33 PM] (482) Setting pythonPath for service "DB_Provisionning": "/bin/python3"
2024-07-15 15:29:33.748 [info] [Info  - 3:29:33 PM] (482) Setting environmentName for service "DB_Provisionning": "3.8.10 (global)"
2024-07-15 15:29:33.748 [info] [Info  - 3:29:33 PM] (482) No include entries specified; assuming /home/ndao/DB_Provisionning
2024-07-15 15:29:33.749 [info] [Info  - 3:29:33 PM] (482) Auto-excluding **/node_modules
2024-07-15 15:29:33.749 [info] [Info  - 3:29:33 PM] (482) Auto-excluding **/__pycache__
2024-07-15 15:29:33.749 [info] [Info  - 3:29:33 PM] (482) Auto-excluding **/.*
2024-07-15 15:29:34.201 [info] [Info  - 3:29:34 PM] (482) Assuming Python version 3.8.10.final.0
2024-07-15 15:29:34.210 [info] [Info  - 3:29:34 PM] (482) No source files found.
2024-07-15 15:29:34.337 [info] [Info  - 3:29:34 PM] (482) Setting pythonPath for service "DB_Provisionning": "/bin/python3"
2024-07-15 15:29:34.337 [info] [Info  - 3:29:34 PM] (482) Setting environmentName for service "DB_Provisionning": "3.8.10 (global)"
2024-07-15 15:29:34.356 [info] [Info  - 3:29:34 PM] (482) No include entries specified; assuming /home/ndao/DB_Provisionning
2024-07-15 15:29:34.357 [info] [Info  - 3:29:34 PM] (482) Auto-excluding **/node_modules
2024-07-15 15:29:34.357 [info] [Info  - 3:29:34 PM] (482) Auto-excluding **/__pycache__
2024-07-15 15:29:34.357 [info] [Info  - 3:29:34 PM] (482) Auto-excluding **/.*
2024-07-15 15:29:34.996 [info] [Info  - 3:29:34 PM] (482) Assuming Python version 3.8.10.final.0
2024-07-15 15:29:35.011 [info] [Info  - 3:29:35 PM] (482) No source files found.
2024-07-15 15:29:36.891 [info] [Info  - 3:29:36 PM] (482) Setting pythonPath for service "DB_Provisionning": "/bin/python3"
2024-07-15 15:29:36.891 [info] [Info  - 3:29:36 PM] (482) Setting environmentName for service "DB_Provisionning": "3.8.10 (global)"
2024-07-15 15:29:36.891 [info] [Info  - 3:29:36 PM] (482) No include entries specified; assuming /home/ndao/DB_Provisionning
2024-07-15 15:29:36.891 [info] [Info  - 3:29:36 PM] (482) Auto-excluding **/node_modules
2024-07-15 15:29:36.892 [info] [Info  - 3:29:36 PM] (482) Auto-excluding **/__pycache__
2024-07-15 15:29:36.892 [info] [Info  - 3:29:36 PM] (482) Auto-excluding **/.*
2024-07-15 15:29:37.027 [info] [Info  - 3:29:37 PM] (482) Assuming Python version 3.8.10.final.0
2024-07-15 15:29:37.248 [info] [Info  - 3:29:37 PM] (482) No source files found.
2024-07-15 15:29:39.550 [info] [Info  - 3:29:39 PM] (482) Setting pythonPath for service "DB_Provisionning": "/bin/python3"
2024-07-15 15:29:39.559 [info] [Info  - 3:29:39 PM] (482) Setting environmentName for service "DB_Provisionning": "3.8.10 (global)"
2024-07-15 15:29:39.563 [info] [Info  - 3:29:39 PM] (482) No include entries specified; assuming /home/ndao/DB_Provisionning
2024-07-15 15:29:39.565 [info] [Info  - 3:29:39 PM] (482) Auto-excluding **/node_modules
2024-07-15 15:29:39.568 [info] [Info  - 3:29:39 PM] (482) Auto-excluding **/__pycache__
2024-07-15 15:29:39.568 [info] [Info  - 3:29:39 PM] (482) Auto-excluding **/.*
2024-07-15 15:29:39.608 [info] [Info  - 3:29:39 PM] (482) Assuming Python version 3.8.10.final.0
2024-07-15 15:29:39.680 [info] [Info  - 3:29:39 PM] (482) No source files found.
2024-07-15 15:29:43.207 [info] [Info  - 3:29:43 PM] (482) Setting pythonPath for service "DB_Provisionning": "/bin/python3"
2024-07-15 15:29:43.207 [info] [Info  - 3:29:43 PM] (482) Setting environmentName for service "DB_Provisionning": "3.8.10 (global)"
2024-07-15 15:29:43.207 [info] [Info  - 3:29:43 PM] (482) No include entries specified; assuming /home/ndao/DB_Provisionning
2024-07-15 15:29:43.207 [info] [Info  - 3:29:43 PM] (482) Auto-excluding **/node_modules
2024-07-15 15:29:43.207 [info] [Info  - 3:29:43 PM] (482) Auto-excluding **/__pycache__
2024-07-15 15:29:43.208 [info] [Info  - 3:29:43 PM] (482) Auto-excluding **/.*
2024-07-15 15:29:43.284 [info] [Info  - 3:29:43 PM] (482) Assuming Python version 3.8.10.final.0
2024-07-15 15:29:43.381 [info] [Info  - 3:29:43 PM] (482) No source files found.
2024-07-15 15:29:44.435 [info] [Info  - 3:29:44 PM] (482) Setting pythonPath for service "DB_Provisionning": "/bin/python3"
2024-07-15 15:29:44.435 [info] [Info  - 3:29:44 PM] (482) Setting environmentName for service "DB_Provisionning": "3.8.10 (global)"
2024-07-15 15:29:44.436 [info] [Info  - 3:29:44 PM] (482) No include entries specified; assuming /home/ndao/DB_Provisionning
2024-07-15 15:29:44.437 [info] [Info  - 3:29:44 PM] (482) Auto-excluding **/node_modules
2024-07-15 15:29:44.443 [info] [Info  - 3:29:44 PM] (482) Auto-excluding **/__pycache__
2024-07-15 15:29:44.443 [info] [Info  - 3:29:44 PM] (482) Auto-excluding **/.*
2024-07-15 15:29:44.514 [info] [Info  - 3:29:44 PM] (482) Assuming Python version 3.8.10.final.0
2024-07-15 15:29:44.593 [info] [Info  - 3:29:44 PM] (482) No source files found.
2024-07-15 15:29:44.856 [info] [Info  - 3:29:44 PM] (482) Setting pythonPath for service "DB_Provisionning": "/bin/python3"
2024-07-15 15:29:44.856 [info] [Info  - 3:29:44 PM] (482) Setting environmentName for service "DB_Provisionning": "3.8.10 (global)"
2024-07-15 15:29:44.856 [info] [Info  - 3:29:44 PM] (482) No include entries specified; assuming /home/ndao/DB_Provisionning
2024-07-15 15:29:44.856 [info] [Info  - 3:29:44 PM] (482) Auto-excluding **/node_modules
2024-07-15 15:29:44.857 [info] [Info  - 3:29:44 PM] (482) Auto-excluding **/__pycache__
2024-07-15 15:29:44.857 [info] [Info  - 3:29:44 PM] (482) Auto-excluding **/.*
2024-07-15 15:29:45.001 [info] [Info  - 3:29:45 PM] (482) Assuming Python version 3.8.10.final.0
2024-07-15 15:29:45.002 [info] [Info  - 3:29:45 PM] (482) No source files found.
2024-07-15 15:29:46.758 [info] [Info  - 3:29:46 PM] (482) Setting pythonPath for service "DB_Provisionning": "/bin/python3"
2024-07-15 15:29:46.764 [info] [Info  - 3:29:46 PM] (482) Setting environmentName for service "DB_Provisionning": "3.8.10 (global)"
2024-07-15 15:29:46.764 [info] [Info  - 3:29:46 PM] (482) No include entries specified; assuming /home/ndao/DB_Provisionning
2024-07-15 15:29:46.764 [info] [Info  - 3:29:46 PM] (482) Auto-excluding **/node_modules
2024-07-15 15:29:46.764 [info] [Info  - 3:29:46 PM] (482) Auto-excluding **/__pycache__
2024-07-15 15:29:46.765 [info] [Info  - 3:29:46 PM] (482) Auto-excluding **/.*
2024-07-15 15:29:46.822 [info] [Info  - 3:29:46 PM] (482) Assuming Python version 3.8.10.final.0
2024-07-15 15:29:46.893 [info] [Info  - 3:29:46 PM] (482) No source files found.
2024-07-15 15:29:50.191 [info] [Info  - 3:29:50 PM] (482) Setting pythonPath for service "DB_Provisionning": "/bin/python3"
2024-07-15 15:29:50.192 [info] [Info  - 3:29:50 PM] (482) Setting environmentName for service "DB_Provisionning": "3.8.10 (global)"
2024-07-15 15:29:50.192 [info] [Info  - 3:29:50 PM] (482) No include entries specified; assuming /home/ndao/DB_Provisionning
2024-07-15 15:29:50.192 [info] [Info  - 3:29:50 PM] (482) Auto-excluding **/node_modules
2024-07-15 15:29:50.192 [info] [Info  - 3:29:50 PM] (482) Auto-excluding **/__pycache__
2024-07-15 15:29:50.193 [info] [Info  - 3:29:50 PM] (482) Auto-excluding **/.*
2024-07-15 15:29:50.273 [info] [Info  - 3:29:50 PM] (482) Assuming Python version 3.8.10.final.0
2024-07-15 15:29:50.368 [info] [Info  - 3:29:50 PM] (482) No source files found.
2024-07-15 15:29:58.707 [info] [Info  - 3:29:58 PM] (482) Setting pythonPath for service "DB_Provisionning": "/bin/python3"
2024-07-15 15:29:58.708 [info] [Info  - 3:29:58 PM] (482) Setting environmentName for service "DB_Provisionning": "3.8.10 (global)"
2024-07-15 15:29:58.708 [info] [Info  - 3:29:58 PM] (482) No include entries specified; assuming /home/ndao/DB_Provisionning
2024-07-15 15:29:58.708 [info] [Info  - 3:29:58 PM] (482) Auto-excluding **/node_modules
2024-07-15 15:29:58.708 [info] [Info  - 3:29:58 PM] (482) Auto-excluding **/__pycache__
2024-07-15 15:29:58.708 [info] [Info  - 3:29:58 PM] (482) Auto-excluding **/.*
2024-07-15 15:29:58.778 [info] [Info  - 3:29:58 PM] (482) Assuming Python version 3.8.10.final.0
2024-07-15 15:29:58.893 [info] [Info  - 3:29:58 PM] (482) No source files found.
2024-07-15 15:33:17.450 [info] [Info  - 3:33:17 PM] (482) Setting pythonPath for service "DB_Provisionning": "/bin/python3"
2024-07-15 15:33:17.450 [info] [Info  - 3:33:17 PM] (482) Setting environmentName for service "DB_Provisionning": "3.8.10 (global)"
2024-07-15 15:33:17.450 [info] [Info  - 3:33:17 PM] (482) No include entries specified; assuming /home/ndao/DB_Provisionning
2024-07-15 15:33:17.450 [info] [Info  - 3:33:17 PM] (482) Auto-excluding **/node_modules
2024-07-15 15:33:17.451 [info] [Info  - 3:33:17 PM] (482) Auto-excluding **/__pycache__
2024-07-15 15:33:17.451 [info] [Info  - 3:33:17 PM] (482) Auto-excluding **/.*
2024-07-15 15:33:18.189 [info] [Info  - 3:33:18 PM] (482) Assuming Python version 3.8.10.final.0
2024-07-15 15:33:18.217 [info] [Info  - 3:33:18 PM] (482) No source files found.
2024-07-15 15:33:18.625 [info] [Info  - 3:33:18 PM] (482) Setting pythonPath for service "DB_Provisionning": "/bin/python3"
2024-07-15 15:33:18.631 [info] [Info  - 3:33:18 PM] (482) Setting environmentName for service "DB_Provisionning": "3.8.10 (global)"
2024-07-15 15:33:18.637 [info] [Info  - 3:33:18 PM] (482) No include entries specified; assuming /home/ndao/DB_Provisionning
2024-07-15 15:33:18.637 [info] [Info  - 3:33:18 PM] (482) Auto-excluding **/node_modules
2024-07-15 15:33:18.638 [info] [Info  - 3:33:18 PM] (482) Auto-excluding **/__pycache__
2024-07-15 15:33:18.638 [info] [Info  - 3:33:18 PM] (482) Auto-excluding **/.*
2024-07-15 15:33:18.638 [info] [Info  - 3:33:18 PM] (482) Assuming Python version 3.8.10.final.0
2024-07-15 15:33:18.655 [info] [Info  - 3:33:18 PM] (482) No source files found.
2024-07-15 15:33:20.481 [info] [Info  - 3:33:20 PM] (482) Setting pythonPath for service "DB_Provisionning": "/bin/python3"
2024-07-15 15:33:20.481 [info] [Info  - 3:33:20 PM] (482) Setting environmentName for service "DB_Provisionning": "3.8.10 (global)"
2024-07-15 15:33:20.482 [info] [Info  - 3:33:20 PM] (482) No include entries specified; assuming /home/ndao/DB_Provisionning
2024-07-15 15:33:20.483 [info] [Info  - 3:33:20 PM] (482) Auto-excluding **/node_modules
2024-07-15 15:33:20.488 [info] [Info  - 3:33:20 PM] (482) Auto-excluding **/__pycache__
2024-07-15 15:33:20.489 [info] [Info  - 3:33:20 PM] (482) Auto-excluding **/.*
2024-07-15 15:33:20.553 [info] [Info  - 3:33:20 PM] (482) Assuming Python version 3.8.10.final.0
2024-07-15 15:33:20.658 [info] [Info  - 3:33:20 PM] (482) No source files found.
2024-07-15 15:33:27.984 [info] [Info  - 3:33:27 PM] (482) Setting pythonPath for service "DB_Provisionning": "/bin/python3"
2024-07-15 15:33:27.985 [info] [Info  - 3:33:27 PM] (482) Setting environmentName for service "DB_Provisionning": "3.8.10 (global)"
2024-07-15 15:33:27.986 [info] [Info  - 3:33:27 PM] (482) No include entries specified; assuming /home/ndao/DB_Provisionning
2024-07-15 15:33:27.986 [info] [Info  - 3:33:27 PM] (482) Auto-excluding **/node_modules
2024-07-15 15:33:27.987 [info] [Info  - 3:33:27 PM] (482) Auto-excluding **/__pycache__
2024-07-15 15:33:27.987 [info] [Info  - 3:33:27 PM] (482) Auto-excluding **/.*
2024-07-15 15:33:28.076 [info] [Info  - 3:33:28 PM] (482) Assuming Python version 3.8.10.final.0
2024-07-15 15:33:28.243 [info] [Info  - 3:33:28 PM] (482) No source files found.
2024-07-15 15:33:28.922 [info] [Info  - 3:33:28 PM] (482) Setting pythonPath for service "DB_Provisionning": "/bin/python3"
2024-07-15 15:33:28.923 [info] [Info  - 3:33:28 PM] (482) Setting environmentName for service "DB_Provisionning": "3.8.10 (global)"
2024-07-15 15:33:28.924 [info] [Info  - 3:33:28 PM] (482) No include entries specified; assuming /home/ndao/DB_Provisionning
2024-07-15 15:33:28.925 [info] [Info  - 3:33:28 PM] (482) Auto-excluding **/node_modules
2024-07-15 15:33:28.925 [info] [Info  - 3:33:28 PM] (482) Auto-excluding **/__pycache__
2024-07-15 15:33:28.932 [info] [Info  - 3:33:28 PM] (482) Auto-excluding **/.*
2024-07-15 15:33:28.969 [info] [Info  - 3:33:28 PM] (482) Assuming Python version 3.8.10.final.0
2024-07-15 15:33:29.277 [info] [Info  - 3:33:29 PM] (482) No source files found.
2024-07-15 15:34:17.600 [info] [Info  - 3:34:17 PM] (482) Setting pythonPath for service "DB_Provisionning": "/bin/python3"
2024-07-15 15:34:17.606 [info] [Info  - 3:34:17 PM] (482) Setting environmentName for service "DB_Provisionning": "3.8.10 (global)"
2024-07-15 15:34:17.606 [info] [Info  - 3:34:17 PM] (482) No include entries specified; assuming /home/ndao/DB_Provisionning
2024-07-15 15:34:17.607 [info] [Info  - 3:34:17 PM] (482) Auto-excluding **/node_modules
2024-07-15 15:34:17.607 [info] [Info  - 3:34:17 PM] (482) Auto-excluding **/__pycache__
2024-07-15 15:34:17.607 [info] [Info  - 3:34:17 PM] (482) Auto-excluding **/.*
2024-07-15 15:34:17.654 [info] [Info  - 3:34:17 PM] (482) Assuming Python version 3.8.10.final.0
2024-07-15 15:34:17.733 [info] [Info  - 3:34:17 PM] (482) No source files found.
2024-07-15 15:38:43.511 [info] [Info  - 3:38:43 PM] (482) Setting pythonPath for service "DB_Provisionning": "/bin/python3"
2024-07-15 15:38:43.512 [info] [Info  - 3:38:43 PM] (482) Setting environmentName for service "DB_Provisionning": "3.8.10 (global)"
2024-07-15 15:38:43.514 [info] [Info  - 3:38:43 PM] (482) No include entries specified; assuming /home/ndao/DB_Provisionning
2024-07-15 15:38:43.514 [info] [Info  - 3:38:43 PM] (482) Auto-excluding **/node_modules
2024-07-15 15:38:43.515 [info] [Info  - 3:38:43 PM] (482) Auto-excluding **/__pycache__
2024-07-15 15:38:43.516 [info] [Info  - 3:38:43 PM] (482) Auto-excluding **/.*
2024-07-15 15:38:43.572 [info] [Info  - 3:38:43 PM] (482) Assuming Python version 3.8.10.final.0
2024-07-15 15:38:43.624 [info] [Info  - 3:38:43 PM] (482) No source files found.
2024-07-15 15:38:46.441 [info] [Info  - 3:38:46 PM] (482) Setting pythonPath for service "DB_Provisionning": "/bin/python3"
2024-07-15 15:38:46.442 [info] [Info  - 3:38:46 PM] (482) Setting environmentName for service "DB_Provisionning": "3.8.10 (global)"
2024-07-15 15:38:46.442 [info] [Info  - 3:38:46 PM] (482) No include entries specified; assuming /home/ndao/DB_Provisionning
2024-07-15 15:38:46.442 [info] [Info  - 3:38:46 PM] (482) Auto-excluding **/node_modules
2024-07-15 15:38:46.442 [info] [Info  - 3:38:46 PM] (482) Auto-excluding **/__pycache__
2024-07-15 15:38:46.442 [info] [Info  - 3:38:46 PM] (482) Auto-excluding **/.*
2024-07-15 15:38:46.509 [info] [Info  - 3:38:46 PM] (482) Assuming Python version 3.8.10.final.0
2024-07-15 15:38:46.578 [info] [Info  - 3:38:46 PM] (482) No source files found.
