2024-06-13 08:34:19.397 [info] Log level: Info
2024-06-13 08:34:19.397 [info] Validating found git in: "git"
2024-06-13 08:34:19.397 [info] Using git "2.25.1" from "git"
2024-06-13 08:34:19.397 [info] > git rev-parse --show-toplevel [15ms]
2024-06-13 08:34:19.405 [info] > git rev-parse --git-dir --git-common-dir [6ms]
2024-06-13 08:34:19.438 [info] Open repository: /home/ndao
2024-06-13 08:34:19.453 [info] > git rev-parse --show-toplevel [4ms]
2024-06-13 08:34:19.454 [info] > git config --get commit.template [7ms]
2024-06-13 08:34:19.465 [info] > git rev-parse --show-toplevel [6ms]
2024-06-13 08:34:19.482 [info] > git for-each-ref --format=%(refname)%00%(upstream:short)%00%(objectname)%00%(upstream:track)%00%(upstream:remotename)%00%(upstream:remoteref) refs/heads/main refs/remotes/main [20ms]
2024-06-13 08:34:19.489 [info] > git rev-parse --show-toplevel [20ms]
2024-06-13 08:34:19.499 [info] > git rev-parse --show-toplevel [2ms]
2024-06-13 08:34:19.510 [info] > git rev-parse --show-toplevel [4ms]
2024-06-13 08:34:19.516 [info] > git rev-parse --show-toplevel [3ms]
2024-06-13 08:34:19.566 [info] > git rev-parse --show-toplevel [45ms]
2024-06-13 08:34:19.644 [info] > git rev-parse --show-toplevel [72ms]
2024-06-13 08:34:19.652 [info] > git rev-parse --show-toplevel [3ms]
2024-06-13 08:34:19.826 [info] > git rev-parse --show-toplevel [171ms]
2024-06-13 08:34:19.835 [info] > git rev-parse --show-toplevel [6ms]
2024-06-13 08:34:19.881 [info] > git status -z -uall [379ms] (cancelled)
2024-06-13 08:34:19.908 [info] > git show --textconv :mysql_setup/templates/shell_script.sh [9ms]
2024-06-13 08:34:19.908 [info] > git ls-files --stage -- /home/ndao/mysql_setup/templates/shell_script.sh [5ms]
2024-06-13 08:34:20.132 [info] > git check-ignore -v -z --stdin [55ms]
2024-06-13 08:34:27.396 [info] > git merge-base refs/heads/main refs/remotes/origin/main [3916ms]
2024-06-13 08:34:27.425 [info] > git config --get commit.template [37ms]
2024-06-13 08:34:27.431 [info] > git rev-list --count --left-right refs/heads/main...refs/remotes/origin/main [10ms]
2024-06-13 08:34:27.555 [info] > git for-each-ref --format=%(refname)%00%(upstream:short)%00%(objectname)%00%(upstream:track)%00%(upstream:remotename)%00%(upstream:remoteref) refs/heads/main refs/remotes/main [125ms]
2024-06-13 08:34:27.558 [info] > git diff --name-status -z --diff-filter=ADMR be3370facd740a38c7661dc2a634c76ff494dca7...refs/remotes/origin/main [120ms]
2024-06-13 08:34:32.782 [info] > git status -z -uall [5217ms] (cancelled)
2024-06-13 08:54:38.684 [info] > git show --textconv :mysql_setup/sql_setup.yml [163ms]
2024-06-13 08:54:38.685 [info] > git ls-files --stage -- /home/ndao/mysql_setup/sql_setup.yml [155ms]
2024-06-13 08:54:38.696 [info] > git cat-file -s 5c5b9b855e62d3718558fc898b2780bd8a662a5a [7ms]
2024-06-13 08:54:39.661 [info] > git show --textconv :mysql_setup/templates/shell_script.sh [29ms]
2024-06-13 08:54:39.661 [info] > git ls-files --stage -- /home/ndao/mysql_setup/templates/shell_script.sh [20ms]
2024-06-13 08:55:51.730 [info] > git show --textconv :mysql_setup/sql_setup.yml [8ms]
2024-06-13 08:55:51.734 [info] > git ls-files --stage -- /home/ndao/mysql_setup/sql_setup.yml [6ms]
2024-06-13 08:55:51.737 [info] > git cat-file -s 5c5b9b855e62d3718558fc898b2780bd8a662a5a [1ms]
2024-06-13 08:55:59.855 [info] > git show --textconv :mysql_setup/vars/mysql_vars.yml [28ms]
2024-06-13 08:55:59.863 [info] > git ls-files --stage -- /home/ndao/mysql_setup/vars/mysql_vars.yml [14ms]
2024-06-13 08:55:59.868 [info] > git cat-file -s 0da8d5fc2be527528b4cfdf341e731133e9debd2 [2ms]
2024-06-13 08:56:01.814 [info] > git show --textconv :mysql_setup/sql_setup.yml [8ms]
2024-06-13 08:56:01.816 [info] > git ls-files --stage -- /home/ndao/mysql_setup/sql_setup.yml [4ms]
2024-06-13 08:56:01.820 [info] > git cat-file -s 5c5b9b855e62d3718558fc898b2780bd8a662a5a [1ms]
2024-06-13 09:01:06.863 [info] > git show --textconv :mysql_setup/templates/shell_script.sh [7ms]
2024-06-13 09:01:06.867 [info] > git ls-files --stage -- /home/ndao/mysql_setup/templates/shell_script.sh [5ms]
2024-06-13 09:28:46.037 [info] > git show --textconv :mysql_setup/vars/mysql_vars.yml [5ms]
2024-06-13 09:28:46.040 [info] > git ls-files --stage -- /home/ndao/mysql_setup/vars/mysql_vars.yml [4ms]
2024-06-13 09:28:46.043 [info] > git cat-file -s 0da8d5fc2be527528b4cfdf341e731133e9debd2 [1ms]
2024-06-13 09:29:04.493 [info] > git show --textconv :mysql_setup/templates/shell_script.sh [15ms]
2024-06-13 09:29:04.497 [info] > git ls-files --stage -- /home/ndao/mysql_setup/templates/shell_script.sh [5ms]
2024-06-13 09:47:40.381 [info] > git show --textconv :mysql_setup/vars/mysql_vars.yml [8ms]
2024-06-13 09:47:40.384 [info] > git ls-files --stage -- /home/ndao/mysql_setup/vars/mysql_vars.yml [7ms]
2024-06-13 09:47:40.388 [info] > git cat-file -s 0da8d5fc2be527528b4cfdf341e731133e9debd2 [0ms]
2024-06-13 09:47:46.341 [info] > git show --textconv :mysql_setup/templates/shell_script.sh [6ms]
2024-06-13 09:47:46.345 [info] > git ls-files --stage -- /home/ndao/mysql_setup/templates/shell_script.sh [4ms]
2024-06-13 09:53:44.594 [info] > git show --textconv :mysql_setup/vars/mysql_vars.yml [7ms]
2024-06-13 09:53:44.599 [info] > git ls-files --stage -- /home/ndao/mysql_setup/vars/mysql_vars.yml [5ms]
2024-06-13 09:53:44.603 [info] > git cat-file -s 0da8d5fc2be527528b4cfdf341e731133e9debd2 [1ms]
2024-06-13 09:54:07.725 [info] > git show --textconv :mysql_setup/templates/shell_script.sh [4ms]
2024-06-13 09:54:07.729 [info] > git ls-files --stage -- /home/ndao/mysql_setup/templates/shell_script.sh [4ms]
2024-06-13 09:54:09.945 [info] > git show --textconv :mysql_setup/sql_setup.yml [5ms]
2024-06-13 09:54:09.949 [info] > git ls-files --stage -- /home/ndao/mysql_setup/sql_setup.yml [4ms]
2024-06-13 09:54:09.953 [info] > git cat-file -s 5c5b9b855e62d3718558fc898b2780bd8a662a5a [1ms]
2024-06-13 09:55:07.125 [info] > git show --textconv :mysql_setup/vars/mysql_vars.yml [6ms]
2024-06-13 09:55:07.129 [info] > git ls-files --stage -- /home/ndao/mysql_setup/vars/mysql_vars.yml [4ms]
2024-06-13 09:55:07.132 [info] > git cat-file -s 0da8d5fc2be527528b4cfdf341e731133e9debd2 [1ms]
2024-06-13 09:55:31.990 [info] > git show --textconv :mysql_setup/sql_setup.yml [6ms]
2024-06-13 09:55:31.996 [info] > git ls-files --stage -- /home/ndao/mysql_setup/sql_setup.yml [6ms]
2024-06-13 09:55:32.000 [info] > git cat-file -s 5c5b9b855e62d3718558fc898b2780bd8a662a5a [1ms]
2024-06-13 09:55:54.120 [info] > git show --textconv :mysql_setup/templates/shell_script.sh [6ms]
2024-06-13 09:55:54.123 [info] > git ls-files --stage -- /home/ndao/mysql_setup/templates/shell_script.sh [4ms]
2024-06-13 09:56:12.891 [info] > git show --textconv :mysql_setup/sql_setup.yml [6ms]
2024-06-13 09:56:12.895 [info] > git ls-files --stage -- /home/ndao/mysql_setup/sql_setup.yml [4ms]
2024-06-13 09:56:12.898 [info] > git cat-file -s 5c5b9b855e62d3718558fc898b2780bd8a662a5a [1ms]
2024-06-13 09:57:23.568 [info] > git show --textconv :mysql_setup/vars/mysql_vars.yml [10ms]
2024-06-13 09:57:23.574 [info] > git ls-files --stage -- /home/ndao/mysql_setup/vars/mysql_vars.yml [7ms]
2024-06-13 09:57:23.580 [info] > git cat-file -s 0da8d5fc2be527528b4cfdf341e731133e9debd2 [2ms]
2024-06-13 09:57:37.572 [info] > git show --textconv :mysql_setup/templates/shell_script.sh [7ms]
2024-06-13 09:57:37.575 [info] > git ls-files --stage -- /home/ndao/mysql_setup/templates/shell_script.sh [4ms]
2024-06-13 10:00:31.829 [info] > git show --textconv :mysql_setup/vars/mysql_vars.yml [8ms]
2024-06-13 10:00:31.833 [info] > git ls-files --stage -- /home/ndao/mysql_setup/vars/mysql_vars.yml [5ms]
2024-06-13 10:00:31.838 [info] > git cat-file -s 0da8d5fc2be527528b4cfdf341e731133e9debd2 [1ms]
2024-06-13 10:01:03.540 [info] > git show --textconv :mysql_setup/vars/mysql_vars.yml [6ms]
2024-06-13 10:01:03.544 [info] > git ls-files --stage -- /home/ndao/mysql_setup/vars/mysql_vars.yml [5ms]
2024-06-13 10:01:03.547 [info] > git cat-file -s 0da8d5fc2be527528b4cfdf341e731133e9debd2 [1ms]
2024-06-13 10:01:58.083 [info] > git show --textconv :mysql_setup/vars/mysql_vars.yml [6ms]
2024-06-13 10:01:58.087 [info] > git ls-files --stage -- /home/ndao/mysql_setup/vars/mysql_vars.yml [4ms]
2024-06-13 10:01:58.090 [info] > git cat-file -s 0da8d5fc2be527528b4cfdf341e731133e9debd2 [1ms]
2024-06-13 10:02:12.448 [info] > git show --textconv :mysql_setup/templates/shell_script.sh [5ms]
2024-06-13 10:02:12.453 [info] > git ls-files --stage -- /home/ndao/mysql_setup/templates/shell_script.sh [4ms]
2024-06-13 10:10:55.772 [info] > git show --textconv :mysql_setup/vars/mysql_vars.yml [5ms]
2024-06-13 10:10:55.777 [info] > git ls-files --stage -- /home/ndao/mysql_setup/vars/mysql_vars.yml [6ms]
2024-06-13 10:10:55.781 [info] > git cat-file -s 0da8d5fc2be527528b4cfdf341e731133e9debd2 [1ms]
2024-06-13 10:11:06.327 [info] > git show --textconv :mysql_setup/templates/shell_script.sh [7ms]
2024-06-13 10:11:06.331 [info] > git ls-files --stage -- /home/ndao/mysql_setup/templates/shell_script.sh [5ms]
2024-06-13 10:12:37.708 [info] > git show --textconv :mysql_setup/sql_setup.yml [7ms]
2024-06-13 10:12:37.711 [info] > git ls-files --stage -- /home/ndao/mysql_setup/sql_setup.yml [4ms]
2024-06-13 10:12:37.715 [info] > git cat-file -s 5c5b9b855e62d3718558fc898b2780bd8a662a5a [1ms]
2024-06-13 10:12:45.621 [info] > git show --textconv :mysql_setup/templates/shell_script.sh [7ms]
2024-06-13 10:12:45.624 [info] > git ls-files --stage -- /home/ndao/mysql_setup/templates/shell_script.sh [4ms]
2024-06-13 10:20:27.701 [info] > git show --textconv :mysql_setup/vars/mysql_vars.yml [7ms]
2024-06-13 10:20:27.704 [info] > git ls-files --stage -- /home/ndao/mysql_setup/vars/mysql_vars.yml [4ms]
2024-06-13 10:20:27.707 [info] > git cat-file -s 0da8d5fc2be527528b4cfdf341e731133e9debd2 [1ms]
2024-06-13 10:34:18.212 [info] > git ls-files --stage -- /home/ndao/mysql_setup/vars/mysql_vars.yml [3ms]
2024-06-13 10:34:18.216 [info] > git cat-file -s 39ddd48310d6e38f123ffc59db0e8ee5de5c1179 [1ms]
2024-06-13 10:34:18.230 [info] > git show --textconv :mysql_setup/vars/mysql_vars.yml [4ms]
2024-06-13 10:34:23.611 [info] > git check-ignore -v -z --stdin [7ms]
2024-06-13 10:34:24.453 [info] > git show --textconv :Github.yml [6ms]
2024-06-13 10:34:24.457 [info] > git ls-files --stage -- /home/ndao/Github.yml [5ms]
2024-06-13 10:34:24.460 [info] > git cat-file -s bfce5877cb3f872e9cb3d64f0718a88c64ac3561 [1ms]
2024-06-13 10:37:05.969 [info] > git show --textconv :mysql_setup/vars/mysql_vars.yml [14ms]
2024-06-13 10:37:05.972 [info] > git ls-files --stage -- /home/ndao/mysql_setup/vars/mysql_vars.yml [9ms]
2024-06-13 10:37:05.978 [info] > git cat-file -s 39ddd48310d6e38f123ffc59db0e8ee5de5c1179 [2ms]
2024-06-13 10:37:13.177 [info] > git show --textconv :mysql_setup/templates/shell_script.sh [6ms]
2024-06-13 10:37:13.181 [info] > git ls-files --stage -- /home/ndao/mysql_setup/templates/shell_script.sh [5ms]
2024-06-13 10:37:13.186 [info] > git cat-file -s bfd86eb09c74da15435ec40f301020fe479a6f4b [1ms]
2024-06-13 10:39:06.241 [info] > git ls-files --stage -- /home/ndao/mysql_setup/templates/shell_script.sh [5ms]
2024-06-13 10:39:06.245 [info] > git cat-file -s bfd86eb09c74da15435ec40f301020fe479a6f4b [1ms]
2024-06-13 10:39:06.263 [info] > git show --textconv :mysql_setup/templates/shell_script.sh [5ms]
2024-06-13 10:40:17.038 [info] > git show --textconv :mysql_setup/sql_setup.yml [9ms]
2024-06-13 10:40:17.043 [info] > git ls-files --stage -- /home/ndao/mysql_setup/sql_setup.yml [6ms]
2024-06-13 10:40:17.047 [info] > git cat-file -s b90225db64dc003ab79dc1e115f0d3e4f76dd513 [1ms]
2024-06-13 10:40:20.363 [info] > git show --textconv :Github.yml [5ms]
2024-06-13 10:40:20.368 [info] > git ls-files --stage -- /home/ndao/Github.yml [5ms]
2024-06-13 10:40:20.371 [info] > git cat-file -s bfce5877cb3f872e9cb3d64f0718a88c64ac3561 [1ms]
2024-06-13 10:52:47.196 [info] > git ls-files --stage -- /home/ndao/Github.yml [6ms]
2024-06-13 10:52:47.200 [info] > git cat-file -s 910efb2cd1420e4aad7082563eb599d2baa6432a [1ms]
2024-06-13 10:52:47.215 [info] > git show --textconv :Github.yml [5ms]
2024-06-13 10:52:50.279 [info] > git show --textconv :credentials.yaml [6ms]
2024-06-13 10:52:50.286 [info] > git ls-files --stage -- /home/ndao/credentials.yaml [6ms]
2024-06-13 10:52:50.290 [info] > git cat-file -s d711f1af7a4831bb0e55ae0e7f301301e90bf340 [1ms]
2024-06-13 11:08:29.381 [info] > git ls-files --stage -- /home/ndao/credentials.yaml [5ms]
2024-06-13 11:08:29.386 [info] > git cat-file -s 21ccf79aca619dae7054d2cf0f7c734d4d2a49d0 [1ms]
2024-06-13 11:08:29.404 [info] > git show --textconv :credentials.yaml [4ms]
2024-06-13 11:08:53.065 [info] > git show --textconv :mysql_setup/sql_setup.yml [7ms]
2024-06-13 11:08:53.068 [info] > git ls-files --stage -- /home/ndao/mysql_setup/sql_setup.yml [4ms]
2024-06-13 11:08:53.072 [info] > git cat-file -s b90225db64dc003ab79dc1e115f0d3e4f76dd513 [1ms]
2024-06-13 11:08:54.916 [info] > git show --textconv :credentials.yaml [5ms]
2024-06-13 11:08:54.921 [info] > git ls-files --stage -- /home/ndao/credentials.yaml [5ms]
2024-06-13 11:08:54.926 [info] > git cat-file -s 21ccf79aca619dae7054d2cf0f7c734d4d2a49d0 [1ms]
2024-06-13 11:08:58.018 [info] > git show --textconv :mysql_setup/sql_setup.yml [7ms]
2024-06-13 11:08:58.021 [info] > git ls-files --stage -- /home/ndao/mysql_setup/sql_setup.yml [4ms]
2024-06-13 11:08:58.025 [info] > git cat-file -s b90225db64dc003ab79dc1e115f0d3e4f76dd513 [1ms]
2024-06-13 11:08:58.952 [info] > git show --textconv :mysql_setup/templates/shell_script.sh [6ms]
2024-06-13 11:08:58.955 [info] > git ls-files --stage -- /home/ndao/mysql_setup/templates/shell_script.sh [4ms]
2024-06-13 11:08:58.959 [info] > git cat-file -s bfd86eb09c74da15435ec40f301020fe479a6f4b [1ms]
2024-06-13 11:14:40.104 [info] > git show --textconv :mysql_setup/sql_setup.yml [6ms]
2024-06-13 11:14:40.107 [info] > git ls-files --stage -- /home/ndao/mysql_setup/sql_setup.yml [4ms]
2024-06-13 11:14:40.110 [info] > git cat-file -s b90225db64dc003ab79dc1e115f0d3e4f76dd513 [1ms]
2024-06-13 11:15:04.248 [info] > git show --textconv :mysql_setup/mysql_setup.yml [6ms]
2024-06-13 11:15:04.254 [info] > git ls-files --stage -- /home/ndao/mysql_setup/mysql_setup.yml [6ms]
2024-06-13 11:15:04.259 [info] > git cat-file -s 374623a638398b802baa1a67334a3991cdb0998d [2ms]
2024-06-13 11:15:24.290 [info] > git show --textconv :mysql_setup/sql_setup.yml [6ms]
2024-06-13 11:15:24.294 [info] > git ls-files --stage -- /home/ndao/mysql_setup/sql_setup.yml [4ms]
2024-06-13 11:15:24.297 [info] > git cat-file -s b90225db64dc003ab79dc1e115f0d3e4f76dd513 [1ms]
2024-06-13 11:15:25.783 [info] > git show --textconv :mysql_setup/mysql_setup.yml [6ms]
2024-06-13 11:15:25.787 [info] > git ls-files --stage -- /home/ndao/mysql_setup/mysql_setup.yml [5ms]
2024-06-13 11:15:25.790 [info] > git cat-file -s 374623a638398b802baa1a67334a3991cdb0998d [0ms]
2024-06-13 11:15:31.647 [info] > git show --textconv :mysql_setup/sql_setup.yml [6ms]
2024-06-13 11:15:31.651 [info] > git ls-files --stage -- /home/ndao/mysql_setup/sql_setup.yml [5ms]
2024-06-13 11:15:31.655 [info] > git cat-file -s b90225db64dc003ab79dc1e115f0d3e4f76dd513 [1ms]
2024-06-13 11:15:33.259 [info] > git show --textconv :mysql_setup/mysql_setup.yml [5ms]
2024-06-13 11:15:33.262 [info] > git ls-files --stage -- /home/ndao/mysql_setup/mysql_setup.yml [4ms]
2024-06-13 11:15:33.266 [info] > git cat-file -s 374623a638398b802baa1a67334a3991cdb0998d [0ms]
2024-06-13 11:15:48.496 [info] > git show --textconv :mysql_setup/sql_setup.yml [7ms]
2024-06-13 11:15:48.499 [info] > git ls-files --stage -- /home/ndao/mysql_setup/sql_setup.yml [3ms]
2024-06-13 11:15:48.503 [info] > git cat-file -s b90225db64dc003ab79dc1e115f0d3e4f76dd513 [0ms]
2024-06-13 11:15:55.343 [info] > git show --textconv :mysql_setup/vars/mysql_vars.yml [7ms]
2024-06-13 11:15:55.346 [info] > git ls-files --stage -- /home/ndao/mysql_setup/vars/mysql_vars.yml [4ms]
2024-06-13 11:15:55.350 [info] > git cat-file -s 39ddd48310d6e38f123ffc59db0e8ee5de5c1179 [0ms]
2024-06-13 11:17:31.163 [info] > git show --textconv :mysql_setup/sql_setup.yml [6ms]
2024-06-13 11:17:31.166 [info] > git ls-files --stage -- /home/ndao/mysql_setup/sql_setup.yml [4ms]
2024-06-13 11:17:31.171 [info] > git cat-file -s b90225db64dc003ab79dc1e115f0d3e4f76dd513 [2ms]
2024-06-13 11:17:32.096 [info] > git show --textconv :mysql_setup/templates/shell_script.sh [8ms]
2024-06-13 11:17:32.101 [info] > git ls-files --stage -- /home/ndao/mysql_setup/templates/shell_script.sh [6ms]
2024-06-13 11:17:32.106 [info] > git cat-file -s bfd86eb09c74da15435ec40f301020fe479a6f4b [2ms]
2024-06-13 11:24:43.353 [info] > git show --textconv :Github.yml [6ms]
2024-06-13 11:24:43.358 [info] > git ls-files --stage -- /home/ndao/Github.yml [5ms]
2024-06-13 11:24:43.362 [info] > git cat-file -s 910efb2cd1420e4aad7082563eb599d2baa6432a [1ms]
2024-06-13 11:24:45.582 [info] > git show --textconv :credentials.yaml [6ms]
2024-06-13 11:24:45.587 [info] > git ls-files --stage -- /home/ndao/credentials.yaml [6ms]
2024-06-13 11:24:45.591 [info] > git cat-file -s 21ccf79aca619dae7054d2cf0f7c734d4d2a49d0 [1ms]
2024-06-13 11:24:46.614 [info] > git show --textconv :mysql_setup/sql_setup.yml [7ms]
2024-06-13 11:24:46.618 [info] > git ls-files --stage -- /home/ndao/mysql_setup/sql_setup.yml [5ms]
2024-06-13 11:24:46.623 [info] > git cat-file -s b90225db64dc003ab79dc1e115f0d3e4f76dd513 [1ms]
2024-06-13 11:25:13.658 [info] > git show --textconv :mysql_setup/templates/shell_script.sh [7ms]
2024-06-13 11:25:13.662 [info] > git ls-files --stage -- /home/ndao/mysql_setup/templates/shell_script.sh [4ms]
2024-06-13 11:25:13.666 [info] > git cat-file -s bfd86eb09c74da15435ec40f301020fe479a6f4b [1ms]
2024-06-13 11:28:17.906 [info] > git show --textconv :mysql_setup/vars/mysql_vars.yml [7ms]
2024-06-13 11:28:17.911 [info] > git ls-files --stage -- /home/ndao/mysql_setup/vars/mysql_vars.yml [5ms]
2024-06-13 11:28:17.914 [info] > git cat-file -s 39ddd48310d6e38f123ffc59db0e8ee5de5c1179 [1ms]
2024-06-13 11:28:40.157 [info] > git show --textconv :mysql_setup/templates/shell_script.sh [6ms]
2024-06-13 11:28:40.162 [info] > git ls-files --stage -- /home/ndao/mysql_setup/templates/shell_script.sh [5ms]
2024-06-13 11:28:40.166 [info] > git cat-file -s bfd86eb09c74da15435ec40f301020fe479a6f4b [1ms]
2024-06-13 11:29:03.965 [info] > git show --textconv :mysql_setup/vars/mysql_vars.yml [8ms]
2024-06-13 11:29:03.970 [info] > git ls-files --stage -- /home/ndao/mysql_setup/vars/mysql_vars.yml [7ms]
2024-06-13 11:29:03.975 [info] > git cat-file -s 39ddd48310d6e38f123ffc59db0e8ee5de5c1179 [2ms]
2024-06-13 11:29:51.881 [info] > git show --textconv :mysql_setup/sql_setup.yml [6ms]
2024-06-13 11:29:51.886 [info] > git ls-files --stage -- /home/ndao/mysql_setup/sql_setup.yml [5ms]
2024-06-13 11:29:51.890 [info] > git cat-file -s b90225db64dc003ab79dc1e115f0d3e4f76dd513 [1ms]
2024-06-13 11:29:54.028 [info] > git show --textconv :mysql_setup/vars/mysql_vars.yml [6ms]
2024-06-13 11:29:54.032 [info] > git ls-files --stage -- /home/ndao/mysql_setup/vars/mysql_vars.yml [5ms]
2024-06-13 11:29:54.035 [info] > git cat-file -s 39ddd48310d6e38f123ffc59db0e8ee5de5c1179 [1ms]
2024-06-13 11:30:05.227 [info] > git show --textconv :mysql_setup/sql_setup.yml [8ms]
2024-06-13 11:30:05.231 [info] > git ls-files --stage -- /home/ndao/mysql_setup/sql_setup.yml [5ms]
2024-06-13 11:30:05.235 [info] > git cat-file -s b90225db64dc003ab79dc1e115f0d3e4f76dd513 [1ms]
2024-06-13 11:30:06.673 [info] > git show --textconv :mysql_setup/templates/shell_script.sh [6ms]
2024-06-13 11:30:06.677 [info] > git ls-files --stage -- /home/ndao/mysql_setup/templates/shell_script.sh [5ms]
2024-06-13 11:30:06.681 [info] > git cat-file -s bfd86eb09c74da15435ec40f301020fe479a6f4b [1ms]
2024-06-13 11:32:01.333 [info] > git show --textconv :mysql_setup/vars/mysql_vars.yml [7ms]
2024-06-13 11:32:01.337 [info] > git ls-files --stage -- /home/ndao/mysql_setup/vars/mysql_vars.yml [4ms]
2024-06-13 11:32:01.341 [info] > git cat-file -s 39ddd48310d6e38f123ffc59db0e8ee5de5c1179 [1ms]
2024-06-13 11:32:21.200 [info] > git show --textconv :mysql_setup/templates/shell_script.sh [7ms]
2024-06-13 11:32:21.206 [info] > git ls-files --stage -- /home/ndao/mysql_setup/templates/shell_script.sh [6ms]
2024-06-13 11:32:21.211 [info] > git cat-file -s bfd86eb09c74da15435ec40f301020fe479a6f4b [1ms]
2024-06-13 11:33:12.153 [info] > git show --textconv :mysql_setup/vars/mysql_vars.yml [6ms]
2024-06-13 11:33:12.156 [info] > git ls-files --stage -- /home/ndao/mysql_setup/vars/mysql_vars.yml [4ms]
2024-06-13 11:33:12.160 [info] > git cat-file -s 39ddd48310d6e38f123ffc59db0e8ee5de5c1179 [1ms]
2024-06-13 11:33:50.350 [info] > git show --textconv :mysql_setup/templates/shell_script.sh [7ms]
2024-06-13 11:33:50.353 [info] > git ls-files --stage -- /home/ndao/mysql_setup/templates/shell_script.sh [4ms]
2024-06-13 11:33:50.357 [info] > git cat-file -s bfd86eb09c74da15435ec40f301020fe479a6f4b [1ms]
2024-06-13 11:34:23.489 [info] > git show --textconv :mysql_setup/vars/mysql_vars.yml [8ms]
2024-06-13 11:34:23.493 [info] > git ls-files --stage -- /home/ndao/mysql_setup/vars/mysql_vars.yml [5ms]
2024-06-13 11:34:23.497 [info] > git cat-file -s 39ddd48310d6e38f123ffc59db0e8ee5de5c1179 [1ms]
2024-06-13 11:35:03.190 [info] > git show --textconv :mysql_setup/templates/shell_script.sh [8ms]
2024-06-13 11:35:03.194 [info] > git ls-files --stage -- /home/ndao/mysql_setup/templates/shell_script.sh [5ms]
2024-06-13 11:35:03.198 [info] > git cat-file -s bfd86eb09c74da15435ec40f301020fe479a6f4b [2ms]
2024-06-13 11:36:11.956 [info] > git show --textconv :mysql_setup/vars/mysql_vars.yml [10ms]
2024-06-13 11:36:11.961 [info] > git ls-files --stage -- /home/ndao/mysql_setup/vars/mysql_vars.yml [6ms]
2024-06-13 11:36:11.966 [info] > git cat-file -s 39ddd48310d6e38f123ffc59db0e8ee5de5c1179 [2ms]
2024-06-13 11:36:36.122 [info] > git show --textconv :mysql_setup/templates/shell_script.sh [7ms]
2024-06-13 11:36:36.127 [info] > git ls-files --stage -- /home/ndao/mysql_setup/templates/shell_script.sh [5ms]
2024-06-13 11:36:36.131 [info] > git cat-file -s bfd86eb09c74da15435ec40f301020fe479a6f4b [1ms]
2024-06-13 11:39:08.128 [info] > git show --textconv :mysql_setup/vars/mysql_vars.yml [7ms]
2024-06-13 11:39:08.133 [info] > git ls-files --stage -- /home/ndao/mysql_setup/vars/mysql_vars.yml [5ms]
2024-06-13 11:39:08.137 [info] > git cat-file -s 39ddd48310d6e38f123ffc59db0e8ee5de5c1179 [1ms]
2024-06-13 11:39:20.290 [info] > git show --textconv :mysql_setup/templates/shell_script.sh [7ms]
2024-06-13 11:39:20.294 [info] > git ls-files --stage -- /home/ndao/mysql_setup/templates/shell_script.sh [4ms]
2024-06-13 11:39:20.298 [info] > git cat-file -s bfd86eb09c74da15435ec40f301020fe479a6f4b [1ms]
2024-06-13 11:45:24.553 [info] > git show --textconv :mysql_setup/vars/mysql_vars.yml [7ms]
2024-06-13 11:45:24.557 [info] > git ls-files --stage -- /home/ndao/mysql_setup/vars/mysql_vars.yml [5ms]
2024-06-13 11:45:24.561 [info] > git cat-file -s 39ddd48310d6e38f123ffc59db0e8ee5de5c1179 [1ms]
2024-06-13 11:45:49.989 [info] > git show --textconv :mysql_setup/templates/shell_script.sh [6ms]
2024-06-13 11:45:49.994 [info] > git ls-files --stage -- /home/ndao/mysql_setup/templates/shell_script.sh [5ms]
2024-06-13 11:45:49.998 [info] > git cat-file -s bfd86eb09c74da15435ec40f301020fe479a6f4b [1ms]
2024-06-13 11:46:06.205 [info] > git show --textconv :mysql_setup/vars/mysql_vars.yml [6ms]
2024-06-13 11:46:06.210 [info] > git ls-files --stage -- /home/ndao/mysql_setup/vars/mysql_vars.yml [5ms]
2024-06-13 11:46:06.216 [info] > git cat-file -s 39ddd48310d6e38f123ffc59db0e8ee5de5c1179 [2ms]
2024-06-13 11:46:10.928 [info] > git show --textconv :mysql_setup/templates/shell_script.sh [5ms]
2024-06-13 11:46:10.932 [info] > git ls-files --stage -- /home/ndao/mysql_setup/templates/shell_script.sh [5ms]
2024-06-13 11:46:10.935 [info] > git cat-file -s bfd86eb09c74da15435ec40f301020fe479a6f4b [1ms]
2024-06-13 11:57:54.606 [info] > git show --textconv :mysql_setup/vars/mysql_vars.yml [5ms]
2024-06-13 11:57:54.611 [info] > git ls-files --stage -- /home/ndao/mysql_setup/vars/mysql_vars.yml [5ms]
2024-06-13 11:57:54.614 [info] > git cat-file -s 39ddd48310d6e38f123ffc59db0e8ee5de5c1179 [1ms]
2024-06-13 11:58:12.225 [info] > git show --textconv :mysql_setup/templates/shell_script.sh [9ms]
2024-06-13 11:58:12.229 [info] > git ls-files --stage -- /home/ndao/mysql_setup/templates/shell_script.sh [5ms]
2024-06-13 11:58:12.233 [info] > git cat-file -s bfd86eb09c74da15435ec40f301020fe479a6f4b [1ms]
2024-06-13 12:06:38.918 [info] > git show --textconv :mysql_setup/vars/mysql_vars.yml [6ms]
2024-06-13 12:06:38.921 [info] > git ls-files --stage -- /home/ndao/mysql_setup/vars/mysql_vars.yml [4ms]
2024-06-13 12:06:38.925 [info] > git cat-file -s 39ddd48310d6e38f123ffc59db0e8ee5de5c1179 [1ms]
2024-06-13 12:06:48.646 [info] > git show --textconv :mysql_setup/templates/shell_script.sh [6ms]
2024-06-13 12:06:48.650 [info] > git ls-files --stage -- /home/ndao/mysql_setup/templates/shell_script.sh [4ms]
2024-06-13 12:06:48.654 [info] > git cat-file -s bfd86eb09c74da15435ec40f301020fe479a6f4b [1ms]
2024-06-13 12:06:56.881 [info] > git show --textconv :mysql_setup/vars/mysql_vars.yml [5ms]
2024-06-13 12:06:56.885 [info] > git ls-files --stage -- /home/ndao/mysql_setup/vars/mysql_vars.yml [4ms]
2024-06-13 12:06:56.889 [info] > git cat-file -s 39ddd48310d6e38f123ffc59db0e8ee5de5c1179 [1ms]
2024-06-13 12:07:03.199 [info] > git show --textconv :mysql_setup/templates/shell_script.sh [6ms]
2024-06-13 12:07:03.203 [info] > git ls-files --stage -- /home/ndao/mysql_setup/templates/shell_script.sh [4ms]
2024-06-13 12:07:03.207 [info] > git cat-file -s bfd86eb09c74da15435ec40f301020fe479a6f4b [1ms]
2024-06-13 12:09:14.899 [info] > git show --textconv :mysql_setup/sql_setup.yml [5ms]
2024-06-13 12:09:14.903 [info] > git ls-files --stage -- /home/ndao/mysql_setup/sql_setup.yml [4ms]
2024-06-13 12:09:14.907 [info] > git cat-file -s b90225db64dc003ab79dc1e115f0d3e4f76dd513 [1ms]
2024-06-13 12:09:20.380 [info] > git show --textconv :mysql_setup/templates/shell_script.sh [7ms]
2024-06-13 12:09:20.384 [info] > git ls-files --stage -- /home/ndao/mysql_setup/templates/shell_script.sh [4ms]
2024-06-13 12:09:20.387 [info] > git cat-file -s bfd86eb09c74da15435ec40f301020fe479a6f4b [1ms]
2024-06-13 12:09:52.884 [info] > git show --textconv :mysql_setup/sql_setup.yml [25ms]
2024-06-13 12:09:52.884 [info] > git ls-files --stage -- /home/ndao/mysql_setup/sql_setup.yml [1ms]
2024-06-13 12:09:52.895 [info] > git cat-file -s b90225db64dc003ab79dc1e115f0d3e4f76dd513 [6ms]
2024-06-13 12:09:56.569 [info] > git show --textconv :credentials.yaml [9ms]
2024-06-13 12:09:56.574 [info] > git ls-files --stage -- /home/ndao/credentials.yaml [6ms]
2024-06-13 12:09:56.578 [info] > git cat-file -s 21ccf79aca619dae7054d2cf0f7c734d4d2a49d0 [1ms]
2024-06-13 12:09:57.683 [info] > git show --textconv :mysql_setup/sql_setup.yml [6ms]
2024-06-13 12:09:57.686 [info] > git ls-files --stage -- /home/ndao/mysql_setup/sql_setup.yml [3ms]
2024-06-13 12:09:57.690 [info] > git cat-file -s b90225db64dc003ab79dc1e115f0d3e4f76dd513 [1ms]
2024-06-13 12:17:26.133 [info] > git show --textconv :mysql_setup/templates/shell_script.sh [12ms]
2024-06-13 12:17:26.139 [info] > git ls-files --stage -- /home/ndao/mysql_setup/templates/shell_script.sh [6ms]
2024-06-13 12:17:26.145 [info] > git cat-file -s bfd86eb09c74da15435ec40f301020fe479a6f4b [2ms]
2024-06-13 12:20:13.837 [info] > git ls-files --stage -- /home/ndao/mysql_setup/templates/shell_script.sh [4ms]
2024-06-13 12:20:13.841 [info] > git cat-file -s f906cf8a1dbe5c874e998e060a803b284a4cd374 [1ms]
2024-06-13 12:20:13.857 [info] > git show --textconv :mysql_setup/templates/shell_script.sh [3ms]
2024-06-13 12:20:15.077 [info] > git show --textconv :mysql_setup/vars/mysql_vars.yml [8ms]
2024-06-13 12:20:15.080 [info] > git ls-files --stage -- /home/ndao/mysql_setup/vars/mysql_vars.yml [5ms]
2024-06-13 12:20:15.084 [info] > git cat-file -s c84e314034668d7b881fceea8455284adcc5c910 [1ms]
2024-06-13 12:20:22.709 [info] > git show --textconv :mysql_setup/templates/shell_script.sh [7ms]
2024-06-13 12:20:22.713 [info] > git ls-files --stage -- /home/ndao/mysql_setup/templates/shell_script.sh [4ms]
2024-06-13 12:20:22.716 [info] > git cat-file -s f906cf8a1dbe5c874e998e060a803b284a4cd374 [0ms]
2024-06-13 12:20:27.897 [info] > git show --textconv :mysql_setup/vars/mysql_vars.yml [5ms]
2024-06-13 12:20:27.900 [info] > git ls-files --stage -- /home/ndao/mysql_setup/vars/mysql_vars.yml [4ms]
2024-06-13 12:20:27.903 [info] > git cat-file -s c84e314034668d7b881fceea8455284adcc5c910 [1ms]
2024-06-13 12:21:55.909 [info] > git show --textconv :mysql_setup/sql_setup.yml [6ms]
2024-06-13 12:21:55.912 [info] > git ls-files --stage -- /home/ndao/mysql_setup/sql_setup.yml [3ms]
2024-06-13 12:21:55.916 [info] > git cat-file -s 37160754b29c0504aaaea1466f2988247ee300e9 [1ms]
2024-06-13 12:22:56.929 [info] > git show --textconv :mysql_setup/templates/shell_script.sh [8ms]
2024-06-13 12:22:56.935 [info] > git ls-files --stage -- /home/ndao/mysql_setup/templates/shell_script.sh [6ms]
2024-06-13 12:22:56.940 [info] > git cat-file -s f906cf8a1dbe5c874e998e060a803b284a4cd374 [1ms]
2024-06-13 12:23:15.796 [info] > git show --textconv :mysql_setup/vars/mysql_vars.yml [6ms]
2024-06-13 12:23:15.800 [info] > git ls-files --stage -- /home/ndao/mysql_setup/vars/mysql_vars.yml [4ms]
2024-06-13 12:23:15.804 [info] > git cat-file -s c84e314034668d7b881fceea8455284adcc5c910 [1ms]
2024-06-13 12:23:17.468 [info] > git show --textconv :mysql_setup/sql_setup.yml [7ms]
2024-06-13 12:23:17.470 [info] > git ls-files --stage -- /home/ndao/mysql_setup/sql_setup.yml [4ms]
2024-06-13 12:23:17.474 [info] > git cat-file -s 37160754b29c0504aaaea1466f2988247ee300e9 [1ms]
2024-06-13 12:25:39.969 [info] > git show --textconv :mysql_setup/templates/shell_script.sh [6ms]
2024-06-13 12:25:39.973 [info] > git ls-files --stage -- /home/ndao/mysql_setup/templates/shell_script.sh [4ms]
2024-06-13 12:25:39.976 [info] > git cat-file -s f906cf8a1dbe5c874e998e060a803b284a4cd374 [1ms]
2024-06-13 12:26:39.462 [info] > git show --textconv :mysql_setup/vars/mysql_vars.yml [7ms]
2024-06-13 12:26:39.467 [info] > git ls-files --stage -- /home/ndao/mysql_setup/vars/mysql_vars.yml [6ms]
2024-06-13 12:26:39.471 [info] > git cat-file -s c84e314034668d7b881fceea8455284adcc5c910 [1ms]
2024-06-13 12:27:23.881 [info] > git show --textconv :mysql_setup/templates/shell_script.sh [5ms]
2024-06-13 12:27:23.884 [info] > git ls-files --stage -- /home/ndao/mysql_setup/templates/shell_script.sh [4ms]
2024-06-13 12:27:23.887 [info] > git cat-file -s f906cf8a1dbe5c874e998e060a803b284a4cd374 [0ms]
2024-06-13 12:30:30.453 [info] > git show --textconv :mysql_setup/vars/mysql_vars.yml [13ms]
2024-06-13 12:30:30.458 [info] > git ls-files --stage -- /home/ndao/mysql_setup/vars/mysql_vars.yml [6ms]
2024-06-13 12:30:30.462 [info] > git cat-file -s c84e314034668d7b881fceea8455284adcc5c910 [1ms]
2024-06-13 12:30:37.605 [info] > git show --textconv :mysql_setup/templates/shell_script.sh [10ms]
2024-06-13 12:30:37.609 [info] > git ls-files --stage -- /home/ndao/mysql_setup/templates/shell_script.sh [5ms]
2024-06-13 12:30:37.614 [info] > git cat-file -s f906cf8a1dbe5c874e998e060a803b284a4cd374 [2ms]
2024-06-13 12:33:15.211 [info] > git show --textconv :mysql_setup/vars/mysql_vars.yml [6ms]
2024-06-13 12:33:15.214 [info] > git ls-files --stage -- /home/ndao/mysql_setup/vars/mysql_vars.yml [4ms]
2024-06-13 12:33:15.218 [info] > git cat-file -s c84e314034668d7b881fceea8455284adcc5c910 [1ms]
2024-06-13 12:34:02.139 [info] > git show --textconv :mysql_setup/templates/shell_script.sh [9ms]
2024-06-13 12:34:02.145 [info] > git ls-files --stage -- /home/ndao/mysql_setup/templates/shell_script.sh [7ms]
2024-06-13 12:34:02.149 [info] > git cat-file -s f906cf8a1dbe5c874e998e060a803b284a4cd374 [1ms]
2024-06-13 12:34:03.103 [info] > git show --textconv :mysql_setup/vars/mysql_vars.yml [5ms]
2024-06-13 12:34:03.106 [info] > git ls-files --stage -- /home/ndao/mysql_setup/vars/mysql_vars.yml [3ms]
2024-06-13 12:34:03.111 [info] > git cat-file -s c84e314034668d7b881fceea8455284adcc5c910 [1ms]
2024-06-13 12:34:08.566 [info] > git show --textconv :mysql_setup/templates/shell_script.sh [8ms]
2024-06-13 12:34:08.570 [info] > git ls-files --stage -- /home/ndao/mysql_setup/templates/shell_script.sh [5ms]
2024-06-13 12:34:08.574 [info] > git cat-file -s f906cf8a1dbe5c874e998e060a803b284a4cd374 [1ms]
2024-06-13 12:36:43.528 [info] > git show --textconv :mysql_setup/vars/mysql_vars.yml [7ms]
2024-06-13 12:36:43.531 [info] > git ls-files --stage -- /home/ndao/mysql_setup/vars/mysql_vars.yml [4ms]
2024-06-13 12:36:43.535 [info] > git cat-file -s c84e314034668d7b881fceea8455284adcc5c910 [1ms]
2024-06-13 12:36:52.008 [info] > git show --textconv :mysql_setup/templates/shell_script.sh [6ms]
2024-06-13 12:36:52.012 [info] > git ls-files --stage -- /home/ndao/mysql_setup/templates/shell_script.sh [4ms]
2024-06-13 12:36:52.015 [info] > git cat-file -s f906cf8a1dbe5c874e998e060a803b284a4cd374 [1ms]
2024-06-13 12:37:36.259 [info] > git show --textconv :mysql_setup/vars/mysql_vars.yml [6ms]
2024-06-13 12:37:36.262 [info] > git ls-files --stage -- /home/ndao/mysql_setup/vars/mysql_vars.yml [3ms]
2024-06-13 12:37:36.266 [info] > git cat-file -s c84e314034668d7b881fceea8455284adcc5c910 [1ms]
2024-06-13 12:37:46.855 [info] > git show --textconv :mysql_setup/templates/shell_script.sh [9ms]
2024-06-13 12:37:46.859 [info] > git ls-files --stage -- /home/ndao/mysql_setup/templates/shell_script.sh [4ms]
2024-06-13 12:37:46.863 [info] > git cat-file -s f906cf8a1dbe5c874e998e060a803b284a4cd374 [1ms]
2024-06-13 12:39:44.956 [info] > git ls-files --stage -- /home/ndao/mysql_setup/templates/shell_script.sh [4ms]
2024-06-13 12:39:44.959 [info] > git cat-file -s f186c001de5730f287aa359df206b3766a608aeb [1ms]
2024-06-13 12:39:44.974 [info] > git show --textconv :mysql_setup/templates/shell_script.sh [4ms]
2024-06-13 12:40:04.144 [info] > git show --textconv :mysql_setup/vars/mysql_vars.yml [6ms]
2024-06-13 12:40:04.147 [info] > git ls-files --stage -- /home/ndao/mysql_setup/vars/mysql_vars.yml [4ms]
2024-06-13 12:40:04.151 [info] > git cat-file -s fad1bd595a8dfb6cc2ab1513f4c3cf926bae8e4b [1ms]
2024-06-13 12:40:11.002 [info] > git show --textconv :mysql_setup/templates/shell_script.sh [5ms]
2024-06-13 12:40:11.007 [info] > git ls-files --stage -- /home/ndao/mysql_setup/templates/shell_script.sh [6ms]
2024-06-13 12:40:11.011 [info] > git cat-file -s f186c001de5730f287aa359df206b3766a608aeb [1ms]
