2024-06-12 09:11:04.412 [info] Experiment 'pythonCreateEnvOnPipInstall' is active
2024-06-12 09:11:04.412 [info] Experiment 'pythonRecommendTensorboardExt' is active
2024-06-12 09:11:04.412 [info] Experiment 'pythonTerminalEnvVarActivation' is active
2024-06-12 09:11:04.412 [info] Experiment 'pythonTestAdapter' is active
2024-06-12 09:11:04.412 [info] Default formatter is set to null for workspace /home/ndao
2024-06-12 09:11:04.412 [info] Python interpreter path: /bin/python3
2024-06-12 09:11:04.470 [info] > pyenv which python
2024-06-12 09:11:04.470 [info] cwd: .
2024-06-12 09:11:06.847 [info] Starting Pylance language server.
2024-06-12 10:18:45.010 [info] Discover tests for workspace name: undefined - uri: c:/Users/dalom/AppData/Roaming/Code/User/settings.json
2024-06-12 10:18:45.876 [info] Discover tests for workspace name: undefined - uri: c:/Users/dalom/AppData/Roaming/Code/User/settings.json
2024-06-12 10:18:46.927 [info] Discover tests for workspace name: undefined - uri: c:/Users/dalom/AppData/Roaming/Code/User/settings.json
2024-06-12 10:18:47.181 [info] Discover tests for workspace name: undefined - uri: c:/Users/dalom/AppData/Roaming/Code/User/settings.json
2024-06-12 10:18:48.716 [info] Discover tests for workspace name: undefined - uri: c:/Users/dalom/AppData/Roaming/Code/User/settings.json
2024-06-12 10:18:49.046 [info] Discover tests for workspace name: undefined - uri: c:/Users/dalom/AppData/Roaming/Code/User/settings.json
2024-06-12 10:18:50.427 [info] Discover tests for workspace name: undefined - uri: c:/Users/dalom/AppData/Roaming/Code/User/settings.json
2024-06-12 11:57:15.514 [info] Discover tests for workspace name: undefined - uri: c:/Users/dalom/AppData/Roaming/Code/User/settings.json
2024-06-12 12:31:17.325 [info] Discover tests for workspace name: undefined - uri: c:/Users/dalom/AppData/Roaming/Code/User/settings.json
2024-06-12 12:31:39.783 [info] Discover tests for workspace name: undefined - uri: c:/Users/dalom/AppData/Roaming/Code/User/settings.json
2024-06-12 12:31:40.737 [info] Discover tests for workspace name: undefined - uri: c:/Users/dalom/AppData/Roaming/Code/User/settings.json
2024-06-12 12:31:44.373 [info] Discover tests for workspace name: undefined - uri: c:/Users/dalom/AppData/Roaming/Code/User/settings.json
