2024-06-06 07:48:21.731 [info] (Client) Pylance async client (2024.5.1) started with python extension (2024.6.0)
2024-06-06 07:48:23.150 [info] [Info  - 7:48:23 AM] (356) Pylance language server 2024.5.1 (pyright version 1.1.360, commit 4bc8428d) starting
2024-06-06 07:48:23.151 [info] [Info  - 7:48:23 AM] (356) Server root directory: file:///home/ndao/.vscode-server/extensions/ms-python.vscode-pylance-2024.5.1/dist
2024-06-06 07:48:23.426 [info] [Info  - 7:48:23 AM] (356) Starting service instance "ndao"
2024-06-06 07:48:23.426 [info] [Info  - 7:48:23 AM] (356) Auto-Indent enabled
2024-06-06 07:48:23.616 [info] [Info  - 7:48:23 AM] (356) Setting pythonPath for service "ndao": "/bin/python3"
2024-06-06 07:48:23.617 [info] [Info  - 7:48:23 AM] (356) Setting environmentName for service "ndao": "3.8.10 (global)"
2024-06-06 07:48:23.730 [info] [Info  - 7:48:23 AM] (356) Assuming Python version 3.8.10.final.0
2024-06-06 07:48:24.240 [info] [Info  - 7:48:24 AM] (356) No source files found.
2024-06-06 07:48:24.474 [info] [Info  - 7:48:24 AM] (356) Background analysis(1) root directory: file:///home/ndao/.vscode-server/extensions/ms-python.vscode-pylance-2024.5.1/dist
2024-06-06 07:48:24.478 [info] [Info  - 7:48:24 AM] (356) Background analysis(1) started
2024-06-06 11:52:46.348 [info] [Info  - 11:52:46 AM] (356) Setting pythonPath for service "ndao": "/bin/python3"
2024-06-06 11:52:46.348 [info] [Info  - 11:52:46 AM] (356) Setting environmentName for service "ndao": "3.8.10 (global)"
2024-06-06 11:52:46.375 [info] [Info  - 11:52:46 AM] (356) Assuming Python version 3.8.10.final.0
2024-06-06 11:52:46.779 [info] [Info  - 11:52:46 AM] (356) No source files found.
2024-06-06 11:52:48.834 [info] [Info  - 11:52:48 AM] (356) Setting pythonPath for service "ndao": "/bin/python3"
2024-06-06 11:52:48.835 [info] [Info  - 11:52:48 AM] (356) Setting environmentName for service "ndao": "3.8.10 (global)"
2024-06-06 11:52:48.877 [info] [Info  - 11:52:48 AM] (356) Assuming Python version 3.8.10.final.0
2024-06-06 11:52:49.173 [info] [Info  - 11:52:49 AM] (356) No source files found.
2024-06-06 11:54:57.708 [info] [Info  - 11:54:57 AM] (356) Setting pythonPath for service "ndao": "/bin/python3"
2024-06-06 11:54:57.709 [info] [Info  - 11:54:57 AM] (356) Setting environmentName for service "ndao": "3.8.10 (global)"
2024-06-06 11:54:57.742 [info] [Info  - 11:54:57 AM] (356) Assuming Python version 3.8.10.final.0
2024-06-06 11:54:58.031 [info] [Info  - 11:54:58 AM] (356) No source files found.
2024-06-06 11:54:59.748 [info] [Info  - 11:54:59 AM] (356) Setting pythonPath for service "ndao": "/bin/python3"
2024-06-06 11:54:59.748 [info] [Info  - 11:54:59 AM] (356) Setting environmentName for service "ndao": "3.8.10 (global)"
2024-06-06 11:54:59.793 [info] [Info  - 11:54:59 AM] (356) Assuming Python version 3.8.10.final.0
2024-06-06 11:55:00.128 [info] [Info  - 11:55:00 AM] (356) No source files found.
2024-06-06 11:55:23.718 [info] [Info  - 11:55:23 AM] (356) Setting pythonPath for service "ndao": "/bin/python3"
2024-06-06 11:55:23.719 [info] [Info  - 11:55:23 AM] (356) Setting environmentName for service "ndao": "3.8.10 (global)"
2024-06-06 11:55:23.756 [info] [Info  - 11:55:23 AM] (356) Assuming Python version 3.8.10.final.0
2024-06-06 11:55:23.982 [info] [Info  - 11:55:23 AM] (356) No source files found.
2024-06-06 11:55:28.471 [info] [Info  - 11:55:28 AM] (356) Setting pythonPath for service "ndao": "/bin/python3"
2024-06-06 11:55:28.472 [info] [Info  - 11:55:28 AM] (356) Setting environmentName for service "ndao": "3.8.10 (global)"
2024-06-06 11:55:28.519 [info] [Info  - 11:55:28 AM] (356) Assuming Python version 3.8.10.final.0
2024-06-06 11:55:28.805 [info] [Info  - 11:55:28 AM] (356) No source files found.
2024-06-06 11:55:31.787 [info] [Info  - 11:55:31 AM] (356) Setting pythonPath for service "ndao": "/bin/python3"
2024-06-06 11:55:31.787 [info] [Info  - 11:55:31 AM] (356) Setting environmentName for service "ndao": "3.8.10 (global)"
2024-06-06 11:55:31.826 [info] [Info  - 11:55:31 AM] (356) Assuming Python version 3.8.10.final.0
2024-06-06 11:55:32.035 [info] [Info  - 11:55:32 AM] (356) No source files found.
2024-06-06 11:56:55.689 [info] [Info  - 11:56:55 AM] (356) Setting pythonPath for service "ndao": "/bin/python3"
2024-06-06 11:56:55.689 [info] [Info  - 11:56:55 AM] (356) Setting environmentName for service "ndao": "3.8.10 (global)"
2024-06-06 11:56:55.728 [info] [Info  - 11:56:55 AM] (356) Assuming Python version 3.8.10.final.0
2024-06-06 11:56:55.978 [info] [Info  - 11:56:55 AM] (356) No source files found.
2024-06-06 12:00:13.023 [info] [Info  - 12:00:13 PM] (356) Setting pythonPath for service "ndao": "/bin/python3"
2024-06-06 12:00:13.024 [info] [Info  - 12:00:13 PM] (356) Setting environmentName for service "ndao": "3.8.10 (global)"
2024-06-06 12:00:13.055 [info] [Info  - 12:00:13 PM] (356) Assuming Python version 3.8.10.final.0
2024-06-06 12:00:13.300 [info] [Info  - 12:00:13 PM] (356) No source files found.
2024-06-06 12:00:14.757 [info] [Info  - 12:00:14 PM] (356) Setting pythonPath for service "ndao": "/bin/python3"
2024-06-06 12:00:14.757 [info] [Info  - 12:00:14 PM] (356) Setting environmentName for service "ndao": "3.8.10 (global)"
2024-06-06 12:00:14.812 [info] [Info  - 12:00:14 PM] (356) Assuming Python version 3.8.10.final.0
2024-06-06 12:00:15.074 [info] [Info  - 12:00:15 PM] (356) No source files found.
2024-06-06 12:00:22.504 [info] [Info  - 12:00:22 PM] (356) Setting pythonPath for service "ndao": "/bin/python3"
2024-06-06 12:00:22.504 [info] [Info  - 12:00:22 PM] (356) Setting environmentName for service "ndao": "3.8.10 (global)"
2024-06-06 12:00:22.544 [info] [Info  - 12:00:22 PM] (356) Assuming Python version 3.8.10.final.0
2024-06-06 12:00:22.826 [info] [Info  - 12:00:22 PM] (356) No source files found.
2024-06-06 12:00:26.881 [info] [Info  - 12:00:26 PM] (356) Setting pythonPath for service "ndao": "/bin/python3"
2024-06-06 12:00:26.882 [info] [Info  - 12:00:26 PM] (356) Setting environmentName for service "ndao": "3.8.10 (global)"
2024-06-06 12:00:26.927 [info] [Info  - 12:00:26 PM] (356) Assuming Python version 3.8.10.final.0
2024-06-06 12:00:27.177 [info] [Info  - 12:00:27 PM] (356) No source files found.
2024-06-06 12:08:11.916 [info] [Info  - 12:08:11 PM] (356) Setting pythonPath for service "ndao": "/bin/python3"
2024-06-06 12:08:11.916 [info] [Info  - 12:08:11 PM] (356) Setting environmentName for service "ndao": "3.8.10 (global)"
2024-06-06 12:08:11.946 [info] [Info  - 12:08:11 PM] (356) Assuming Python version 3.8.10.final.0
2024-06-06 12:08:12.170 [info] [Info  - 12:08:12 PM] (356) No source files found.
2024-06-06 12:08:24.469 [info] [Info  - 12:08:24 PM] (356) Setting pythonPath for service "ndao": "/bin/python3"
2024-06-06 12:08:24.469 [info] [Info  - 12:08:24 PM] (356) Setting environmentName for service "ndao": "3.8.10 (global)"
2024-06-06 12:08:24.512 [info] [Info  - 12:08:24 PM] (356) Assuming Python version 3.8.10.final.0
2024-06-06 12:08:24.780 [info] [Info  - 12:08:24 PM] (356) No source files found.
2024-06-06 12:08:47.281 [info] [Info  - 12:08:47 PM] (356) Setting pythonPath for service "ndao": "/bin/python3"
2024-06-06 12:08:47.282 [info] [Info  - 12:08:47 PM] (356) Setting environmentName for service "ndao": "3.8.10 (global)"
2024-06-06 12:08:47.319 [info] [Info  - 12:08:47 PM] (356) Assuming Python version 3.8.10.final.0
2024-06-06 12:08:47.523 [info] [Info  - 12:08:47 PM] (356) No source files found.
2024-06-06 12:08:53.064 [info] [Info  - 12:08:53 PM] (356) Setting pythonPath for service "ndao": "/bin/python3"
2024-06-06 12:08:53.065 [info] [Info  - 12:08:53 PM] (356) Setting environmentName for service "ndao": "3.8.10 (global)"
2024-06-06 12:08:53.111 [info] [Info  - 12:08:53 PM] (356) Assuming Python version 3.8.10.final.0
2024-06-06 12:08:53.338 [info] [Info  - 12:08:53 PM] (356) No source files found.
2024-06-06 12:33:41.809 [info] [Info  - 12:33:41 PM] (356) Indexer background runner(2) root directory: file:///home/ndao/.vscode-server/extensions/ms-python.vscode-pylance-2024.5.1/dist (index)
2024-06-06 12:33:41.809 [info] [Info  - 12:33:41 PM] (356) Indexing(2) started
2024-06-06 12:33:42.321 [info] [Info  - 12:33:42 PM] (356) scanned(2) 98 files over 1 exec env
2024-06-06 12:33:42.628 [info] [Info  - 12:33:42 PM] (356) indexed(2) 47 files over 1 exec env
2024-06-06 12:33:42.667 [info] [Info  - 12:33:42 PM] (356) Indexing finished(2).
2024-06-06 12:33:51.712 [info] [Info  - 12:33:51 PM] (356) Setting pythonPath for service "ndao": "/bin/python3"
2024-06-06 12:33:51.712 [info] [Info  - 12:33:51 PM] (356) Setting environmentName for service "ndao": "3.8.10 (global)"
2024-06-06 12:33:51.766 [info] [Info  - 12:33:51 PM] (356) Assuming Python version 3.8.10.final.0
2024-06-06 12:33:52.028 [info] [Info  - 12:33:52 PM] (356) No source files found.
2024-06-06 12:33:53.456 [info] [Info  - 12:33:53 PM] (356) Setting pythonPath for service "ndao": "/bin/python3"
2024-06-06 12:33:53.456 [info] [Info  - 12:33:53 PM] (356) Setting environmentName for service "ndao": "3.8.10 (global)"
2024-06-06 12:33:53.502 [info] [Info  - 12:33:53 PM] (356) Assuming Python version 3.8.10.final.0
2024-06-06 12:33:53.741 [info] [Info  - 12:33:53 PM] (356) No source files found.
2024-06-06 12:36:29.344 [info] [Info  - 12:36:29 PM] (356) Setting pythonPath for service "ndao": "/bin/python3"
2024-06-06 12:36:29.344 [info] [Info  - 12:36:29 PM] (356) Setting environmentName for service "ndao": "3.8.10 (global)"
2024-06-06 12:36:29.375 [info] [Info  - 12:36:29 PM] (356) Assuming Python version 3.8.10.final.0
2024-06-06 12:36:29.622 [info] [Info  - 12:36:29 PM] (356) No source files found.
2024-06-06 12:36:30.297 [info] [Info  - 12:36:30 PM] (356) Setting pythonPath for service "ndao": "/bin/python3"
2024-06-06 12:36:30.297 [info] [Info  - 12:36:30 PM] (356) Setting environmentName for service "ndao": "3.8.10 (global)"
2024-06-06 12:36:30.350 [info] [Info  - 12:36:30 PM] (356) Assuming Python version 3.8.10.final.0
2024-06-06 12:36:30.653 [info] [Info  - 12:36:30 PM] (356) No source files found.
2024-06-06 12:40:48.227 [info] [Info  - 12:40:48 PM] (356) Setting pythonPath for service "ndao": "/bin/python3"
2024-06-06 12:40:48.228 [info] [Info  - 12:40:48 PM] (356) Setting environmentName for service "ndao": "3.8.10 (global)"
2024-06-06 12:40:48.229 [info] [Info  - 12:40:48 PM] (356) Assuming Python version 3.8.10.final.0
2024-06-06 12:40:48.436 [info] [Info  - 12:40:48 PM] (356) No source files found.
2024-06-06 12:40:50.406 [info] [Info  - 12:40:50 PM] (356) Setting pythonPath for service "ndao": "/bin/python3"
2024-06-06 12:40:50.407 [info] [Info  - 12:40:50 PM] (356) Setting environmentName for service "ndao": "3.8.10 (global)"
2024-06-06 12:40:50.441 [info] [Info  - 12:40:50 PM] (356) Assuming Python version 3.8.10.final.0
2024-06-06 12:40:50.732 [info] [Info  - 12:40:50 PM] (356) No source files found.
2024-06-06 12:40:50.758 [info] [Info  - 12:40:50 PM] (356) Setting pythonPath for service "ndao": "/bin/python3"
2024-06-06 12:40:50.758 [info] [Info  - 12:40:50 PM] (356) Setting environmentName for service "ndao": "3.8.10 (global)"
2024-06-06 12:40:50.796 [info] [Info  - 12:40:50 PM] (356) Assuming Python version 3.8.10.final.0
2024-06-06 12:40:51.040 [info] [Info  - 12:40:51 PM] (356) No source files found.
2024-06-06 12:40:51.735 [info] [Info  - 12:40:51 PM] (356) Setting pythonPath for service "ndao": "/bin/python3"
2024-06-06 12:40:51.736 [info] [Info  - 12:40:51 PM] (356) Setting environmentName for service "ndao": "3.8.10 (global)"
2024-06-06 12:40:51.737 [info] [Info  - 12:40:51 PM] (356) Assuming Python version 3.8.10.final.0
2024-06-06 12:40:51.965 [info] [Info  - 12:40:51 PM] (356) No source files found.
2024-06-06 12:41:07.391 [info] [Info  - 12:41:07 PM] (356) Setting pythonPath for service "ndao": "/bin/python3"
2024-06-06 12:41:07.391 [info] [Info  - 12:41:07 PM] (356) Setting environmentName for service "ndao": "3.8.10 (global)"
2024-06-06 12:41:07.523 [info] [Info  - 12:41:07 PM] (356) Assuming Python version 3.8.10.final.0
2024-06-06 12:41:07.783 [info] [Info  - 12:41:07 PM] (356) No source files found.
2024-06-06 12:41:07.805 [info] [Info  - 12:41:07 PM] (356) Setting pythonPath for service "ndao": "/bin/python3"
2024-06-06 12:41:07.806 [info] [Info  - 12:41:07 PM] (356) Setting environmentName for service "ndao": "3.8.10 (global)"
2024-06-06 12:41:07.847 [info] [Info  - 12:41:07 PM] (356) Assuming Python version 3.8.10.final.0
2024-06-06 12:41:08.129 [info] [Info  - 12:41:08 PM] (356) No source files found.
2024-06-06 12:41:08.579 [info] [Info  - 12:41:08 PM] (356) Setting pythonPath for service "ndao": "/bin/python3"
2024-06-06 12:41:08.579 [info] [Info  - 12:41:08 PM] (356) Setting environmentName for service "ndao": "3.8.10 (global)"
2024-06-06 12:41:08.675 [info] [Info  - 12:41:08 PM] (356) Assuming Python version 3.8.10.final.0
2024-06-06 12:41:08.877 [info] [Info  - 12:41:08 PM] (356) No source files found.
2024-06-06 12:41:09.268 [info] [Info  - 12:41:09 PM] (356) Setting pythonPath for service "ndao": "/bin/python3"
2024-06-06 12:41:09.269 [info] [Info  - 12:41:09 PM] (356) Setting environmentName for service "ndao": "3.8.10 (global)"
2024-06-06 12:41:09.269 [info] [Info  - 12:41:09 PM] (356) Assuming Python version 3.8.10.final.0
2024-06-06 12:41:09.493 [info] [Info  - 12:41:09 PM] (356) No source files found.
2024-06-06 12:41:12.280 [info] [Info  - 12:41:12 PM] (356) Setting pythonPath for service "ndao": "/bin/python3"
2024-06-06 12:41:12.281 [info] [Info  - 12:41:12 PM] (356) Setting environmentName for service "ndao": "3.8.10 (global)"
2024-06-06 12:41:12.282 [info] [Info  - 12:41:12 PM] (356) Assuming Python version 3.8.10.final.0
2024-06-06 12:41:12.538 [info] [Info  - 12:41:12 PM] (356) No source files found.
2024-06-06 12:41:12.580 [info] [Info  - 12:41:12 PM] (356) Setting pythonPath for service "ndao": "/bin/python3"
2024-06-06 12:41:12.580 [info] [Info  - 12:41:12 PM] (356) Setting environmentName for service "ndao": "3.8.10 (global)"
2024-06-06 12:41:12.609 [info] [Info  - 12:41:12 PM] (356) Assuming Python version 3.8.10.final.0
2024-06-06 12:41:12.967 [info] [Info  - 12:41:12 PM] (356) No source files found.
2024-06-06 12:41:12.994 [info] [Info  - 12:41:12 PM] (356) Setting pythonPath for service "ndao": "/bin/python3"
2024-06-06 12:41:12.995 [info] [Info  - 12:41:12 PM] (356) Setting environmentName for service "ndao": "3.8.10 (global)"
2024-06-06 12:41:13.032 [info] [Info  - 12:41:13 PM] (356) Assuming Python version 3.8.10.final.0
2024-06-06 12:41:13.275 [info] [Info  - 12:41:13 PM] (356) No source files found.
2024-06-06 12:41:13.494 [info] [Info  - 12:41:13 PM] (356) Setting pythonPath for service "ndao": "/bin/python3"
2024-06-06 12:41:13.494 [info] [Info  - 12:41:13 PM] (356) Setting environmentName for service "ndao": "3.8.10 (global)"
2024-06-06 12:41:13.494 [info] [Info  - 12:41:13 PM] (356) Assuming Python version 3.8.10.final.0
2024-06-06 12:41:13.737 [info] [Info  - 12:41:13 PM] (356) No source files found.
2024-06-06 12:41:15.467 [info] [Info  - 12:41:15 PM] (356) Setting pythonPath for service "ndao": "/bin/python3"
2024-06-06 12:41:15.467 [info] [Info  - 12:41:15 PM] (356) Setting environmentName for service "ndao": "3.8.10 (global)"
2024-06-06 12:41:15.881 [info] [Info  - 12:41:15 PM] (356) Assuming Python version 3.8.10.final.0
2024-06-06 12:41:15.887 [info] [Info  - 12:41:15 PM] (356) No source files found.
2024-06-06 12:41:16.157 [info] [Info  - 12:41:16 PM] (356) Setting pythonPath for service "ndao": "/bin/python3"
2024-06-06 12:41:16.158 [info] [Info  - 12:41:16 PM] (356) Setting environmentName for service "ndao": "3.8.10 (global)"
2024-06-06 12:41:16.158 [info] [Info  - 12:41:16 PM] (356) Assuming Python version 3.8.10.final.0
2024-06-06 12:41:16.377 [info] [Info  - 12:41:16 PM] (356) No source files found.
2024-06-06 12:41:16.804 [info] [Info  - 12:41:16 PM] (356) Setting pythonPath for service "ndao": "/bin/python3"
2024-06-06 12:41:16.806 [info] [Info  - 12:41:16 PM] (356) Setting environmentName for service "ndao": "3.8.10 (global)"
2024-06-06 12:41:16.808 [info] [Info  - 12:41:16 PM] (356) Assuming Python version 3.8.10.final.0
2024-06-06 12:41:17.048 [info] [Info  - 12:41:17 PM] (356) No source files found.
2024-06-06 12:41:17.185 [info] [Info  - 12:41:17 PM] (356) Setting pythonPath for service "ndao": "/bin/python3"
2024-06-06 12:41:17.187 [info] [Info  - 12:41:17 PM] (356) Setting environmentName for service "ndao": "3.8.10 (global)"
2024-06-06 12:41:17.195 [info] [Info  - 12:41:17 PM] (356) Assuming Python version 3.8.10.final.0
2024-06-06 12:41:17.636 [info] [Info  - 12:41:17 PM] (356) No source files found.
2024-06-06 12:41:17.666 [info] [Info  - 12:41:17 PM] (356) Setting pythonPath for service "ndao": "/bin/python3"
2024-06-06 12:41:17.666 [info] [Info  - 12:41:17 PM] (356) Setting environmentName for service "ndao": "3.8.10 (global)"
2024-06-06 12:41:17.719 [info] [Info  - 12:41:17 PM] (356) Assuming Python version 3.8.10.final.0
2024-06-06 12:41:18.220 [info] [Info  - 12:41:18 PM] (356) No source files found.
2024-06-06 12:41:18.252 [info] [Info  - 12:41:18 PM] (356) Setting pythonPath for service "ndao": "/bin/python3"
2024-06-06 12:41:18.252 [info] [Info  - 12:41:18 PM] (356) Setting environmentName for service "ndao": "3.8.10 (global)"
2024-06-06 12:41:18.303 [info] [Info  - 12:41:18 PM] (356) Assuming Python version 3.8.10.final.0
2024-06-06 12:41:18.663 [info] [Info  - 12:41:18 PM] (356) No source files found.
2024-06-06 12:41:19.663 [info] [Info  - 12:41:19 PM] (356) Setting pythonPath for service "ndao": "/bin/python3"
2024-06-06 12:41:19.671 [info] [Info  - 12:41:19 PM] (356) Setting environmentName for service "ndao": "3.8.10 (global)"
2024-06-06 12:41:19.672 [info] [Info  - 12:41:19 PM] (356) Assuming Python version 3.8.10.final.0
2024-06-06 12:41:19.960 [info] [Info  - 12:41:19 PM] (356) No source files found.
2024-06-06 12:41:23.585 [info] [Info  - 12:41:23 PM] (356) Setting pythonPath for service "ndao": "/bin/python3"
2024-06-06 12:41:23.586 [info] [Info  - 12:41:23 PM] (356) Setting environmentName for service "ndao": "3.8.10 (global)"
2024-06-06 12:41:23.586 [info] [Info  - 12:41:23 PM] (356) Assuming Python version 3.8.10.final.0
2024-06-06 12:41:23.791 [info] [Info  - 12:41:23 PM] (356) No source files found.
2024-06-06 13:02:15.721 [info] [Info  - 1:02:15 PM] (356) Setting pythonPath for service "ndao": "/bin/python3"
2024-06-06 13:02:15.722 [info] [Info  - 1:02:15 PM] (356) Setting environmentName for service "ndao": "3.8.10 (global)"
2024-06-06 13:02:15.809 [info] [Info  - 1:02:15 PM] (356) Assuming Python version 3.8.10.final.0
2024-06-06 13:02:16.242 [info] [Info  - 1:02:16 PM] (356) No source files found.
2024-06-06 13:02:18.105 [info] [Info  - 1:02:18 PM] (356) Setting pythonPath for service "ndao": "/bin/python3"
2024-06-06 13:02:18.105 [info] [Info  - 1:02:18 PM] (356) Setting environmentName for service "ndao": "3.8.10 (global)"
2024-06-06 13:02:18.240 [info] [Info  - 1:02:18 PM] (356) Assuming Python version 3.8.10.final.0
2024-06-06 13:02:18.740 [info] [Info  - 1:02:18 PM] (356) No source files found.
2024-06-06 13:02:31.962 [info] [Info  - 1:02:31 PM] (356) Setting pythonPath for service "ndao": "/bin/python3"
2024-06-06 13:02:31.963 [info] [Info  - 1:02:31 PM] (356) Setting environmentName for service "ndao": "3.8.10 (global)"
2024-06-06 13:02:32.049 [info] [Info  - 1:02:32 PM] (356) Assuming Python version 3.8.10.final.0
2024-06-06 13:02:32.417 [info] [Info  - 1:02:32 PM] (356) No source files found.
2024-06-06 13:02:45.623 [info] [Info  - 1:02:45 PM] (356) Setting pythonPath for service "ndao": "/bin/python3"
2024-06-06 13:02:45.624 [info] [Info  - 1:02:45 PM] (356) Setting environmentName for service "ndao": "3.8.10 (global)"
2024-06-06 13:02:45.697 [info] [Info  - 1:02:45 PM] (356) Assuming Python version 3.8.10.final.0
2024-06-06 13:02:46.070 [info] [Info  - 1:02:46 PM] (356) No source files found.
2024-06-06 13:03:38.575 [info] [Info  - 1:03:38 PM] (356) Setting pythonPath for service "ndao": "/bin/python3"
2024-06-06 13:03:38.575 [info] [Info  - 1:03:38 PM] (356) Setting environmentName for service "ndao": "3.8.10 (global)"
2024-06-06 13:03:38.644 [info] [Info  - 1:03:38 PM] (356) Assuming Python version 3.8.10.final.0
2024-06-06 13:03:39.436 [info] [Info  - 1:03:39 PM] (356) No source files found.
2024-06-06 13:03:39.485 [info] [Info  - 1:03:39 PM] (356) Setting pythonPath for service "ndao": "/bin/python3"
2024-06-06 13:03:39.487 [info] [Info  - 1:03:39 PM] (356) Setting environmentName for service "ndao": "3.8.10 (global)"
2024-06-06 13:03:39.551 [info] [Info  - 1:03:39 PM] (356) Assuming Python version 3.8.10.final.0
2024-06-06 13:03:39.922 [info] [Info  - 1:03:39 PM] (356) No source files found.
2024-06-06 13:03:39.935 [info] [Info  - 1:03:39 PM] (356) Setting pythonPath for service "ndao": "/bin/python3"
2024-06-06 13:03:39.935 [info] [Info  - 1:03:39 PM] (356) Setting environmentName for service "ndao": "3.8.10 (global)"
2024-06-06 13:03:40.044 [info] [Info  - 1:03:40 PM] (356) Assuming Python version 3.8.10.final.0
2024-06-06 13:03:40.583 [info] [Info  - 1:03:40 PM] (356) No source files found.
2024-06-06 13:03:41.540 [info] [Info  - 1:03:41 PM] (356) Setting pythonPath for service "ndao": "/bin/python3"
2024-06-06 13:03:41.540 [info] [Info  - 1:03:41 PM] (356) Setting environmentName for service "ndao": "3.8.10 (global)"
2024-06-06 13:03:41.622 [info] [Info  - 1:03:41 PM] (356) Assuming Python version 3.8.10.final.0
2024-06-06 13:03:42.111 [info] [Info  - 1:03:42 PM] (356) No source files found.
2024-06-06 13:03:42.139 [info] [Info  - 1:03:42 PM] (356) Setting pythonPath for service "ndao": "/bin/python3"
2024-06-06 13:03:42.139 [info] [Info  - 1:03:42 PM] (356) Setting environmentName for service "ndao": "3.8.10 (global)"
2024-06-06 13:03:42.181 [info] [Info  - 1:03:42 PM] (356) Assuming Python version 3.8.10.final.0
2024-06-06 13:03:42.554 [info] [Info  - 1:03:42 PM] (356) No source files found.
2024-06-06 13:03:45.236 [info] [Info  - 1:03:45 PM] (356) Setting pythonPath for service "ndao": "/bin/python3"
2024-06-06 13:03:45.237 [info] [Info  - 1:03:45 PM] (356) Setting environmentName for service "ndao": "3.8.10 (global)"
2024-06-06 13:03:45.329 [info] [Info  - 1:03:45 PM] (356) Assuming Python version 3.8.10.final.0
2024-06-06 13:03:46.142 [info] [Info  - 1:03:46 PM] (356) No source files found.
2024-06-06 13:07:36.190 [info] [Info  - 1:07:36 PM] (356) Setting pythonPath for service "ndao": "/bin/python3"
2024-06-06 13:07:36.193 [info] [Info  - 1:07:36 PM] (356) Setting environmentName for service "ndao": "3.8.10 (global)"
2024-06-06 13:07:36.266 [info] [Info  - 1:07:36 PM] (356) Assuming Python version 3.8.10.final.0
2024-06-06 13:07:36.625 [info] [Info  - 1:07:36 PM] (356) No source files found.
2024-06-06 13:08:38.304 [info] [Info  - 1:08:38 PM] (356) Setting pythonPath for service "ndao": "/bin/python3"
2024-06-06 13:08:38.309 [info] [Info  - 1:08:38 PM] (356) Setting environmentName for service "ndao": "3.8.10 (global)"
2024-06-06 13:08:38.359 [info] [Info  - 1:08:38 PM] (356) Assuming Python version 3.8.10.final.0
2024-06-06 13:08:38.752 [info] [Info  - 1:08:38 PM] (356) No source files found.
2024-06-06 14:27:09.567 [info] [Info  - 2:27:09 PM] (356) Indexer background runner(3) root directory: file:///home/ndao/.vscode-server/extensions/ms-python.vscode-pylance-2024.5.1/dist (index)
2024-06-06 14:27:09.567 [info] [Info  - 2:27:09 PM] (356) Indexing(3) started
2024-06-06 14:27:09.887 [info] [Info  - 2:27:09 PM] (356) scanned(3) 98 files over 1 exec env
2024-06-06 14:27:10.135 [info] [Info  - 2:27:10 PM] (356) indexed(3) 47 files over 1 exec env
2024-06-06 14:27:10.166 [info] [Info  - 2:27:10 PM] (356) Indexing finished(3).
2024-06-06 14:35:13.581 [info] [Info  - 2:35:13 PM] (356) Setting pythonPath for service "ndao": "/bin/python3"
2024-06-06 14:35:13.581 [info] [Info  - 2:35:13 PM] (356) Setting environmentName for service "ndao": "3.8.10 (global)"
2024-06-06 14:35:13.614 [info] [Info  - 2:35:13 PM] (356) Assuming Python version 3.8.10.final.0
2024-06-06 14:35:13.823 [info] [Info  - 2:35:13 PM] (356) No source files found.
2024-06-06 14:35:23.298 [info] [Info  - 2:35:23 PM] (356) Setting pythonPath for service "ndao": "/bin/python3"
2024-06-06 14:35:23.298 [info] [Info  - 2:35:23 PM] (356) Setting environmentName for service "ndao": "3.8.10 (global)"
2024-06-06 14:35:23.363 [info] [Info  - 2:35:23 PM] (356) Assuming Python version 3.8.10.final.0
2024-06-06 14:35:23.701 [info] [Info  - 2:35:23 PM] (356) No source files found.
2024-06-06 14:41:02.262 [info] [Info  - 2:41:02 PM] (356) Setting pythonPath for service "ndao": "/bin/python3"
2024-06-06 14:41:02.262 [info] [Info  - 2:41:02 PM] (356) Setting environmentName for service "ndao": "3.8.10 (global)"
2024-06-06 14:41:02.318 [info] [Info  - 2:41:02 PM] (356) Assuming Python version 3.8.10.final.0
2024-06-06 14:41:02.502 [info] [Info  - 2:41:02 PM] (356) No source files found.
2024-06-06 14:41:04.076 [info] [Info  - 2:41:04 PM] (356) Setting pythonPath for service "ndao": "/bin/python3"
2024-06-06 14:41:04.077 [info] [Info  - 2:41:04 PM] (356) Setting environmentName for service "ndao": "3.8.10 (global)"
2024-06-06 14:41:04.078 [info] [Info  - 2:41:04 PM] (356) Assuming Python version 3.8.10.final.0
2024-06-06 14:41:04.405 [info] [Info  - 2:41:04 PM] (356) No source files found.
2024-06-06 14:41:04.497 [info] [Info  - 2:41:04 PM] (356) Setting pythonPath for service "ndao": "/bin/python3"
2024-06-06 14:41:04.498 [info] [Info  - 2:41:04 PM] (356) Setting environmentName for service "ndao": "3.8.10 (global)"
2024-06-06 14:41:04.619 [info] [Info  - 2:41:04 PM] (356) Assuming Python version 3.8.10.final.0
2024-06-06 14:41:04.864 [info] [Info  - 2:41:04 PM] (356) No source files found.
2024-06-06 14:41:07.979 [info] [Info  - 2:41:07 PM] (356) Setting pythonPath for service "ndao": "/bin/python3"
2024-06-06 14:41:07.995 [info] [Info  - 2:41:07 PM] (356) Setting environmentName for service "ndao": "3.8.10 (global)"
2024-06-06 14:41:07.997 [info] [Info  - 2:41:07 PM] (356) Assuming Python version 3.8.10.final.0
2024-06-06 14:41:08.255 [info] [Info  - 2:41:08 PM] (356) No source files found.
2024-06-06 14:41:09.240 [info] [Info  - 2:41:09 PM] (356) Setting pythonPath for service "ndao": "/bin/python3"
2024-06-06 14:41:09.241 [info] [Info  - 2:41:09 PM] (356) Setting environmentName for service "ndao": "3.8.10 (global)"
2024-06-06 14:41:09.241 [info] [Info  - 2:41:09 PM] (356) Assuming Python version 3.8.10.final.0
2024-06-06 14:41:09.445 [info] [Info  - 2:41:09 PM] (356) No source files found.
2024-06-06 14:41:10.546 [info] [Info  - 2:41:10 PM] (356) Setting pythonPath for service "ndao": "/bin/python3"
2024-06-06 14:41:10.547 [info] [Info  - 2:41:10 PM] (356) Setting environmentName for service "ndao": "3.8.10 (global)"
2024-06-06 14:41:10.547 [info] [Info  - 2:41:10 PM] (356) Assuming Python version 3.8.10.final.0
2024-06-06 14:41:10.748 [info] [Info  - 2:41:10 PM] (356) No source files found.
2024-06-06 14:41:19.506 [info] [Info  - 2:41:19 PM] (356) Setting pythonPath for service "ndao": "/bin/python3"
2024-06-06 14:41:19.506 [info] [Info  - 2:41:19 PM] (356) Setting environmentName for service "ndao": "3.8.10 (global)"
2024-06-06 14:41:19.570 [info] [Info  - 2:41:19 PM] (356) Assuming Python version 3.8.10.final.0
2024-06-06 14:41:19.745 [info] [Info  - 2:41:19 PM] (356) No source files found.
2024-06-06 14:41:23.642 [info] [Info  - 2:41:23 PM] (356) Setting pythonPath for service "ndao": "/bin/python3"
2024-06-06 14:41:23.643 [info] [Info  - 2:41:23 PM] (356) Setting environmentName for service "ndao": "3.8.10 (global)"
2024-06-06 14:41:23.644 [info] [Info  - 2:41:23 PM] (356) Assuming Python version 3.8.10.final.0
2024-06-06 14:41:23.836 [info] [Info  - 2:41:23 PM] (356) No source files found.
2024-06-06 14:41:24.520 [info] [Info  - 2:41:24 PM] (356) Setting pythonPath for service "ndao": "/bin/python3"
2024-06-06 14:41:24.521 [info] [Info  - 2:41:24 PM] (356) Setting environmentName for service "ndao": "3.8.10 (global)"
2024-06-06 14:41:24.521 [info] [Info  - 2:41:24 PM] (356) Assuming Python version 3.8.10.final.0
2024-06-06 14:41:24.720 [info] [Info  - 2:41:24 PM] (356) No source files found.
2024-06-06 14:41:25.250 [info] [Info  - 2:41:25 PM] (356) Setting pythonPath for service "ndao": "/bin/python3"
2024-06-06 14:41:25.250 [info] [Info  - 2:41:25 PM] (356) Setting environmentName for service "ndao": "3.8.10 (global)"
2024-06-06 14:41:25.432 [info] [Info  - 2:41:25 PM] (356) Assuming Python version 3.8.10.final.0
2024-06-06 14:41:25.548 [info] [Info  - 2:41:25 PM] (356) No source files found.
2024-06-06 14:41:40.530 [info] [Info  - 2:41:40 PM] (356) Setting pythonPath for service "ndao": "/bin/python3"
2024-06-06 14:41:40.530 [info] [Info  - 2:41:40 PM] (356) Setting environmentName for service "ndao": "3.8.10 (global)"
2024-06-06 14:41:40.531 [info] [Info  - 2:41:40 PM] (356) Assuming Python version 3.8.10.final.0
2024-06-06 14:41:40.741 [info] [Info  - 2:41:40 PM] (356) No source files found.
2024-06-06 14:41:41.590 [info] [Info  - 2:41:41 PM] (356) Setting pythonPath for service "ndao": "/bin/python3"
2024-06-06 14:41:41.592 [info] [Info  - 2:41:41 PM] (356) Setting environmentName for service "ndao": "3.8.10 (global)"
2024-06-06 14:41:41.592 [info] [Info  - 2:41:41 PM] (356) Assuming Python version 3.8.10.final.0
2024-06-06 14:41:41.889 [info] [Info  - 2:41:41 PM] (356) No source files found.
2024-06-06 14:41:41.908 [info] [Info  - 2:41:41 PM] (356) Setting pythonPath for service "ndao": "/bin/python3"
2024-06-06 14:41:41.908 [info] [Info  - 2:41:41 PM] (356) Setting environmentName for service "ndao": "3.8.10 (global)"
2024-06-06 14:41:41.950 [info] [Info  - 2:41:41 PM] (356) Assuming Python version 3.8.10.final.0
2024-06-06 14:41:42.190 [info] [Info  - 2:41:42 PM] (356) No source files found.
2024-06-06 14:41:43.811 [info] [Info  - 2:41:43 PM] (356) Setting pythonPath for service "ndao": "/bin/python3"
2024-06-06 14:41:43.811 [info] [Info  - 2:41:43 PM] (356) Setting environmentName for service "ndao": "3.8.10 (global)"
2024-06-06 14:41:43.917 [info] [Info  - 2:41:43 PM] (356) Assuming Python version 3.8.10.final.0
2024-06-06 14:41:44.093 [info] [Info  - 2:41:44 PM] (356) No source files found.
2024-06-06 14:43:05.951 [info] [Info  - 2:43:05 PM] (356) Setting pythonPath for service "ndao": "/bin/python3"
2024-06-06 14:43:05.951 [info] [Info  - 2:43:05 PM] (356) Setting environmentName for service "ndao": "3.8.10 (global)"
2024-06-06 14:43:05.984 [info] [Info  - 2:43:05 PM] (356) Assuming Python version 3.8.10.final.0
2024-06-06 14:43:06.258 [info] [Info  - 2:43:06 PM] (356) No source files found.
2024-06-06 14:43:06.279 [info] [Info  - 2:43:06 PM] (356) Setting pythonPath for service "ndao": "/bin/python3"
2024-06-06 14:43:06.279 [info] [Info  - 2:43:06 PM] (356) Setting environmentName for service "ndao": "3.8.10 (global)"
2024-06-06 14:43:06.317 [info] [Info  - 2:43:06 PM] (356) Assuming Python version 3.8.10.final.0
2024-06-06 14:43:06.620 [info] [Info  - 2:43:06 PM] (356) No source files found.
2024-06-06 14:45:19.942 [info] [Info  - 2:45:19 PM] (356) Setting pythonPath for service "ndao": "/bin/python3"
2024-06-06 14:45:19.943 [info] [Info  - 2:45:19 PM] (356) Setting environmentName for service "ndao": "3.8.10 (global)"
2024-06-06 14:45:19.977 [info] [Info  - 2:45:19 PM] (356) Assuming Python version 3.8.10.final.0
2024-06-06 14:45:20.184 [info] [Info  - 2:45:20 PM] (356) No source files found.
2024-06-06 14:45:20.697 [info] [Info  - 2:45:20 PM] (356) Setting pythonPath for service "ndao": "/bin/python3"
2024-06-06 14:45:20.698 [info] [Info  - 2:45:20 PM] (356) Setting environmentName for service "ndao": "3.8.10 (global)"
2024-06-06 14:45:20.739 [info] [Info  - 2:45:20 PM] (356) Assuming Python version 3.8.10.final.0
2024-06-06 14:45:21.060 [info] [Info  - 2:45:21 PM] (356) No source files found.
2024-06-06 14:45:21.091 [info] [Info  - 2:45:21 PM] (356) Setting pythonPath for service "ndao": "/bin/python3"
2024-06-06 14:45:21.091 [info] [Info  - 2:45:21 PM] (356) Setting environmentName for service "ndao": "3.8.10 (global)"
2024-06-06 14:45:21.136 [info] [Info  - 2:45:21 PM] (356) Assuming Python version 3.8.10.final.0
2024-06-06 14:45:21.362 [info] [Info  - 2:45:21 PM] (356) No source files found.
2024-06-06 14:45:22.297 [info] [Info  - 2:45:22 PM] (356) Setting pythonPath for service "ndao": "/bin/python3"
2024-06-06 14:45:22.297 [info] [Info  - 2:45:22 PM] (356) Setting environmentName for service "ndao": "3.8.10 (global)"
2024-06-06 14:45:22.343 [info] [Info  - 2:45:22 PM] (356) Assuming Python version 3.8.10.final.0
2024-06-06 14:45:22.626 [info] [Info  - 2:45:22 PM] (356) No source files found.
2024-06-06 14:45:22.785 [info] [Info  - 2:45:22 PM] (356) Setting pythonPath for service "ndao": "/bin/python3"
2024-06-06 14:45:22.786 [info] [Info  - 2:45:22 PM] (356) Setting environmentName for service "ndao": "3.8.10 (global)"
2024-06-06 14:45:22.786 [info] [Info  - 2:45:22 PM] (356) Assuming Python version 3.8.10.final.0
2024-06-06 14:45:22.992 [info] [Info  - 2:45:22 PM] (356) No source files found.
2024-06-06 14:45:25.058 [info] [Info  - 2:45:25 PM] (356) Setting pythonPath for service "ndao": "/bin/python3"
2024-06-06 14:45:25.058 [info] [Info  - 2:45:25 PM] (356) Setting environmentName for service "ndao": "3.8.10 (global)"
2024-06-06 14:45:25.110 [info] [Info  - 2:45:25 PM] (356) Assuming Python version 3.8.10.final.0
2024-06-06 14:45:25.320 [info] [Info  - 2:45:25 PM] (356) No source files found.
2024-06-06 14:45:26.025 [info] [Info  - 2:45:26 PM] (356) Setting pythonPath for service "ndao": "/bin/python3"
2024-06-06 14:45:26.026 [info] [Info  - 2:45:26 PM] (356) Setting environmentName for service "ndao": "3.8.10 (global)"
2024-06-06 14:45:26.060 [info] [Info  - 2:45:26 PM] (356) Assuming Python version 3.8.10.final.0
2024-06-06 14:45:26.311 [info] [Info  - 2:45:26 PM] (356) No source files found.
2024-06-06 14:45:26.470 [info] [Info  - 2:45:26 PM] (356) Setting pythonPath for service "ndao": "/bin/python3"
2024-06-06 14:45:26.470 [info] [Info  - 2:45:26 PM] (356) Setting environmentName for service "ndao": "3.8.10 (global)"
2024-06-06 14:45:26.523 [info] [Info  - 2:45:26 PM] (356) Assuming Python version 3.8.10.final.0
2024-06-06 14:45:26.771 [info] [Info  - 2:45:26 PM] (356) No source files found.
2024-06-06 14:59:30.529 [info] [Info  - 2:59:30 PM] (356) Setting pythonPath for service "ndao": "/bin/python3"
2024-06-06 14:59:30.530 [info] [Info  - 2:59:30 PM] (356) Setting environmentName for service "ndao": "3.8.10 (global)"
2024-06-06 14:59:30.566 [info] [Info  - 2:59:30 PM] (356) Assuming Python version 3.8.10.final.0
2024-06-06 14:59:30.765 [info] [Info  - 2:59:30 PM] (356) No source files found.
2024-06-06 14:59:31.542 [info] [Info  - 2:59:31 PM] (356) Setting pythonPath for service "ndao": "/bin/python3"
2024-06-06 14:59:31.542 [info] [Info  - 2:59:31 PM] (356) Setting environmentName for service "ndao": "3.8.10 (global)"
2024-06-06 14:59:31.584 [info] [Info  - 2:59:31 PM] (356) Assuming Python version 3.8.10.final.0
2024-06-06 14:59:31.796 [info] [Info  - 2:59:31 PM] (356) No source files found.
2024-06-06 15:07:31.339 [info] [Info  - 3:07:31 PM] (356) Setting pythonPath for service "ndao": "/bin/python3"
2024-06-06 15:07:31.339 [info] [Info  - 3:07:31 PM] (356) Setting environmentName for service "ndao": "3.8.10 (global)"
2024-06-06 15:07:31.388 [info] [Info  - 3:07:31 PM] (356) Assuming Python version 3.8.10.final.0
2024-06-06 15:07:31.684 [info] [Info  - 3:07:31 PM] (356) No source files found.
2024-06-06 15:07:32.461 [info] [Info  - 3:07:32 PM] (356) Setting pythonPath for service "ndao": "/bin/python3"
2024-06-06 15:07:32.462 [info] [Info  - 3:07:32 PM] (356) Setting environmentName for service "ndao": "3.8.10 (global)"
2024-06-06 15:07:32.541 [info] [Info  - 3:07:32 PM] (356) Assuming Python version 3.8.10.final.0
2024-06-06 15:07:32.773 [info] [Info  - 3:07:32 PM] (356) No source files found.
2024-06-06 15:07:32.849 [info] [Info  - 3:07:32 PM] (356) Setting pythonPath for service "ndao": "/bin/python3"
2024-06-06 15:07:32.850 [info] [Info  - 3:07:32 PM] (356) Setting environmentName for service "ndao": "3.8.10 (global)"
2024-06-06 15:07:32.891 [info] [Info  - 3:07:32 PM] (356) Assuming Python version 3.8.10.final.0
2024-06-06 15:07:33.166 [info] [Info  - 3:07:33 PM] (356) No source files found.
2024-06-06 15:07:34.637 [info] [Info  - 3:07:34 PM] (356) Setting pythonPath for service "ndao": "/bin/python3"
2024-06-06 15:07:34.642 [info] [Info  - 3:07:34 PM] (356) Setting environmentName for service "ndao": "3.8.10 (global)"
2024-06-06 15:07:34.698 [info] [Info  - 3:07:34 PM] (356) Assuming Python version 3.8.10.final.0
2024-06-06 15:07:34.950 [info] [Info  - 3:07:34 PM] (356) No source files found.
2024-06-06 15:08:54.259 [info] [Info  - 3:08:54 PM] (356) Setting pythonPath for service "ndao": "/bin/python3"
2024-06-06 15:08:54.259 [info] [Info  - 3:08:54 PM] (356) Setting environmentName for service "ndao": "3.8.10 (global)"
2024-06-06 15:08:54.291 [info] [Info  - 3:08:54 PM] (356) Assuming Python version 3.8.10.final.0
2024-06-06 15:08:54.534 [info] [Info  - 3:08:54 PM] (356) No source files found.
2024-06-06 15:08:54.926 [info] [Info  - 3:08:54 PM] (356) Setting pythonPath for service "ndao": "/bin/python3"
2024-06-06 15:08:54.926 [info] [Info  - 3:08:54 PM] (356) Setting environmentName for service "ndao": "3.8.10 (global)"
2024-06-06 15:08:54.983 [info] [Info  - 3:08:54 PM] (356) Assuming Python version 3.8.10.final.0
2024-06-06 15:08:55.246 [info] [Info  - 3:08:55 PM] (356) No source files found.
2024-06-06 15:08:55.392 [info] [Info  - 3:08:55 PM] (356) Setting pythonPath for service "ndao": "/bin/python3"
2024-06-06 15:08:55.393 [info] [Info  - 3:08:55 PM] (356) Setting environmentName for service "ndao": "3.8.10 (global)"
2024-06-06 15:08:55.441 [info] [Info  - 3:08:55 PM] (356) Assuming Python version 3.8.10.final.0
2024-06-06 15:08:55.661 [info] [Info  - 3:08:55 PM] (356) No source files found.
2024-06-06 15:08:57.249 [info] [Info  - 3:08:57 PM] (356) Setting pythonPath for service "ndao": "/bin/python3"
2024-06-06 15:08:57.249 [info] [Info  - 3:08:57 PM] (356) Setting environmentName for service "ndao": "3.8.10 (global)"
2024-06-06 15:08:57.289 [info] [Info  - 3:08:57 PM] (356) Assuming Python version 3.8.10.final.0
2024-06-06 15:08:57.517 [info] [Info  - 3:08:57 PM] (356) No source files found.
2024-06-06 15:08:57.733 [info] [Info  - 3:08:57 PM] (356) Setting pythonPath for service "ndao": "/bin/python3"
2024-06-06 15:08:57.733 [info] [Info  - 3:08:57 PM] (356) Setting environmentName for service "ndao": "3.8.10 (global)"
2024-06-06 15:08:57.778 [info] [Info  - 3:08:57 PM] (356) Assuming Python version 3.8.10.final.0
2024-06-06 15:08:57.990 [info] [Info  - 3:08:57 PM] (356) No source files found.
2024-06-06 15:08:58.162 [info] [Info  - 3:08:58 PM] (356) Setting pythonPath for service "ndao": "/bin/python3"
2024-06-06 15:08:58.162 [info] [Info  - 3:08:58 PM] (356) Setting environmentName for service "ndao": "3.8.10 (global)"
2024-06-06 15:08:58.212 [info] [Info  - 3:08:58 PM] (356) Assuming Python version 3.8.10.final.0
2024-06-06 15:08:58.506 [info] [Info  - 3:08:58 PM] (356) No source files found.
2024-06-06 15:08:58.640 [info] [Info  - 3:08:58 PM] (356) Setting pythonPath for service "ndao": "/bin/python3"
2024-06-06 15:08:58.641 [info] [Info  - 3:08:58 PM] (356) Setting environmentName for service "ndao": "3.8.10 (global)"
2024-06-06 15:08:58.686 [info] [Info  - 3:08:58 PM] (356) Assuming Python version 3.8.10.final.0
2024-06-06 15:08:58.910 [info] [Info  - 3:08:58 PM] (356) No source files found.
2024-06-06 15:09:00.601 [info] [Info  - 3:09:00 PM] (356) Setting pythonPath for service "ndao": "/bin/python3"
2024-06-06 15:09:00.601 [info] [Info  - 3:09:00 PM] (356) Setting environmentName for service "ndao": "3.8.10 (global)"
2024-06-06 15:09:00.639 [info] [Info  - 3:09:00 PM] (356) Assuming Python version 3.8.10.final.0
2024-06-06 15:09:00.868 [info] [Info  - 3:09:00 PM] (356) No source files found.
2024-06-06 15:36:03.177 [info] [Info  - 3:36:03 PM] (356) Setting pythonPath for service "ndao": "/bin/python3"
2024-06-06 15:36:03.177 [info] [Info  - 3:36:03 PM] (356) Setting environmentName for service "ndao": "3.8.10 (global)"
2024-06-06 15:36:03.220 [info] [Info  - 3:36:03 PM] (356) Assuming Python version 3.8.10.final.0
2024-06-06 15:36:03.445 [info] [Info  - 3:36:03 PM] (356) No source files found.
2024-06-06 15:36:04.014 [info] [Info  - 3:36:04 PM] (356) Setting pythonPath for service "ndao": "/bin/python3"
2024-06-06 15:36:04.014 [info] [Info  - 3:36:04 PM] (356) Setting environmentName for service "ndao": "3.8.10 (global)"
2024-06-06 15:36:04.052 [info] [Info  - 3:36:04 PM] (356) Assuming Python version 3.8.10.final.0
2024-06-06 15:36:04.324 [info] [Info  - 3:36:04 PM] (356) No source files found.
2024-06-06 15:36:05.700 [info] [Info  - 3:36:05 PM] (356) Setting pythonPath for service "ndao": "/bin/python3"
2024-06-06 15:36:05.700 [info] [Info  - 3:36:05 PM] (356) Setting environmentName for service "ndao": "3.8.10 (global)"
2024-06-06 15:36:05.737 [info] [Info  - 3:36:05 PM] (356) Assuming Python version 3.8.10.final.0
2024-06-06 15:36:06.112 [info] [Info  - 3:36:06 PM] (356) No source files found.
2024-06-06 15:36:21.796 [info] [Info  - 3:36:21 PM] (356) Setting pythonPath for service "ndao": "/bin/python3"
2024-06-06 15:36:21.797 [info] [Info  - 3:36:21 PM] (356) Setting environmentName for service "ndao": "3.8.10 (global)"
2024-06-06 15:36:21.852 [info] [Info  - 3:36:21 PM] (356) Assuming Python version 3.8.10.final.0
2024-06-06 15:36:22.090 [info] [Info  - 3:36:22 PM] (356) No source files found.
2024-06-06 15:36:26.609 [info] [Info  - 3:36:26 PM] (356) Setting pythonPath for service "ndao": "/bin/python3"
2024-06-06 15:36:26.609 [info] [Info  - 3:36:26 PM] (356) Setting environmentName for service "ndao": "3.8.10 (global)"
2024-06-06 15:36:26.644 [info] [Info  - 3:36:26 PM] (356) Assuming Python version 3.8.10.final.0
2024-06-06 15:36:26.839 [info] [Info  - 3:36:26 PM] (356) No source files found.
2024-06-06 15:37:55.283 [info] [Info  - 3:37:55 PM] (356) Setting pythonPath for service "ndao": "/bin/python3"
2024-06-06 15:37:55.283 [info] [Info  - 3:37:55 PM] (356) Setting environmentName for service "ndao": "3.8.10 (global)"
2024-06-06 15:37:55.316 [info] [Info  - 3:37:55 PM] (356) Assuming Python version 3.8.10.final.0
2024-06-06 15:37:55.544 [info] [Info  - 3:37:55 PM] (356) No source files found.
2024-06-07 08:59:45.148 [info] [Info  - 8:59:45 AM] (356) Setting pythonPath for service "ndao": "/bin/python3"
2024-06-07 08:59:45.149 [info] [Info  - 8:59:45 AM] (356) Setting environmentName for service "ndao": "3.8.10 (global)"
2024-06-07 08:59:45.200 [info] [Info  - 8:59:45 AM] (356) Assuming Python version 3.8.10.final.0
2024-06-07 08:59:45.831 [info] [Info  - 8:59:45 AM] (356) No source files found.
2024-06-07 08:59:47.395 [info] [Info  - 8:59:47 AM] (356) Setting pythonPath for service "ndao": "/bin/python3"
2024-06-07 08:59:47.395 [info] [Info  - 8:59:47 AM] (356) Setting environmentName for service "ndao": "3.8.10 (global)"
2024-06-07 08:59:47.480 [info] [Info  - 8:59:47 AM] (356) Assuming Python version 3.8.10.final.0
2024-06-07 08:59:47.939 [info] [Info  - 8:59:47 AM] (356) No source files found.
2024-06-07 08:59:47.968 [info] [Info  - 8:59:47 AM] (356) Setting pythonPath for service "ndao": "/bin/python3"
2024-06-07 08:59:47.968 [info] [Info  - 8:59:47 AM] (356) Setting environmentName for service "ndao": "3.8.10 (global)"
2024-06-07 08:59:48.030 [info] [Info  - 8:59:48 AM] (356) Assuming Python version 3.8.10.final.0
2024-06-07 08:59:48.422 [info] [Info  - 8:59:48 AM] (356) No source files found.
2024-06-07 08:59:48.811 [info] [Info  - 8:59:48 AM] (356) Setting pythonPath for service "ndao": "/bin/python3"
2024-06-07 08:59:48.811 [info] [Info  - 8:59:48 AM] (356) Setting environmentName for service "ndao": "3.8.10 (global)"
2024-06-07 08:59:48.860 [info] [Info  - 8:59:48 AM] (356) Assuming Python version 3.8.10.final.0
2024-06-07 08:59:49.312 [info] [Info  - 8:59:49 AM] (356) No source files found.
2024-06-07 08:59:49.341 [info] [Info  - 8:59:49 AM] (356) Setting pythonPath for service "ndao": "/bin/python3"
2024-06-07 08:59:49.341 [info] [Info  - 8:59:49 AM] (356) Setting environmentName for service "ndao": "3.8.10 (global)"
2024-06-07 08:59:49.421 [info] [Info  - 8:59:49 AM] (356) Assuming Python version 3.8.10.final.0
2024-06-07 08:59:49.799 [info] [Info  - 8:59:49 AM] (356) No source files found.
2024-06-07 09:00:02.467 [info] [Info  - 9:00:02 AM] (356) Setting pythonPath for service "ndao": "/bin/python3"
2024-06-07 09:00:02.468 [info] [Info  - 9:00:02 AM] (356) Setting environmentName for service "ndao": "3.8.10 (global)"
2024-06-07 09:00:02.538 [info] [Info  - 9:00:02 AM] (356) Assuming Python version 3.8.10.final.0
2024-06-07 09:00:02.841 [info] [Info  - 9:00:02 AM] (356) No source files found.
2024-06-07 09:00:33.568 [info] [Info  - 9:00:33 AM] (356) Setting pythonPath for service "ndao": "/bin/python3"
2024-06-07 09:00:33.568 [info] [Info  - 9:00:33 AM] (356) Setting environmentName for service "ndao": "3.8.10 (global)"
2024-06-07 09:00:33.608 [info] [Info  - 9:00:33 AM] (356) Assuming Python version 3.8.10.final.0
2024-06-07 09:00:33.890 [info] [Info  - 9:00:33 AM] (356) No source files found.
2024-06-07 09:00:34.509 [info] [Info  - 9:00:34 AM] (356) Setting pythonPath for service "ndao": "/bin/python3"
2024-06-07 09:00:34.510 [info] [Info  - 9:00:34 AM] (356) Setting environmentName for service "ndao": "3.8.10 (global)"
2024-06-07 09:00:34.566 [info] [Info  - 9:00:34 AM] (356) Assuming Python version 3.8.10.final.0
2024-06-07 09:00:34.981 [info] [Info  - 9:00:34 AM] (356) No source files found.
2024-06-07 09:00:35.008 [info] [Info  - 9:00:35 AM] (356) Setting pythonPath for service "ndao": "/bin/python3"
2024-06-07 09:00:35.008 [info] [Info  - 9:00:35 AM] (356) Setting environmentName for service "ndao": "3.8.10 (global)"
2024-06-07 09:00:35.076 [info] [Info  - 9:00:35 AM] (356) Assuming Python version 3.8.10.final.0
2024-06-07 09:00:35.516 [info] [Info  - 9:00:35 AM] (356) No source files found.
2024-06-07 09:00:36.650 [info] [Info  - 9:00:36 AM] (356) Setting pythonPath for service "ndao": "/bin/python3"
2024-06-07 09:00:36.650 [info] [Info  - 9:00:36 AM] (356) Setting environmentName for service "ndao": "3.8.10 (global)"
2024-06-07 09:00:36.719 [info] [Info  - 9:00:36 AM] (356) Assuming Python version 3.8.10.final.0
2024-06-07 09:00:37.194 [info] [Info  - 9:00:37 AM] (356) No source files found.
2024-06-07 09:00:37.229 [info] [Info  - 9:00:37 AM] (356) Setting pythonPath for service "ndao": "/bin/python3"
2024-06-07 09:00:37.229 [info] [Info  - 9:00:37 AM] (356) Setting environmentName for service "ndao": "3.8.10 (global)"
2024-06-07 09:00:37.336 [info] [Info  - 9:00:37 AM] (356) Assuming Python version 3.8.10.final.0
2024-06-07 09:00:37.976 [info] [Info  - 9:00:37 AM] (356) No source files found.
2024-06-07 09:00:38.037 [info] [Info  - 9:00:38 AM] (356) Setting pythonPath for service "ndao": "/bin/python3"
2024-06-07 09:00:38.037 [info] [Info  - 9:00:38 AM] (356) Setting environmentName for service "ndao": "3.8.10 (global)"
2024-06-07 09:00:38.199 [info] [Info  - 9:00:38 AM] (356) Assuming Python version 3.8.10.final.0
2024-06-07 09:00:38.508 [info] [Info  - 9:00:38 AM] (356) No source files found.
2024-06-07 09:00:38.527 [info] [Info  - 9:00:38 AM] (356) Setting pythonPath for service "ndao": "/bin/python3"
2024-06-07 09:00:38.527 [info] [Info  - 9:00:38 AM] (356) Setting environmentName for service "ndao": "3.8.10 (global)"
2024-06-07 09:00:38.582 [info] [Info  - 9:00:38 AM] (356) Assuming Python version 3.8.10.final.0
2024-06-07 09:00:38.978 [info] [Info  - 9:00:38 AM] (356) No source files found.
2024-06-07 09:00:42.251 [info] [Info  - 9:00:42 AM] (356) Setting pythonPath for service "ndao": "/bin/python3"
2024-06-07 09:00:42.251 [info] [Info  - 9:00:42 AM] (356) Setting environmentName for service "ndao": "3.8.10 (global)"
2024-06-07 09:00:42.348 [info] [Info  - 9:00:42 AM] (356) Assuming Python version 3.8.10.final.0
2024-06-07 09:00:42.730 [info] [Info  - 9:00:42 AM] (356) No source files found.
2024-06-07 09:00:43.911 [info] [Info  - 9:00:43 AM] (356) Indexer background runner(4) root directory: file:///home/ndao/.vscode-server/extensions/ms-python.vscode-pylance-2024.5.1/dist (index)
2024-06-07 09:00:43.911 [info] [Info  - 9:00:43 AM] (356) Indexing(4) started
2024-06-07 09:00:44.528 [info] [Info  - 9:00:44 AM] (356) scanned(4) 98 files over 1 exec env
2024-06-07 09:00:44.908 [info] [Info  - 9:00:44 AM] (356) indexed(4) 47 files over 1 exec env
2024-06-07 09:00:44.946 [info] [Info  - 9:00:44 AM] (356) Indexing finished(4).
2024-06-07 09:40:37.390 [info] [Info  - 9:40:37 AM] (356) Setting pythonPath for service "ndao": "/bin/python3"
2024-06-07 09:40:37.390 [info] [Info  - 9:40:37 AM] (356) Setting environmentName for service "ndao": "3.8.10 (global)"
2024-06-07 09:40:37.437 [info] [Info  - 9:40:37 AM] (356) Assuming Python version 3.8.10.final.0
2024-06-07 09:40:37.772 [info] [Info  - 9:40:37 AM] (356) No source files found.
2024-06-07 09:41:10.769 [info] [Info  - 9:41:10 AM] (356) Setting pythonPath for service "ndao": "/bin/python3"
2024-06-07 09:41:10.771 [info] [Info  - 9:41:10 AM] (356) Setting environmentName for service "ndao": "3.8.10 (global)"
2024-06-07 09:41:10.778 [info] [Info  - 9:41:10 AM] (356) Assuming Python version 3.8.10.final.0
2024-06-07 09:41:11.087 [info] [Info  - 9:41:11 AM] (356) No source files found.
