2024-06-11 14:13:58.366 [info] Log level: Info
2024-06-11 14:13:58.366 [info] Validating found git in: "git"
2024-06-11 14:13:58.366 [info] Using git "2.25.1" from "git"
2024-06-11 14:13:58.366 [info] > git rev-parse --show-toplevel [5ms]
2024-06-11 14:13:58.366 [info] > git rev-parse --git-dir --git-common-dir [8ms]
2024-06-11 14:13:58.366 [info] Open repository: /home/ndao
2024-06-11 14:13:58.368 [info] > git rev-parse --show-toplevel [6ms]
2024-06-11 14:13:58.369 [info] > git config --get commit.template [10ms]
2024-06-11 14:13:58.387 [info] > git rev-parse --show-toplevel [12ms]
2024-06-11 14:13:58.395 [info] > git for-each-ref --format=%(refname)%00%(upstream:short)%00%(objectname)%00%(upstream:track)%00%(upstream:remotename)%00%(upstream:remoteref) refs/heads/main refs/remotes/main [13ms]
2024-06-11 14:13:58.397 [info] > git rev-parse --show-toplevel [3ms]
2024-06-11 14:13:58.402 [info] > git rev-parse --show-toplevel [2ms]
2024-06-11 14:13:58.414 [info] > git rev-parse --show-toplevel [3ms]
2024-06-11 14:13:58.423 [info] > git rev-parse --show-toplevel [3ms]
2024-06-11 14:13:58.453 [info] > git rev-parse --show-toplevel [27ms]
2024-06-11 14:13:58.520 [info] > git rev-parse --show-toplevel [62ms]
2024-06-11 14:13:58.637 [info] > git rev-parse --show-toplevel [112ms]
2024-06-11 14:13:58.648 [info] > git rev-parse --show-toplevel [7ms]
2024-06-11 14:13:58.658 [info] > git rev-parse --show-toplevel [5ms]
2024-06-11 14:13:58.671 [info] > git status -z -uall [264ms] (cancelled)
2024-06-11 14:13:58.753 [info] > git show --textconv :mysql_setup/templates/shell_script.sh [6ms]
2024-06-11 14:13:58.758 [info] > git ls-files --stage -- /home/ndao/mysql_setup/templates/shell_script.sh [7ms]
2024-06-11 14:13:58.922 [info] > git check-ignore -v -z --stdin [26ms]
2024-06-11 14:24:59.390 [info] > git show --textconv :mysql_setup/sql_setup.yml [103ms]
2024-06-11 14:24:59.399 [info] > git ls-files --stage -- /home/ndao/mysql_setup/sql_setup.yml [106ms]
2024-06-11 14:24:59.408 [info] > git cat-file -s 5c5b9b855e62d3718558fc898b2780bd8a662a5a [5ms]
2024-06-11 14:25:25.659 [info] > git show --textconv :mysql_setup/templates/shell_script.sh [17ms]
2024-06-11 14:25:25.670 [info] > git ls-files --stage -- /home/ndao/mysql_setup/templates/shell_script.sh [13ms]
2024-06-11 14:25:27.057 [info] > git show --textconv :mysql_setup/sql_setup.yml [9ms]
2024-06-11 14:25:27.063 [info] > git ls-files --stage -- /home/ndao/mysql_setup/sql_setup.yml [7ms]
2024-06-11 14:25:27.069 [info] > git cat-file -s 5c5b9b855e62d3718558fc898b2780bd8a662a5a [1ms]
2024-06-11 14:25:32.954 [info] > git show --textconv :mysql_setup/templates/shell_script.sh [7ms]
2024-06-11 14:25:32.961 [info] > git ls-files --stage -- /home/ndao/mysql_setup/templates/shell_script.sh [8ms]
2024-06-11 14:25:36.433 [info] > git ls-files --stage -- /home/ndao/mysql_setup/sql_setup.yml [8ms]
2024-06-11 14:25:36.442 [info] > git show --textconv :mysql_setup/sql_setup.yml [23ms]
2024-06-11 14:25:36.442 [info] > git cat-file -s 5c5b9b855e62d3718558fc898b2780bd8a662a5a [3ms]
2024-06-11 14:25:54.948 [info] > git show --textconv :mysql_setup/templates/shell_script.sh [12ms]
2024-06-11 14:25:54.954 [info] > git ls-files --stage -- /home/ndao/mysql_setup/templates/shell_script.sh [9ms]
2024-06-11 14:34:07.582 [info] > git show --textconv :mysql_setup/vars/mysql_vars.yml [6ms]
2024-06-11 14:34:07.588 [info] > git ls-files --stage -- /home/ndao/mysql_setup/vars/mysql_vars.yml [8ms]
2024-06-11 14:34:07.597 [info] > git cat-file -s 0da8d5fc2be527528b4cfdf341e731133e9debd2 [4ms]
2024-06-11 14:34:07.770 [info] > git check-ignore -v -z --stdin [16ms]
2024-06-11 14:46:53.855 [info] > git show --textconv :mysql_setup/templates/shell_script.sh [10ms]
2024-06-11 14:46:53.867 [info] > git ls-files --stage -- /home/ndao/mysql_setup/templates/shell_script.sh [14ms]
2024-06-11 14:48:07.550 [info] > git merge-base refs/heads/main refs/remotes/origin/main [3617ms]
2024-06-11 14:48:07.561 [info] > git config --get commit.template [11ms]
2024-06-11 14:48:07.562 [info] > git rev-list --count --left-right refs/heads/main...refs/remotes/origin/main [4ms]
2024-06-11 14:48:07.581 [info] > git for-each-ref --format=%(refname)%00%(upstream:short)%00%(objectname)%00%(upstream:track)%00%(upstream:remotename)%00%(upstream:remoteref) refs/heads/main refs/remotes/main [2ms]
2024-06-11 14:48:07.582 [info] > git diff --name-status -z --diff-filter=ADMR be3370facd740a38c7661dc2a634c76ff494dca7...refs/remotes/origin/main [11ms]
2024-06-11 14:48:10.835 [info] > git status -z -uall [3239ms] (cancelled)
2024-06-11 15:36:37.127 [info] > git show --textconv :mysql_setup/sql_setup.yml [25ms]
2024-06-11 15:36:37.145 [info] > git ls-files --stage -- /home/ndao/mysql_setup/sql_setup.yml [18ms]
2024-06-11 15:36:37.160 [info] > git cat-file -s 5c5b9b855e62d3718558fc898b2780bd8a662a5a [4ms]
2024-06-11 15:37:12.581 [info] > git show --textconv :mysql_setup/templates/shell_script.sh [10ms]
2024-06-11 15:37:12.590 [info] > git ls-files --stage -- /home/ndao/mysql_setup/templates/shell_script.sh [11ms]
