2024-06-10 07:56:38.336 [info] Log level: Info
2024-06-10 07:56:38.337 [info] Validating found git in: "git"
2024-06-10 07:56:38.337 [info] Using git "2.25.1" from "git"
2024-06-10 07:56:38.337 [info] > git rev-parse --show-toplevel [98ms]
2024-06-10 07:56:38.337 [info] > git rev-parse --git-dir --git-common-dir [23ms]
2024-06-10 07:56:38.337 [info] Open repository: /home/ndao
2024-06-10 07:56:38.590 [info] > git rev-parse --show-toplevel [87ms]
2024-06-10 07:56:38.598 [info] > git config --get commit.template [92ms]
2024-06-10 07:56:38.897 [info] > git rev-parse --show-toplevel [277ms]
2024-06-10 07:56:38.959 [info] > git for-each-ref --format=%(refname)%00%(upstream:short)%00%(objectname)%00%(upstream:track)%00%(upstream:remotename)%00%(upstream:remoteref) refs/heads/main refs/remotes/main [72ms]
2024-06-10 07:56:38.969 [info] > git rev-parse --show-toplevel [14ms]
2024-06-10 07:56:39.752 [info] > git rev-parse --show-toplevel [774ms]
2024-06-10 07:56:40.156 [info] > git check-ignore -v -z --stdin [367ms]
2024-06-10 07:56:40.161 [info] > git rev-parse --show-toplevel [348ms]
2024-06-10 07:56:40.194 [info] > git rev-parse --show-toplevel [27ms]
2024-06-10 07:56:40.240 [info] > git rev-parse --show-toplevel [41ms]
2024-06-10 07:56:40.409 [info] > git status -z -uall [603ms] (cancelled)
2024-06-10 07:56:40.410 [info] > git rev-parse --show-toplevel [165ms]
2024-06-10 07:56:40.431 [info] > git rev-parse --show-toplevel [8ms]
2024-06-10 07:56:40.471 [info] > git rev-parse --show-toplevel [2ms]
2024-06-10 07:56:40.712 [info] > git rev-parse --show-toplevel [227ms]
2024-06-10 07:56:40.731 [info] > git ls-files --stage -- /home/ndao/mysql_setup/sql_shell.yml [10ms]
2024-06-10 07:56:40.737 [info] > git show --textconv :mysql_setup/sql_shell.yml [19ms]
2024-06-10 07:56:42.272 [info] > git show --textconv :mysql_setup/vars/mysql_vars.yml [26ms]
2024-06-10 07:56:42.273 [info] > git ls-files --stage -- /home/ndao/mysql_setup/vars/mysql_vars.yml [23ms]
2024-06-10 07:56:42.283 [info] > git cat-file -s 0da8d5fc2be527528b4cfdf341e731133e9debd2 [4ms]
2024-06-10 07:56:42.907 [info] > git check-ignore -v -z --stdin [195ms]
2024-06-10 07:56:45.401 [info] > git show --textconv :mysql_setup/sql_setup.yml [8ms]
2024-06-10 07:56:45.405 [info] > git ls-files --stage -- /home/ndao/mysql_setup/sql_setup.yml [7ms]
2024-06-10 07:56:45.410 [info] > git cat-file -s 5c5b9b855e62d3718558fc898b2780bd8a662a5a [2ms]
2024-06-10 07:56:57.618 [info] > git merge-base refs/heads/main refs/remotes/origin/main [4178ms]
2024-06-10 07:56:57.643 [info] > git config --get commit.template [25ms]
2024-06-10 07:56:57.652 [info] > git rev-list --count --left-right refs/heads/main...refs/remotes/origin/main [22ms]
2024-06-10 07:56:57.730 [info] > git show --textconv :mysql_setup/sql_shell.yml [44ms]
2024-06-10 07:56:57.731 [info] > git for-each-ref --format=%(refname)%00%(upstream:short)%00%(objectname)%00%(upstream:track)%00%(upstream:remotename)%00%(upstream:remoteref) refs/heads/main refs/remotes/main [82ms]
2024-06-10 07:56:57.739 [info] > git ls-files --stage -- /home/ndao/mysql_setup/sql_shell.yml [43ms]
2024-06-10 07:56:57.746 [info] > git diff --name-status -z --diff-filter=ADMR be3370facd740a38c7661dc2a634c76ff494dca7...refs/remotes/origin/main [76ms]
2024-06-10 07:57:02.379 [info] > git status -z -uall [4624ms] (cancelled)
2024-06-10 07:57:07.800 [info] > git show --textconv :mysql_setup/shell_script.sh [14ms]
2024-06-10 07:57:07.810 [info] > git ls-files --stage -- /home/ndao/mysql_setup/shell_script.sh [12ms]
2024-06-10 07:57:09.122 [info] > git show --textconv :mysql_setup/sql_shell.yml [10ms]
2024-06-10 07:57:09.125 [info] > git ls-files --stage -- /home/ndao/mysql_setup/sql_shell.yml [6ms]
2024-06-10 07:57:13.031 [info] > git show --textconv :mysql_setup/shell_script.sh [8ms]
2024-06-10 07:57:13.039 [info] > git ls-files --stage -- /home/ndao/mysql_setup/shell_script.sh [9ms]
2024-06-10 07:57:50.831 [info] > git show --textconv :mysql_setup/sql_setup.yml [9ms]
2024-06-10 07:57:50.837 [info] > git ls-files --stage -- /home/ndao/mysql_setup/sql_setup.yml [9ms]
2024-06-10 07:57:50.843 [info] > git cat-file -s 5c5b9b855e62d3718558fc898b2780bd8a662a5a [2ms]
2024-06-10 08:01:57.880 [info] > git show --textconv :mysql_setup/shell_script.sh [23ms]
2024-06-10 08:01:57.900 [info] > git ls-files --stage -- /home/ndao/mysql_setup/shell_script.sh [23ms]
2024-06-10 08:02:13.291 [info] > git show --textconv :mysql_setup/sql_setup.yml [20ms]
2024-06-10 08:02:13.306 [info] > git ls-files --stage -- /home/ndao/mysql_setup/sql_setup.yml [17ms]
2024-06-10 08:02:13.323 [info] > git cat-file -s 5c5b9b855e62d3718558fc898b2780bd8a662a5a [6ms]
2024-06-10 08:10:04.505 [info] > git show --textconv :mysql_setup/vars/mysql_vars.yml [24ms]
2024-06-10 08:10:04.522 [info] > git ls-files --stage -- /home/ndao/mysql_setup/vars/mysql_vars.yml [22ms]
2024-06-10 08:10:04.537 [info] > git cat-file -s 0da8d5fc2be527528b4cfdf341e731133e9debd2 [5ms]
2024-06-10 08:10:11.727 [info] > git show --textconv :mysql_setup/sql_setup.yml [30ms]
2024-06-10 08:10:11.763 [info] > git ls-files --stage -- /home/ndao/mysql_setup/sql_setup.yml [40ms]
2024-06-10 08:10:11.793 [info] > git cat-file -s 5c5b9b855e62d3718558fc898b2780bd8a662a5a [14ms]
2024-06-10 08:10:35.581 [info] > git show --textconv :mysql_setup/shell_script.sh [14ms]
2024-06-10 08:10:35.594 [info] > git ls-files --stage -- /home/ndao/mysql_setup/shell_script.sh [14ms]
2024-06-10 08:15:20.308 [info] > git show --textconv :mysql_setup/sql_shell.yml [28ms]
2024-06-10 08:15:20.325 [info] > git ls-files --stage -- /home/ndao/mysql_setup/sql_shell.yml [21ms]
2024-06-10 08:15:21.217 [info] > git show --textconv :mysql_setup/shell_script.sh [8ms]
2024-06-10 08:15:21.224 [info] > git ls-files --stage -- /home/ndao/mysql_setup/shell_script.sh [7ms]
2024-06-10 08:15:25.439 [info] > git show --textconv :mysql_setup/sql_shell.yml [25ms]
2024-06-10 08:15:25.452 [info] > git ls-files --stage -- /home/ndao/mysql_setup/sql_shell.yml [18ms]
2024-06-10 08:16:27.525 [info] > git show --textconv :mysql_setup/shell_script.sh [21ms]
2024-06-10 08:16:27.538 [info] > git ls-files --stage -- /home/ndao/mysql_setup/shell_script.sh [14ms]
2024-06-10 08:16:29.854 [info] > git show --textconv :mysql_setup/sql_setup.yml [24ms]
2024-06-10 08:16:29.872 [info] > git ls-files --stage -- /home/ndao/mysql_setup/sql_setup.yml [20ms]
2024-06-10 08:16:29.891 [info] > git cat-file -s 5c5b9b855e62d3718558fc898b2780bd8a662a5a [5ms]
2024-06-10 08:21:56.539 [info] > git show --textconv :mysql_setup/sql_shell.yml [12ms]
2024-06-10 08:21:56.544 [info] > git ls-files --stage -- /home/ndao/mysql_setup/sql_shell.yml [7ms]
2024-06-10 08:22:19.771 [info] > git show --textconv :mysql_setup/shell_script.sh [20ms]
2024-06-10 08:22:19.799 [info] > git ls-files --stage -- /home/ndao/mysql_setup/shell_script.sh [29ms]
2024-06-10 08:27:56.027 [info] > git show --textconv :mysql_setup/sql_setup.yml [11ms]
2024-06-10 08:27:56.037 [info] > git ls-files --stage -- /home/ndao/mysql_setup/sql_setup.yml [12ms]
2024-06-10 08:27:56.045 [info] > git cat-file -s 5c5b9b855e62d3718558fc898b2780bd8a662a5a [3ms]
2024-06-10 08:28:01.435 [info] > git show --textconv :mysql_setup/sql_shell.yml [10ms]
2024-06-10 08:28:01.443 [info] > git ls-files --stage -- /home/ndao/mysql_setup/sql_shell.yml [9ms]
2024-06-10 08:30:16.803 [info] > git check-ignore -v -z --stdin [66ms]
2024-06-10 08:31:42.904 [info] > git check-ignore -v -z --stdin [19ms]
2024-06-10 08:31:50.728 [info] > git check-ignore -v -z --stdin [13ms]
2024-06-10 08:32:24.177 [info] > git check-ignore -v -z --stdin [17ms]
2024-06-10 08:32:27.374 [info] > git check-ignore -v -z --stdin [16ms]
2024-06-10 08:32:33.607 [info] > git show --textconv :mysql_setup/templates/shell_script.sh [21ms]
2024-06-10 08:32:33.624 [info] > git ls-files --stage -- /home/ndao/mysql_setup/templates/shell_script.sh [20ms]
2024-06-10 08:32:35.736 [info] > git show --textconv :mysql_setup/sql_shell.yml [21ms]
2024-06-10 08:32:35.751 [info] > git ls-files --stage -- /home/ndao/mysql_setup/sql_shell.yml [17ms]
2024-06-10 08:33:05.092 [info] > git show --textconv :mysql_setup/templates/shell_script.sh [22ms]
2024-06-10 08:33:05.108 [info] > git ls-files --stage -- /home/ndao/mysql_setup/templates/shell_script.sh [18ms]
2024-06-10 08:33:47.654 [info] > git show --textconv :mysql_setup/sql_shell.yml [28ms]
2024-06-10 08:33:47.677 [info] > git ls-files --stage -- /home/ndao/mysql_setup/sql_shell.yml [28ms]
2024-06-10 08:34:47.855 [info] > git show --textconv :mysql_setup/templates/shell_script.sh [18ms]
2024-06-10 08:34:47.869 [info] > git ls-files --stage -- /home/ndao/mysql_setup/templates/shell_script.sh [15ms]
2024-06-10 08:34:51.818 [info] > git show --textconv :mysql_setup/sql_setup.yml [16ms]
2024-06-10 08:34:51.833 [info] > git ls-files --stage -- /home/ndao/mysql_setup/sql_setup.yml [17ms]
2024-06-10 08:34:51.844 [info] > git cat-file -s 5c5b9b855e62d3718558fc898b2780bd8a662a5a [4ms]
2024-06-10 08:35:24.558 [info] > git show --textconv :mysql_setup/sql_shell.yml [27ms]
2024-06-10 08:35:24.576 [info] > git ls-files --stage -- /home/ndao/mysql_setup/sql_shell.yml [22ms]
2024-06-10 08:43:46.463 [info] > git show --textconv :mysql_setup/vars/mysql_vars.yml [15ms]
2024-06-10 08:43:46.595 [info] > git ls-files --stage -- /home/ndao/mysql_setup/vars/mysql_vars.yml [139ms]
2024-06-10 08:43:46.604 [info] > git cat-file -s 0da8d5fc2be527528b4cfdf341e731133e9debd2 [3ms]
2024-06-10 08:43:47.831 [info] > git show --textconv :mysql_setup/sql_setup.yml [8ms]
2024-06-10 08:43:47.835 [info] > git ls-files --stage -- /home/ndao/mysql_setup/sql_setup.yml [6ms]
2024-06-10 08:43:47.841 [info] > git cat-file -s 5c5b9b855e62d3718558fc898b2780bd8a662a5a [1ms]
2024-06-10 08:44:07.877 [info] > git show --textconv :mysql_setup/mysql_setup.yml [17ms]
2024-06-10 08:44:07.913 [info] > git ls-files --stage -- /home/ndao/mysql_setup/mysql_setup.yml [35ms]
2024-06-10 08:44:07.931 [info] > git cat-file -s c429e7e06dcea4ba0e22d443d3c6b62d79e8f9aa [4ms]
2024-06-10 08:44:29.157 [info] > git show --textconv :mysql_setup/sql_shell.yml [34ms]
2024-06-10 08:44:29.178 [info] > git ls-files --stage -- /home/ndao/mysql_setup/sql_shell.yml [27ms]
2024-06-10 08:44:31.551 [info] > git show --textconv :mysql_setup/test_user.yml [8ms]
2024-06-10 08:44:31.560 [info] > git ls-files --stage -- /home/ndao/mysql_setup/test_user.yml [10ms]
2024-06-10 08:45:33.228 [info] > git show --textconv :mysql_setup/sql_shell.yml [11ms]
2024-06-10 08:45:33.238 [info] > git ls-files --stage -- /home/ndao/mysql_setup/sql_shell.yml [12ms]
2024-06-10 08:45:41.856 [info] > git show --textconv :mysql_setup/mysql_setup.yml [29ms]
2024-06-10 08:45:41.872 [info] > git ls-files --stage -- /home/ndao/mysql_setup/mysql_setup.yml [24ms]
2024-06-10 08:45:41.891 [info] > git cat-file -s c429e7e06dcea4ba0e22d443d3c6b62d79e8f9aa [8ms]
2024-06-10 08:45:51.643 [info] > git show --textconv :mysql_setup/sql_shell.yml [11ms]
2024-06-10 08:45:51.652 [info] > git ls-files --stage -- /home/ndao/mysql_setup/sql_shell.yml [10ms]
2024-06-10 08:45:53.435 [info] > git show --textconv :mysql_setup/sql_setup.yml [11ms]
2024-06-10 08:45:53.440 [info] > git ls-files --stage -- /home/ndao/mysql_setup/sql_setup.yml [6ms]
2024-06-10 08:45:53.447 [info] > git cat-file -s 5c5b9b855e62d3718558fc898b2780bd8a662a5a [2ms]
2024-06-10 08:46:05.689 [info] > git show --textconv :mysql_setup/sql_shell.yml [14ms]
2024-06-10 08:46:05.698 [info] > git ls-files --stage -- /home/ndao/mysql_setup/sql_shell.yml [10ms]
2024-06-10 08:48:21.579 [info] > git show --textconv :mysql_setup/sql_setup.yml [27ms]
2024-06-10 08:48:21.602 [info] > git ls-files --stage -- /home/ndao/mysql_setup/sql_setup.yml [26ms]
2024-06-10 08:48:21.625 [info] > git cat-file -s 5c5b9b855e62d3718558fc898b2780bd8a662a5a [10ms]
2024-06-10 08:48:23.516 [info] > git show --textconv :mysql_setup/sql_shell.yml [27ms]
2024-06-10 08:48:23.532 [info] > git ls-files --stage -- /home/ndao/mysql_setup/sql_shell.yml [22ms]
2024-06-10 08:49:27.117 [info] > git show --textconv :mysql_setup/templates/shell_script.sh [19ms]
2024-06-10 08:49:27.133 [info] > git ls-files --stage -- /home/ndao/mysql_setup/templates/shell_script.sh [17ms]
2024-06-10 08:52:39.188 [info] > git show --textconv :mysql_setup/sql_shell.yml [23ms]
2024-06-10 08:52:39.205 [info] > git ls-files --stage -- /home/ndao/mysql_setup/sql_shell.yml [20ms]
2024-06-10 08:52:55.943 [info] > git show --textconv :mysql_setup/templates/shell_script.sh [26ms]
2024-06-10 08:52:55.964 [info] > git ls-files --stage -- /home/ndao/mysql_setup/templates/shell_script.sh [23ms]
2024-06-10 08:55:41.022 [info] > git show --textconv :mysql_setup/sql_shell.yml [23ms]
2024-06-10 08:55:41.036 [info] > git ls-files --stage -- /home/ndao/mysql_setup/sql_shell.yml [17ms]
2024-06-10 08:55:42.422 [info] > git show --textconv :mysql_setup/templates/shell_script.sh [22ms]
2024-06-10 08:55:42.439 [info] > git ls-files --stage -- /home/ndao/mysql_setup/templates/shell_script.sh [19ms]
2024-06-10 08:55:45.713 [info] > git show --textconv :mysql_setup/sql_shell.yml [22ms]
2024-06-10 08:55:45.727 [info] > git ls-files --stage -- /home/ndao/mysql_setup/sql_shell.yml [15ms]
2024-06-10 08:55:49.389 [info] > git show --textconv :mysql_setup/templates/shell_script.sh [10ms]
2024-06-10 08:55:49.396 [info] > git ls-files --stage -- /home/ndao/mysql_setup/templates/shell_script.sh [9ms]
2024-06-10 08:58:34.438 [info] > git show --textconv :mysql_setup/sql_shell.yml [20ms]
2024-06-10 08:58:34.450 [info] > git ls-files --stage -- /home/ndao/mysql_setup/sql_shell.yml [14ms]
2024-06-10 08:58:37.118 [info] > git show --textconv :mysql_setup/templates/shell_script.sh [24ms]
2024-06-10 08:58:37.135 [info] > git ls-files --stage -- /home/ndao/mysql_setup/templates/shell_script.sh [19ms]
2024-06-10 08:59:50.686 [info] > git show --textconv :mysql_setup/sql_shell.yml [29ms]
2024-06-10 08:59:50.706 [info] > git ls-files --stage -- /home/ndao/mysql_setup/sql_shell.yml [24ms]
2024-06-10 09:01:03.840 [info] > git show --textconv :mysql_setup/templates/shell_script.sh [15ms]
2024-06-10 09:01:03.851 [info] > git ls-files --stage -- /home/ndao/mysql_setup/templates/shell_script.sh [16ms]
2024-06-10 09:01:46.662 [info] > git show --textconv :mysql_setup/sql_shell.yml [25ms]
2024-06-10 09:01:46.682 [info] > git ls-files --stage -- /home/ndao/mysql_setup/sql_shell.yml [23ms]
2024-06-10 09:01:49.033 [info] > git show --textconv :mysql_setup/templates/shell_script.sh [20ms]
2024-06-10 09:01:49.050 [info] > git ls-files --stage -- /home/ndao/mysql_setup/templates/shell_script.sh [19ms]
2024-06-10 09:01:59.752 [info] > git show --textconv :mysql_setup/sql_shell.yml [46ms]
2024-06-10 09:01:59.775 [info] > git ls-files --stage -- /home/ndao/mysql_setup/sql_shell.yml [28ms]
2024-06-10 09:02:56.382 [info] > git show --textconv :mysql_setup/sql_setup.yml [15ms]
2024-06-10 09:02:56.392 [info] > git ls-files --stage -- /home/ndao/mysql_setup/sql_setup.yml [12ms]
2024-06-10 09:02:56.401 [info] > git cat-file -s 5c5b9b855e62d3718558fc898b2780bd8a662a5a [2ms]
2024-06-10 09:03:01.256 [info] > git show --textconv :mysql_setup/templates/shell_script.sh [22ms]
2024-06-10 09:03:01.269 [info] > git ls-files --stage -- /home/ndao/mysql_setup/templates/shell_script.sh [16ms]
2024-06-10 09:03:03.728 [info] > git show --textconv :mysql_setup/sql_setup.yml [23ms]
2024-06-10 09:03:03.743 [info] > git ls-files --stage -- /home/ndao/mysql_setup/sql_setup.yml [19ms]
2024-06-10 09:03:03.762 [info] > git cat-file -s 5c5b9b855e62d3718558fc898b2780bd8a662a5a [6ms]
2024-06-10 09:03:09.962 [info] > git show --textconv :mysql_setup/sql_shell.yml [18ms]
2024-06-10 09:03:09.976 [info] > git ls-files --stage -- /home/ndao/mysql_setup/sql_shell.yml [16ms]
2024-06-10 09:03:11.654 [info] > git show --textconv :mysql_setup/sql_setup.yml [21ms]
2024-06-10 09:03:11.677 [info] > git ls-files --stage -- /home/ndao/mysql_setup/sql_setup.yml [24ms]
2024-06-10 09:03:11.694 [info] > git cat-file -s 5c5b9b855e62d3718558fc898b2780bd8a662a5a [5ms]
2024-06-10 09:03:16.861 [info] > git show --textconv :mysql_setup/templates/shell_script.sh [29ms]
2024-06-10 09:03:16.876 [info] > git ls-files --stage -- /home/ndao/mysql_setup/templates/shell_script.sh [17ms]
2024-06-10 09:04:32.952 [info] > git show --textconv :mysql_setup/sql_setup.yml [15ms]
2024-06-10 09:04:32.961 [info] > git ls-files --stage -- /home/ndao/mysql_setup/sql_setup.yml [12ms]
2024-06-10 09:04:32.968 [info] > git cat-file -s 5c5b9b855e62d3718558fc898b2780bd8a662a5a [2ms]
2024-06-10 09:04:41.300 [info] > git show --textconv :mysql_setup/templates/shell_script.sh [33ms]
2024-06-10 09:04:41.319 [info] > git ls-files --stage -- /home/ndao/mysql_setup/templates/shell_script.sh [24ms]
2024-06-10 09:04:44.152 [info] > git show --textconv :mysql_setup/sql_setup.yml [19ms]
2024-06-10 09:04:44.163 [info] > git ls-files --stage -- /home/ndao/mysql_setup/sql_setup.yml [13ms]
2024-06-10 09:04:44.173 [info] > git cat-file -s 5c5b9b855e62d3718558fc898b2780bd8a662a5a [2ms]
2024-06-10 09:04:46.423 [info] > git show --textconv :mysql_setup/templates/shell_script.sh [43ms]
2024-06-10 09:04:46.456 [info] > git ls-files --stage -- /home/ndao/mysql_setup/templates/shell_script.sh [36ms]
2024-06-10 09:20:47.640 [info] > git show --textconv :mysql_setup/sql_shell.yml [11ms]
2024-06-10 09:20:47.652 [info] > git ls-files --stage -- /home/ndao/mysql_setup/sql_shell.yml [12ms]
2024-06-10 09:20:49.527 [info] > git show --textconv :mysql_setup/templates/shell_script.sh [20ms]
2024-06-10 09:20:49.545 [info] > git ls-files --stage -- /home/ndao/mysql_setup/templates/shell_script.sh [20ms]
2024-06-10 09:20:54.506 [info] > git show --textconv :mysql_setup/sql_shell.yml [22ms]
2024-06-10 09:20:54.524 [info] > git ls-files --stage -- /home/ndao/mysql_setup/sql_shell.yml [20ms]
2024-06-10 09:21:00.969 [info] > git show --textconv :mysql_setup/templates/shell_script.sh [26ms]
2024-06-10 09:21:00.988 [info] > git ls-files --stage -- /home/ndao/mysql_setup/templates/shell_script.sh [20ms]
2024-06-10 09:21:07.735 [info] > git show --textconv :mysql_setup/sql_shell.yml [20ms]
2024-06-10 09:21:07.749 [info] > git ls-files --stage -- /home/ndao/mysql_setup/sql_shell.yml [16ms]
2024-06-10 09:21:25.953 [info] > git show --textconv :mysql_setup/templates/shell_script.sh [27ms]
2024-06-10 09:21:25.971 [info] > git ls-files --stage -- /home/ndao/mysql_setup/templates/shell_script.sh [20ms]
2024-06-10 09:21:27.983 [info] > git show --textconv :mysql_setup/sql_shell.yml [26ms]
2024-06-10 09:21:27.997 [info] > git ls-files --stage -- /home/ndao/mysql_setup/sql_shell.yml [20ms]
2024-06-10 09:26:30.051 [info] > git show --textconv :mysql_setup/templates/shell_script.sh [9ms]
2024-06-10 09:26:30.056 [info] > git ls-files --stage -- /home/ndao/mysql_setup/templates/shell_script.sh [6ms]
2024-06-10 09:27:38.863 [info] > git show --textconv :mysql_setup/sql_shell.yml [8ms]
2024-06-10 09:27:38.874 [info] > git ls-files --stage -- /home/ndao/mysql_setup/sql_shell.yml [12ms]
2024-06-10 09:27:43.341 [info] > git show --textconv :mysql_setup/templates/shell_script.sh [21ms]
2024-06-10 09:27:43.354 [info] > git ls-files --stage -- /home/ndao/mysql_setup/templates/shell_script.sh [14ms]
2024-06-10 09:28:38.640 [info] > git show --textconv :mysql_setup/sql_shell.yml [21ms]
2024-06-10 09:28:38.657 [info] > git ls-files --stage -- /home/ndao/mysql_setup/sql_shell.yml [20ms]
2024-06-10 09:28:41.318 [info] > git show --textconv :mysql_setup/templates/shell_script.sh [22ms]
2024-06-10 09:28:41.333 [info] > git ls-files --stage -- /home/ndao/mysql_setup/templates/shell_script.sh [17ms]
2024-06-10 09:28:52.784 [info] > git show --textconv :mysql_setup/sql_shell.yml [12ms]
2024-06-10 09:28:52.791 [info] > git ls-files --stage -- /home/ndao/mysql_setup/sql_shell.yml [7ms]
2024-06-10 09:35:56.004 [info] > git show --textconv :mysql_setup/templates/shell_script.sh [8ms]
2024-06-10 09:35:56.011 [info] > git ls-files --stage -- /home/ndao/mysql_setup/templates/shell_script.sh [8ms]
2024-06-10 09:46:42.614 [info] > git show --textconv :mysql_setup/sql_shell.yml [26ms]
2024-06-10 09:46:42.634 [info] > git ls-files --stage -- /home/ndao/mysql_setup/sql_shell.yml [24ms]
2024-06-10 09:47:13.999 [info] > git show --textconv :mysql_setup/templates/shell_script.sh [26ms]
2024-06-10 09:47:14.012 [info] > git ls-files --stage -- /home/ndao/mysql_setup/templates/shell_script.sh [14ms]
2024-06-10 09:47:28.816 [info] > git show --textconv :mysql_setup/sql_shell.yml [8ms]
2024-06-10 09:47:28.821 [info] > git ls-files --stage -- /home/ndao/mysql_setup/sql_shell.yml [6ms]
2024-06-10 09:48:58.189 [info] > git show --textconv :mysql_setup/templates/shell_script.sh [21ms]
2024-06-10 09:48:58.202 [info] > git ls-files --stage -- /home/ndao/mysql_setup/templates/shell_script.sh [15ms]
2024-06-10 09:49:10.653 [info] > git show --textconv :mysql_setup/sql_shell.yml [23ms]
2024-06-10 09:49:10.673 [info] > git ls-files --stage -- /home/ndao/mysql_setup/sql_shell.yml [22ms]
2024-06-10 09:49:30.670 [info] > git show --textconv :mysql_setup/templates/shell_script.sh [26ms]
2024-06-10 09:49:30.689 [info] > git ls-files --stage -- /home/ndao/mysql_setup/templates/shell_script.sh [22ms]
2024-06-10 09:49:57.276 [info] > git show --textconv :mysql_setup/sql_shell.yml [20ms]
2024-06-10 09:49:57.295 [info] > git ls-files --stage -- /home/ndao/mysql_setup/sql_shell.yml [19ms]
2024-06-10 09:49:58.302 [info] > git show --textconv :mysql_setup/sql_setup.yml [19ms]
2024-06-10 09:49:58.321 [info] > git ls-files --stage -- /home/ndao/mysql_setup/sql_setup.yml [19ms]
2024-06-10 09:49:58.342 [info] > git cat-file -s 5c5b9b855e62d3718558fc898b2780bd8a662a5a [10ms]
2024-06-10 09:50:03.094 [info] > git show --textconv :mysql_setup/sql_shell.yml [28ms]
2024-06-10 09:50:03.108 [info] > git ls-files --stage -- /home/ndao/mysql_setup/sql_shell.yml [19ms]
2024-06-10 09:50:52.296 [info] > git show --textconv :mysql_setup/templates/shell_script.sh [19ms]
2024-06-10 09:50:52.311 [info] > git ls-files --stage -- /home/ndao/mysql_setup/templates/shell_script.sh [16ms]
2024-06-10 09:53:50.334 [info] > git show --textconv :mysql_setup/sql_shell.yml [14ms]
2024-06-10 09:53:50.346 [info] > git ls-files --stage -- /home/ndao/mysql_setup/sql_shell.yml [12ms]
2024-06-10 09:54:36.640 [info] > git show --textconv :mysql_setup/sql_setup.yml [19ms]
2024-06-10 09:54:36.673 [info] > git ls-files --stage -- /home/ndao/mysql_setup/sql_setup.yml [34ms]
2024-06-10 09:54:36.693 [info] > git cat-file -s 5c5b9b855e62d3718558fc898b2780bd8a662a5a [13ms]
2024-06-10 09:54:41.058 [info] > git show --textconv :mysql_setup/templates/shell_script.sh [10ms]
2024-06-10 09:54:41.064 [info] > git ls-files --stage -- /home/ndao/mysql_setup/templates/shell_script.sh [7ms]
2024-06-10 09:55:24.560 [info] > git show --textconv :mysql_setup/sql_shell.yml [40ms]
2024-06-10 09:55:24.579 [info] > git ls-files --stage -- /home/ndao/mysql_setup/sql_shell.yml [25ms]
2024-06-10 09:55:35.584 [info] > git show --textconv :mysql_setup/sql_setup.yml [23ms]
2024-06-10 09:55:35.598 [info] > git ls-files --stage -- /home/ndao/mysql_setup/sql_setup.yml [16ms]
2024-06-10 09:55:35.611 [info] > git cat-file -s 5c5b9b855e62d3718558fc898b2780bd8a662a5a [5ms]
2024-06-10 09:55:46.753 [info] > git show --textconv :mysql_setup/sql_shell.yml [28ms]
2024-06-10 09:55:46.775 [info] > git ls-files --stage -- /home/ndao/mysql_setup/sql_shell.yml [26ms]
2024-06-10 09:55:49.701 [info] > git show --textconv :mysql_setup/templates/shell_script.sh [29ms]
2024-06-10 09:55:49.712 [info] > git ls-files --stage -- /home/ndao/mysql_setup/templates/shell_script.sh [15ms]
2024-06-10 10:00:01.869 [info] > git show --textconv :mysql_setup/sql_shell.yml [25ms]
2024-06-10 10:00:01.889 [info] > git ls-files --stage -- /home/ndao/mysql_setup/sql_shell.yml [24ms]
2024-06-10 10:02:32.371 [info] > git show --textconv :mysql_setup/templates/shell_script.sh [12ms]
2024-06-10 10:02:32.378 [info] > git ls-files --stage -- /home/ndao/mysql_setup/templates/shell_script.sh [7ms]
2024-06-10 10:03:56.310 [info] > git show --textconv :mysql_setup/vars/mysql_vars.yml [25ms]
2024-06-10 10:03:56.332 [info] > git ls-files --stage -- /home/ndao/mysql_setup/vars/mysql_vars.yml [27ms]
2024-06-10 10:03:56.347 [info] > git cat-file -s 0da8d5fc2be527528b4cfdf341e731133e9debd2 [6ms]
2024-06-10 10:06:09.397 [info] > git show --textconv :mysql_setup/sql_shell.yml [25ms]
2024-06-10 10:06:09.415 [info] > git ls-files --stage -- /home/ndao/mysql_setup/sql_shell.yml [22ms]
2024-06-10 10:06:11.126 [info] > git show --textconv :mysql_setup/sql_setup.yml [10ms]
2024-06-10 10:06:11.135 [info] > git ls-files --stage -- /home/ndao/mysql_setup/sql_setup.yml [10ms]
2024-06-10 10:06:11.142 [info] > git cat-file -s 5c5b9b855e62d3718558fc898b2780bd8a662a5a [2ms]
2024-06-10 10:06:12.669 [info] > git show --textconv :mysql_setup/sql_shell.yml [25ms]
2024-06-10 10:06:12.687 [info] > git ls-files --stage -- /home/ndao/mysql_setup/sql_shell.yml [21ms]
2024-06-10 10:06:13.169 [info] > git show --textconv :mysql_setup/templates/shell_script.sh [21ms]
2024-06-10 10:06:13.186 [info] > git ls-files --stage -- /home/ndao/mysql_setup/templates/shell_script.sh [18ms]
2024-06-10 10:06:35.307 [info] > git show --textconv :mysql_setup/sql_setup.yml [16ms]
2024-06-10 10:06:35.315 [info] > git ls-files --stage -- /home/ndao/mysql_setup/sql_setup.yml [10ms]
2024-06-10 10:06:35.323 [info] > git cat-file -s 5c5b9b855e62d3718558fc898b2780bd8a662a5a [3ms]
2024-06-10 10:06:36.944 [info] > git show --textconv :mysql_setup/sql_shell.yml [18ms]
2024-06-10 10:06:36.958 [info] > git ls-files --stage -- /home/ndao/mysql_setup/sql_shell.yml [15ms]
2024-06-10 10:06:40.062 [info] > git show --textconv :mysql_setup/sql_setup.yml [17ms]
2024-06-10 10:06:40.078 [info] > git ls-files --stage -- /home/ndao/mysql_setup/sql_setup.yml [19ms]
2024-06-10 10:06:40.094 [info] > git cat-file -s 5c5b9b855e62d3718558fc898b2780bd8a662a5a [5ms]
2024-06-10 10:07:23.547 [info] > git show --textconv :mysql_setup/sql_shell.yml [27ms]
2024-06-10 10:07:23.563 [info] > git ls-files --stage -- /home/ndao/mysql_setup/sql_shell.yml [22ms]
2024-06-10 10:07:25.131 [info] > git show --textconv :mysql_setup/templates/shell_script.sh [9ms]
2024-06-10 10:07:25.136 [info] > git ls-files --stage -- /home/ndao/mysql_setup/templates/shell_script.sh [6ms]
2024-06-10 10:13:45.134 [info] > git show --textconv :mysql_setup/sql_setup.yml [26ms]
2024-06-10 10:13:45.154 [info] > git ls-files --stage -- /home/ndao/mysql_setup/sql_setup.yml [23ms]
2024-06-10 10:13:45.172 [info] > git cat-file -s 5c5b9b855e62d3718558fc898b2780bd8a662a5a [6ms]
2024-06-10 10:13:55.206 [info] > git show --textconv :mysql_setup/sql_shell.yml [21ms]
2024-06-10 10:13:55.218 [info] > git ls-files --stage -- /home/ndao/mysql_setup/sql_shell.yml [15ms]
2024-06-10 10:14:03.600 [info] > git show --textconv :mysql_setup/sql_setup.yml [29ms]
2024-06-10 10:14:03.621 [info] > git ls-files --stage -- /home/ndao/mysql_setup/sql_setup.yml [25ms]
2024-06-10 10:14:03.636 [info] > git cat-file -s 5c5b9b855e62d3718558fc898b2780bd8a662a5a [4ms]
2024-06-10 10:14:48.339 [info] > git show --textconv :mysql_setup/templates/shell_script.sh [26ms]
2024-06-10 10:14:48.345 [info] > git ls-files --stage -- /home/ndao/mysql_setup/templates/shell_script.sh [8ms]
2024-06-10 10:15:07.393 [info] > git show --textconv :mysql_setup/sql_setup.yml [24ms]
2024-06-10 10:15:07.406 [info] > git ls-files --stage -- /home/ndao/mysql_setup/sql_setup.yml [16ms]
2024-06-10 10:15:07.419 [info] > git cat-file -s 5c5b9b855e62d3718558fc898b2780bd8a662a5a [5ms]
2024-06-10 10:15:16.493 [info] > git show --textconv :mysql_setup/templates/shell_script.sh [31ms]
2024-06-10 10:15:16.513 [info] > git ls-files --stage -- /home/ndao/mysql_setup/templates/shell_script.sh [21ms]
2024-06-10 10:16:44.272 [info] > git show --textconv :mysql_setup/sql_setup.yml [28ms]
2024-06-10 10:16:44.297 [info] > git ls-files --stage -- /home/ndao/mysql_setup/sql_setup.yml [28ms]
2024-06-10 10:16:44.316 [info] > git cat-file -s 5c5b9b855e62d3718558fc898b2780bd8a662a5a [7ms]
2024-06-10 10:17:27.677 [info] > git show --textconv :mysql_setup/templates/shell_script.sh [25ms]
2024-06-10 10:17:27.695 [info] > git ls-files --stage -- /home/ndao/mysql_setup/templates/shell_script.sh [20ms]
2024-06-10 10:17:58.998 [info] > git show --textconv :mysql_setup/sql_setup.yml [14ms]
2024-06-10 10:17:59.009 [info] > git ls-files --stage -- /home/ndao/mysql_setup/sql_setup.yml [12ms]
2024-06-10 10:17:59.018 [info] > git cat-file -s 5c5b9b855e62d3718558fc898b2780bd8a662a5a [3ms]
2024-06-10 10:18:12.665 [info] > git show --textconv :mysql_setup/templates/shell_script.sh [8ms]
2024-06-10 10:18:12.670 [info] > git ls-files --stage -- /home/ndao/mysql_setup/templates/shell_script.sh [6ms]
2024-06-10 10:21:15.339 [info] > git show --textconv :mysql_setup/sql_setup.yml [63ms]
2024-06-10 10:21:15.372 [info] > git ls-files --stage -- /home/ndao/mysql_setup/sql_setup.yml [47ms]
2024-06-10 10:21:15.378 [info] > git cat-file -s 5c5b9b855e62d3718558fc898b2780bd8a662a5a [2ms]
2024-06-10 10:22:17.454 [info] > git show --textconv :mysql_setup/templates/shell_script.sh [31ms]
2024-06-10 10:22:17.471 [info] > git ls-files --stage -- /home/ndao/mysql_setup/templates/shell_script.sh [18ms]
2024-06-10 10:22:18.176 [info] > git show --textconv :mysql_setup/sql_shell.yml [16ms]
2024-06-10 10:22:18.185 [info] > git ls-files --stage -- /home/ndao/mysql_setup/sql_shell.yml [10ms]
2024-06-10 10:22:21.955 [info] > git show --textconv :mysql_setup/templates/shell_script.sh [9ms]
2024-06-10 10:22:21.960 [info] > git ls-files --stage -- /home/ndao/mysql_setup/templates/shell_script.sh [6ms]
2024-06-10 10:25:34.769 [info] > git show --textconv :mysql_setup/sql_setup.yml [28ms]
2024-06-10 10:25:34.793 [info] > git ls-files --stage -- /home/ndao/mysql_setup/sql_setup.yml [28ms]
2024-06-10 10:25:34.810 [info] > git cat-file -s 5c5b9b855e62d3718558fc898b2780bd8a662a5a [5ms]
2024-06-10 10:28:34.652 [info] > git show --textconv :mysql_setup/sql_shell.yml [11ms]
2024-06-10 10:28:34.658 [info] > git ls-files --stage -- /home/ndao/mysql_setup/sql_shell.yml [7ms]
2024-06-10 10:28:37.032 [info] > git show --textconv :mysql_setup/templates/shell_script.sh [11ms]
2024-06-10 10:28:37.040 [info] > git ls-files --stage -- /home/ndao/mysql_setup/templates/shell_script.sh [9ms]
2024-06-10 10:31:11.876 [info] > git show --textconv :mysql_setup/sql_setup.yml [31ms]
2024-06-10 10:31:11.884 [info] > git ls-files --stage -- /home/ndao/mysql_setup/sql_setup.yml [30ms]
2024-06-10 10:31:11.901 [info] > git cat-file -s 5c5b9b855e62d3718558fc898b2780bd8a662a5a [2ms]
2024-06-10 10:34:51.677 [info] > git show --textconv :mysql_setup/sql_shell.yml [54ms]
2024-06-10 10:34:51.717 [info] > git ls-files --stage -- /home/ndao/mysql_setup/sql_shell.yml [45ms]
2024-06-10 10:34:59.633 [info] > git show --textconv :mysql_setup/templates/shell_script.sh [25ms]
2024-06-10 10:34:59.659 [info] > git ls-files --stage -- /home/ndao/mysql_setup/templates/shell_script.sh [28ms]
2024-06-10 10:35:02.551 [info] > git show --textconv :mysql_setup/sql_setup.yml [7ms]
2024-06-10 10:35:02.558 [info] > git ls-files --stage -- /home/ndao/mysql_setup/sql_setup.yml [8ms]
2024-06-10 10:35:02.564 [info] > git cat-file -s 5c5b9b855e62d3718558fc898b2780bd8a662a5a [1ms]
2024-06-10 10:35:24.964 [info] > git show --textconv :mysql_setup/sql_shell.yml [14ms]
2024-06-10 10:35:24.974 [info] > git ls-files --stage -- /home/ndao/mysql_setup/sql_shell.yml [11ms]
2024-06-10 10:35:27.137 [info] > git show --textconv :mysql_setup/templates/shell_script.sh [25ms]
2024-06-10 10:35:27.155 [info] > git ls-files --stage -- /home/ndao/mysql_setup/templates/shell_script.sh [20ms]
2024-06-10 10:35:28.547 [info] > git show --textconv :mysql_setup/sql_setup.yml [25ms]
2024-06-10 10:35:28.563 [info] > git ls-files --stage -- /home/ndao/mysql_setup/sql_setup.yml [19ms]
2024-06-10 10:35:28.581 [info] > git cat-file -s 5c5b9b855e62d3718558fc898b2780bd8a662a5a [7ms]
2024-06-10 10:36:14.395 [info] > git show --textconv :mysql_setup/templates/shell_script.sh [14ms]
2024-06-10 10:36:14.404 [info] > git ls-files --stage -- /home/ndao/mysql_setup/templates/shell_script.sh [10ms]
2024-06-10 10:39:19.584 [info] > git show --textconv :mysql_setup/sql_setup.yml [20ms]
2024-06-10 10:39:19.599 [info] > git ls-files --stage -- /home/ndao/mysql_setup/sql_setup.yml [18ms]
2024-06-10 10:39:19.612 [info] > git cat-file -s 5c5b9b855e62d3718558fc898b2780bd8a662a5a [4ms]
2024-06-10 10:39:22.461 [info] > git show --textconv :mysql_setup/templates/shell_script.sh [26ms]
2024-06-10 10:39:22.475 [info] > git ls-files --stage -- /home/ndao/mysql_setup/templates/shell_script.sh [19ms]
2024-06-10 10:39:24.532 [info] > git show --textconv :mysql_setup/sql_setup.yml [9ms]
2024-06-10 10:39:24.539 [info] > git ls-files --stage -- /home/ndao/mysql_setup/sql_setup.yml [8ms]
2024-06-10 10:39:24.545 [info] > git cat-file -s 5c5b9b855e62d3718558fc898b2780bd8a662a5a [1ms]
2024-06-10 10:46:41.058 [info] > git show --textconv :mysql_setup/mysql_setup.yml [25ms]
2024-06-10 10:46:41.081 [info] > git ls-files --stage -- /home/ndao/mysql_setup/mysql_setup.yml [27ms]
2024-06-10 10:46:41.095 [info] > git cat-file -s c429e7e06dcea4ba0e22d443d3c6b62d79e8f9aa [4ms]
2024-06-10 10:46:58.049 [info] > git show --textconv :mysql_setup/sql_setup.yml [29ms]
2024-06-10 10:46:58.066 [info] > git ls-files --stage -- /home/ndao/mysql_setup/sql_setup.yml [19ms]
2024-06-10 10:46:58.078 [info] > git cat-file -s 5c5b9b855e62d3718558fc898b2780bd8a662a5a [4ms]
2024-06-10 10:47:00.096 [info] > git show --textconv :mysql_setup/sql_shell.yml [18ms]
2024-06-10 10:47:00.107 [info] > git ls-files --stage -- /home/ndao/mysql_setup/sql_shell.yml [13ms]
2024-06-10 10:47:03.772 [info] > git show --textconv :mysql_setup/test_user.yml [8ms]
2024-06-10 10:47:03.777 [info] > git ls-files --stage -- /home/ndao/mysql_setup/test_user.yml [6ms]
2024-06-10 10:47:20.810 [info] > git show --textconv :mysql_setup/sql_shell.yml [10ms]
2024-06-10 10:47:20.817 [info] > git ls-files --stage -- /home/ndao/mysql_setup/sql_shell.yml [7ms]
2024-06-10 10:47:23.243 [info] > git show --textconv :mysql_setup/mysql_setup.yml [10ms]
2024-06-10 10:47:23.249 [info] > git ls-files --stage -- /home/ndao/mysql_setup/mysql_setup.yml [8ms]
2024-06-10 10:47:23.256 [info] > git cat-file -s c429e7e06dcea4ba0e22d443d3c6b62d79e8f9aa [2ms]
2024-06-10 10:47:24.133 [info] > git show --textconv :mysql_setup/Clonedb.yml [13ms]
2024-06-10 10:47:24.140 [info] > git ls-files --stage -- /home/ndao/mysql_setup/Clonedb.yml [11ms]
2024-06-10 10:47:24.147 [info] > git cat-file -s 6e5a4d72f50c032439871113bd56bec85ab44ab4 [2ms]
2024-06-10 10:47:27.400 [info] > git show --textconv :mysql_setup/mysql_setup.yml [23ms]
2024-06-10 10:47:27.412 [info] > git ls-files --stage -- /home/ndao/mysql_setup/mysql_setup.yml [18ms]
2024-06-10 10:47:27.430 [info] > git cat-file -s c429e7e06dcea4ba0e22d443d3c6b62d79e8f9aa [8ms]
2024-06-10 10:47:29.456 [info] > git show --textconv :mysql_setup/sql_backup.yml [28ms]
2024-06-10 10:47:29.470 [info] > git ls-files --stage -- /home/ndao/mysql_setup/sql_backup.yml [20ms]
2024-06-10 10:47:29.485 [info] > git cat-file -s e9598f1d1e38cef992cea26c5c8c6438a8cfffad [4ms]
2024-06-10 10:47:33.681 [info] > git show --textconv :mysql_setup/sql_setup.yml [8ms]
2024-06-10 10:47:33.684 [info] > git ls-files --stage -- /home/ndao/mysql_setup/sql_setup.yml [4ms]
2024-06-10 10:47:33.689 [info] > git cat-file -s 5c5b9b855e62d3718558fc898b2780bd8a662a5a [1ms]
2024-06-10 10:47:35.537 [info] > git show --textconv :mysql_setup/sql_shell.yml [20ms]
2024-06-10 10:47:35.551 [info] > git ls-files --stage -- /home/ndao/mysql_setup/sql_shell.yml [19ms]
2024-06-10 10:47:42.903 [info] > git check-ignore -v -z --stdin [16ms]
2024-06-10 10:47:51.101 [info] > git check-ignore -v -z --stdin [38ms]
2024-06-10 10:53:37.628 [info] > git show --textconv :mysql_setup/templates/shell_script.sh [12ms]
2024-06-10 10:53:37.633 [info] > git ls-files --stage -- /home/ndao/mysql_setup/templates/shell_script.sh [6ms]
2024-06-10 10:53:38.740 [info] > git show --textconv :mysql_setup/sql_setup.yml [10ms]
2024-06-10 10:53:38.747 [info] > git ls-files --stage -- /home/ndao/mysql_setup/sql_setup.yml [6ms]
2024-06-10 10:53:38.752 [info] > git cat-file -s 5c5b9b855e62d3718558fc898b2780bd8a662a5a [2ms]
2024-06-10 10:59:25.719 [info] > git show --textconv :mysql_setup/sql_shell.yml [23ms]
2024-06-10 10:59:25.736 [info] > git ls-files --stage -- /home/ndao/mysql_setup/sql_shell.yml [18ms]
2024-06-10 10:59:27.453 [info] > git show --textconv :mysql_setup/sql_backup.yml [6ms]
2024-06-10 10:59:27.456 [info] > git ls-files --stage -- /home/ndao/mysql_setup/sql_backup.yml [3ms]
2024-06-10 10:59:27.459 [info] > git cat-file -s e9598f1d1e38cef992cea26c5c8c6438a8cfffad [1ms]
2024-06-10 10:59:28.798 [info] > git show --textconv :mysql_setup/templates/shell_script.sh [20ms]
2024-06-10 10:59:28.806 [info] > git ls-files --stage -- /home/ndao/mysql_setup/templates/shell_script.sh [8ms]
2024-06-10 10:59:30.243 [info] > git show --textconv :mysql_setup/sql_backup.yml [9ms]
2024-06-10 10:59:30.249 [info] > git ls-files --stage -- /home/ndao/mysql_setup/sql_backup.yml [6ms]
2024-06-10 10:59:30.253 [info] > git cat-file -s e9598f1d1e38cef992cea26c5c8c6438a8cfffad [1ms]
2024-06-10 10:59:32.843 [info] > git show --textconv :mysql_setup/templates/shell_script.sh [13ms]
2024-06-10 10:59:32.849 [info] > git ls-files --stage -- /home/ndao/mysql_setup/templates/shell_script.sh [7ms]
2024-06-10 13:18:55.055 [info] > git show --textconv :mysql_setup/sql_setup.yml [13ms]
2024-06-10 13:18:55.064 [info] > git ls-files --stage -- /home/ndao/mysql_setup/sql_setup.yml [10ms]
2024-06-10 13:18:55.072 [info] > git cat-file -s 5c5b9b855e62d3718558fc898b2780bd8a662a5a [3ms]
2024-06-10 13:41:41.052 [info] > git show --textconv :mysql_setup/templates/shell_script.sh [24ms]
2024-06-10 13:41:41.069 [info] > git ls-files --stage -- /home/ndao/mysql_setup/templates/shell_script.sh [18ms]
2024-06-10 13:41:59.325 [info] > git show --textconv :mysql_setup/sql_setup.yml [12ms]
2024-06-10 13:41:59.335 [info] > git ls-files --stage -- /home/ndao/mysql_setup/sql_setup.yml [10ms]
2024-06-10 13:41:59.341 [info] > git cat-file -s 5c5b9b855e62d3718558fc898b2780bd8a662a5a [2ms]
2024-06-10 13:43:11.410 [info] > git show --textconv :mysql_setup/templates/shell_script.sh [22ms]
2024-06-10 13:43:11.424 [info] > git ls-files --stage -- /home/ndao/mysql_setup/templates/shell_script.sh [15ms]
2024-06-10 13:43:16.142 [info] > git show --textconv :mysql_setup/sql_setup.yml [11ms]
2024-06-10 13:43:16.149 [info] > git ls-files --stage -- /home/ndao/mysql_setup/sql_setup.yml [7ms]
2024-06-10 13:43:16.155 [info] > git cat-file -s 5c5b9b855e62d3718558fc898b2780bd8a662a5a [2ms]
2024-06-10 13:44:28.379 [info] > git show --textconv :mysql_setup/sql_shell.yml [27ms]
2024-06-10 13:44:28.400 [info] > git ls-files --stage -- /home/ndao/mysql_setup/sql_shell.yml [26ms]
2024-06-10 13:44:30.349 [info] > git show --textconv :mysql_setup/templates/shell_script.sh [19ms]
2024-06-10 13:44:30.370 [info] > git ls-files --stage -- /home/ndao/mysql_setup/templates/shell_script.sh [22ms]
2024-06-10 13:44:31.958 [info] > git show --textconv :mysql_setup/sql_shell.yml [49ms]
2024-06-10 13:44:31.981 [info] > git ls-files --stage -- /home/ndao/mysql_setup/sql_shell.yml [40ms]
2024-06-10 13:44:35.602 [info] > git show --textconv :mysql_setup/templates/shell_script.sh [20ms]
2024-06-10 13:44:35.619 [info] > git ls-files --stage -- /home/ndao/mysql_setup/templates/shell_script.sh [18ms]
2024-06-10 13:45:12.866 [info] > git show --textconv :mysql_setup/sql_setup.yml [21ms]
2024-06-10 13:45:12.880 [info] > git ls-files --stage -- /home/ndao/mysql_setup/sql_setup.yml [16ms]
2024-06-10 13:45:12.893 [info] > git cat-file -s 5c5b9b855e62d3718558fc898b2780bd8a662a5a [5ms]
2024-06-10 13:45:15.490 [info] > git show --textconv :mysql_setup/templates/shell_script.sh [23ms]
2024-06-10 13:45:15.505 [info] > git ls-files --stage -- /home/ndao/mysql_setup/templates/shell_script.sh [21ms]
2024-06-10 13:47:14.540 [info] > git show --textconv :mysql_setup/sql_setup.yml [14ms]
2024-06-10 13:47:14.549 [info] > git ls-files --stage -- /home/ndao/mysql_setup/sql_setup.yml [11ms]
2024-06-10 13:47:14.557 [info] > git cat-file -s 5c5b9b855e62d3718558fc898b2780bd8a662a5a [3ms]
2024-06-10 13:47:16.949 [info] > git show --textconv :mysql_setup/templates/shell_script.sh [8ms]
2024-06-10 13:47:16.957 [info] > git ls-files --stage -- /home/ndao/mysql_setup/templates/shell_script.sh [8ms]
2024-06-10 13:47:30.081 [info] > git show --textconv :mysql_setup/sql_setup.yml [21ms]
2024-06-10 13:47:30.093 [info] > git ls-files --stage -- /home/ndao/mysql_setup/sql_setup.yml [13ms]
2024-06-10 13:47:30.105 [info] > git cat-file -s 5c5b9b855e62d3718558fc898b2780bd8a662a5a [4ms]
2024-06-10 13:47:36.107 [info] > git show --textconv :mysql_setup/templates/shell_script.sh [20ms]
2024-06-10 13:47:36.122 [info] > git ls-files --stage -- /home/ndao/mysql_setup/templates/shell_script.sh [17ms]
2024-06-10 13:48:01.733 [info] > git show --textconv :mysql_setup/sql_setup.yml [33ms]
2024-06-10 13:48:01.751 [info] > git ls-files --stage -- /home/ndao/mysql_setup/sql_setup.yml [23ms]
2024-06-10 13:48:01.768 [info] > git cat-file -s 5c5b9b855e62d3718558fc898b2780bd8a662a5a [5ms]
2024-06-10 13:48:15.440 [info] > git show --textconv :mysql_setup/templates/shell_script.sh [26ms]
2024-06-10 13:48:15.455 [info] > git ls-files --stage -- /home/ndao/mysql_setup/templates/shell_script.sh [17ms]
2024-06-10 13:48:46.208 [info] > git show --textconv :mysql_setup/sql_setup.yml [11ms]
2024-06-10 13:48:46.213 [info] > git ls-files --stage -- /home/ndao/mysql_setup/sql_setup.yml [6ms]
2024-06-10 13:48:46.218 [info] > git cat-file -s 5c5b9b855e62d3718558fc898b2780bd8a662a5a [1ms]
2024-06-10 13:49:12.789 [info] > git show --textconv :mysql_setup/vars/mysql_vars.yml [38ms]
2024-06-10 13:49:12.807 [info] > git ls-files --stage -- /home/ndao/mysql_setup/vars/mysql_vars.yml [23ms]
2024-06-10 13:49:12.812 [info] > git cat-file -s 0da8d5fc2be527528b4cfdf341e731133e9debd2 [2ms]
2024-06-10 13:50:01.131 [info] > git show --textconv :mysql_setup/sql_setup.yml [27ms]
2024-06-10 13:50:01.152 [info] > git ls-files --stage -- /home/ndao/mysql_setup/sql_setup.yml [23ms]
2024-06-10 13:50:01.174 [info] > git cat-file -s 5c5b9b855e62d3718558fc898b2780bd8a662a5a [9ms]
2024-06-10 13:50:06.016 [info] > git show --textconv :mysql_setup/sql_shell.yml [19ms]
2024-06-10 13:50:06.029 [info] > git ls-files --stage -- /home/ndao/mysql_setup/sql_shell.yml [16ms]
2024-06-10 13:50:07.770 [info] > git show --textconv :mysql_setup/templates/shell_script.sh [18ms]
2024-06-10 13:50:07.785 [info] > git ls-files --stage -- /home/ndao/mysql_setup/templates/shell_script.sh [17ms]
2024-06-10 13:50:17.261 [info] > git show --textconv :mysql_setup/vars/mysql_vars.yml [29ms]
2024-06-10 13:50:17.282 [info] > git ls-files --stage -- /home/ndao/mysql_setup/vars/mysql_vars.yml [28ms]
2024-06-10 13:50:17.303 [info] > git cat-file -s 0da8d5fc2be527528b4cfdf341e731133e9debd2 [10ms]
2024-06-10 13:50:20.324 [info] > git show --textconv :mysql_setup/sql_setup.yml [22ms]
2024-06-10 13:50:20.344 [info] > git ls-files --stage -- /home/ndao/mysql_setup/sql_setup.yml [22ms]
2024-06-10 13:50:20.361 [info] > git cat-file -s 5c5b9b855e62d3718558fc898b2780bd8a662a5a [5ms]
2024-06-10 13:50:21.286 [info] > git show --textconv :mysql_setup/templates/shell_script.sh [31ms]
2024-06-10 13:50:21.302 [info] > git ls-files --stage -- /home/ndao/mysql_setup/templates/shell_script.sh [18ms]
2024-06-10 13:52:09.466 [info] > git show --textconv :mysql_setup/sql_setup.yml [24ms]
2024-06-10 13:52:09.483 [info] > git ls-files --stage -- /home/ndao/mysql_setup/sql_setup.yml [19ms]
2024-06-10 13:52:09.491 [info] > git cat-file -s 5c5b9b855e62d3718558fc898b2780bd8a662a5a [2ms]
2024-06-10 13:53:08.224 [info] > git show --textconv :mysql_setup/templates/shell_script.sh [27ms]
2024-06-10 13:53:08.243 [info] > git ls-files --stage -- /home/ndao/mysql_setup/templates/shell_script.sh [23ms]
2024-06-10 13:53:10.940 [info] > git show --textconv :mysql_setup/sql_shell.yml [26ms]
2024-06-10 13:53:10.957 [info] > git ls-files --stage -- /home/ndao/mysql_setup/sql_shell.yml [22ms]
2024-06-10 13:53:15.965 [info] > git check-ignore -v -z --stdin [19ms]
2024-06-10 13:53:30.778 [info] > git show --textconv :mysql_setup/templates/shell_script.sh [12ms]
2024-06-10 13:53:30.785 [info] > git ls-files --stage -- /home/ndao/mysql_setup/templates/shell_script.sh [8ms]
2024-06-10 13:53:37.211 [info] > git show --textconv :mysql_setup/sql_setup.yml [22ms]
2024-06-10 13:53:37.222 [info] > git ls-files --stage -- /home/ndao/mysql_setup/sql_setup.yml [14ms]
2024-06-10 13:53:37.234 [info] > git cat-file -s 5c5b9b855e62d3718558fc898b2780bd8a662a5a [4ms]
2024-06-10 13:56:18.213 [info] > git show --textconv :mysql_setup/sql_shell.yml [21ms]
2024-06-10 13:56:18.226 [info] > git ls-files --stage -- /home/ndao/mysql_setup/sql_shell.yml [14ms]
2024-06-10 13:56:20.382 [info] > git show --textconv :mysql_setup/sql_setup.yml [7ms]
2024-06-10 13:56:20.387 [info] > git ls-files --stage -- /home/ndao/mysql_setup/sql_setup.yml [5ms]
2024-06-10 13:56:20.391 [info] > git cat-file -s 5c5b9b855e62d3718558fc898b2780bd8a662a5a [2ms]
2024-06-10 13:56:28.992 [info] > git show --textconv :mysql_setup/templates/shell_script.sh [28ms]
2024-06-10 13:56:29.011 [info] > git ls-files --stage -- /home/ndao/mysql_setup/templates/shell_script.sh [21ms]
2024-06-10 13:56:29.679 [info] > git show --textconv :mysql_setup/sql_shell.yml [10ms]
2024-06-10 13:56:29.684 [info] > git ls-files --stage -- /home/ndao/mysql_setup/sql_shell.yml [7ms]
2024-06-10 13:56:37.746 [info] > git show --textconv :mysql_setup/sql_setup.yml [20ms]
2024-06-10 13:56:37.762 [info] > git ls-files --stage -- /home/ndao/mysql_setup/sql_setup.yml [17ms]
2024-06-10 13:56:37.774 [info] > git cat-file -s 5c5b9b855e62d3718558fc898b2780bd8a662a5a [5ms]
2024-06-10 13:56:45.322 [info] > git show --textconv :mysql_setup/templates/shell_script.sh [20ms]
2024-06-10 13:56:45.336 [info] > git ls-files --stage -- /home/ndao/mysql_setup/templates/shell_script.sh [15ms]
2024-06-10 13:56:49.358 [info] > git show --textconv :mysql_setup/sql_setup.yml [8ms]
2024-06-10 13:56:49.362 [info] > git ls-files --stage -- /home/ndao/mysql_setup/sql_setup.yml [6ms]
2024-06-10 13:56:49.367 [info] > git cat-file -s 5c5b9b855e62d3718558fc898b2780bd8a662a5a [1ms]
2024-06-10 13:57:34.549 [info] > git show --textconv :mysql_setup/sql_shell.yml [19ms]
2024-06-10 13:57:34.562 [info] > git ls-files --stage -- /home/ndao/mysql_setup/sql_shell.yml [14ms]
2024-06-10 13:57:37.835 [info] > git show --textconv :mysql_setup/templates/shell_script.sh [26ms]
2024-06-10 13:57:37.849 [info] > git ls-files --stage -- /home/ndao/mysql_setup/templates/shell_script.sh [15ms]
2024-06-10 13:57:38.881 [info] > git show --textconv :mysql_setup/sql_setup.yml [10ms]
2024-06-10 13:57:38.887 [info] > git ls-files --stage -- /home/ndao/mysql_setup/sql_setup.yml [7ms]
2024-06-10 13:57:38.892 [info] > git cat-file -s 5c5b9b855e62d3718558fc898b2780bd8a662a5a [1ms]
2024-06-10 13:57:45.130 [info] > git show --textconv :mysql_setup/sql_backup.yml [25ms]
2024-06-10 13:57:45.142 [info] > git ls-files --stage -- /home/ndao/mysql_setup/sql_backup.yml [16ms]
2024-06-10 13:57:45.155 [info] > git cat-file -s e9598f1d1e38cef992cea26c5c8c6438a8cfffad [5ms]
2024-06-10 13:57:50.997 [info] > git show --textconv :mysql_setup/sql_setup.yml [22ms]
2024-06-10 13:57:51.005 [info] > git ls-files --stage -- /home/ndao/mysql_setup/sql_setup.yml [9ms]
2024-06-10 13:57:51.012 [info] > git cat-file -s 5c5b9b855e62d3718558fc898b2780bd8a662a5a [2ms]
2024-06-10 13:58:00.596 [info] > git show --textconv :mysql_setup/sql_backup.yml [20ms]
2024-06-10 13:58:00.610 [info] > git ls-files --stage -- /home/ndao/mysql_setup/sql_backup.yml [17ms]
2024-06-10 13:58:00.622 [info] > git cat-file -s e9598f1d1e38cef992cea26c5c8c6438a8cfffad [4ms]
2024-06-10 13:58:02.408 [info] > git show --textconv :mysql_setup/templates/shell_script.sh [19ms]
2024-06-10 13:58:02.423 [info] > git ls-files --stage -- /home/ndao/mysql_setup/templates/shell_script.sh [17ms]
2024-06-10 13:59:14.893 [info] > git show --textconv :mysql_setup/sql_setup.yml [11ms]
2024-06-10 13:59:14.901 [info] > git ls-files --stage -- /home/ndao/mysql_setup/sql_setup.yml [9ms]
2024-06-10 13:59:14.907 [info] > git cat-file -s 5c5b9b855e62d3718558fc898b2780bd8a662a5a [2ms]
2024-06-10 13:59:53.186 [info] > git show --textconv :mysql_setup/templates/shell_script.sh [24ms]
2024-06-10 13:59:53.200 [info] > git ls-files --stage -- /home/ndao/mysql_setup/templates/shell_script.sh [16ms]
2024-06-10 13:59:55.943 [info] > git show --textconv :mysql_setup/sql_setup.yml [29ms]
2024-06-10 13:59:55.993 [info] > git ls-files --stage -- /home/ndao/mysql_setup/sql_setup.yml [55ms]
2024-06-10 13:59:56.010 [info] > git cat-file -s 5c5b9b855e62d3718558fc898b2780bd8a662a5a [2ms]
2024-06-10 14:01:19.607 [info] > git show --textconv :mysql_setup/templates/shell_script.sh [28ms]
2024-06-10 14:01:19.620 [info] > git ls-files --stage -- /home/ndao/mysql_setup/templates/shell_script.sh [17ms]
2024-06-10 14:01:33.231 [info] > git show --textconv :mysql_setup/sql_setup.yml [18ms]
2024-06-10 14:01:33.245 [info] > git ls-files --stage -- /home/ndao/mysql_setup/sql_setup.yml [18ms]
2024-06-10 14:01:33.255 [info] > git cat-file -s 5c5b9b855e62d3718558fc898b2780bd8a662a5a [2ms]
2024-06-10 14:02:39.713 [info] > git show --textconv :mysql_setup/sql_backup.yml [18ms]
2024-06-10 14:02:39.727 [info] > git ls-files --stage -- /home/ndao/mysql_setup/sql_backup.yml [14ms]
2024-06-10 14:02:39.739 [info] > git cat-file -s e9598f1d1e38cef992cea26c5c8c6438a8cfffad [3ms]
2024-06-10 14:02:43.397 [info] > git show --textconv :mysql_setup/templates/shell_script.sh [23ms]
2024-06-10 14:02:43.413 [info] > git ls-files --stage -- /home/ndao/mysql_setup/templates/shell_script.sh [16ms]
2024-06-10 14:02:44.302 [info] > git show --textconv :mysql_setup/sql_shell.yml [37ms]
2024-06-10 14:02:44.318 [info] > git ls-files --stage -- /home/ndao/mysql_setup/sql_shell.yml [24ms]
2024-06-10 14:02:45.461 [info] > git show --textconv :mysql_setup/templates/shell_script.sh [10ms]
2024-06-10 14:02:45.469 [info] > git ls-files --stage -- /home/ndao/mysql_setup/templates/shell_script.sh [10ms]
2024-06-10 14:02:46.352 [info] > git show --textconv :mysql_setup/sql_backup.yml [8ms]
2024-06-10 14:02:46.356 [info] > git ls-files --stage -- /home/ndao/mysql_setup/sql_backup.yml [4ms]
2024-06-10 14:02:46.361 [info] > git cat-file -s e9598f1d1e38cef992cea26c5c8c6438a8cfffad [1ms]
2024-06-10 14:02:51.061 [info] > git show --textconv :mysql_setup/sql_setup.yml [8ms]
2024-06-10 14:02:51.069 [info] > git ls-files --stage -- /home/ndao/mysql_setup/sql_setup.yml [8ms]
2024-06-10 14:02:51.073 [info] > git cat-file -s 5c5b9b855e62d3718558fc898b2780bd8a662a5a [1ms]
2024-06-10 14:02:52.002 [info] > git show --textconv :mysql_setup/sql_shell.yml [9ms]
2024-06-10 14:02:52.009 [info] > git ls-files --stage -- /home/ndao/mysql_setup/sql_shell.yml [8ms]
2024-06-10 14:02:54.951 [info] > git show --textconv :mysql_setup/sql_backup.yml [17ms]
2024-06-10 14:02:54.967 [info] > git ls-files --stage -- /home/ndao/mysql_setup/sql_backup.yml [18ms]
2024-06-10 14:02:54.979 [info] > git cat-file -s e9598f1d1e38cef992cea26c5c8c6438a8cfffad [4ms]
2024-06-10 14:02:56.649 [info] > git show --textconv :mysql_setup/sql_setup.yml [18ms]
2024-06-10 14:02:56.657 [info] > git ls-files --stage -- /home/ndao/mysql_setup/sql_setup.yml [15ms]
2024-06-10 14:02:56.669 [info] > git cat-file -s 5c5b9b855e62d3718558fc898b2780bd8a662a5a [4ms]
2024-06-10 14:05:24.387 [info] > git show --textconv :mysql_setup/templates/shell_script.sh [29ms]
2024-06-10 14:05:24.404 [info] > git ls-files --stage -- /home/ndao/mysql_setup/templates/shell_script.sh [18ms]
2024-06-10 14:07:33.065 [info] > git show --textconv :mysql_setup/sql_setup.yml [23ms]
2024-06-10 14:07:33.084 [info] > git ls-files --stage -- /home/ndao/mysql_setup/sql_setup.yml [20ms]
2024-06-10 14:07:33.100 [info] > git cat-file -s 5c5b9b855e62d3718558fc898b2780bd8a662a5a [5ms]
2024-06-10 14:07:51.965 [info] > git show --textconv :mysql_setup/sql_backup.yml [26ms]
2024-06-10 14:07:51.989 [info] > git ls-files --stage -- /home/ndao/mysql_setup/sql_backup.yml [26ms]
2024-06-10 14:07:52.007 [info] > git cat-file -s e9598f1d1e38cef992cea26c5c8c6438a8cfffad [6ms]
2024-06-10 14:07:54.577 [info] > git show --textconv :mysql_setup/sql_setup.yml [9ms]
2024-06-10 14:07:54.585 [info] > git ls-files --stage -- /home/ndao/mysql_setup/sql_setup.yml [8ms]
2024-06-10 14:07:54.593 [info] > git cat-file -s 5c5b9b855e62d3718558fc898b2780bd8a662a5a [3ms]
2024-06-10 14:07:55.714 [info] > git show --textconv :mysql_setup/templates/shell_script.sh [27ms]
2024-06-10 14:07:55.727 [info] > git ls-files --stage -- /home/ndao/mysql_setup/templates/shell_script.sh [19ms]
2024-06-10 14:08:07.579 [info] > git show --textconv :mysql_setup/sql_setup.yml [10ms]
2024-06-10 14:08:07.586 [info] > git ls-files --stage -- /home/ndao/mysql_setup/sql_setup.yml [8ms]
2024-06-10 14:08:07.592 [info] > git cat-file -s 5c5b9b855e62d3718558fc898b2780bd8a662a5a [2ms]
2024-06-10 14:08:43.505 [info] > git show --textconv :mysql_setup/templates/shell_script.sh [24ms]
2024-06-10 14:08:43.519 [info] > git ls-files --stage -- /home/ndao/mysql_setup/templates/shell_script.sh [15ms]
2024-06-10 14:10:38.529 [info] > git show --textconv :mysql_setup/sql_setup.yml [25ms]
2024-06-10 14:10:38.545 [info] > git ls-files --stage -- /home/ndao/mysql_setup/sql_setup.yml [19ms]
2024-06-10 14:10:38.563 [info] > git cat-file -s 5c5b9b855e62d3718558fc898b2780bd8a662a5a [5ms]
2024-06-10 14:11:08.756 [info] > git show --textconv :mysql_setup/sql_shell.yml [9ms]
2024-06-10 14:11:08.763 [info] > git ls-files --stage -- /home/ndao/mysql_setup/sql_shell.yml [8ms]
2024-06-10 14:11:10.583 [info] > git show --textconv :mysql_setup/templates/shell_script.sh [24ms]
2024-06-10 14:11:10.596 [info] > git ls-files --stage -- /home/ndao/mysql_setup/templates/shell_script.sh [15ms]
2024-06-10 14:11:23.763 [info] > git show --textconv :mysql_setup/sql_setup.yml [18ms]
2024-06-10 14:11:23.772 [info] > git ls-files --stage -- /home/ndao/mysql_setup/sql_setup.yml [9ms]
2024-06-10 14:11:23.778 [info] > git cat-file -s 5c5b9b855e62d3718558fc898b2780bd8a662a5a [1ms]
2024-06-10 14:12:08.457 [info] > git check-ignore -v -z --stdin [19ms]
2024-06-10 14:12:10.112 [info] > git show --textconv :GenPush.yml [21ms]
2024-06-10 14:12:10.122 [info] > git ls-files --stage -- /home/ndao/GenPush.yml [15ms]
2024-06-10 14:12:10.136 [info] > git cat-file -s cd82acab55fa4d8d42376cd33357a05986172817 [5ms]
2024-06-10 14:12:12.129 [info] > git show --textconv :Github.yml [25ms]
2024-06-10 14:12:12.149 [info] > git ls-files --stage -- /home/ndao/Github.yml [25ms]
2024-06-10 14:12:12.166 [info] > git cat-file -s bfce5877cb3f872e9cb3d64f0718a88c64ac3561 [5ms]
2024-06-10 14:12:27.179 [info] > git show --textconv :mysql_setup/sql_setup.yml [23ms]
2024-06-10 14:12:27.191 [info] > git ls-files --stage -- /home/ndao/mysql_setup/sql_setup.yml [14ms]
2024-06-10 14:12:27.214 [info] > git cat-file -s 5c5b9b855e62d3718558fc898b2780bd8a662a5a [11ms]
2024-06-10 14:13:00.401 [info] > git show --textconv :Github.yml [20ms]
2024-06-10 14:13:00.413 [info] > git ls-files --stage -- /home/ndao/Github.yml [14ms]
2024-06-10 14:13:00.425 [info] > git cat-file -s bfce5877cb3f872e9cb3d64f0718a88c64ac3561 [3ms]
2024-06-10 14:13:07.166 [info] > git show --textconv :mysql_setup/sql_setup.yml [8ms]
2024-06-10 14:13:07.171 [info] > git ls-files --stage -- /home/ndao/mysql_setup/sql_setup.yml [6ms]
2024-06-10 14:13:07.176 [info] > git cat-file -s 5c5b9b855e62d3718558fc898b2780bd8a662a5a [1ms]
2024-06-10 14:13:20.678 [info] > git show --textconv :Github.yml [50ms]
2024-06-10 14:13:20.731 [info] > git ls-files --stage -- /home/ndao/Github.yml [69ms]
2024-06-10 14:13:20.737 [info] > git cat-file -s bfce5877cb3f872e9cb3d64f0718a88c64ac3561 [2ms]
2024-06-10 14:13:23.476 [info] > git show --textconv :mysql_setup/sql_setup.yml [9ms]
2024-06-10 14:13:23.484 [info] > git ls-files --stage -- /home/ndao/mysql_setup/sql_setup.yml [9ms]
2024-06-10 14:13:23.490 [info] > git cat-file -s 5c5b9b855e62d3718558fc898b2780bd8a662a5a [2ms]
2024-06-10 14:13:24.738 [info] > git show --textconv :mysql_setup/sql_shell.yml [9ms]
2024-06-10 14:13:24.746 [info] > git ls-files --stage -- /home/ndao/mysql_setup/sql_shell.yml [8ms]
2024-06-10 14:13:26.444 [info] > git show --textconv :mysql_setup/templates/shell_script.sh [9ms]
2024-06-10 14:13:26.452 [info] > git ls-files --stage -- /home/ndao/mysql_setup/templates/shell_script.sh [8ms]
2024-06-10 14:14:18.630 [info] > git show --textconv :mysql_setup/Clonedb.yml [7ms]
2024-06-10 14:14:18.636 [info] > git ls-files --stage -- /home/ndao/mysql_setup/Clonedb.yml [5ms]
2024-06-10 14:14:18.641 [info] > git cat-file -s 6e5a4d72f50c032439871113bd56bec85ab44ab4 [2ms]
2024-06-10 14:14:22.451 [info] > git show --textconv :mysql_setup/templates/shell_script.sh [10ms]
2024-06-10 14:14:22.458 [info] > git ls-files --stage -- /home/ndao/mysql_setup/templates/shell_script.sh [8ms]
2024-06-10 14:14:24.031 [info] > git show --textconv :credentials.yaml [7ms]
2024-06-10 14:14:24.040 [info] > git ls-files --stage -- /home/ndao/credentials.yaml [9ms]
2024-06-10 14:14:24.046 [info] > git cat-file -s d711f1af7a4831bb0e55ae0e7f301301e90bf340 [2ms]
2024-06-10 14:14:25.258 [info] > git show --textconv :email.yaml [13ms]
2024-06-10 14:14:25.264 [info] > git ls-files --stage -- /home/ndao/email.yaml [11ms]
2024-06-10 14:14:25.270 [info] > git cat-file -s eac4a629c873e0b9e181a3aa4a01db34f80c97b3 [1ms]
2024-06-10 14:14:34.176 [info] > git show --textconv :GenPass.yml [13ms]
2024-06-10 14:14:34.183 [info] > git ls-files --stage -- /home/ndao/GenPass.yml [9ms]
2024-06-10 14:14:34.188 [info] > git cat-file -s 3dee7d8663c1b84ba0e499e7ab63cdbcf48c8dee [2ms]
2024-06-10 14:14:38.304 [info] > git show --textconv :GenPush.yml [18ms]
2024-06-10 14:14:38.318 [info] > git ls-files --stage -- /home/ndao/GenPush.yml [18ms]
2024-06-10 14:14:38.331 [info] > git cat-file -s cd82acab55fa4d8d42376cd33357a05986172817 [4ms]
2024-06-10 14:14:55.196 [info] > git show --textconv :mysql_setup/templates/shell_script.sh [29ms]
2024-06-10 14:14:55.211 [info] > git ls-files --stage -- /home/ndao/mysql_setup/templates/shell_script.sh [19ms]
2024-06-10 14:21:59.243 [info] > git show --textconv :mysql_setup/sql_setup.yml [12ms]
2024-06-10 14:21:59.253 [info] > git ls-files --stage -- /home/ndao/mysql_setup/sql_setup.yml [10ms]
2024-06-10 14:21:59.258 [info] > git cat-file -s 5c5b9b855e62d3718558fc898b2780bd8a662a5a [2ms]
2024-06-10 14:23:26.117 [info] > git show --textconv :mysql_setup/sql_shell.yml [32ms]
2024-06-10 14:23:26.137 [info] > git ls-files --stage -- /home/ndao/mysql_setup/sql_shell.yml [25ms]
2024-06-10 14:23:26.748 [info] > git show --textconv :mysql_setup/templates/shell_script.sh [11ms]
2024-06-10 14:23:26.755 [info] > git ls-files --stage -- /home/ndao/mysql_setup/templates/shell_script.sh [8ms]
2024-06-10 14:23:44.984 [info] > git show --textconv :mysql_setup/sql_setup.yml [12ms]
2024-06-10 14:23:44.992 [info] > git ls-files --stage -- /home/ndao/mysql_setup/sql_setup.yml [8ms]
2024-06-10 14:23:44.998 [info] > git cat-file -s 5c5b9b855e62d3718558fc898b2780bd8a662a5a [2ms]
2024-06-10 14:24:03.347 [info] > git show --textconv :mysql_setup/templates/shell_script.sh [19ms]
2024-06-10 14:24:03.359 [info] > git ls-files --stage -- /home/ndao/mysql_setup/templates/shell_script.sh [12ms]
2024-06-10 14:26:07.652 [info] > git show --textconv :mysql_setup/sql_setup.yml [25ms]
2024-06-10 14:26:07.668 [info] > git ls-files --stage -- /home/ndao/mysql_setup/sql_setup.yml [20ms]
2024-06-10 14:26:07.684 [info] > git cat-file -s 5c5b9b855e62d3718558fc898b2780bd8a662a5a [5ms]
2024-06-10 14:26:15.438 [info] > git show --textconv :mysql_setup/sql_shell.yml [21ms]
2024-06-10 14:26:15.451 [info] > git ls-files --stage -- /home/ndao/mysql_setup/sql_shell.yml [17ms]
2024-06-10 14:26:17.007 [info] > git show --textconv :mysql_setup/templates/shell_script.sh [22ms]
2024-06-10 14:26:17.025 [info] > git ls-files --stage -- /home/ndao/mysql_setup/templates/shell_script.sh [20ms]
2024-06-10 14:28:18.683 [info] > git show --textconv :mysql_setup/vars/mysql_vars.yml [23ms]
2024-06-10 14:28:18.695 [info] > git ls-files --stage -- /home/ndao/mysql_setup/vars/mysql_vars.yml [13ms]
2024-06-10 14:28:18.706 [info] > git cat-file -s 0da8d5fc2be527528b4cfdf341e731133e9debd2 [5ms]
2024-06-10 14:28:38.335 [info] > git show --textconv :mysql_setup/sql_setup.yml [24ms]
2024-06-10 14:28:38.352 [info] > git ls-files --stage -- /home/ndao/mysql_setup/sql_setup.yml [19ms]
2024-06-10 14:28:38.365 [info] > git cat-file -s 5c5b9b855e62d3718558fc898b2780bd8a662a5a [5ms]
2024-06-10 14:31:00.504 [info] > git show --textconv :mysql_setup/templates/shell_script.sh [19ms]
2024-06-10 14:31:00.517 [info] > git ls-files --stage -- /home/ndao/mysql_setup/templates/shell_script.sh [14ms]
2024-06-10 14:31:03.419 [info] > git show --textconv :mysql_setup/sql_shell.yml [19ms]
2024-06-10 14:31:03.437 [info] > git ls-files --stage -- /home/ndao/mysql_setup/sql_shell.yml [20ms]
2024-06-10 14:31:04.475 [info] > git show --textconv :mysql_setup/templates/shell_script.sh [24ms]
2024-06-10 14:31:04.488 [info] > git ls-files --stage -- /home/ndao/mysql_setup/templates/shell_script.sh [16ms]
2024-06-10 14:31:05.876 [info] > git show --textconv :mysql_setup/vars/mysql_vars.yml [27ms]
2024-06-10 14:31:05.892 [info] > git ls-files --stage -- /home/ndao/mysql_setup/vars/mysql_vars.yml [20ms]
2024-06-10 14:31:05.907 [info] > git cat-file -s 0da8d5fc2be527528b4cfdf341e731133e9debd2 [5ms]
2024-06-10 14:31:09.180 [info] > git show --textconv :mysql_setup/sql_setup.yml [9ms]
2024-06-10 14:31:09.184 [info] > git ls-files --stage -- /home/ndao/mysql_setup/sql_setup.yml [7ms]
2024-06-10 14:31:09.189 [info] > git cat-file -s 5c5b9b855e62d3718558fc898b2780bd8a662a5a [1ms]
2024-06-10 14:47:05.765 [info] > git show --textconv :mysql_setup/templates/shell_script.sh [22ms]
2024-06-10 14:47:05.781 [info] > git ls-files --stage -- /home/ndao/mysql_setup/templates/shell_script.sh [20ms]
2024-06-10 14:47:28.258 [info] > git show --textconv :mysql_setup/sql_setup.yml [13ms]
2024-06-10 14:47:28.266 [info] > git ls-files --stage -- /home/ndao/mysql_setup/sql_setup.yml [9ms]
2024-06-10 14:47:28.273 [info] > git cat-file -s 5c5b9b855e62d3718558fc898b2780bd8a662a5a [2ms]
2024-06-10 14:47:31.178 [info] > git show --textconv :mysql_setup/templates/shell_script.sh [6ms]
2024-06-10 14:47:31.184 [info] > git ls-files --stage -- /home/ndao/mysql_setup/templates/shell_script.sh [7ms]
2024-06-10 15:01:22.227 [info] > git show --textconv :mysql_setup/sql_setup.yml [20ms]
2024-06-10 15:01:22.254 [info] > git ls-files --stage -- /home/ndao/mysql_setup/sql_setup.yml [28ms]
2024-06-10 15:01:22.270 [info] > git cat-file -s 5c5b9b855e62d3718558fc898b2780bd8a662a5a [5ms]
2024-06-10 15:02:22.769 [info] > git show --textconv :mysql_setup/vars/mysql_vars.yml [18ms]
2024-06-10 15:02:22.783 [info] > git ls-files --stage -- /home/ndao/mysql_setup/vars/mysql_vars.yml [17ms]
2024-06-10 15:02:22.794 [info] > git cat-file -s 0da8d5fc2be527528b4cfdf341e731133e9debd2 [3ms]
2024-06-10 15:05:36.779 [info] > git show --textconv :mysql_setup/templates/shell_script.sh [8ms]
2024-06-10 15:05:36.784 [info] > git ls-files --stage -- /home/ndao/mysql_setup/templates/shell_script.sh [5ms]
2024-06-10 15:09:03.964 [info] > git show --textconv :mysql_setup/sql_setup.yml [22ms]
2024-06-10 15:09:03.979 [info] > git ls-files --stage -- /home/ndao/mysql_setup/sql_setup.yml [17ms]
2024-06-10 15:09:03.994 [info] > git cat-file -s 5c5b9b855e62d3718558fc898b2780bd8a662a5a [5ms]
2024-06-10 15:13:10.931 [info] > git show --textconv :mysql_setup/vars/mysql_vars.yml [25ms]
2024-06-10 15:13:10.952 [info] > git ls-files --stage -- /home/ndao/mysql_setup/vars/mysql_vars.yml [24ms]
2024-06-10 15:13:10.968 [info] > git cat-file -s 0da8d5fc2be527528b4cfdf341e731133e9debd2 [8ms]
2024-06-10 15:27:07.428 [info] > git show --textconv :mysql_setup/templates/shell_script.sh [8ms]
2024-06-10 15:27:07.432 [info] > git ls-files --stage -- /home/ndao/mysql_setup/templates/shell_script.sh [5ms]
2024-06-11 08:12:28.521 [info] > git show --textconv :mysql_setup/sql_setup.yml [7ms]
2024-06-11 08:12:28.525 [info] > git ls-files --stage -- /home/ndao/mysql_setup/sql_setup.yml [5ms]
2024-06-11 08:12:28.528 [info] > git cat-file -s 5c5b9b855e62d3718558fc898b2780bd8a662a5a [1ms]
2024-06-11 08:12:50.518 [info] > git show --textconv :mysql_setup/vars/mysql_vars.yml [5ms]
2024-06-11 08:12:50.522 [info] > git ls-files --stage -- /home/ndao/mysql_setup/vars/mysql_vars.yml [4ms]
2024-06-11 08:12:50.525 [info] > git cat-file -s 0da8d5fc2be527528b4cfdf341e731133e9debd2 [1ms]
2024-06-11 08:25:24.297 [info] > git show --textconv :mysql_setup/sql_setup.yml [5ms]
2024-06-11 08:25:24.302 [info] > git ls-files --stage -- /home/ndao/mysql_setup/sql_setup.yml [6ms]
2024-06-11 08:25:24.306 [info] > git cat-file -s 5c5b9b855e62d3718558fc898b2780bd8a662a5a [2ms]
2024-06-11 08:25:25.820 [info] > git show --textconv :mysql_setup/vars/mysql_vars.yml [6ms]
2024-06-11 08:25:25.824 [info] > git ls-files --stage -- /home/ndao/mysql_setup/vars/mysql_vars.yml [4ms]
2024-06-11 08:25:25.826 [info] > git cat-file -s 0da8d5fc2be527528b4cfdf341e731133e9debd2 [1ms]
2024-06-11 08:56:08.182 [info] > git show --textconv :mysql_setup/sql_setup.yml [6ms]
2024-06-11 08:56:08.186 [info] > git ls-files --stage -- /home/ndao/mysql_setup/sql_setup.yml [5ms]
2024-06-11 08:56:08.189 [info] > git cat-file -s 5c5b9b855e62d3718558fc898b2780bd8a662a5a [1ms]
2024-06-11 08:56:12.605 [info] > git show --textconv :mysql_setup/sql_shell.yml [6ms]
2024-06-11 08:56:12.609 [info] > git ls-files --stage -- /home/ndao/mysql_setup/sql_shell.yml [5ms]
2024-06-11 08:56:19.992 [info] > git show --textconv :mysql_setup/sql_setup.yml [15ms]
2024-06-11 08:56:20.000 [info] > git ls-files --stage -- /home/ndao/mysql_setup/sql_setup.yml [8ms]
2024-06-11 08:56:20.012 [info] > git cat-file -s 5c5b9b855e62d3718558fc898b2780bd8a662a5a [2ms]
2024-06-11 09:24:35.472 [info] > git show --textconv :mysql_setup/vars/mysql_vars.yml [8ms]
2024-06-11 09:24:35.478 [info] > git ls-files --stage -- /home/ndao/mysql_setup/vars/mysql_vars.yml [7ms]
2024-06-11 09:24:35.482 [info] > git cat-file -s 0da8d5fc2be527528b4cfdf341e731133e9debd2 [2ms]
2024-06-11 09:48:28.849 [info] > git show --textconv :mysql_setup/sql_setup.yml [10ms]
2024-06-11 09:48:28.862 [info] > git ls-files --stage -- /home/ndao/mysql_setup/sql_setup.yml [14ms]
2024-06-11 09:48:28.870 [info] > git cat-file -s 5c5b9b855e62d3718558fc898b2780bd8a662a5a [2ms]
2024-06-11 09:48:29.796 [info] > git show --textconv :mysql_setup/templates/shell_script.sh [19ms]
2024-06-11 09:48:29.809 [info] > git ls-files --stage -- /home/ndao/mysql_setup/templates/shell_script.sh [14ms]
2024-06-11 09:48:39.057 [info] > git show --textconv :mysql_setup/sql_setup.yml [6ms]
2024-06-11 09:48:39.064 [info] > git ls-files --stage -- /home/ndao/mysql_setup/sql_setup.yml [7ms]
2024-06-11 09:48:39.068 [info] > git cat-file -s 5c5b9b855e62d3718558fc898b2780bd8a662a5a [2ms]
2024-06-11 09:50:31.354 [info] > git show --textconv :mysql_setup/templates/shell_script.sh [7ms]
2024-06-11 09:50:31.359 [info] > git ls-files --stage -- /home/ndao/mysql_setup/templates/shell_script.sh [6ms]
2024-06-11 09:50:34.844 [info] > git show --textconv :mysql_setup/sql_setup.yml [20ms]
2024-06-11 09:50:34.855 [info] > git ls-files --stage -- /home/ndao/mysql_setup/sql_setup.yml [14ms]
2024-06-11 09:50:34.865 [info] > git cat-file -s 5c5b9b855e62d3718558fc898b2780bd8a662a5a [3ms]
2024-06-11 09:55:29.921 [info] > git show --textconv :mysql_setup/vars/mysql_vars.yml [9ms]
2024-06-11 09:55:29.929 [info] > git ls-files --stage -- /home/ndao/mysql_setup/vars/mysql_vars.yml [8ms]
2024-06-11 09:55:29.935 [info] > git cat-file -s 0da8d5fc2be527528b4cfdf341e731133e9debd2 [2ms]
2024-06-11 10:17:24.500 [info] > git show --textconv :mysql_setup/templates/shell_script.sh [12ms]
2024-06-11 10:17:24.508 [info] > git ls-files --stage -- /home/ndao/mysql_setup/templates/shell_script.sh [10ms]
2024-06-11 10:37:32.372 [info] > git show --textconv :mysql_setup/sql_setup.yml [15ms]
2024-06-11 10:37:32.381 [info] > git ls-files --stage -- /home/ndao/mysql_setup/sql_setup.yml [10ms]
2024-06-11 10:37:32.390 [info] > git cat-file -s 5c5b9b855e62d3718558fc898b2780bd8a662a5a [4ms]
2024-06-11 11:16:12.570 [info] > git show --textconv :mysql_setup/templates/shell_script.sh [24ms]
2024-06-11 11:16:12.585 [info] > git ls-files --stage -- /home/ndao/mysql_setup/templates/shell_script.sh [17ms]
2024-06-11 14:08:40.448 [info] > git show --textconv :mysql_setup/sql_setup.yml [11ms]
2024-06-11 14:08:40.456 [info] > git ls-files --stage -- /home/ndao/mysql_setup/sql_setup.yml [9ms]
2024-06-11 14:08:40.463 [info] > git cat-file -s 5c5b9b855e62d3718558fc898b2780bd8a662a5a [3ms]
2024-06-11 14:09:44.152 [info] > git show --textconv :mysql_setup/templates/shell_script.sh [12ms]
2024-06-11 14:09:44.160 [info] > git ls-files --stage -- /home/ndao/mysql_setup/templates/shell_script.sh [9ms]
