2024-07-16 11:58:21.561 [info] Log level: Info
2024-07-16 11:58:21.561 [info] Validating found git in: "git"
2024-07-16 11:58:21.561 [info] Using git "2.25.1" from "git"
2024-07-16 11:58:21.561 [info] > git rev-parse --show-toplevel [103ms]
2024-07-16 11:58:21.561 [info] > git rev-parse --git-dir --git-common-dir [30ms]
2024-07-16 11:58:21.561 [info] Open repository: /home/ndao
2024-07-16 11:58:21.606 [info] > git config --get commit.template [40ms]
2024-07-16 11:58:21.986 [info] > git for-each-ref --format=%(refname)%00%(upstream:short)%00%(objectname)%00%(upstream:track)%00%(upstream:remotename)%00%(upstream:remoteref) refs/heads/main refs/remotes/main [350ms]
2024-07-16 11:58:22.060 [info] > git rev-parse --show-toplevel [10ms]
2024-07-16 11:58:22.073 [info] > git rev-parse --show-toplevel [4ms]
2024-07-16 11:58:22.080 [info] > git rev-parse --show-toplevel [3ms]
2024-07-16 11:58:22.161 [info] > git rev-parse --show-toplevel [66ms]
2024-07-16 11:58:22.217 [info] > git check-ignore -v -z --stdin [46ms]
2024-07-16 11:58:22.218 [info] > git status -z -uall [153ms]
2024-07-16 11:58:22.219 [info] > git rev-parse --show-toplevel [43ms]
2024-07-16 11:58:22.268 [info] > git for-each-ref --format=%(refname)%00%(upstream:short)%00%(objectname)%00%(upstream:track)%00%(upstream:remotename)%00%(upstream:remoteref) refs/heads/main refs/remotes/main [32ms]
2024-07-16 11:58:22.273 [info] > git rev-parse --show-toplevel [49ms]
2024-07-16 11:58:22.285 [info] > git config --local branch.main.vscode-merge-base [12ms]
2024-07-16 11:58:22.286 [warning] git config failed: Failed to execute git
2024-07-16 11:58:22.299 [info] > git config --get commit.template [31ms]
2024-07-16 11:58:22.364 [info] > git rev-parse --show-toplevel [80ms]
2024-07-16 11:58:22.434 [info] > git reflog main --grep-reflog=branch: Created from *. [136ms]
2024-07-16 11:58:22.445 [info] > git symbolic-ref --short refs/remotes/origin/HEAD [7ms]
2024-07-16 11:58:22.445 [info] fatal: ref refs/remotes/origin/HEAD is not a symbolic ref
2024-07-16 11:58:22.450 [info] > git rev-parse --show-toplevel [20ms]
2024-07-16 11:58:22.450 [info] > git for-each-ref --format=%(refname)%00%(upstream:short)%00%(objectname)%00%(upstream:track)%00%(upstream:remotename)%00%(upstream:remoteref) refs/heads/main refs/remotes/main [24ms]
2024-07-16 11:58:22.468 [info] > git merge-base refs/heads/main refs/remotes/origin/main [19ms]
2024-07-16 11:58:22.563 [info] > git rev-parse --show-toplevel [109ms]
2024-07-16 11:58:22.645 [info] > git rev-list --count --left-right refs/heads/main...refs/remotes/origin/main [172ms]
2024-07-16 11:58:22.661 [info] > git rev-parse --show-toplevel [7ms]
2024-07-16 11:58:22.662 [info] > git diff --name-status -z --diff-filter=ADMR feca80fb530ebf24594001a6cf8f23782742c61d...refs/remotes/origin/main [13ms]
2024-07-16 11:58:22.668 [info] > git rev-parse --git-dir --git-common-dir [1ms]
2024-07-16 11:58:22.680 [info] Open repository: /home/ndao/DB_Provisionning
2024-07-16 11:58:22.691 [info] > git rev-parse --show-toplevel [2ms]
2024-07-16 11:58:22.706 [info] > git config --get commit.template [20ms]
2024-07-16 11:58:22.721 [info] > git show --textconv :Numbers.yml [21ms]
2024-07-16 11:58:22.723 [info] > git for-each-ref --format=%(refname)%00%(upstream:short)%00%(objectname)%00%(upstream:track)%00%(upstream:remotename)%00%(upstream:remoteref) refs/heads/dev refs/remotes/dev [7ms]
2024-07-16 11:58:22.723 [info] > git ls-files --stage -- /home/ndao/Numbers.yml [18ms]
2024-07-16 11:58:22.729 [info] > git cat-file -s 1e2faef2602f798ebe1f62eab53aab8f86fac69c [2ms]
2024-07-16 11:58:22.749 [info] > git status -z -uall [15ms]
2024-07-16 11:58:22.766 [info] > git status -z -uall [108ms]
2024-07-16 11:58:22.766 [info] > git for-each-ref --format=%(refname)%00%(upstream:short)%00%(objectname)%00%(upstream:track)%00%(upstream:remotename)%00%(upstream:remoteref) refs/heads/dev refs/remotes/dev [13ms]
2024-07-16 11:58:22.789 [info] > git for-each-ref --format=%(refname)%00%(upstream:short)%00%(objectname)%00%(upstream:track)%00%(upstream:remotename)%00%(upstream:remoteref) refs/heads/main refs/remotes/main [15ms]
2024-07-16 11:58:22.794 [info] > git config --local branch.dev.vscode-merge-base [25ms]
2024-07-16 11:58:22.800 [info] > git config --get commit.template [35ms]
2024-07-16 11:58:22.802 [info] > git config --local branch.main.vscode-merge-base [9ms]
2024-07-16 11:58:22.802 [warning] git config failed: Failed to execute git
2024-07-16 11:58:22.811 [info] > git for-each-ref --format=%(refname)%00%(upstream:short)%00%(objectname)%00%(upstream:track)%00%(upstream:remotename)%00%(upstream:remoteref) refs/heads/origin/master refs/remotes/origin/master [12ms]
2024-07-16 11:58:22.825 [info] > git merge-base refs/heads/dev refs/remotes/origin/dev [9ms]
2024-07-16 11:58:22.829 [info] > git for-each-ref --format=%(refname)%00%(upstream:short)%00%(objectname)%00%(upstream:track)%00%(upstream:remotename)%00%(upstream:remoteref) refs/heads/dev refs/remotes/dev [18ms]
2024-07-16 11:58:22.829 [info] > git reflog main --grep-reflog=branch: Created from *. [24ms]
2024-07-16 11:58:22.833 [info] > git rev-list --count --left-right refs/heads/dev...refs/remotes/origin/dev [5ms]
2024-07-16 11:58:22.838 [info] > git symbolic-ref --short refs/remotes/origin/HEAD [6ms]
2024-07-16 11:58:22.838 [info] fatal: ref refs/remotes/origin/HEAD is not a symbolic ref
2024-07-16 11:58:22.839 [info] > git diff --name-status -z --diff-filter=ADMR 85207eb373bb515debb09e7d678976db69cc5b22...refs/remotes/origin/dev [2ms]
2024-07-16 11:58:22.845 [info] > git status -z -uall [3ms]
2024-07-16 11:58:22.851 [info] > git for-each-ref --format=%(refname)%00%(upstream:short)%00%(objectname)%00%(upstream:track)%00%(upstream:remotename)%00%(upstream:remoteref) refs/heads/dev refs/remotes/dev [2ms]
2024-07-16 11:58:22.856 [info] > git config --local branch.dev.vscode-merge-base [2ms]
2024-07-16 11:58:22.861 [info] > git for-each-ref --format=%(refname)%00%(upstream:short)%00%(objectname)%00%(upstream:track)%00%(upstream:remotename)%00%(upstream:remoteref) refs/heads/origin/master refs/remotes/origin/master [2ms]
2024-07-16 11:58:23.228 [info] > git check-ignore -v -z --stdin [1ms]
2024-07-16 11:58:23.244 [info] > git check-ignore -v -z --stdin [21ms]
2024-07-16 11:58:24.563 [info] > git config --get commit.template [3ms]
2024-07-16 11:58:24.564 [info] > git for-each-ref --format=%(refname)%00%(upstream:short)%00%(objectname)%00%(upstream:track)%00%(upstream:remotename)%00%(upstream:remoteref) refs/heads/main refs/remotes/main [1ms]
2024-07-16 11:58:24.625 [info] > git status -z -uall [58ms]
2024-07-16 11:58:24.636 [info] > git for-each-ref --format=%(refname)%00%(upstream:short)%00%(objectname)%00%(upstream:track)%00%(upstream:remotename)%00%(upstream:remoteref) refs/heads/main refs/remotes/main [7ms]
2024-07-16 11:58:24.640 [info] > git config --local branch.main.vscode-merge-base [1ms]
2024-07-16 11:58:24.640 [warning] git config failed: Failed to execute git
2024-07-16 11:58:24.647 [info] > git reflog main --grep-reflog=branch: Created from *. [3ms]
2024-07-16 11:58:24.651 [info] > git symbolic-ref --short refs/remotes/origin/HEAD [1ms]
2024-07-16 11:58:24.651 [info] fatal: ref refs/remotes/origin/HEAD is not a symbolic ref
2024-07-16 11:59:04.875 [info] > git ls-files --stage -- /home/ndao/Numbers.yml [8ms]
2024-07-16 11:59:04.882 [info] > git cat-file -s 241331493b6a881b3005f9b6d20d3650a3976053 [1ms]
2024-07-16 11:59:04.948 [info] > git show --textconv :Numbers.yml [4ms]
2024-07-16 11:59:16.251 [info] > git config --get commit.template [1ms]
2024-07-16 11:59:16.258 [info] > git for-each-ref --format=%(refname)%00%(upstream:short)%00%(objectname)%00%(upstream:track)%00%(upstream:remotename)%00%(upstream:remoteref) refs/heads/main refs/remotes/main [2ms]
2024-07-16 11:59:16.338 [info] > git status -z -uall [75ms]
2024-07-16 11:59:16.351 [info] > git for-each-ref --format=%(refname)%00%(upstream:short)%00%(objectname)%00%(upstream:track)%00%(upstream:remotename)%00%(upstream:remoteref) refs/heads/main refs/remotes/main [10ms]
2024-07-16 11:59:16.355 [info] > git config --local branch.main.vscode-merge-base [1ms]
2024-07-16 11:59:16.355 [warning] git config failed: Failed to execute git
2024-07-16 11:59:16.362 [info] > git reflog main --grep-reflog=branch: Created from *. [4ms]
2024-07-16 11:59:16.366 [info] > git symbolic-ref --short refs/remotes/origin/HEAD [1ms]
2024-07-16 11:59:16.366 [info] fatal: ref refs/remotes/origin/HEAD is not a symbolic ref
2024-07-16 11:59:16.371 [info] > git merge-base refs/heads/main refs/remotes/origin/main [2ms]
2024-07-16 11:59:16.376 [info] > git rev-list --count --left-right refs/heads/main...refs/remotes/origin/main [2ms]
2024-07-16 11:59:16.381 [info] > git diff --name-status -z --diff-filter=ADMR 74b169b4b6ce56e01d54175bfb0efa64bcbd49de...refs/remotes/origin/main [1ms]
