2024-07-02 07:19:50.798 [info] (Client) Pylance async client (2024.6.1) started with python extension (2024.8.1)
2024-07-02 07:19:51.366 [info] [Info  - 7:19:51 AM] (341) Pylance language server 2024.6.1 (pyright version 1.1.364, commit 0618acc5) starting
2024-07-02 07:19:51.367 [info] [Info  - 7:19:51 AM] (341) Server root directory: file:///home/ndao/.vscode-server/extensions/ms-python.vscode-pylance-2024.6.1/dist
2024-07-02 07:19:51.381 [info] [Info  - 7:19:51 AM] (341) Starting service instance "DB_Provisionning"
2024-07-02 07:19:51.428 [info] Auto-Indent enabled
2024-07-02 07:19:51.460 [info] Auto-Indent enabled
2024-07-02 07:19:51.463 [info] [Info  - 7:19:51 AM] (341) Setting pythonPath for service "DB_Provisionning": "/bin/python3"
2024-07-02 07:19:51.463 [info] [Info  - 7:19:51 AM] (341) Setting environmentName for service "DB_Provisionning": "3.8.10 (global)"
2024-07-02 07:19:51.509 [info] [Info  - 7:19:51 AM] (341) Assuming Python version 3.8.10.final.0
2024-07-02 07:19:51.926 [info] [Info  - 7:19:51 AM] (341) No source files found.
2024-07-02 07:19:51.931 [info] Auto-Indent enabled
2024-07-02 07:19:52.207 [info] [Info  - 7:19:52 AM] (341) Background analysis(1) root directory: file:///home/ndao/.vscode-server/extensions/ms-python.vscode-pylance-2024.6.1/dist
2024-07-02 07:19:52.207 [info] [Info  - 7:19:52 AM] (341) Background analysis(1) started
2024-07-02 10:41:16.508 [info] Auto-Indent enabled
2024-07-02 10:41:16.509 [info] [Info  - 10:41:16 AM] (341) Setting pythonPath for service "DB_Provisionning": "/bin/python3"
2024-07-02 10:41:16.509 [info] [Info  - 10:41:16 AM] (341) Setting environmentName for service "DB_Provisionning": "3.8.10 (global)"
2024-07-02 10:41:16.539 [info] [Info  - 10:41:16 AM] (341) Assuming Python version 3.8.10.final.0
2024-07-02 10:41:16.789 [info] [Info  - 10:41:16 AM] (341) No source files found.
2024-07-02 10:41:16.791 [info] Auto-Indent enabled
2024-07-02 10:41:31.758 [info] Auto-Indent enabled
2024-07-02 10:41:31.760 [info] [Info  - 10:41:31 AM] (341) Setting pythonPath for service "DB_Provisionning": "/bin/python3"
2024-07-02 10:41:31.761 [info] [Info  - 10:41:31 AM] (341) Setting environmentName for service "DB_Provisionning": "3.8.10 (global)"
2024-07-02 10:41:31.761 [info] [Info  - 10:41:31 AM] (341) Assuming Python version 3.8.10.final.0
2024-07-02 10:41:31.981 [info] [Info  - 10:41:31 AM] (341) No source files found.
2024-07-02 10:41:31.982 [info] Auto-Indent enabled
2024-07-02 10:54:51.982 [info] Auto-Indent enabled
2024-07-02 10:54:51.983 [info] [Info  - 10:54:51 AM] (341) Setting pythonPath for service "DB_Provisionning": "/bin/python3"
2024-07-02 10:54:51.983 [info] [Info  - 10:54:51 AM] (341) Setting environmentName for service "DB_Provisionning": "3.8.10 (global)"
2024-07-02 10:54:52.007 [info] [Info  - 10:54:52 AM] (341) Assuming Python version 3.8.10.final.0
2024-07-02 10:54:52.261 [info] [Info  - 10:54:52 AM] (341) No source files found.
2024-07-02 10:54:52.262 [info] Auto-Indent enabled
2024-07-02 10:54:52.965 [info] Auto-Indent enabled
2024-07-02 10:54:52.965 [info] [Info  - 10:54:52 AM] (341) Setting pythonPath for service "DB_Provisionning": "/bin/python3"
2024-07-02 10:54:52.965 [info] [Info  - 10:54:52 AM] (341) Setting environmentName for service "DB_Provisionning": "3.8.10 (global)"
2024-07-02 10:54:52.995 [info] [Info  - 10:54:52 AM] (341) Assuming Python version 3.8.10.final.0
2024-07-02 10:54:53.245 [info] [Info  - 10:54:53 AM] (341) No source files found.
2024-07-02 10:54:53.248 [info] Auto-Indent enabled
2024-07-02 11:28:16.479 [info] Auto-Indent enabled
2024-07-02 11:28:16.482 [info] [Info  - 11:28:16 AM] (341) Setting pythonPath for service "DB_Provisionning": "/bin/python3"
2024-07-02 11:28:16.482 [info] [Info  - 11:28:16 AM] (341) Setting environmentName for service "DB_Provisionning": "3.8.10 (global)"
2024-07-02 11:28:16.517 [info] [Info  - 11:28:16 AM] (341) Assuming Python version 3.8.10.final.0
2024-07-02 11:28:16.729 [info] [Info  - 11:28:16 AM] (341) No source files found.
2024-07-02 11:28:16.730 [info] Auto-Indent enabled
2024-07-02 11:28:32.087 [info] Auto-Indent enabled
2024-07-02 11:28:32.087 [info] [Info  - 11:28:32 AM] (341) Setting pythonPath for service "DB_Provisionning": "/bin/python3"
2024-07-02 11:28:32.087 [info] [Info  - 11:28:32 AM] (341) Setting environmentName for service "DB_Provisionning": "3.8.10 (global)"
2024-07-02 11:28:32.107 [info] [Info  - 11:28:32 AM] (341) Assuming Python version 3.8.10.final.0
2024-07-02 11:28:32.358 [info] [Info  - 11:28:32 AM] (341) No source files found.
2024-07-02 11:28:32.513 [info] Auto-Indent enabled
2024-07-02 11:28:32.537 [info] Auto-Indent enabled
2024-07-02 11:28:32.538 [info] [Info  - 11:28:32 AM] (341) Setting pythonPath for service "DB_Provisionning": "/bin/python3"
2024-07-02 11:28:32.538 [info] [Info  - 11:28:32 AM] (341) Setting environmentName for service "DB_Provisionning": "3.8.10 (global)"
2024-07-02 11:28:32.575 [info] [Info  - 11:28:32 AM] (341) Assuming Python version 3.8.10.final.0
2024-07-02 11:28:32.773 [info] [Info  - 11:28:32 AM] (341) No source files found.
2024-07-02 11:28:32.776 [info] Auto-Indent enabled
2024-07-02 11:28:34.609 [info] Auto-Indent enabled
2024-07-02 11:28:34.609 [info] [Info  - 11:28:34 AM] (341) Setting pythonPath for service "DB_Provisionning": "/bin/python3"
2024-07-02 11:28:34.610 [info] [Info  - 11:28:34 AM] (341) Setting environmentName for service "DB_Provisionning": "3.8.10 (global)"
2024-07-02 11:28:34.641 [info] [Info  - 11:28:34 AM] (341) Assuming Python version 3.8.10.final.0
2024-07-02 11:28:35.049 [info] [Info  - 11:28:35 AM] (341) No source files found.
2024-07-02 11:28:35.068 [info] Auto-Indent enabled
2024-07-02 11:28:35.088 [info] Auto-Indent enabled
2024-07-02 11:28:35.089 [info] [Info  - 11:28:35 AM] (341) Setting pythonPath for service "DB_Provisionning": "/bin/python3"
2024-07-02 11:28:35.089 [info] [Info  - 11:28:35 AM] (341) Setting environmentName for service "DB_Provisionning": "3.8.10 (global)"
2024-07-02 11:28:35.124 [info] [Info  - 11:28:35 AM] (341) Assuming Python version 3.8.10.final.0
2024-07-02 11:28:35.354 [info] [Info  - 11:28:35 AM] (341) No source files found.
2024-07-02 11:28:35.356 [info] Auto-Indent enabled
2024-07-02 11:28:36.291 [info] Auto-Indent enabled
2024-07-02 11:28:36.292 [info] [Info  - 11:28:36 AM] (341) Setting pythonPath for service "DB_Provisionning": "/bin/python3"
2024-07-02 11:28:36.292 [info] [Info  - 11:28:36 AM] (341) Setting environmentName for service "DB_Provisionning": "3.8.10 (global)"
2024-07-02 11:28:36.329 [info] [Info  - 11:28:36 AM] (341) Assuming Python version 3.8.10.final.0
2024-07-02 11:28:36.567 [info] [Info  - 11:28:36 AM] (341) No source files found.
2024-07-02 11:28:36.568 [info] Auto-Indent enabled
2024-07-02 11:28:37.341 [info] Auto-Indent enabled
2024-07-02 11:28:37.341 [info] [Info  - 11:28:37 AM] (341) Setting pythonPath for service "DB_Provisionning": "/bin/python3"
2024-07-02 11:28:37.341 [info] [Info  - 11:28:37 AM] (341) Setting environmentName for service "DB_Provisionning": "3.8.10 (global)"
2024-07-02 11:28:37.375 [info] [Info  - 11:28:37 AM] (341) Assuming Python version 3.8.10.final.0
2024-07-02 11:28:37.579 [info] [Info  - 11:28:37 AM] (341) No source files found.
2024-07-02 11:28:37.580 [info] Auto-Indent enabled
2024-07-02 11:28:40.062 [info] Auto-Indent enabled
2024-07-02 11:28:40.062 [info] [Info  - 11:28:40 AM] (341) Setting pythonPath for service "DB_Provisionning": "/bin/python3"
2024-07-02 11:28:40.062 [info] [Info  - 11:28:40 AM] (341) Setting environmentName for service "DB_Provisionning": "3.8.10 (global)"
2024-07-02 11:28:40.090 [info] [Info  - 11:28:40 AM] (341) Assuming Python version 3.8.10.final.0
2024-07-02 11:28:40.324 [info] [Info  - 11:28:40 AM] (341) No source files found.
2024-07-02 11:28:40.436 [info] Auto-Indent enabled
2024-07-02 11:28:40.460 [info] Auto-Indent enabled
2024-07-02 11:28:40.462 [info] [Info  - 11:28:40 AM] (341) Setting pythonPath for service "DB_Provisionning": "/bin/python3"
2024-07-02 11:28:40.463 [info] [Info  - 11:28:40 AM] (341) Setting environmentName for service "DB_Provisionning": "3.8.10 (global)"
2024-07-02 11:28:40.499 [info] [Info  - 11:28:40 AM] (341) Assuming Python version 3.8.10.final.0
2024-07-02 11:28:40.694 [info] [Info  - 11:28:40 AM] (341) No source files found.
2024-07-02 11:28:40.696 [info] Auto-Indent enabled
2024-07-02 11:28:41.214 [info] Auto-Indent enabled
2024-07-02 11:28:41.215 [info] [Info  - 11:28:41 AM] (341) Setting pythonPath for service "DB_Provisionning": "/bin/python3"
2024-07-02 11:28:41.215 [info] [Info  - 11:28:41 AM] (341) Setting environmentName for service "DB_Provisionning": "3.8.10 (global)"
2024-07-02 11:28:41.253 [info] [Info  - 11:28:41 AM] (341) Assuming Python version 3.8.10.final.0
2024-07-02 11:28:41.600 [info] [Info  - 11:28:41 AM] (341) No source files found.
2024-07-02 11:28:41.654 [info] Auto-Indent enabled
2024-07-02 11:28:41.674 [info] Auto-Indent enabled
2024-07-02 11:28:41.674 [info] [Info  - 11:28:41 AM] (341) Setting pythonPath for service "DB_Provisionning": "/bin/python3"
2024-07-02 11:28:41.674 [info] [Info  - 11:28:41 AM] (341) Setting environmentName for service "DB_Provisionning": "3.8.10 (global)"
2024-07-02 11:28:41.705 [info] [Info  - 11:28:41 AM] (341) Assuming Python version 3.8.10.final.0
2024-07-02 11:28:41.901 [info] [Info  - 11:28:41 AM] (341) No source files found.
2024-07-02 11:28:41.902 [info] Auto-Indent enabled
2024-07-02 11:28:44.336 [info] Auto-Indent enabled
2024-07-02 11:28:44.337 [info] [Info  - 11:28:44 AM] (341) Setting pythonPath for service "DB_Provisionning": "/bin/python3"
2024-07-02 11:28:44.337 [info] [Info  - 11:28:44 AM] (341) Setting environmentName for service "DB_Provisionning": "3.8.10 (global)"
2024-07-02 11:28:44.372 [info] [Info  - 11:28:44 AM] (341) Assuming Python version 3.8.10.final.0
2024-07-02 11:28:44.583 [info] [Info  - 11:28:44 AM] (341) No source files found.
2024-07-02 11:28:44.584 [info] Auto-Indent enabled
2024-07-02 11:29:44.809 [info] Auto-Indent enabled
2024-07-02 11:29:44.814 [info] [Info  - 11:29:44 AM] (341) Setting pythonPath for service "DB_Provisionning": "/bin/python3"
2024-07-02 11:29:44.814 [info] [Info  - 11:29:44 AM] (341) Setting environmentName for service "DB_Provisionning": "3.8.10 (global)"
2024-07-02 11:29:44.841 [info] [Info  - 11:29:44 AM] (341) Assuming Python version 3.8.10.final.0
2024-07-02 11:29:45.057 [info] [Info  - 11:29:45 AM] (341) No source files found.
2024-07-02 11:29:45.058 [info] Auto-Indent enabled
2024-07-02 11:30:17.625 [info] Auto-Indent enabled
2024-07-02 11:30:17.627 [info] [Info  - 11:30:17 AM] (341) Setting pythonPath for service "DB_Provisionning": "/bin/python3"
2024-07-02 11:30:17.627 [info] [Info  - 11:30:17 AM] (341) Setting environmentName for service "DB_Provisionning": "3.8.10 (global)"
2024-07-02 11:30:17.656 [info] [Info  - 11:30:17 AM] (341) Assuming Python version 3.8.10.final.0
2024-07-02 11:30:17.855 [info] [Info  - 11:30:17 AM] (341) No source files found.
2024-07-02 11:30:17.856 [info] Auto-Indent enabled
2024-07-02 11:33:39.550 [info] Auto-Indent enabled
2024-07-02 11:33:39.550 [info] [Info  - 11:33:39 AM] (341) Setting pythonPath for service "DB_Provisionning": "/bin/python3"
2024-07-02 11:33:39.550 [info] [Info  - 11:33:39 AM] (341) Setting environmentName for service "DB_Provisionning": "3.8.10 (global)"
2024-07-02 11:33:39.577 [info] [Info  - 11:33:39 AM] (341) Assuming Python version 3.8.10.final.0
2024-07-02 11:33:39.782 [info] [Info  - 11:33:39 AM] (341) No source files found.
2024-07-02 11:33:39.784 [info] Auto-Indent enabled
2024-07-02 11:33:41.799 [info] Auto-Indent enabled
2024-07-02 11:33:41.800 [info] [Info  - 11:33:41 AM] (341) Setting pythonPath for service "DB_Provisionning": "/bin/python3"
2024-07-02 11:33:41.800 [info] [Info  - 11:33:41 AM] (341) Setting environmentName for service "DB_Provisionning": "3.8.10 (global)"
2024-07-02 11:33:41.825 [info] [Info  - 11:33:41 AM] (341) Assuming Python version 3.8.10.final.0
2024-07-02 11:33:41.989 [info] [Info  - 11:33:41 AM] (341) No source files found.
2024-07-02 11:33:41.990 [info] Auto-Indent enabled
2024-07-02 11:33:44.124 [info] Auto-Indent enabled
2024-07-02 11:33:44.125 [info] [Info  - 11:33:44 AM] (341) Setting pythonPath for service "DB_Provisionning": "/bin/python3"
2024-07-02 11:33:44.125 [info] [Info  - 11:33:44 AM] (341) Setting environmentName for service "DB_Provisionning": "3.8.10 (global)"
2024-07-02 11:33:44.155 [info] [Info  - 11:33:44 AM] (341) Assuming Python version 3.8.10.final.0
2024-07-02 11:33:44.309 [info] [Info  - 11:33:44 AM] (341) No source files found.
2024-07-02 11:33:44.310 [info] Auto-Indent enabled
2024-07-02 11:33:48.895 [info] Auto-Indent enabled
2024-07-02 11:33:48.895 [info] [Info  - 11:33:48 AM] (341) Setting pythonPath for service "DB_Provisionning": "/bin/python3"
2024-07-02 11:33:48.895 [info] [Info  - 11:33:48 AM] (341) Setting environmentName for service "DB_Provisionning": "3.8.10 (global)"
2024-07-02 11:33:48.922 [info] [Info  - 11:33:48 AM] (341) Assuming Python version 3.8.10.final.0
2024-07-02 11:33:49.137 [info] [Info  - 11:33:49 AM] (341) No source files found.
2024-07-02 11:33:49.138 [info] Auto-Indent enabled
2024-07-02 11:33:52.628 [info] Auto-Indent enabled
2024-07-02 11:33:52.629 [info] [Info  - 11:33:52 AM] (341) Setting pythonPath for service "DB_Provisionning": "/bin/python3"
2024-07-02 11:33:52.633 [info] [Info  - 11:33:52 AM] (341) Setting environmentName for service "DB_Provisionning": "3.8.10 (global)"
2024-07-02 11:33:52.665 [info] [Info  - 11:33:52 AM] (341) Assuming Python version 3.8.10.final.0
2024-07-02 11:33:52.820 [info] [Info  - 11:33:52 AM] (341) No source files found.
2024-07-02 11:33:52.821 [info] Auto-Indent enabled
2024-07-02 11:35:11.064 [info] Auto-Indent enabled
2024-07-02 11:35:11.064 [info] [Info  - 11:35:11 AM] (341) Setting pythonPath for service "DB_Provisionning": "/bin/python3"
2024-07-02 11:35:11.064 [info] [Info  - 11:35:11 AM] (341) Setting environmentName for service "DB_Provisionning": "3.8.10 (global)"
2024-07-02 11:35:11.112 [info] [Info  - 11:35:11 AM] (341) Assuming Python version 3.8.10.final.0
2024-07-02 11:35:11.365 [info] [Info  - 11:35:11 AM] (341) No source files found.
2024-07-02 11:35:11.368 [info] Auto-Indent enabled
2024-07-02 11:35:16.345 [info] Auto-Indent enabled
2024-07-02 11:35:16.345 [info] [Info  - 11:35:16 AM] (341) Setting pythonPath for service "DB_Provisionning": "/bin/python3"
2024-07-02 11:35:16.345 [info] [Info  - 11:35:16 AM] (341) Setting environmentName for service "DB_Provisionning": "3.8.10 (global)"
2024-07-02 11:35:16.375 [info] [Info  - 11:35:16 AM] (341) Assuming Python version 3.8.10.final.0
2024-07-02 11:35:16.547 [info] [Info  - 11:35:16 AM] (341) No source files found.
2024-07-02 11:35:16.548 [info] Auto-Indent enabled
2024-07-02 11:35:18.027 [info] Auto-Indent enabled
2024-07-02 11:35:18.027 [info] [Info  - 11:35:18 AM] (341) Setting pythonPath for service "DB_Provisionning": "/bin/python3"
2024-07-02 11:35:18.027 [info] [Info  - 11:35:18 AM] (341) Setting environmentName for service "DB_Provisionning": "3.8.10 (global)"
2024-07-02 11:35:18.052 [info] [Info  - 11:35:18 AM] (341) Assuming Python version 3.8.10.final.0
2024-07-02 11:35:18.228 [info] [Info  - 11:35:18 AM] (341) No source files found.
2024-07-02 11:35:18.229 [info] Auto-Indent enabled
2024-07-02 11:37:28.221 [info] Auto-Indent enabled
2024-07-02 11:37:28.222 [info] [Info  - 11:37:28 AM] (341) Setting pythonPath for service "DB_Provisionning": "/bin/python3"
2024-07-02 11:37:28.222 [info] [Info  - 11:37:28 AM] (341) Setting environmentName for service "DB_Provisionning": "3.8.10 (global)"
2024-07-02 11:37:28.250 [info] [Info  - 11:37:28 AM] (341) Assuming Python version 3.8.10.final.0
2024-07-02 11:37:28.414 [info] [Info  - 11:37:28 AM] (341) No source files found.
2024-07-02 11:37:28.415 [info] Auto-Indent enabled
2024-07-02 11:37:28.666 [info] Auto-Indent enabled
2024-07-02 11:37:28.666 [info] [Info  - 11:37:28 AM] (341) Setting pythonPath for service "DB_Provisionning": "/bin/python3"
2024-07-02 11:37:28.666 [info] [Info  - 11:37:28 AM] (341) Setting environmentName for service "DB_Provisionning": "3.8.10 (global)"
2024-07-02 11:37:28.734 [info] [Info  - 11:37:28 AM] (341) Assuming Python version 3.8.10.final.0
2024-07-02 11:37:28.928 [info] [Info  - 11:37:28 AM] (341) No source files found.
2024-07-02 11:37:28.929 [info] Auto-Indent enabled
2024-07-02 11:40:54.721 [info] Auto-Indent enabled
2024-07-02 11:40:54.722 [info] [Info  - 11:40:54 AM] (341) Setting pythonPath for service "DB_Provisionning": "/bin/python3"
2024-07-02 11:40:54.727 [info] [Info  - 11:40:54 AM] (341) Setting environmentName for service "DB_Provisionning": "3.8.10 (global)"
2024-07-02 11:40:54.765 [info] [Info  - 11:40:54 AM] (341) Assuming Python version 3.8.10.final.0
2024-07-02 11:40:55.103 [info] [Info  - 11:40:55 AM] (341) No source files found.
2024-07-02 11:40:55.105 [info] Auto-Indent enabled
2024-07-02 11:40:55.177 [info] Auto-Indent enabled
2024-07-02 11:40:55.178 [info] [Info  - 11:40:55 AM] (341) Setting pythonPath for service "DB_Provisionning": "/bin/python3"
2024-07-02 11:40:55.178 [info] [Info  - 11:40:55 AM] (341) Setting environmentName for service "DB_Provisionning": "3.8.10 (global)"
2024-07-02 11:40:55.411 [info] [Info  - 11:40:55 AM] (341) Assuming Python version 3.8.10.final.0
2024-07-02 11:40:55.576 [info] [Info  - 11:40:55 AM] (341) No source files found.
2024-07-02 11:40:55.578 [info] Auto-Indent enabled
2024-07-02 11:40:55.619 [info] Auto-Indent enabled
2024-07-02 11:40:55.619 [info] [Info  - 11:40:55 AM] (341) Setting pythonPath for service "DB_Provisionning": "/bin/python3"
2024-07-02 11:40:55.620 [info] [Info  - 11:40:55 AM] (341) Setting environmentName for service "DB_Provisionning": "3.8.10 (global)"
2024-07-02 11:40:55.745 [info] [Info  - 11:40:55 AM] (341) Assuming Python version 3.8.10.final.0
2024-07-02 11:40:55.959 [info] [Info  - 11:40:55 AM] (341) No source files found.
2024-07-02 11:40:55.960 [info] Auto-Indent enabled
2024-07-02 11:40:56.361 [info] Auto-Indent enabled
2024-07-02 11:40:56.362 [info] [Info  - 11:40:56 AM] (341) Setting pythonPath for service "DB_Provisionning": "/bin/python3"
2024-07-02 11:40:56.362 [info] [Info  - 11:40:56 AM] (341) Setting environmentName for service "DB_Provisionning": "3.8.10 (global)"
2024-07-02 11:40:56.401 [info] [Info  - 11:40:56 AM] (341) Assuming Python version 3.8.10.final.0
2024-07-02 11:40:56.789 [info] [Info  - 11:40:56 AM] (341) No source files found.
2024-07-02 11:40:56.792 [info] Auto-Indent enabled
2024-07-02 11:40:56.807 [info] Auto-Indent enabled
2024-07-02 11:40:56.808 [info] [Info  - 11:40:56 AM] (341) Setting pythonPath for service "DB_Provisionning": "/bin/python3"
2024-07-02 11:40:56.808 [info] [Info  - 11:40:56 AM] (341) Setting environmentName for service "DB_Provisionning": "3.8.10 (global)"
2024-07-02 11:40:56.969 [info] [Info  - 11:40:56 AM] (341) Assuming Python version 3.8.10.final.0
2024-07-02 11:40:57.223 [info] [Info  - 11:40:57 AM] (341) No source files found.
2024-07-02 11:40:57.230 [info] Auto-Indent enabled
2024-07-02 11:41:00.339 [info] Auto-Indent enabled
2024-07-02 11:41:00.341 [info] [Info  - 11:41:00 AM] (341) Setting pythonPath for service "DB_Provisionning": "/bin/python3"
2024-07-02 11:41:00.342 [info] [Info  - 11:41:00 AM] (341) Setting environmentName for service "DB_Provisionning": "3.8.10 (global)"
2024-07-02 11:41:00.365 [info] [Info  - 11:41:00 AM] (341) Assuming Python version 3.8.10.final.0
2024-07-02 11:41:00.528 [info] [Info  - 11:41:00 AM] (341) No source files found.
2024-07-02 11:41:00.529 [info] Auto-Indent enabled
2024-07-02 11:41:01.397 [info] Auto-Indent enabled
2024-07-02 11:41:01.399 [info] [Info  - 11:41:01 AM] (341) Setting pythonPath for service "DB_Provisionning": "/bin/python3"
2024-07-02 11:41:01.399 [info] [Info  - 11:41:01 AM] (341) Setting environmentName for service "DB_Provisionning": "3.8.10 (global)"
2024-07-02 11:41:01.435 [info] [Info  - 11:41:01 AM] (341) Assuming Python version 3.8.10.final.0
2024-07-02 11:41:01.654 [info] [Info  - 11:41:01 AM] (341) No source files found.
2024-07-02 11:41:01.655 [info] Auto-Indent enabled
2024-07-02 11:41:09.090 [info] Auto-Indent enabled
2024-07-02 11:41:09.090 [info] [Info  - 11:41:09 AM] (341) Setting pythonPath for service "DB_Provisionning": "/bin/python3"
2024-07-02 11:41:09.090 [info] [Info  - 11:41:09 AM] (341) Setting environmentName for service "DB_Provisionning": "3.8.10 (global)"
2024-07-02 11:41:09.115 [info] [Info  - 11:41:09 AM] (341) Assuming Python version 3.8.10.final.0
2024-07-02 11:41:09.279 [info] [Info  - 11:41:09 AM] (341) No source files found.
2024-07-02 11:41:09.280 [info] Auto-Indent enabled
2024-07-02 11:41:11.554 [info] Auto-Indent enabled
2024-07-02 11:41:11.555 [info] [Info  - 11:41:11 AM] (341) Setting pythonPath for service "DB_Provisionning": "/bin/python3"
2024-07-02 11:41:11.559 [info] [Info  - 11:41:11 AM] (341) Setting environmentName for service "DB_Provisionning": "3.8.10 (global)"
2024-07-02 11:41:11.588 [info] [Info  - 11:41:11 AM] (341) Assuming Python version 3.8.10.final.0
2024-07-02 11:41:11.735 [info] [Info  - 11:41:11 AM] (341) No source files found.
2024-07-02 11:41:11.736 [info] Auto-Indent enabled
2024-07-02 11:41:14.215 [info] Auto-Indent enabled
2024-07-02 11:41:14.219 [info] [Info  - 11:41:14 AM] (341) Setting pythonPath for service "DB_Provisionning": "/bin/python3"
2024-07-02 11:41:14.219 [info] [Info  - 11:41:14 AM] (341) Setting environmentName for service "DB_Provisionning": "3.8.10 (global)"
2024-07-02 11:41:14.249 [info] [Info  - 11:41:14 AM] (341) Assuming Python version 3.8.10.final.0
2024-07-02 11:41:14.407 [info] [Info  - 11:41:14 AM] (341) No source files found.
2024-07-02 11:41:14.408 [info] Auto-Indent enabled
2024-07-02 11:42:47.031 [info] Auto-Indent enabled
2024-07-02 11:42:47.031 [info] [Info  - 11:42:47 AM] (341) Setting pythonPath for service "DB_Provisionning": "/bin/python3"
2024-07-02 11:42:47.031 [info] [Info  - 11:42:47 AM] (341) Setting environmentName for service "DB_Provisionning": "3.8.10 (global)"
2024-07-02 11:42:47.055 [info] [Info  - 11:42:47 AM] (341) Assuming Python version 3.8.10.final.0
2024-07-02 11:42:47.242 [info] [Info  - 11:42:47 AM] (341) No source files found.
2024-07-02 11:42:47.244 [info] Auto-Indent enabled
2024-07-02 11:42:47.392 [info] Auto-Indent enabled
2024-07-02 11:42:47.392 [info] [Info  - 11:42:47 AM] (341) Setting pythonPath for service "DB_Provisionning": "/bin/python3"
2024-07-02 11:42:47.392 [info] [Info  - 11:42:47 AM] (341) Setting environmentName for service "DB_Provisionning": "3.8.10 (global)"
2024-07-02 11:42:47.419 [info] [Info  - 11:42:47 AM] (341) Assuming Python version 3.8.10.final.0
2024-07-02 11:42:47.654 [info] [Info  - 11:42:47 AM] (341) No source files found.
2024-07-02 11:42:47.776 [info] Auto-Indent enabled
2024-07-02 11:42:47.844 [info] Auto-Indent enabled
2024-07-02 11:42:47.848 [info] [Info  - 11:42:47 AM] (341) Setting pythonPath for service "DB_Provisionning": "/bin/python3"
2024-07-02 11:42:47.849 [info] [Info  - 11:42:47 AM] (341) Setting environmentName for service "DB_Provisionning": "3.8.10 (global)"
2024-07-02 11:42:47.855 [info] [Info  - 11:42:47 AM] (341) Assuming Python version 3.8.10.final.0
2024-07-02 11:42:48.163 [info] [Info  - 11:42:48 AM] (341) No source files found.
2024-07-02 11:42:48.164 [info] Auto-Indent enabled
2024-07-02 11:42:48.193 [info] Auto-Indent enabled
2024-07-02 11:42:48.194 [info] [Info  - 11:42:48 AM] (341) Setting pythonPath for service "DB_Provisionning": "/bin/python3"
2024-07-02 11:42:48.194 [info] [Info  - 11:42:48 AM] (341) Setting environmentName for service "DB_Provisionning": "3.8.10 (global)"
2024-07-02 11:42:48.401 [info] [Info  - 11:42:48 AM] (341) Assuming Python version 3.8.10.final.0
2024-07-02 11:42:48.501 [info] [Info  - 11:42:48 AM] (341) No source files found.
2024-07-02 11:42:48.503 [info] Auto-Indent enabled
2024-07-02 11:42:48.528 [info] Auto-Indent enabled
2024-07-02 11:42:48.529 [info] [Info  - 11:42:48 AM] (341) Setting pythonPath for service "DB_Provisionning": "/bin/python3"
2024-07-02 11:42:48.529 [info] [Info  - 11:42:48 AM] (341) Setting environmentName for service "DB_Provisionning": "3.8.10 (global)"
2024-07-02 11:42:48.568 [info] [Info  - 11:42:48 AM] (341) Assuming Python version 3.8.10.final.0
2024-07-02 11:42:48.758 [info] [Info  - 11:42:48 AM] (341) No source files found.
2024-07-02 11:42:48.759 [info] Auto-Indent enabled
2024-07-02 11:42:49.211 [info] Auto-Indent enabled
2024-07-02 11:42:49.211 [info] [Info  - 11:42:49 AM] (341) Setting pythonPath for service "DB_Provisionning": "/bin/python3"
2024-07-02 11:42:49.214 [info] [Info  - 11:42:49 AM] (341) Setting environmentName for service "DB_Provisionning": "3.8.10 (global)"
2024-07-02 11:42:49.246 [info] [Info  - 11:42:49 AM] (341) Assuming Python version 3.8.10.final.0
2024-07-02 11:42:49.534 [info] [Info  - 11:42:49 AM] (341) No source files found.
2024-07-02 11:42:49.538 [info] Auto-Indent enabled
2024-07-02 11:42:49.549 [info] Auto-Indent enabled
2024-07-02 11:42:49.549 [info] [Info  - 11:42:49 AM] (341) Setting pythonPath for service "DB_Provisionning": "/bin/python3"
2024-07-02 11:42:49.549 [info] [Info  - 11:42:49 AM] (341) Setting environmentName for service "DB_Provisionning": "3.8.10 (global)"
2024-07-02 11:42:49.594 [info] [Info  - 11:42:49 AM] (341) Assuming Python version 3.8.10.final.0
2024-07-02 11:42:49.990 [info] [Info  - 11:42:49 AM] (341) No source files found.
2024-07-02 11:42:50.000 [info] Auto-Indent enabled
2024-07-02 11:42:50.054 [info] Auto-Indent enabled
2024-07-02 11:42:50.055 [info] [Info  - 11:42:50 AM] (341) Setting pythonPath for service "DB_Provisionning": "/bin/python3"
2024-07-02 11:42:50.062 [info] [Info  - 11:42:50 AM] (341) Setting environmentName for service "DB_Provisionning": "3.8.10 (global)"
2024-07-02 11:42:50.096 [info] [Info  - 11:42:50 AM] (341) Assuming Python version 3.8.10.final.0
2024-07-02 11:42:50.387 [info] [Info  - 11:42:50 AM] (341) No source files found.
2024-07-02 11:42:50.388 [info] Auto-Indent enabled
2024-07-02 11:42:50.399 [info] Auto-Indent enabled
2024-07-02 11:42:50.400 [info] [Info  - 11:42:50 AM] (341) Setting pythonPath for service "DB_Provisionning": "/bin/python3"
2024-07-02 11:42:50.400 [info] [Info  - 11:42:50 AM] (341) Setting environmentName for service "DB_Provisionning": "3.8.10 (global)"
2024-07-02 11:42:50.431 [info] [Info  - 11:42:50 AM] (341) Assuming Python version 3.8.10.final.0
2024-07-02 11:42:50.624 [info] [Info  - 11:42:50 AM] (341) No source files found.
2024-07-02 11:42:50.625 [info] Auto-Indent enabled
2024-07-02 11:42:55.676 [info] Auto-Indent enabled
2024-07-02 11:42:55.677 [info] [Info  - 11:42:55 AM] (341) Setting pythonPath for service "DB_Provisionning": "/bin/python3"
2024-07-02 11:42:55.677 [info] [Info  - 11:42:55 AM] (341) Setting environmentName for service "DB_Provisionning": "3.8.10 (global)"
2024-07-02 11:42:55.716 [info] [Info  - 11:42:55 AM] (341) Assuming Python version 3.8.10.final.0
2024-07-02 11:42:55.862 [info] [Info  - 11:42:55 AM] (341) No source files found.
2024-07-02 11:42:55.862 [info] Auto-Indent enabled
2024-07-02 11:42:56.693 [info] Auto-Indent enabled
2024-07-02 11:42:56.701 [info] [Info  - 11:42:56 AM] (341) Setting pythonPath for service "DB_Provisionning": "/bin/python3"
2024-07-02 11:42:56.702 [info] [Info  - 11:42:56 AM] (341) Setting environmentName for service "DB_Provisionning": "3.8.10 (global)"
2024-07-02 11:42:56.729 [info] [Info  - 11:42:56 AM] (341) Assuming Python version 3.8.10.final.0
2024-07-02 11:42:56.947 [info] [Info  - 11:42:56 AM] (341) No source files found.
2024-07-02 11:42:56.948 [info] Auto-Indent enabled
2024-07-02 11:42:58.094 [info] Auto-Indent enabled
2024-07-02 11:42:58.095 [info] [Info  - 11:42:58 AM] (341) Setting pythonPath for service "DB_Provisionning": "/bin/python3"
2024-07-02 11:42:58.095 [info] [Info  - 11:42:58 AM] (341) Setting environmentName for service "DB_Provisionning": "3.8.10 (global)"
2024-07-02 11:42:58.127 [info] [Info  - 11:42:58 AM] (341) Assuming Python version 3.8.10.final.0
2024-07-02 11:42:58.361 [info] [Info  - 11:42:58 AM] (341) No source files found.
2024-07-02 11:42:58.364 [info] Auto-Indent enabled
2024-07-02 11:43:02.901 [info] Auto-Indent enabled
2024-07-02 11:43:02.902 [info] [Info  - 11:43:02 AM] (341) Setting pythonPath for service "DB_Provisionning": "/bin/python3"
2024-07-02 11:43:02.902 [info] [Info  - 11:43:02 AM] (341) Setting environmentName for service "DB_Provisionning": "3.8.10 (global)"
2024-07-02 11:43:02.933 [info] [Info  - 11:43:02 AM] (341) Assuming Python version 3.8.10.final.0
2024-07-02 11:43:03.220 [info] [Info  - 11:43:03 AM] (341) No source files found.
2024-07-02 11:43:03.222 [info] Auto-Indent enabled
2024-07-02 11:43:03.431 [info] Auto-Indent enabled
2024-07-02 11:43:03.431 [info] [Info  - 11:43:03 AM] (341) Setting pythonPath for service "DB_Provisionning": "/bin/python3"
2024-07-02 11:43:03.431 [info] [Info  - 11:43:03 AM] (341) Setting environmentName for service "DB_Provisionning": "3.8.10 (global)"
2024-07-02 11:43:03.460 [info] [Info  - 11:43:03 AM] (341) Assuming Python version 3.8.10.final.0
2024-07-02 11:43:03.694 [info] [Info  - 11:43:03 AM] (341) No source files found.
2024-07-02 11:43:03.695 [info] Auto-Indent enabled
