2024-06-26 07:40:27.437 [info] (Client) Pylance async client (2024.6.1) started with python extension (2024.8.1)
2024-06-26 07:40:27.990 [info] [Info  - 7:40:27 AM] (388) Pylance language server 2024.6.1 (pyright version 1.1.364, commit 0618acc5) starting
2024-06-26 07:40:27.990 [info] [Info  - 7:40:27 AM] (388) Server root directory: file:///home/ndao/.vscode-server/extensions/ms-python.vscode-pylance-2024.6.1/dist
2024-06-26 07:40:28.006 [info] [Info  - 7:40:28 AM] (388) Starting service instance "ndao"
2024-06-26 07:40:28.040 [info] Auto-Indent enabled
2024-06-26 07:40:28.059 [info] Auto-Indent enabled
2024-06-26 07:40:28.061 [info] [Info  - 7:40:28 AM] (388) Setting pythonPath for service "ndao": "/bin/python3"
2024-06-26 07:40:28.061 [info] [Info  - 7:40:28 AM] (388) Setting environmentName for service "ndao": "3.8.10 (global)"
2024-06-26 07:40:28.098 [info] [Info  - 7:40:28 AM] (388) Assuming Python version 3.8.10.final.0
2024-06-26 07:40:28.483 [info] [Info  - 7:40:28 AM] (388) No source files found.
2024-06-26 07:40:28.499 [info] Auto-Indent enabled
2024-06-26 07:40:28.824 [info] [Info  - 7:40:28 AM] (388) Background analysis(1) root directory: file:///home/ndao/.vscode-server/extensions/ms-python.vscode-pylance-2024.6.1/dist
2024-06-26 07:40:28.824 [info] [Info  - 7:40:28 AM] (388) Background analysis(1) started
2024-06-26 08:35:21.254 [info] Auto-Indent enabled
2024-06-26 08:35:21.255 [info] [Info  - 8:35:21 AM] (388) Setting pythonPath for service "ndao": "/bin/python3"
2024-06-26 08:35:21.255 [info] [Info  - 8:35:21 AM] (388) Setting environmentName for service "ndao": "3.8.10 (global)"
2024-06-26 08:35:21.523 [info] [Info  - 8:35:21 AM] (388) Assuming Python version 3.8.10.final.0
2024-06-26 08:35:21.840 [info] [Info  - 8:35:21 AM] (388) No source files found.
2024-06-26 08:35:21.854 [info] Auto-Indent enabled
2024-06-26 08:35:22.613 [info] Auto-Indent enabled
2024-06-26 08:35:22.614 [info] [Info  - 8:35:22 AM] (388) Setting pythonPath for service "ndao": "/bin/python3"
2024-06-26 08:35:22.614 [info] [Info  - 8:35:22 AM] (388) Setting environmentName for service "ndao": "3.8.10 (global)"
2024-06-26 08:35:22.736 [info] [Info  - 8:35:22 AM] (388) Assuming Python version 3.8.10.final.0
2024-06-26 08:35:23.254 [info] [Info  - 8:35:23 AM] (388) No source files found.
2024-06-26 08:35:23.255 [info] Auto-Indent enabled
2024-06-26 08:53:04.064 [info] Auto-Indent enabled
2024-06-26 08:53:04.065 [info] [Info  - 8:53:04 AM] (388) Setting pythonPath for service "ndao": "/bin/python3"
2024-06-26 08:53:04.065 [info] [Info  - 8:53:04 AM] (388) Setting environmentName for service "ndao": "3.8.10 (global)"
2024-06-26 08:53:04.149 [info] [Info  - 8:53:04 AM] (388) Assuming Python version 3.8.10.final.0
2024-06-26 08:53:04.470 [info] [Info  - 8:53:04 AM] (388) No source files found.
2024-06-26 08:53:04.472 [info] Auto-Indent enabled
2024-06-26 08:53:05.265 [info] Auto-Indent enabled
2024-06-26 08:53:05.266 [info] [Info  - 8:53:05 AM] (388) Setting pythonPath for service "ndao": "/bin/python3"
2024-06-26 08:53:05.267 [info] [Info  - 8:53:05 AM] (388) Setting environmentName for service "ndao": "3.8.10 (global)"
2024-06-26 08:53:05.391 [info] [Info  - 8:53:05 AM] (388) Assuming Python version 3.8.10.final.0
2024-06-26 08:53:05.694 [info] [Info  - 8:53:05 AM] (388) No source files found.
2024-06-26 08:53:05.706 [info] Auto-Indent enabled
2024-06-26 08:53:06.358 [info] Auto-Indent enabled
2024-06-26 08:53:06.359 [info] [Info  - 8:53:06 AM] (388) Setting pythonPath for service "ndao": "/bin/python3"
2024-06-26 08:53:06.359 [info] [Info  - 8:53:06 AM] (388) Setting environmentName for service "ndao": "3.8.10 (global)"
2024-06-26 08:53:06.761 [info] [Info  - 8:53:06 AM] (388) Assuming Python version 3.8.10.final.0
2024-06-26 08:53:07.356 [info] [Info  - 8:53:07 AM] (388) No source files found.
2024-06-26 08:53:07.414 [info] Auto-Indent enabled
2024-06-26 08:53:07.462 [info] Auto-Indent enabled
2024-06-26 08:53:07.462 [info] [Info  - 8:53:07 AM] (388) Setting pythonPath for service "ndao": "/bin/python3"
2024-06-26 08:53:07.463 [info] [Info  - 8:53:07 AM] (388) Setting environmentName for service "ndao": "3.8.10 (global)"
2024-06-26 08:53:07.728 [info] [Info  - 8:53:07 AM] (388) Assuming Python version 3.8.10.final.0
2024-06-26 08:53:08.060 [info] [Info  - 8:53:08 AM] (388) No source files found.
2024-06-26 08:53:08.062 [info] Auto-Indent enabled
2024-06-26 08:53:08.071 [info] Auto-Indent enabled
2024-06-26 08:53:08.071 [info] [Info  - 8:53:08 AM] (388) Setting pythonPath for service "ndao": "/bin/python3"
2024-06-26 08:53:08.072 [info] [Info  - 8:53:08 AM] (388) Setting environmentName for service "ndao": "3.8.10 (global)"
2024-06-26 08:53:08.117 [info] [Info  - 8:53:08 AM] (388) Assuming Python version 3.8.10.final.0
2024-06-26 08:53:08.491 [info] [Info  - 8:53:08 AM] (388) No source files found.
2024-06-26 08:53:08.494 [info] Auto-Indent enabled
2024-06-26 08:57:50.276 [info] Auto-Indent enabled
2024-06-26 08:57:50.277 [info] [Info  - 8:57:50 AM] (388) Setting pythonPath for service "ndao": "/bin/python3"
2024-06-26 08:57:50.277 [info] [Info  - 8:57:50 AM] (388) Setting environmentName for service "ndao": "3.8.10 (global)"
2024-06-26 08:57:50.278 [info] [Info  - 8:57:50 AM] (388) Assuming Python version 3.8.10.final.0
2024-06-26 08:57:50.499 [info] [Info  - 8:57:50 AM] (388) No source files found.
2024-06-26 08:57:50.500 [info] Auto-Indent enabled
2024-06-26 09:11:15.624 [info] Auto-Indent enabled
2024-06-26 09:11:15.625 [info] [Info  - 9:11:15 AM] (388) Setting pythonPath for service "ndao": "/bin/python3"
2024-06-26 09:11:15.625 [info] [Info  - 9:11:15 AM] (388) Setting environmentName for service "ndao": "3.8.10 (global)"
2024-06-26 09:11:15.695 [info] [Info  - 9:11:15 AM] (388) Assuming Python version 3.8.10.final.0
2024-06-26 09:11:15.906 [info] [Info  - 9:11:15 AM] (388) No source files found.
2024-06-26 09:11:15.907 [info] Auto-Indent enabled
2024-06-26 09:11:16.495 [info] Auto-Indent enabled
2024-06-26 09:11:16.569 [info] [Info  - 9:11:16 AM] (388) Setting pythonPath for service "ndao": "/bin/python3"
2024-06-26 09:11:16.569 [info] [Info  - 9:11:16 AM] (388) Setting environmentName for service "ndao": "3.8.10 (global)"
2024-06-26 09:11:16.569 [info] [Info  - 9:11:16 AM] (388) Assuming Python version 3.8.10.final.0
2024-06-26 09:11:16.772 [info] [Info  - 9:11:16 AM] (388) No source files found.
2024-06-26 09:11:16.773 [info] Auto-Indent enabled
2024-06-26 09:39:07.336 [info] Auto-Indent enabled
2024-06-26 09:39:07.341 [info] [Info  - 9:39:07 AM] (388) Setting pythonPath for service "ndao": "/bin/python3"
2024-06-26 09:39:07.341 [info] [Info  - 9:39:07 AM] (388) Setting environmentName for service "ndao": "3.8.10 (global)"
2024-06-26 09:39:07.373 [info] [Info  - 9:39:07 AM] (388) Assuming Python version 3.8.10.final.0
2024-06-26 09:39:07.585 [info] [Info  - 9:39:07 AM] (388) No source files found.
2024-06-26 09:39:07.588 [info] Auto-Indent enabled
2024-06-26 09:39:08.431 [info] Auto-Indent enabled
2024-06-26 09:39:08.431 [info] [Info  - 9:39:08 AM] (388) Setting pythonPath for service "ndao": "/bin/python3"
2024-06-26 09:39:08.432 [info] [Info  - 9:39:08 AM] (388) Setting environmentName for service "ndao": "3.8.10 (global)"
2024-06-26 09:39:08.494 [info] [Info  - 9:39:08 AM] (388) Assuming Python version 3.8.10.final.0
2024-06-26 09:39:08.739 [info] [Info  - 9:39:08 AM] (388) No source files found.
2024-06-26 09:39:08.740 [info] Auto-Indent enabled
2024-06-26 10:07:40.132 [info] Auto-Indent enabled
2024-06-26 10:07:40.137 [info] [Info  - 10:07:40 AM] (388) Setting pythonPath for service "ndao": "/bin/python3"
2024-06-26 10:07:40.138 [info] [Info  - 10:07:40 AM] (388) Setting environmentName for service "ndao": "3.8.10 (global)"
2024-06-26 10:07:40.192 [info] [Info  - 10:07:40 AM] (388) Assuming Python version 3.8.10.final.0
2024-06-26 10:07:40.535 [info] [Info  - 10:07:40 AM] (388) No source files found.
2024-06-26 10:07:40.537 [info] Auto-Indent enabled
2024-06-26 10:07:42.513 [info] Auto-Indent enabled
2024-06-26 10:07:42.514 [info] [Info  - 10:07:42 AM] (388) Setting pythonPath for service "ndao": "/bin/python3"
2024-06-26 10:07:42.515 [info] [Info  - 10:07:42 AM] (388) Setting environmentName for service "ndao": "3.8.10 (global)"
2024-06-26 10:07:42.665 [info] [Info  - 10:07:42 AM] (388) Assuming Python version 3.8.10.final.0
2024-06-26 10:07:42.941 [info] [Info  - 10:07:42 AM] (388) No source files found.
2024-06-26 10:07:42.943 [info] Auto-Indent enabled
2024-06-26 10:09:10.438 [info] Auto-Indent enabled
2024-06-26 10:09:10.439 [info] [Info  - 10:09:10 AM] (388) Setting pythonPath for service "ndao": "/bin/python3"
2024-06-26 10:09:10.439 [info] [Info  - 10:09:10 AM] (388) Setting environmentName for service "ndao": "3.8.10 (global)"
2024-06-26 10:09:10.533 [info] [Info  - 10:09:10 AM] (388) Assuming Python version 3.8.10.final.0
2024-06-26 10:09:10.956 [info] [Info  - 10:09:10 AM] (388) No source files found.
2024-06-26 10:09:10.958 [info] Auto-Indent enabled
2024-06-26 10:09:26.332 [info] Auto-Indent enabled
2024-06-26 10:09:26.332 [info] [Info  - 10:09:26 AM] (388) Setting pythonPath for service "ndao": "/bin/python3"
2024-06-26 10:09:26.332 [info] [Info  - 10:09:26 AM] (388) Setting environmentName for service "ndao": "3.8.10 (global)"
2024-06-26 10:09:26.397 [info] [Info  - 10:09:26 AM] (388) Assuming Python version 3.8.10.final.0
2024-06-26 10:09:26.828 [info] [Info  - 10:09:26 AM] (388) No source files found.
2024-06-26 10:09:26.830 [info] Auto-Indent enabled
