2024-07-03 07:25:57.841 [info] Log level: Info
2024-07-03 07:25:57.841 [info] Validating found git in: "git"
2024-07-03 07:25:57.841 [info] Using git "2.25.1" from "git"
2024-07-03 07:25:57.841 [info] > git rev-parse --show-toplevel [125ms]
2024-07-03 07:25:57.841 [info] > git rev-parse --git-dir --git-common-dir [8ms]
2024-07-03 07:25:57.841 [info] Open repository: /home/ndao/DB_Provisionning
2024-07-03 07:25:57.851 [info] > git rev-parse --show-toplevel [3ms]
2024-07-03 07:25:57.852 [info] > git config --get commit.template [6ms]
2024-07-03 07:25:57.896 [info] > git rev-parse --show-toplevel [40ms]
2024-07-03 07:25:57.905 [info] > git for-each-ref --format=%(refname)%00%(upstream:short)%00%(objectname)%00%(upstream:track)%00%(upstream:remotename)%00%(upstream:remoteref) refs/heads/dev refs/remotes/dev [12ms]
2024-07-03 07:25:57.910 [info] > git rev-parse --show-toplevel [11ms]
2024-07-03 07:25:57.956 [info] > git status -z -uall [5ms]
2024-07-03 07:25:57.982 [info] > git merge-base refs/heads/dev refs/remotes/origin/dev [23ms]
2024-07-03 07:25:57.987 [info] > git config --get commit.template [12ms]
2024-07-03 07:25:57.995 [info] > git rev-list --count --left-right refs/heads/dev...refs/remotes/origin/dev [11ms]
2024-07-03 07:25:58.001 [info] > git for-each-ref --format=%(refname)%00%(upstream:short)%00%(objectname)%00%(upstream:track)%00%(upstream:remotename)%00%(upstream:remoteref) refs/heads/dev refs/remotes/dev [6ms]
2024-07-03 07:25:58.009 [info] > git diff --name-status -z --diff-filter=ADMR 85223fd23939a38ec8355fa12a901e37f2887c12...refs/remotes/origin/dev [11ms]
2024-07-03 07:25:58.067 [info] > git status -z -uall [48ms]
2024-07-03 07:25:58.400 [info] > git check-ignore -v -z --stdin [3ms]
2024-07-03 07:25:58.542 [info] > git show --textconv :mysql_setup/sql_setup.yml [12ms]
2024-07-03 07:25:58.542 [info] > git ls-files --stage -- /home/ndao/DB_Provisionning/mysql_setup/sql_setup.yml [9ms]
2024-07-03 07:25:58.547 [info] > git cat-file -s 73e44764a4cf17aefc14e907a3bd097c2cfed34e [2ms]
2024-07-03 07:42:46.656 [info] > git show --textconv :mysql_setup/sql_loop.yml [10ms]
2024-07-03 07:42:46.658 [info] > git ls-files --stage -- /home/ndao/DB_Provisionning/mysql_setup/sql_loop.yml [4ms]
2024-07-03 07:42:46.666 [info] > git cat-file -s 69863c4a6c1d7e17bbecb6b2a64799f7f288a876 [3ms]
2024-07-03 07:42:48.450 [info] > git ls-files --stage -- /home/ndao/DB_Provisionning/mysql_setup/mysql_setup.yml [1ms]
2024-07-03 07:42:48.453 [info] > git show --textconv :mysql_setup/mysql_setup.yml [5ms]
2024-07-03 07:42:48.453 [info] > git cat-file -s b0c0182d0f074e8bc34b449d44c1e61c30147957 [1ms]
2024-07-03 07:42:49.556 [info] > git show --textconv :mysql_setup/sql_setup.yml [4ms]
2024-07-03 07:42:49.557 [info] > git ls-files --stage -- /home/ndao/DB_Provisionning/mysql_setup/sql_setup.yml [2ms]
2024-07-03 07:42:49.561 [info] > git cat-file -s 73e44764a4cf17aefc14e907a3bd097c2cfed34e [1ms]
2024-07-03 08:13:10.016 [info] > git for-each-ref --sort -committerdate --format %(refname) %(objectname) %(*objectname) [3ms]
2024-07-03 08:20:42.639 [info] > git config --get commit.template [3ms]
2024-07-03 08:20:42.639 [info] > git for-each-ref --format=%(refname)%00%(upstream:short)%00%(objectname)%00%(upstream:track)%00%(upstream:remotename)%00%(upstream:remoteref) refs/heads/dev refs/remotes/dev [2ms]
2024-07-03 08:20:42.643 [info] > git status -z -uall [1ms]
2024-07-03 08:24:56.992 [info] > git config --get commit.template [3ms]
2024-07-03 08:24:56.992 [info] > git for-each-ref --format=%(refname)%00%(upstream:short)%00%(objectname)%00%(upstream:track)%00%(upstream:remotename)%00%(upstream:remoteref) refs/heads/dev refs/remotes/dev [1ms]
2024-07-03 08:24:56.997 [info] > git status -z -uall [2ms]
2024-07-03 08:28:44.786 [info] > git config --get commit.template [3ms]
2024-07-03 08:28:44.786 [info] > git for-each-ref --format=%(refname)%00%(upstream:short)%00%(objectname)%00%(upstream:track)%00%(upstream:remotename)%00%(upstream:remoteref) refs/heads/dev refs/remotes/dev [1ms]
2024-07-03 08:28:44.792 [info] > git status -z -uall [1ms]
2024-07-03 08:29:51.435 [info] > git config --get commit.template [2ms]
2024-07-03 08:29:51.445 [info] > git for-each-ref --format=%(refname)%00%(upstream:short)%00%(objectname)%00%(upstream:track)%00%(upstream:remotename)%00%(upstream:remoteref) refs/heads/dev refs/remotes/dev [5ms]
2024-07-03 08:29:51.446 [info] > git ls-files --stage -- /home/ndao/DB_Provisionning/mysql_setup/sql_setup.yml [3ms]
2024-07-03 08:29:51.451 [info] > git cat-file -s a5cf1e25108b77df90463949637bb4a40f10e82d [1ms]
2024-07-03 08:29:51.460 [info] > git status -z -uall [6ms]
2024-07-03 08:29:51.467 [info] > git show --textconv :mysql_setup/sql_setup.yml [8ms]
2024-07-03 08:29:51.467 [info] > git merge-base refs/heads/dev refs/remotes/origin/dev [4ms]
2024-07-03 08:29:51.471 [info] > git rev-list --count --left-right refs/heads/dev...refs/remotes/origin/dev [1ms]
2024-07-03 08:29:51.475 [info] > git diff --name-status -z --diff-filter=ADMR 722aad002f2b294df0a1690c0385fcf440ad4a5d...refs/remotes/origin/dev [1ms]
2024-07-03 10:08:03.487 [info] > git show --textconv :mysql_setup/mysql_setup.yml [2ms]
2024-07-03 10:08:03.488 [info] > git ls-files --stage -- /home/ndao/DB_Provisionning/mysql_setup/mysql_setup.yml [1ms]
2024-07-03 10:08:03.491 [info] > git cat-file -s b0c0182d0f074e8bc34b449d44c1e61c30147957 [1ms]
2024-07-03 10:08:18.556 [info] > git show --textconv :mysql_setup/sql_loop.yml [3ms]
2024-07-03 10:08:18.557 [info] > git ls-files --stage -- /home/ndao/DB_Provisionning/mysql_setup/sql_loop.yml [1ms]
2024-07-03 10:08:18.562 [info] > git cat-file -s 69863c4a6c1d7e17bbecb6b2a64799f7f288a876 [1ms]
2024-07-03 10:09:09.022 [info] > git show --textconv :mysql_setup/sql_setup.yml [5ms]
2024-07-03 10:09:09.022 [info] > git ls-files --stage -- /home/ndao/DB_Provisionning/mysql_setup/sql_setup.yml [1ms]
2024-07-03 10:09:09.026 [info] > git cat-file -s a5cf1e25108b77df90463949637bb4a40f10e82d [1ms]
2024-07-03 10:09:31.339 [info] > git show --textconv :mysql_setup/sql_loop.yml [7ms]
2024-07-03 10:09:31.341 [info] > git ls-files --stage -- /home/ndao/DB_Provisionning/mysql_setup/sql_loop.yml [4ms]
2024-07-03 10:09:31.347 [info] > git cat-file -s 69863c4a6c1d7e17bbecb6b2a64799f7f288a876 [2ms]
2024-07-03 10:09:38.305 [info] > git show --textconv :mysql_setup/mysql_setup.yml [3ms]
2024-07-03 10:09:38.306 [info] > git ls-files --stage -- /home/ndao/DB_Provisionning/mysql_setup/mysql_setup.yml [1ms]
2024-07-03 10:09:38.311 [info] > git cat-file -s b0c0182d0f074e8bc34b449d44c1e61c30147957 [2ms]
2024-07-03 10:09:41.222 [info] > git show --textconv :mysql_setup/sql_loop.yml [3ms]
2024-07-03 10:09:41.223 [info] > git ls-files --stage -- /home/ndao/DB_Provisionning/mysql_setup/sql_loop.yml [2ms]
2024-07-03 10:09:41.229 [info] > git cat-file -s 69863c4a6c1d7e17bbecb6b2a64799f7f288a876 [2ms]
2024-07-03 10:09:59.448 [info] > git show --textconv :mysql_setup/sql_setup.yml [5ms]
2024-07-03 10:09:59.449 [info] > git ls-files --stage -- /home/ndao/DB_Provisionning/mysql_setup/sql_setup.yml [3ms]
2024-07-03 10:09:59.453 [info] > git cat-file -s a5cf1e25108b77df90463949637bb4a40f10e82d [2ms]
2024-07-03 10:10:04.156 [info] > git show --textconv :mysql_setup/sql_loop.yml [4ms]
2024-07-03 10:10:04.158 [info] > git ls-files --stage -- /home/ndao/DB_Provisionning/mysql_setup/sql_loop.yml [2ms]
2024-07-03 10:10:04.162 [info] > git cat-file -s 69863c4a6c1d7e17bbecb6b2a64799f7f288a876 [1ms]
2024-07-03 10:10:05.699 [info] > git show --textconv :mysql_setup/sql_setup.yml [3ms]
2024-07-03 10:10:05.700 [info] > git ls-files --stage -- /home/ndao/DB_Provisionning/mysql_setup/sql_setup.yml [1ms]
2024-07-03 10:10:05.703 [info] > git cat-file -s a5cf1e25108b77df90463949637bb4a40f10e82d [1ms]
2024-07-03 10:10:31.277 [info] > git show --textconv :mysql_setup/sql_loop.yml [4ms]
2024-07-03 10:10:31.277 [info] > git ls-files --stage -- /home/ndao/DB_Provisionning/mysql_setup/sql_loop.yml [1ms]
2024-07-03 10:10:31.280 [info] > git cat-file -s 69863c4a6c1d7e17bbecb6b2a64799f7f288a876 [0ms]
2024-07-03 10:10:37.364 [info] > git show --textconv :mysql_setup/sql_setup.yml [5ms]
2024-07-03 10:10:37.365 [info] > git ls-files --stage -- /home/ndao/DB_Provisionning/mysql_setup/sql_setup.yml [2ms]
2024-07-03 10:10:37.373 [info] > git cat-file -s a5cf1e25108b77df90463949637bb4a40f10e82d [3ms]
2024-07-03 10:10:56.705 [info] > git config --get commit.template [4ms]
2024-07-03 10:10:56.706 [info] > git for-each-ref --format=%(refname)%00%(upstream:short)%00%(objectname)%00%(upstream:track)%00%(upstream:remotename)%00%(upstream:remoteref) refs/heads/dev refs/remotes/dev [2ms]
2024-07-03 10:10:56.717 [info] > git status -z -uall [2ms]
2024-07-03 10:10:56.885 [info] > git show --textconv :mysql_setup/sql_loop.yml [5ms]
2024-07-03 10:10:56.889 [info] > git ls-files --stage -- /home/ndao/DB_Provisionning/mysql_setup/sql_loop.yml [5ms]
2024-07-03 10:10:56.895 [info] > git cat-file -s 69863c4a6c1d7e17bbecb6b2a64799f7f288a876 [4ms]
2024-07-03 10:11:10.874 [info] > git config --get commit.template [7ms]
2024-07-03 10:11:10.874 [info] > git for-each-ref --format=%(refname)%00%(upstream:short)%00%(objectname)%00%(upstream:track)%00%(upstream:remotename)%00%(upstream:remoteref) refs/heads/dev refs/remotes/dev [2ms]
2024-07-03 10:11:10.880 [info] > git status -z -uall [1ms]
2024-07-03 10:12:28.941 [info] > git config --get commit.template [6ms]
2024-07-03 10:12:28.942 [info] > git ls-files --stage -- /home/ndao/DB_Provisionning/mysql_setup/sql_loop.yml [1ms]
2024-07-03 10:12:28.944 [info] > git for-each-ref --format=%(refname)%00%(upstream:short)%00%(objectname)%00%(upstream:track)%00%(upstream:remotename)%00%(upstream:remoteref) refs/heads/dev refs/remotes/dev [6ms]
2024-07-03 10:12:28.944 [info] > git cat-file -s 18a808f20d91a5ff6b8dbad9ef47b9936df02f65 [0ms]
2024-07-03 10:12:28.948 [info] > git status -z -uall [1ms]
2024-07-03 10:12:28.957 [info] > git merge-base refs/heads/dev refs/remotes/origin/dev [6ms]
2024-07-03 10:12:28.960 [info] > git show --textconv :mysql_setup/sql_loop.yml [3ms]
2024-07-03 10:12:28.961 [info] > git rev-list --count --left-right refs/heads/dev...refs/remotes/origin/dev [1ms]
2024-07-03 10:12:28.964 [info] > git diff --name-status -z --diff-filter=ADMR e805a2b957392a80c052296f645c01e0793af1b5...refs/remotes/origin/dev [1ms]
2024-07-03 10:12:32.200 [info] > git show --textconv :mysql_setup/sql_setup.yml [2ms]
2024-07-03 10:12:32.200 [info] > git ls-files --stage -- /home/ndao/DB_Provisionning/mysql_setup/sql_setup.yml [1ms]
2024-07-03 10:12:32.203 [info] > git cat-file -s 8e66f989178f3b0c2bc4ccea4094b881852a1115 [1ms]
2024-07-03 10:12:33.963 [info] > git config --get commit.template [5ms]
2024-07-03 10:12:33.963 [info] > git for-each-ref --format=%(refname)%00%(upstream:short)%00%(objectname)%00%(upstream:track)%00%(upstream:remotename)%00%(upstream:remoteref) refs/heads/dev refs/remotes/dev [1ms]
2024-07-03 10:12:33.968 [info] > git status -z -uall [2ms]
2024-07-03 10:12:52.899 [info] > git config --get commit.template [1ms]
2024-07-03 10:12:52.902 [info] > git for-each-ref --format=%(refname)%00%(upstream:short)%00%(objectname)%00%(upstream:track)%00%(upstream:remotename)%00%(upstream:remoteref) refs/heads/dev refs/remotes/dev [1ms]
2024-07-03 10:12:52.906 [info] > git status -z -uall [1ms]
2024-07-03 10:12:54.050 [info] > git show --textconv :mysql_setup/sql_loop.yml [4ms]
2024-07-03 10:12:54.051 [info] > git ls-files --stage -- /home/ndao/DB_Provisionning/mysql_setup/sql_loop.yml [2ms]
2024-07-03 10:12:54.053 [info] > git cat-file -s 18a808f20d91a5ff6b8dbad9ef47b9936df02f65 [1ms]
2024-07-03 10:13:04.647 [info] > git config --get commit.template [5ms]
2024-07-03 10:13:04.648 [info] > git for-each-ref --format=%(refname)%00%(upstream:short)%00%(objectname)%00%(upstream:track)%00%(upstream:remotename)%00%(upstream:remoteref) refs/heads/dev refs/remotes/dev [2ms]
2024-07-03 10:13:04.656 [info] > git status -z -uall [3ms]
2024-07-03 11:10:27.382 [info] > git config --get commit.template [3ms]
2024-07-03 11:10:27.385 [info] > git for-each-ref --format=%(refname)%00%(upstream:short)%00%(objectname)%00%(upstream:track)%00%(upstream:remotename)%00%(upstream:remoteref) refs/heads/dev refs/remotes/dev [4ms]
2024-07-03 11:10:27.386 [info] > git ls-files --stage -- /home/ndao/DB_Provisionning/mysql_setup/sql_loop.yml [2ms]
2024-07-03 11:10:27.392 [info] > git cat-file -s 69863c4a6c1d7e17bbecb6b2a64799f7f288a876 [4ms]
2024-07-03 11:10:27.393 [info] > git status -z -uall [2ms]
2024-07-03 11:10:27.402 [info] > git merge-base refs/heads/dev refs/remotes/origin/dev [5ms]
2024-07-03 11:10:27.405 [info] > git show --textconv :mysql_setup/sql_loop.yml [4ms]
2024-07-03 11:10:27.407 [info] > git rev-list --count --left-right refs/heads/dev...refs/remotes/origin/dev [3ms]
2024-07-03 11:10:27.412 [info] > git diff --name-status -z --diff-filter=ADMR 0262e3c5d7b018eb4a605bbda5d063a71961bb5e...refs/remotes/origin/dev [2ms]
2024-07-03 11:51:21.274 [info] > git show --textconv :mysql_setup/mysql_setup.yml [6ms]
2024-07-03 11:51:21.275 [info] > git ls-files --stage -- /home/ndao/DB_Provisionning/mysql_setup/mysql_setup.yml [3ms]
2024-07-03 11:51:21.280 [info] > git cat-file -s b0c0182d0f074e8bc34b449d44c1e61c30147957 [2ms]
2024-07-03 11:51:27.668 [info] > git show --textconv :mysql_setup/sql_loop.yml [6ms]
2024-07-03 11:51:27.670 [info] > git ls-files --stage -- /home/ndao/DB_Provisionning/mysql_setup/sql_loop.yml [3ms]
2024-07-03 11:51:27.676 [info] > git cat-file -s 69863c4a6c1d7e17bbecb6b2a64799f7f288a876 [2ms]
2024-07-03 11:59:28.167 [info] > git show --textconv :mysql_setup/sql_setup.yml [3ms]
2024-07-03 11:59:28.168 [info] > git ls-files --stage -- /home/ndao/DB_Provisionning/mysql_setup/sql_setup.yml [2ms]
2024-07-03 11:59:28.171 [info] > git cat-file -s a5cf1e25108b77df90463949637bb4a40f10e82d [2ms]
2024-07-03 11:59:42.407 [info] > git show --textconv :mysql_setup/mysql_setup.yml [3ms]
2024-07-03 11:59:42.408 [info] > git ls-files --stage -- /home/ndao/DB_Provisionning/mysql_setup/mysql_setup.yml [2ms]
2024-07-03 11:59:42.411 [info] > git cat-file -s b0c0182d0f074e8bc34b449d44c1e61c30147957 [1ms]
2024-07-03 11:59:52.203 [info] > git show --textconv :mysql_setup/sql_setup.yml [2ms]
2024-07-03 11:59:52.204 [info] > git ls-files --stage -- /home/ndao/DB_Provisionning/mysql_setup/sql_setup.yml [1ms]
2024-07-03 11:59:52.207 [info] > git cat-file -s a5cf1e25108b77df90463949637bb4a40f10e82d [1ms]
2024-07-03 12:13:48.089 [info] > git show --textconv :mysql_setup/mysql_setup.yml [3ms]
2024-07-03 12:13:48.090 [info] > git ls-files --stage -- /home/ndao/DB_Provisionning/mysql_setup/mysql_setup.yml [2ms]
2024-07-03 12:13:48.093 [info] > git cat-file -s b0c0182d0f074e8bc34b449d44c1e61c30147957 [1ms]
2024-07-03 12:14:06.048 [info] > git show --textconv :mysql_setup/sql_setup.yml [4ms]
2024-07-03 12:14:06.049 [info] > git ls-files --stage -- /home/ndao/DB_Provisionning/mysql_setup/sql_setup.yml [2ms]
2024-07-03 12:14:06.055 [info] > git cat-file -s a5cf1e25108b77df90463949637bb4a40f10e82d [3ms]
2024-07-03 12:14:37.695 [info] > git config --get commit.template [6ms]
2024-07-03 12:14:37.702 [info] > git for-each-ref --format=%(refname)%00%(upstream:short)%00%(objectname)%00%(upstream:track)%00%(upstream:remotename)%00%(upstream:remoteref) refs/heads/dev refs/remotes/dev [2ms]
2024-07-03 12:14:37.710 [info] > git status -z -uall [2ms]
2024-07-03 12:14:38.466 [info] > git show --textconv :mysql_setup/mysql_setup.yml [3ms]
2024-07-03 12:14:38.467 [info] > git ls-files --stage -- /home/ndao/DB_Provisionning/mysql_setup/mysql_setup.yml [1ms]
2024-07-03 12:14:38.471 [info] > git cat-file -s b0c0182d0f074e8bc34b449d44c1e61c30147957 [1ms]
2024-07-03 12:14:56.293 [info] > git config --get commit.template [5ms]
2024-07-03 12:14:56.293 [info] > git for-each-ref --format=%(refname)%00%(upstream:short)%00%(objectname)%00%(upstream:track)%00%(upstream:remotename)%00%(upstream:remoteref) refs/heads/dev refs/remotes/dev [1ms]
2024-07-03 12:14:56.298 [info] > git status -z -uall [1ms]
2024-07-03 12:20:00.799 [info] > git config --get commit.template [6ms]
2024-07-03 12:20:00.800 [info] > git for-each-ref --format=%(refname)%00%(upstream:short)%00%(objectname)%00%(upstream:track)%00%(upstream:remotename)%00%(upstream:remoteref) refs/heads/dev refs/remotes/dev [4ms]
2024-07-03 12:20:00.800 [info] > git ls-files --stage -- /home/ndao/DB_Provisionning/mysql_setup/mysql_setup.yml [1ms]
2024-07-03 12:20:00.805 [info] > git cat-file -s f7975798195f69ccbd50fba8a0fe394e04e4c070 [3ms]
2024-07-03 12:20:00.805 [info] > git status -z -uall [1ms]
2024-07-03 12:20:00.811 [info] > git merge-base refs/heads/dev refs/remotes/origin/dev [4ms]
2024-07-03 12:20:00.817 [info] > git rev-list --count --left-right refs/heads/dev...refs/remotes/origin/dev [4ms]
2024-07-03 12:20:00.821 [info] > git show --textconv :mysql_setup/mysql_setup.yml [4ms]
2024-07-03 12:20:00.821 [info] > git diff --name-status -z --diff-filter=ADMR ba44d21d906c6d3e653e859227e5f46ad356af2e...refs/remotes/origin/dev [1ms]
2024-07-03 12:25:08.185 [info] > git show --textconv :mysql_setup/sql_setup.yml [4ms]
2024-07-03 12:25:08.186 [info] > git ls-files --stage -- /home/ndao/DB_Provisionning/mysql_setup/sql_setup.yml [2ms]
2024-07-03 12:25:08.191 [info] > git cat-file -s ff0e02586c4075b8431f33952f7459c37bd73532 [2ms]
2024-07-03 12:25:23.200 [info] > git show --textconv :mysql_setup/mysql_setup.yml [4ms]
2024-07-03 12:25:23.201 [info] > git ls-files --stage -- /home/ndao/DB_Provisionning/mysql_setup/mysql_setup.yml [2ms]
2024-07-03 12:25:23.206 [info] > git cat-file -s f7975798195f69ccbd50fba8a0fe394e04e4c070 [1ms]
2024-07-03 12:28:56.575 [info] > git show --textconv :mysql_setup/sql_setup.yml [4ms]
2024-07-03 12:28:56.576 [info] > git ls-files --stage -- /home/ndao/DB_Provisionning/mysql_setup/sql_setup.yml [2ms]
2024-07-03 12:28:56.579 [info] > git cat-file -s ff0e02586c4075b8431f33952f7459c37bd73532 [1ms]
2024-07-03 12:28:59.653 [info] > git show --textconv :mysql_setup/mysql_setup.yml [3ms]
2024-07-03 12:28:59.653 [info] > git ls-files --stage -- /home/ndao/DB_Provisionning/mysql_setup/mysql_setup.yml [1ms]
2024-07-03 12:28:59.657 [info] > git cat-file -s f7975798195f69ccbd50fba8a0fe394e04e4c070 [1ms]
2024-07-03 12:29:29.905 [info] > git config --get commit.template [8ms]
2024-07-03 12:29:29.906 [info] > git for-each-ref --format=%(refname)%00%(upstream:short)%00%(objectname)%00%(upstream:track)%00%(upstream:remotename)%00%(upstream:remoteref) refs/heads/dev refs/remotes/dev [3ms]
2024-07-03 12:29:29.914 [info] > git status -z -uall [3ms]
2024-07-03 12:29:49.228 [info] > git config --get commit.template [6ms]
2024-07-03 12:29:49.228 [info] > git for-each-ref --format=%(refname)%00%(upstream:short)%00%(objectname)%00%(upstream:track)%00%(upstream:remotename)%00%(upstream:remoteref) refs/heads/dev refs/remotes/dev [3ms]
2024-07-03 12:29:49.229 [info] > git ls-files --stage -- /home/ndao/DB_Provisionning/mysql_setup/mysql_setup.yml [1ms]
2024-07-03 12:29:49.238 [info] > git status -z -uall [1ms]
2024-07-03 12:29:49.245 [info] > git cat-file -s 6d6e18b49cf10614f31184a6b700842f771b2796 [13ms]
2024-07-03 12:29:49.245 [info] > git merge-base refs/heads/dev refs/remotes/origin/dev [3ms]
2024-07-03 12:29:49.251 [info] > git rev-list --count --left-right refs/heads/dev...refs/remotes/origin/dev [2ms]
2024-07-03 12:29:49.257 [info] > git diff --name-status -z --diff-filter=ADMR 5944ab6d1cb4d08217ad124287217d84f807d287...refs/remotes/origin/dev [3ms]
2024-07-03 12:29:49.258 [info] > git show --textconv :mysql_setup/mysql_setup.yml [1ms]
2024-07-03 12:30:08.722 [info] > git config --get commit.template [3ms]
2024-07-03 12:30:08.723 [info] > git for-each-ref --format=%(refname)%00%(upstream:short)%00%(objectname)%00%(upstream:track)%00%(upstream:remotename)%00%(upstream:remoteref) refs/heads/dev refs/remotes/dev [2ms]
2024-07-03 12:30:08.730 [info] > git status -z -uall [3ms]
