2024-06-13 08:54:41.077 [info] (Client) Pylance async client (2024.6.1) started with python extension (2024.8.0)
2024-06-13 08:54:41.979 [info] [Info  - 8:54:41 AM] (2205) Pylance language server 2024.6.1 (pyright version 1.1.364, commit 0618acc5) starting
2024-06-13 08:54:41.980 [info] [Info  - 8:54:41 AM] (2205) Server root directory: file:///home/ndao/.vscode-server/extensions/ms-python.vscode-pylance-2024.6.1/dist
2024-06-13 08:54:41.991 [info] [Info  - 8:54:41 AM] (2205) Starting service instance "ndao"
2024-06-13 08:54:42.043 [info] Auto-Indent enabled
2024-06-13 08:54:42.063 [info] Auto-Indent enabled
2024-06-13 08:54:42.066 [info] [Info  - 8:54:42 AM] (2205) Setting pythonPath for service "ndao": "/bin/python3"
2024-06-13 08:54:42.066 [info] [Info  - 8:54:42 AM] (2205) Setting environmentName for service "ndao": "3.8.10 (global)"
2024-06-13 08:54:42.106 [info] [Info  - 8:54:42 AM] (2205) Assuming Python version 3.8.10.final.0
2024-06-13 08:54:42.387 [info] [Info  - 8:54:42 AM] (2205) No source files found.
2024-06-13 08:54:42.390 [info] Auto-Indent enabled
2024-06-13 08:54:42.644 [info] [Info  - 8:54:42 AM] (2205) Background analysis(1) root directory: file:///home/ndao/.vscode-server/extensions/ms-python.vscode-pylance-2024.6.1/dist
2024-06-13 08:54:42.647 [info] [Info  - 8:54:42 AM] (2205) Background analysis(1) started
2024-06-13 10:34:35.456 [info] Auto-Indent enabled
2024-06-13 10:34:35.457 [info] [Info  - 10:34:35 AM] (2205) Setting pythonPath for service "ndao": "/bin/python3"
2024-06-13 10:34:35.457 [info] [Info  - 10:34:35 AM] (2205) Setting environmentName for service "ndao": "3.8.10 (global)"
2024-06-13 10:34:35.495 [info] [Info  - 10:34:35 AM] (2205) Assuming Python version 3.8.10.final.0
2024-06-13 10:34:35.908 [info] [Info  - 10:34:35 AM] (2205) No source files found.
2024-06-13 10:34:35.912 [info] Auto-Indent enabled
2024-06-13 10:37:05.825 [info] Auto-Indent enabled
2024-06-13 10:37:05.829 [info] [Info  - 10:37:05 AM] (2205) Setting pythonPath for service "ndao": "/bin/python3"
2024-06-13 10:37:05.830 [info] [Info  - 10:37:05 AM] (2205) Setting environmentName for service "ndao": "3.8.10 (global)"
2024-06-13 10:37:05.939 [info] [Info  - 10:37:05 AM] (2205) Assuming Python version 3.8.10.final.0
2024-06-13 10:37:06.204 [info] [Info  - 10:37:06 AM] (2205) No source files found.
2024-06-13 10:37:06.206 [info] Auto-Indent enabled
2024-06-13 10:41:05.750 [info] Auto-Indent enabled
2024-06-13 10:41:05.751 [info] [Info  - 10:41:05 AM] (2205) Setting pythonPath for service "ndao": "/bin/python3"
2024-06-13 10:41:05.751 [info] [Info  - 10:41:05 AM] (2205) Setting environmentName for service "ndao": "3.8.10 (global)"
2024-06-13 10:41:05.786 [info] [Info  - 10:41:05 AM] (2205) Assuming Python version 3.8.10.final.0
2024-06-13 10:41:06.057 [info] [Info  - 10:41:06 AM] (2205) No source files found.
2024-06-13 10:41:06.059 [info] Auto-Indent enabled
2024-06-13 10:41:09.375 [info] Auto-Indent enabled
2024-06-13 10:41:09.376 [info] [Info  - 10:41:09 AM] (2205) Setting pythonPath for service "ndao": "/bin/python3"
2024-06-13 10:41:09.377 [info] [Info  - 10:41:09 AM] (2205) Setting environmentName for service "ndao": "3.8.10 (global)"
2024-06-13 10:41:09.414 [info] [Info  - 10:41:09 AM] (2205) Assuming Python version 3.8.10.final.0
2024-06-13 10:41:09.672 [info] [Info  - 10:41:09 AM] (2205) No source files found.
2024-06-13 10:41:09.675 [info] Auto-Indent enabled
2024-06-13 10:41:57.292 [info] Auto-Indent enabled
2024-06-13 10:41:57.293 [info] [Info  - 10:41:57 AM] (2205) Setting pythonPath for service "ndao": "/bin/python3"
2024-06-13 10:41:57.294 [info] [Info  - 10:41:57 AM] (2205) Setting environmentName for service "ndao": "3.8.10 (global)"
2024-06-13 10:41:57.330 [info] [Info  - 10:41:57 AM] (2205) Assuming Python version 3.8.10.final.0
2024-06-13 10:41:57.619 [info] [Info  - 10:41:57 AM] (2205) No source files found.
2024-06-13 10:41:57.621 [info] Auto-Indent enabled
2024-06-13 10:41:59.608 [info] Auto-Indent enabled
2024-06-13 10:41:59.609 [info] [Info  - 10:41:59 AM] (2205) Setting pythonPath for service "ndao": "/bin/python3"
2024-06-13 10:41:59.609 [info] [Info  - 10:41:59 AM] (2205) Setting environmentName for service "ndao": "3.8.10 (global)"
2024-06-13 10:41:59.689 [info] [Info  - 10:41:59 AM] (2205) Assuming Python version 3.8.10.final.0
2024-06-13 10:41:59.974 [info] [Info  - 10:41:59 AM] (2205) No source files found.
2024-06-13 10:41:59.975 [info] Auto-Indent enabled
2024-06-13 10:42:09.476 [info] Auto-Indent enabled
2024-06-13 10:42:09.478 [info] [Info  - 10:42:09 AM] (2205) Setting pythonPath for service "ndao": "/bin/python3"
2024-06-13 10:42:09.478 [info] [Info  - 10:42:09 AM] (2205) Setting environmentName for service "ndao": "3.8.10 (global)"
2024-06-13 10:42:09.514 [info] [Info  - 10:42:09 AM] (2205) Assuming Python version 3.8.10.final.0
2024-06-13 10:42:09.766 [info] [Info  - 10:42:09 AM] (2205) No source files found.
2024-06-13 10:42:09.768 [info] Auto-Indent enabled
2024-06-13 10:42:09.907 [info] Auto-Indent enabled
2024-06-13 10:42:09.909 [info] [Info  - 10:42:09 AM] (2205) Setting pythonPath for service "ndao": "/bin/python3"
2024-06-13 10:42:09.909 [info] [Info  - 10:42:09 AM] (2205) Setting environmentName for service "ndao": "3.8.10 (global)"
2024-06-13 10:42:09.970 [info] [Info  - 10:42:09 AM] (2205) Assuming Python version 3.8.10.final.0
2024-06-13 10:42:10.475 [info] [Info  - 10:42:10 AM] (2205) No source files found.
2024-06-13 10:42:10.485 [info] Auto-Indent enabled
2024-06-13 10:42:10.524 [info] Auto-Indent enabled
2024-06-13 10:42:10.526 [info] [Info  - 10:42:10 AM] (2205) Setting pythonPath for service "ndao": "/bin/python3"
2024-06-13 10:42:10.526 [info] [Info  - 10:42:10 AM] (2205) Setting environmentName for service "ndao": "3.8.10 (global)"
2024-06-13 10:42:10.586 [info] [Info  - 10:42:10 AM] (2205) Assuming Python version 3.8.10.final.0
2024-06-13 10:42:10.922 [info] [Info  - 10:42:10 AM] (2205) No source files found.
2024-06-13 10:42:10.924 [info] Auto-Indent enabled
2024-06-13 10:42:14.116 [info] Auto-Indent enabled
2024-06-13 10:42:14.118 [info] [Info  - 10:42:14 AM] (2205) Setting pythonPath for service "ndao": "/bin/python3"
2024-06-13 10:42:14.118 [info] [Info  - 10:42:14 AM] (2205) Setting environmentName for service "ndao": "3.8.10 (global)"
2024-06-13 10:42:14.164 [info] [Info  - 10:42:14 AM] (2205) Assuming Python version 3.8.10.final.0
2024-06-13 10:42:14.411 [info] [Info  - 10:42:14 AM] (2205) No source files found.
2024-06-13 10:42:14.414 [info] Auto-Indent enabled
