2024-06-13 08:54:39.261 [info] Experiment 'pythonCreateEnvOnPipInstall' is active
2024-06-13 08:54:39.261 [info] Experiment 'pythonRecommendTensorboardExt' is active
2024-06-13 08:54:39.261 [info] Experiment 'pythonTerminalEnvVarActivation' is active
2024-06-13 08:54:39.261 [info] Experiment 'pythonTestAdapter' is active
2024-06-13 08:54:39.261 [info] Default formatter is set to null for workspace /home/ndao
2024-06-13 08:54:39.261 [info] Python interpreter path: /bin/python3
2024-06-13 08:54:39.660 [info] > pyenv which python
2024-06-13 08:54:39.660 [info] cwd: .
2024-06-13 08:54:42.020 [info] Starting Pylance language server.
2024-06-13 10:34:35.404 [info] Discover tests for workspace name: undefined - uri: c:/Users/dalom/AppData/Roaming/Code/User/settings.json
2024-06-13 10:37:06.020 [info] Discover tests for workspace name: undefined - uri: c:/Users/dalom/AppData/Roaming/Code/User/settings.json
2024-06-13 10:41:05.889 [info] Discover tests for workspace name: undefined - uri: c:/Users/dalom/AppData/Roaming/Code/User/settings.json
2024-06-13 10:41:09.565 [info] Discover tests for workspace name: undefined - uri: c:/Users/dalom/AppData/Roaming/Code/User/settings.json
2024-06-13 10:41:57.379 [info] Discover tests for workspace name: undefined - uri: c:/Users/dalom/AppData/Roaming/Code/User/settings.json
2024-06-13 10:41:59.773 [info] Discover tests for workspace name: undefined - uri: c:/Users/dalom/AppData/Roaming/Code/User/settings.json
2024-06-13 10:42:09.627 [info] Discover tests for workspace name: undefined - uri: c:/Users/dalom/AppData/Roaming/Code/User/settings.json
2024-06-13 10:42:10.078 [info] Discover tests for workspace name: undefined - uri: c:/Users/dalom/AppData/Roaming/Code/User/settings.json
2024-06-13 10:42:10.577 [info] Discover tests for workspace name: undefined - uri: c:/Users/dalom/AppData/Roaming/Code/User/settings.json
2024-06-13 10:42:14.314 [info] Discover tests for workspace name: undefined - uri: c:/Users/dalom/AppData/Roaming/Code/User/settings.json
2024-06-13 11:57:43.051 [info] Discover tests for workspace name: undefined - uri: c:/Users/dalom/AppData/Roaming/Code/User/settings.json
2024-06-13 11:57:43.570 [info] Discover tests for workspace name: undefined - uri: c:/Users/dalom/AppData/Roaming/Code/User/settings.json
2024-06-13 12:01:36.092 [info] Discover tests for workspace name: undefined - uri: c:/Users/dalom/AppData/Roaming/Code/User/settings.json
2024-06-13 12:01:38.234 [info] Discover tests for workspace name: undefined - uri: c:/Users/dalom/AppData/Roaming/Code/User/settings.json
2024-06-13 12:02:19.304 [info] Discover tests for workspace name: undefined - uri: c:/Users/dalom/AppData/Roaming/Code/User/settings.json
2024-06-13 12:03:01.764 [info] Discover tests for workspace name: undefined - uri: c:/Users/dalom/AppData/Roaming/Code/User/settings.json
2024-06-13 12:03:07.739 [info] Discover tests for workspace name: undefined - uri: c:/Users/dalom/AppData/Roaming/Code/User/settings.json
2024-06-13 12:03:08.125 [info] Discover tests for workspace name: undefined - uri: c:/Users/dalom/AppData/Roaming/Code/User/settings.json
2024-06-13 12:17:05.730 [info] Discover tests for workspace name: undefined - uri: c:/Users/dalom/AppData/Roaming/Code/User/settings.json
2024-06-13 12:17:26.239 [info] Discover tests for workspace name: undefined - uri: c:/Users/dalom/AppData/Roaming/Code/User/settings.json
