2024-06-26 17:53:19.118 [info] Log level: Info
2024-06-26 17:53:19.118 [info] Validating found git in: "git"
2024-06-26 17:53:19.118 [info] Using git "2.25.1" from "git"
2024-06-26 17:53:19.118 [info] > git rev-parse --show-toplevel [117ms]
2024-06-26 17:53:19.118 [info] > git rev-parse --git-dir --git-common-dir [41ms]
2024-06-26 17:53:19.118 [info] Open repository: /home/ndao
2024-06-26 17:53:19.118 [info] > git rev-parse --show-toplevel [84ms]
2024-06-26 17:53:19.118 [info] > git config --get commit.template [88ms]
2024-06-26 17:53:19.241 [info] > git rev-parse --show-toplevel [118ms]
2024-06-26 17:53:19.263 [info] > git for-each-ref --format=%(refname)%00%(upstream:short)%00%(objectname)%00%(upstream:track)%00%(upstream:remotename)%00%(upstream:remoteref) refs/heads/main refs/remotes/main [84ms]
2024-06-26 17:53:19.266 [info] > git rev-parse --show-toplevel [7ms]
2024-06-26 17:53:19.926 [info] > git check-ignore -v -z --stdin [160ms]
2024-06-26 17:53:19.933 [info] > git rev-parse --show-toplevel [125ms]
2024-06-26 17:53:20.178 [info] > git status -z -uall [255ms]
2024-06-26 17:53:20.179 [info] > git rev-parse --show-toplevel [153ms]
2024-06-26 17:53:20.240 [info] > git merge-base refs/heads/main refs/remotes/origin/main [52ms]
2024-06-26 17:53:20.251 [info] > git config --get commit.template [19ms]
2024-06-26 17:53:20.251 [info] > git rev-parse --show-toplevel [26ms]
2024-06-26 17:53:20.260 [info] > git rev-list --count --left-right refs/heads/main...refs/remotes/origin/main [14ms]
2024-06-26 17:53:20.286 [info] > git rev-parse --show-toplevel [27ms]
2024-06-26 17:53:20.357 [info] > git for-each-ref --format=%(refname)%00%(upstream:short)%00%(objectname)%00%(upstream:track)%00%(upstream:remotename)%00%(upstream:remoteref) refs/heads/main refs/remotes/main [83ms]
2024-06-26 17:53:20.358 [info] > git diff --name-status -z --diff-filter=ADMR 31955e68c4be61c32ea49de09c7bae123421f415...refs/remotes/origin/main [90ms]
2024-06-26 17:53:20.364 [info] > git rev-parse --show-toplevel [27ms]
2024-06-26 17:53:20.440 [info] > git rev-parse --show-toplevel [60ms]
2024-06-26 17:53:20.461 [info] > git rev-parse --show-toplevel [8ms]
2024-06-26 17:53:20.559 [info] > git status -z -uall [127ms]
2024-06-26 17:53:20.559 [info] > git rev-parse --git-dir --git-common-dir [89ms]
2024-06-26 17:53:20.564 [info] Open repository: /home/ndao/DB_Provisionning
2024-06-26 17:53:20.588 [info] > git rev-parse --show-toplevel [9ms]
2024-06-26 17:53:20.603 [info] > git config --get commit.template [28ms]
2024-06-26 17:53:20.643 [info] > git show --textconv :mysql_setup/vars/inventory.ini [45ms]
2024-06-26 17:53:20.643 [info] > git show --textconv :Github.yml [24ms]
2024-06-26 17:53:20.643 [info] > git ls-files --stage -- /home/ndao/Github.yml [21ms]
2024-06-26 17:53:20.649 [info] > git rev-parse --show-toplevel [40ms]
2024-06-26 17:53:20.649 [info] > git ls-files --stage -- /home/ndao/mysql_setup/vars/inventory.ini [46ms]
2024-06-26 17:53:20.658 [info] > git cat-file -s 56f1162f3f877434a737cd33e23f6ab8dfdbf9ee [11ms]
2024-06-26 17:53:20.658 [info] > git for-each-ref --format=%(refname)%00%(upstream:short)%00%(objectname)%00%(upstream:track)%00%(upstream:remotename)%00%(upstream:remoteref) refs/heads/dev refs/remotes/dev [20ms]
2024-06-26 17:53:20.660 [info] > git cat-file -s 56225af4d5e2fb68eab566de92180c6bf1bc634a [8ms]
2024-06-26 17:53:20.690 [info] > git status -z -uall [25ms]
2024-06-26 17:53:20.708 [info] > git merge-base refs/heads/dev refs/remotes/origin/dev [12ms]
2024-06-26 17:53:20.746 [info] > git rev-list --count --left-right refs/heads/dev...refs/remotes/origin/dev [35ms]
2024-06-26 17:53:20.753 [info] > git config --get commit.template [47ms]
2024-06-26 17:53:20.766 [info] > git diff --name-status -z --diff-filter=ADMR 5a59ea289ea77e3e42725d3792b7f9b4f0181cd3...refs/remotes/origin/dev [14ms]
2024-06-26 17:53:20.770 [info] > git for-each-ref --format=%(refname)%00%(upstream:short)%00%(objectname)%00%(upstream:track)%00%(upstream:remotename)%00%(upstream:remoteref) refs/heads/dev refs/remotes/dev [6ms]
2024-06-26 17:53:20.891 [info] > git status -z -uall [109ms]
2024-06-26 17:53:21.163 [info] > git check-ignore -v -z --stdin [44ms]
2024-06-26 17:53:23.082 [info] > git config --get commit.template [3ms]
2024-06-26 17:53:23.093 [info] > git for-each-ref --format=%(refname)%00%(upstream:short)%00%(objectname)%00%(upstream:track)%00%(upstream:remotename)%00%(upstream:remoteref) refs/heads/main refs/remotes/main [2ms]
2024-06-26 17:53:23.214 [info] > git status -z -uall [114ms]
2024-06-26 17:53:26.677 [info] > git show --textconv :mysql_setup/mysql_setup.yml [21ms]
2024-06-26 17:53:26.687 [info] > git ls-files --stage -- /home/ndao/mysql_setup/mysql_setup.yml [23ms]
2024-06-26 17:53:26.702 [info] > git cat-file -s 23a894eae0299e250a8752ebd994ab7d1186b491 [5ms]
