2024-06-05 07:17:04.285 [info] (Client) Pylance async client (2024.5.1) started with python extension (2024.6.0)
2024-06-05 07:17:05.147 [info] [Info  - 7:17:05 AM] (376) Pylance language server 2024.5.1 (pyright version 1.1.360, commit 4bc8428d) starting
2024-06-05 07:17:05.148 [info] [Info  - 7:17:05 AM] (376) Server root directory: file:///home/ndao/.vscode-server/extensions/ms-python.vscode-pylance-2024.5.1/dist
2024-06-05 07:17:05.167 [info] [Info  - 7:17:05 AM] (376) Starting service instance "ndao"
2024-06-05 07:17:05.184 [info] [Info  - 7:17:05 AM] (376) Auto-Indent enabled
2024-06-05 07:17:05.344 [info] [Info  - 7:17:05 AM] (376) Setting pythonPath for service "ndao": "/bin/python3"
2024-06-05 07:17:05.344 [info] [Info  - 7:17:05 AM] (376) Setting environmentName for service "ndao": "3.8.10 (global)"
2024-06-05 07:17:05.387 [info] [Info  - 7:17:05 AM] (376) Assuming Python version 3.8.10.final.0
2024-06-05 07:17:05.814 [info] [Info  - 7:17:05 AM] (376) No source files found.
2024-06-05 07:17:06.071 [info] [Info  - 7:17:06 AM] (376) Background analysis(1) root directory: file:///home/ndao/.vscode-server/extensions/ms-python.vscode-pylance-2024.5.1/dist
2024-06-05 07:17:06.076 [info] [Info  - 7:17:06 AM] (376) Background analysis(1) started
2024-06-05 07:56:23.655 [info] [Info  - 7:56:23 AM] (376) Setting pythonPath for service "ndao": "/bin/python3"
2024-06-05 07:56:23.655 [info] [Info  - 7:56:23 AM] (376) Setting environmentName for service "ndao": "3.8.10 (global)"
2024-06-05 07:56:23.680 [info] [Info  - 7:56:23 AM] (376) Assuming Python version 3.8.10.final.0
2024-06-05 07:56:23.930 [info] [Info  - 7:56:23 AM] (376) No source files found.
2024-06-05 07:56:32.997 [info] [Info  - 7:56:32 AM] (376) Setting pythonPath for service "ndao": "/bin/python3"
2024-06-05 07:56:32.997 [info] [Info  - 7:56:32 AM] (376) Setting environmentName for service "ndao": "3.8.10 (global)"
2024-06-05 07:56:33.027 [info] [Info  - 7:56:33 AM] (376) Assuming Python version 3.8.10.final.0
2024-06-05 07:56:33.256 [info] [Info  - 7:56:33 AM] (376) No source files found.
2024-06-05 07:56:53.872 [info] [Info  - 7:56:53 AM] (376) Setting pythonPath for service "ndao": "/bin/python3"
2024-06-05 07:56:53.872 [info] [Info  - 7:56:53 AM] (376) Setting environmentName for service "ndao": "3.8.10 (global)"
2024-06-05 07:56:53.947 [info] [Info  - 7:56:53 AM] (376) Assuming Python version 3.8.10.final.0
2024-06-05 07:56:54.267 [info] [Info  - 7:56:54 AM] (376) No source files found.
2024-06-05 07:56:54.295 [info] [Info  - 7:56:54 AM] (376) Setting pythonPath for service "ndao": "/bin/python3"
2024-06-05 07:56:54.295 [info] [Info  - 7:56:54 AM] (376) Setting environmentName for service "ndao": "3.8.10 (global)"
2024-06-05 07:56:54.470 [info] [Info  - 7:56:54 AM] (376) Assuming Python version 3.8.10.final.0
2024-06-05 07:56:54.672 [info] [Info  - 7:56:54 AM] (376) No source files found.
2024-06-05 07:56:54.688 [info] [Info  - 7:56:54 AM] (376) Setting pythonPath for service "ndao": "/bin/python3"
2024-06-05 07:56:54.688 [info] [Info  - 7:56:54 AM] (376) Setting environmentName for service "ndao": "3.8.10 (global)"
2024-06-05 07:56:54.720 [info] [Info  - 7:56:54 AM] (376) Assuming Python version 3.8.10.final.0
2024-06-05 07:56:54.979 [info] [Info  - 7:56:54 AM] (376) No source files found.
2024-06-05 07:56:55.009 [info] [Info  - 7:56:55 AM] (376) Setting pythonPath for service "ndao": "/bin/python3"
2024-06-05 07:56:55.009 [info] [Info  - 7:56:55 AM] (376) Setting environmentName for service "ndao": "3.8.10 (global)"
2024-06-05 07:56:55.040 [info] [Info  - 7:56:55 AM] (376) Assuming Python version 3.8.10.final.0
2024-06-05 07:56:55.353 [info] [Info  - 7:56:55 AM] (376) No source files found.
2024-06-05 07:56:55.411 [info] [Info  - 7:56:55 AM] (376) Setting pythonPath for service "ndao": "/bin/python3"
2024-06-05 07:56:55.411 [info] [Info  - 7:56:55 AM] (376) Setting environmentName for service "ndao": "3.8.10 (global)"
2024-06-05 07:56:55.563 [info] [Info  - 7:56:55 AM] (376) Assuming Python version 3.8.10.final.0
2024-06-05 07:56:55.925 [info] [Info  - 7:56:55 AM] (376) No source files found.
2024-06-05 07:56:55.960 [info] [Info  - 7:56:55 AM] (376) Setting pythonPath for service "ndao": "/bin/python3"
2024-06-05 07:56:55.960 [info] [Info  - 7:56:55 AM] (376) Setting environmentName for service "ndao": "3.8.10 (global)"
2024-06-05 07:56:56.188 [info] [Info  - 7:56:56 AM] (376) Assuming Python version 3.8.10.final.0
2024-06-05 07:56:56.344 [info] [Info  - 7:56:56 AM] (376) No source files found.
2024-06-05 07:56:56.427 [info] [Info  - 7:56:56 AM] (376) Setting pythonPath for service "ndao": "/bin/python3"
2024-06-05 07:56:56.428 [info] [Info  - 7:56:56 AM] (376) Setting environmentName for service "ndao": "3.8.10 (global)"
2024-06-05 07:56:56.488 [info] [Info  - 7:56:56 AM] (376) Assuming Python version 3.8.10.final.0
2024-06-05 07:56:56.825 [info] [Info  - 7:56:56 AM] (376) No source files found.
2024-06-05 07:56:56.839 [info] [Info  - 7:56:56 AM] (376) Setting pythonPath for service "ndao": "/bin/python3"
2024-06-05 07:56:56.839 [info] [Info  - 7:56:56 AM] (376) Setting environmentName for service "ndao": "3.8.10 (global)"
2024-06-05 07:56:56.889 [info] [Info  - 7:56:56 AM] (376) Assuming Python version 3.8.10.final.0
2024-06-05 07:56:57.258 [info] [Info  - 7:56:57 AM] (376) No source files found.
2024-06-05 07:56:57.321 [info] [Info  - 7:56:57 AM] (376) Setting pythonPath for service "ndao": "/bin/python3"
2024-06-05 07:56:57.322 [info] [Info  - 7:56:57 AM] (376) Setting environmentName for service "ndao": "3.8.10 (global)"
2024-06-05 07:56:57.398 [info] [Info  - 7:56:57 AM] (376) Assuming Python version 3.8.10.final.0
2024-06-05 07:56:57.647 [info] [Info  - 7:56:57 AM] (376) No source files found.
2024-06-05 07:56:57.653 [info] [Info  - 7:56:57 AM] (376) Setting pythonPath for service "ndao": "/bin/python3"
2024-06-05 07:56:57.653 [info] [Info  - 7:56:57 AM] (376) Setting environmentName for service "ndao": "3.8.10 (global)"
2024-06-05 07:56:57.678 [info] [Info  - 7:56:57 AM] (376) Assuming Python version 3.8.10.final.0
2024-06-05 07:56:57.951 [info] [Info  - 7:56:57 AM] (376) No source files found.
2024-06-05 07:56:57.985 [info] [Info  - 7:56:57 AM] (376) Setting pythonPath for service "ndao": "/bin/python3"
2024-06-05 07:56:57.985 [info] [Info  - 7:56:57 AM] (376) Setting environmentName for service "ndao": "3.8.10 (global)"
2024-06-05 07:56:58.040 [info] [Info  - 7:56:58 AM] (376) Assuming Python version 3.8.10.final.0
2024-06-05 07:56:58.335 [info] [Info  - 7:56:58 AM] (376) No source files found.
2024-06-05 07:56:58.362 [info] [Info  - 7:56:58 AM] (376) Setting pythonPath for service "ndao": "/bin/python3"
2024-06-05 07:56:58.364 [info] [Info  - 7:56:58 AM] (376) Setting environmentName for service "ndao": "3.8.10 (global)"
2024-06-05 07:56:58.414 [info] [Info  - 7:56:58 AM] (376) Assuming Python version 3.8.10.final.0
2024-06-05 07:56:58.721 [info] [Info  - 7:56:58 AM] (376) No source files found.
2024-06-05 07:56:58.738 [info] [Info  - 7:56:58 AM] (376) Setting pythonPath for service "ndao": "/bin/python3"
2024-06-05 07:56:58.738 [info] [Info  - 7:56:58 AM] (376) Setting environmentName for service "ndao": "3.8.10 (global)"
2024-06-05 07:56:58.765 [info] [Info  - 7:56:58 AM] (376) Assuming Python version 3.8.10.final.0
2024-06-05 07:56:59.105 [info] [Info  - 7:56:59 AM] (376) No source files found.
2024-06-05 07:56:59.153 [info] [Info  - 7:56:59 AM] (376) Setting pythonPath for service "ndao": "/bin/python3"
2024-06-05 07:56:59.153 [info] [Info  - 7:56:59 AM] (376) Setting environmentName for service "ndao": "3.8.10 (global)"
2024-06-05 07:56:59.243 [info] [Info  - 7:56:59 AM] (376) Assuming Python version 3.8.10.final.0
2024-06-05 07:56:59.586 [info] [Info  - 7:56:59 AM] (376) No source files found.
2024-06-05 07:58:09.867 [info] [Info  - 7:58:09 AM] (376) Setting pythonPath for service "ndao": "/bin/python3"
2024-06-05 07:58:09.868 [info] [Info  - 7:58:09 AM] (376) Setting environmentName for service "ndao": "3.8.10 (global)"
2024-06-05 07:58:09.928 [info] [Info  - 7:58:09 AM] (376) Assuming Python version 3.8.10.final.0
2024-06-05 07:58:10.119 [info] [Info  - 7:58:10 AM] (376) No source files found.
2024-06-05 07:58:10.280 [info] [Info  - 7:58:10 AM] (376) Setting pythonPath for service "ndao": "/bin/python3"
2024-06-05 07:58:10.280 [info] [Info  - 7:58:10 AM] (376) Setting environmentName for service "ndao": "3.8.10 (global)"
2024-06-05 07:58:10.320 [info] [Info  - 7:58:10 AM] (376) Assuming Python version 3.8.10.final.0
2024-06-05 07:58:10.582 [info] [Info  - 7:58:10 AM] (376) No source files found.
2024-06-05 08:10:50.547 [info] [Info  - 8:10:50 AM] (376) Setting pythonPath for service "ndao": "/bin/python3"
2024-06-05 08:10:50.547 [info] [Info  - 8:10:50 AM] (376) Setting environmentName for service "ndao": "3.8.10 (global)"
2024-06-05 08:10:50.572 [info] [Info  - 8:10:50 AM] (376) Assuming Python version 3.8.10.final.0
2024-06-05 08:10:50.782 [info] [Info  - 8:10:50 AM] (376) No source files found.
2024-06-05 08:10:52.116 [info] [Info  - 8:10:52 AM] (376) Setting pythonPath for service "ndao": "/bin/python3"
2024-06-05 08:10:52.116 [info] [Info  - 8:10:52 AM] (376) Setting environmentName for service "ndao": "3.8.10 (global)"
2024-06-05 08:10:52.155 [info] [Info  - 8:10:52 AM] (376) Assuming Python version 3.8.10.final.0
2024-06-05 08:10:52.354 [info] [Info  - 8:10:52 AM] (376) No source files found.
2024-06-05 08:17:21.433 [info] [Info  - 8:17:21 AM] (376) Setting pythonPath for service "ndao": "/bin/python3"
2024-06-05 08:17:21.433 [info] [Info  - 8:17:21 AM] (376) Setting environmentName for service "ndao": "3.8.10 (global)"
2024-06-05 08:17:21.469 [info] [Info  - 8:17:21 AM] (376) Assuming Python version 3.8.10.final.0
2024-06-05 08:17:21.686 [info] [Info  - 8:17:21 AM] (376) No source files found.
2024-06-05 08:17:21.966 [info] [Info  - 8:17:21 AM] (376) Setting pythonPath for service "ndao": "/bin/python3"
2024-06-05 08:17:21.966 [info] [Info  - 8:17:21 AM] (376) Setting environmentName for service "ndao": "3.8.10 (global)"
2024-06-05 08:17:22.012 [info] [Info  - 8:17:22 AM] (376) Assuming Python version 3.8.10.final.0
2024-06-05 08:17:22.412 [info] [Info  - 8:17:22 AM] (376) No source files found.
2024-06-05 08:17:22.458 [info] [Info  - 8:17:22 AM] (376) Setting pythonPath for service "ndao": "/bin/python3"
2024-06-05 08:17:22.459 [info] [Info  - 8:17:22 AM] (376) Setting environmentName for service "ndao": "3.8.10 (global)"
2024-06-05 08:17:22.498 [info] [Info  - 8:17:22 AM] (376) Assuming Python version 3.8.10.final.0
2024-06-05 08:17:22.746 [info] [Info  - 8:17:22 AM] (376) No source files found.
2024-06-05 08:17:23.996 [info] [Info  - 8:17:23 AM] (376) Setting pythonPath for service "ndao": "/bin/python3"
2024-06-05 08:17:23.997 [info] [Info  - 8:17:23 AM] (376) Setting environmentName for service "ndao": "3.8.10 (global)"
2024-06-05 08:17:24.042 [info] [Info  - 8:17:24 AM] (376) Assuming Python version 3.8.10.final.0
2024-06-05 08:17:24.429 [info] [Info  - 8:17:24 AM] (376) No source files found.
2024-06-05 08:17:24.464 [info] [Info  - 8:17:24 AM] (376) Setting pythonPath for service "ndao": "/bin/python3"
2024-06-05 08:17:24.464 [info] [Info  - 8:17:24 AM] (376) Setting environmentName for service "ndao": "3.8.10 (global)"
2024-06-05 08:17:24.510 [info] [Info  - 8:17:24 AM] (376) Assuming Python version 3.8.10.final.0
2024-06-05 08:17:24.809 [info] [Info  - 8:17:24 AM] (376) No source files found.
2024-06-05 08:17:28.771 [info] [Info  - 8:17:28 AM] (376) Setting pythonPath for service "ndao": "/bin/python3"
2024-06-05 08:17:28.771 [info] [Info  - 8:17:28 AM] (376) Setting environmentName for service "ndao": "3.8.10 (global)"
2024-06-05 08:17:28.803 [info] [Info  - 8:17:28 AM] (376) Assuming Python version 3.8.10.final.0
2024-06-05 08:17:29.021 [info] [Info  - 8:17:29 AM] (376) No source files found.
2024-06-05 08:17:29.185 [info] [Info  - 8:17:29 AM] (376) Setting pythonPath for service "ndao": "/bin/python3"
2024-06-05 08:17:29.185 [info] [Info  - 8:17:29 AM] (376) Setting environmentName for service "ndao": "3.8.10 (global)"
2024-06-05 08:17:29.229 [info] [Info  - 8:17:29 AM] (376) Assuming Python version 3.8.10.final.0
2024-06-05 08:17:29.426 [info] [Info  - 8:17:29 AM] (376) No source files found.
2024-06-05 08:17:31.144 [info] [Info  - 8:17:31 AM] (376) Setting pythonPath for service "ndao": "/bin/python3"
2024-06-05 08:17:31.144 [info] [Info  - 8:17:31 AM] (376) Setting environmentName for service "ndao": "3.8.10 (global)"
2024-06-05 08:17:31.183 [info] [Info  - 8:17:31 AM] (376) Assuming Python version 3.8.10.final.0
2024-06-05 08:17:31.420 [info] [Info  - 8:17:31 AM] (376) No source files found.
2024-06-05 08:17:31.589 [info] [Info  - 8:17:31 AM] (376) Setting pythonPath for service "ndao": "/bin/python3"
2024-06-05 08:17:31.589 [info] [Info  - 8:17:31 AM] (376) Setting environmentName for service "ndao": "3.8.10 (global)"
2024-06-05 08:17:31.668 [info] [Info  - 8:17:31 AM] (376) Assuming Python version 3.8.10.final.0
2024-06-05 08:17:32.041 [info] [Info  - 8:17:32 AM] (376) No source files found.
2024-06-05 08:17:32.135 [info] [Info  - 8:17:32 AM] (376) Setting pythonPath for service "ndao": "/bin/python3"
2024-06-05 08:17:32.136 [info] [Info  - 8:17:32 AM] (376) Setting environmentName for service "ndao": "3.8.10 (global)"
2024-06-05 08:17:32.164 [info] [Info  - 8:17:32 AM] (376) Assuming Python version 3.8.10.final.0
2024-06-05 08:17:32.385 [info] [Info  - 8:17:32 AM] (376) No source files found.
2024-06-05 08:17:32.397 [info] [Info  - 8:17:32 AM] (376) Setting pythonPath for service "ndao": "/bin/python3"
2024-06-05 08:17:32.398 [info] [Info  - 8:17:32 AM] (376) Setting environmentName for service "ndao": "3.8.10 (global)"
2024-06-05 08:17:32.443 [info] [Info  - 8:17:32 AM] (376) Assuming Python version 3.8.10.final.0
2024-06-05 08:17:32.719 [info] [Info  - 8:17:32 AM] (376) No source files found.
2024-06-05 08:17:32.752 [info] [Info  - 8:17:32 AM] (376) Setting pythonPath for service "ndao": "/bin/python3"
2024-06-05 08:17:32.753 [info] [Info  - 8:17:32 AM] (376) Setting environmentName for service "ndao": "3.8.10 (global)"
2024-06-05 08:17:32.810 [info] [Info  - 8:17:32 AM] (376) Assuming Python version 3.8.10.final.0
2024-06-05 08:17:33.073 [info] [Info  - 8:17:33 AM] (376) No source files found.
2024-06-05 08:17:33.089 [info] [Info  - 8:17:33 AM] (376) Setting pythonPath for service "ndao": "/bin/python3"
2024-06-05 08:17:33.089 [info] [Info  - 8:17:33 AM] (376) Setting environmentName for service "ndao": "3.8.10 (global)"
2024-06-05 08:17:33.130 [info] [Info  - 8:17:33 AM] (376) Assuming Python version 3.8.10.final.0
2024-06-05 08:17:33.359 [info] [Info  - 8:17:33 AM] (376) No source files found.
2024-06-05 08:17:35.014 [info] [Info  - 8:17:35 AM] (376) Setting pythonPath for service "ndao": "/bin/python3"
2024-06-05 08:17:35.014 [info] [Info  - 8:17:35 AM] (376) Setting environmentName for service "ndao": "3.8.10 (global)"
2024-06-05 08:17:35.053 [info] [Info  - 8:17:35 AM] (376) Assuming Python version 3.8.10.final.0
2024-06-05 08:17:35.258 [info] [Info  - 8:17:35 AM] (376) No source files found.
2024-06-05 08:17:35.605 [info] [Info  - 8:17:35 AM] (376) Setting pythonPath for service "ndao": "/bin/python3"
2024-06-05 08:17:35.605 [info] [Info  - 8:17:35 AM] (376) Setting environmentName for service "ndao": "3.8.10 (global)"
2024-06-05 08:17:35.662 [info] [Info  - 8:17:35 AM] (376) Assuming Python version 3.8.10.final.0
2024-06-05 08:17:35.997 [info] [Info  - 8:17:35 AM] (376) No source files found.
2024-06-05 08:17:36.049 [info] [Info  - 8:17:36 AM] (376) Setting pythonPath for service "ndao": "/bin/python3"
2024-06-05 08:17:36.049 [info] [Info  - 8:17:36 AM] (376) Setting environmentName for service "ndao": "3.8.10 (global)"
2024-06-05 08:17:36.097 [info] [Info  - 8:17:36 AM] (376) Assuming Python version 3.8.10.final.0
2024-06-05 08:17:36.408 [info] [Info  - 8:17:36 AM] (376) No source files found.
2024-06-05 08:17:36.417 [info] [Info  - 8:17:36 AM] (376) Setting pythonPath for service "ndao": "/bin/python3"
2024-06-05 08:17:36.418 [info] [Info  - 8:17:36 AM] (376) Setting environmentName for service "ndao": "3.8.10 (global)"
2024-06-05 08:17:36.456 [info] [Info  - 8:17:36 AM] (376) Assuming Python version 3.8.10.final.0
2024-06-05 08:17:37.053 [info] [Info  - 8:17:37 AM] (376) No source files found.
2024-06-05 08:17:37.111 [info] [Info  - 8:17:37 AM] (376) Setting pythonPath for service "ndao": "/bin/python3"
2024-06-05 08:17:37.112 [info] [Info  - 8:17:37 AM] (376) Setting environmentName for service "ndao": "3.8.10 (global)"
2024-06-05 08:17:37.159 [info] [Info  - 8:17:37 AM] (376) Assuming Python version 3.8.10.final.0
2024-06-05 08:17:37.517 [info] [Info  - 8:17:37 AM] (376) No source files found.
2024-06-05 08:17:37.557 [info] [Info  - 8:17:37 AM] (376) Setting pythonPath for service "ndao": "/bin/python3"
2024-06-05 08:17:37.558 [info] [Info  - 8:17:37 AM] (376) Setting environmentName for service "ndao": "3.8.10 (global)"
2024-06-05 08:17:37.677 [info] [Info  - 8:17:37 AM] (376) Assuming Python version 3.8.10.final.0
2024-06-05 08:17:37.957 [info] [Info  - 8:17:37 AM] (376) No source files found.
2024-06-05 08:17:37.983 [info] [Info  - 8:17:37 AM] (376) Setting pythonPath for service "ndao": "/bin/python3"
2024-06-05 08:17:37.983 [info] [Info  - 8:17:37 AM] (376) Setting environmentName for service "ndao": "3.8.10 (global)"
2024-06-05 08:17:38.050 [info] [Info  - 8:17:38 AM] (376) Assuming Python version 3.8.10.final.0
2024-06-05 08:17:38.649 [info] [Info  - 8:17:38 AM] (376) No source files found.
2024-06-05 08:17:38.739 [info] [Info  - 8:17:38 AM] (376) Setting pythonPath for service "ndao": "/bin/python3"
2024-06-05 08:17:38.739 [info] [Info  - 8:17:38 AM] (376) Setting environmentName for service "ndao": "3.8.10 (global)"
2024-06-05 08:17:38.895 [info] [Info  - 8:17:38 AM] (376) Assuming Python version 3.8.10.final.0
2024-06-05 08:17:39.210 [info] [Info  - 8:17:39 AM] (376) No source files found.
2024-06-05 08:17:39.226 [info] [Info  - 8:17:39 AM] (376) Setting pythonPath for service "ndao": "/bin/python3"
2024-06-05 08:17:39.227 [info] [Info  - 8:17:39 AM] (376) Setting environmentName for service "ndao": "3.8.10 (global)"
2024-06-05 08:17:39.245 [info] [Info  - 8:17:39 AM] (376) Assuming Python version 3.8.10.final.0
2024-06-05 08:17:39.720 [info] [Info  - 8:17:39 AM] (376) No source files found.
2024-06-05 08:17:39.752 [info] [Info  - 8:17:39 AM] (376) Setting pythonPath for service "ndao": "/bin/python3"
2024-06-05 08:17:39.753 [info] [Info  - 8:17:39 AM] (376) Setting environmentName for service "ndao": "3.8.10 (global)"
2024-06-05 08:17:39.802 [info] [Info  - 8:17:39 AM] (376) Assuming Python version 3.8.10.final.0
2024-06-05 08:17:40.264 [info] [Info  - 8:17:40 AM] (376) No source files found.
2024-06-05 08:17:40.278 [info] [Info  - 8:17:40 AM] (376) Setting pythonPath for service "ndao": "/bin/python3"
2024-06-05 08:17:40.278 [info] [Info  - 8:17:40 AM] (376) Setting environmentName for service "ndao": "3.8.10 (global)"
2024-06-05 08:17:40.324 [info] [Info  - 8:17:40 AM] (376) Assuming Python version 3.8.10.final.0
2024-06-05 08:17:40.661 [info] [Info  - 8:17:40 AM] (376) No source files found.
2024-06-05 08:17:40.688 [info] [Info  - 8:17:40 AM] (376) Setting pythonPath for service "ndao": "/bin/python3"
2024-06-05 08:17:40.688 [info] [Info  - 8:17:40 AM] (376) Setting environmentName for service "ndao": "3.8.10 (global)"
2024-06-05 08:17:40.734 [info] [Info  - 8:17:40 AM] (376) Assuming Python version 3.8.10.final.0
2024-06-05 08:17:41.022 [info] [Info  - 8:17:41 AM] (376) No source files found.
2024-06-05 08:17:42.872 [info] [Info  - 8:17:42 AM] (376) Setting pythonPath for service "ndao": "/bin/python3"
2024-06-05 08:17:42.873 [info] [Info  - 8:17:42 AM] (376) Setting environmentName for service "ndao": "3.8.10 (global)"
2024-06-05 08:17:42.931 [info] [Info  - 8:17:42 AM] (376) Assuming Python version 3.8.10.final.0
2024-06-05 08:17:43.185 [info] [Info  - 8:17:43 AM] (376) No source files found.
2024-06-05 08:17:43.784 [info] [Info  - 8:17:43 AM] (376) Setting pythonPath for service "ndao": "/bin/python3"
2024-06-05 08:17:43.784 [info] [Info  - 8:17:43 AM] (376) Setting environmentName for service "ndao": "3.8.10 (global)"
2024-06-05 08:17:43.815 [info] [Info  - 8:17:43 AM] (376) Assuming Python version 3.8.10.final.0
2024-06-05 08:17:44.090 [info] [Info  - 8:17:44 AM] (376) No source files found.
2024-06-05 08:17:45.501 [info] [Info  - 8:17:45 AM] (376) Setting pythonPath for service "ndao": "/bin/python3"
2024-06-05 08:17:45.501 [info] [Info  - 8:17:45 AM] (376) Setting environmentName for service "ndao": "3.8.10 (global)"
2024-06-05 08:17:45.535 [info] [Info  - 8:17:45 AM] (376) Assuming Python version 3.8.10.final.0
2024-06-05 08:17:45.854 [info] [Info  - 8:17:45 AM] (376) No source files found.
2024-06-05 08:33:53.441 [info] [Info  - 8:33:53 AM] (376) Setting pythonPath for service "ndao": "/bin/python3"
2024-06-05 08:33:53.441 [info] [Info  - 8:33:53 AM] (376) Setting environmentName for service "ndao": "3.8.10 (global)"
2024-06-05 08:33:53.468 [info] [Info  - 8:33:53 AM] (376) Assuming Python version 3.8.10.final.0
2024-06-05 08:33:53.681 [info] [Info  - 8:33:53 AM] (376) No source files found.
2024-06-05 08:33:54.226 [info] [Info  - 8:33:54 AM] (376) Setting pythonPath for service "ndao": "/bin/python3"
2024-06-05 08:33:54.226 [info] [Info  - 8:33:54 AM] (376) Setting environmentName for service "ndao": "3.8.10 (global)"
2024-06-05 08:33:54.274 [info] [Info  - 8:33:54 AM] (376) Assuming Python version 3.8.10.final.0
2024-06-05 08:33:54.543 [info] [Info  - 8:33:54 AM] (376) No source files found.
2024-06-05 08:34:50.739 [info] [Info  - 8:34:50 AM] (376) Setting pythonPath for service "ndao": "/bin/python3"
2024-06-05 08:34:50.739 [info] [Info  - 8:34:50 AM] (376) Setting environmentName for service "ndao": "3.8.10 (global)"
2024-06-05 08:34:50.776 [info] [Info  - 8:34:50 AM] (376) Assuming Python version 3.8.10.final.0
2024-06-05 08:34:51.024 [info] [Info  - 8:34:51 AM] (376) No source files found.
2024-06-05 08:34:52.263 [info] [Info  - 8:34:52 AM] (376) Setting pythonPath for service "ndao": "/bin/python3"
2024-06-05 08:34:52.265 [info] [Info  - 8:34:52 AM] (376) Setting environmentName for service "ndao": "3.8.10 (global)"
2024-06-05 08:34:52.313 [info] [Info  - 8:34:52 AM] (376) Assuming Python version 3.8.10.final.0
2024-06-05 08:34:52.517 [info] [Info  - 8:34:52 AM] (376) No source files found.
2024-06-05 08:36:45.158 [info] [Info  - 8:36:45 AM] (376) Setting pythonPath for service "ndao": "/bin/python3"
2024-06-05 08:36:45.159 [info] [Info  - 8:36:45 AM] (376) Setting environmentName for service "ndao": "3.8.10 (global)"
2024-06-05 08:36:45.194 [info] [Info  - 8:36:45 AM] (376) Assuming Python version 3.8.10.final.0
2024-06-05 08:36:45.392 [info] [Info  - 8:36:45 AM] (376) No source files found.
2024-06-05 08:36:52.984 [info] [Info  - 8:36:52 AM] (376) Setting pythonPath for service "ndao": "/bin/python3"
2024-06-05 08:36:52.985 [info] [Info  - 8:36:52 AM] (376) Setting environmentName for service "ndao": "3.8.10 (global)"
2024-06-05 08:36:53.055 [info] [Info  - 8:36:53 AM] (376) Assuming Python version 3.8.10.final.0
2024-06-05 08:36:53.256 [info] [Info  - 8:36:53 AM] (376) No source files found.
2024-06-05 08:40:55.592 [info] [Info  - 8:40:55 AM] (376) Setting pythonPath for service "ndao": "/bin/python3"
2024-06-05 08:40:55.593 [info] [Info  - 8:40:55 AM] (376) Setting environmentName for service "ndao": "3.8.10 (global)"
2024-06-05 08:40:55.629 [info] [Info  - 8:40:55 AM] (376) Assuming Python version 3.8.10.final.0
2024-06-05 08:40:55.853 [info] [Info  - 8:40:55 AM] (376) No source files found.
2024-06-05 08:40:57.629 [info] [Info  - 8:40:57 AM] (376) Setting pythonPath for service "ndao": "/bin/python3"
2024-06-05 08:40:57.629 [info] [Info  - 8:40:57 AM] (376) Setting environmentName for service "ndao": "3.8.10 (global)"
2024-06-05 08:40:57.661 [info] [Info  - 8:40:57 AM] (376) Assuming Python version 3.8.10.final.0
2024-06-05 08:40:57.875 [info] [Info  - 8:40:57 AM] (376) No source files found.
2024-06-05 08:40:58.121 [info] [Info  - 8:40:58 AM] (376) Setting pythonPath for service "ndao": "/bin/python3"
2024-06-05 08:40:58.125 [info] [Info  - 8:40:58 AM] (376) Setting environmentName for service "ndao": "3.8.10 (global)"
2024-06-05 08:40:58.165 [info] [Info  - 8:40:58 AM] (376) Assuming Python version 3.8.10.final.0
2024-06-05 08:40:58.389 [info] [Info  - 8:40:58 AM] (376) No source files found.
2024-06-05 08:41:00.665 [info] [Info  - 8:41:00 AM] (376) Setting pythonPath for service "ndao": "/bin/python3"
2024-06-05 08:41:00.665 [info] [Info  - 8:41:00 AM] (376) Setting environmentName for service "ndao": "3.8.10 (global)"
2024-06-05 08:41:00.708 [info] [Info  - 8:41:00 AM] (376) Assuming Python version 3.8.10.final.0
2024-06-05 08:41:00.916 [info] [Info  - 8:41:00 AM] (376) No source files found.
2024-06-05 08:41:32.982 [info] [Info  - 8:41:32 AM] (376) Setting pythonPath for service "ndao": "/bin/python3"
2024-06-05 08:41:32.982 [info] [Info  - 8:41:32 AM] (376) Setting environmentName for service "ndao": "3.8.10 (global)"
2024-06-05 08:41:33.042 [info] [Info  - 8:41:33 AM] (376) Assuming Python version 3.8.10.final.0
2024-06-05 08:41:33.220 [info] [Info  - 8:41:33 AM] (376) No source files found.
2024-06-05 08:41:36.295 [info] [Info  - 8:41:36 AM] (376) Setting pythonPath for service "ndao": "/bin/python3"
2024-06-05 08:41:36.297 [info] [Info  - 8:41:36 AM] (376) Setting environmentName for service "ndao": "3.8.10 (global)"
2024-06-05 08:41:36.341 [info] [Info  - 8:41:36 AM] (376) Assuming Python version 3.8.10.final.0
2024-06-05 08:41:36.570 [info] [Info  - 8:41:36 AM] (376) No source files found.
2024-06-05 08:43:03.286 [info] [Info  - 8:43:03 AM] (376) Setting pythonPath for service "ndao": "/bin/python3"
2024-06-05 08:43:03.286 [info] [Info  - 8:43:03 AM] (376) Setting environmentName for service "ndao": "3.8.10 (global)"
2024-06-05 08:43:03.315 [info] [Info  - 8:43:03 AM] (376) Assuming Python version 3.8.10.final.0
2024-06-05 08:43:03.495 [info] [Info  - 8:43:03 AM] (376) No source files found.
2024-06-05 08:43:04.370 [info] [Info  - 8:43:04 AM] (376) Setting pythonPath for service "ndao": "/bin/python3"
2024-06-05 08:43:04.371 [info] [Info  - 8:43:04 AM] (376) Setting environmentName for service "ndao": "3.8.10 (global)"
2024-06-05 08:43:04.415 [info] [Info  - 8:43:04 AM] (376) Assuming Python version 3.8.10.final.0
2024-06-05 08:43:04.665 [info] [Info  - 8:43:04 AM] (376) No source files found.
2024-06-05 08:43:21.765 [info] [Info  - 8:43:21 AM] (376) Setting pythonPath for service "ndao": "/bin/python3"
2024-06-05 08:43:21.765 [info] [Info  - 8:43:21 AM] (376) Setting environmentName for service "ndao": "3.8.10 (global)"
2024-06-05 08:43:21.822 [info] [Info  - 8:43:21 AM] (376) Assuming Python version 3.8.10.final.0
2024-06-05 08:43:22.050 [info] [Info  - 8:43:22 AM] (376) No source files found.
2024-06-05 08:43:22.075 [info] [Info  - 8:43:22 AM] (376) Setting pythonPath for service "ndao": "/bin/python3"
2024-06-05 08:43:22.075 [info] [Info  - 8:43:22 AM] (376) Setting environmentName for service "ndao": "3.8.10 (global)"
2024-06-05 08:43:22.154 [info] [Info  - 8:43:22 AM] (376) Assuming Python version 3.8.10.final.0
2024-06-05 08:43:22.334 [info] [Info  - 8:43:22 AM] (376) No source files found.
2024-06-05 08:44:48.709 [info] [Info  - 8:44:48 AM] (376) Setting pythonPath for service "ndao": "/bin/python3"
2024-06-05 08:44:48.710 [info] [Info  - 8:44:48 AM] (376) Setting environmentName for service "ndao": "3.8.10 (global)"
2024-06-05 08:44:48.741 [info] [Info  - 8:44:48 AM] (376) Assuming Python version 3.8.10.final.0
2024-06-05 08:44:49.025 [info] [Info  - 8:44:49 AM] (376) No source files found.
2024-06-05 08:45:16.253 [info] [Info  - 8:45:16 AM] (376) Setting pythonPath for service "ndao": "/bin/python3"
2024-06-05 08:45:16.254 [info] [Info  - 8:45:16 AM] (376) Setting environmentName for service "ndao": "3.8.10 (global)"
2024-06-05 08:45:16.293 [info] [Info  - 8:45:16 AM] (376) Assuming Python version 3.8.10.final.0
2024-06-05 08:45:16.510 [info] [Info  - 8:45:16 AM] (376) No source files found.
2024-06-05 08:45:16.708 [info] [Info  - 8:45:16 AM] (376) Setting pythonPath for service "ndao": "/bin/python3"
2024-06-05 08:45:16.708 [info] [Info  - 8:45:16 AM] (376) Setting environmentName for service "ndao": "3.8.10 (global)"
2024-06-05 08:45:16.786 [info] [Info  - 8:45:16 AM] (376) Assuming Python version 3.8.10.final.0
2024-06-05 08:45:17.023 [info] [Info  - 8:45:17 AM] (376) No source files found.
2024-06-05 08:46:14.340 [info] [Info  - 8:46:14 AM] (376) Setting pythonPath for service "ndao": "/bin/python3"
2024-06-05 08:46:14.340 [info] [Info  - 8:46:14 AM] (376) Setting environmentName for service "ndao": "3.8.10 (global)"
2024-06-05 08:46:14.370 [info] [Info  - 8:46:14 AM] (376) Assuming Python version 3.8.10.final.0
2024-06-05 08:46:14.604 [info] [Info  - 8:46:14 AM] (376) No source files found.
2024-06-05 10:09:38.709 [info] [Info  - 10:09:38 AM] (376) Setting pythonPath for service "ndao": "/bin/python3"
2024-06-05 10:09:38.710 [info] [Info  - 10:09:38 AM] (376) Setting environmentName for service "ndao": "3.8.10 (global)"
2024-06-05 10:09:38.744 [info] [Info  - 10:09:38 AM] (376) Assuming Python version 3.8.10.final.0
2024-06-05 10:09:38.971 [info] [Info  - 10:09:38 AM] (376) No source files found.
2024-06-05 10:09:40.943 [info] [Info  - 10:09:40 AM] (376) Setting pythonPath for service "ndao": "/bin/python3"
2024-06-05 10:09:40.943 [info] [Info  - 10:09:40 AM] (376) Setting environmentName for service "ndao": "3.8.10 (global)"
2024-06-05 10:09:41.008 [info] [Info  - 10:09:41 AM] (376) Assuming Python version 3.8.10.final.0
2024-06-05 10:09:41.296 [info] [Info  - 10:09:41 AM] (376) No source files found.
2024-06-05 10:12:08.735 [info] [Info  - 10:12:08 AM] (376) Setting pythonPath for service "ndao": "/bin/python3"
2024-06-05 10:12:08.735 [info] [Info  - 10:12:08 AM] (376) Setting environmentName for service "ndao": "3.8.10 (global)"
2024-06-05 10:12:08.767 [info] [Info  - 10:12:08 AM] (376) Assuming Python version 3.8.10.final.0
2024-06-05 10:12:08.966 [info] [Info  - 10:12:08 AM] (376) No source files found.
2024-06-05 10:12:28.937 [info] [Info  - 10:12:28 AM] (376) Setting pythonPath for service "ndao": "/bin/python3"
2024-06-05 10:12:28.938 [info] [Info  - 10:12:28 AM] (376) Setting environmentName for service "ndao": "3.8.10 (global)"
2024-06-05 10:12:28.939 [info] [Info  - 10:12:28 AM] (376) Assuming Python version 3.8.10.final.0
2024-06-05 10:12:29.182 [info] [Info  - 10:12:29 AM] (376) No source files found.
2024-06-05 10:13:06.997 [info] [Info  - 10:13:06 AM] (376) Setting pythonPath for service "ndao": "/bin/python3"
2024-06-05 10:13:06.997 [info] [Info  - 10:13:06 AM] (376) Setting environmentName for service "ndao": "3.8.10 (global)"
2024-06-05 10:13:07.030 [info] [Info  - 10:13:07 AM] (376) Assuming Python version 3.8.10.final.0
2024-06-05 10:13:07.230 [info] [Info  - 10:13:07 AM] (376) No source files found.
2024-06-05 10:13:15.275 [info] [Info  - 10:13:15 AM] (376) Setting pythonPath for service "ndao": "/bin/python3"
2024-06-05 10:13:15.275 [info] [Info  - 10:13:15 AM] (376) Setting environmentName for service "ndao": "3.8.10 (global)"
2024-06-05 10:13:15.304 [info] [Info  - 10:13:15 AM] (376) Assuming Python version 3.8.10.final.0
2024-06-05 10:13:15.510 [info] [Info  - 10:13:15 AM] (376) No source files found.
