2024-06-05 07:17:02.091 [info] Log level: Info
2024-06-05 07:17:02.092 [info] Validating found git in: "git"
2024-06-05 07:17:02.092 [info] Using git "2.25.1" from "git"
2024-06-05 07:17:02.092 [info] > git rev-parse --show-toplevel [312ms]
2024-06-05 07:17:02.092 [info] > git rev-parse --git-dir --git-common-dir [253ms]
2024-06-05 07:17:02.092 [info] Open repository: /home/ndao
2024-06-05 07:17:02.206 [info] > git rev-parse --show-toplevel [179ms]
2024-06-05 07:17:02.208 [info] > git config --get commit.template [206ms]
2024-06-05 07:17:02.321 [info] > git rev-parse --show-toplevel [88ms]
2024-06-05 07:17:02.995 [info] > git for-each-ref --format=%(refname)%00%(upstream:short)%00%(objectname)%00%(upstream:track)%00%(upstream:remotename)%00%(upstream:remoteref) refs/heads/main refs/remotes/main [693ms]
2024-06-05 07:17:03.217 [info] > git rev-parse --show-toplevel [226ms]
2024-06-05 07:17:03.288 [info] > git check-ignore -v -z --stdin [275ms]
2024-06-05 07:17:03.307 [info] > git rev-parse --show-toplevel [36ms]
2024-06-05 07:17:03.506 [info] > git rev-parse --show-toplevel [13ms]
2024-06-05 07:17:03.536 [info] > git rev-parse --show-toplevel [6ms]
2024-06-05 07:17:03.645 [info] > git status -z -uall [177ms]
2024-06-05 07:17:03.703 [info] > git rev-parse --show-toplevel [139ms]
2024-06-05 07:17:03.809 [info] > git merge-base refs/heads/main refs/remotes/origin/main [138ms]
2024-06-05 07:17:04.004 [info] > git rev-list --count --left-right refs/heads/main...refs/remotes/origin/main [176ms]
2024-06-05 07:17:04.020 [info] > git rev-parse --show-toplevel [284ms]
2024-06-05 07:17:04.021 [info] > git config --get commit.template [299ms]
2024-06-05 07:17:04.043 [info] > git diff --name-status -z --diff-filter=ADMR 4e6239fefca6e8c4cb501617f59065dd6f361973...refs/remotes/origin/main [23ms]
2024-06-05 07:17:04.066 [info] > git rev-parse --show-toplevel [24ms]
2024-06-05 07:17:04.159 [info] > git for-each-ref --format=%(refname)%00%(upstream:short)%00%(objectname)%00%(upstream:track)%00%(upstream:remotename)%00%(upstream:remoteref) refs/heads/main refs/remotes/main [99ms]
2024-06-05 07:17:04.189 [info] > git rev-parse --show-toplevel [105ms]
2024-06-05 07:17:04.235 [info] > git show --textconv :mysql_setup/sql_setup.yml [26ms]
2024-06-05 07:17:04.237 [info] > git ls-files --stage -- /home/ndao/mysql_setup/sql_setup.yml [13ms]
2024-06-05 07:17:04.368 [info] > git status -z -uall [115ms]
2024-06-05 07:46:18.383 [info] > git config --get commit.template [1ms]
2024-06-05 07:46:18.393 [info] > git for-each-ref --format=%(refname)%00%(upstream:short)%00%(objectname)%00%(upstream:track)%00%(upstream:remotename)%00%(upstream:remoteref) refs/heads/main refs/remotes/main [1ms]
2024-06-05 07:46:18.522 [info] > git status -z -uall [120ms]
2024-06-05 07:46:23.561 [info] > git config --get commit.template [0ms]
2024-06-05 07:46:23.569 [info] > git for-each-ref --format=%(refname)%00%(upstream:short)%00%(objectname)%00%(upstream:track)%00%(upstream:remotename)%00%(upstream:remoteref) refs/heads/main refs/remotes/main [1ms]
2024-06-05 07:46:23.636 [info] > git status -z -uall [59ms]
2024-06-05 07:46:28.659 [info] > git config --get commit.template [1ms]
2024-06-05 07:46:28.666 [info] > git for-each-ref --format=%(refname)%00%(upstream:short)%00%(objectname)%00%(upstream:track)%00%(upstream:remotename)%00%(upstream:remoteref) refs/heads/main refs/remotes/main [1ms]
2024-06-05 07:46:28.716 [info] > git status -z -uall [43ms]
2024-06-05 07:46:33.753 [info] > git config --get commit.template [3ms]
2024-06-05 07:46:33.763 [info] > git for-each-ref --format=%(refname)%00%(upstream:short)%00%(objectname)%00%(upstream:track)%00%(upstream:remotename)%00%(upstream:remoteref) refs/heads/main refs/remotes/main [1ms]
2024-06-05 07:46:33.838 [info] > git status -z -uall [65ms]
2024-06-05 07:46:38.913 [info] > git config --get commit.template [10ms]
2024-06-05 07:46:38.914 [info] > git for-each-ref --format=%(refname)%00%(upstream:short)%00%(objectname)%00%(upstream:track)%00%(upstream:remotename)%00%(upstream:remoteref) refs/heads/main refs/remotes/main [1ms]
2024-06-05 07:46:38.967 [info] > git status -z -uall [45ms]
2024-06-05 07:46:43.991 [info] > git config --get commit.template [0ms]
2024-06-05 07:46:43.999 [info] > git for-each-ref --format=%(refname)%00%(upstream:short)%00%(objectname)%00%(upstream:track)%00%(upstream:remotename)%00%(upstream:remoteref) refs/heads/main refs/remotes/main [1ms]
2024-06-05 07:46:44.051 [info] > git status -z -uall [44ms]
2024-06-05 07:46:49.086 [info] > git config --get commit.template [11ms]
2024-06-05 07:46:49.086 [info] > git for-each-ref --format=%(refname)%00%(upstream:short)%00%(objectname)%00%(upstream:track)%00%(upstream:remotename)%00%(upstream:remoteref) refs/heads/main refs/remotes/main [1ms]
2024-06-05 07:46:49.217 [info] > git status -z -uall [104ms]
2024-06-05 07:46:54.239 [info] > git config --get commit.template [0ms]
2024-06-05 07:46:54.247 [info] > git for-each-ref --format=%(refname)%00%(upstream:short)%00%(objectname)%00%(upstream:track)%00%(upstream:remotename)%00%(upstream:remoteref) refs/heads/main refs/remotes/main [1ms]
2024-06-05 07:46:54.298 [info] > git status -z -uall [43ms]
2024-06-05 07:46:59.325 [info] > git config --get commit.template [9ms]
2024-06-05 07:46:59.326 [info] > git for-each-ref --format=%(refname)%00%(upstream:short)%00%(objectname)%00%(upstream:track)%00%(upstream:remotename)%00%(upstream:remoteref) refs/heads/main refs/remotes/main [2ms]
2024-06-05 07:46:59.375 [info] > git status -z -uall [41ms]
2024-06-05 07:47:04.396 [info] > git config --get commit.template [1ms]
2024-06-05 07:47:04.405 [info] > git for-each-ref --format=%(refname)%00%(upstream:short)%00%(objectname)%00%(upstream:track)%00%(upstream:remotename)%00%(upstream:remoteref) refs/heads/main refs/remotes/main [1ms]
2024-06-05 07:47:04.464 [info] > git status -z -uall [50ms]
2024-06-05 07:47:09.492 [info] > git config --get commit.template [1ms]
2024-06-05 07:47:09.502 [info] > git for-each-ref --format=%(refname)%00%(upstream:short)%00%(objectname)%00%(upstream:track)%00%(upstream:remotename)%00%(upstream:remoteref) refs/heads/main refs/remotes/main [1ms]
2024-06-05 07:47:09.551 [info] > git status -z -uall [42ms]
2024-06-05 07:47:14.575 [info] > git config --get commit.template [0ms]
2024-06-05 07:47:14.583 [info] > git for-each-ref --format=%(refname)%00%(upstream:short)%00%(objectname)%00%(upstream:track)%00%(upstream:remotename)%00%(upstream:remoteref) refs/heads/main refs/remotes/main [1ms]
2024-06-05 07:47:14.638 [info] > git status -z -uall [47ms]
2024-06-05 07:47:19.658 [info] > git config --get commit.template [2ms]
2024-06-05 07:47:19.667 [info] > git for-each-ref --format=%(refname)%00%(upstream:short)%00%(objectname)%00%(upstream:track)%00%(upstream:remotename)%00%(upstream:remoteref) refs/heads/main refs/remotes/main [1ms]
2024-06-05 07:47:19.723 [info] > git status -z -uall [47ms]
2024-06-05 07:47:24.748 [info] > git config --get commit.template [1ms]
2024-06-05 07:47:24.756 [info] > git for-each-ref --format=%(refname)%00%(upstream:short)%00%(objectname)%00%(upstream:track)%00%(upstream:remotename)%00%(upstream:remoteref) refs/heads/main refs/remotes/main [1ms]
2024-06-05 07:47:24.806 [info] > git status -z -uall [41ms]
2024-06-05 07:47:29.835 [info] > git config --get commit.template [8ms]
2024-06-05 07:47:29.836 [info] > git for-each-ref --format=%(refname)%00%(upstream:short)%00%(objectname)%00%(upstream:track)%00%(upstream:remotename)%00%(upstream:remoteref) refs/heads/main refs/remotes/main [1ms]
2024-06-05 07:47:29.885 [info] > git status -z -uall [41ms]
2024-06-05 07:47:34.914 [info] > git config --get commit.template [9ms]
2024-06-05 07:47:34.915 [info] > git for-each-ref --format=%(refname)%00%(upstream:short)%00%(objectname)%00%(upstream:track)%00%(upstream:remotename)%00%(upstream:remoteref) refs/heads/main refs/remotes/main [2ms]
2024-06-05 07:47:34.987 [info] > git status -z -uall [63ms]
2024-06-05 07:47:40.020 [info] > git config --get commit.template [9ms]
2024-06-05 07:47:40.021 [info] > git for-each-ref --format=%(refname)%00%(upstream:short)%00%(objectname)%00%(upstream:track)%00%(upstream:remotename)%00%(upstream:remoteref) refs/heads/main refs/remotes/main [1ms]
2024-06-05 07:47:40.070 [info] > git status -z -uall [41ms]
2024-06-05 07:47:45.092 [info] > git config --get commit.template [0ms]
2024-06-05 07:47:45.100 [info] > git for-each-ref --format=%(refname)%00%(upstream:short)%00%(objectname)%00%(upstream:track)%00%(upstream:remotename)%00%(upstream:remoteref) refs/heads/main refs/remotes/main [1ms]
2024-06-05 07:47:45.152 [info] > git status -z -uall [44ms]
2024-06-05 07:47:50.170 [info] > git config --get commit.template [1ms]
2024-06-05 07:47:50.179 [info] > git for-each-ref --format=%(refname)%00%(upstream:short)%00%(objectname)%00%(upstream:track)%00%(upstream:remotename)%00%(upstream:remoteref) refs/heads/main refs/remotes/main [1ms]
2024-06-05 07:47:50.242 [info] > git status -z -uall [54ms]
2024-06-05 07:47:55.270 [info] > git config --get commit.template [9ms]
2024-06-05 07:47:55.271 [info] > git for-each-ref --format=%(refname)%00%(upstream:short)%00%(objectname)%00%(upstream:track)%00%(upstream:remotename)%00%(upstream:remoteref) refs/heads/main refs/remotes/main [1ms]
2024-06-05 07:47:55.321 [info] > git status -z -uall [42ms]
2024-06-05 07:48:00.340 [info] > git config --get commit.template [0ms]
2024-06-05 07:48:00.349 [info] > git for-each-ref --format=%(refname)%00%(upstream:short)%00%(objectname)%00%(upstream:track)%00%(upstream:remotename)%00%(upstream:remoteref) refs/heads/main refs/remotes/main [1ms]
2024-06-05 07:48:00.406 [info] > git status -z -uall [47ms]
2024-06-05 07:48:05.436 [info] > git config --get commit.template [8ms]
2024-06-05 07:48:05.437 [info] > git for-each-ref --format=%(refname)%00%(upstream:short)%00%(objectname)%00%(upstream:track)%00%(upstream:remotename)%00%(upstream:remoteref) refs/heads/main refs/remotes/main [2ms]
2024-06-05 07:48:05.495 [info] > git status -z -uall [49ms]
2024-06-05 07:48:10.516 [info] > git config --get commit.template [0ms]
2024-06-05 07:48:10.524 [info] > git for-each-ref --format=%(refname)%00%(upstream:short)%00%(objectname)%00%(upstream:track)%00%(upstream:remotename)%00%(upstream:remoteref) refs/heads/main refs/remotes/main [1ms]
2024-06-05 07:48:10.578 [info] > git status -z -uall [44ms]
2024-06-05 07:49:21.268 [info] > git config --get commit.template [35ms]
2024-06-05 07:49:21.268 [info] > git for-each-ref --format=%(refname)%00%(upstream:short)%00%(objectname)%00%(upstream:track)%00%(upstream:remotename)%00%(upstream:remoteref) refs/heads/main refs/remotes/main [3ms]
2024-06-05 07:49:21.353 [info] > git status -z -uall [71ms]
2024-06-05 07:49:26.394 [info] > git config --get commit.template [2ms]
2024-06-05 07:49:26.406 [info] > git for-each-ref --format=%(refname)%00%(upstream:short)%00%(objectname)%00%(upstream:track)%00%(upstream:remotename)%00%(upstream:remoteref) refs/heads/main refs/remotes/main [2ms]
2024-06-05 07:49:26.463 [info] > git status -z -uall [48ms]
2024-06-05 07:49:31.509 [info] > git config --get commit.template [8ms]
2024-06-05 07:49:31.509 [info] > git for-each-ref --format=%(refname)%00%(upstream:short)%00%(objectname)%00%(upstream:track)%00%(upstream:remotename)%00%(upstream:remoteref) refs/heads/main refs/remotes/main [1ms]
2024-06-05 07:49:31.560 [info] > git status -z -uall [43ms]
2024-06-05 07:49:37.937 [info] > git config --get commit.template [10ms]
2024-06-05 07:49:37.938 [info] > git for-each-ref --format=%(refname)%00%(upstream:short)%00%(objectname)%00%(upstream:track)%00%(upstream:remotename)%00%(upstream:remoteref) refs/heads/main refs/remotes/main [2ms]
2024-06-05 07:49:37.993 [info] > git status -z -uall [47ms]
2024-06-05 07:49:42.659 [info] > git show --textconv :mysql_setup/vars/mysql_vars.yml [11ms]
2024-06-05 07:49:42.662 [info] > git ls-files --stage -- /home/ndao/mysql_setup/vars/mysql_vars.yml [4ms]
2024-06-05 07:49:42.673 [info] > git cat-file -s ec96f6bfddd74d4d9073597a59f55b1ec4862c99 [2ms]
2024-06-05 07:49:43.013 [info] > git config --get commit.template [1ms]
2024-06-05 07:49:43.043 [info] > git for-each-ref --format=%(refname)%00%(upstream:short)%00%(objectname)%00%(upstream:track)%00%(upstream:remotename)%00%(upstream:remoteref) refs/heads/main refs/remotes/main [3ms]
2024-06-05 07:49:43.103 [info] > git status -z -uall [48ms]
2024-06-05 07:49:44.803 [info] > git show --textconv :mysql_setup/sql_setup.yml [10ms]
2024-06-05 07:49:44.806 [info] > git ls-files --stage -- /home/ndao/mysql_setup/sql_setup.yml [3ms]
2024-06-05 07:49:48.125 [info] > git config --get commit.template [1ms]
2024-06-05 07:49:48.134 [info] > git for-each-ref --format=%(refname)%00%(upstream:short)%00%(objectname)%00%(upstream:track)%00%(upstream:remotename)%00%(upstream:remoteref) refs/heads/main refs/remotes/main [1ms]
2024-06-05 07:49:48.185 [info] > git status -z -uall [43ms]
2024-06-05 07:53:55.672 [info] > git config --get commit.template [13ms]
2024-06-05 07:53:55.672 [info] > git for-each-ref --format=%(refname)%00%(upstream:short)%00%(objectname)%00%(upstream:track)%00%(upstream:remotename)%00%(upstream:remoteref) refs/heads/main refs/remotes/main [1ms]
2024-06-05 07:53:55.762 [info] > git status -z -uall [81ms]
2024-06-05 07:53:57.865 [info] > git show --textconv :mysql_setup/vars/mysql_vars.yml [12ms]
2024-06-05 07:53:57.867 [info] > git ls-files --stage -- /home/ndao/mysql_setup/vars/mysql_vars.yml [3ms]
2024-06-05 07:53:57.875 [info] > git cat-file -s ec96f6bfddd74d4d9073597a59f55b1ec4862c99 [1ms]
2024-06-05 07:54:00.786 [info] > git config --get commit.template [1ms]
2024-06-05 07:54:00.796 [info] > git for-each-ref --format=%(refname)%00%(upstream:short)%00%(objectname)%00%(upstream:track)%00%(upstream:remotename)%00%(upstream:remoteref) refs/heads/main refs/remotes/main [2ms]
2024-06-05 07:54:00.845 [info] > git status -z -uall [42ms]
2024-06-05 07:54:03.318 [info] > git show --textconv :mysql_setup/sql_setup.yml [11ms]
2024-06-05 07:54:03.320 [info] > git ls-files --stage -- /home/ndao/mysql_setup/sql_setup.yml [3ms]
2024-06-05 07:54:05.868 [info] > git config --get commit.template [1ms]
2024-06-05 07:54:05.878 [info] > git for-each-ref --format=%(refname)%00%(upstream:short)%00%(objectname)%00%(upstream:track)%00%(upstream:remotename)%00%(upstream:remoteref) refs/heads/main refs/remotes/main [3ms]
2024-06-05 07:54:05.935 [info] > git status -z -uall [49ms]
2024-06-05 07:54:30.585 [info] > git config --get commit.template [1ms]
2024-06-05 07:54:30.612 [info] > git for-each-ref --format=%(refname)%00%(upstream:short)%00%(objectname)%00%(upstream:track)%00%(upstream:remotename)%00%(upstream:remoteref) refs/heads/main refs/remotes/main [2ms]
2024-06-05 07:54:30.677 [info] > git status -z -uall [53ms]
2024-06-05 07:54:35.716 [info] > git config --get commit.template [9ms]
2024-06-05 07:54:35.716 [info] > git for-each-ref --format=%(refname)%00%(upstream:short)%00%(objectname)%00%(upstream:track)%00%(upstream:remotename)%00%(upstream:remoteref) refs/heads/main refs/remotes/main [1ms]
2024-06-05 07:54:35.767 [info] > git status -z -uall [42ms]
2024-06-05 07:54:41.277 [info] > git config --get commit.template [2ms]
2024-06-05 07:54:41.287 [info] > git for-each-ref --format=%(refname)%00%(upstream:short)%00%(objectname)%00%(upstream:track)%00%(upstream:remotename)%00%(upstream:remoteref) refs/heads/main refs/remotes/main [1ms]
2024-06-05 07:54:41.337 [info] > git status -z -uall [42ms]
2024-06-05 07:54:46.359 [info] > git config --get commit.template [1ms]
2024-06-05 07:54:46.368 [info] > git for-each-ref --format=%(refname)%00%(upstream:short)%00%(objectname)%00%(upstream:track)%00%(upstream:remotename)%00%(upstream:remoteref) refs/heads/main refs/remotes/main [1ms]
2024-06-05 07:54:46.418 [info] > git status -z -uall [43ms]
2024-06-05 07:54:51.436 [info] > git config --get commit.template [0ms]
2024-06-05 07:54:51.445 [info] > git for-each-ref --format=%(refname)%00%(upstream:short)%00%(objectname)%00%(upstream:track)%00%(upstream:remotename)%00%(upstream:remoteref) refs/heads/main refs/remotes/main [1ms]
2024-06-05 07:54:51.495 [info] > git status -z -uall [42ms]
2024-06-05 07:54:56.547 [info] > git config --get commit.template [17ms]
2024-06-05 07:54:56.549 [info] > git for-each-ref --format=%(refname)%00%(upstream:short)%00%(objectname)%00%(upstream:track)%00%(upstream:remotename)%00%(upstream:remoteref) refs/heads/main refs/remotes/main [3ms]
2024-06-05 07:54:56.604 [info] > git status -z -uall [46ms]
2024-06-05 07:55:01.641 [info] > git config --get commit.template [1ms]
2024-06-05 07:55:01.654 [info] > git for-each-ref --format=%(refname)%00%(upstream:short)%00%(objectname)%00%(upstream:track)%00%(upstream:remotename)%00%(upstream:remoteref) refs/heads/main refs/remotes/main [2ms]
2024-06-05 07:55:01.707 [info] > git status -z -uall [43ms]
2024-06-05 07:55:06.725 [info] > git config --get commit.template [1ms]
2024-06-05 07:55:06.733 [info] > git for-each-ref --format=%(refname)%00%(upstream:short)%00%(objectname)%00%(upstream:track)%00%(upstream:remotename)%00%(upstream:remoteref) refs/heads/main refs/remotes/main [1ms]
2024-06-05 07:55:06.784 [info] > git status -z -uall [43ms]
2024-06-05 07:55:11.818 [info] > git config --get commit.template [11ms]
2024-06-05 07:55:11.819 [info] > git for-each-ref --format=%(refname)%00%(upstream:short)%00%(objectname)%00%(upstream:track)%00%(upstream:remotename)%00%(upstream:remoteref) refs/heads/main refs/remotes/main [2ms]
2024-06-05 07:55:11.869 [info] > git status -z -uall [43ms]
2024-06-05 07:55:16.900 [info] > git config --get commit.template [8ms]
2024-06-05 07:55:16.900 [info] > git for-each-ref --format=%(refname)%00%(upstream:short)%00%(objectname)%00%(upstream:track)%00%(upstream:remotename)%00%(upstream:remoteref) refs/heads/main refs/remotes/main [1ms]
2024-06-05 07:55:16.950 [info] > git status -z -uall [42ms]
2024-06-05 07:55:21.972 [info] > git config --get commit.template [1ms]
2024-06-05 07:55:21.980 [info] > git for-each-ref --format=%(refname)%00%(upstream:short)%00%(objectname)%00%(upstream:track)%00%(upstream:remotename)%00%(upstream:remoteref) refs/heads/main refs/remotes/main [1ms]
2024-06-05 07:55:22.033 [info] > git status -z -uall [43ms]
2024-06-05 07:55:27.058 [info] > git config --get commit.template [1ms]
2024-06-05 07:55:27.067 [info] > git for-each-ref --format=%(refname)%00%(upstream:short)%00%(objectname)%00%(upstream:track)%00%(upstream:remotename)%00%(upstream:remoteref) refs/heads/main refs/remotes/main [1ms]
2024-06-05 07:55:27.119 [info] > git status -z -uall [44ms]
2024-06-05 07:55:32.150 [info] > git config --get commit.template [9ms]
2024-06-05 07:55:32.151 [info] > git for-each-ref --format=%(refname)%00%(upstream:short)%00%(objectname)%00%(upstream:track)%00%(upstream:remotename)%00%(upstream:remoteref) refs/heads/main refs/remotes/main [1ms]
2024-06-05 07:55:32.202 [info] > git status -z -uall [42ms]
2024-06-05 07:55:37.226 [info] > git config --get commit.template [2ms]
2024-06-05 07:55:37.239 [info] > git for-each-ref --format=%(refname)%00%(upstream:short)%00%(objectname)%00%(upstream:track)%00%(upstream:remotename)%00%(upstream:remoteref) refs/heads/main refs/remotes/main [2ms]
2024-06-05 07:55:37.292 [info] > git status -z -uall [42ms]
2024-06-05 07:55:42.325 [info] > git config --get commit.template [9ms]
2024-06-05 07:55:42.325 [info] > git for-each-ref --format=%(refname)%00%(upstream:short)%00%(objectname)%00%(upstream:track)%00%(upstream:remotename)%00%(upstream:remoteref) refs/heads/main refs/remotes/main [1ms]
2024-06-05 07:55:42.384 [info] > git status -z -uall [51ms]
2024-06-05 07:55:47.401 [info] > git config --get commit.template [1ms]
2024-06-05 07:55:47.418 [info] > git for-each-ref --format=%(refname)%00%(upstream:short)%00%(objectname)%00%(upstream:track)%00%(upstream:remotename)%00%(upstream:remoteref) refs/heads/main refs/remotes/main [1ms]
2024-06-05 07:55:47.470 [info] > git status -z -uall [44ms]
2024-06-05 07:55:48.731 [info] > git show --textconv :mysql_setup/vars/mysql_vars.yml [11ms]
2024-06-05 07:55:48.733 [info] > git ls-files --stage -- /home/ndao/mysql_setup/vars/mysql_vars.yml [3ms]
2024-06-05 07:55:48.742 [info] > git cat-file -s ec96f6bfddd74d4d9073597a59f55b1ec4862c99 [1ms]
2024-06-05 07:55:51.777 [info] > git show --textconv :mysql_setup/mysql_setup.yml [12ms]
2024-06-05 07:55:51.779 [info] > git ls-files --stage -- /home/ndao/mysql_setup/mysql_setup.yml [3ms]
2024-06-05 07:55:51.789 [info] > git cat-file -s 7f7136cb86898d75213b5735f1a1c10ec9535226 [2ms]
2024-06-05 07:55:52.490 [info] > git config --get commit.template [1ms]
2024-06-05 07:55:52.499 [info] > git for-each-ref --format=%(refname)%00%(upstream:short)%00%(objectname)%00%(upstream:track)%00%(upstream:remotename)%00%(upstream:remoteref) refs/heads/main refs/remotes/main [1ms]
2024-06-05 07:55:52.550 [info] > git status -z -uall [42ms]
2024-06-05 07:55:57.588 [info] > git config --get commit.template [10ms]
2024-06-05 07:55:57.589 [info] > git for-each-ref --format=%(refname)%00%(upstream:short)%00%(objectname)%00%(upstream:track)%00%(upstream:remotename)%00%(upstream:remoteref) refs/heads/main refs/remotes/main [2ms]
2024-06-05 07:55:57.661 [info] > git status -z -uall [64ms]
2024-06-05 07:55:57.871 [info] > git show --textconv :mysql_setup/sql_setup.yml [9ms]
2024-06-05 07:55:57.874 [info] > git ls-files --stage -- /home/ndao/mysql_setup/sql_setup.yml [3ms]
2024-06-05 07:56:04.343 [info] > git config --get commit.template [1ms]
2024-06-05 07:56:04.356 [info] > git for-each-ref --format=%(refname)%00%(upstream:short)%00%(objectname)%00%(upstream:track)%00%(upstream:remotename)%00%(upstream:remoteref) refs/heads/main refs/remotes/main [1ms]
2024-06-05 07:56:04.416 [info] > git status -z -uall [51ms]
2024-06-05 07:56:05.371 [info] > git show --textconv :mysql_setup/mysql_setup.yml [9ms]
2024-06-05 07:56:05.374 [info] > git ls-files --stage -- /home/ndao/mysql_setup/mysql_setup.yml [3ms]
2024-06-05 07:56:05.383 [info] > git cat-file -s 7f7136cb86898d75213b5735f1a1c10ec9535226 [1ms]
2024-06-05 07:56:09.472 [info] > git config --get commit.template [18ms]
2024-06-05 07:56:09.473 [info] > git for-each-ref --format=%(refname)%00%(upstream:short)%00%(objectname)%00%(upstream:track)%00%(upstream:remotename)%00%(upstream:remoteref) refs/heads/main refs/remotes/main [2ms]
2024-06-05 07:56:09.527 [info] > git status -z -uall [43ms]
2024-06-05 07:56:13.774 [info] > git show --textconv :mysql_setup/sql_setup.yml [10ms]
2024-06-05 07:56:13.776 [info] > git ls-files --stage -- /home/ndao/mysql_setup/sql_setup.yml [3ms]
2024-06-05 07:56:14.591 [info] > git config --get commit.template [19ms]
2024-06-05 07:56:14.592 [info] > git for-each-ref --format=%(refname)%00%(upstream:short)%00%(objectname)%00%(upstream:track)%00%(upstream:remotename)%00%(upstream:remoteref) refs/heads/main refs/remotes/main [2ms]
2024-06-05 07:56:14.646 [info] > git status -z -uall [44ms]
2024-06-05 07:56:19.668 [info] > git config --get commit.template [1ms]
2024-06-05 07:56:19.677 [info] > git for-each-ref --format=%(refname)%00%(upstream:short)%00%(objectname)%00%(upstream:track)%00%(upstream:remotename)%00%(upstream:remoteref) refs/heads/main refs/remotes/main [1ms]
2024-06-05 07:56:19.729 [info] > git status -z -uall [42ms]
2024-06-05 07:56:24.750 [info] > git config --get commit.template [1ms]
2024-06-05 07:56:24.758 [info] > git for-each-ref --format=%(refname)%00%(upstream:short)%00%(objectname)%00%(upstream:track)%00%(upstream:remotename)%00%(upstream:remoteref) refs/heads/main refs/remotes/main [1ms]
2024-06-05 07:56:24.813 [info] > git status -z -uall [47ms]
2024-06-05 07:56:29.830 [info] > git config --get commit.template [1ms]
2024-06-05 07:56:29.839 [info] > git for-each-ref --format=%(refname)%00%(upstream:short)%00%(objectname)%00%(upstream:track)%00%(upstream:remotename)%00%(upstream:remoteref) refs/heads/main refs/remotes/main [1ms]
2024-06-05 07:56:29.900 [info] > git status -z -uall [42ms]
2024-06-05 07:56:34.932 [info] > git config --get commit.template [1ms]
2024-06-05 07:56:34.948 [info] > git for-each-ref --format=%(refname)%00%(upstream:short)%00%(objectname)%00%(upstream:track)%00%(upstream:remotename)%00%(upstream:remoteref) refs/heads/main refs/remotes/main [1ms]
2024-06-05 07:56:35.005 [info] > git status -z -uall [45ms]
2024-06-05 07:56:40.042 [info] > git config --get commit.template [1ms]
2024-06-05 07:56:40.057 [info] > git for-each-ref --format=%(refname)%00%(upstream:short)%00%(objectname)%00%(upstream:track)%00%(upstream:remotename)%00%(upstream:remoteref) refs/heads/main refs/remotes/main [2ms]
2024-06-05 07:56:40.170 [info] > git status -z -uall [100ms]
2024-06-05 07:56:46.743 [info] > git config --get commit.template [1ms]
2024-06-05 07:56:46.758 [info] > git for-each-ref --format=%(refname)%00%(upstream:short)%00%(objectname)%00%(upstream:track)%00%(upstream:remotename)%00%(upstream:remoteref) refs/heads/main refs/remotes/main [2ms]
2024-06-05 07:56:46.821 [info] > git status -z -uall [53ms]
2024-06-05 07:56:51.842 [info] > git config --get commit.template [2ms]
2024-06-05 07:56:51.852 [info] > git for-each-ref --format=%(refname)%00%(upstream:short)%00%(objectname)%00%(upstream:track)%00%(upstream:remotename)%00%(upstream:remoteref) refs/heads/main refs/remotes/main [1ms]
2024-06-05 07:56:51.943 [info] > git status -z -uall [75ms]
2024-06-05 07:56:57.013 [info] > git config --get commit.template [3ms]
2024-06-05 07:56:57.045 [info] > git for-each-ref --format=%(refname)%00%(upstream:short)%00%(objectname)%00%(upstream:track)%00%(upstream:remotename)%00%(upstream:remoteref) refs/heads/main refs/remotes/main [10ms]
2024-06-05 07:56:57.305 [info] > git status -z -uall [97ms]
2024-06-05 07:57:02.337 [info] > git config --get commit.template [1ms]
2024-06-05 07:57:02.346 [info] > git for-each-ref --format=%(refname)%00%(upstream:short)%00%(objectname)%00%(upstream:track)%00%(upstream:remotename)%00%(upstream:remoteref) refs/heads/main refs/remotes/main [1ms]
2024-06-05 07:57:02.396 [info] > git status -z -uall [41ms]
2024-06-05 07:57:07.425 [info] > git config --get commit.template [9ms]
2024-06-05 07:57:07.425 [info] > git for-each-ref --format=%(refname)%00%(upstream:short)%00%(objectname)%00%(upstream:track)%00%(upstream:remotename)%00%(upstream:remoteref) refs/heads/main refs/remotes/main [1ms]
2024-06-05 07:57:07.485 [info] > git status -z -uall [51ms]
2024-06-05 07:57:12.509 [info] > git config --get commit.template [1ms]
2024-06-05 07:57:12.522 [info] > git for-each-ref --format=%(refname)%00%(upstream:short)%00%(objectname)%00%(upstream:track)%00%(upstream:remotename)%00%(upstream:remoteref) refs/heads/main refs/remotes/main [2ms]
2024-06-05 07:57:12.580 [info] > git status -z -uall [44ms]
2024-06-05 07:57:17.617 [info] > git config --get commit.template [0ms]
2024-06-05 07:57:17.626 [info] > git for-each-ref --format=%(refname)%00%(upstream:short)%00%(objectname)%00%(upstream:track)%00%(upstream:remotename)%00%(upstream:remoteref) refs/heads/main refs/remotes/main [1ms]
2024-06-05 07:57:17.679 [info] > git status -z -uall [44ms]
2024-06-05 07:57:22.710 [info] > git config --get commit.template [1ms]
2024-06-05 07:57:22.722 [info] > git for-each-ref --format=%(refname)%00%(upstream:short)%00%(objectname)%00%(upstream:track)%00%(upstream:remotename)%00%(upstream:remoteref) refs/heads/main refs/remotes/main [2ms]
2024-06-05 07:57:22.773 [info] > git status -z -uall [42ms]
2024-06-05 07:57:27.792 [info] > git config --get commit.template [1ms]
2024-06-05 07:57:27.802 [info] > git for-each-ref --format=%(refname)%00%(upstream:short)%00%(objectname)%00%(upstream:track)%00%(upstream:remotename)%00%(upstream:remoteref) refs/heads/main refs/remotes/main [1ms]
2024-06-05 07:57:27.853 [info] > git status -z -uall [42ms]
2024-06-05 07:57:32.873 [info] > git config --get commit.template [1ms]
2024-06-05 07:57:32.883 [info] > git for-each-ref --format=%(refname)%00%(upstream:short)%00%(objectname)%00%(upstream:track)%00%(upstream:remotename)%00%(upstream:remoteref) refs/heads/main refs/remotes/main [2ms]
2024-06-05 07:57:32.933 [info] > git status -z -uall [42ms]
2024-06-05 07:57:37.962 [info] > git config --get commit.template [10ms]
2024-06-05 07:57:37.963 [info] > git for-each-ref --format=%(refname)%00%(upstream:short)%00%(objectname)%00%(upstream:track)%00%(upstream:remotename)%00%(upstream:remoteref) refs/heads/main refs/remotes/main [1ms]
2024-06-05 07:57:38.013 [info] > git status -z -uall [41ms]
2024-06-05 07:57:43.036 [info] > git config --get commit.template [0ms]
2024-06-05 07:57:43.045 [info] > git for-each-ref --format=%(refname)%00%(upstream:short)%00%(objectname)%00%(upstream:track)%00%(upstream:remotename)%00%(upstream:remoteref) refs/heads/main refs/remotes/main [1ms]
2024-06-05 07:57:43.095 [info] > git status -z -uall [41ms]
2024-06-05 07:57:48.133 [info] > git config --get commit.template [15ms]
2024-06-05 07:57:48.134 [info] > git for-each-ref --format=%(refname)%00%(upstream:short)%00%(objectname)%00%(upstream:track)%00%(upstream:remotename)%00%(upstream:remoteref) refs/heads/main refs/remotes/main [2ms]
2024-06-05 07:57:48.190 [info] > git status -z -uall [44ms]
2024-06-05 07:57:53.209 [info] > git config --get commit.template [1ms]
2024-06-05 07:57:53.218 [info] > git for-each-ref --format=%(refname)%00%(upstream:short)%00%(objectname)%00%(upstream:track)%00%(upstream:remotename)%00%(upstream:remoteref) refs/heads/main refs/remotes/main [1ms]
2024-06-05 07:57:53.285 [info] > git status -z -uall [58ms]
2024-06-05 07:57:58.316 [info] > git config --get commit.template [1ms]
2024-06-05 07:57:58.326 [info] > git for-each-ref --format=%(refname)%00%(upstream:short)%00%(objectname)%00%(upstream:track)%00%(upstream:remotename)%00%(upstream:remoteref) refs/heads/main refs/remotes/main [1ms]
2024-06-05 07:57:58.376 [info] > git status -z -uall [41ms]
2024-06-05 07:58:03.403 [info] > git config --get commit.template [2ms]
2024-06-05 07:58:03.418 [info] > git for-each-ref --format=%(refname)%00%(upstream:short)%00%(objectname)%00%(upstream:track)%00%(upstream:remotename)%00%(upstream:remoteref) refs/heads/main refs/remotes/main [2ms]
2024-06-05 07:58:03.471 [info] > git status -z -uall [41ms]
2024-06-05 07:58:08.490 [info] > git config --get commit.template [1ms]
2024-06-05 07:58:08.499 [info] > git for-each-ref --format=%(refname)%00%(upstream:short)%00%(objectname)%00%(upstream:track)%00%(upstream:remotename)%00%(upstream:remoteref) refs/heads/main refs/remotes/main [1ms]
2024-06-05 07:58:08.549 [info] > git status -z -uall [41ms]
2024-06-05 07:58:13.569 [info] > git config --get commit.template [1ms]
2024-06-05 07:58:13.579 [info] > git for-each-ref --format=%(refname)%00%(upstream:short)%00%(objectname)%00%(upstream:track)%00%(upstream:remotename)%00%(upstream:remoteref) refs/heads/main refs/remotes/main [1ms]
2024-06-05 07:58:13.631 [info] > git status -z -uall [42ms]
2024-06-05 07:59:08.408 [info] > git config --get commit.template [1ms]
2024-06-05 07:59:08.417 [info] > git for-each-ref --format=%(refname)%00%(upstream:short)%00%(objectname)%00%(upstream:track)%00%(upstream:remotename)%00%(upstream:remoteref) refs/heads/main refs/remotes/main [1ms]
2024-06-05 07:59:08.496 [info] > git status -z -uall [70ms]
2024-06-05 07:59:13.525 [info] > git config --get commit.template [1ms]
2024-06-05 07:59:13.534 [info] > git for-each-ref --format=%(refname)%00%(upstream:short)%00%(objectname)%00%(upstream:track)%00%(upstream:remotename)%00%(upstream:remoteref) refs/heads/main refs/remotes/main [1ms]
2024-06-05 07:59:13.584 [info] > git status -z -uall [41ms]
2024-06-05 08:10:07.437 [info] > git config --get commit.template [1ms]
2024-06-05 08:10:07.447 [info] > git for-each-ref --format=%(refname)%00%(upstream:short)%00%(objectname)%00%(upstream:track)%00%(upstream:remotename)%00%(upstream:remoteref) refs/heads/main refs/remotes/main [1ms]
2024-06-05 08:10:07.503 [info] > git status -z -uall [45ms]
2024-06-05 08:10:12.535 [info] > git config --get commit.template [9ms]
2024-06-05 08:10:12.536 [info] > git for-each-ref --format=%(refname)%00%(upstream:short)%00%(objectname)%00%(upstream:track)%00%(upstream:remotename)%00%(upstream:remoteref) refs/heads/main refs/remotes/main [1ms]
2024-06-05 08:10:12.597 [info] > git status -z -uall [51ms]
2024-06-05 08:10:17.624 [info] > git config --get commit.template [1ms]
2024-06-05 08:10:17.634 [info] > git for-each-ref --format=%(refname)%00%(upstream:short)%00%(objectname)%00%(upstream:track)%00%(upstream:remotename)%00%(upstream:remoteref) refs/heads/main refs/remotes/main [1ms]
2024-06-05 08:10:17.687 [info] > git status -z -uall [45ms]
2024-06-05 08:10:22.708 [info] > git config --get commit.template [1ms]
2024-06-05 08:10:22.717 [info] > git for-each-ref --format=%(refname)%00%(upstream:short)%00%(objectname)%00%(upstream:track)%00%(upstream:remotename)%00%(upstream:remoteref) refs/heads/main refs/remotes/main [1ms]
2024-06-05 08:10:22.771 [info] > git status -z -uall [45ms]
2024-06-05 08:10:27.799 [info] > git config --get commit.template [8ms]
2024-06-05 08:10:27.800 [info] > git for-each-ref --format=%(refname)%00%(upstream:short)%00%(objectname)%00%(upstream:track)%00%(upstream:remotename)%00%(upstream:remoteref) refs/heads/main refs/remotes/main [1ms]
2024-06-05 08:10:27.862 [info] > git status -z -uall [54ms]
2024-06-05 08:10:32.901 [info] > git config --get commit.template [8ms]
2024-06-05 08:10:32.901 [info] > git for-each-ref --format=%(refname)%00%(upstream:short)%00%(objectname)%00%(upstream:track)%00%(upstream:remotename)%00%(upstream:remoteref) refs/heads/main refs/remotes/main [1ms]
2024-06-05 08:10:32.951 [info] > git status -z -uall [42ms]
2024-06-05 08:10:38.007 [info] > git config --get commit.template [21ms]
2024-06-05 08:10:38.009 [info] > git for-each-ref --format=%(refname)%00%(upstream:short)%00%(objectname)%00%(upstream:track)%00%(upstream:remotename)%00%(upstream:remoteref) refs/heads/main refs/remotes/main [3ms]
2024-06-05 08:10:38.070 [info] > git status -z -uall [45ms]
2024-06-05 08:10:43.089 [info] > git config --get commit.template [0ms]
2024-06-05 08:10:43.099 [info] > git for-each-ref --format=%(refname)%00%(upstream:short)%00%(objectname)%00%(upstream:track)%00%(upstream:remotename)%00%(upstream:remoteref) refs/heads/main refs/remotes/main [2ms]
2024-06-05 08:10:43.149 [info] > git status -z -uall [42ms]
2024-06-05 08:10:48.177 [info] > git config --get commit.template [8ms]
2024-06-05 08:10:48.178 [info] > git for-each-ref --format=%(refname)%00%(upstream:short)%00%(objectname)%00%(upstream:track)%00%(upstream:remotename)%00%(upstream:remoteref) refs/heads/main refs/remotes/main [1ms]
2024-06-05 08:10:48.227 [info] > git status -z -uall [41ms]
2024-06-05 08:10:53.245 [info] > git config --get commit.template [1ms]
2024-06-05 08:10:53.254 [info] > git for-each-ref --format=%(refname)%00%(upstream:short)%00%(objectname)%00%(upstream:track)%00%(upstream:remotename)%00%(upstream:remoteref) refs/heads/main refs/remotes/main [1ms]
2024-06-05 08:10:53.309 [info] > git status -z -uall [46ms]
2024-06-05 08:10:58.334 [info] > git config --get commit.template [1ms]
2024-06-05 08:10:58.343 [info] > git for-each-ref --format=%(refname)%00%(upstream:short)%00%(objectname)%00%(upstream:track)%00%(upstream:remotename)%00%(upstream:remoteref) refs/heads/main refs/remotes/main [1ms]
2024-06-05 08:10:58.393 [info] > git status -z -uall [41ms]
2024-06-05 08:11:03.416 [info] > git config --get commit.template [1ms]
2024-06-05 08:11:03.425 [info] > git for-each-ref --format=%(refname)%00%(upstream:short)%00%(objectname)%00%(upstream:track)%00%(upstream:remotename)%00%(upstream:remoteref) refs/heads/main refs/remotes/main [1ms]
2024-06-05 08:11:03.475 [info] > git status -z -uall [41ms]
2024-06-05 08:11:08.523 [info] > git config --get commit.template [13ms]
2024-06-05 08:11:08.524 [info] > git for-each-ref --format=%(refname)%00%(upstream:short)%00%(objectname)%00%(upstream:track)%00%(upstream:remotename)%00%(upstream:remoteref) refs/heads/main refs/remotes/main [1ms]
2024-06-05 08:11:08.577 [info] > git status -z -uall [42ms]
2024-06-05 08:11:13.609 [info] > git config --get commit.template [9ms]
2024-06-05 08:11:13.610 [info] > git for-each-ref --format=%(refname)%00%(upstream:short)%00%(objectname)%00%(upstream:track)%00%(upstream:remotename)%00%(upstream:remoteref) refs/heads/main refs/remotes/main [1ms]
2024-06-05 08:11:13.658 [info] > git status -z -uall [40ms]
2024-06-05 08:11:18.691 [info] > git config --get commit.template [9ms]
2024-06-05 08:11:18.691 [info] > git for-each-ref --format=%(refname)%00%(upstream:short)%00%(objectname)%00%(upstream:track)%00%(upstream:remotename)%00%(upstream:remoteref) refs/heads/main refs/remotes/main [1ms]
2024-06-05 08:11:18.744 [info] > git status -z -uall [44ms]
2024-06-05 08:12:08.228 [info] > git config --get commit.template [1ms]
2024-06-05 08:12:08.238 [info] > git for-each-ref --format=%(refname)%00%(upstream:short)%00%(objectname)%00%(upstream:track)%00%(upstream:remotename)%00%(upstream:remoteref) refs/heads/main refs/remotes/main [1ms]
2024-06-05 08:12:08.291 [info] > git status -z -uall [44ms]
2024-06-05 08:12:13.319 [info] > git config --get commit.template [2ms]
2024-06-05 08:12:13.327 [info] > git for-each-ref --format=%(refname)%00%(upstream:short)%00%(objectname)%00%(upstream:track)%00%(upstream:remotename)%00%(upstream:remoteref) refs/heads/main refs/remotes/main [1ms]
2024-06-05 08:12:13.377 [info] > git status -z -uall [41ms]
2024-06-05 08:12:18.402 [info] > git config --get commit.template [1ms]
2024-06-05 08:12:18.412 [info] > git for-each-ref --format=%(refname)%00%(upstream:short)%00%(objectname)%00%(upstream:track)%00%(upstream:remotename)%00%(upstream:remoteref) refs/heads/main refs/remotes/main [1ms]
2024-06-05 08:12:18.462 [info] > git status -z -uall [42ms]
2024-06-05 08:12:51.987 [info] > git config --get commit.template [10ms]
2024-06-05 08:12:51.988 [info] > git for-each-ref --format=%(refname)%00%(upstream:short)%00%(objectname)%00%(upstream:track)%00%(upstream:remotename)%00%(upstream:remoteref) refs/heads/main refs/remotes/main [1ms]
2024-06-05 08:12:52.043 [info] > git status -z -uall [46ms]
2024-06-05 08:12:57.077 [info] > git config --get commit.template [8ms]
2024-06-05 08:12:57.077 [info] > git for-each-ref --format=%(refname)%00%(upstream:short)%00%(objectname)%00%(upstream:track)%00%(upstream:remotename)%00%(upstream:remoteref) refs/heads/main refs/remotes/main [1ms]
2024-06-05 08:12:57.127 [info] > git status -z -uall [42ms]
2024-06-05 08:13:02.171 [info] > git config --get commit.template [13ms]
2024-06-05 08:13:02.171 [info] > git for-each-ref --format=%(refname)%00%(upstream:short)%00%(objectname)%00%(upstream:track)%00%(upstream:remotename)%00%(upstream:remoteref) refs/heads/main refs/remotes/main [1ms]
2024-06-05 08:13:02.233 [info] > git status -z -uall [53ms]
2024-06-05 08:13:07.263 [info] > git config --get commit.template [9ms]
2024-06-05 08:13:07.263 [info] > git for-each-ref --format=%(refname)%00%(upstream:short)%00%(objectname)%00%(upstream:track)%00%(upstream:remotename)%00%(upstream:remoteref) refs/heads/main refs/remotes/main [1ms]
2024-06-05 08:13:07.313 [info] > git status -z -uall [42ms]
2024-06-05 08:13:12.344 [info] > git config --get commit.template [10ms]
2024-06-05 08:13:12.344 [info] > git for-each-ref --format=%(refname)%00%(upstream:short)%00%(objectname)%00%(upstream:track)%00%(upstream:remotename)%00%(upstream:remoteref) refs/heads/main refs/remotes/main [1ms]
2024-06-05 08:13:12.394 [info] > git status -z -uall [41ms]
2024-06-05 08:13:17.423 [info] > git config --get commit.template [9ms]
2024-06-05 08:13:17.423 [info] > git for-each-ref --format=%(refname)%00%(upstream:short)%00%(objectname)%00%(upstream:track)%00%(upstream:remotename)%00%(upstream:remoteref) refs/heads/main refs/remotes/main [1ms]
2024-06-05 08:13:17.483 [info] > git status -z -uall [48ms]
2024-06-05 08:13:23.765 [info] > git config --get commit.template [9ms]
2024-06-05 08:13:23.766 [info] > git for-each-ref --format=%(refname)%00%(upstream:short)%00%(objectname)%00%(upstream:track)%00%(upstream:remotename)%00%(upstream:remoteref) refs/heads/main refs/remotes/main [1ms]
2024-06-05 08:13:23.817 [info] > git status -z -uall [41ms]
2024-06-05 08:13:28.851 [info] > git config --get commit.template [1ms]
2024-06-05 08:13:28.861 [info] > git for-each-ref --format=%(refname)%00%(upstream:short)%00%(objectname)%00%(upstream:track)%00%(upstream:remotename)%00%(upstream:remoteref) refs/heads/main refs/remotes/main [1ms]
2024-06-05 08:13:28.915 [info] > git status -z -uall [45ms]
2024-06-05 08:13:33.939 [info] > git config --get commit.template [1ms]
2024-06-05 08:13:33.951 [info] > git for-each-ref --format=%(refname)%00%(upstream:short)%00%(objectname)%00%(upstream:track)%00%(upstream:remotename)%00%(upstream:remoteref) refs/heads/main refs/remotes/main [2ms]
2024-06-05 08:13:34.006 [info] > git status -z -uall [46ms]
2024-06-05 08:13:39.034 [info] > git config --get commit.template [2ms]
2024-06-05 08:13:39.047 [info] > git for-each-ref --format=%(refname)%00%(upstream:short)%00%(objectname)%00%(upstream:track)%00%(upstream:remotename)%00%(upstream:remoteref) refs/heads/main refs/remotes/main [2ms]
2024-06-05 08:13:39.119 [info] > git status -z -uall [60ms]
2024-06-05 08:13:44.152 [info] > git config --get commit.template [9ms]
2024-06-05 08:13:44.152 [info] > git for-each-ref --format=%(refname)%00%(upstream:short)%00%(objectname)%00%(upstream:track)%00%(upstream:remotename)%00%(upstream:remoteref) refs/heads/main refs/remotes/main [1ms]
2024-06-05 08:13:44.204 [info] > git status -z -uall [43ms]
2024-06-05 08:13:49.236 [info] > git config --get commit.template [10ms]
2024-06-05 08:13:49.237 [info] > git for-each-ref --format=%(refname)%00%(upstream:short)%00%(objectname)%00%(upstream:track)%00%(upstream:remotename)%00%(upstream:remoteref) refs/heads/main refs/remotes/main [1ms]
2024-06-05 08:13:49.291 [info] > git status -z -uall [41ms]
2024-06-05 08:13:54.323 [info] > git config --get commit.template [9ms]
2024-06-05 08:13:54.324 [info] > git for-each-ref --format=%(refname)%00%(upstream:short)%00%(objectname)%00%(upstream:track)%00%(upstream:remotename)%00%(upstream:remoteref) refs/heads/main refs/remotes/main [1ms]
2024-06-05 08:13:54.377 [info] > git status -z -uall [40ms]
2024-06-05 08:13:59.414 [info] > git config --get commit.template [11ms]
2024-06-05 08:13:59.414 [info] > git for-each-ref --format=%(refname)%00%(upstream:short)%00%(objectname)%00%(upstream:track)%00%(upstream:remotename)%00%(upstream:remoteref) refs/heads/main refs/remotes/main [1ms]
2024-06-05 08:13:59.469 [info] > git status -z -uall [46ms]
2024-06-05 08:14:04.492 [info] > git config --get commit.template [1ms]
2024-06-05 08:14:04.502 [info] > git for-each-ref --format=%(refname)%00%(upstream:short)%00%(objectname)%00%(upstream:track)%00%(upstream:remotename)%00%(upstream:remoteref) refs/heads/main refs/remotes/main [1ms]
2024-06-05 08:14:04.553 [info] > git status -z -uall [42ms]
2024-06-05 08:14:09.581 [info] > git config --get commit.template [9ms]
2024-06-05 08:14:09.582 [info] > git for-each-ref --format=%(refname)%00%(upstream:short)%00%(objectname)%00%(upstream:track)%00%(upstream:remotename)%00%(upstream:remoteref) refs/heads/main refs/remotes/main [2ms]
2024-06-05 08:14:09.642 [info] > git status -z -uall [50ms]
2024-06-05 08:14:14.672 [info] > git config --get commit.template [0ms]
2024-06-05 08:14:14.681 [info] > git for-each-ref --format=%(refname)%00%(upstream:short)%00%(objectname)%00%(upstream:track)%00%(upstream:remotename)%00%(upstream:remoteref) refs/heads/main refs/remotes/main [1ms]
2024-06-05 08:14:14.732 [info] > git status -z -uall [42ms]
2024-06-05 08:14:19.763 [info] > git config --get commit.template [10ms]
2024-06-05 08:14:19.763 [info] > git for-each-ref --format=%(refname)%00%(upstream:short)%00%(objectname)%00%(upstream:track)%00%(upstream:remotename)%00%(upstream:remoteref) refs/heads/main refs/remotes/main [1ms]
2024-06-05 08:14:19.813 [info] > git status -z -uall [41ms]
2024-06-05 08:14:24.832 [info] > git config --get commit.template [1ms]
2024-06-05 08:14:24.844 [info] > git for-each-ref --format=%(refname)%00%(upstream:short)%00%(objectname)%00%(upstream:track)%00%(upstream:remotename)%00%(upstream:remoteref) refs/heads/main refs/remotes/main [1ms]
2024-06-05 08:14:24.906 [info] > git status -z -uall [52ms]
2024-06-05 08:14:29.952 [info] > git config --get commit.template [9ms]
2024-06-05 08:14:29.953 [info] > git for-each-ref --format=%(refname)%00%(upstream:short)%00%(objectname)%00%(upstream:track)%00%(upstream:remotename)%00%(upstream:remoteref) refs/heads/main refs/remotes/main [1ms]
2024-06-05 08:14:30.003 [info] > git status -z -uall [40ms]
2024-06-05 08:16:37.149 [info] > git config --get commit.template [1ms]
2024-06-05 08:16:37.160 [info] > git for-each-ref --format=%(refname)%00%(upstream:short)%00%(objectname)%00%(upstream:track)%00%(upstream:remotename)%00%(upstream:remoteref) refs/heads/main refs/remotes/main [1ms]
2024-06-05 08:16:37.214 [info] > git status -z -uall [45ms]
2024-06-05 08:16:39.676 [info] > git check-ignore -v -z --stdin [4ms]
2024-06-05 08:16:42.239 [info] > git config --get commit.template [1ms]
2024-06-05 08:16:42.248 [info] > git for-each-ref --format=%(refname)%00%(upstream:short)%00%(objectname)%00%(upstream:track)%00%(upstream:remotename)%00%(upstream:remoteref) refs/heads/main refs/remotes/main [1ms]
2024-06-05 08:16:42.300 [info] > git status -z -uall [42ms]
2024-06-05 08:16:47.012 [info] > git show --textconv :GenPass.yml [10ms]
2024-06-05 08:16:47.016 [info] > git ls-files --stage -- /home/ndao/GenPass.yml [4ms]
2024-06-05 08:16:47.320 [info] > git config --get commit.template [1ms]
2024-06-05 08:16:47.329 [info] > git for-each-ref --format=%(refname)%00%(upstream:short)%00%(objectname)%00%(upstream:track)%00%(upstream:remotename)%00%(upstream:remoteref) refs/heads/main refs/remotes/main [1ms]
2024-06-05 08:16:47.384 [info] > git status -z -uall [46ms]
2024-06-05 08:16:52.446 [info] > git config --get commit.template [18ms]
2024-06-05 08:16:52.447 [info] > git for-each-ref --format=%(refname)%00%(upstream:short)%00%(objectname)%00%(upstream:track)%00%(upstream:remotename)%00%(upstream:remoteref) refs/heads/main refs/remotes/main [2ms]
2024-06-05 08:16:52.503 [info] > git status -z -uall [45ms]
2024-06-05 08:16:57.525 [info] > git config --get commit.template [1ms]
2024-06-05 08:16:57.541 [info] > git for-each-ref --format=%(refname)%00%(upstream:short)%00%(objectname)%00%(upstream:track)%00%(upstream:remotename)%00%(upstream:remoteref) refs/heads/main refs/remotes/main [8ms]
2024-06-05 08:16:57.594 [info] > git status -z -uall [44ms]
2024-06-05 08:17:02.622 [info] > git config --get commit.template [9ms]
2024-06-05 08:17:02.622 [info] > git for-each-ref --format=%(refname)%00%(upstream:short)%00%(objectname)%00%(upstream:track)%00%(upstream:remotename)%00%(upstream:remoteref) refs/heads/main refs/remotes/main [1ms]
2024-06-05 08:17:02.678 [info] > git status -z -uall [46ms]
2024-06-05 08:17:07.702 [info] > git config --get commit.template [0ms]
2024-06-05 08:17:07.712 [info] > git for-each-ref --format=%(refname)%00%(upstream:short)%00%(objectname)%00%(upstream:track)%00%(upstream:remotename)%00%(upstream:remoteref) refs/heads/main refs/remotes/main [1ms]
2024-06-05 08:17:07.768 [info] > git status -z -uall [48ms]
2024-06-05 08:17:12.789 [info] > git config --get commit.template [1ms]
2024-06-05 08:17:12.799 [info] > git for-each-ref --format=%(refname)%00%(upstream:short)%00%(objectname)%00%(upstream:track)%00%(upstream:remotename)%00%(upstream:remoteref) refs/heads/main refs/remotes/main [1ms]
2024-06-05 08:17:12.849 [info] > git status -z -uall [42ms]
2024-06-05 08:17:17.881 [info] > git config --get commit.template [1ms]
2024-06-05 08:17:17.890 [info] > git for-each-ref --format=%(refname)%00%(upstream:short)%00%(objectname)%00%(upstream:track)%00%(upstream:remotename)%00%(upstream:remoteref) refs/heads/main refs/remotes/main [1ms]
2024-06-05 08:17:17.940 [info] > git status -z -uall [41ms]
2024-06-05 08:17:22.962 [info] > git config --get commit.template [1ms]
2024-06-05 08:17:22.975 [info] > git for-each-ref --format=%(refname)%00%(upstream:short)%00%(objectname)%00%(upstream:track)%00%(upstream:remotename)%00%(upstream:remoteref) refs/heads/main refs/remotes/main [2ms]
2024-06-05 08:17:23.046 [info] > git status -z -uall [61ms]
2024-06-05 08:17:28.064 [info] > git config --get commit.template [0ms]
2024-06-05 08:17:28.074 [info] > git for-each-ref --format=%(refname)%00%(upstream:short)%00%(objectname)%00%(upstream:track)%00%(upstream:remotename)%00%(upstream:remoteref) refs/heads/main refs/remotes/main [1ms]
2024-06-05 08:17:28.127 [info] > git status -z -uall [43ms]
2024-06-05 08:17:33.152 [info] > git config --get commit.template [1ms]
2024-06-05 08:17:33.165 [info] > git for-each-ref --format=%(refname)%00%(upstream:short)%00%(objectname)%00%(upstream:track)%00%(upstream:remotename)%00%(upstream:remoteref) refs/heads/main refs/remotes/main [2ms]
2024-06-05 08:17:33.258 [info] > git status -z -uall [79ms]
2024-06-05 08:17:38.438 [info] > git for-each-ref --format=%(refname)%00%(upstream:short)%00%(objectname)%00%(upstream:track)%00%(upstream:remotename)%00%(upstream:remoteref) refs/heads/main refs/remotes/main [125ms]
2024-06-05 08:17:38.441 [info] > git config --get commit.template [148ms]
2024-06-05 08:17:38.649 [info] > git status -z -uall [158ms]
2024-06-05 08:17:43.745 [info] > git config --get commit.template [7ms]
2024-06-05 08:17:43.767 [info] > git for-each-ref --format=%(refname)%00%(upstream:short)%00%(objectname)%00%(upstream:track)%00%(upstream:remotename)%00%(upstream:remoteref) refs/heads/main refs/remotes/main [5ms]
2024-06-05 08:17:43.842 [info] > git status -z -uall [58ms]
2024-06-05 08:17:48.888 [info] > git config --get commit.template [12ms]
2024-06-05 08:17:48.889 [info] > git for-each-ref --format=%(refname)%00%(upstream:short)%00%(objectname)%00%(upstream:track)%00%(upstream:remotename)%00%(upstream:remoteref) refs/heads/main refs/remotes/main [1ms]
2024-06-05 08:17:48.940 [info] > git status -z -uall [41ms]
2024-06-05 08:17:53.960 [info] > git config --get commit.template [1ms]
2024-06-05 08:17:53.970 [info] > git for-each-ref --format=%(refname)%00%(upstream:short)%00%(objectname)%00%(upstream:track)%00%(upstream:remotename)%00%(upstream:remoteref) refs/heads/main refs/remotes/main [1ms]
2024-06-05 08:17:54.027 [info] > git status -z -uall [46ms]
2024-06-05 08:17:59.056 [info] > git config --get commit.template [10ms]
2024-06-05 08:17:59.057 [info] > git for-each-ref --format=%(refname)%00%(upstream:short)%00%(objectname)%00%(upstream:track)%00%(upstream:remotename)%00%(upstream:remoteref) refs/heads/main refs/remotes/main [1ms]
2024-06-05 08:17:59.142 [info] > git status -z -uall [75ms]
2024-06-05 08:18:04.168 [info] > git config --get commit.template [1ms]
2024-06-05 08:18:04.178 [info] > git for-each-ref --format=%(refname)%00%(upstream:short)%00%(objectname)%00%(upstream:track)%00%(upstream:remotename)%00%(upstream:remoteref) refs/heads/main refs/remotes/main [1ms]
2024-06-05 08:18:04.243 [info] > git status -z -uall [56ms]
2024-06-05 08:18:09.300 [info] > git config --get commit.template [18ms]
2024-06-05 08:18:09.300 [info] > git for-each-ref --format=%(refname)%00%(upstream:short)%00%(objectname)%00%(upstream:track)%00%(upstream:remotename)%00%(upstream:remoteref) refs/heads/main refs/remotes/main [1ms]
2024-06-05 08:18:09.358 [info] > git status -z -uall [45ms]
2024-06-05 08:18:24.666 [info] > git config --get commit.template [9ms]
2024-06-05 08:18:24.666 [info] > git for-each-ref --format=%(refname)%00%(upstream:short)%00%(objectname)%00%(upstream:track)%00%(upstream:remotename)%00%(upstream:remoteref) refs/heads/main refs/remotes/main [1ms]
2024-06-05 08:18:24.720 [info] > git status -z -uall [45ms]
2024-06-05 08:18:29.756 [info] > git config --get commit.template [10ms]
2024-06-05 08:18:29.757 [info] > git for-each-ref --format=%(refname)%00%(upstream:short)%00%(objectname)%00%(upstream:track)%00%(upstream:remotename)%00%(upstream:remoteref) refs/heads/main refs/remotes/main [1ms]
2024-06-05 08:18:29.806 [info] > git status -z -uall [41ms]
2024-06-05 08:18:34.830 [info] > git config --get commit.template [1ms]
2024-06-05 08:18:34.845 [info] > git for-each-ref --format=%(refname)%00%(upstream:short)%00%(objectname)%00%(upstream:track)%00%(upstream:remotename)%00%(upstream:remoteref) refs/heads/main refs/remotes/main [1ms]
2024-06-05 08:18:34.904 [info] > git status -z -uall [49ms]
2024-06-05 08:18:39.947 [info] > git config --get commit.template [10ms]
2024-06-05 08:18:39.947 [info] > git for-each-ref --format=%(refname)%00%(upstream:short)%00%(objectname)%00%(upstream:track)%00%(upstream:remotename)%00%(upstream:remoteref) refs/heads/main refs/remotes/main [1ms]
2024-06-05 08:18:40.000 [info] > git status -z -uall [43ms]
2024-06-05 08:18:45.024 [info] > git config --get commit.template [0ms]
2024-06-05 08:18:45.034 [info] > git for-each-ref --format=%(refname)%00%(upstream:short)%00%(objectname)%00%(upstream:track)%00%(upstream:remotename)%00%(upstream:remoteref) refs/heads/main refs/remotes/main [1ms]
2024-06-05 08:18:45.084 [info] > git status -z -uall [41ms]
2024-06-05 08:18:50.121 [info] > git config --get commit.template [1ms]
2024-06-05 08:18:50.134 [info] > git for-each-ref --format=%(refname)%00%(upstream:short)%00%(objectname)%00%(upstream:track)%00%(upstream:remotename)%00%(upstream:remoteref) refs/heads/main refs/remotes/main [1ms]
2024-06-05 08:18:50.189 [info] > git status -z -uall [44ms]
2024-06-05 08:18:52.584 [info] > git show --textconv :mysql_setup/sql_setup.yml [12ms]
2024-06-05 08:18:52.587 [info] > git ls-files --stage -- /home/ndao/mysql_setup/sql_setup.yml [3ms]
2024-06-05 08:18:55.242 [info] > git config --get commit.template [14ms]
2024-06-05 08:18:55.243 [info] > git for-each-ref --format=%(refname)%00%(upstream:short)%00%(objectname)%00%(upstream:track)%00%(upstream:remotename)%00%(upstream:remoteref) refs/heads/main refs/remotes/main [2ms]
2024-06-05 08:18:55.296 [info] > git status -z -uall [43ms]
2024-06-05 08:18:55.598 [info] > git show --textconv :mysql_setup/vars/mysql_vars.yml [14ms]
2024-06-05 08:18:55.602 [info] > git ls-files --stage -- /home/ndao/mysql_setup/vars/mysql_vars.yml [3ms]
2024-06-05 08:18:55.612 [info] > git cat-file -s ec96f6bfddd74d4d9073597a59f55b1ec4862c99 [1ms]
2024-06-05 08:19:00.096 [info] > git show --textconv :mysql_setup/sql_setup.yml [14ms]
2024-06-05 08:19:00.100 [info] > git ls-files --stage -- /home/ndao/mysql_setup/sql_setup.yml [4ms]
2024-06-05 08:19:00.349 [info] > git config --get commit.template [3ms]
2024-06-05 08:19:00.387 [info] > git for-each-ref --format=%(refname)%00%(upstream:short)%00%(objectname)%00%(upstream:track)%00%(upstream:remotename)%00%(upstream:remoteref) refs/heads/main refs/remotes/main [5ms]
2024-06-05 08:19:00.488 [info] > git status -z -uall [68ms]
2024-06-05 08:19:01.377 [info] > git show --textconv :GenPass.yml [12ms]
2024-06-05 08:19:01.381 [info] > git ls-files --stage -- /home/ndao/GenPass.yml [5ms]
2024-06-05 08:19:05.508 [info] > git config --get commit.template [1ms]
2024-06-05 08:19:05.519 [info] > git for-each-ref --format=%(refname)%00%(upstream:short)%00%(objectname)%00%(upstream:track)%00%(upstream:remotename)%00%(upstream:remoteref) refs/heads/main refs/remotes/main [1ms]
2024-06-05 08:19:05.598 [info] > git status -z -uall [63ms]
2024-06-05 08:19:10.622 [info] > git config --get commit.template [1ms]
2024-06-05 08:19:10.632 [info] > git for-each-ref --format=%(refname)%00%(upstream:short)%00%(objectname)%00%(upstream:track)%00%(upstream:remotename)%00%(upstream:remoteref) refs/heads/main refs/remotes/main [1ms]
2024-06-05 08:19:10.698 [info] > git status -z -uall [58ms]
2024-06-05 08:19:10.938 [info] > git show --textconv :mysql_setup/vars/mysql_vars.yml [10ms]
2024-06-05 08:19:10.940 [info] > git ls-files --stage -- /home/ndao/mysql_setup/vars/mysql_vars.yml [4ms]
2024-06-05 08:19:10.950 [info] > git cat-file -s ec96f6bfddd74d4d9073597a59f55b1ec4862c99 [0ms]
2024-06-05 08:19:15.736 [info] > git config --get commit.template [10ms]
2024-06-05 08:19:15.737 [info] > git for-each-ref --format=%(refname)%00%(upstream:short)%00%(objectname)%00%(upstream:track)%00%(upstream:remotename)%00%(upstream:remoteref) refs/heads/main refs/remotes/main [2ms]
2024-06-05 08:19:15.788 [info] > git status -z -uall [41ms]
2024-06-05 08:19:20.818 [info] > git config --get commit.template [10ms]
2024-06-05 08:19:20.818 [info] > git for-each-ref --format=%(refname)%00%(upstream:short)%00%(objectname)%00%(upstream:track)%00%(upstream:remotename)%00%(upstream:remoteref) refs/heads/main refs/remotes/main [1ms]
2024-06-05 08:19:20.878 [info] > git status -z -uall [50ms]
2024-06-05 08:19:24.957 [info] > git show --textconv :GenPass.yml [9ms]
2024-06-05 08:19:24.961 [info] > git ls-files --stage -- /home/ndao/GenPass.yml [4ms]
2024-06-05 08:19:25.910 [info] > git config --get commit.template [2ms]
2024-06-05 08:19:25.924 [info] > git for-each-ref --format=%(refname)%00%(upstream:short)%00%(objectname)%00%(upstream:track)%00%(upstream:remotename)%00%(upstream:remoteref) refs/heads/main refs/remotes/main [1ms]
2024-06-05 08:19:25.979 [info] > git status -z -uall [44ms]
2024-06-05 08:19:26.698 [info] > git show --textconv :mysql_setup/sql_setup.yml [12ms]
2024-06-05 08:19:26.702 [info] > git ls-files --stage -- /home/ndao/mysql_setup/sql_setup.yml [4ms]
2024-06-05 08:19:28.426 [info] > git show --textconv :mysql_setup/mysql_setup.yml [11ms]
2024-06-05 08:19:28.427 [info] > git ls-files --stage -- /home/ndao/mysql_setup/mysql_setup.yml [3ms]
2024-06-05 08:19:28.436 [info] > git cat-file -s 7f7136cb86898d75213b5735f1a1c10ec9535226 [1ms]
2024-06-05 08:19:31.016 [info] > git config --get commit.template [11ms]
2024-06-05 08:19:31.017 [info] > git for-each-ref --format=%(refname)%00%(upstream:short)%00%(objectname)%00%(upstream:track)%00%(upstream:remotename)%00%(upstream:remoteref) refs/heads/main refs/remotes/main [1ms]
2024-06-05 08:19:31.068 [info] > git status -z -uall [42ms]
2024-06-05 08:19:36.109 [info] > git config --get commit.template [2ms]
2024-06-05 08:19:36.122 [info] > git for-each-ref --format=%(refname)%00%(upstream:short)%00%(objectname)%00%(upstream:track)%00%(upstream:remotename)%00%(upstream:remoteref) refs/heads/main refs/remotes/main [1ms]
2024-06-05 08:19:36.173 [info] > git status -z -uall [41ms]
2024-06-05 08:19:41.220 [info] > git config --get commit.template [3ms]
2024-06-05 08:19:41.237 [info] > git for-each-ref --format=%(refname)%00%(upstream:short)%00%(objectname)%00%(upstream:track)%00%(upstream:remotename)%00%(upstream:remoteref) refs/heads/main refs/remotes/main [2ms]
2024-06-05 08:19:41.300 [info] > git status -z -uall [51ms]
2024-06-05 08:19:41.703 [info] > git show --textconv :mysql_setup/vars/mysql_vars.yml [15ms]
2024-06-05 08:19:41.707 [info] > git ls-files --stage -- /home/ndao/mysql_setup/vars/mysql_vars.yml [5ms]
2024-06-05 08:19:41.717 [info] > git cat-file -s ec96f6bfddd74d4d9073597a59f55b1ec4862c99 [1ms]
2024-06-05 08:19:43.771 [info] > git show --textconv :GenPass.yml [14ms]
2024-06-05 08:19:43.775 [info] > git ls-files --stage -- /home/ndao/GenPass.yml [5ms]
2024-06-05 08:19:46.470 [info] > git config --get commit.template [1ms]
2024-06-05 08:19:46.482 [info] > git for-each-ref --format=%(refname)%00%(upstream:short)%00%(objectname)%00%(upstream:track)%00%(upstream:remotename)%00%(upstream:remoteref) refs/heads/main refs/remotes/main [1ms]
2024-06-05 08:19:46.536 [info] > git status -z -uall [45ms]
2024-06-05 08:19:47.413 [info] > git show --textconv :mysql_setup/sql_setup.yml [15ms]
2024-06-05 08:19:47.417 [info] > git ls-files --stage -- /home/ndao/mysql_setup/sql_setup.yml [4ms]
2024-06-05 08:19:51.007 [info] > git show --textconv :mysql_setup/vars/mysql_vars.yml [36ms]
2024-06-05 08:19:51.012 [info] > git ls-files --stage -- /home/ndao/mysql_setup/vars/mysql_vars.yml [6ms]
2024-06-05 08:19:51.025 [info] > git cat-file -s ec96f6bfddd74d4d9073597a59f55b1ec4862c99 [2ms]
2024-06-05 08:19:51.569 [info] > git config --get commit.template [10ms]
2024-06-05 08:19:51.569 [info] > git for-each-ref --format=%(refname)%00%(upstream:short)%00%(objectname)%00%(upstream:track)%00%(upstream:remotename)%00%(upstream:remoteref) refs/heads/main refs/remotes/main [1ms]
2024-06-05 08:19:51.620 [info] > git status -z -uall [41ms]
2024-06-05 08:20:29.692 [info] > git config --get commit.template [10ms]
2024-06-05 08:20:29.694 [info] > git for-each-ref --format=%(refname)%00%(upstream:short)%00%(objectname)%00%(upstream:track)%00%(upstream:remotename)%00%(upstream:remoteref) refs/heads/main refs/remotes/main [1ms]
2024-06-05 08:20:29.749 [info] > git status -z -uall [46ms]
2024-06-05 08:20:34.785 [info] > git config --get commit.template [12ms]
2024-06-05 08:20:34.786 [info] > git for-each-ref --format=%(refname)%00%(upstream:short)%00%(objectname)%00%(upstream:track)%00%(upstream:remotename)%00%(upstream:remoteref) refs/heads/main refs/remotes/main [2ms]
2024-06-05 08:20:34.843 [info] > git status -z -uall [47ms]
2024-06-05 08:20:39.457 [info] > git show --textconv :mysql_setup/sql_setup.yml [9ms]
2024-06-05 08:20:39.460 [info] > git ls-files --stage -- /home/ndao/mysql_setup/sql_setup.yml [3ms]
2024-06-05 08:20:39.871 [info] > git config --get commit.template [2ms]
2024-06-05 08:20:39.885 [info] > git for-each-ref --format=%(refname)%00%(upstream:short)%00%(objectname)%00%(upstream:track)%00%(upstream:remotename)%00%(upstream:remoteref) refs/heads/main refs/remotes/main [2ms]
2024-06-05 08:20:39.940 [info] > git status -z -uall [43ms]
2024-06-05 08:20:40.254 [info] > git show --textconv :GenPass.yml [11ms]
2024-06-05 08:20:40.258 [info] > git ls-files --stage -- /home/ndao/GenPass.yml [4ms]
2024-06-05 08:20:44.980 [info] > git config --get commit.template [1ms]
2024-06-05 08:20:44.992 [info] > git for-each-ref --format=%(refname)%00%(upstream:short)%00%(objectname)%00%(upstream:track)%00%(upstream:remotename)%00%(upstream:remoteref) refs/heads/main refs/remotes/main [2ms]
2024-06-05 08:20:45.047 [info] > git status -z -uall [45ms]
2024-06-05 08:20:50.072 [info] > git config --get commit.template [1ms]
2024-06-05 08:20:50.081 [info] > git for-each-ref --format=%(refname)%00%(upstream:short)%00%(objectname)%00%(upstream:track)%00%(upstream:remotename)%00%(upstream:remoteref) refs/heads/main refs/remotes/main [1ms]
2024-06-05 08:20:50.142 [info] > git status -z -uall [45ms]
2024-06-05 08:20:55.166 [info] > git config --get commit.template [1ms]
2024-06-05 08:20:55.177 [info] > git for-each-ref --format=%(refname)%00%(upstream:short)%00%(objectname)%00%(upstream:track)%00%(upstream:remotename)%00%(upstream:remoteref) refs/heads/main refs/remotes/main [1ms]
2024-06-05 08:20:55.233 [info] > git status -z -uall [47ms]
2024-06-05 08:21:00.277 [info] > git config --get commit.template [9ms]
2024-06-05 08:21:00.277 [info] > git for-each-ref --format=%(refname)%00%(upstream:short)%00%(objectname)%00%(upstream:track)%00%(upstream:remotename)%00%(upstream:remoteref) refs/heads/main refs/remotes/main [1ms]
2024-06-05 08:21:00.326 [info] > git status -z -uall [40ms]
2024-06-05 08:21:05.361 [info] > git config --get commit.template [1ms]
2024-06-05 08:21:05.374 [info] > git for-each-ref --format=%(refname)%00%(upstream:short)%00%(objectname)%00%(upstream:track)%00%(upstream:remotename)%00%(upstream:remoteref) refs/heads/main refs/remotes/main [2ms]
2024-06-05 08:21:05.429 [info] > git status -z -uall [45ms]
2024-06-05 08:21:10.466 [info] > git config --get commit.template [1ms]
2024-06-05 08:21:10.477 [info] > git for-each-ref --format=%(refname)%00%(upstream:short)%00%(objectname)%00%(upstream:track)%00%(upstream:remotename)%00%(upstream:remoteref) refs/heads/main refs/remotes/main [1ms]
2024-06-05 08:21:10.531 [info] > git status -z -uall [44ms]
2024-06-05 08:21:15.550 [info] > git config --get commit.template [1ms]
2024-06-05 08:21:15.561 [info] > git for-each-ref --format=%(refname)%00%(upstream:short)%00%(objectname)%00%(upstream:track)%00%(upstream:remotename)%00%(upstream:remoteref) refs/heads/main refs/remotes/main [1ms]
2024-06-05 08:21:15.620 [info] > git status -z -uall [49ms]
2024-06-05 08:21:20.057 [info] > git show --textconv :mysql_setup/sql_setup.yml [16ms]
2024-06-05 08:21:20.062 [info] > git ls-files --stage -- /home/ndao/mysql_setup/sql_setup.yml [6ms]
2024-06-05 08:21:20.652 [info] > git config --get commit.template [10ms]
2024-06-05 08:21:20.653 [info] > git for-each-ref --format=%(refname)%00%(upstream:short)%00%(objectname)%00%(upstream:track)%00%(upstream:remotename)%00%(upstream:remoteref) refs/heads/main refs/remotes/main [1ms]
2024-06-05 08:21:20.705 [info] > git status -z -uall [41ms]
