2024-07-16 14:06:33.531 [info] (Client) Pylance async client (2024.7.1) started with python extension (2024.10.0)
2024-07-16 14:06:34.124 [info] [Info  - 2:06:34 PM] (12614) Pylance language server 2024.7.1 (pyright version 1.1.369, commit 1168be71) starting
2024-07-16 14:06:34.124 [info] [Info  - 2:06:34 PM] (12614) Server root directory: file:///home/ndao/.vscode-server/extensions/ms-python.vscode-pylance-2024.7.1/dist
2024-07-16 14:06:34.136 [info] [Info  - 2:06:34 PM] (12614) Starting service instance "ndao"
2024-07-16 14:06:34.177 [info] [Info  - 2:06:34 PM] (12614) Setting pythonPath for service "ndao": "/bin/python3"
2024-07-16 14:06:34.178 [info] [Info  - 2:06:34 PM] (12614) Setting environmentName for service "ndao": "3.8.10 (global)"
2024-07-16 14:06:34.178 [info] [Info  - 2:06:34 PM] (12614) No include entries specified; assuming /home/ndao
2024-07-16 14:06:34.180 [info] [Info  - 2:06:34 PM] (12614) Auto-excluding **/node_modules
2024-07-16 14:06:34.181 [info] [Info  - 2:06:34 PM] (12614) Auto-excluding **/__pycache__
2024-07-16 14:06:34.181 [info] [Info  - 2:06:34 PM] (12614) Auto-excluding **/.*
2024-07-16 14:06:34.204 [info] [Info  - 2:06:34 PM] (12614) Assuming Python version 3.8.10.final.0
2024-07-16 14:06:34.275 [info] [Info  - 2:06:34 PM] (12614) No source files found.
2024-07-16 14:06:34.662 [info] [Info  - 2:06:34 PM] (12614) Background analysis(1) root directory: file:///home/ndao/.vscode-server/extensions/ms-python.vscode-pylance-2024.7.1/dist
2024-07-16 14:06:34.666 [info] [Info  - 2:06:34 PM] (12614) Background analysis(1) started
2024-07-16 14:14:58.074 [info] [Info  - 2:14:58 PM] (12614) Setting pythonPath for service "ndao": "/bin/python3"
2024-07-16 14:14:58.075 [info] [Info  - 2:14:58 PM] (12614) Setting environmentName for service "ndao": "3.8.10 (global)"
2024-07-16 14:14:58.075 [info] [Info  - 2:14:58 PM] (12614) No include entries specified; assuming /home/ndao
2024-07-16 14:14:58.075 [info] [Info  - 2:14:58 PM] (12614) Auto-excluding **/node_modules
2024-07-16 14:14:58.075 [info] [Info  - 2:14:58 PM] (12614) Auto-excluding **/__pycache__
2024-07-16 14:14:58.075 [info] [Info  - 2:14:58 PM] (12614) Auto-excluding **/.*
2024-07-16 14:14:58.112 [info] [Info  - 2:14:58 PM] (12614) Assuming Python version 3.8.10.final.0
2024-07-16 14:14:58.178 [info] [Info  - 2:14:58 PM] (12614) No source files found.
2024-07-16 14:15:00.741 [info] [Info  - 2:15:00 PM] (12614) Setting pythonPath for service "ndao": "/bin/python3"
2024-07-16 14:15:00.741 [info] [Info  - 2:15:00 PM] (12614) Setting environmentName for service "ndao": "3.8.10 (global)"
2024-07-16 14:15:00.742 [info] [Info  - 2:15:00 PM] (12614) No include entries specified; assuming /home/ndao
2024-07-16 14:15:00.743 [info] [Info  - 2:15:00 PM] (12614) Auto-excluding **/node_modules
2024-07-16 14:15:00.743 [info] [Info  - 2:15:00 PM] (12614) Auto-excluding **/__pycache__
2024-07-16 14:15:00.744 [info] [Info  - 2:15:00 PM] (12614) Auto-excluding **/.*
2024-07-16 14:15:00.804 [info] [Info  - 2:15:00 PM] (12614) Assuming Python version 3.8.10.final.0
2024-07-16 14:15:00.845 [info] [Info  - 2:15:00 PM] (12614) No source files found.
