2024-06-26 07:40:51.342 [info] Log level: Info
2024-06-26 07:40:51.342 [info] Validating found git in: "git"
2024-06-26 07:40:51.342 [info] Using git "2.25.1" from "git"
2024-06-26 07:40:51.342 [info] > git rev-parse --show-toplevel [7ms]
2024-06-26 07:40:51.342 [info] > git rev-parse --git-dir --git-common-dir [10ms]
2024-06-26 07:40:51.342 [info] Open repository: /home/ndao/DB_Provisionning
2024-06-26 07:40:51.345 [info] > git rev-parse --show-toplevel [4ms]
2024-06-26 07:40:51.354 [info] > git config --get commit.template [18ms]
2024-06-26 07:40:51.406 [info] > git for-each-ref --format=%(refname)%00%(upstream:short)%00%(objectname)%00%(upstream:track)%00%(upstream:remotename)%00%(upstream:remoteref) refs/heads/master refs/remotes/master [44ms]
2024-06-26 07:40:51.441 [info] > git status -z -uall [29ms]
2024-06-26 07:40:51.472 [info] > git config --get commit.template [3ms]
2024-06-26 07:40:51.482 [info] > git for-each-ref --format=%(refname)%00%(upstream:short)%00%(objectname)%00%(upstream:track)%00%(upstream:remotename)%00%(upstream:remoteref) refs/heads/master refs/remotes/master [4ms]
2024-06-26 07:40:51.533 [info] > git status -z -uall [47ms]
2024-06-26 07:40:51.884 [info] > git check-ignore -v -z --stdin [3ms]
2024-06-26 07:41:04.705 [info] > git show --textconv :Github.yml [15ms]
2024-06-26 07:41:04.705 [info] > git ls-files --stage -- /home/ndao/DB_Provisionning/Github.yml [8ms]
2024-06-26 07:41:04.715 [info] > git cat-file -s 56f1162f3f877434a737cd33e23f6ab8dfdbf9ee [5ms]
2024-06-26 08:33:00.507 [info] > git config --get commit.template [8ms]
2024-06-26 08:33:00.509 [info] > git ls-files --stage -- /home/ndao/DB_Provisionning/Github.yml [3ms]
2024-06-26 08:33:00.515 [info] > git cat-file -s 56f1162f3f877434a737cd33e23f6ab8dfdbf9ee [3ms]
2024-06-26 08:33:00.516 [info] > git for-each-ref --format=%(refname)%00%(upstream:short)%00%(objectname)%00%(upstream:track)%00%(upstream:remotename)%00%(upstream:remoteref) refs/heads/master refs/remotes/master [2ms]
2024-06-26 08:33:00.521 [info] > git status -z -uall [2ms]
2024-06-26 08:33:00.529 [info] > git show --textconv :Github.yml [2ms]
2024-06-26 08:33:25.214 [info] > git config --get commit.template [7ms]
2024-06-26 08:33:25.215 [info] > git for-each-ref --format=%(refname)%00%(upstream:short)%00%(objectname)%00%(upstream:track)%00%(upstream:remotename)%00%(upstream:remoteref) refs/heads/master refs/remotes/master [2ms]
2024-06-26 08:33:25.221 [info] > git status -z -uall [2ms]
2024-06-26 08:34:02.135 [info] > git config --get commit.template [0ms]
2024-06-26 08:34:02.139 [info] > git for-each-ref --format=%(refname)%00%(upstream:short)%00%(objectname)%00%(upstream:track)%00%(upstream:remotename)%00%(upstream:remoteref) refs/heads/master refs/remotes/master [1ms]
2024-06-26 08:34:02.145 [info] > git status -z -uall [2ms]
2024-06-26 08:34:02.153 [info] > git ls-files --stage -- /home/ndao/DB_Provisionning/Github.yml [1ms]
2024-06-26 08:34:02.162 [info] > git cat-file -s 8f6f0873edf89cbbe7cd44e2d4347a4dc940e5ce [5ms]
2024-06-26 08:34:02.200 [info] > git show --textconv :Github.yml [3ms]
2024-06-26 08:34:27.215 [info] > git config --get commit.template [9ms]
2024-06-26 08:34:27.216 [info] > git for-each-ref --format=%(refname)%00%(upstream:short)%00%(objectname)%00%(upstream:track)%00%(upstream:remotename)%00%(upstream:remoteref) refs/heads/master refs/remotes/master [2ms]
2024-06-26 08:34:27.222 [info] > git status -z -uall [1ms]
2024-06-26 08:34:56.370 [info] > git show --textconv :credentials.yaml [5ms]
2024-06-26 08:34:56.371 [info] > git ls-files --stage -- /home/ndao/DB_Provisionning/credentials.yaml [2ms]
2024-06-26 08:34:56.378 [info] > git cat-file -s 2c4e6ce4cfc18faf41ad595f9eaa06c01c8f2a3b [2ms]
2024-06-26 08:34:58.446 [info] > git show --textconv :Github.yml [7ms]
2024-06-26 08:34:58.448 [info] > git ls-files --stage -- /home/ndao/DB_Provisionning/Github.yml [3ms]
2024-06-26 08:34:58.454 [info] > git cat-file -s 8f6f0873edf89cbbe7cd44e2d4347a4dc940e5ce [2ms]
2024-06-26 08:35:02.472 [info] > git show --textconv :credentials.yaml [13ms]
2024-06-26 08:35:02.473 [info] > git ls-files --stage -- /home/ndao/DB_Provisionning/credentials.yaml [4ms]
2024-06-26 08:35:02.480 [info] > git cat-file -s 2c4e6ce4cfc18faf41ad595f9eaa06c01c8f2a3b [2ms]
2024-06-26 08:35:15.887 [info] > git show --textconv :Github.yml [5ms]
2024-06-26 08:35:15.888 [info] > git ls-files --stage -- /home/ndao/DB_Provisionning/Github.yml [1ms]
2024-06-26 08:35:15.893 [info] > git cat-file -s 8f6f0873edf89cbbe7cd44e2d4347a4dc940e5ce [2ms]
2024-06-26 08:36:12.436 [info] > git config --get commit.template [3ms]
2024-06-26 08:36:12.446 [info] > git for-each-ref --format=%(refname)%00%(upstream:short)%00%(objectname)%00%(upstream:track)%00%(upstream:remotename)%00%(upstream:remoteref) refs/heads/master refs/remotes/master [2ms]
2024-06-26 08:36:12.453 [info] > git status -z -uall [2ms]
2024-06-26 08:36:42.815 [info] > git config --get commit.template [11ms]
2024-06-26 08:36:42.817 [info] > git for-each-ref --format=%(refname)%00%(upstream:short)%00%(objectname)%00%(upstream:track)%00%(upstream:remotename)%00%(upstream:remoteref) refs/heads/master refs/remotes/master [3ms]
2024-06-26 08:36:42.827 [info] > git status -z -uall [4ms]
2024-06-26 08:36:42.842 [info] > git ls-files --stage -- /home/ndao/DB_Provisionning/Github.yml [2ms]
2024-06-26 08:36:42.865 [info] > git cat-file -s 2fbae194f92ec46ee28785c20f05b8692c1ea78c [5ms]
2024-06-26 08:36:42.886 [info] > git show --textconv :Github.yml [1ms]
2024-06-26 08:36:43.941 [info] > git show --textconv :credentials.yaml [5ms]
2024-06-26 08:36:43.942 [info] > git ls-files --stage -- /home/ndao/DB_Provisionning/credentials.yaml [1ms]
2024-06-26 08:36:43.950 [info] > git cat-file -s 2c4e6ce4cfc18faf41ad595f9eaa06c01c8f2a3b [1ms]
2024-06-26 08:36:45.561 [info] > git show --textconv :Github.yml [4ms]
2024-06-26 08:36:45.562 [info] > git ls-files --stage -- /home/ndao/DB_Provisionning/Github.yml [1ms]
2024-06-26 08:36:45.566 [info] > git cat-file -s 2fbae194f92ec46ee28785c20f05b8692c1ea78c [1ms]
2024-06-26 08:36:56.365 [info] > git config --get commit.template [4ms]
2024-06-26 08:36:56.373 [info] > git for-each-ref --format=%(refname)%00%(upstream:short)%00%(objectname)%00%(upstream:track)%00%(upstream:remotename)%00%(upstream:remoteref) refs/heads/master refs/remotes/master [2ms]
2024-06-26 08:36:56.378 [info] > git status -z -uall [1ms]
2024-06-26 08:37:15.195 [info] > git config --get commit.template [8ms]
2024-06-26 08:37:15.196 [info] > git for-each-ref --format=%(refname)%00%(upstream:short)%00%(objectname)%00%(upstream:track)%00%(upstream:remotename)%00%(upstream:remoteref) refs/heads/master refs/remotes/master [2ms]
2024-06-26 08:37:15.204 [info] > git status -z -uall [2ms]
2024-06-26 08:37:15.275 [info] > git ls-files --stage -- /home/ndao/DB_Provisionning/Github.yml [1ms]
2024-06-26 08:37:15.288 [info] > git cat-file -s 48212dc3409dabd0e0032695a08d4dd1effcd03e [9ms]
2024-06-26 08:37:15.322 [info] > git show --textconv :Github.yml [2ms]
2024-06-26 08:37:19.994 [info] > git check-ignore -v -z --stdin [3ms]
2024-06-26 08:37:26.973 [info] > git check-ignore -v -z --stdin [0ms]
2024-06-26 08:37:39.489 [info] > git config --get commit.template [12ms]
2024-06-26 08:37:39.491 [info] > git for-each-ref --format=%(refname)%00%(upstream:short)%00%(objectname)%00%(upstream:track)%00%(upstream:remotename)%00%(upstream:remoteref) refs/heads/master refs/remotes/master [4ms]
2024-06-26 08:37:39.506 [info] > git status -z -uall [4ms]
2024-06-26 08:37:43.243 [info] > git show --textconv :mysql_setup/vars/credentials.yaml [5ms]
2024-06-26 08:37:43.243 [info] > git ls-files --stage -- /home/ndao/DB_Provisionning/mysql_setup/vars/credentials.yaml [1ms]
2024-06-26 08:37:43.247 [info] > git cat-file -s 6c091cd9e9dda38e2bda2bfd899c0bd66ec00337 [1ms]
2024-06-26 08:39:46.419 [info] > git config --get commit.template [7ms]
2024-06-26 08:39:46.420 [info] > git for-each-ref --format=%(refname)%00%(upstream:short)%00%(objectname)%00%(upstream:track)%00%(upstream:remotename)%00%(upstream:remoteref) refs/heads/master refs/remotes/master [2ms]
2024-06-26 08:39:46.425 [info] > git status -z -uall [2ms]
2024-06-26 08:39:46.489 [info] > git ls-files --stage -- /home/ndao/DB_Provisionning/mysql_setup/vars/credentials.yaml [3ms]
2024-06-26 08:39:46.495 [info] > git cat-file -s 2c4e6ce4cfc18faf41ad595f9eaa06c01c8f2a3b [2ms]
2024-06-26 08:39:46.511 [info] > git show --textconv :mysql_setup/vars/credentials.yaml [1ms]
2024-06-26 08:39:56.539 [info] > git config --get commit.template [5ms]
2024-06-26 08:39:56.539 [info] > git for-each-ref --format=%(refname)%00%(upstream:short)%00%(objectname)%00%(upstream:track)%00%(upstream:remotename)%00%(upstream:remoteref) refs/heads/master refs/remotes/master [1ms]
2024-06-26 08:39:56.551 [info] > git status -z -uall [3ms]
2024-06-26 08:39:59.496 [info] > git show --textconv :Github.yml [6ms]
2024-06-26 08:39:59.497 [info] > git ls-files --stage -- /home/ndao/DB_Provisionning/Github.yml [2ms]
2024-06-26 08:39:59.503 [info] > git cat-file -s 48212dc3409dabd0e0032695a08d4dd1effcd03e [1ms]
2024-06-26 08:40:25.948 [info] > git config --get commit.template [4ms]
2024-06-26 08:40:25.949 [info] > git for-each-ref --format=%(refname)%00%(upstream:short)%00%(objectname)%00%(upstream:track)%00%(upstream:remotename)%00%(upstream:remoteref) refs/heads/master refs/remotes/master [1ms]
2024-06-26 08:40:25.954 [info] > git status -z -uall [1ms]
2024-06-26 08:41:58.145 [info] > git config --get commit.template [6ms]
2024-06-26 08:41:58.149 [info] > git ls-files --stage -- /home/ndao/DB_Provisionning/Github.yml [5ms]
2024-06-26 08:41:58.152 [info] > git for-each-ref --format=%(refname)%00%(upstream:short)%00%(objectname)%00%(upstream:track)%00%(upstream:remotename)%00%(upstream:remoteref) refs/heads/master refs/remotes/master [4ms]
2024-06-26 08:41:58.157 [info] > git cat-file -s ffc5af6a75e3f473136d52a0e5da693bdee91fb2 [5ms]
2024-06-26 08:41:58.158 [info] > git status -z -uall [2ms]
2024-06-26 08:41:58.195 [info] > git show --textconv :Github.yml [2ms]
2024-06-26 08:42:03.172 [info] > git config --get commit.template [3ms]
2024-06-26 08:42:03.173 [info] > git for-each-ref --format=%(refname)%00%(upstream:short)%00%(objectname)%00%(upstream:track)%00%(upstream:remotename)%00%(upstream:remoteref) refs/heads/master refs/remotes/master [1ms]
2024-06-26 08:42:03.176 [info] > git status -z -uall [1ms]
2024-06-26 08:42:09.487 [info] > git config --get commit.template [3ms]
2024-06-26 08:42:09.495 [info] > git for-each-ref --format=%(refname)%00%(upstream:short)%00%(objectname)%00%(upstream:track)%00%(upstream:remotename)%00%(upstream:remoteref) refs/heads/master refs/remotes/master [2ms]
2024-06-26 08:42:09.501 [info] > git status -z -uall [2ms]
2024-06-26 08:42:30.472 [info] > git config --get commit.template [5ms]
2024-06-26 08:42:30.473 [info] > git for-each-ref --format=%(refname)%00%(upstream:short)%00%(objectname)%00%(upstream:track)%00%(upstream:remotename)%00%(upstream:remoteref) refs/heads/master refs/remotes/master [1ms]
2024-06-26 08:42:30.478 [info] > git status -z -uall [2ms]
2024-06-26 08:42:31.403 [info] > git show --textconv :mysql_setup/vars/credentials.yaml [11ms]
2024-06-26 08:42:31.408 [info] > git ls-files --stage -- /home/ndao/DB_Provisionning/mysql_setup/vars/credentials.yaml [5ms]
2024-06-26 08:42:31.416 [info] > git cat-file -s 2c4e6ce4cfc18faf41ad595f9eaa06c01c8f2a3b [2ms]
2024-06-26 08:42:40.572 [info] > git show --textconv :Github.yml [3ms]
2024-06-26 08:42:40.574 [info] > git ls-files --stage -- /home/ndao/DB_Provisionning/Github.yml [2ms]
2024-06-26 08:42:40.579 [info] > git cat-file -s ffc5af6a75e3f473136d52a0e5da693bdee91fb2 [1ms]
