2024-06-24 18:43:05.106 [info] Log level: Info
2024-06-24 18:43:05.106 [info] Validating found git in: "git"
2024-06-24 18:43:05.106 [info] Using git "2.25.1" from "git"
2024-06-24 18:43:05.106 [info] > git rev-parse --show-toplevel [33ms]
2024-06-24 18:43:05.106 [info] > git rev-parse --git-dir --git-common-dir [84ms]
2024-06-24 18:43:05.106 [info] Open repository: /home/ndao
2024-06-24 18:43:05.124 [info] > git rev-parse --show-toplevel [4ms]
2024-06-24 18:43:05.126 [info] > git config --get commit.template [9ms]
2024-06-24 18:43:05.187 [info] > git rev-parse --show-toplevel [31ms]
2024-06-24 18:43:05.214 [info] > git for-each-ref --format=%(refname)%00%(upstream:short)%00%(objectname)%00%(upstream:track)%00%(upstream:remotename)%00%(upstream:remoteref) refs/heads/main refs/remotes/main [37ms]
2024-06-24 18:43:05.219 [info] > git rev-parse --show-toplevel [7ms]
2024-06-24 18:43:05.807 [info] > git rev-parse --show-toplevel [52ms]
2024-06-24 18:43:05.904 [info] > git check-ignore -v -z --stdin [138ms]
2024-06-24 18:43:05.939 [info] > git rev-parse --show-toplevel [35ms]
2024-06-24 18:43:05.948 [info] > git rev-parse --show-toplevel [4ms]
2024-06-24 18:43:06.017 [info] > git status -z -uall [118ms]
2024-06-24 18:43:06.017 [info] > git rev-parse --show-toplevel [65ms]
2024-06-24 18:43:06.063 [info] > git merge-base refs/heads/main refs/remotes/origin/main [40ms]
2024-06-24 18:43:06.080 [info] > git config --get commit.template [24ms]
2024-06-24 18:43:06.080 [info] > git rev-parse --show-toplevel [29ms]
2024-06-24 18:43:06.147 [info] > git rev-list --count --left-right refs/heads/main...refs/remotes/origin/main [79ms]
2024-06-24 18:43:06.185 [info] > git diff --name-status -z --diff-filter=ADMR b75a375b837a588a18d8b976a11379bef4f9653d...refs/remotes/origin/main [34ms]
2024-06-24 18:43:06.186 [info] > git rev-parse --show-toplevel [44ms]
2024-06-24 18:43:06.256 [info] > git for-each-ref --format=%(refname)%00%(upstream:short)%00%(objectname)%00%(upstream:track)%00%(upstream:remotename)%00%(upstream:remoteref) refs/heads/main refs/remotes/main [72ms]
2024-06-24 18:43:06.257 [info] > git rev-parse --show-toplevel [68ms]
2024-06-24 18:43:06.267 [info] > git rev-parse --show-toplevel [6ms]
2024-06-24 18:43:06.274 [info] > git rev-parse --show-toplevel [1ms]
2024-06-24 18:43:06.299 [info] > git show --textconv :mysql_setup/vars/mysql_vars.yml [16ms]
2024-06-24 18:43:06.299 [info] > git ls-files --stage -- /home/ndao/mysql_setup/vars/mysql_vars.yml [11ms]
2024-06-24 18:43:06.306 [info] > git cat-file -s df0f224ba2f9eec3aaa9982340d05539c5b6ae2f [3ms]
2024-06-24 18:43:06.366 [info] > git status -z -uall [100ms]
2024-06-24 18:43:08.005 [info] > git config --get commit.template [3ms]
2024-06-24 18:43:08.013 [info] > git for-each-ref --format=%(refname)%00%(upstream:short)%00%(objectname)%00%(upstream:track)%00%(upstream:remotename)%00%(upstream:remoteref) refs/heads/main refs/remotes/main [4ms]
2024-06-24 18:43:08.117 [info] > git status -z -uall [99ms]
2024-06-24 18:43:13.156 [info] > git config --get commit.template [12ms]
2024-06-24 18:43:13.158 [info] > git for-each-ref --format=%(refname)%00%(upstream:short)%00%(objectname)%00%(upstream:track)%00%(upstream:remotename)%00%(upstream:remoteref) refs/heads/main refs/remotes/main [4ms]
2024-06-24 18:43:13.331 [info] > git status -z -uall [162ms]
2024-06-24 18:43:18.373 [info] > git config --get commit.template [14ms]
2024-06-24 18:43:18.378 [info] > git for-each-ref --format=%(refname)%00%(upstream:short)%00%(objectname)%00%(upstream:track)%00%(upstream:remotename)%00%(upstream:remoteref) refs/heads/main refs/remotes/main [7ms]
2024-06-24 18:43:18.650 [info] > git status -z -uall [259ms]
2024-06-24 18:43:21.875 [info] > git show --textconv :mysql_setup/sql_setup.yml [6ms]
2024-06-24 18:43:21.879 [info] > git ls-files --stage -- /home/ndao/mysql_setup/sql_setup.yml [6ms]
2024-06-24 18:43:21.885 [info] > git cat-file -s be6c0483b56817803dd7b25a2d4082d6a8903d24 [2ms]
2024-06-24 18:43:23.040 [info] > git show --textconv :mysql_setup/sql_loop.yml [24ms]
2024-06-24 18:43:23.056 [info] > git ls-files --stage -- /home/ndao/mysql_setup/sql_loop.yml [31ms]
2024-06-24 18:43:23.067 [info] > git cat-file -s 8430d9d68fc4704f57ee443ba1eb876da3265b87 [2ms]
2024-06-24 18:43:23.693 [info] > git config --get commit.template [7ms]
2024-06-24 18:43:23.695 [info] > git for-each-ref --format=%(refname)%00%(upstream:short)%00%(objectname)%00%(upstream:track)%00%(upstream:remotename)%00%(upstream:remoteref) refs/heads/main refs/remotes/main [3ms]
2024-06-24 18:43:23.834 [info] > git status -z -uall [134ms]
2024-06-24 18:43:28.886 [info] > git config --get commit.template [15ms]
2024-06-24 18:43:28.889 [info] > git for-each-ref --format=%(refname)%00%(upstream:short)%00%(objectname)%00%(upstream:track)%00%(upstream:remotename)%00%(upstream:remoteref) refs/heads/main refs/remotes/main [5ms]
2024-06-24 18:43:29.105 [info] > git status -z -uall [203ms]
2024-06-24 18:43:34.165 [info] > git config --get commit.template [17ms]
2024-06-24 18:43:34.170 [info] > git for-each-ref --format=%(refname)%00%(upstream:short)%00%(objectname)%00%(upstream:track)%00%(upstream:remotename)%00%(upstream:remoteref) refs/heads/main refs/remotes/main [7ms]
2024-06-24 18:43:34.464 [info] > git status -z -uall [279ms]
2024-06-24 18:43:37.579 [info] > git show --textconv :mysql_setup/sql_setup.yml [7ms]
2024-06-24 18:43:37.589 [info] > git ls-files --stage -- /home/ndao/mysql_setup/sql_setup.yml [12ms]
2024-06-24 18:43:37.596 [info] > git cat-file -s be6c0483b56817803dd7b25a2d4082d6a8903d24 [2ms]
2024-06-24 18:43:39.493 [info] > git config --get commit.template [2ms]
2024-06-24 18:43:39.504 [info] > git for-each-ref --format=%(refname)%00%(upstream:short)%00%(objectname)%00%(upstream:track)%00%(upstream:remotename)%00%(upstream:remoteref) refs/heads/main refs/remotes/main [4ms]
2024-06-24 18:43:39.633 [info] > git status -z -uall [123ms]
2024-06-24 18:43:44.693 [info] > git config --get commit.template [20ms]
2024-06-24 18:43:44.695 [info] > git for-each-ref --format=%(refname)%00%(upstream:short)%00%(objectname)%00%(upstream:track)%00%(upstream:remotename)%00%(upstream:remoteref) refs/heads/main refs/remotes/main [10ms]
2024-06-24 18:43:44.935 [info] > git status -z -uall [218ms]
2024-06-24 18:43:50.119 [info] > git config --get commit.template [11ms]
2024-06-24 18:43:50.147 [info] > git for-each-ref --format=%(refname)%00%(upstream:short)%00%(objectname)%00%(upstream:track)%00%(upstream:remotename)%00%(upstream:remoteref) refs/heads/main refs/remotes/main [9ms]
2024-06-24 18:43:50.267 [info] > git status -z -uall [110ms]
2024-06-24 18:43:55.327 [info] > git config --get commit.template [17ms]
2024-06-24 18:43:55.331 [info] > git for-each-ref --format=%(refname)%00%(upstream:short)%00%(objectname)%00%(upstream:track)%00%(upstream:remotename)%00%(upstream:remoteref) refs/heads/main refs/remotes/main [7ms]
2024-06-24 18:43:55.584 [info] > git status -z -uall [237ms]
2024-06-24 18:44:00.631 [info] > git config --get commit.template [5ms]
2024-06-24 18:44:00.632 [info] > git for-each-ref --format=%(refname)%00%(upstream:short)%00%(objectname)%00%(upstream:track)%00%(upstream:remotename)%00%(upstream:remoteref) refs/heads/main refs/remotes/main [1ms]
2024-06-24 18:44:00.716 [info] > git status -z -uall [78ms]
2024-06-24 18:44:05.758 [info] > git config --get commit.template [6ms]
2024-06-24 18:44:05.759 [info] > git for-each-ref --format=%(refname)%00%(upstream:short)%00%(objectname)%00%(upstream:track)%00%(upstream:remotename)%00%(upstream:remoteref) refs/heads/main refs/remotes/main [2ms]
2024-06-24 18:44:05.836 [info] > git status -z -uall [73ms]
2024-06-24 18:44:10.863 [info] > git config --get commit.template [7ms]
2024-06-24 18:44:10.865 [info] > git for-each-ref --format=%(refname)%00%(upstream:short)%00%(objectname)%00%(upstream:track)%00%(upstream:remotename)%00%(upstream:remoteref) refs/heads/main refs/remotes/main [3ms]
2024-06-24 18:44:10.982 [info] > git status -z -uall [110ms]
2024-06-24 18:44:16.031 [info] > git config --get commit.template [15ms]
2024-06-24 18:44:16.035 [info] > git for-each-ref --format=%(refname)%00%(upstream:short)%00%(objectname)%00%(upstream:track)%00%(upstream:remotename)%00%(upstream:remoteref) refs/heads/main refs/remotes/main [6ms]
2024-06-24 18:44:16.257 [info] > git status -z -uall [208ms]
2024-06-24 18:44:21.319 [info] > git config --get commit.template [13ms]
2024-06-24 18:44:21.322 [info] > git for-each-ref --format=%(refname)%00%(upstream:short)%00%(objectname)%00%(upstream:track)%00%(upstream:remotename)%00%(upstream:remoteref) refs/heads/main refs/remotes/main [4ms]
2024-06-24 18:44:21.490 [info] > git status -z -uall [157ms]
2024-06-24 18:44:26.527 [info] > git config --get commit.template [12ms]
2024-06-24 18:44:26.530 [info] > git for-each-ref --format=%(refname)%00%(upstream:short)%00%(objectname)%00%(upstream:track)%00%(upstream:remotename)%00%(upstream:remoteref) refs/heads/main refs/remotes/main [4ms]
2024-06-24 18:44:26.714 [info] > git status -z -uall [173ms]
2024-06-24 18:44:31.762 [info] > git config --get commit.template [13ms]
2024-06-24 18:44:31.766 [info] > git for-each-ref --format=%(refname)%00%(upstream:short)%00%(objectname)%00%(upstream:track)%00%(upstream:remotename)%00%(upstream:remoteref) refs/heads/main refs/remotes/main [5ms]
2024-06-24 18:44:31.985 [info] > git status -z -uall [208ms]
2024-06-24 18:44:37.055 [info] > git config --get commit.template [6ms]
2024-06-24 18:44:37.072 [info] > git for-each-ref --format=%(refname)%00%(upstream:short)%00%(objectname)%00%(upstream:track)%00%(upstream:remotename)%00%(upstream:remoteref) refs/heads/main refs/remotes/main [6ms]
2024-06-24 18:44:37.272 [info] > git status -z -uall [186ms]
2024-06-24 18:44:42.297 [info] > git config --get commit.template [6ms]
2024-06-24 18:44:42.298 [info] > git for-each-ref --format=%(refname)%00%(upstream:short)%00%(objectname)%00%(upstream:track)%00%(upstream:remotename)%00%(upstream:remoteref) refs/heads/main refs/remotes/main [2ms]
2024-06-24 18:44:42.436 [info] > git status -z -uall [132ms]
2024-06-24 18:44:47.467 [info] > git config --get commit.template [6ms]
2024-06-24 18:44:47.468 [info] > git for-each-ref --format=%(refname)%00%(upstream:short)%00%(objectname)%00%(upstream:track)%00%(upstream:remotename)%00%(upstream:remoteref) refs/heads/main refs/remotes/main [2ms]
2024-06-24 18:44:47.559 [info] > git status -z -uall [85ms]
2024-06-24 18:44:52.602 [info] > git config --get commit.template [13ms]
2024-06-24 18:44:52.606 [info] > git for-each-ref --format=%(refname)%00%(upstream:short)%00%(objectname)%00%(upstream:track)%00%(upstream:remotename)%00%(upstream:remoteref) refs/heads/main refs/remotes/main [6ms]
2024-06-24 18:44:52.776 [info] > git status -z -uall [158ms]
2024-06-24 18:44:57.822 [info] > git config --get commit.template [16ms]
2024-06-24 18:44:57.823 [info] > git for-each-ref --format=%(refname)%00%(upstream:short)%00%(objectname)%00%(upstream:track)%00%(upstream:remotename)%00%(upstream:remoteref) refs/heads/main refs/remotes/main [7ms]
2024-06-24 18:44:58.001 [info] > git status -z -uall [166ms]
2024-06-24 18:45:03.043 [info] > git config --get commit.template [14ms]
2024-06-24 18:45:03.046 [info] > git for-each-ref --format=%(refname)%00%(upstream:short)%00%(objectname)%00%(upstream:track)%00%(upstream:remotename)%00%(upstream:remoteref) refs/heads/main refs/remotes/main [6ms]
2024-06-24 18:45:03.242 [info] > git status -z -uall [184ms]
2024-06-24 18:45:08.282 [info] > git config --get commit.template [11ms]
2024-06-24 18:45:08.285 [info] > git for-each-ref --format=%(refname)%00%(upstream:short)%00%(objectname)%00%(upstream:track)%00%(upstream:remotename)%00%(upstream:remoteref) refs/heads/main refs/remotes/main [5ms]
2024-06-24 18:45:08.442 [info] > git status -z -uall [146ms]
2024-06-24 18:45:13.488 [info] > git config --get commit.template [18ms]
2024-06-24 18:45:13.489 [info] > git for-each-ref --format=%(refname)%00%(upstream:short)%00%(objectname)%00%(upstream:track)%00%(upstream:remotename)%00%(upstream:remoteref) refs/heads/main refs/remotes/main [7ms]
2024-06-24 18:45:13.640 [info] > git status -z -uall [138ms]
2024-06-24 18:45:18.683 [info] > git config --get commit.template [13ms]
2024-06-24 18:45:18.686 [info] > git for-each-ref --format=%(refname)%00%(upstream:short)%00%(objectname)%00%(upstream:track)%00%(upstream:remotename)%00%(upstream:remoteref) refs/heads/main refs/remotes/main [5ms]
2024-06-24 18:45:18.923 [info] > git status -z -uall [224ms]
2024-06-24 18:45:23.989 [info] > git config --get commit.template [13ms]
2024-06-24 18:45:23.992 [info] > git for-each-ref --format=%(refname)%00%(upstream:short)%00%(objectname)%00%(upstream:track)%00%(upstream:remotename)%00%(upstream:remoteref) refs/heads/main refs/remotes/main [5ms]
2024-06-24 18:45:24.218 [info] > git status -z -uall [214ms]
2024-06-24 18:45:29.257 [info] > git config --get commit.template [11ms]
2024-06-24 18:45:29.261 [info] > git for-each-ref --format=%(refname)%00%(upstream:short)%00%(objectname)%00%(upstream:track)%00%(upstream:remotename)%00%(upstream:remoteref) refs/heads/main refs/remotes/main [5ms]
2024-06-24 18:45:29.419 [info] > git status -z -uall [150ms]
2024-06-24 18:45:34.454 [info] > git config --get commit.template [7ms]
2024-06-24 18:45:34.456 [info] > git for-each-ref --format=%(refname)%00%(upstream:short)%00%(objectname)%00%(upstream:track)%00%(upstream:remotename)%00%(upstream:remoteref) refs/heads/main refs/remotes/main [2ms]
2024-06-24 18:45:34.624 [info] > git status -z -uall [161ms]
2024-06-24 18:45:39.664 [info] > git config --get commit.template [13ms]
2024-06-24 18:45:39.667 [info] > git for-each-ref --format=%(refname)%00%(upstream:short)%00%(objectname)%00%(upstream:track)%00%(upstream:remotename)%00%(upstream:remoteref) refs/heads/main refs/remotes/main [4ms]
2024-06-24 18:45:39.825 [info] > git status -z -uall [146ms]
2024-06-24 18:45:44.870 [info] > git config --get commit.template [15ms]
2024-06-24 18:45:44.875 [info] > git for-each-ref --format=%(refname)%00%(upstream:short)%00%(objectname)%00%(upstream:track)%00%(upstream:remotename)%00%(upstream:remoteref) refs/heads/main refs/remotes/main [6ms]
2024-06-24 18:45:45.135 [info] > git status -z -uall [245ms]
2024-06-24 18:45:50.191 [info] > git config --get commit.template [12ms]
2024-06-24 18:45:50.194 [info] > git for-each-ref --format=%(refname)%00%(upstream:short)%00%(objectname)%00%(upstream:track)%00%(upstream:remotename)%00%(upstream:remoteref) refs/heads/main refs/remotes/main [5ms]
2024-06-24 18:45:50.346 [info] > git status -z -uall [140ms]
2024-06-24 18:45:55.392 [info] > git config --get commit.template [18ms]
2024-06-24 18:45:55.398 [info] > git for-each-ref --format=%(refname)%00%(upstream:short)%00%(objectname)%00%(upstream:track)%00%(upstream:remotename)%00%(upstream:remoteref) refs/heads/main refs/remotes/main [8ms]
2024-06-24 18:45:55.611 [info] > git status -z -uall [200ms]
2024-06-24 18:46:00.657 [info] > git config --get commit.template [16ms]
2024-06-24 18:46:00.663 [info] > git for-each-ref --format=%(refname)%00%(upstream:short)%00%(objectname)%00%(upstream:track)%00%(upstream:remotename)%00%(upstream:remoteref) refs/heads/main refs/remotes/main [9ms]
2024-06-24 18:46:00.836 [info] > git status -z -uall [155ms]
2024-06-24 18:46:01.613 [info] > git show --textconv :mysql_setup/sql_loop.yml [13ms]
2024-06-24 18:46:01.626 [info] > git ls-files --stage -- /home/ndao/mysql_setup/sql_loop.yml [15ms]
2024-06-24 18:46:01.638 [info] > git cat-file -s 8430d9d68fc4704f57ee443ba1eb876da3265b87 [3ms]
2024-06-24 18:46:04.834 [info] > git show --textconv :mysql_setup/vars/mysql_vars.yml [22ms]
2024-06-24 18:46:04.843 [info] > git ls-files --stage -- /home/ndao/mysql_setup/vars/mysql_vars.yml [19ms]
2024-06-24 18:46:04.857 [info] > git cat-file -s df0f224ba2f9eec3aaa9982340d05539c5b6ae2f [4ms]
2024-06-24 18:46:05.866 [info] > git config --get commit.template [5ms]
2024-06-24 18:46:05.889 [info] > git for-each-ref --format=%(refname)%00%(upstream:short)%00%(objectname)%00%(upstream:track)%00%(upstream:remotename)%00%(upstream:remoteref) refs/heads/main refs/remotes/main [10ms]
2024-06-24 18:46:06.050 [info] > git status -z -uall [147ms]
2024-06-24 18:46:06.571 [info] > git check-ignore -v -z --stdin [24ms]
2024-06-24 18:46:10.622 [info] > git show --textconv :mysql_setup/mysql_setup.yml [8ms]
2024-06-24 18:46:10.628 [info] > git ls-files --stage -- /home/ndao/mysql_setup/mysql_setup.yml [9ms]
2024-06-24 18:46:10.635 [info] > git cat-file -s 374623a638398b802baa1a67334a3991cdb0998d [2ms]
2024-06-24 18:46:11.071 [info] > git config --get commit.template [5ms]
2024-06-24 18:46:11.072 [info] > git for-each-ref --format=%(refname)%00%(upstream:short)%00%(objectname)%00%(upstream:track)%00%(upstream:remotename)%00%(upstream:remoteref) refs/heads/main refs/remotes/main [2ms]
2024-06-24 18:46:11.151 [info] > git status -z -uall [74ms]
2024-06-24 18:46:16.175 [info] > git config --get commit.template [7ms]
2024-06-24 18:46:16.176 [info] > git for-each-ref --format=%(refname)%00%(upstream:short)%00%(objectname)%00%(upstream:track)%00%(upstream:remotename)%00%(upstream:remoteref) refs/heads/main refs/remotes/main [2ms]
2024-06-24 18:46:16.292 [info] > git status -z -uall [109ms]
2024-06-24 18:46:21.131 [info] > git show --textconv :mysql_setup/Clonedb.yml [20ms]
2024-06-24 18:46:21.142 [info] > git ls-files --stage -- /home/ndao/mysql_setup/Clonedb.yml [18ms]
2024-06-24 18:46:21.158 [info] > git cat-file -s 6e5a4d72f50c032439871113bd56bec85ab44ab4 [5ms]
2024-06-24 18:46:21.334 [info] > git config --get commit.template [16ms]
2024-06-24 18:46:21.339 [info] > git for-each-ref --format=%(refname)%00%(upstream:short)%00%(objectname)%00%(upstream:track)%00%(upstream:remotename)%00%(upstream:remoteref) refs/heads/main refs/remotes/main [7ms]
2024-06-24 18:46:21.549 [info] > git status -z -uall [196ms]
2024-06-24 18:46:26.602 [info] > git config --get commit.template [14ms]
2024-06-24 18:46:26.605 [info] > git for-each-ref --format=%(refname)%00%(upstream:short)%00%(objectname)%00%(upstream:track)%00%(upstream:remotename)%00%(upstream:remoteref) refs/heads/main refs/remotes/main [4ms]
2024-06-24 18:46:26.762 [info] > git status -z -uall [145ms]
2024-06-24 18:46:31.786 [info] > git config --get commit.template [7ms]
2024-06-24 18:46:31.787 [info] > git for-each-ref --format=%(refname)%00%(upstream:short)%00%(objectname)%00%(upstream:track)%00%(upstream:remotename)%00%(upstream:remoteref) refs/heads/main refs/remotes/main [2ms]
2024-06-24 18:46:31.893 [info] > git status -z -uall [100ms]
2024-06-24 18:46:36.919 [info] > git config --get commit.template [6ms]
2024-06-24 18:46:36.921 [info] > git for-each-ref --format=%(refname)%00%(upstream:short)%00%(objectname)%00%(upstream:track)%00%(upstream:remotename)%00%(upstream:remoteref) refs/heads/main refs/remotes/main [2ms]
2024-06-24 18:46:37.044 [info] > git status -z -uall [117ms]
2024-06-24 18:46:38.156 [info] > git show --textconv :mysql_setup/templates/shell_script.sh [9ms]
2024-06-24 18:46:38.159 [info] > git ls-files --stage -- /home/ndao/mysql_setup/templates/shell_script.sh [8ms]
2024-06-24 18:46:38.166 [info] > git cat-file -s 50d810b2a2dbb4c4faa80840c45b374c6bb64f1c [3ms]
2024-06-24 18:46:42.066 [info] > git config --get commit.template [5ms]
2024-06-24 18:46:42.067 [info] > git for-each-ref --format=%(refname)%00%(upstream:short)%00%(objectname)%00%(upstream:track)%00%(upstream:remotename)%00%(upstream:remoteref) refs/heads/main refs/remotes/main [2ms]
2024-06-24 18:46:42.146 [info] > git status -z -uall [74ms]
2024-06-24 18:46:47.172 [info] > git config --get commit.template [10ms]
2024-06-24 18:46:47.174 [info] > git for-each-ref --format=%(refname)%00%(upstream:short)%00%(objectname)%00%(upstream:track)%00%(upstream:remotename)%00%(upstream:remoteref) refs/heads/main refs/remotes/main [3ms]
2024-06-24 18:46:47.281 [info] > git status -z -uall [100ms]
2024-06-24 18:46:52.311 [info] > git config --get commit.template [5ms]
2024-06-24 18:46:52.312 [info] > git for-each-ref --format=%(refname)%00%(upstream:short)%00%(objectname)%00%(upstream:track)%00%(upstream:remotename)%00%(upstream:remoteref) refs/heads/main refs/remotes/main [2ms]
2024-06-24 18:46:52.411 [info] > git status -z -uall [94ms]
2024-06-24 18:46:57.431 [info] > git config --get commit.template [1ms]
2024-06-24 18:46:57.436 [info] > git for-each-ref --format=%(refname)%00%(upstream:short)%00%(objectname)%00%(upstream:track)%00%(upstream:remotename)%00%(upstream:remoteref) refs/heads/main refs/remotes/main [2ms]
2024-06-24 18:46:57.516 [info] > git status -z -uall [76ms]
2024-06-24 18:47:02.535 [info] > git config --get commit.template [5ms]
2024-06-24 18:47:02.536 [info] > git for-each-ref --format=%(refname)%00%(upstream:short)%00%(objectname)%00%(upstream:track)%00%(upstream:remotename)%00%(upstream:remoteref) refs/heads/main refs/remotes/main [2ms]
2024-06-24 18:47:02.610 [info] > git status -z -uall [69ms]
2024-06-24 18:47:07.648 [info] > git config --get commit.template [13ms]
2024-06-24 18:47:07.652 [info] > git for-each-ref --format=%(refname)%00%(upstream:short)%00%(objectname)%00%(upstream:track)%00%(upstream:remotename)%00%(upstream:remoteref) refs/heads/main refs/remotes/main [5ms]
2024-06-24 18:47:07.861 [info] > git status -z -uall [198ms]
2024-06-24 18:47:12.919 [info] > git config --get commit.template [17ms]
2024-06-24 18:47:12.925 [info] > git for-each-ref --format=%(refname)%00%(upstream:short)%00%(objectname)%00%(upstream:track)%00%(upstream:remotename)%00%(upstream:remoteref) refs/heads/main refs/remotes/main [8ms]
2024-06-24 18:47:13.119 [info] > git status -z -uall [179ms]
2024-06-24 18:47:18.149 [info] > git config --get commit.template [7ms]
2024-06-24 18:47:18.150 [info] > git for-each-ref --format=%(refname)%00%(upstream:short)%00%(objectname)%00%(upstream:track)%00%(upstream:remotename)%00%(upstream:remoteref) refs/heads/main refs/remotes/main [2ms]
2024-06-24 18:47:18.242 [info] > git status -z -uall [87ms]
2024-06-24 18:47:23.277 [info] > git config --get commit.template [7ms]
2024-06-24 18:47:23.291 [info] > git for-each-ref --format=%(refname)%00%(upstream:short)%00%(objectname)%00%(upstream:track)%00%(upstream:remotename)%00%(upstream:remoteref) refs/heads/main refs/remotes/main [4ms]
2024-06-24 18:47:23.420 [info] > git status -z -uall [118ms]
2024-06-24 18:47:28.460 [info] > git config --get commit.template [14ms]
2024-06-24 18:47:28.464 [info] > git for-each-ref --format=%(refname)%00%(upstream:short)%00%(objectname)%00%(upstream:track)%00%(upstream:remotename)%00%(upstream:remoteref) refs/heads/main refs/remotes/main [5ms]
2024-06-24 18:47:28.679 [info] > git status -z -uall [205ms]
2024-06-24 18:47:33.703 [info] > git config --get commit.template [2ms]
2024-06-24 18:47:33.711 [info] > git for-each-ref --format=%(refname)%00%(upstream:short)%00%(objectname)%00%(upstream:track)%00%(upstream:remotename)%00%(upstream:remoteref) refs/heads/main refs/remotes/main [2ms]
2024-06-24 18:47:33.810 [info] > git status -z -uall [93ms]
2024-06-24 18:47:38.850 [info] > git config --get commit.template [13ms]
2024-06-24 18:47:38.854 [info] > git for-each-ref --format=%(refname)%00%(upstream:short)%00%(objectname)%00%(upstream:track)%00%(upstream:remotename)%00%(upstream:remoteref) refs/heads/main refs/remotes/main [5ms]
2024-06-24 18:47:39.033 [info] > git status -z -uall [169ms]
2024-06-24 18:47:44.088 [info] > git config --get commit.template [12ms]
2024-06-24 18:47:44.091 [info] > git for-each-ref --format=%(refname)%00%(upstream:short)%00%(objectname)%00%(upstream:track)%00%(upstream:remotename)%00%(upstream:remoteref) refs/heads/main refs/remotes/main [5ms]
2024-06-24 18:47:44.267 [info] > git status -z -uall [165ms]
2024-06-24 18:47:49.318 [info] > git config --get commit.template [11ms]
2024-06-24 18:47:49.319 [info] > git for-each-ref --format=%(refname)%00%(upstream:short)%00%(objectname)%00%(upstream:track)%00%(upstream:remotename)%00%(upstream:remoteref) refs/heads/main refs/remotes/main [2ms]
2024-06-24 18:47:49.417 [info] > git status -z -uall [85ms]
2024-06-24 18:47:54.452 [info] > git config --get commit.template [7ms]
2024-06-24 18:47:54.468 [info] > git for-each-ref --format=%(refname)%00%(upstream:short)%00%(objectname)%00%(upstream:track)%00%(upstream:remotename)%00%(upstream:remoteref) refs/heads/main refs/remotes/main [6ms]
2024-06-24 18:47:54.588 [info] > git status -z -uall [104ms]
2024-06-24 18:47:59.615 [info] > git config --get commit.template [9ms]
2024-06-24 18:47:59.617 [info] > git for-each-ref --format=%(refname)%00%(upstream:short)%00%(objectname)%00%(upstream:track)%00%(upstream:remotename)%00%(upstream:remoteref) refs/heads/main refs/remotes/main [3ms]
2024-06-24 18:47:59.759 [info] > git status -z -uall [135ms]
2024-06-24 18:48:04.798 [info] > git config --get commit.template [12ms]
2024-06-24 18:48:04.801 [info] > git for-each-ref --format=%(refname)%00%(upstream:short)%00%(objectname)%00%(upstream:track)%00%(upstream:remotename)%00%(upstream:remoteref) refs/heads/main refs/remotes/main [5ms]
2024-06-24 18:48:05.010 [info] > git status -z -uall [198ms]
2024-06-24 18:48:10.064 [info] > git config --get commit.template [12ms]
2024-06-24 18:48:10.068 [info] > git for-each-ref --format=%(refname)%00%(upstream:short)%00%(objectname)%00%(upstream:track)%00%(upstream:remotename)%00%(upstream:remoteref) refs/heads/main refs/remotes/main [5ms]
2024-06-24 18:48:10.234 [info] > git status -z -uall [158ms]
2024-06-24 18:48:15.266 [info] > git config --get commit.template [7ms]
2024-06-24 18:48:15.268 [info] > git for-each-ref --format=%(refname)%00%(upstream:short)%00%(objectname)%00%(upstream:track)%00%(upstream:remotename)%00%(upstream:remoteref) refs/heads/main refs/remotes/main [3ms]
2024-06-24 18:48:15.349 [info] > git status -z -uall [75ms]
2024-06-24 18:48:20.385 [info] > git config --get commit.template [12ms]
2024-06-24 18:48:20.386 [info] > git for-each-ref --format=%(refname)%00%(upstream:short)%00%(objectname)%00%(upstream:track)%00%(upstream:remotename)%00%(upstream:remoteref) refs/heads/main refs/remotes/main [5ms]
2024-06-24 18:48:20.529 [info] > git status -z -uall [131ms]
2024-06-24 18:48:25.576 [info] > git config --get commit.template [17ms]
2024-06-24 18:48:25.580 [info] > git for-each-ref --format=%(refname)%00%(upstream:short)%00%(objectname)%00%(upstream:track)%00%(upstream:remotename)%00%(upstream:remoteref) refs/heads/main refs/remotes/main [6ms]
2024-06-24 18:48:25.797 [info] > git status -z -uall [203ms]
2024-06-24 18:48:25.808 [info] > git check-ignore -v -z --stdin [19ms]
2024-06-24 18:48:30.837 [info] > git config --get commit.template [13ms]
2024-06-24 18:48:30.841 [info] > git for-each-ref --format=%(refname)%00%(upstream:short)%00%(objectname)%00%(upstream:track)%00%(upstream:remotename)%00%(upstream:remoteref) refs/heads/main refs/remotes/main [5ms]
2024-06-24 18:48:31.064 [info] > git status -z -uall [210ms]
2024-06-24 18:56:07.115 [info] > git config --get commit.template [8ms]
2024-06-24 18:56:07.120 [info] > git ls-files --stage -- /home/ndao/mysql_setup/templates/shell_script.sh [6ms]
2024-06-24 18:56:07.124 [info] > git for-each-ref --format=%(refname)%00%(upstream:short)%00%(objectname)%00%(upstream:track)%00%(upstream:remotename)%00%(upstream:remoteref) refs/heads/main refs/remotes/main [5ms]
2024-06-24 18:56:07.125 [info] > git cat-file -s 50d810b2a2dbb4c4faa80840c45b374c6bb64f1c [2ms]
2024-06-24 18:56:07.145 [info] > git show --textconv :mysql_setup/templates/shell_script.sh [7ms]
2024-06-24 18:56:07.205 [info] > git status -z -uall [76ms]
2024-06-24 18:56:07.223 [info] > git merge-base refs/heads/main refs/remotes/origin/main [12ms]
2024-06-24 18:56:07.230 [info] > git rev-list --count --left-right refs/heads/main...refs/remotes/origin/main [2ms]
2024-06-24 18:56:07.243 [info] > git diff --name-status -z --diff-filter=ADMR b75a375b837a588a18d8b976a11379bef4f9653d...refs/remotes/origin/main [8ms]
2024-06-24 18:56:10.907 [info] > git show --textconv :mysql_setup/vars/mysql_vars.yml [60ms]
2024-06-24 18:56:10.925 [info] > git ls-files --stage -- /home/ndao/mysql_setup/vars/mysql_vars.yml [61ms]
2024-06-24 18:56:10.931 [info] > git cat-file -s df0f224ba2f9eec3aaa9982340d05539c5b6ae2f [2ms]
2024-06-24 18:56:12.256 [info] > git config --get commit.template [16ms]
2024-06-24 18:56:12.260 [info] > git for-each-ref --format=%(refname)%00%(upstream:short)%00%(objectname)%00%(upstream:track)%00%(upstream:remotename)%00%(upstream:remoteref) refs/heads/main refs/remotes/main [6ms]
2024-06-24 18:56:12.514 [info] > git status -z -uall [240ms]
2024-06-24 18:56:17.548 [info] > git config --get commit.template [13ms]
2024-06-24 18:56:17.551 [info] > git for-each-ref --format=%(refname)%00%(upstream:short)%00%(objectname)%00%(upstream:track)%00%(upstream:remotename)%00%(upstream:remoteref) refs/heads/main refs/remotes/main [5ms]
2024-06-24 18:56:17.707 [info] > git status -z -uall [143ms]
2024-06-24 18:56:21.382 [info] > git show --textconv :Github.yml [9ms]
2024-06-24 18:56:21.392 [info] > git ls-files --stage -- /home/ndao/Github.yml [12ms]
2024-06-24 18:56:21.400 [info] > git cat-file -s 864955cd4dcad386fa41734a6f3ac030c9912a64 [2ms]
2024-06-24 18:56:22.741 [info] > git config --get commit.template [17ms]
2024-06-24 18:56:22.745 [info] > git for-each-ref --format=%(refname)%00%(upstream:short)%00%(objectname)%00%(upstream:track)%00%(upstream:remotename)%00%(upstream:remoteref) refs/heads/main refs/remotes/main [7ms]
2024-06-24 18:56:23.001 [info] > git status -z -uall [243ms]
2024-06-24 18:56:28.046 [info] > git config --get commit.template [16ms]
2024-06-24 18:56:28.050 [info] > git for-each-ref --format=%(refname)%00%(upstream:short)%00%(objectname)%00%(upstream:track)%00%(upstream:remotename)%00%(upstream:remoteref) refs/heads/main refs/remotes/main [7ms]
2024-06-24 18:56:28.405 [info] > git status -z -uall [341ms]
2024-06-24 18:56:33.878 [info] > git config --get commit.template [3ms]
2024-06-24 18:56:33.887 [info] > git for-each-ref --format=%(refname)%00%(upstream:short)%00%(objectname)%00%(upstream:track)%00%(upstream:remotename)%00%(upstream:remoteref) refs/heads/main refs/remotes/main [3ms]
2024-06-24 18:56:34.117 [info] > git status -z -uall [223ms]
2024-06-24 18:56:39.151 [info] > git config --get commit.template [13ms]
2024-06-24 18:56:39.155 [info] > git for-each-ref --format=%(refname)%00%(upstream:short)%00%(objectname)%00%(upstream:track)%00%(upstream:remotename)%00%(upstream:remoteref) refs/heads/main refs/remotes/main [6ms]
2024-06-24 18:56:39.321 [info] > git status -z -uall [155ms]
2024-06-24 18:56:44.351 [info] > git config --get commit.template [8ms]
2024-06-24 18:56:44.369 [info] > git for-each-ref --format=%(refname)%00%(upstream:short)%00%(objectname)%00%(upstream:track)%00%(upstream:remotename)%00%(upstream:remoteref) refs/heads/main refs/remotes/main [5ms]
2024-06-24 18:56:44.557 [info] > git status -z -uall [172ms]
2024-06-24 18:56:49.587 [info] > git config --get commit.template [14ms]
2024-06-24 18:56:49.591 [info] > git for-each-ref --format=%(refname)%00%(upstream:short)%00%(objectname)%00%(upstream:track)%00%(upstream:remotename)%00%(upstream:remoteref) refs/heads/main refs/remotes/main [6ms]
2024-06-24 18:56:49.836 [info] > git status -z -uall [225ms]
2024-06-24 18:56:56.193 [info] > git config --get commit.template [9ms]
2024-06-24 18:56:56.197 [info] > git for-each-ref --format=%(refname)%00%(upstream:short)%00%(objectname)%00%(upstream:track)%00%(upstream:remotename)%00%(upstream:remoteref) refs/heads/main refs/remotes/main [6ms]
2024-06-24 18:56:56.310 [info] > git status -z -uall [104ms]
2024-06-24 18:59:44.980 [info] > git config --get commit.template [19ms]
2024-06-24 18:59:44.986 [info] > git for-each-ref --format=%(refname)%00%(upstream:short)%00%(objectname)%00%(upstream:track)%00%(upstream:remotename)%00%(upstream:remoteref) refs/heads/main refs/remotes/main [8ms]
2024-06-24 18:59:45.105 [info] > git status -z -uall [105ms]
2024-06-24 19:00:12.583 [info] > git config --get commit.template [9ms]
2024-06-24 19:00:12.584 [info] > git for-each-ref --format=%(refname)%00%(upstream:short)%00%(objectname)%00%(upstream:track)%00%(upstream:remotename)%00%(upstream:remoteref) refs/heads/main refs/remotes/main [5ms]
2024-06-24 19:00:12.728 [info] > git status -z -uall [135ms]
