2024-06-24 09:34:48.053 [info] (Client) Pylance async client (2024.6.1) started with python extension (2024.8.1)
2024-06-24 09:34:48.869 [info] [Info  - 9:34:48 AM] (400) Pylance language server 2024.6.1 (pyright version 1.1.364, commit 0618acc5) starting
2024-06-24 09:34:48.869 [info] [Info  - 9:34:48 AM] (400) Server root directory: file:///home/ndao/.vscode-server/extensions/ms-python.vscode-pylance-2024.6.1/dist
2024-06-24 09:34:48.893 [info] [Info  - 9:34:48 AM] (400) Starting service instance "ndao"
2024-06-24 09:34:48.948 [info] Auto-Indent enabled
2024-06-24 09:34:48.992 [info] Auto-Indent enabled
2024-06-24 09:34:48.996 [info] [Info  - 9:34:48 AM] (400) Setting pythonPath for service "ndao": "/bin/python3"
2024-06-24 09:34:48.997 [info] [Info  - 9:34:48 AM] (400) Setting environmentName for service "ndao": "3.8.10 (global)"
2024-06-24 09:34:49.062 [info] [Info  - 9:34:49 AM] (400) Assuming Python version 3.8.10.final.0
2024-06-24 09:34:49.582 [info] [Info  - 9:34:49 AM] (400) No source files found.
2024-06-24 09:34:49.603 [info] Auto-Indent enabled
2024-06-24 09:34:50.113 [info] [Info  - 9:34:50 AM] (400) Background analysis(1) root directory: file:///home/ndao/.vscode-server/extensions/ms-python.vscode-pylance-2024.6.1/dist
2024-06-24 09:34:50.122 [info] [Info  - 9:34:50 AM] (400) Background analysis(1) started
2024-06-24 10:04:55.441 [info] Auto-Indent enabled
2024-06-24 10:04:55.442 [info] [Info  - 10:04:55 AM] (400) Setting pythonPath for service "ndao": "/bin/python3"
2024-06-24 10:04:55.446 [info] [Info  - 10:04:55 AM] (400) Setting environmentName for service "ndao": "3.8.10 (global)"
2024-06-24 10:04:55.490 [info] [Info  - 10:04:55 AM] (400) Assuming Python version 3.8.10.final.0
2024-06-24 10:04:55.811 [info] [Info  - 10:04:55 AM] (400) No source files found.
2024-06-24 10:04:55.813 [info] Auto-Indent enabled
2024-06-24 10:05:04.553 [info] Auto-Indent enabled
2024-06-24 10:05:04.556 [info] [Info  - 10:05:04 AM] (400) Setting pythonPath for service "ndao": "/bin/python3"
2024-06-24 10:05:04.557 [info] [Info  - 10:05:04 AM] (400) Setting environmentName for service "ndao": "3.8.10 (global)"
2024-06-24 10:05:04.624 [info] [Info  - 10:05:04 AM] (400) Assuming Python version 3.8.10.final.0
2024-06-24 10:05:04.935 [info] [Info  - 10:05:04 AM] (400) No source files found.
2024-06-24 10:05:04.936 [info] Auto-Indent enabled
2024-06-24 10:07:16.383 [info] Auto-Indent enabled
2024-06-24 10:07:16.384 [info] [Info  - 10:07:16 AM] (400) Setting pythonPath for service "ndao": "/bin/python3"
2024-06-24 10:07:16.384 [info] [Info  - 10:07:16 AM] (400) Setting environmentName for service "ndao": "3.8.10 (global)"
2024-06-24 10:07:16.448 [info] [Info  - 10:07:16 AM] (400) Assuming Python version 3.8.10.final.0
2024-06-24 10:07:16.769 [info] [Info  - 10:07:16 AM] (400) No source files found.
2024-06-24 10:07:16.771 [info] Auto-Indent enabled
2024-06-24 10:07:16.904 [info] Auto-Indent enabled
2024-06-24 10:07:16.905 [info] [Info  - 10:07:16 AM] (400) Setting pythonPath for service "ndao": "/bin/python3"
2024-06-24 10:07:16.905 [info] [Info  - 10:07:16 AM] (400) Setting environmentName for service "ndao": "3.8.10 (global)"
2024-06-24 10:07:16.990 [info] [Info  - 10:07:16 AM] (400) Assuming Python version 3.8.10.final.0
2024-06-24 10:07:17.482 [info] [Info  - 10:07:17 AM] (400) No source files found.
2024-06-24 10:07:17.717 [info] Auto-Indent enabled
2024-06-24 10:07:17.757 [info] Auto-Indent enabled
2024-06-24 10:07:17.758 [info] [Info  - 10:07:17 AM] (400) Setting pythonPath for service "ndao": "/bin/python3"
2024-06-24 10:07:17.760 [info] [Info  - 10:07:17 AM] (400) Setting environmentName for service "ndao": "3.8.10 (global)"
2024-06-24 10:07:17.805 [info] [Info  - 10:07:17 AM] (400) Assuming Python version 3.8.10.final.0
2024-06-24 10:07:18.204 [info] [Info  - 10:07:18 AM] (400) No source files found.
2024-06-24 10:07:18.206 [info] Auto-Indent enabled
2024-06-24 10:07:18.354 [info] Auto-Indent enabled
2024-06-24 10:07:18.354 [info] [Info  - 10:07:18 AM] (400) Setting pythonPath for service "ndao": "/bin/python3"
2024-06-24 10:07:18.354 [info] [Info  - 10:07:18 AM] (400) Setting environmentName for service "ndao": "3.8.10 (global)"
2024-06-24 10:07:18.554 [info] [Info  - 10:07:18 AM] (400) Assuming Python version 3.8.10.final.0
2024-06-24 10:07:19.159 [info] [Info  - 10:07:19 AM] (400) No source files found.
2024-06-24 10:07:19.165 [info] Auto-Indent enabled
2024-06-24 10:07:19.266 [info] Auto-Indent enabled
2024-06-24 10:07:19.269 [info] [Info  - 10:07:19 AM] (400) Setting pythonPath for service "ndao": "/bin/python3"
2024-06-24 10:07:19.271 [info] [Info  - 10:07:19 AM] (400) Setting environmentName for service "ndao": "3.8.10 (global)"
2024-06-24 10:07:19.318 [info] [Info  - 10:07:19 AM] (400) Assuming Python version 3.8.10.final.0
2024-06-24 10:07:19.762 [info] [Info  - 10:07:19 AM] (400) No source files found.
2024-06-24 10:07:19.764 [info] Auto-Indent enabled
2024-06-24 10:07:19.772 [info] Auto-Indent enabled
2024-06-24 10:07:19.772 [info] [Info  - 10:07:19 AM] (400) Setting pythonPath for service "ndao": "/bin/python3"
2024-06-24 10:07:19.772 [info] [Info  - 10:07:19 AM] (400) Setting environmentName for service "ndao": "3.8.10 (global)"
2024-06-24 10:07:19.846 [info] [Info  - 10:07:19 AM] (400) Assuming Python version 3.8.10.final.0
2024-06-24 10:07:20.187 [info] [Info  - 10:07:20 AM] (400) No source files found.
2024-06-24 10:07:20.189 [info] Auto-Indent enabled
2024-06-24 10:07:20.212 [info] Auto-Indent enabled
2024-06-24 10:07:20.213 [info] [Info  - 10:07:20 AM] (400) Setting pythonPath for service "ndao": "/bin/python3"
2024-06-24 10:07:20.213 [info] [Info  - 10:07:20 AM] (400) Setting environmentName for service "ndao": "3.8.10 (global)"
2024-06-24 10:07:20.246 [info] [Info  - 10:07:20 AM] (400) Assuming Python version 3.8.10.final.0
2024-06-24 10:07:20.645 [info] [Info  - 10:07:20 AM] (400) No source files found.
2024-06-24 10:07:20.646 [info] Auto-Indent enabled
2024-06-24 10:07:22.379 [info] Auto-Indent enabled
2024-06-24 10:07:22.380 [info] [Info  - 10:07:22 AM] (400) Setting pythonPath for service "ndao": "/bin/python3"
2024-06-24 10:07:22.380 [info] [Info  - 10:07:22 AM] (400) Setting environmentName for service "ndao": "3.8.10 (global)"
2024-06-24 10:07:22.434 [info] [Info  - 10:07:22 AM] (400) Assuming Python version 3.8.10.final.0
2024-06-24 10:07:22.755 [info] [Info  - 10:07:22 AM] (400) No source files found.
2024-06-24 10:07:22.757 [info] Auto-Indent enabled
2024-06-24 10:07:46.670 [info] Auto-Indent enabled
2024-06-24 10:07:46.671 [info] [Info  - 10:07:46 AM] (400) Setting pythonPath for service "ndao": "/bin/python3"
2024-06-24 10:07:46.671 [info] [Info  - 10:07:46 AM] (400) Setting environmentName for service "ndao": "3.8.10 (global)"
2024-06-24 10:07:46.763 [info] [Info  - 10:07:46 AM] (400) Assuming Python version 3.8.10.final.0
2024-06-24 10:07:47.101 [info] [Info  - 10:07:47 AM] (400) No source files found.
2024-06-24 10:07:47.103 [info] Auto-Indent enabled
2024-06-24 10:07:47.124 [info] Auto-Indent enabled
2024-06-24 10:07:47.126 [info] [Info  - 10:07:47 AM] (400) Setting pythonPath for service "ndao": "/bin/python3"
2024-06-24 10:07:47.126 [info] [Info  - 10:07:47 AM] (400) Setting environmentName for service "ndao": "3.8.10 (global)"
2024-06-24 10:07:47.165 [info] [Info  - 10:07:47 AM] (400) Assuming Python version 3.8.10.final.0
2024-06-24 10:07:47.488 [info] [Info  - 10:07:47 AM] (400) No source files found.
2024-06-24 10:07:47.489 [info] Auto-Indent enabled
2024-06-24 10:07:48.194 [info] Auto-Indent enabled
2024-06-24 10:07:48.195 [info] [Info  - 10:07:48 AM] (400) Setting pythonPath for service "ndao": "/bin/python3"
2024-06-24 10:07:48.195 [info] [Info  - 10:07:48 AM] (400) Setting environmentName for service "ndao": "3.8.10 (global)"
2024-06-24 10:07:48.271 [info] [Info  - 10:07:48 AM] (400) Assuming Python version 3.8.10.final.0
2024-06-24 10:07:48.833 [info] [Info  - 10:07:48 AM] (400) No source files found.
2024-06-24 10:07:48.854 [info] Auto-Indent enabled
2024-06-24 10:07:48.929 [info] Auto-Indent enabled
2024-06-24 10:07:48.932 [info] [Info  - 10:07:48 AM] (400) Setting pythonPath for service "ndao": "/bin/python3"
2024-06-24 10:07:48.939 [info] [Info  - 10:07:48 AM] (400) Setting environmentName for service "ndao": "3.8.10 (global)"
2024-06-24 10:07:48.987 [info] [Info  - 10:07:48 AM] (400) Assuming Python version 3.8.10.final.0
2024-06-24 10:07:49.281 [info] [Info  - 10:07:49 AM] (400) No source files found.
2024-06-24 10:07:49.282 [info] Auto-Indent enabled
2024-06-24 10:07:49.286 [info] Auto-Indent enabled
2024-06-24 10:07:49.287 [info] [Info  - 10:07:49 AM] (400) Setting pythonPath for service "ndao": "/bin/python3"
2024-06-24 10:07:49.287 [info] [Info  - 10:07:49 AM] (400) Setting environmentName for service "ndao": "3.8.10 (global)"
2024-06-24 10:07:49.324 [info] [Info  - 10:07:49 AM] (400) Assuming Python version 3.8.10.final.0
2024-06-24 10:07:49.606 [info] [Info  - 10:07:49 AM] (400) No source files found.
2024-06-24 10:07:49.608 [info] Auto-Indent enabled
2024-06-24 10:07:49.736 [info] Auto-Indent enabled
2024-06-24 10:07:49.738 [info] [Info  - 10:07:49 AM] (400) Setting pythonPath for service "ndao": "/bin/python3"
2024-06-24 10:07:49.738 [info] [Info  - 10:07:49 AM] (400) Setting environmentName for service "ndao": "3.8.10 (global)"
2024-06-24 10:07:49.793 [info] [Info  - 10:07:49 AM] (400) Assuming Python version 3.8.10.final.0
2024-06-24 10:07:50.285 [info] [Info  - 10:07:50 AM] (400) No source files found.
2024-06-24 10:07:50.293 [info] Auto-Indent enabled
2024-06-24 10:07:50.320 [info] Auto-Indent enabled
2024-06-24 10:07:50.336 [info] [Info  - 10:07:50 AM] (400) Setting pythonPath for service "ndao": "/bin/python3"
2024-06-24 10:07:50.337 [info] [Info  - 10:07:50 AM] (400) Setting environmentName for service "ndao": "3.8.10 (global)"
2024-06-24 10:07:50.387 [info] [Info  - 10:07:50 AM] (400) Assuming Python version 3.8.10.final.0
2024-06-24 10:07:50.680 [info] [Info  - 10:07:50 AM] (400) No source files found.
2024-06-24 10:07:50.681 [info] Auto-Indent enabled
2024-06-24 10:07:51.313 [info] Auto-Indent enabled
2024-06-24 10:07:51.313 [info] [Info  - 10:07:51 AM] (400) Setting pythonPath for service "ndao": "/bin/python3"
2024-06-24 10:07:51.313 [info] [Info  - 10:07:51 AM] (400) Setting environmentName for service "ndao": "3.8.10 (global)"
2024-06-24 10:07:51.359 [info] [Info  - 10:07:51 AM] (400) Assuming Python version 3.8.10.final.0
2024-06-24 10:07:51.654 [info] [Info  - 10:07:51 AM] (400) No source files found.
2024-06-24 10:07:51.656 [info] Auto-Indent enabled
2024-06-24 10:07:51.953 [info] Auto-Indent enabled
2024-06-24 10:07:51.954 [info] [Info  - 10:07:51 AM] (400) Setting pythonPath for service "ndao": "/bin/python3"
2024-06-24 10:07:51.954 [info] [Info  - 10:07:51 AM] (400) Setting environmentName for service "ndao": "3.8.10 (global)"
2024-06-24 10:07:51.998 [info] [Info  - 10:07:51 AM] (400) Assuming Python version 3.8.10.final.0
2024-06-24 10:07:52.407 [info] [Info  - 10:07:52 AM] (400) No source files found.
2024-06-24 10:07:52.418 [info] Auto-Indent enabled
2024-06-24 10:07:52.457 [info] Auto-Indent enabled
2024-06-24 10:07:52.458 [info] [Info  - 10:07:52 AM] (400) Setting pythonPath for service "ndao": "/bin/python3"
2024-06-24 10:07:52.458 [info] [Info  - 10:07:52 AM] (400) Setting environmentName for service "ndao": "3.8.10 (global)"
2024-06-24 10:07:52.529 [info] [Info  - 10:07:52 AM] (400) Assuming Python version 3.8.10.final.0
2024-06-24 10:07:52.888 [info] [Info  - 10:07:52 AM] (400) No source files found.
2024-06-24 10:07:52.890 [info] Auto-Indent enabled
2024-06-24 10:07:52.913 [info] Auto-Indent enabled
2024-06-24 10:07:52.914 [info] [Info  - 10:07:52 AM] (400) Setting pythonPath for service "ndao": "/bin/python3"
2024-06-24 10:07:52.914 [info] [Info  - 10:07:52 AM] (400) Setting environmentName for service "ndao": "3.8.10 (global)"
2024-06-24 10:07:52.954 [info] [Info  - 10:07:52 AM] (400) Assuming Python version 3.8.10.final.0
2024-06-24 10:07:53.238 [info] [Info  - 10:07:53 AM] (400) No source files found.
2024-06-24 10:07:53.241 [info] Auto-Indent enabled
2024-06-24 10:07:54.033 [info] Auto-Indent enabled
2024-06-24 10:07:54.037 [info] [Info  - 10:07:54 AM] (400) Setting pythonPath for service "ndao": "/bin/python3"
2024-06-24 10:07:54.038 [info] [Info  - 10:07:54 AM] (400) Setting environmentName for service "ndao": "3.8.10 (global)"
2024-06-24 10:07:54.086 [info] [Info  - 10:07:54 AM] (400) Assuming Python version 3.8.10.final.0
2024-06-24 10:07:54.555 [info] [Info  - 10:07:54 AM] (400) No source files found.
2024-06-24 10:07:54.557 [info] Auto-Indent enabled
2024-06-24 10:07:54.586 [info] Auto-Indent enabled
2024-06-24 10:07:54.586 [info] [Info  - 10:07:54 AM] (400) Setting pythonPath for service "ndao": "/bin/python3"
2024-06-24 10:07:54.586 [info] [Info  - 10:07:54 AM] (400) Setting environmentName for service "ndao": "3.8.10 (global)"
2024-06-24 10:07:54.661 [info] [Info  - 10:07:54 AM] (400) Assuming Python version 3.8.10.final.0
2024-06-24 10:07:55.016 [info] [Info  - 10:07:55 AM] (400) No source files found.
2024-06-24 10:07:55.018 [info] Auto-Indent enabled
2024-06-24 10:08:02.074 [info] Auto-Indent enabled
2024-06-24 10:08:02.075 [info] [Info  - 10:08:02 AM] (400) Setting pythonPath for service "ndao": "/bin/python3"
2024-06-24 10:08:02.076 [info] [Info  - 10:08:02 AM] (400) Setting environmentName for service "ndao": "3.8.10 (global)"
2024-06-24 10:08:02.157 [info] [Info  - 10:08:02 AM] (400) Assuming Python version 3.8.10.final.0
2024-06-24 10:08:02.478 [info] [Info  - 10:08:02 AM] (400) No source files found.
2024-06-24 10:08:02.480 [info] Auto-Indent enabled
2024-06-24 10:08:19.442 [info] Auto-Indent enabled
2024-06-24 10:08:19.449 [info] [Info  - 10:08:19 AM] (400) Setting pythonPath for service "ndao": "/bin/python3"
2024-06-24 10:08:19.453 [info] [Info  - 10:08:19 AM] (400) Setting environmentName for service "ndao": "3.8.10 (global)"
2024-06-24 10:08:19.537 [info] [Info  - 10:08:19 AM] (400) Assuming Python version 3.8.10.final.0
2024-06-24 10:08:19.932 [info] [Info  - 10:08:19 AM] (400) No source files found.
2024-06-24 10:08:19.933 [info] Auto-Indent enabled
2024-06-24 10:08:19.949 [info] Auto-Indent enabled
2024-06-24 10:08:19.949 [info] [Info  - 10:08:19 AM] (400) Setting pythonPath for service "ndao": "/bin/python3"
2024-06-24 10:08:19.949 [info] [Info  - 10:08:19 AM] (400) Setting environmentName for service "ndao": "3.8.10 (global)"
2024-06-24 10:08:20.056 [info] [Info  - 10:08:20 AM] (400) Assuming Python version 3.8.10.final.0
2024-06-24 10:08:20.268 [info] [Info  - 10:08:20 AM] (400) No source files found.
2024-06-24 10:08:20.268 [info] Auto-Indent enabled
2024-06-24 10:08:21.055 [info] Auto-Indent enabled
2024-06-24 10:08:21.056 [info] [Info  - 10:08:21 AM] (400) Setting pythonPath for service "ndao": "/bin/python3"
2024-06-24 10:08:21.056 [info] [Info  - 10:08:21 AM] (400) Setting environmentName for service "ndao": "3.8.10 (global)"
2024-06-24 10:08:21.202 [info] [Info  - 10:08:21 AM] (400) Assuming Python version 3.8.10.final.0
2024-06-24 10:08:21.446 [info] [Info  - 10:08:21 AM] (400) No source files found.
2024-06-24 10:08:21.448 [info] Auto-Indent enabled
2024-06-24 10:08:21.546 [info] Auto-Indent enabled
2024-06-24 10:08:21.546 [info] [Info  - 10:08:21 AM] (400) Setting pythonPath for service "ndao": "/bin/python3"
2024-06-24 10:08:21.552 [info] [Info  - 10:08:21 AM] (400) Setting environmentName for service "ndao": "3.8.10 (global)"
2024-06-24 10:08:21.600 [info] [Info  - 10:08:21 AM] (400) Assuming Python version 3.8.10.final.0
2024-06-24 10:08:22.080 [info] [Info  - 10:08:22 AM] (400) No source files found.
2024-06-24 10:08:22.085 [info] Auto-Indent enabled
2024-06-24 10:08:22.108 [info] Auto-Indent enabled
2024-06-24 10:08:22.111 [info] [Info  - 10:08:22 AM] (400) Setting pythonPath for service "ndao": "/bin/python3"
2024-06-24 10:08:22.116 [info] [Info  - 10:08:22 AM] (400) Setting environmentName for service "ndao": "3.8.10 (global)"
2024-06-24 10:08:22.165 [info] [Info  - 10:08:22 AM] (400) Assuming Python version 3.8.10.final.0
2024-06-24 10:08:22.467 [info] [Info  - 10:08:22 AM] (400) No source files found.
2024-06-24 10:08:22.468 [info] Auto-Indent enabled
2024-06-24 10:08:22.643 [info] Auto-Indent enabled
2024-06-24 10:08:22.647 [info] [Info  - 10:08:22 AM] (400) Setting pythonPath for service "ndao": "/bin/python3"
2024-06-24 10:08:22.648 [info] [Info  - 10:08:22 AM] (400) Setting environmentName for service "ndao": "3.8.10 (global)"
2024-06-24 10:08:22.698 [info] [Info  - 10:08:22 AM] (400) Assuming Python version 3.8.10.final.0
2024-06-24 10:08:23.093 [info] [Info  - 10:08:23 AM] (400) No source files found.
2024-06-24 10:08:23.097 [info] Auto-Indent enabled
2024-06-24 10:08:23.121 [info] Auto-Indent enabled
2024-06-24 10:08:23.122 [info] [Info  - 10:08:23 AM] (400) Setting pythonPath for service "ndao": "/bin/python3"
2024-06-24 10:08:23.123 [info] [Info  - 10:08:23 AM] (400) Setting environmentName for service "ndao": "3.8.10 (global)"
2024-06-24 10:08:23.170 [info] [Info  - 10:08:23 AM] (400) Assuming Python version 3.8.10.final.0
2024-06-24 10:08:23.600 [info] [Info  - 10:08:23 AM] (400) No source files found.
2024-06-24 10:08:23.601 [info] Auto-Indent enabled
2024-06-24 10:09:33.451 [info] Auto-Indent enabled
2024-06-24 10:09:33.453 [info] [Info  - 10:09:33 AM] (400) Setting pythonPath for service "ndao": "/bin/python3"
2024-06-24 10:09:33.454 [info] [Info  - 10:09:33 AM] (400) Setting environmentName for service "ndao": "3.8.10 (global)"
2024-06-24 10:09:33.540 [info] [Info  - 10:09:33 AM] (400) Assuming Python version 3.8.10.final.0
2024-06-24 10:09:33.834 [info] [Info  - 10:09:33 AM] (400) No source files found.
2024-06-24 10:09:33.836 [info] Auto-Indent enabled
2024-06-24 10:35:07.348 [info] Auto-Indent enabled
2024-06-24 10:35:07.349 [info] [Info  - 10:35:07 AM] (400) Setting pythonPath for service "ndao": "/bin/python3"
2024-06-24 10:35:07.349 [info] [Info  - 10:35:07 AM] (400) Setting environmentName for service "ndao": "3.8.10 (global)"
2024-06-24 10:35:07.417 [info] [Info  - 10:35:07 AM] (400) Assuming Python version 3.8.10.final.0
2024-06-24 10:35:07.779 [info] [Info  - 10:35:07 AM] (400) No source files found.
2024-06-24 10:35:07.790 [info] Auto-Indent enabled
2024-06-24 10:35:08.933 [info] Auto-Indent enabled
2024-06-24 10:35:08.936 [info] [Info  - 10:35:08 AM] (400) Setting pythonPath for service "ndao": "/bin/python3"
2024-06-24 10:35:08.936 [info] [Info  - 10:35:08 AM] (400) Setting environmentName for service "ndao": "3.8.10 (global)"
2024-06-24 10:35:08.996 [info] [Info  - 10:35:08 AM] (400) Assuming Python version 3.8.10.final.0
2024-06-24 10:35:09.305 [info] [Info  - 10:35:09 AM] (400) No source files found.
2024-06-24 10:35:09.306 [info] Auto-Indent enabled
2024-06-24 10:53:43.238 [info] Auto-Indent enabled
2024-06-24 10:53:43.239 [info] [Info  - 10:53:43 AM] (400) Setting pythonPath for service "ndao": "/bin/python3"
2024-06-24 10:53:43.239 [info] [Info  - 10:53:43 AM] (400) Setting environmentName for service "ndao": "3.8.10 (global)"
2024-06-24 10:53:43.294 [info] [Info  - 10:53:43 AM] (400) Assuming Python version 3.8.10.final.0
2024-06-24 10:53:43.549 [info] [Info  - 10:53:43 AM] (400) No source files found.
2024-06-24 10:53:43.550 [info] Auto-Indent enabled
2024-06-24 10:53:45.021 [info] Auto-Indent enabled
2024-06-24 10:53:45.022 [info] [Info  - 10:53:45 AM] (400) Setting pythonPath for service "ndao": "/bin/python3"
2024-06-24 10:53:45.022 [info] [Info  - 10:53:45 AM] (400) Setting environmentName for service "ndao": "3.8.10 (global)"
2024-06-24 10:53:45.130 [info] [Info  - 10:53:45 AM] (400) Assuming Python version 3.8.10.final.0
2024-06-24 10:53:45.369 [info] [Info  - 10:53:45 AM] (400) No source files found.
2024-06-24 10:53:45.372 [info] Auto-Indent enabled
2024-06-24 10:53:45.395 [info] Auto-Indent enabled
2024-06-24 10:53:45.396 [info] [Info  - 10:53:45 AM] (400) Setting pythonPath for service "ndao": "/bin/python3"
2024-06-24 10:53:45.396 [info] [Info  - 10:53:45 AM] (400) Setting environmentName for service "ndao": "3.8.10 (global)"
2024-06-24 10:53:45.420 [info] [Info  - 10:53:45 AM] (400) Assuming Python version 3.8.10.final.0
2024-06-24 10:53:45.679 [info] [Info  - 10:53:45 AM] (400) No source files found.
2024-06-24 10:53:45.680 [info] Auto-Indent enabled
2024-06-24 10:53:46.400 [info] Auto-Indent enabled
2024-06-24 10:53:46.401 [info] [Info  - 10:53:46 AM] (400) Setting pythonPath for service "ndao": "/bin/python3"
2024-06-24 10:53:46.401 [info] [Info  - 10:53:46 AM] (400) Setting environmentName for service "ndao": "3.8.10 (global)"
2024-06-24 10:53:46.470 [info] [Info  - 10:53:46 AM] (400) Assuming Python version 3.8.10.final.0
2024-06-24 10:53:46.803 [info] [Info  - 10:53:46 AM] (400) No source files found.
2024-06-24 10:53:46.805 [info] Auto-Indent enabled
2024-06-24 10:53:46.820 [info] Auto-Indent enabled
2024-06-24 10:53:46.824 [info] [Info  - 10:53:46 AM] (400) Setting pythonPath for service "ndao": "/bin/python3"
2024-06-24 10:53:46.825 [info] [Info  - 10:53:46 AM] (400) Setting environmentName for service "ndao": "3.8.10 (global)"
2024-06-24 10:53:46.911 [info] [Info  - 10:53:46 AM] (400) Assuming Python version 3.8.10.final.0
2024-06-24 10:53:47.054 [info] [Info  - 10:53:47 AM] (400) No source files found.
2024-06-24 10:53:47.055 [info] Auto-Indent enabled
2024-06-24 10:53:47.377 [info] Auto-Indent enabled
2024-06-24 10:53:47.378 [info] [Info  - 10:53:47 AM] (400) Setting pythonPath for service "ndao": "/bin/python3"
2024-06-24 10:53:47.378 [info] [Info  - 10:53:47 AM] (400) Setting environmentName for service "ndao": "3.8.10 (global)"
2024-06-24 10:53:47.524 [info] [Info  - 10:53:47 AM] (400) Assuming Python version 3.8.10.final.0
2024-06-24 10:53:47.596 [info] [Info  - 10:53:47 AM] (400) No source files found.
2024-06-24 10:53:47.597 [info] Auto-Indent enabled
2024-06-24 10:53:59.776 [info] Auto-Indent enabled
2024-06-24 10:53:59.777 [info] [Info  - 10:53:59 AM] (400) Setting pythonPath for service "ndao": "/bin/python3"
2024-06-24 10:53:59.777 [info] [Info  - 10:53:59 AM] (400) Setting environmentName for service "ndao": "3.8.10 (global)"
2024-06-24 10:53:59.855 [info] [Info  - 10:53:59 AM] (400) Assuming Python version 3.8.10.final.0
2024-06-24 10:54:00.089 [info] [Info  - 10:54:00 AM] (400) No source files found.
2024-06-24 10:54:00.099 [info] Auto-Indent enabled
2024-06-24 10:54:01.302 [info] Auto-Indent enabled
2024-06-24 10:54:01.302 [info] [Info  - 10:54:01 AM] (400) Setting pythonPath for service "ndao": "/bin/python3"
2024-06-24 10:54:01.302 [info] [Info  - 10:54:01 AM] (400) Setting environmentName for service "ndao": "3.8.10 (global)"
2024-06-24 10:54:01.416 [info] [Info  - 10:54:01 AM] (400) Assuming Python version 3.8.10.final.0
2024-06-24 10:54:01.583 [info] [Info  - 10:54:01 AM] (400) No source files found.
2024-06-24 10:54:01.583 [info] Auto-Indent enabled
2024-06-24 10:54:04.665 [info] Auto-Indent enabled
2024-06-24 10:54:04.666 [info] [Info  - 10:54:04 AM] (400) Setting pythonPath for service "ndao": "/bin/python3"
2024-06-24 10:54:04.667 [info] [Info  - 10:54:04 AM] (400) Setting environmentName for service "ndao": "3.8.10 (global)"
2024-06-24 10:54:04.667 [info] [Info  - 10:54:04 AM] (400) Assuming Python version 3.8.10.final.0
2024-06-24 10:54:04.904 [info] [Info  - 10:54:04 AM] (400) No source files found.
2024-06-24 10:54:04.906 [info] Auto-Indent enabled
2024-06-24 10:54:05.420 [info] Auto-Indent enabled
2024-06-24 10:54:05.421 [info] [Info  - 10:54:05 AM] (400) Setting pythonPath for service "ndao": "/bin/python3"
2024-06-24 10:54:05.424 [info] [Info  - 10:54:05 AM] (400) Setting environmentName for service "ndao": "3.8.10 (global)"
2024-06-24 10:54:05.585 [info] [Info  - 10:54:05 AM] (400) Assuming Python version 3.8.10.final.0
2024-06-24 10:54:05.757 [info] [Info  - 10:54:05 AM] (400) No source files found.
2024-06-24 10:54:05.758 [info] Auto-Indent enabled
2024-06-24 10:55:35.876 [info] Auto-Indent enabled
2024-06-24 10:55:35.876 [info] [Info  - 10:55:35 AM] (400) Setting pythonPath for service "ndao": "/bin/python3"
2024-06-24 10:55:35.877 [info] [Info  - 10:55:35 AM] (400) Setting environmentName for service "ndao": "3.8.10 (global)"
2024-06-24 10:55:35.971 [info] [Info  - 10:55:35 AM] (400) Assuming Python version 3.8.10.final.0
2024-06-24 10:55:36.115 [info] [Info  - 10:55:36 AM] (400) No source files found.
2024-06-24 10:55:36.124 [info] Auto-Indent enabled
2024-06-24 10:55:36.387 [info] Auto-Indent enabled
2024-06-24 10:55:36.388 [info] [Info  - 10:55:36 AM] (400) Setting pythonPath for service "ndao": "/bin/python3"
2024-06-24 10:55:36.389 [info] [Info  - 10:55:36 AM] (400) Setting environmentName for service "ndao": "3.8.10 (global)"
2024-06-24 10:55:36.496 [info] [Info  - 10:55:36 AM] (400) Assuming Python version 3.8.10.final.0
2024-06-24 10:55:36.669 [info] [Info  - 10:55:36 AM] (400) No source files found.
2024-06-24 10:55:36.670 [info] Auto-Indent enabled
2024-06-24 10:55:52.671 [info] Auto-Indent enabled
2024-06-24 10:55:52.672 [info] [Info  - 10:55:52 AM] (400) Setting pythonPath for service "ndao": "/bin/python3"
2024-06-24 10:55:52.672 [info] [Info  - 10:55:52 AM] (400) Setting environmentName for service "ndao": "3.8.10 (global)"
2024-06-24 10:55:52.803 [info] [Info  - 10:55:52 AM] (400) Assuming Python version 3.8.10.final.0
2024-06-24 10:55:53.008 [info] [Info  - 10:55:53 AM] (400) No source files found.
2024-06-24 10:55:53.009 [info] Auto-Indent enabled
2024-06-24 10:55:54.167 [info] Auto-Indent enabled
2024-06-24 10:55:54.168 [info] [Info  - 10:55:54 AM] (400) Setting pythonPath for service "ndao": "/bin/python3"
2024-06-24 10:55:54.168 [info] [Info  - 10:55:54 AM] (400) Setting environmentName for service "ndao": "3.8.10 (global)"
2024-06-24 10:55:54.250 [info] [Info  - 10:55:54 AM] (400) Assuming Python version 3.8.10.final.0
2024-06-24 10:55:54.398 [info] [Info  - 10:55:54 AM] (400) No source files found.
2024-06-24 10:55:54.399 [info] Auto-Indent enabled
2024-06-24 10:55:56.552 [info] Auto-Indent enabled
2024-06-24 10:55:56.553 [info] [Info  - 10:55:56 AM] (400) Setting pythonPath for service "ndao": "/bin/python3"
2024-06-24 10:55:56.553 [info] [Info  - 10:55:56 AM] (400) Setting environmentName for service "ndao": "3.8.10 (global)"
2024-06-24 10:55:56.683 [info] [Info  - 10:55:56 AM] (400) Assuming Python version 3.8.10.final.0
2024-06-24 10:55:56.878 [info] [Info  - 10:55:56 AM] (400) No source files found.
2024-06-24 10:55:56.879 [info] Auto-Indent enabled
2024-06-24 10:56:09.923 [info] Auto-Indent enabled
2024-06-24 10:56:09.924 [info] [Info  - 10:56:09 AM] (400) Setting pythonPath for service "ndao": "/bin/python3"
2024-06-24 10:56:09.924 [info] [Info  - 10:56:09 AM] (400) Setting environmentName for service "ndao": "3.8.10 (global)"
2024-06-24 10:56:09.955 [info] [Info  - 10:56:09 AM] (400) Assuming Python version 3.8.10.final.0
2024-06-24 10:56:10.248 [info] [Info  - 10:56:10 AM] (400) No source files found.
2024-06-24 10:56:10.252 [info] Auto-Indent enabled
2024-06-24 11:10:08.720 [info] Auto-Indent enabled
2024-06-24 11:10:08.724 [info] [Info  - 11:10:08 AM] (400) Setting pythonPath for service "ndao": "/bin/python3"
2024-06-24 11:10:08.724 [info] [Info  - 11:10:08 AM] (400) Setting environmentName for service "ndao": "3.8.10 (global)"
2024-06-24 11:10:08.747 [info] [Info  - 11:10:08 AM] (400) Assuming Python version 3.8.10.final.0
2024-06-24 11:10:08.975 [info] [Info  - 11:10:08 AM] (400) No source files found.
2024-06-24 11:10:08.976 [info] Auto-Indent enabled
2024-06-24 11:10:17.148 [info] Auto-Indent enabled
2024-06-24 11:10:17.148 [info] [Info  - 11:10:17 AM] (400) Setting pythonPath for service "ndao": "/bin/python3"
2024-06-24 11:10:17.148 [info] [Info  - 11:10:17 AM] (400) Setting environmentName for service "ndao": "3.8.10 (global)"
2024-06-24 11:10:17.173 [info] [Info  - 11:10:17 AM] (400) Assuming Python version 3.8.10.final.0
2024-06-24 11:10:17.433 [info] [Info  - 11:10:17 AM] (400) No source files found.
2024-06-24 11:10:17.434 [info] Auto-Indent enabled
2024-06-24 11:30:23.517 [info] Auto-Indent enabled
2024-06-24 11:30:23.517 [info] [Info  - 11:30:23 AM] (400) Setting pythonPath for service "ndao": "/bin/python3"
2024-06-24 11:30:23.517 [info] [Info  - 11:30:23 AM] (400) Setting environmentName for service "ndao": "3.8.10 (global)"
2024-06-24 11:30:23.591 [info] [Info  - 11:30:23 AM] (400) Assuming Python version 3.8.10.final.0
2024-06-24 11:30:23.771 [info] [Info  - 11:30:23 AM] (400) No source files found.
2024-06-24 11:30:23.774 [info] Auto-Indent enabled
2024-06-24 11:30:23.786 [info] Auto-Indent enabled
2024-06-24 11:30:23.786 [info] [Info  - 11:30:23 AM] (400) Setting pythonPath for service "ndao": "/bin/python3"
2024-06-24 11:30:23.786 [info] [Info  - 11:30:23 AM] (400) Setting environmentName for service "ndao": "3.8.10 (global)"
2024-06-24 11:30:23.818 [info] [Info  - 11:30:23 AM] (400) Assuming Python version 3.8.10.final.0
2024-06-24 11:30:24.159 [info] [Info  - 11:30:24 AM] (400) No source files found.
2024-06-24 11:30:24.161 [info] Auto-Indent enabled
2024-06-24 11:30:24.249 [info] Auto-Indent enabled
2024-06-24 11:30:24.249 [info] [Info  - 11:30:24 AM] (400) Setting pythonPath for service "ndao": "/bin/python3"
2024-06-24 11:30:24.249 [info] [Info  - 11:30:24 AM] (400) Setting environmentName for service "ndao": "3.8.10 (global)"
2024-06-24 11:30:24.282 [info] [Info  - 11:30:24 AM] (400) Assuming Python version 3.8.10.final.0
2024-06-24 11:30:24.466 [info] [Info  - 11:30:24 AM] (400) No source files found.
2024-06-24 11:30:24.467 [info] Auto-Indent enabled
2024-06-24 11:30:25.334 [info] Auto-Indent enabled
2024-06-24 11:30:25.334 [info] [Info  - 11:30:25 AM] (400) Setting pythonPath for service "ndao": "/bin/python3"
2024-06-24 11:30:25.334 [info] [Info  - 11:30:25 AM] (400) Setting environmentName for service "ndao": "3.8.10 (global)"
2024-06-24 11:30:25.418 [info] [Info  - 11:30:25 AM] (400) Assuming Python version 3.8.10.final.0
2024-06-24 11:30:25.568 [info] [Info  - 11:30:25 AM] (400) No source files found.
2024-06-24 11:30:25.569 [info] Auto-Indent enabled
2024-06-24 11:30:25.690 [info] Auto-Indent enabled
2024-06-24 11:30:25.691 [info] [Info  - 11:30:25 AM] (400) Setting pythonPath for service "ndao": "/bin/python3"
2024-06-24 11:30:25.696 [info] [Info  - 11:30:25 AM] (400) Setting environmentName for service "ndao": "3.8.10 (global)"
2024-06-24 11:30:25.697 [info] [Info  - 11:30:25 AM] (400) Assuming Python version 3.8.10.final.0
2024-06-24 11:30:25.908 [info] [Info  - 11:30:25 AM] (400) No source files found.
2024-06-24 11:30:25.909 [info] Auto-Indent enabled
2024-06-24 11:30:25.980 [info] Auto-Indent enabled
2024-06-24 11:30:25.981 [info] [Info  - 11:30:25 AM] (400) Setting pythonPath for service "ndao": "/bin/python3"
2024-06-24 11:30:25.981 [info] [Info  - 11:30:25 AM] (400) Setting environmentName for service "ndao": "3.8.10 (global)"
2024-06-24 11:30:26.083 [info] [Info  - 11:30:26 AM] (400) Assuming Python version 3.8.10.final.0
2024-06-24 11:30:26.371 [info] [Info  - 11:30:26 AM] (400) No source files found.
2024-06-24 11:30:26.373 [info] Auto-Indent enabled
2024-06-24 11:30:26.399 [info] Auto-Indent enabled
2024-06-24 11:30:26.407 [info] [Info  - 11:30:26 AM] (400) Setting pythonPath for service "ndao": "/bin/python3"
2024-06-24 11:30:26.411 [info] [Info  - 11:30:26 AM] (400) Setting environmentName for service "ndao": "3.8.10 (global)"
2024-06-24 11:30:26.499 [info] [Info  - 11:30:26 AM] (400) Assuming Python version 3.8.10.final.0
2024-06-24 11:30:26.658 [info] [Info  - 11:30:26 AM] (400) No source files found.
2024-06-24 11:30:26.659 [info] Auto-Indent enabled
2024-06-24 11:30:27.815 [info] Auto-Indent enabled
2024-06-24 11:30:27.816 [info] [Info  - 11:30:27 AM] (400) Setting pythonPath for service "ndao": "/bin/python3"
2024-06-24 11:30:27.816 [info] [Info  - 11:30:27 AM] (400) Setting environmentName for service "ndao": "3.8.10 (global)"
2024-06-24 11:30:27.943 [info] [Info  - 11:30:27 AM] (400) Assuming Python version 3.8.10.final.0
2024-06-24 11:30:28.059 [info] [Info  - 11:30:28 AM] (400) No source files found.
2024-06-24 11:30:28.059 [info] Auto-Indent enabled
2024-06-24 11:30:53.818 [info] Auto-Indent enabled
2024-06-24 11:30:53.892 [info] [Info  - 11:30:53 AM] (400) Setting pythonPath for service "ndao": "/bin/python3"
2024-06-24 11:30:53.892 [info] [Info  - 11:30:53 AM] (400) Setting environmentName for service "ndao": "3.8.10 (global)"
2024-06-24 11:30:53.893 [info] [Info  - 11:30:53 AM] (400) Assuming Python version 3.8.10.final.0
2024-06-24 11:30:54.030 [info] [Info  - 11:30:54 AM] (400) No source files found.
2024-06-24 11:30:54.031 [info] Auto-Indent enabled
2024-06-24 11:30:55.437 [info] Auto-Indent enabled
2024-06-24 11:30:55.449 [info] [Info  - 11:30:55 AM] (400) Setting pythonPath for service "ndao": "/bin/python3"
2024-06-24 11:30:55.451 [info] [Info  - 11:30:55 AM] (400) Setting environmentName for service "ndao": "3.8.10 (global)"
2024-06-24 11:30:55.451 [info] [Info  - 11:30:55 AM] (400) Assuming Python version 3.8.10.final.0
2024-06-24 11:30:55.656 [info] [Info  - 11:30:55 AM] (400) No source files found.
2024-06-24 11:30:55.657 [info] Auto-Indent enabled
2024-06-24 11:32:23.326 [info] Auto-Indent enabled
2024-06-24 11:32:23.326 [info] [Info  - 11:32:23 AM] (400) Setting pythonPath for service "ndao": "/bin/python3"
2024-06-24 11:32:23.326 [info] [Info  - 11:32:23 AM] (400) Setting environmentName for service "ndao": "3.8.10 (global)"
2024-06-24 11:32:23.350 [info] [Info  - 11:32:23 AM] (400) Assuming Python version 3.8.10.final.0
2024-06-24 11:32:23.514 [info] [Info  - 11:32:23 AM] (400) No source files found.
2024-06-24 11:32:23.516 [info] Auto-Indent enabled
2024-06-24 11:32:25.860 [info] Auto-Indent enabled
2024-06-24 11:32:25.860 [info] [Info  - 11:32:25 AM] (400) Setting pythonPath for service "ndao": "/bin/python3"
2024-06-24 11:32:25.861 [info] [Info  - 11:32:25 AM] (400) Setting environmentName for service "ndao": "3.8.10 (global)"
2024-06-24 11:32:25.890 [info] [Info  - 11:32:25 AM] (400) Assuming Python version 3.8.10.final.0
2024-06-24 11:32:26.113 [info] [Info  - 11:32:26 AM] (400) No source files found.
2024-06-24 11:32:26.113 [info] Auto-Indent enabled
2024-06-24 11:32:45.060 [info] Auto-Indent enabled
2024-06-24 11:32:45.061 [info] [Info  - 11:32:45 AM] (400) Setting pythonPath for service "ndao": "/bin/python3"
2024-06-24 11:32:45.061 [info] [Info  - 11:32:45 AM] (400) Setting environmentName for service "ndao": "3.8.10 (global)"
2024-06-24 11:32:45.092 [info] [Info  - 11:32:45 AM] (400) Assuming Python version 3.8.10.final.0
2024-06-24 11:32:45.248 [info] [Info  - 11:32:45 AM] (400) No source files found.
2024-06-24 11:32:45.249 [info] Auto-Indent enabled
2024-06-24 11:32:48.077 [info] Auto-Indent enabled
2024-06-24 11:32:48.081 [info] [Info  - 11:32:48 AM] (400) Setting pythonPath for service "ndao": "/bin/python3"
2024-06-24 11:32:48.081 [info] [Info  - 11:32:48 AM] (400) Setting environmentName for service "ndao": "3.8.10 (global)"
2024-06-24 11:32:48.104 [info] [Info  - 11:32:48 AM] (400) Assuming Python version 3.8.10.final.0
2024-06-24 11:32:48.326 [info] [Info  - 11:32:48 AM] (400) No source files found.
2024-06-24 11:32:48.328 [info] Auto-Indent enabled
2024-06-24 11:33:00.476 [info] Auto-Indent enabled
2024-06-24 11:33:00.478 [info] [Info  - 11:33:00 AM] (400) Setting pythonPath for service "ndao": "/bin/python3"
2024-06-24 11:33:00.478 [info] [Info  - 11:33:00 AM] (400) Setting environmentName for service "ndao": "3.8.10 (global)"
2024-06-24 11:33:00.514 [info] [Info  - 11:33:00 AM] (400) Assuming Python version 3.8.10.final.0
2024-06-24 11:33:00.731 [info] [Info  - 11:33:00 AM] (400) No source files found.
2024-06-24 11:33:00.732 [info] Auto-Indent enabled
2024-06-24 11:33:40.566 [info] Auto-Indent enabled
2024-06-24 11:33:40.567 [info] [Info  - 11:33:40 AM] (400) Setting pythonPath for service "ndao": "/bin/python3"
2024-06-24 11:33:40.567 [info] [Info  - 11:33:40 AM] (400) Setting environmentName for service "ndao": "3.8.10 (global)"
2024-06-24 11:33:40.622 [info] [Info  - 11:33:40 AM] (400) Assuming Python version 3.8.10.final.0
2024-06-24 11:33:40.824 [info] [Info  - 11:33:40 AM] (400) No source files found.
2024-06-24 11:33:40.825 [info] Auto-Indent enabled
2024-06-24 11:35:46.537 [info] Auto-Indent enabled
2024-06-24 11:35:46.537 [info] [Info  - 11:35:46 AM] (400) Setting pythonPath for service "ndao": "/bin/python3"
2024-06-24 11:35:46.537 [info] [Info  - 11:35:46 AM] (400) Setting environmentName for service "ndao": "3.8.10 (global)"
2024-06-24 11:35:46.606 [info] [Info  - 11:35:46 AM] (400) Assuming Python version 3.8.10.final.0
2024-06-24 11:35:46.820 [info] [Info  - 11:35:46 AM] (400) No source files found.
2024-06-24 11:35:46.821 [info] Auto-Indent enabled
2024-06-24 11:35:54.489 [info] Auto-Indent enabled
2024-06-24 11:35:54.489 [info] [Info  - 11:35:54 AM] (400) Setting pythonPath for service "ndao": "/bin/python3"
2024-06-24 11:35:54.489 [info] [Info  - 11:35:54 AM] (400) Setting environmentName for service "ndao": "3.8.10 (global)"
2024-06-24 11:35:54.516 [info] [Info  - 11:35:54 AM] (400) Assuming Python version 3.8.10.final.0
2024-06-24 11:35:54.727 [info] [Info  - 11:35:54 AM] (400) No source files found.
2024-06-24 11:35:54.728 [info] Auto-Indent enabled
2024-06-24 11:35:57.305 [info] Auto-Indent enabled
2024-06-24 11:35:57.309 [info] [Info  - 11:35:57 AM] (400) Setting pythonPath for service "ndao": "/bin/python3"
2024-06-24 11:35:57.309 [info] [Info  - 11:35:57 AM] (400) Setting environmentName for service "ndao": "3.8.10 (global)"
2024-06-24 11:35:57.332 [info] [Info  - 11:35:57 AM] (400) Assuming Python version 3.8.10.final.0
2024-06-24 11:35:57.483 [info] [Info  - 11:35:57 AM] (400) No source files found.
2024-06-24 11:35:57.484 [info] Auto-Indent enabled
2024-06-24 11:36:03.105 [info] Auto-Indent enabled
2024-06-24 11:36:03.106 [info] [Info  - 11:36:03 AM] (400) Setting pythonPath for service "ndao": "/bin/python3"
2024-06-24 11:36:03.106 [info] [Info  - 11:36:03 AM] (400) Setting environmentName for service "ndao": "3.8.10 (global)"
2024-06-24 11:36:03.182 [info] [Info  - 11:36:03 AM] (400) Assuming Python version 3.8.10.final.0
2024-06-24 11:36:03.375 [info] [Info  - 11:36:03 AM] (400) No source files found.
2024-06-24 11:36:03.376 [info] Auto-Indent enabled
2024-06-24 12:00:46.985 [info] Auto-Indent enabled
2024-06-24 12:00:46.985 [info] [Info  - 12:00:46 PM] (400) Setting pythonPath for service "ndao": "/bin/python3"
2024-06-24 12:00:46.985 [info] [Info  - 12:00:46 PM] (400) Setting environmentName for service "ndao": "3.8.10 (global)"
2024-06-24 12:00:47.026 [info] [Info  - 12:00:47 PM] (400) Assuming Python version 3.8.10.final.0
2024-06-24 12:00:47.406 [info] [Info  - 12:00:47 PM] (400) No source files found.
2024-06-24 12:00:47.408 [info] Auto-Indent enabled
2024-06-24 12:00:47.449 [info] Auto-Indent enabled
2024-06-24 12:00:47.530 [info] [Info  - 12:00:47 PM] (400) Setting pythonPath for service "ndao": "/bin/python3"
2024-06-24 12:00:47.532 [info] [Info  - 12:00:47 PM] (400) Setting environmentName for service "ndao": "3.8.10 (global)"
2024-06-24 12:00:47.532 [info] [Info  - 12:00:47 PM] (400) Assuming Python version 3.8.10.final.0
2024-06-24 12:00:47.683 [info] [Info  - 12:00:47 PM] (400) No source files found.
2024-06-24 12:00:47.684 [info] Auto-Indent enabled
2024-06-24 12:20:25.911 [info] Auto-Indent enabled
2024-06-24 12:20:25.912 [info] [Info  - 12:20:25 PM] (400) Setting pythonPath for service "ndao": "/bin/python3"
2024-06-24 12:20:25.913 [info] [Info  - 12:20:25 PM] (400) Setting environmentName for service "ndao": "3.8.10 (global)"
2024-06-24 12:20:25.978 [info] [Info  - 12:20:25 PM] (400) Assuming Python version 3.8.10.final.0
2024-06-24 12:20:26.125 [info] [Info  - 12:20:26 PM] (400) No source files found.
2024-06-24 12:20:26.126 [info] Auto-Indent enabled
2024-06-24 12:20:26.745 [info] Auto-Indent enabled
2024-06-24 12:20:26.747 [info] [Info  - 12:20:26 PM] (400) Setting pythonPath for service "ndao": "/bin/python3"
2024-06-24 12:20:26.750 [info] [Info  - 12:20:26 PM] (400) Setting environmentName for service "ndao": "3.8.10 (global)"
2024-06-24 12:20:26.751 [info] [Info  - 12:20:26 PM] (400) Assuming Python version 3.8.10.final.0
2024-06-24 12:20:26.909 [info] [Info  - 12:20:26 PM] (400) No source files found.
2024-06-24 12:20:26.910 [info] Auto-Indent enabled
2024-06-24 12:20:26.979 [info] Auto-Indent enabled
2024-06-24 12:20:26.980 [info] [Info  - 12:20:26 PM] (400) Setting pythonPath for service "ndao": "/bin/python3"
2024-06-24 12:20:26.980 [info] [Info  - 12:20:26 PM] (400) Setting environmentName for service "ndao": "3.8.10 (global)"
2024-06-24 12:20:27.051 [info] [Info  - 12:20:27 PM] (400) Assuming Python version 3.8.10.final.0
2024-06-24 12:20:27.254 [info] [Info  - 12:20:27 PM] (400) No source files found.
2024-06-24 12:20:27.255 [info] Auto-Indent enabled
2024-06-24 12:20:28.718 [info] Auto-Indent enabled
2024-06-24 12:20:28.719 [info] [Info  - 12:20:28 PM] (400) Setting pythonPath for service "ndao": "/bin/python3"
2024-06-24 12:20:28.719 [info] [Info  - 12:20:28 PM] (400) Setting environmentName for service "ndao": "3.8.10 (global)"
2024-06-24 12:20:28.790 [info] [Info  - 12:20:28 PM] (400) Assuming Python version 3.8.10.final.0
2024-06-24 12:20:28.959 [info] [Info  - 12:20:28 PM] (400) No source files found.
2024-06-24 12:20:28.960 [info] Auto-Indent enabled
2024-06-24 12:20:29.111 [info] Auto-Indent enabled
2024-06-24 12:20:29.112 [info] [Info  - 12:20:29 PM] (400) Setting pythonPath for service "ndao": "/bin/python3"
2024-06-24 12:20:29.112 [info] [Info  - 12:20:29 PM] (400) Setting environmentName for service "ndao": "3.8.10 (global)"
2024-06-24 12:20:29.265 [info] [Info  - 12:20:29 PM] (400) Assuming Python version 3.8.10.final.0
2024-06-24 12:20:29.417 [info] [Info  - 12:20:29 PM] (400) No source files found.
2024-06-24 12:20:29.417 [info] Auto-Indent enabled
2024-06-24 12:20:30.088 [info] Auto-Indent enabled
2024-06-24 12:20:30.088 [info] [Info  - 12:20:30 PM] (400) Setting pythonPath for service "ndao": "/bin/python3"
2024-06-24 12:20:30.088 [info] [Info  - 12:20:30 PM] (400) Setting environmentName for service "ndao": "3.8.10 (global)"
2024-06-24 12:20:30.153 [info] [Info  - 12:20:30 PM] (400) Assuming Python version 3.8.10.final.0
2024-06-24 12:20:30.312 [info] [Info  - 12:20:30 PM] (400) No source files found.
2024-06-24 12:20:30.313 [info] Auto-Indent enabled
2024-06-24 12:20:35.818 [info] Auto-Indent enabled
2024-06-24 12:20:35.819 [info] [Info  - 12:20:35 PM] (400) Setting pythonPath for service "ndao": "/bin/python3"
2024-06-24 12:20:35.819 [info] [Info  - 12:20:35 PM] (400) Setting environmentName for service "ndao": "3.8.10 (global)"
2024-06-24 12:20:35.918 [info] [Info  - 12:20:35 PM] (400) Assuming Python version 3.8.10.final.0
2024-06-24 12:20:36.149 [info] [Info  - 12:20:36 PM] (400) No source files found.
2024-06-24 12:20:36.149 [info] Auto-Indent enabled
2024-06-24 12:20:36.160 [info] Auto-Indent enabled
2024-06-24 12:20:36.161 [info] [Info  - 12:20:36 PM] (400) Setting pythonPath for service "ndao": "/bin/python3"
2024-06-24 12:20:36.161 [info] [Info  - 12:20:36 PM] (400) Setting environmentName for service "ndao": "3.8.10 (global)"
2024-06-24 12:20:36.198 [info] [Info  - 12:20:36 PM] (400) Assuming Python version 3.8.10.final.0
2024-06-24 12:20:36.587 [info] [Info  - 12:20:36 PM] (400) No source files found.
2024-06-24 12:20:36.588 [info] Auto-Indent enabled
2024-06-24 12:20:36.610 [info] Auto-Indent enabled
2024-06-24 12:20:36.619 [info] [Info  - 12:20:36 PM] (400) Setting pythonPath for service "ndao": "/bin/python3"
2024-06-24 12:20:36.623 [info] [Info  - 12:20:36 PM] (400) Setting environmentName for service "ndao": "3.8.10 (global)"
2024-06-24 12:20:36.653 [info] [Info  - 12:20:36 PM] (400) Assuming Python version 3.8.10.final.0
2024-06-24 12:20:36.858 [info] [Info  - 12:20:36 PM] (400) No source files found.
2024-06-24 12:20:36.859 [info] Auto-Indent enabled
2024-06-24 12:20:36.863 [info] Auto-Indent enabled
2024-06-24 12:20:36.863 [info] [Info  - 12:20:36 PM] (400) Setting pythonPath for service "ndao": "/bin/python3"
2024-06-24 12:20:36.863 [info] [Info  - 12:20:36 PM] (400) Setting environmentName for service "ndao": "3.8.10 (global)"
2024-06-24 12:20:36.895 [info] [Info  - 12:20:36 PM] (400) Assuming Python version 3.8.10.final.0
2024-06-24 12:20:37.142 [info] [Info  - 12:20:37 PM] (400) No source files found.
2024-06-24 12:20:37.143 [info] Auto-Indent enabled
2024-06-24 12:20:37.283 [info] Auto-Indent enabled
2024-06-24 12:20:37.289 [info] [Info  - 12:20:37 PM] (400) Setting pythonPath for service "ndao": "/bin/python3"
2024-06-24 12:20:37.290 [info] [Info  - 12:20:37 PM] (400) Setting environmentName for service "ndao": "3.8.10 (global)"
2024-06-24 12:20:37.297 [info] [Info  - 12:20:37 PM] (400) Assuming Python version 3.8.10.final.0
2024-06-24 12:20:37.583 [info] [Info  - 12:20:37 PM] (400) No source files found.
2024-06-24 12:20:37.584 [info] Auto-Indent enabled
2024-06-24 12:20:37.596 [info] Auto-Indent enabled
2024-06-24 12:20:37.596 [info] [Info  - 12:20:37 PM] (400) Setting pythonPath for service "ndao": "/bin/python3"
2024-06-24 12:20:37.596 [info] [Info  - 12:20:37 PM] (400) Setting environmentName for service "ndao": "3.8.10 (global)"
2024-06-24 12:20:37.628 [info] [Info  - 12:20:37 PM] (400) Assuming Python version 3.8.10.final.0
2024-06-24 12:20:37.862 [info] [Info  - 12:20:37 PM] (400) No source files found.
2024-06-24 12:20:37.942 [info] Auto-Indent enabled
2024-06-24 12:20:37.965 [info] Auto-Indent enabled
2024-06-24 12:20:37.969 [info] [Info  - 12:20:37 PM] (400) Setting pythonPath for service "ndao": "/bin/python3"
2024-06-24 12:20:37.972 [info] [Info  - 12:20:37 PM] (400) Setting environmentName for service "ndao": "3.8.10 (global)"
2024-06-24 12:20:38.060 [info] [Info  - 12:20:38 PM] (400) Assuming Python version 3.8.10.final.0
2024-06-24 12:20:38.305 [info] [Info  - 12:20:38 PM] (400) No source files found.
2024-06-24 12:20:38.316 [info] Auto-Indent enabled
2024-06-24 12:20:38.349 [info] Auto-Indent enabled
2024-06-24 12:20:38.351 [info] [Info  - 12:20:38 PM] (400) Setting pythonPath for service "ndao": "/bin/python3"
2024-06-24 12:20:38.351 [info] [Info  - 12:20:38 PM] (400) Setting environmentName for service "ndao": "3.8.10 (global)"
2024-06-24 12:20:38.388 [info] [Info  - 12:20:38 PM] (400) Assuming Python version 3.8.10.final.0
2024-06-24 12:20:38.562 [info] [Info  - 12:20:38 PM] (400) No source files found.
2024-06-24 12:20:38.563 [info] Auto-Indent enabled
2024-06-24 12:20:41.177 [info] Auto-Indent enabled
2024-06-24 12:20:41.178 [info] [Info  - 12:20:41 PM] (400) Setting pythonPath for service "ndao": "/bin/python3"
2024-06-24 12:20:41.179 [info] [Info  - 12:20:41 PM] (400) Setting environmentName for service "ndao": "3.8.10 (global)"
2024-06-24 12:20:41.184 [info] [Info  - 12:20:41 PM] (400) Assuming Python version 3.8.10.final.0
2024-06-24 12:20:41.380 [info] [Info  - 12:20:41 PM] (400) No source files found.
2024-06-24 12:20:41.382 [info] Auto-Indent enabled
2024-06-24 12:20:41.393 [info] Auto-Indent enabled
2024-06-24 12:20:41.394 [info] [Info  - 12:20:41 PM] (400) Setting pythonPath for service "ndao": "/bin/python3"
2024-06-24 12:20:41.394 [info] [Info  - 12:20:41 PM] (400) Setting environmentName for service "ndao": "3.8.10 (global)"
2024-06-24 12:20:41.432 [info] [Info  - 12:20:41 PM] (400) Assuming Python version 3.8.10.final.0
2024-06-24 12:20:41.624 [info] [Info  - 12:20:41 PM] (400) No source files found.
2024-06-24 12:20:41.625 [info] Auto-Indent enabled
2024-06-24 12:20:41.877 [info] Auto-Indent enabled
2024-06-24 12:20:41.879 [info] [Info  - 12:20:41 PM] (400) Setting pythonPath for service "ndao": "/bin/python3"
2024-06-24 12:20:41.880 [info] [Info  - 12:20:41 PM] (400) Setting environmentName for service "ndao": "3.8.10 (global)"
2024-06-24 12:20:41.972 [info] [Info  - 12:20:41 PM] (400) Assuming Python version 3.8.10.final.0
2024-06-24 12:20:42.208 [info] [Info  - 12:20:42 PM] (400) No source files found.
2024-06-24 12:20:42.209 [info] Auto-Indent enabled
2024-06-24 12:20:42.250 [info] Auto-Indent enabled
2024-06-24 12:20:42.251 [info] [Info  - 12:20:42 PM] (400) Setting pythonPath for service "ndao": "/bin/python3"
2024-06-24 12:20:42.257 [info] [Info  - 12:20:42 PM] (400) Setting environmentName for service "ndao": "3.8.10 (global)"
2024-06-24 12:20:42.335 [info] [Info  - 12:20:42 PM] (400) Assuming Python version 3.8.10.final.0
2024-06-24 12:20:42.531 [info] [Info  - 12:20:42 PM] (400) No source files found.
2024-06-24 12:20:42.532 [info] Auto-Indent enabled
2024-06-24 12:20:42.542 [info] Auto-Indent enabled
2024-06-24 12:20:42.543 [info] [Info  - 12:20:42 PM] (400) Setting pythonPath for service "ndao": "/bin/python3"
2024-06-24 12:20:42.543 [info] [Info  - 12:20:42 PM] (400) Setting environmentName for service "ndao": "3.8.10 (global)"
2024-06-24 12:20:42.569 [info] [Info  - 12:20:42 PM] (400) Assuming Python version 3.8.10.final.0
2024-06-24 12:20:42.769 [info] [Info  - 12:20:42 PM] (400) No source files found.
2024-06-24 12:20:42.770 [info] Auto-Indent enabled
2024-06-24 12:21:20.796 [info] Auto-Indent enabled
2024-06-24 12:21:20.797 [info] [Info  - 12:21:20 PM] (400) Setting pythonPath for service "ndao": "/bin/python3"
2024-06-24 12:21:20.801 [info] [Info  - 12:21:20 PM] (400) Setting environmentName for service "ndao": "3.8.10 (global)"
2024-06-24 12:21:20.834 [info] [Info  - 12:21:20 PM] (400) Assuming Python version 3.8.10.final.0
2024-06-24 12:21:21.058 [info] [Info  - 12:21:21 PM] (400) No source files found.
2024-06-24 12:21:21.059 [info] Auto-Indent enabled
2024-06-24 12:23:35.210 [info] Auto-Indent enabled
2024-06-24 12:23:35.212 [info] [Info  - 12:23:35 PM] (400) Setting pythonPath for service "ndao": "/bin/python3"
2024-06-24 12:23:35.213 [info] [Info  - 12:23:35 PM] (400) Setting environmentName for service "ndao": "3.8.10 (global)"
2024-06-24 12:23:35.266 [info] [Info  - 12:23:35 PM] (400) Assuming Python version 3.8.10.final.0
2024-06-24 12:23:35.465 [info] [Info  - 12:23:35 PM] (400) No source files found.
2024-06-24 12:23:35.466 [info] Auto-Indent enabled
2024-06-24 12:23:35.542 [info] Auto-Indent enabled
2024-06-24 12:23:35.545 [info] [Info  - 12:23:35 PM] (400) Setting pythonPath for service "ndao": "/bin/python3"
2024-06-24 12:23:35.545 [info] [Info  - 12:23:35 PM] (400) Setting environmentName for service "ndao": "3.8.10 (global)"
2024-06-24 12:23:35.581 [info] [Info  - 12:23:35 PM] (400) Assuming Python version 3.8.10.final.0
2024-06-24 12:23:35.887 [info] [Info  - 12:23:35 PM] (400) No source files found.
2024-06-24 12:23:35.890 [info] Auto-Indent enabled
2024-06-24 12:23:35.902 [info] Auto-Indent enabled
2024-06-24 12:23:35.904 [info] [Info  - 12:23:35 PM] (400) Setting pythonPath for service "ndao": "/bin/python3"
2024-06-24 12:23:35.905 [info] [Info  - 12:23:35 PM] (400) Setting environmentName for service "ndao": "3.8.10 (global)"
2024-06-24 12:23:35.943 [info] [Info  - 12:23:35 PM] (400) Assuming Python version 3.8.10.final.0
2024-06-24 12:23:36.164 [info] [Info  - 12:23:36 PM] (400) No source files found.
2024-06-24 12:23:36.165 [info] Auto-Indent enabled
2024-06-24 12:23:36.432 [info] Auto-Indent enabled
2024-06-24 12:23:36.432 [info] [Info  - 12:23:36 PM] (400) Setting pythonPath for service "ndao": "/bin/python3"
2024-06-24 12:23:36.432 [info] [Info  - 12:23:36 PM] (400) Setting environmentName for service "ndao": "3.8.10 (global)"
2024-06-24 12:23:36.469 [info] [Info  - 12:23:36 PM] (400) Assuming Python version 3.8.10.final.0
2024-06-24 12:23:36.714 [info] [Info  - 12:23:36 PM] (400) No source files found.
2024-06-24 12:23:36.715 [info] Auto-Indent enabled
2024-06-24 12:24:38.013 [info] Auto-Indent enabled
2024-06-24 12:24:38.015 [info] [Info  - 12:24:38 PM] (400) Setting pythonPath for service "ndao": "/bin/python3"
2024-06-24 12:24:38.015 [info] [Info  - 12:24:38 PM] (400) Setting environmentName for service "ndao": "3.8.10 (global)"
2024-06-24 12:24:38.049 [info] [Info  - 12:24:38 PM] (400) Assuming Python version 3.8.10.final.0
2024-06-24 12:24:38.290 [info] [Info  - 12:24:38 PM] (400) No source files found.
2024-06-24 12:24:38.292 [info] Auto-Indent enabled
2024-06-24 12:24:38.341 [info] Auto-Indent enabled
2024-06-24 12:24:38.344 [info] [Info  - 12:24:38 PM] (400) Setting pythonPath for service "ndao": "/bin/python3"
2024-06-24 12:24:38.347 [info] [Info  - 12:24:38 PM] (400) Setting environmentName for service "ndao": "3.8.10 (global)"
2024-06-24 12:24:38.390 [info] [Info  - 12:24:38 PM] (400) Assuming Python version 3.8.10.final.0
2024-06-24 12:24:38.624 [info] [Info  - 12:24:38 PM] (400) No source files found.
2024-06-24 12:24:38.625 [info] Auto-Indent enabled
2024-06-24 12:25:46.073 [info] Auto-Indent enabled
2024-06-24 12:25:46.074 [info] [Info  - 12:25:46 PM] (400) Setting pythonPath for service "ndao": "/bin/python3"
2024-06-24 12:25:46.074 [info] [Info  - 12:25:46 PM] (400) Setting environmentName for service "ndao": "3.8.10 (global)"
2024-06-24 12:25:46.104 [info] [Info  - 12:25:46 PM] (400) Assuming Python version 3.8.10.final.0
2024-06-24 12:25:46.305 [info] [Info  - 12:25:46 PM] (400) No source files found.
2024-06-24 12:25:46.306 [info] Auto-Indent enabled
2024-06-24 12:25:46.724 [info] Auto-Indent enabled
2024-06-24 12:25:46.725 [info] [Info  - 12:25:46 PM] (400) Setting pythonPath for service "ndao": "/bin/python3"
2024-06-24 12:25:46.725 [info] [Info  - 12:25:46 PM] (400) Setting environmentName for service "ndao": "3.8.10 (global)"
2024-06-24 12:25:46.754 [info] [Info  - 12:25:46 PM] (400) Assuming Python version 3.8.10.final.0
2024-06-24 12:25:46.971 [info] [Info  - 12:25:46 PM] (400) No source files found.
2024-06-24 12:25:46.974 [info] Auto-Indent enabled
2024-06-24 12:25:51.638 [info] Auto-Indent enabled
2024-06-24 12:25:51.644 [info] [Info  - 12:25:51 PM] (400) Setting pythonPath for service "ndao": "/bin/python3"
2024-06-24 12:25:51.644 [info] [Info  - 12:25:51 PM] (400) Setting environmentName for service "ndao": "3.8.10 (global)"
2024-06-24 12:25:51.673 [info] [Info  - 12:25:51 PM] (400) Assuming Python version 3.8.10.final.0
2024-06-24 12:25:51.879 [info] [Info  - 12:25:51 PM] (400) No source files found.
2024-06-24 12:25:51.880 [info] Auto-Indent enabled
2024-06-24 12:25:52.916 [info] Auto-Indent enabled
2024-06-24 12:25:52.920 [info] [Info  - 12:25:52 PM] (400) Setting pythonPath for service "ndao": "/bin/python3"
2024-06-24 12:25:52.921 [info] [Info  - 12:25:52 PM] (400) Setting environmentName for service "ndao": "3.8.10 (global)"
2024-06-24 12:25:52.976 [info] [Info  - 12:25:52 PM] (400) Assuming Python version 3.8.10.final.0
2024-06-24 12:25:53.191 [info] [Info  - 12:25:53 PM] (400) No source files found.
2024-06-24 12:25:53.192 [info] Auto-Indent enabled
2024-06-24 12:27:07.977 [info] Auto-Indent enabled
2024-06-24 12:27:07.978 [info] [Info  - 12:27:07 PM] (400) Setting pythonPath for service "ndao": "/bin/python3"
2024-06-24 12:27:07.984 [info] [Info  - 12:27:07 PM] (400) Setting environmentName for service "ndao": "3.8.10 (global)"
2024-06-24 12:27:08.010 [info] [Info  - 12:27:08 PM] (400) Assuming Python version 3.8.10.final.0
2024-06-24 12:27:08.242 [info] [Info  - 12:27:08 PM] (400) No source files found.
2024-06-24 12:27:08.244 [info] Auto-Indent enabled
2024-06-24 12:27:08.260 [info] Auto-Indent enabled
2024-06-24 12:27:08.260 [info] [Info  - 12:27:08 PM] (400) Setting pythonPath for service "ndao": "/bin/python3"
2024-06-24 12:27:08.260 [info] [Info  - 12:27:08 PM] (400) Setting environmentName for service "ndao": "3.8.10 (global)"
2024-06-24 12:27:08.294 [info] [Info  - 12:27:08 PM] (400) Assuming Python version 3.8.10.final.0
2024-06-24 12:27:08.523 [info] [Info  - 12:27:08 PM] (400) No source files found.
2024-06-24 12:27:08.524 [info] Auto-Indent enabled
2024-06-24 12:33:38.057 [info] Auto-Indent enabled
2024-06-24 12:33:38.057 [info] [Info  - 12:33:38 PM] (400) Setting pythonPath for service "ndao": "/bin/python3"
2024-06-24 12:33:38.058 [info] [Info  - 12:33:38 PM] (400) Setting environmentName for service "ndao": "3.8.10 (global)"
2024-06-24 12:33:38.088 [info] [Info  - 12:33:38 PM] (400) Assuming Python version 3.8.10.final.0
2024-06-24 12:33:38.308 [info] [Info  - 12:33:38 PM] (400) No source files found.
2024-06-24 12:33:38.309 [info] Auto-Indent enabled
2024-06-24 12:33:38.972 [info] Auto-Indent enabled
2024-06-24 12:33:38.973 [info] [Info  - 12:33:38 PM] (400) Setting pythonPath for service "ndao": "/bin/python3"
2024-06-24 12:33:38.979 [info] [Info  - 12:33:38 PM] (400) Setting environmentName for service "ndao": "3.8.10 (global)"
2024-06-24 12:33:39.008 [info] [Info  - 12:33:39 PM] (400) Assuming Python version 3.8.10.final.0
2024-06-24 12:33:39.240 [info] [Info  - 12:33:39 PM] (400) No source files found.
2024-06-24 12:33:39.241 [info] Auto-Indent enabled
