2024-06-24 09:34:45.837 [info] Experiment 'pythonCreateEnvOnPipInstall' is active
2024-06-24 09:34:45.837 [info] Experiment 'pythonRecommendTensorboardExt' is active
2024-06-24 09:34:45.837 [info] Experiment 'pythonTerminalEnvVarActivation' is active
2024-06-24 09:34:45.837 [info] Experiment 'pythonTestAdapter' is active
2024-06-24 09:34:45.837 [info] Default formatter is set to null for workspace /home/ndao
2024-06-24 09:34:45.837 [info] Python interpreter path: /bin/python3
2024-06-24 09:34:45.904 [info] > pyenv which python
2024-06-24 09:34:45.904 [info] cwd: .
2024-06-24 09:34:48.934 [info] Starting Pylance language server.
2024-06-24 10:04:55.454 [info] Discover tests for workspace name: undefined - uri: c:/Users/dalom/AppData/Roaming/Code/User/settings.json
2024-06-24 10:05:04.661 [info] Discover tests for workspace name: undefined - uri: c:/Users/dalom/AppData/Roaming/Code/User/settings.json
2024-06-24 10:07:16.337 [info] Discover tests for workspace name: undefined - uri: c:/Users/dalom/AppData/Roaming/Code/User/settings.json
2024-06-24 10:07:17.069 [info] Discover tests for workspace name: undefined - uri: c:/Users/dalom/AppData/Roaming/Code/User/settings.json
2024-06-24 10:07:17.694 [info] Discover tests for workspace name: undefined - uri: c:/Users/dalom/AppData/Roaming/Code/User/settings.json
2024-06-24 10:07:18.555 [info] Discover tests for workspace name: undefined - uri: c:/Users/dalom/AppData/Roaming/Code/User/settings.json
2024-06-24 10:07:19.268 [info] Discover tests for workspace name: undefined - uri: c:/Users/dalom/AppData/Roaming/Code/User/settings.json
2024-06-24 10:07:19.559 [info] Discover tests for workspace name: undefined - uri: c:/Users/dalom/AppData/Roaming/Code/User/settings.json
2024-06-24 10:07:22.557 [info] Discover tests for workspace name: undefined - uri: c:/Users/dalom/AppData/Roaming/Code/User/settings.json
2024-06-24 10:07:46.629 [info] Discover tests for workspace name: undefined - uri: c:/Users/dalom/AppData/Roaming/Code/User/settings.json
2024-06-24 10:07:46.994 [info] Discover tests for workspace name: undefined - uri: c:/Users/dalom/AppData/Roaming/Code/User/settings.json
2024-06-24 10:07:48.515 [info] Discover tests for workspace name: undefined - uri: c:/Users/dalom/AppData/Roaming/Code/User/settings.json
2024-06-24 10:07:48.834 [info] Discover tests for workspace name: undefined - uri: c:/Users/dalom/AppData/Roaming/Code/User/settings.json
2024-06-24 10:07:50.042 [info] Discover tests for workspace name: undefined - uri: c:/Users/dalom/AppData/Roaming/Code/User/settings.json
2024-06-24 10:07:50.389 [info] Discover tests for workspace name: undefined - uri: c:/Users/dalom/AppData/Roaming/Code/User/settings.json
2024-06-24 10:07:51.518 [info] Discover tests for workspace name: undefined - uri: c:/Users/dalom/AppData/Roaming/Code/User/settings.json
2024-06-24 10:07:52.049 [info] Discover tests for workspace name: undefined - uri: c:/Users/dalom/AppData/Roaming/Code/User/settings.json
2024-06-24 10:07:52.456 [info] Discover tests for workspace name: undefined - uri: c:/Users/dalom/AppData/Roaming/Code/User/settings.json
2024-06-24 10:07:52.774 [info] Discover tests for workspace name: undefined - uri: c:/Users/dalom/AppData/Roaming/Code/User/settings.json
2024-06-24 10:07:54.219 [info] Discover tests for workspace name: undefined - uri: c:/Users/dalom/AppData/Roaming/Code/User/settings.json
2024-06-24 10:07:54.599 [info] Discover tests for workspace name: undefined - uri: c:/Users/dalom/AppData/Roaming/Code/User/settings.json
2024-06-24 10:08:02.233 [info] Discover tests for workspace name: undefined - uri: c:/Users/dalom/AppData/Roaming/Code/User/settings.json
2024-06-24 10:08:19.348 [info] Discover tests for workspace name: undefined - uri: c:/Users/dalom/AppData/Roaming/Code/User/settings.json
2024-06-24 10:08:19.856 [info] Discover tests for workspace name: undefined - uri: c:/Users/dalom/AppData/Roaming/Code/User/settings.json
2024-06-24 10:08:21.199 [info] Discover tests for workspace name: undefined - uri: c:/Users/dalom/AppData/Roaming/Code/User/settings.json
2024-06-24 10:08:21.757 [info] Discover tests for workspace name: undefined - uri: c:/Users/dalom/AppData/Roaming/Code/User/settings.json
2024-06-24 10:08:22.135 [info] Discover tests for workspace name: undefined - uri: c:/Users/dalom/AppData/Roaming/Code/User/settings.json
2024-06-24 10:08:22.828 [info] Discover tests for workspace name: undefined - uri: c:/Users/dalom/AppData/Roaming/Code/User/settings.json
2024-06-24 10:08:23.225 [info] Discover tests for workspace name: undefined - uri: c:/Users/dalom/AppData/Roaming/Code/User/settings.json
2024-06-24 10:09:33.476 [info] Discover tests for workspace name: undefined - uri: c:/Users/dalom/AppData/Roaming/Code/User/settings.json
2024-06-24 10:35:07.419 [info] Discover tests for workspace name: undefined - uri: c:/Users/dalom/AppData/Roaming/Code/User/settings.json
2024-06-24 10:35:09.054 [info] Discover tests for workspace name: undefined - uri: c:/Users/dalom/AppData/Roaming/Code/User/settings.json
2024-06-24 10:53:43.297 [info] Discover tests for workspace name: undefined - uri: c:/Users/dalom/AppData/Roaming/Code/User/settings.json
2024-06-24 10:53:45.145 [info] Discover tests for workspace name: undefined - uri: c:/Users/dalom/AppData/Roaming/Code/User/settings.json
2024-06-24 10:53:45.428 [info] Discover tests for workspace name: undefined - uri: c:/Users/dalom/AppData/Roaming/Code/User/settings.json
2024-06-24 10:53:46.587 [info] Discover tests for workspace name: undefined - uri: c:/Users/dalom/AppData/Roaming/Code/User/settings.json
2024-06-24 10:53:46.910 [info] Discover tests for workspace name: undefined - uri: c:/Users/dalom/AppData/Roaming/Code/User/settings.json
2024-06-24 10:53:47.585 [info] Discover tests for workspace name: undefined - uri: c:/Users/dalom/AppData/Roaming/Code/User/settings.json
2024-06-24 10:53:59.907 [info] Discover tests for workspace name: undefined - uri: c:/Users/dalom/AppData/Roaming/Code/User/settings.json
2024-06-24 10:54:01.505 [info] Discover tests for workspace name: undefined - uri: c:/Users/dalom/AppData/Roaming/Code/User/settings.json
2024-06-24 10:54:04.664 [info] Discover tests for workspace name: undefined - uri: c:/Users/dalom/AppData/Roaming/Code/User/settings.json
2024-06-24 10:54:05.591 [info] Discover tests for workspace name: undefined - uri: c:/Users/dalom/AppData/Roaming/Code/User/settings.json
2024-06-24 10:55:36.031 [info] Discover tests for workspace name: undefined - uri: c:/Users/dalom/AppData/Roaming/Code/User/settings.json
2024-06-24 10:55:36.616 [info] Discover tests for workspace name: undefined - uri: c:/Users/dalom/AppData/Roaming/Code/User/settings.json
2024-06-24 10:55:52.819 [info] Discover tests for workspace name: undefined - uri: c:/Users/dalom/AppData/Roaming/Code/User/settings.json
2024-06-24 10:55:54.333 [info] Discover tests for workspace name: undefined - uri: c:/Users/dalom/AppData/Roaming/Code/User/settings.json
2024-06-24 10:55:56.681 [info] Discover tests for workspace name: undefined - uri: c:/Users/dalom/AppData/Roaming/Code/User/settings.json
2024-06-24 10:56:10.108 [info] Discover tests for workspace name: undefined - uri: c:/Users/dalom/AppData/Roaming/Code/User/settings.json
2024-06-24 11:10:08.808 [info] Discover tests for workspace name: undefined - uri: c:/Users/dalom/AppData/Roaming/Code/User/settings.json
2024-06-24 11:10:17.420 [info] Discover tests for workspace name: undefined - uri: c:/Users/dalom/AppData/Roaming/Code/User/settings.json
2024-06-24 11:30:23.904 [info] Discover tests for workspace name: undefined - uri: c:/Users/dalom/AppData/Roaming/Code/User/settings.json
2024-06-24 11:30:24.238 [info] Discover tests for workspace name: undefined - uri: c:/Users/dalom/AppData/Roaming/Code/User/settings.json
2024-06-24 11:30:25.566 [info] Discover tests for workspace name: undefined - uri: c:/Users/dalom/AppData/Roaming/Code/User/settings.json
2024-06-24 11:30:25.848 [info] Discover tests for workspace name: undefined - uri: c:/Users/dalom/AppData/Roaming/Code/User/settings.json
2024-06-24 11:30:26.194 [info] Discover tests for workspace name: undefined - uri: c:/Users/dalom/AppData/Roaming/Code/User/settings.json
2024-06-24 11:30:26.507 [info] Discover tests for workspace name: undefined - uri: c:/Users/dalom/AppData/Roaming/Code/User/settings.json
2024-06-24 11:30:28.038 [info] Discover tests for workspace name: undefined - uri: c:/Users/dalom/AppData/Roaming/Code/User/settings.json
2024-06-24 11:30:53.994 [info] Discover tests for workspace name: undefined - uri: c:/Users/dalom/AppData/Roaming/Code/User/settings.json
2024-06-24 11:30:55.580 [info] Discover tests for workspace name: undefined - uri: c:/Users/dalom/AppData/Roaming/Code/User/settings.json
2024-06-24 11:32:23.464 [info] Discover tests for workspace name: undefined - uri: c:/Users/dalom/AppData/Roaming/Code/User/settings.json
2024-06-24 11:32:26.112 [info] Discover tests for workspace name: undefined - uri: c:/Users/dalom/AppData/Roaming/Code/User/settings.json
2024-06-24 11:32:45.197 [info] Discover tests for workspace name: undefined - uri: c:/Users/dalom/AppData/Roaming/Code/User/settings.json
2024-06-24 11:32:48.326 [info] Discover tests for workspace name: undefined - uri: c:/Users/dalom/AppData/Roaming/Code/User/settings.json
2024-06-24 11:33:00.656 [info] Discover tests for workspace name: undefined - uri: c:/Users/dalom/AppData/Roaming/Code/User/settings.json
2024-06-24 11:33:40.822 [info] Discover tests for workspace name: undefined - uri: c:/Users/dalom/AppData/Roaming/Code/User/settings.json
2024-06-24 11:35:46.716 [info] Discover tests for workspace name: undefined - uri: c:/Users/dalom/AppData/Roaming/Code/User/settings.json
2024-06-24 11:35:54.725 [info] Discover tests for workspace name: undefined - uri: c:/Users/dalom/AppData/Roaming/Code/User/settings.json
2024-06-24 11:35:57.443 [info] Discover tests for workspace name: undefined - uri: c:/Users/dalom/AppData/Roaming/Code/User/settings.json
2024-06-24 11:36:03.329 [info] Discover tests for workspace name: undefined - uri: c:/Users/dalom/AppData/Roaming/Code/User/settings.json
2024-06-24 12:00:47.353 [info] Discover tests for workspace name: undefined - uri: c:/Users/dalom/AppData/Roaming/Code/User/settings.json
2024-06-24 12:20:26.080 [info] Discover tests for workspace name: undefined - uri: c:/Users/dalom/AppData/Roaming/Code/User/settings.json
2024-06-24 12:20:26.846 [info] Discover tests for workspace name: undefined - uri: c:/Users/dalom/AppData/Roaming/Code/User/settings.json
2024-06-24 12:20:27.205 [info] Discover tests for workspace name: undefined - uri: c:/Users/dalom/AppData/Roaming/Code/User/settings.json
2024-06-24 12:20:28.933 [info] Discover tests for workspace name: undefined - uri: c:/Users/dalom/AppData/Roaming/Code/User/settings.json
2024-06-24 12:20:29.261 [info] Discover tests for workspace name: undefined - uri: c:/Users/dalom/AppData/Roaming/Code/User/settings.json
2024-06-24 12:20:30.316 [info] Discover tests for workspace name: undefined - uri: c:/Users/dalom/AppData/Roaming/Code/User/settings.json
2024-06-24 12:20:36.194 [info] Discover tests for workspace name: undefined - uri: c:/Users/dalom/AppData/Roaming/Code/User/settings.json
2024-06-24 12:20:36.496 [info] Discover tests for workspace name: undefined - uri: c:/Users/dalom/AppData/Roaming/Code/User/settings.json
2024-06-24 12:20:36.748 [info] Discover tests for workspace name: undefined - uri: c:/Users/dalom/AppData/Roaming/Code/User/settings.json
2024-06-24 12:20:37.284 [info] Discover tests for workspace name: undefined - uri: c:/Users/dalom/AppData/Roaming/Code/User/settings.json
2024-06-24 12:20:37.722 [info] Discover tests for workspace name: undefined - uri: c:/Users/dalom/AppData/Roaming/Code/User/settings.json
2024-06-24 12:20:38.075 [info] Discover tests for workspace name: undefined - uri: c:/Users/dalom/AppData/Roaming/Code/User/settings.json
2024-06-24 12:20:38.358 [info] Discover tests for workspace name: undefined - uri: c:/Users/dalom/AppData/Roaming/Code/User/settings.json
2024-06-24 12:20:41.507 [info] Discover tests for workspace name: undefined - uri: c:/Users/dalom/AppData/Roaming/Code/User/settings.json
2024-06-24 12:20:42.000 [info] Discover tests for workspace name: undefined - uri: c:/Users/dalom/AppData/Roaming/Code/User/settings.json
2024-06-24 12:20:42.463 [info] Discover tests for workspace name: undefined - uri: c:/Users/dalom/AppData/Roaming/Code/User/settings.json
2024-06-24 12:21:21.044 [info] Discover tests for workspace name: undefined - uri: c:/Users/dalom/AppData/Roaming/Code/User/settings.json
2024-06-24 12:23:35.355 [info] Discover tests for workspace name: undefined - uri: c:/Users/dalom/AppData/Roaming/Code/User/settings.json
2024-06-24 12:23:35.806 [info] Discover tests for workspace name: undefined - uri: c:/Users/dalom/AppData/Roaming/Code/User/settings.json
2024-06-24 12:23:36.059 [info] Discover tests for workspace name: undefined - uri: c:/Users/dalom/AppData/Roaming/Code/User/settings.json
2024-06-24 12:23:36.697 [info] Discover tests for workspace name: undefined - uri: c:/Users/dalom/AppData/Roaming/Code/User/settings.json
2024-06-24 12:24:38.157 [info] Discover tests for workspace name: undefined - uri: c:/Users/dalom/AppData/Roaming/Code/User/settings.json
2024-06-24 12:24:38.604 [info] Discover tests for workspace name: undefined - uri: c:/Users/dalom/AppData/Roaming/Code/User/settings.json
2024-06-24 12:25:46.185 [info] Discover tests for workspace name: undefined - uri: c:/Users/dalom/AppData/Roaming/Code/User/settings.json
2024-06-24 12:25:46.971 [info] Discover tests for workspace name: undefined - uri: c:/Users/dalom/AppData/Roaming/Code/User/settings.json
2024-06-24 12:25:51.812 [info] Discover tests for workspace name: undefined - uri: c:/Users/dalom/AppData/Roaming/Code/User/settings.json
2024-06-24 12:25:53.105 [info] Discover tests for workspace name: undefined - uri: c:/Users/dalom/AppData/Roaming/Code/User/settings.json
2024-06-24 12:27:08.084 [info] Discover tests for workspace name: undefined - uri: c:/Users/dalom/AppData/Roaming/Code/User/settings.json
2024-06-24 12:27:08.361 [info] Discover tests for workspace name: undefined - uri: c:/Users/dalom/AppData/Roaming/Code/User/settings.json
2024-06-24 12:33:38.209 [info] Discover tests for workspace name: undefined - uri: c:/Users/dalom/AppData/Roaming/Code/User/settings.json
2024-06-24 12:33:39.219 [info] Discover tests for workspace name: undefined - uri: c:/Users/dalom/AppData/Roaming/Code/User/settings.json
2024-06-24 14:15:15.150 [info] Discover tests for workspace name: undefined - uri: c:/Users/dalom/AppData/Roaming/Code/User/settings.json
2024-06-24 14:15:48.289 [info] Discover tests for workspace name: undefined - uri: c:/Users/dalom/AppData/Roaming/Code/User/settings.json
2024-06-24 14:16:45.762 [info] Discover tests for workspace name: undefined - uri: c:/Users/dalom/AppData/Roaming/Code/User/settings.json
2024-06-24 14:16:48.366 [info] Discover tests for workspace name: undefined - uri: c:/Users/dalom/AppData/Roaming/Code/User/settings.json
2024-06-24 14:16:53.254 [info] Discover tests for workspace name: undefined - uri: c:/Users/dalom/AppData/Roaming/Code/User/settings.json
2024-06-24 14:17:20.796 [info] Discover tests for workspace name: undefined - uri: c:/Users/dalom/AppData/Roaming/Code/User/settings.json
2024-06-24 14:21:31.430 [info] Discover tests for workspace name: undefined - uri: c:/Users/dalom/AppData/Roaming/Code/User/settings.json
2024-06-24 14:21:31.853 [info] Discover tests for workspace name: undefined - uri: c:/Users/dalom/AppData/Roaming/Code/User/settings.json
2024-06-24 14:21:32.137 [info] Discover tests for workspace name: undefined - uri: c:/Users/dalom/AppData/Roaming/Code/User/settings.json
2024-06-24 14:21:32.483 [info] Discover tests for workspace name: undefined - uri: c:/Users/dalom/AppData/Roaming/Code/User/settings.json
2024-06-24 14:21:32.807 [info] Discover tests for workspace name: undefined - uri: c:/Users/dalom/AppData/Roaming/Code/User/settings.json
2024-06-24 14:21:38.010 [info] Discover tests for workspace name: undefined - uri: c:/Users/dalom/AppData/Roaming/Code/User/settings.json
2024-06-24 14:21:49.684 [info] Discover tests for workspace name: undefined - uri: c:/Users/dalom/AppData/Roaming/Code/User/settings.json
2024-06-24 14:22:24.471 [info] Discover tests for workspace name: undefined - uri: c:/Users/dalom/AppData/Roaming/Code/User/settings.json
2024-06-24 14:34:11.458 [info] Discover tests for workspace name: undefined - uri: c:/Users/dalom/AppData/Roaming/Code/User/settings.json
2024-06-24 14:38:09.738 [info] Discover tests for workspace name: undefined - uri: c:/Users/dalom/AppData/Roaming/Code/User/settings.json
2024-06-24 14:38:10.262 [info] Discover tests for workspace name: undefined - uri: c:/Users/dalom/AppData/Roaming/Code/User/settings.json
2024-06-24 14:38:11.222 [info] Discover tests for workspace name: undefined - uri: c:/Users/dalom/AppData/Roaming/Code/User/settings.json
2024-06-24 14:38:12.652 [info] Discover tests for workspace name: undefined - uri: c:/Users/dalom/AppData/Roaming/Code/User/settings.json
2024-06-24 14:38:13.015 [info] Discover tests for workspace name: undefined - uri: c:/Users/dalom/AppData/Roaming/Code/User/settings.json
2024-06-24 14:38:14.370 [info] Discover tests for workspace name: undefined - uri: c:/Users/dalom/AppData/Roaming/Code/User/settings.json
2024-06-24 14:38:14.822 [info] Discover tests for workspace name: undefined - uri: c:/Users/dalom/AppData/Roaming/Code/User/settings.json
2024-06-24 14:38:17.850 [info] Discover tests for workspace name: undefined - uri: c:/Users/dalom/AppData/Roaming/Code/User/settings.json
2024-06-24 14:44:37.706 [info] Discover tests for workspace name: undefined - uri: c:/Users/dalom/AppData/Roaming/Code/User/settings.json
2024-06-24 14:44:38.164 [info] Discover tests for workspace name: undefined - uri: c:/Users/dalom/AppData/Roaming/Code/User/settings.json
2024-06-24 14:44:38.495 [info] Discover tests for workspace name: undefined - uri: c:/Users/dalom/AppData/Roaming/Code/User/settings.json
2024-06-24 14:44:39.074 [info] Discover tests for workspace name: undefined - uri: c:/Users/dalom/AppData/Roaming/Code/User/settings.json
2024-06-24 14:44:39.445 [info] Discover tests for workspace name: undefined - uri: c:/Users/dalom/AppData/Roaming/Code/User/settings.json
2024-06-24 14:44:40.084 [info] Discover tests for workspace name: undefined - uri: c:/Users/dalom/AppData/Roaming/Code/User/settings.json
2024-06-24 14:44:40.389 [info] Discover tests for workspace name: undefined - uri: c:/Users/dalom/AppData/Roaming/Code/User/settings.json
2024-06-24 14:44:45.226 [info] Discover tests for workspace name: undefined - uri: c:/Users/dalom/AppData/Roaming/Code/User/settings.json
2024-06-24 14:44:46.024 [info] Discover tests for workspace name: undefined - uri: c:/Users/dalom/AppData/Roaming/Code/User/settings.json
2024-06-24 14:44:49.361 [info] Discover tests for workspace name: undefined - uri: c:/Users/dalom/AppData/Roaming/Code/User/settings.json
