2024-06-27 08:04:57.211 [info] Experiment 'pythonCreateEnvOnPipInstall' is active
2024-06-27 08:04:57.211 [info] Experiment 'pythonRecommendTensorboardExt' is active
2024-06-27 08:04:57.211 [info] Experiment 'pythonTerminalEnvVarActivation' is active
2024-06-27 08:04:57.211 [info] Experiment 'pythonTestAdapter' is active
2024-06-27 08:04:57.211 [info] Default formatter is set to null for workspace /home/ndao/DB_Provisionning
2024-06-27 08:04:57.217 [info] Python interpreter path: /bin/python3
2024-06-27 08:04:57.460 [info] > pyenv which python
2024-06-27 08:04:57.460 [info] cwd: .
2024-06-27 08:05:00.060 [info] Starting Pylance language server.
2024-06-27 15:20:00.239 [info] Discover tests for workspace name: undefined - uri: c:/Users/dalom/AppData/Roaming/Code/User/settings.json
2024-06-27 15:20:00.782 [info] Discover tests for workspace name: undefined - uri: c:/Users/dalom/AppData/Roaming/Code/User/settings.json
2024-06-27 15:25:03.056 [info] Discover tests for workspace name: undefined - uri: c:/Users/dalom/AppData/Roaming/Code/User/settings.json
2024-06-27 15:30:51.280 [info] Discover tests for workspace name: undefined - uri: c:/Users/dalom/AppData/Roaming/Code/User/settings.json
2024-06-27 15:31:05.362 [info] Discover tests for workspace name: undefined - uri: c:/Users/dalom/AppData/Roaming/Code/User/settings.json
2024-06-27 15:31:06.046 [info] Discover tests for workspace name: undefined - uri: c:/Users/dalom/AppData/Roaming/Code/User/settings.json
2024-06-27 15:31:06.916 [info] Discover tests for workspace name: undefined - uri: c:/Users/dalom/AppData/Roaming/Code/User/settings.json
2024-06-27 15:31:07.337 [info] Discover tests for workspace name: undefined - uri: c:/Users/dalom/AppData/Roaming/Code/User/settings.json
2024-06-27 15:31:07.922 [info] Discover tests for workspace name: undefined - uri: c:/Users/dalom/AppData/Roaming/Code/User/settings.json
2024-06-27 15:31:17.190 [info] Discover tests for workspace name: undefined - uri: c:/Users/dalom/AppData/Roaming/Code/User/settings.json
2024-06-27 15:31:17.524 [info] Discover tests for workspace name: undefined - uri: c:/Users/dalom/AppData/Roaming/Code/User/settings.json
2024-06-27 15:31:17.779 [info] Discover tests for workspace name: undefined - uri: c:/Users/dalom/AppData/Roaming/Code/User/settings.json
2024-06-27 15:31:18.395 [info] Discover tests for workspace name: undefined - uri: c:/Users/dalom/AppData/Roaming/Code/User/settings.json
2024-06-27 15:31:18.949 [info] Discover tests for workspace name: undefined - uri: c:/Users/dalom/AppData/Roaming/Code/User/settings.json
2024-06-27 15:31:19.436 [info] Discover tests for workspace name: undefined - uri: c:/Users/dalom/AppData/Roaming/Code/User/settings.json
2024-06-27 15:31:19.832 [info] Discover tests for workspace name: undefined - uri: c:/Users/dalom/AppData/Roaming/Code/User/settings.json
2024-06-27 15:31:25.739 [info] Discover tests for workspace name: undefined - uri: c:/Users/dalom/AppData/Roaming/Code/User/settings.json
2024-06-27 15:31:26.536 [info] Discover tests for workspace name: undefined - uri: c:/Users/dalom/AppData/Roaming/Code/User/settings.json
2024-06-27 15:31:28.616 [info] Discover tests for workspace name: undefined - uri: c:/Users/dalom/AppData/Roaming/Code/User/settings.json
