2024-06-27 08:04:59.104 [info] (Client) Pylance async client (2024.6.1) started with python extension (2024.8.1)
2024-06-27 08:04:59.918 [info] [Info  - 8:04:59 AM] (806) Pylance language server 2024.6.1 (pyright version 1.1.364, commit 0618acc5) starting
2024-06-27 08:04:59.919 [info] [Info  - 8:04:59 AM] (806) Server root directory: file:///home/ndao/.vscode-server/extensions/ms-python.vscode-pylance-2024.6.1/dist
2024-06-27 08:05:00.033 [info] [Info  - 8:05:00 AM] (806) Starting service instance "DB_Provisionning"
2024-06-27 08:05:00.072 [info] Auto-Indent enabled
2024-06-27 08:05:00.205 [info] Auto-Indent enabled
2024-06-27 08:05:00.206 [info] [Info  - 8:05:00 AM] (806) Setting pythonPath for service "DB_Provisionning": "/bin/python3"
2024-06-27 08:05:00.206 [info] [Info  - 8:05:00 AM] (806) Setting environmentName for service "DB_Provisionning": "3.8.10 (global)"
2024-06-27 08:05:00.263 [info] [Info  - 8:05:00 AM] (806) Assuming Python version 3.8.10.final.0
2024-06-27 08:05:00.497 [info] [Info  - 8:05:00 AM] (806) No source files found.
2024-06-27 08:05:00.502 [info] Auto-Indent enabled
2024-06-27 08:05:00.722 [info] [Info  - 8:05:00 AM] (806) Background analysis(1) root directory: file:///home/ndao/.vscode-server/extensions/ms-python.vscode-pylance-2024.6.1/dist
2024-06-27 08:05:00.737 [info] [Info  - 8:05:00 AM] (806) Background analysis(1) started
2024-06-27 15:20:00.174 [info] Auto-Indent enabled
2024-06-27 15:20:00.174 [info] [Info  - 3:20:00 PM] (806) Setting pythonPath for service "DB_Provisionning": "/bin/python3"
2024-06-27 15:20:00.174 [info] [Info  - 3:20:00 PM] (806) Setting environmentName for service "DB_Provisionning": "3.8.10 (global)"
2024-06-27 15:20:00.197 [info] [Info  - 3:20:00 PM] (806) Assuming Python version 3.8.10.final.0
2024-06-27 15:20:00.455 [info] [Info  - 3:20:00 PM] (806) No source files found.
2024-06-27 15:20:00.458 [info] Auto-Indent enabled
2024-06-27 15:20:00.570 [info] Auto-Indent enabled
2024-06-27 15:20:00.570 [info] [Info  - 3:20:00 PM] (806) Setting pythonPath for service "DB_Provisionning": "/bin/python3"
2024-06-27 15:20:00.571 [info] [Info  - 3:20:00 PM] (806) Setting environmentName for service "DB_Provisionning": "3.8.10 (global)"
2024-06-27 15:20:00.656 [info] [Info  - 3:20:00 PM] (806) Assuming Python version 3.8.10.final.0
2024-06-27 15:20:00.917 [info] [Info  - 3:20:00 PM] (806) No source files found.
2024-06-27 15:20:00.919 [info] Auto-Indent enabled
2024-06-27 15:25:02.930 [info] Auto-Indent enabled
2024-06-27 15:25:02.930 [info] [Info  - 3:25:02 PM] (806) Setting pythonPath for service "DB_Provisionning": "/bin/python3"
2024-06-27 15:25:02.930 [info] [Info  - 3:25:02 PM] (806) Setting environmentName for service "DB_Provisionning": "3.8.10 (global)"
2024-06-27 15:25:02.958 [info] [Info  - 3:25:02 PM] (806) Assuming Python version 3.8.10.final.0
2024-06-27 15:25:03.158 [info] [Info  - 3:25:03 PM] (806) No source files found.
2024-06-27 15:25:03.159 [info] Auto-Indent enabled
2024-06-27 15:30:51.058 [info] Auto-Indent enabled
2024-06-27 15:30:51.059 [info] [Info  - 3:30:51 PM] (806) Setting pythonPath for service "DB_Provisionning": "/bin/python3"
2024-06-27 15:30:51.060 [info] [Info  - 3:30:51 PM] (806) Setting environmentName for service "DB_Provisionning": "3.8.10 (global)"
2024-06-27 15:30:51.096 [info] [Info  - 3:30:51 PM] (806) Assuming Python version 3.8.10.final.0
2024-06-27 15:30:51.332 [info] [Info  - 3:30:51 PM] (806) No source files found.
2024-06-27 15:30:51.333 [info] Auto-Indent enabled
2024-06-27 15:31:05.255 [info] Auto-Indent enabled
2024-06-27 15:31:05.255 [info] [Info  - 3:31:05 PM] (806) Setting pythonPath for service "DB_Provisionning": "/bin/python3"
2024-06-27 15:31:05.255 [info] [Info  - 3:31:05 PM] (806) Setting environmentName for service "DB_Provisionning": "3.8.10 (global)"
2024-06-27 15:31:05.287 [info] [Info  - 3:31:05 PM] (806) Assuming Python version 3.8.10.final.0
2024-06-27 15:31:05.657 [info] [Info  - 3:31:05 PM] (806) No source files found.
2024-06-27 15:31:05.659 [info] Auto-Indent enabled
2024-06-27 15:31:05.677 [info] Auto-Indent enabled
2024-06-27 15:31:05.678 [info] [Info  - 3:31:05 PM] (806) Setting pythonPath for service "DB_Provisionning": "/bin/python3"
2024-06-27 15:31:05.678 [info] [Info  - 3:31:05 PM] (806) Setting environmentName for service "DB_Provisionning": "3.8.10 (global)"
2024-06-27 15:31:05.719 [info] [Info  - 3:31:05 PM] (806) Assuming Python version 3.8.10.final.0
2024-06-27 15:31:06.146 [info] [Info  - 3:31:06 PM] (806) No source files found.
2024-06-27 15:31:06.147 [info] Auto-Indent enabled
2024-06-27 15:31:06.163 [info] Auto-Indent enabled
2024-06-27 15:31:06.164 [info] [Info  - 3:31:06 PM] (806) Setting pythonPath for service "DB_Provisionning": "/bin/python3"
2024-06-27 15:31:06.164 [info] [Info  - 3:31:06 PM] (806) Setting environmentName for service "DB_Provisionning": "3.8.10 (global)"
2024-06-27 15:31:06.190 [info] [Info  - 3:31:06 PM] (806) Assuming Python version 3.8.10.final.0
2024-06-27 15:31:06.370 [info] [Info  - 3:31:06 PM] (806) No source files found.
2024-06-27 15:31:06.372 [info] Auto-Indent enabled
2024-06-27 15:31:06.719 [info] Auto-Indent enabled
2024-06-27 15:31:06.719 [info] [Info  - 3:31:06 PM] (806) Setting pythonPath for service "DB_Provisionning": "/bin/python3"
2024-06-27 15:31:06.719 [info] [Info  - 3:31:06 PM] (806) Setting environmentName for service "DB_Provisionning": "3.8.10 (global)"
2024-06-27 15:31:06.796 [info] [Info  - 3:31:06 PM] (806) Assuming Python version 3.8.10.final.0
2024-06-27 15:31:07.101 [info] [Info  - 3:31:07 PM] (806) No source files found.
2024-06-27 15:31:07.104 [info] Auto-Indent enabled
2024-06-27 15:31:07.222 [info] Auto-Indent enabled
2024-06-27 15:31:07.223 [info] [Info  - 3:31:07 PM] (806) Setting pythonPath for service "DB_Provisionning": "/bin/python3"
2024-06-27 15:31:07.223 [info] [Info  - 3:31:07 PM] (806) Setting environmentName for service "DB_Provisionning": "3.8.10 (global)"
2024-06-27 15:31:07.268 [info] [Info  - 3:31:07 PM] (806) Assuming Python version 3.8.10.final.0
2024-06-27 15:31:07.604 [info] [Info  - 3:31:07 PM] (806) No source files found.
2024-06-27 15:31:07.608 [info] Auto-Indent enabled
2024-06-27 15:31:07.634 [info] Auto-Indent enabled
2024-06-27 15:31:07.634 [info] [Info  - 3:31:07 PM] (806) Setting pythonPath for service "DB_Provisionning": "/bin/python3"
2024-06-27 15:31:07.635 [info] [Info  - 3:31:07 PM] (806) Setting environmentName for service "DB_Provisionning": "3.8.10 (global)"
2024-06-27 15:31:07.682 [info] [Info  - 3:31:07 PM] (806) Assuming Python version 3.8.10.final.0
2024-06-27 15:31:07.979 [info] [Info  - 3:31:07 PM] (806) No source files found.
2024-06-27 15:31:07.981 [info] Auto-Indent enabled
2024-06-27 15:31:17.043 [info] Auto-Indent enabled
2024-06-27 15:31:17.043 [info] [Info  - 3:31:17 PM] (806) Setting pythonPath for service "DB_Provisionning": "/bin/python3"
2024-06-27 15:31:17.043 [info] [Info  - 3:31:17 PM] (806) Setting environmentName for service "DB_Provisionning": "3.8.10 (global)"
2024-06-27 15:31:17.115 [info] [Info  - 3:31:17 PM] (806) Assuming Python version 3.8.10.final.0
2024-06-27 15:31:17.383 [info] [Info  - 3:31:17 PM] (806) No source files found.
2024-06-27 15:31:17.385 [info] Auto-Indent enabled
2024-06-27 15:31:17.404 [info] Auto-Indent enabled
2024-06-27 15:31:17.406 [info] [Info  - 3:31:17 PM] (806) Setting pythonPath for service "DB_Provisionning": "/bin/python3"
2024-06-27 15:31:17.406 [info] [Info  - 3:31:17 PM] (806) Setting environmentName for service "DB_Provisionning": "3.8.10 (global)"
2024-06-27 15:31:17.645 [info] [Info  - 3:31:17 PM] (806) Assuming Python version 3.8.10.final.0
2024-06-27 15:31:17.788 [info] [Info  - 3:31:17 PM] (806) No source files found.
2024-06-27 15:31:17.790 [info] Auto-Indent enabled
2024-06-27 15:31:17.806 [info] Auto-Indent enabled
2024-06-27 15:31:17.807 [info] [Info  - 3:31:17 PM] (806) Setting pythonPath for service "DB_Provisionning": "/bin/python3"
2024-06-27 15:31:17.807 [info] [Info  - 3:31:17 PM] (806) Setting environmentName for service "DB_Provisionning": "3.8.10 (global)"
2024-06-27 15:31:17.845 [info] [Info  - 3:31:17 PM] (806) Assuming Python version 3.8.10.final.0
2024-06-27 15:31:18.090 [info] [Info  - 3:31:18 PM] (806) No source files found.
2024-06-27 15:31:18.093 [info] Auto-Indent enabled
2024-06-27 15:31:18.219 [info] Auto-Indent enabled
2024-06-27 15:31:18.231 [info] [Info  - 3:31:18 PM] (806) Setting pythonPath for service "DB_Provisionning": "/bin/python3"
2024-06-27 15:31:18.243 [info] [Info  - 3:31:18 PM] (806) Setting environmentName for service "DB_Provisionning": "3.8.10 (global)"
2024-06-27 15:31:18.278 [info] [Info  - 3:31:18 PM] (806) Assuming Python version 3.8.10.final.0
2024-06-27 15:31:18.514 [info] [Info  - 3:31:18 PM] (806) No source files found.
2024-06-27 15:31:18.515 [info] Auto-Indent enabled
2024-06-27 15:31:18.740 [info] Auto-Indent enabled
2024-06-27 15:31:18.740 [info] [Info  - 3:31:18 PM] (806) Setting pythonPath for service "DB_Provisionning": "/bin/python3"
2024-06-27 15:31:18.740 [info] [Info  - 3:31:18 PM] (806) Setting environmentName for service "DB_Provisionning": "3.8.10 (global)"
2024-06-27 15:31:18.783 [info] [Info  - 3:31:18 PM] (806) Assuming Python version 3.8.10.final.0
2024-06-27 15:31:19.147 [info] [Info  - 3:31:19 PM] (806) No source files found.
2024-06-27 15:31:19.158 [info] Auto-Indent enabled
2024-06-27 15:31:19.181 [info] Auto-Indent enabled
2024-06-27 15:31:19.192 [info] [Info  - 3:31:19 PM] (806) Setting pythonPath for service "DB_Provisionning": "/bin/python3"
2024-06-27 15:31:19.192 [info] [Info  - 3:31:19 PM] (806) Setting environmentName for service "DB_Provisionning": "3.8.10 (global)"
2024-06-27 15:31:19.296 [info] [Info  - 3:31:19 PM] (806) Assuming Python version 3.8.10.final.0
2024-06-27 15:31:19.481 [info] [Info  - 3:31:19 PM] (806) No source files found.
2024-06-27 15:31:19.482 [info] Auto-Indent enabled
2024-06-27 15:31:19.767 [info] Auto-Indent enabled
2024-06-27 15:31:19.768 [info] [Info  - 3:31:19 PM] (806) Setting pythonPath for service "DB_Provisionning": "/bin/python3"
2024-06-27 15:31:19.768 [info] [Info  - 3:31:19 PM] (806) Setting environmentName for service "DB_Provisionning": "3.8.10 (global)"
2024-06-27 15:31:19.793 [info] [Info  - 3:31:19 PM] (806) Assuming Python version 3.8.10.final.0
2024-06-27 15:31:20.064 [info] [Info  - 3:31:20 PM] (806) No source files found.
2024-06-27 15:31:20.065 [info] Auto-Indent enabled
2024-06-27 15:31:25.471 [info] Auto-Indent enabled
2024-06-27 15:31:25.471 [info] [Info  - 3:31:25 PM] (806) Setting pythonPath for service "DB_Provisionning": "/bin/python3"
2024-06-27 15:31:25.472 [info] [Info  - 3:31:25 PM] (806) Setting environmentName for service "DB_Provisionning": "3.8.10 (global)"
2024-06-27 15:31:25.516 [info] [Info  - 3:31:25 PM] (806) Assuming Python version 3.8.10.final.0
2024-06-27 15:31:25.740 [info] [Info  - 3:31:25 PM] (806) No source files found.
2024-06-27 15:31:25.741 [info] Auto-Indent enabled
2024-06-27 15:31:26.436 [info] Auto-Indent enabled
2024-06-27 15:31:26.436 [info] [Info  - 3:31:26 PM] (806) Setting pythonPath for service "DB_Provisionning": "/bin/python3"
2024-06-27 15:31:26.437 [info] [Info  - 3:31:26 PM] (806) Setting environmentName for service "DB_Provisionning": "3.8.10 (global)"
2024-06-27 15:31:26.473 [info] [Info  - 3:31:26 PM] (806) Assuming Python version 3.8.10.final.0
2024-06-27 15:31:26.728 [info] [Info  - 3:31:26 PM] (806) No source files found.
2024-06-27 15:31:26.729 [info] Auto-Indent enabled
2024-06-27 15:31:28.414 [info] Auto-Indent enabled
2024-06-27 15:31:28.415 [info] [Info  - 3:31:28 PM] (806) Setting pythonPath for service "DB_Provisionning": "/bin/python3"
2024-06-27 15:31:28.415 [info] [Info  - 3:31:28 PM] (806) Setting environmentName for service "DB_Provisionning": "3.8.10 (global)"
2024-06-27 15:31:28.465 [info] [Info  - 3:31:28 PM] (806) Assuming Python version 3.8.10.final.0
2024-06-27 15:31:28.720 [info] [Info  - 3:31:28 PM] (806) No source files found.
2024-06-27 15:31:28.721 [info] Auto-Indent enabled
