2024-06-18 07:38:56.574 [info] Extension host with pid 140 started
2024-06-18 07:38:56.602 [info] Lock '/home/ndao/.vscode-server/data/User/workspaceStorage/38a21d1cb963b8ec61341b0b4eb2fb76/vscode.lock': Lock acquired.
2024-06-18 07:38:56.788 [info] ExtensionService#_doActivateExtension vscode.emmet, startup: false, activationEvent: 'onLanguage'
2024-06-18 07:38:56.792 [info] ExtensionService#_doActivateExtension ms-python.python, startup: false, activationEvent: 'onLanguage:yaml', root cause: redhat.ansible
2024-06-18 07:38:56.794 [info] ExtensionService#_doActivateExtension redhat.vscode-yaml, startup: false, activationEvent: 'onLanguage:yaml', root cause: redhat.ansible
2024-06-18 07:38:58.107 [info] ExtensionService#_doActivateExtension vscode.git-base, startup: true, activationEvent: '*', root cause: vscode.git
2024-06-18 07:38:58.608 [info] ExtensionService#_doActivateExtension vscode.git, startup: true, activationEvent: '*'
2024-06-18 07:38:58.609 [info] ExtensionService#_doActivateExtension vscode.github, startup: true, activationEvent: '*'
2024-06-18 07:38:59.381 [info] ExtensionService#_doActivateExtension redhat.ansible, startup: false, activationEvent: 'onLanguage:yaml'
2024-06-18 07:38:59.888 [info] Eager extensions activated
2024-06-18 07:38:59.889 [info] ExtensionService#_doActivateExtension vscode.debug-auto-launch, startup: false, activationEvent: 'onStartupFinished'
2024-06-18 07:38:59.889 [info] ExtensionService#_doActivateExtension vscode.merge-conflict, startup: false, activationEvent: 'onStartupFinished'
2024-06-18 07:38:59.890 [info] ExtensionService#_doActivateExtension Bito.Bito, startup: false, activationEvent: 'onStartupFinished'
2024-06-18 07:39:03.751 [warning] [redhat.vscode-yaml] Accessing a resource scoped configuration without providing a resource is not expected. To get the effective value for '[yaml]', provide the URI of a resource or 'null' for any resource.
2024-06-18 07:39:03.796 [warning] [redhat.vscode-yaml] Accessing a resource scoped configuration without providing a resource is not expected. To get the effective value for '[yaml]', provide the URI of a resource or 'null' for any resource.
2024-06-18 07:39:04.604 [info] ExtensionService#_doActivateExtension ms-python.vscode-pylance, startup: false, activationEvent: 'api', root cause: ms-python.python
2024-06-18 07:39:33.966 [warning] [Decorations] CAPPING events from decorations provider vscode.git 2628
2024-06-18 07:39:39.363 [warning] [Decorations] CAPPING events from decorations provider vscode.git 2625
2024-06-18 07:39:44.659 [warning] [Decorations] CAPPING events from decorations provider vscode.git 2625
2024-06-18 07:39:49.945 [warning] [Decorations] CAPPING events from decorations provider vscode.git 2625
2024-06-18 07:39:55.206 [warning] [Decorations] CAPPING events from decorations provider vscode.git 2625
2024-06-18 07:57:59.719 [warning] [Decorations] CAPPING events from decorations provider vscode.git 2625
2024-06-18 07:58:04.924 [warning] [Decorations] CAPPING events from decorations provider vscode.git 2625
2024-06-18 07:58:10.071 [warning] [Decorations] CAPPING events from decorations provider vscode.git 2625
2024-06-18 07:58:15.309 [warning] [Decorations] CAPPING events from decorations provider vscode.git 2625
2024-06-18 07:58:20.543 [warning] [Decorations] CAPPING events from decorations provider vscode.git 2625
2024-06-18 07:58:25.788 [warning] [Decorations] CAPPING events from decorations provider vscode.git 2625
2024-06-18 07:58:30.979 [warning] [Decorations] CAPPING events from decorations provider vscode.git 2625
2024-06-18 07:58:36.237 [warning] [Decorations] CAPPING events from decorations provider vscode.git 2625
2024-06-18 07:58:41.483 [warning] [Decorations] CAPPING events from decorations provider vscode.git 2625
2024-06-18 07:58:46.697 [warning] [Decorations] CAPPING events from decorations provider vscode.git 2625
2024-06-18 07:58:51.903 [warning] [Decorations] CAPPING events from decorations provider vscode.git 2625
2024-06-18 07:58:57.098 [warning] [Decorations] CAPPING events from decorations provider vscode.git 2625
2024-06-18 07:59:02.313 [warning] [Decorations] CAPPING events from decorations provider vscode.git 2625
2024-06-18 07:59:07.589 [warning] [Decorations] CAPPING events from decorations provider vscode.git 2625
2024-06-18 07:59:12.794 [warning] [Decorations] CAPPING events from decorations provider vscode.git 2625
2024-06-18 07:59:17.975 [warning] [Decorations] CAPPING events from decorations provider vscode.git 2625
2024-06-18 07:59:23.120 [warning] [Decorations] CAPPING events from decorations provider vscode.git 2625
2024-06-18 07:59:28.338 [warning] [Decorations] CAPPING events from decorations provider vscode.git 2625
2024-06-18 07:59:33.612 [warning] [Decorations] CAPPING events from decorations provider vscode.git 2625
2024-06-18 07:59:38.890 [warning] [Decorations] CAPPING events from decorations provider vscode.git 2625
2024-06-18 07:59:44.125 [warning] [Decorations] CAPPING events from decorations provider vscode.git 2625
2024-06-18 07:59:49.345 [warning] [Decorations] CAPPING events from decorations provider vscode.git 2625
2024-06-18 07:59:54.520 [warning] [Decorations] CAPPING events from decorations provider vscode.git 2625
2024-06-18 07:59:59.720 [warning] [Decorations] CAPPING events from decorations provider vscode.git 2625
2024-06-18 08:00:04.882 [warning] [Decorations] CAPPING events from decorations provider vscode.git 2625
2024-06-18 08:00:10.140 [warning] [Decorations] CAPPING events from decorations provider vscode.git 2625
2024-06-18 08:00:15.341 [warning] [Decorations] CAPPING events from decorations provider vscode.git 2625
2024-06-18 08:00:20.520 [warning] [Decorations] CAPPING events from decorations provider vscode.git 2625
2024-06-18 08:00:25.800 [warning] [Decorations] CAPPING events from decorations provider vscode.git 2625
2024-06-18 08:00:31.017 [warning] [Decorations] CAPPING events from decorations provider vscode.git 2625
2024-06-18 08:00:36.240 [warning] [Decorations] CAPPING events from decorations provider vscode.git 2625
2024-06-18 08:00:41.486 [warning] [Decorations] CAPPING events from decorations provider vscode.git 2625
2024-06-18 08:00:46.658 [warning] [Decorations] CAPPING events from decorations provider vscode.git 2625
2024-06-18 08:00:51.835 [warning] [Decorations] CAPPING events from decorations provider vscode.git 2625
2024-06-18 08:00:57.052 [warning] [Decorations] CAPPING events from decorations provider vscode.git 2625
2024-06-18 08:01:02.275 [warning] [Decorations] CAPPING events from decorations provider vscode.git 2625
2024-06-18 08:01:07.476 [warning] [Decorations] CAPPING events from decorations provider vscode.git 2625
2024-06-18 08:01:12.670 [warning] [Decorations] CAPPING events from decorations provider vscode.git 2625
2024-06-18 08:01:17.842 [warning] [Decorations] CAPPING events from decorations provider vscode.git 2625
2024-06-18 08:01:22.988 [warning] [Decorations] CAPPING events from decorations provider vscode.git 2625
2024-06-18 08:01:28.172 [warning] [Decorations] CAPPING events from decorations provider vscode.git 2625
2024-06-18 08:01:33.353 [warning] [Decorations] CAPPING events from decorations provider vscode.git 2625
2024-06-18 08:01:38.581 [warning] [Decorations] CAPPING events from decorations provider vscode.git 2625
2024-06-18 08:01:43.866 [warning] [Decorations] CAPPING events from decorations provider vscode.git 2625
2024-06-18 08:01:49.100 [warning] [Decorations] CAPPING events from decorations provider vscode.git 2625
2024-06-18 08:01:54.479 [warning] [Decorations] CAPPING events from decorations provider vscode.git 2625
2024-06-18 08:01:59.679 [warning] [Decorations] CAPPING events from decorations provider vscode.git 2625
2024-06-18 08:02:04.840 [warning] [Decorations] CAPPING events from decorations provider vscode.git 2625
2024-06-18 08:02:10.044 [warning] [Decorations] CAPPING events from decorations provider vscode.git 2625
2024-06-18 08:02:15.245 [warning] [Decorations] CAPPING events from decorations provider vscode.git 2625
2024-06-18 08:02:20.556 [warning] [Decorations] CAPPING events from decorations provider vscode.git 2625
2024-06-18 08:02:25.717 [warning] [Decorations] CAPPING events from decorations provider vscode.git 2625
2024-06-18 08:02:30.959 [warning] [Decorations] CAPPING events from decorations provider vscode.git 2625
2024-06-18 08:02:36.812 [warning] [Decorations] CAPPING events from decorations provider vscode.git 2625
2024-06-18 08:02:41.980 [warning] [Decorations] CAPPING events from decorations provider vscode.git 2625
2024-06-18 08:02:47.195 [warning] [Decorations] CAPPING events from decorations provider vscode.git 2625
2024-06-18 08:02:52.333 [warning] [Decorations] CAPPING events from decorations provider vscode.git 2625
2024-06-18 08:02:57.564 [warning] [Decorations] CAPPING events from decorations provider vscode.git 2625
2024-06-18 08:03:02.800 [warning] [Decorations] CAPPING events from decorations provider vscode.git 2625
2024-06-18 08:03:08.005 [warning] [Decorations] CAPPING events from decorations provider vscode.git 2625
2024-06-18 08:03:13.715 [warning] [Decorations] CAPPING events from decorations provider vscode.git 2625
2024-06-18 08:03:18.900 [warning] [Decorations] CAPPING events from decorations provider vscode.git 2625
2024-06-18 08:03:24.081 [warning] [Decorations] CAPPING events from decorations provider vscode.git 2625
2024-06-18 08:03:29.378 [warning] [Decorations] CAPPING events from decorations provider vscode.git 2625
2024-06-18 08:03:34.544 [warning] [Decorations] CAPPING events from decorations provider vscode.git 2625
2024-06-18 08:03:39.706 [warning] [Decorations] CAPPING events from decorations provider vscode.git 2625
2024-06-18 08:03:44.901 [warning] [Decorations] CAPPING events from decorations provider vscode.git 2625
2024-06-18 08:03:50.160 [warning] [Decorations] CAPPING events from decorations provider vscode.git 2625
2024-06-18 08:03:55.444 [warning] [Decorations] CAPPING events from decorations provider vscode.git 2625
2024-06-18 08:04:00.684 [warning] [Decorations] CAPPING events from decorations provider vscode.git 2625
2024-06-18 08:04:06.025 [warning] [Decorations] CAPPING events from decorations provider vscode.git 2625
2024-06-18 08:04:11.367 [warning] [Decorations] CAPPING events from decorations provider vscode.git 2625
2024-06-18 08:04:16.621 [warning] [Decorations] CAPPING events from decorations provider vscode.git 2625
2024-06-18 08:04:21.806 [warning] [Decorations] CAPPING events from decorations provider vscode.git 2625
2024-06-18 08:04:27.092 [warning] [Decorations] CAPPING events from decorations provider vscode.git 2625
2024-06-18 08:04:32.405 [warning] [Decorations] CAPPING events from decorations provider vscode.git 2625
2024-06-18 08:04:37.620 [warning] [Decorations] CAPPING events from decorations provider vscode.git 2625
2024-06-18 08:04:42.805 [warning] [Decorations] CAPPING events from decorations provider vscode.git 2625
2024-06-18 08:04:48.068 [warning] [Decorations] CAPPING events from decorations provider vscode.git 2625
2024-06-18 08:04:53.272 [warning] [Decorations] CAPPING events from decorations provider vscode.git 2625
2024-06-18 09:43:48.285 [warning] [Decorations] CAPPING events from decorations provider vscode.git 2625
2024-06-18 09:43:50.806 [info] Extension host terminating: received terminate message from renderer
2024-06-18 09:43:50.807 [info] Lock '/home/ndao/.vscode-server/data/User/workspaceStorage/38a21d1cb963b8ec61341b0b4eb2fb76/vscode.lock': Marking the lockfile as scheduled to be released in 6000 ms.
2024-06-18 09:43:50.993 [error] Canceled: Canceled
	at new A (/home/ndao/.vscode-server/bin/89de5a8d4d6205e5b11647eb6a74844ca23d2573/out/vs/workbench/api/node/extensionHostProcess.js:145:50615)
	at E.U (/home/ndao/.vscode-server/bin/89de5a8d4d6205e5b11647eb6a74844ca23d2573/out/vs/workbench/api/node/extensionHostProcess.js:152:6007)
	at z.<computed>.M.charCodeAt.R.CharCode.DollarSign.z.<computed> (/home/ndao/.vscode-server/bin/89de5a8d4d6205e5b11647eb6a74844ca23d2573/out/vs/workbench/api/node/extensionHostProcess.js:152:3091)
	at h.g (/home/ndao/.vscode-server/bin/89de5a8d4d6205e5b11647eb6a74844ca23d2573/out/vs/workbench/api/node/extensionHostProcess.js:155:199935)
	at h.executeCommand (/home/ndao/.vscode-server/bin/89de5a8d4d6205e5b11647eb6a74844ca23d2573/out/vs/workbench/api/node/extensionHostProcess.js:155:199373)
	at I.registerCommand.description (/home/ndao/.vscode-server/bin/89de5a8d4d6205e5b11647eb6a74844ca23d2573/out/vs/workbench/api/node/extensionHostProcess.js:155:198697)
	at h (/home/ndao/.vscode-server/bin/89de5a8d4d6205e5b11647eb6a74844ca23d2573/out/vs/workbench/api/node/extensionHostProcess.js:155:200474)
	at h.g (/home/ndao/.vscode-server/bin/89de5a8d4d6205e5b11647eb6a74844ca23d2573/out/vs/workbench/api/node/extensionHostProcess.js:155:199466)
	at h.executeCommand (/home/ndao/.vscode-server/bin/89de5a8d4d6205e5b11647eb6a74844ca23d2573/out/vs/workbench/api/node/extensionHostProcess.js:155:199373)
	at Object.executeCommand (/home/ndao/.vscode-server/bin/89de5a8d4d6205e5b11647eb6a74844ca23d2573/out/vs/workbench/api/node/extensionHostProcess.js:165:22742)
	at n.O [as value] (/home/ndao/.vscode-server/bin/89de5a8d4d6205e5b11647eb6a74844ca23d2573/extensions/git/dist/main.js:2:945191)
	at l.y (/home/ndao/.vscode-server/bin/89de5a8d4d6205e5b11647eb6a74844ca23d2573/out/vs/workbench/api/node/extensionHostProcess.js:82:664)
	at l.z (/home/ndao/.vscode-server/bin/89de5a8d4d6205e5b11647eb6a74844ca23d2573/out/vs/workbench/api/node/extensionHostProcess.js:82:734)
	at l.fire (/home/ndao/.vscode-server/bin/89de5a8d4d6205e5b11647eb6a74844ca23d2573/out/vs/workbench/api/node/extensionHostProcess.js:82:950)
	at Object.p [as dispose] (/home/ndao/.vscode-server/bin/89de5a8d4d6205e5b11647eb6a74844ca23d2573/extensions/git/dist/main.js:2:964275)
	at /home/ndao/.vscode-server/bin/89de5a8d4d6205e5b11647eb6a74844ca23d2573/extensions/git/dist/main.js:2:970313
	at Array.forEach (<anonymous>)
	at f.dispose (/home/ndao/.vscode-server/bin/89de5a8d4d6205e5b11647eb6a74844ca23d2573/extensions/git/dist/main.js:2:970299)
	at a.<anonymous> (/home/ndao/.vscode-server/bin/89de5a8d4d6205e5b11647eb6a74844ca23d2573/out/vs/workbench/api/node/extensionHostProcess.js:153:4032)
	at a.dispose (/home/ndao/.vscode-server/bin/89de5a8d4d6205e5b11647eb6a74844ca23d2573/out/vs/workbench/api/node/extensionHostProcess.js:153:4129)
	at a.<anonymous> (/home/ndao/.vscode-server/bin/89de5a8d4d6205e5b11647eb6a74844ca23d2573/extensions/git/dist/main.js:2:947448)
	at a.dispose (/home/ndao/.vscode-server/bin/89de5a8d4d6205e5b11647eb6a74844ca23d2573/out/vs/workbench/api/node/extensionHostProcess.js:153:4129)
	at f (/home/ndao/.vscode-server/bin/89de5a8d4d6205e5b11647eb6a74844ca23d2573/out/vs/workbench/api/node/extensionHostProcess.js:30:744)
	at u.eb (/home/ndao/.vscode-server/bin/89de5a8d4d6205e5b11647eb6a74844ca23d2573/out/vs/workbench/api/node/extensionHostProcess.js:161:9991)
	at /home/ndao/.vscode-server/bin/89de5a8d4d6205e5b11647eb6a74844ca23d2573/out/vs/workbench/api/node/extensionHostProcess.js:161:7867
	at Array.map (<anonymous>)
	at u.$ (/home/ndao/.vscode-server/bin/89de5a8d4d6205e5b11647eb6a74844ca23d2573/out/vs/workbench/api/node/extensionHostProcess.js:161:7854)
	at u.terminate (/home/ndao/.vscode-server/bin/89de5a8d4d6205e5b11647eb6a74844ca23d2573/out/vs/workbench/api/node/extensionHostProcess.js:161:8127)
	at f.terminate (/home/ndao/.vscode-server/bin/89de5a8d4d6205e5b11647eb6a74844ca23d2573/out/vs/workbench/api/node/extensionHostProcess.js:165:1513)
	at t (/home/ndao/.vscode-server/bin/89de5a8d4d6205e5b11647eb6a74844ca23d2573/out/vs/workbench/api/node/extensionHostProcess.js:178:10459)
	at n.value (/home/ndao/.vscode-server/bin/89de5a8d4d6205e5b11647eb6a74844ca23d2573/out/vs/workbench/api/node/extensionHostProcess.js:178:8427)
	at l.y (/home/ndao/.vscode-server/bin/89de5a8d4d6205e5b11647eb6a74844ca23d2573/out/vs/workbench/api/node/extensionHostProcess.js:82:664)
	at l.fire (/home/ndao/.vscode-server/bin/89de5a8d4d6205e5b11647eb6a74844ca23d2573/out/vs/workbench/api/node/extensionHostProcess.js:82:881)
	at s.fire (/home/ndao/.vscode-server/bin/89de5a8d4d6205e5b11647eb6a74844ca23d2573/out/vs/workbench/api/node/extensionHostProcess.js:107:14502)
	at h.z (/home/ndao/.vscode-server/bin/89de5a8d4d6205e5b11647eb6a74844ca23d2573/out/vs/workbench/api/node/extensionHostProcess.js:107:17638)
	at n.value (/home/ndao/.vscode-server/bin/89de5a8d4d6205e5b11647eb6a74844ca23d2573/out/vs/workbench/api/node/extensionHostProcess.js:107:17012)
	at l.y (/home/ndao/.vscode-server/bin/89de5a8d4d6205e5b11647eb6a74844ca23d2573/out/vs/workbench/api/node/extensionHostProcess.js:82:664)
	at l.fire (/home/ndao/.vscode-server/bin/89de5a8d4d6205e5b11647eb6a74844ca23d2573/out/vs/workbench/api/node/extensionHostProcess.js:82:881)
	at u.acceptChunk (/home/ndao/.vscode-server/bin/89de5a8d4d6205e5b11647eb6a74844ca23d2573/out/vs/workbench/api/node/extensionHostProcess.js:107:12248)
	at n.value (/home/ndao/.vscode-server/bin/89de5a8d4d6205e5b11647eb6a74844ca23d2573/out/vs/workbench/api/node/extensionHostProcess.js:107:11518)
	at l.y (/home/ndao/.vscode-server/bin/89de5a8d4d6205e5b11647eb6a74844ca23d2573/out/vs/workbench/api/node/extensionHostProcess.js:82:664)
	at l.fire (/home/ndao/.vscode-server/bin/89de5a8d4d6205e5b11647eb6a74844ca23d2573/out/vs/workbench/api/node/extensionHostProcess.js:82:881)
	at n.z (/home/ndao/.vscode-server/bin/89de5a8d4d6205e5b11647eb6a74844ca23d2573/out/vs/workbench/api/node/extensionHostProcess.js:175:20497)
	at n.acceptFrame (/home/ndao/.vscode-server/bin/89de5a8d4d6205e5b11647eb6a74844ca23d2573/out/vs/workbench/api/node/extensionHostProcess.js:175:20303)
	at g.n (/home/ndao/.vscode-server/bin/89de5a8d4d6205e5b11647eb6a74844ca23d2573/out/vs/workbench/api/node/extensionHostProcess.js:175:18748)
	at /home/ndao/.vscode-server/bin/89de5a8d4d6205e5b11647eb6a74844ca23d2573/out/vs/workbench/api/node/extensionHostProcess.js:175:15675
	at Socket.w (/home/ndao/.vscode-server/bin/89de5a8d4d6205e5b11647eb6a74844ca23d2573/out/vs/workbench/api/node/extensionHostProcess.js:175:13305)
	at Socket.emit (node:events:518:28)
	at addChunk (node:internal/streams/readable:559:12)
	at readableAddChunkPushByteMode (node:internal/streams/readable:510:3)
	at Readable.push (node:internal/streams/readable:390:5)
	at TCP.onStreamRead (node:internal/stream_base_commons:190:23) setContext undefined
2024-06-18 09:43:50.994 [error] Canceled: Canceled
	at new A (/home/ndao/.vscode-server/bin/89de5a8d4d6205e5b11647eb6a74844ca23d2573/out/vs/workbench/api/node/extensionHostProcess.js:145:50615)
	at E.U (/home/ndao/.vscode-server/bin/89de5a8d4d6205e5b11647eb6a74844ca23d2573/out/vs/workbench/api/node/extensionHostProcess.js:152:6007)
	at z.<computed>.M.charCodeAt.R.CharCode.DollarSign.z.<computed> (/home/ndao/.vscode-server/bin/89de5a8d4d6205e5b11647eb6a74844ca23d2573/out/vs/workbench/api/node/extensionHostProcess.js:152:3091)
	at h.g (/home/ndao/.vscode-server/bin/89de5a8d4d6205e5b11647eb6a74844ca23d2573/out/vs/workbench/api/node/extensionHostProcess.js:155:199935)
	at h.executeCommand (/home/ndao/.vscode-server/bin/89de5a8d4d6205e5b11647eb6a74844ca23d2573/out/vs/workbench/api/node/extensionHostProcess.js:155:199373)
	at I.registerCommand.description (/home/ndao/.vscode-server/bin/89de5a8d4d6205e5b11647eb6a74844ca23d2573/out/vs/workbench/api/node/extensionHostProcess.js:155:198697)
	at h (/home/ndao/.vscode-server/bin/89de5a8d4d6205e5b11647eb6a74844ca23d2573/out/vs/workbench/api/node/extensionHostProcess.js:155:200474)
	at h.g (/home/ndao/.vscode-server/bin/89de5a8d4d6205e5b11647eb6a74844ca23d2573/out/vs/workbench/api/node/extensionHostProcess.js:155:199466)
	at h.executeCommand (/home/ndao/.vscode-server/bin/89de5a8d4d6205e5b11647eb6a74844ca23d2573/out/vs/workbench/api/node/extensionHostProcess.js:155:199373)
	at Object.executeCommand (/home/ndao/.vscode-server/bin/89de5a8d4d6205e5b11647eb6a74844ca23d2573/out/vs/workbench/api/node/extensionHostProcess.js:165:22742)
	at set hasGitHubRepositories [as hasGitHubRepositories] (/home/ndao/.vscode-server/bin/89de5a8d4d6205e5b11647eb6a74844ca23d2573/extensions/github/dist/extension.js:2:322969)
	at /home/ndao/.vscode-server/bin/89de5a8d4d6205e5b11647eb6a74844ca23d2573/extensions/github/dist/extension.js:2:323928
	at n.value (/home/ndao/.vscode-server/bin/89de5a8d4d6205e5b11647eb6a74844ca23d2573/extensions/git/dist/main.js:2:1050764)
	at l.y (/home/ndao/.vscode-server/bin/89de5a8d4d6205e5b11647eb6a74844ca23d2573/out/vs/workbench/api/node/extensionHostProcess.js:82:664)
	at l.z (/home/ndao/.vscode-server/bin/89de5a8d4d6205e5b11647eb6a74844ca23d2573/out/vs/workbench/api/node/extensionHostProcess.js:82:734)
	at l.fire (/home/ndao/.vscode-server/bin/89de5a8d4d6205e5b11647eb6a74844ca23d2573/out/vs/workbench/api/node/extensionHostProcess.js:82:950)
	at Object.p [as dispose] (/home/ndao/.vscode-server/bin/89de5a8d4d6205e5b11647eb6a74844ca23d2573/extensions/git/dist/main.js:2:964275)
	at /home/ndao/.vscode-server/bin/89de5a8d4d6205e5b11647eb6a74844ca23d2573/extensions/git/dist/main.js:2:970313
	at Array.forEach (<anonymous>)
	at f.dispose (/home/ndao/.vscode-server/bin/89de5a8d4d6205e5b11647eb6a74844ca23d2573/extensions/git/dist/main.js:2:970299)
	at a.<anonymous> (/home/ndao/.vscode-server/bin/89de5a8d4d6205e5b11647eb6a74844ca23d2573/out/vs/workbench/api/node/extensionHostProcess.js:153:4032)
	at a.dispose (/home/ndao/.vscode-server/bin/89de5a8d4d6205e5b11647eb6a74844ca23d2573/out/vs/workbench/api/node/extensionHostProcess.js:153:4129)
	at a.<anonymous> (/home/ndao/.vscode-server/bin/89de5a8d4d6205e5b11647eb6a74844ca23d2573/extensions/git/dist/main.js:2:947448)
	at a.dispose (/home/ndao/.vscode-server/bin/89de5a8d4d6205e5b11647eb6a74844ca23d2573/out/vs/workbench/api/node/extensionHostProcess.js:153:4129)
	at f (/home/ndao/.vscode-server/bin/89de5a8d4d6205e5b11647eb6a74844ca23d2573/out/vs/workbench/api/node/extensionHostProcess.js:30:744)
	at u.eb (/home/ndao/.vscode-server/bin/89de5a8d4d6205e5b11647eb6a74844ca23d2573/out/vs/workbench/api/node/extensionHostProcess.js:161:9991)
	at /home/ndao/.vscode-server/bin/89de5a8d4d6205e5b11647eb6a74844ca23d2573/out/vs/workbench/api/node/extensionHostProcess.js:161:7867
	at Array.map (<anonymous>)
	at u.$ (/home/ndao/.vscode-server/bin/89de5a8d4d6205e5b11647eb6a74844ca23d2573/out/vs/workbench/api/node/extensionHostProcess.js:161:7854)
	at u.terminate (/home/ndao/.vscode-server/bin/89de5a8d4d6205e5b11647eb6a74844ca23d2573/out/vs/workbench/api/node/extensionHostProcess.js:161:8127)
	at f.terminate (/home/ndao/.vscode-server/bin/89de5a8d4d6205e5b11647eb6a74844ca23d2573/out/vs/workbench/api/node/extensionHostProcess.js:165:1513)
	at t (/home/ndao/.vscode-server/bin/89de5a8d4d6205e5b11647eb6a74844ca23d2573/out/vs/workbench/api/node/extensionHostProcess.js:178:10459)
	at n.value (/home/ndao/.vscode-server/bin/89de5a8d4d6205e5b11647eb6a74844ca23d2573/out/vs/workbench/api/node/extensionHostProcess.js:178:8427)
	at l.y (/home/ndao/.vscode-server/bin/89de5a8d4d6205e5b11647eb6a74844ca23d2573/out/vs/workbench/api/node/extensionHostProcess.js:82:664)
	at l.fire (/home/ndao/.vscode-server/bin/89de5a8d4d6205e5b11647eb6a74844ca23d2573/out/vs/workbench/api/node/extensionHostProcess.js:82:881)
	at s.fire (/home/ndao/.vscode-server/bin/89de5a8d4d6205e5b11647eb6a74844ca23d2573/out/vs/workbench/api/node/extensionHostProcess.js:107:14502)
	at h.z (/home/ndao/.vscode-server/bin/89de5a8d4d6205e5b11647eb6a74844ca23d2573/out/vs/workbench/api/node/extensionHostProcess.js:107:17638)
	at n.value (/home/ndao/.vscode-server/bin/89de5a8d4d6205e5b11647eb6a74844ca23d2573/out/vs/workbench/api/node/extensionHostProcess.js:107:17012)
	at l.y (/home/ndao/.vscode-server/bin/89de5a8d4d6205e5b11647eb6a74844ca23d2573/out/vs/workbench/api/node/extensionHostProcess.js:82:664)
	at l.fire (/home/ndao/.vscode-server/bin/89de5a8d4d6205e5b11647eb6a74844ca23d2573/out/vs/workbench/api/node/extensionHostProcess.js:82:881)
	at u.acceptChunk (/home/ndao/.vscode-server/bin/89de5a8d4d6205e5b11647eb6a74844ca23d2573/out/vs/workbench/api/node/extensionHostProcess.js:107:12248)
	at n.value (/home/ndao/.vscode-server/bin/89de5a8d4d6205e5b11647eb6a74844ca23d2573/out/vs/workbench/api/node/extensionHostProcess.js:107:11518)
	at l.y (/home/ndao/.vscode-server/bin/89de5a8d4d6205e5b11647eb6a74844ca23d2573/out/vs/workbench/api/node/extensionHostProcess.js:82:664)
	at l.fire (/home/ndao/.vscode-server/bin/89de5a8d4d6205e5b11647eb6a74844ca23d2573/out/vs/workbench/api/node/extensionHostProcess.js:82:881)
	at n.z (/home/ndao/.vscode-server/bin/89de5a8d4d6205e5b11647eb6a74844ca23d2573/out/vs/workbench/api/node/extensionHostProcess.js:175:20497)
	at n.acceptFrame (/home/ndao/.vscode-server/bin/89de5a8d4d6205e5b11647eb6a74844ca23d2573/out/vs/workbench/api/node/extensionHostProcess.js:175:20303)
	at g.n (/home/ndao/.vscode-server/bin/89de5a8d4d6205e5b11647eb6a74844ca23d2573/out/vs/workbench/api/node/extensionHostProcess.js:175:18748)
	at /home/ndao/.vscode-server/bin/89de5a8d4d6205e5b11647eb6a74844ca23d2573/out/vs/workbench/api/node/extensionHostProcess.js:175:15675
	at Socket.w (/home/ndao/.vscode-server/bin/89de5a8d4d6205e5b11647eb6a74844ca23d2573/out/vs/workbench/api/node/extensionHostProcess.js:175:13305)
	at Socket.emit (node:events:518:28)
	at addChunk (node:internal/streams/readable:559:12)
	at readableAddChunkPushByteMode (node:internal/streams/readable:510:3)
	at Readable.push (node:internal/streams/readable:390:5)
	at TCP.onStreamRead (node:internal/stream_base_commons:190:23) setContext undefined
2024-06-18 09:43:51.017 [info] Extension host with pid 140 exiting with code 0
