2024-06-27 08:04:57.728 [info] Log level: Info
2024-06-27 08:04:57.728 [info] Validating found git in: "git"
2024-06-27 08:04:57.728 [info] Using git "2.25.1" from "git"
2024-06-27 08:04:57.728 [info] > git rev-parse --show-toplevel [80ms]
2024-06-27 08:04:57.728 [info] > git rev-parse --git-dir --git-common-dir [103ms]
2024-06-27 08:04:57.728 [info] Open repository: /home/ndao/DB_Provisionning
2024-06-27 08:04:57.729 [info] > git rev-parse --show-toplevel [3ms]
2024-06-27 08:04:57.730 [info] > git config --get commit.template [7ms]
2024-06-27 08:04:57.795 [info] > git rev-parse --show-toplevel [19ms]
2024-06-27 08:04:58.241 [info] > git for-each-ref --format=%(refname)%00%(upstream:short)%00%(objectname)%00%(upstream:track)%00%(upstream:remotename)%00%(upstream:remoteref) refs/heads/dev refs/remotes/dev [448ms]
2024-06-27 08:04:58.368 [info] > git check-ignore -v -z --stdin [45ms]
2024-06-27 08:04:58.369 [info] > git show --textconv :mysql_setup/sql_backup.yml [24ms]
2024-06-27 08:04:58.370 [info] > git ls-files --stage -- /home/ndao/DB_Provisionning/mysql_setup/sql_backup.yml [18ms]
2024-06-27 08:04:58.380 [info] > git status -z -uall [2ms]
2024-06-27 08:04:58.380 [info] > git cat-file -s e9598f1d1e38cef992cea26c5c8c6438a8cfffad [7ms]
2024-06-27 08:04:58.413 [info] > git merge-base refs/heads/dev refs/remotes/origin/dev [24ms]
2024-06-27 08:04:58.434 [info] > git rev-list --count --left-right refs/heads/dev...refs/remotes/origin/dev [16ms]
2024-06-27 08:04:58.450 [info] > git config --get commit.template [46ms]
2024-06-27 08:04:58.576 [info] > git diff --name-status -z --diff-filter=ADMR 5a59ea289ea77e3e42725d3792b7f9b4f0181cd3...refs/remotes/origin/dev [128ms]
2024-06-27 08:04:58.587 [info] > git for-each-ref --format=%(refname)%00%(upstream:short)%00%(objectname)%00%(upstream:track)%00%(upstream:remotename)%00%(upstream:remoteref) refs/heads/dev refs/remotes/dev [19ms]
2024-06-27 08:04:58.708 [info] > git status -z -uall [100ms]
2024-06-27 08:06:01.091 [info] > git show --textconv :mysql_setup/Clonedb.yml [3ms]
2024-06-27 08:06:01.092 [info] > git ls-files --stage -- /home/ndao/DB_Provisionning/mysql_setup/Clonedb.yml [1ms]
2024-06-27 08:06:01.097 [info] > git cat-file -s 83adffe34a73b0b12751d0a6b9a33c5f3e1c7d0f [1ms]
2024-06-27 08:07:36.440 [info] > git show --textconv :mysql_setup/sql_backup.yml [4ms]
2024-06-27 08:07:36.440 [info] > git ls-files --stage -- /home/ndao/DB_Provisionning/mysql_setup/sql_backup.yml [1ms]
2024-06-27 08:07:36.444 [info] > git cat-file -s e9598f1d1e38cef992cea26c5c8c6438a8cfffad [1ms]
2024-06-27 08:14:58.770 [info] > git config --get commit.template [5ms]
2024-06-27 08:14:58.771 [info] > git for-each-ref --format=%(refname)%00%(upstream:short)%00%(objectname)%00%(upstream:track)%00%(upstream:remotename)%00%(upstream:remoteref) refs/heads/dev refs/remotes/dev [2ms]
2024-06-27 08:14:58.777 [info] > git status -z -uall [2ms]
2024-06-27 08:14:58.849 [info] > git ls-files --stage -- /home/ndao/DB_Provisionning/mysql_setup/sql_backup.yml [3ms]
2024-06-27 08:14:58.858 [info] > git cat-file -s e9598f1d1e38cef992cea26c5c8c6438a8cfffad [1ms]
2024-06-27 08:14:58.937 [info] > git show --textconv :mysql_setup/sql_backup.yml [1ms]
2024-06-27 09:07:30.636 [info] > git config --get commit.template [5ms]
2024-06-27 09:07:30.636 [info] > git for-each-ref --format=%(refname)%00%(upstream:short)%00%(objectname)%00%(upstream:track)%00%(upstream:remotename)%00%(upstream:remoteref) refs/heads/dev refs/remotes/dev [2ms]
2024-06-27 09:07:30.640 [info] > git status -z -uall [1ms]
2024-06-27 09:07:30.649 [info] > git merge-base refs/heads/dev refs/remotes/origin/dev [6ms]
2024-06-27 09:07:30.653 [info] > git rev-list --count --left-right refs/heads/dev...refs/remotes/origin/dev [1ms]
2024-06-27 09:07:30.658 [info] > git diff --name-status -z --diff-filter=ADMR 8a74af281a2e9f0678292a600344286504044d20...refs/remotes/origin/dev [1ms]
2024-06-27 09:07:30.698 [info] > git ls-files --stage -- /home/ndao/DB_Provisionning/mysql_setup/sql_backup.yml [2ms]
2024-06-27 09:07:30.703 [info] > git cat-file -s d6b8d4add1bdf53614ab18ee6366bed4c6dbffb7 [2ms]
2024-06-27 09:07:30.714 [info] > git show --textconv :mysql_setup/sql_backup.yml [2ms]
2024-06-27 09:07:35.656 [info] > git config --get commit.template [4ms]
2024-06-27 09:07:35.657 [info] > git for-each-ref --format=%(refname)%00%(upstream:short)%00%(objectname)%00%(upstream:track)%00%(upstream:remotename)%00%(upstream:remoteref) refs/heads/dev refs/remotes/dev [2ms]
2024-06-27 09:07:35.662 [info] > git status -z -uall [2ms]
2024-06-27 09:09:08.647 [info] > git config --get commit.template [8ms]
2024-06-27 09:09:08.647 [info] > git for-each-ref --format=%(refname)%00%(upstream:short)%00%(objectname)%00%(upstream:track)%00%(upstream:remotename)%00%(upstream:remoteref) refs/heads/dev refs/remotes/dev [4ms]
2024-06-27 09:09:08.648 [info] > git ls-files --stage -- /home/ndao/DB_Provisionning/mysql_setup/sql_backup.yml [2ms]
2024-06-27 09:09:08.655 [info] > git cat-file -s d6b8d4add1bdf53614ab18ee6366bed4c6dbffb7 [4ms]
2024-06-27 09:09:08.656 [info] > git status -z -uall [1ms]
2024-06-27 09:09:08.667 [info] > git show --textconv :mysql_setup/sql_backup.yml [4ms]
2024-06-27 09:09:11.043 [info] > git show --textconv :mysql_setup/Clonedb.yml [11ms]
2024-06-27 09:09:11.045 [info] > git ls-files --stage -- /home/ndao/DB_Provisionning/mysql_setup/Clonedb.yml [2ms]
2024-06-27 09:09:11.054 [info] > git cat-file -s 83adffe34a73b0b12751d0a6b9a33c5f3e1c7d0f [3ms]
2024-06-27 09:09:13.664 [info] > git config --get commit.template [0ms]
2024-06-27 09:09:13.667 [info] > git for-each-ref --format=%(refname)%00%(upstream:short)%00%(objectname)%00%(upstream:track)%00%(upstream:remotename)%00%(upstream:remoteref) refs/heads/dev refs/remotes/dev [1ms]
2024-06-27 09:09:13.672 [info] > git status -z -uall [1ms]
2024-06-27 09:09:14.366 [info] > git show --textconv :mysql_setup/mysql_setup.yml [4ms]
2024-06-27 09:09:14.367 [info] > git ls-files --stage -- /home/ndao/DB_Provisionning/mysql_setup/mysql_setup.yml [1ms]
2024-06-27 09:09:14.371 [info] > git cat-file -s bdbfc1f2aa742d312dea0eef24817201fdb97dc9 [1ms]
2024-06-27 09:10:11.657 [info] > git config --get commit.template [7ms]
2024-06-27 09:10:11.658 [info] > git for-each-ref --format=%(refname)%00%(upstream:short)%00%(objectname)%00%(upstream:track)%00%(upstream:remotename)%00%(upstream:remoteref) refs/heads/master refs/remotes/master [2ms]
2024-06-27 09:10:11.672 [info] > git status -z -uall [8ms]
2024-06-27 09:10:11.681 [info] > git merge-base refs/heads/master refs/remotes/origin/master [3ms]
2024-06-27 09:10:11.687 [info] > git ls-files --stage -- /home/ndao/DB_Provisionning/mysql_setup/mysql_setup.yml [17ms]
2024-06-27 09:10:11.694 [info] > git rev-list --count --left-right refs/heads/master...refs/remotes/origin/master [8ms]
2024-06-27 09:10:11.700 [info] > git cat-file -s 07d12f54de4ba23c154296be16e5d98420a6f305 [7ms]
2024-06-27 09:10:11.702 [info] > git diff --name-status -z --diff-filter=ADMR 9fc201fab761075d205ba37f1464589c12d33bab...refs/remotes/origin/master [2ms]
2024-06-27 09:10:11.714 [info] > git show --textconv :mysql_setup/mysql_setup.yml [2ms]
2024-06-27 09:10:16.691 [info] > git config --get commit.template [5ms]
2024-06-27 09:10:16.692 [info] > git for-each-ref --format=%(refname)%00%(upstream:short)%00%(objectname)%00%(upstream:track)%00%(upstream:remotename)%00%(upstream:remoteref) refs/heads/master refs/remotes/master [2ms]
2024-06-27 09:10:16.697 [info] > git status -z -uall [1ms]
2024-06-27 10:13:51.403 [info] > git config --get commit.template [4ms]
2024-06-27 10:13:51.414 [info] > git for-each-ref --format=%(refname)%00%(upstream:short)%00%(objectname)%00%(upstream:track)%00%(upstream:remotename)%00%(upstream:remoteref) refs/heads/master refs/remotes/master [4ms]
2024-06-27 10:13:51.425 [info] > git status -z -uall [3ms]
2024-06-27 10:13:51.436 [info] > git merge-base refs/heads/master refs/remotes/origin/master [5ms]
2024-06-27 10:13:51.446 [info] > git rev-list --count --left-right refs/heads/master...refs/remotes/origin/master [5ms]
2024-06-27 10:13:51.454 [info] > git diff --name-status -z --diff-filter=ADMR e72794492f80e324f49be3361e63bcff244703c7...refs/remotes/origin/master [3ms]
2024-06-27 10:13:51.491 [info] > git ls-files --stage -- /home/ndao/DB_Provisionning/mysql_setup/mysql_setup.yml [2ms]
2024-06-27 10:13:51.497 [info] > git cat-file -s e3523e6a9bd1190bcc126b83f6bd4d3ffde297bf [2ms]
2024-06-27 10:13:51.512 [info] > git show --textconv :mysql_setup/mysql_setup.yml [2ms]
2024-06-27 10:13:56.459 [info] > git config --get commit.template [6ms]
2024-06-27 10:13:56.481 [info] > git for-each-ref --format=%(refname)%00%(upstream:short)%00%(objectname)%00%(upstream:track)%00%(upstream:remotename)%00%(upstream:remoteref) refs/heads/master refs/remotes/master [6ms]
2024-06-27 10:13:56.506 [info] > git status -z -uall [5ms]
2024-06-27 13:47:09.946 [info] > git config --get commit.template [6ms]
2024-06-27 13:47:09.947 [info] > git for-each-ref --format=%(refname)%00%(upstream:short)%00%(objectname)%00%(upstream:track)%00%(upstream:remotename)%00%(upstream:remoteref) refs/heads/master refs/remotes/master [2ms]
2024-06-27 13:47:09.960 [info] > git status -z -uall [2ms]
2024-06-27 13:47:10.000 [info] > git ls-files --stage -- /home/ndao/DB_Provisionning/mysql_setup/mysql_setup.yml [1ms]
2024-06-27 13:47:10.008 [info] > git cat-file -s e3523e6a9bd1190bcc126b83f6bd4d3ffde297bf [2ms]
2024-06-27 13:47:10.067 [info] > git show --textconv :mysql_setup/mysql_setup.yml [2ms]
2024-06-27 13:47:14.976 [info] > git config --get commit.template [1ms]
2024-06-27 13:47:14.979 [info] > git for-each-ref --format=%(refname)%00%(upstream:short)%00%(objectname)%00%(upstream:track)%00%(upstream:remotename)%00%(upstream:remoteref) refs/heads/master refs/remotes/master [1ms]
2024-06-27 13:47:14.983 [info] > git status -z -uall [1ms]
2024-06-27 13:48:21.931 [info] > git config --get commit.template [6ms]
2024-06-27 13:48:21.932 [info] > git for-each-ref --format=%(refname)%00%(upstream:short)%00%(objectname)%00%(upstream:track)%00%(upstream:remotename)%00%(upstream:remoteref) refs/heads/dev refs/remotes/dev [2ms]
2024-06-27 13:48:21.936 [info] > git status -z -uall [1ms]
2024-06-27 13:48:21.941 [info] > git merge-base refs/heads/dev refs/remotes/origin/dev [2ms]
2024-06-27 13:48:21.946 [info] > git rev-list --count --left-right refs/heads/dev...refs/remotes/origin/dev [1ms]
2024-06-27 13:48:21.950 [info] > git diff --name-status -z --diff-filter=ADMR 8a74af281a2e9f0678292a600344286504044d20...refs/remotes/origin/dev [1ms]
2024-06-27 13:48:21.964 [info] > git ls-files --stage -- /home/ndao/DB_Provisionning/mysql_setup/mysql_setup.yml [2ms]
2024-06-27 13:48:21.968 [info] > git cat-file -s bdbfc1f2aa742d312dea0eef24817201fdb97dc9 [0ms]
2024-06-27 13:48:21.977 [info] > git show --textconv :mysql_setup/mysql_setup.yml [1ms]
2024-06-27 13:48:55.376 [info] > git config --get commit.template [7ms]
2024-06-27 13:48:55.376 [info] > git for-each-ref --format=%(refname)%00%(upstream:short)%00%(objectname)%00%(upstream:track)%00%(upstream:remotename)%00%(upstream:remoteref) refs/heads/dev refs/remotes/dev [3ms]
2024-06-27 13:48:55.382 [info] > git status -z -uall [2ms]
2024-06-27 13:49:44.525 [info] > git config --get commit.template [5ms]
2024-06-27 13:49:44.531 [info] > git for-each-ref --format=%(refname)%00%(upstream:short)%00%(objectname)%00%(upstream:track)%00%(upstream:remotename)%00%(upstream:remoteref) refs/heads/master refs/remotes/master [7ms]
2024-06-27 13:49:44.532 [info] > git ls-files --stage -- /home/ndao/DB_Provisionning/mysql_setup/mysql_setup.yml [3ms]
2024-06-27 13:49:44.541 [info] > git cat-file -s b574e9a510b15114a2d0f52fd3eca706b4f2ac88 [4ms]
2024-06-27 13:49:44.542 [info] > git status -z -uall [2ms]
2024-06-27 13:49:44.575 [info] > git merge-base refs/heads/master refs/remotes/origin/master [29ms]
2024-06-27 13:49:44.587 [info] > git show --textconv :mysql_setup/mysql_setup.yml [13ms]
2024-06-27 13:49:44.589 [info] > git rev-list --count --left-right refs/heads/master...refs/remotes/origin/master [3ms]
2024-06-27 13:49:44.619 [info] > git diff --name-status -z --diff-filter=ADMR a340ab435983133f847e1a3bcfdb32f823f0ba62...refs/remotes/origin/master [3ms]
2024-06-27 13:51:05.700 [info] > git config --get commit.template [4ms]
2024-06-27 13:51:05.704 [info] > git for-each-ref --format=%(refname)%00%(upstream:short)%00%(objectname)%00%(upstream:track)%00%(upstream:remotename)%00%(upstream:remoteref) refs/heads/dev refs/remotes/dev [5ms]
2024-06-27 13:51:05.704 [info] > git ls-files --stage -- /home/ndao/DB_Provisionning/mysql_setup/mysql_setup.yml [1ms]
2024-06-27 13:51:05.709 [info] > git cat-file -s bdbfc1f2aa742d312dea0eef24817201fdb97dc9 [1ms]
2024-06-27 13:51:05.713 [info] > git status -z -uall [1ms]
2024-06-27 13:51:05.720 [info] > git merge-base refs/heads/dev refs/remotes/origin/dev [4ms]
2024-06-27 13:51:05.725 [info] > git show --textconv :mysql_setup/mysql_setup.yml [5ms]
2024-06-27 13:51:05.727 [info] > git rev-list --count --left-right refs/heads/dev...refs/remotes/origin/dev [2ms]
2024-06-27 13:51:05.732 [info] > git diff --name-status -z --diff-filter=ADMR 8a74af281a2e9f0678292a600344286504044d20...refs/remotes/origin/dev [1ms]
2024-06-27 13:56:30.613 [info] > git config --get commit.template [2ms]
2024-06-27 13:56:30.618 [info] > git for-each-ref --format=%(refname)%00%(upstream:short)%00%(objectname)%00%(upstream:track)%00%(upstream:remotename)%00%(upstream:remoteref) refs/heads/dev refs/remotes/dev [2ms]
2024-06-27 13:56:30.624 [info] > git status -z -uall [2ms]
2024-06-27 13:56:30.631 [info] > git merge-base refs/heads/dev refs/remotes/origin/dev [4ms]
2024-06-27 13:56:30.635 [info] > git rev-list --count --left-right refs/heads/dev...refs/remotes/origin/dev [1ms]
2024-06-27 13:56:30.640 [info] > git diff --name-status -z --diff-filter=ADMR 1e606d7d4a9746d0c50b54f1ea01677a0b41c178...refs/remotes/origin/dev [2ms]
2024-06-27 13:56:30.659 [info] > git ls-files --stage -- /home/ndao/DB_Provisionning/mysql_setup/mysql_setup.yml [2ms]
2024-06-27 13:56:30.663 [info] > git cat-file -s 15ab0674abd83d9652db1eb4ec84e97ad6382fa4 [1ms]
2024-06-27 13:56:30.671 [info] > git show --textconv :mysql_setup/mysql_setup.yml [1ms]
2024-06-27 13:56:35.637 [info] > git config --get commit.template [2ms]
2024-06-27 13:56:35.642 [info] > git for-each-ref --format=%(refname)%00%(upstream:short)%00%(objectname)%00%(upstream:track)%00%(upstream:remotename)%00%(upstream:remoteref) refs/heads/dev refs/remotes/dev [2ms]
2024-06-27 13:56:35.647 [info] > git status -z -uall [1ms]
2024-06-27 13:56:52.230 [info] > git config --get commit.template [28ms]
2024-06-27 13:56:52.231 [info] > git for-each-ref --format=%(refname)%00%(upstream:short)%00%(objectname)%00%(upstream:track)%00%(upstream:remotename)%00%(upstream:remoteref) refs/heads/master refs/remotes/master [10ms]
2024-06-27 13:56:52.232 [info] > git ls-files --stage -- /home/ndao/DB_Provisionning/mysql_setup/mysql_setup.yml [2ms]
2024-06-27 13:56:52.241 [info] > git cat-file -s b574e9a510b15114a2d0f52fd3eca706b4f2ac88 [6ms]
2024-06-27 13:56:52.242 [info] > git status -z -uall [2ms]
2024-06-27 13:56:52.247 [info] > git merge-base refs/heads/master refs/remotes/origin/master [1ms]
2024-06-27 13:56:52.255 [info] > git rev-list --count --left-right refs/heads/master...refs/remotes/origin/master [5ms]
2024-06-27 13:56:52.258 [info] > git show --textconv :mysql_setup/mysql_setup.yml [3ms]
2024-06-27 13:56:52.265 [info] > git diff --name-status -z --diff-filter=ADMR a340ab435983133f847e1a3bcfdb32f823f0ba62...refs/remotes/origin/master [6ms]
2024-06-27 13:56:56.613 [info] > git show --textconv :mysql_setup/Clonedb.yml [13ms]
2024-06-27 13:56:56.615 [info] > git ls-files --stage -- /home/ndao/DB_Provisionning/mysql_setup/Clonedb.yml [3ms]
2024-06-27 13:56:56.627 [info] > git cat-file -s 83adffe34a73b0b12751d0a6b9a33c5f3e1c7d0f [3ms]
2024-06-27 13:56:59.241 [info] > git show --textconv :mysql_setup/sql_backup.yml [2ms]
2024-06-27 13:56:59.241 [info] > git ls-files --stage -- /home/ndao/DB_Provisionning/mysql_setup/sql_backup.yml [0ms]
2024-06-27 13:56:59.244 [info] > git cat-file -s e9598f1d1e38cef992cea26c5c8c6438a8cfffad [1ms]
2024-06-27 13:57:01.162 [info] > git show --textconv :mysql_setup/Clonedb.yml [3ms]
2024-06-27 13:57:01.163 [info] > git ls-files --stage -- /home/ndao/DB_Provisionning/mysql_setup/Clonedb.yml [0ms]
2024-06-27 13:57:01.166 [info] > git cat-file -s 83adffe34a73b0b12751d0a6b9a33c5f3e1c7d0f [1ms]
2024-06-27 13:57:02.745 [info] > git show --textconv :mysql_setup/mysql_setup.yml [4ms]
2024-06-27 13:57:02.746 [info] > git ls-files --stage -- /home/ndao/DB_Provisionning/mysql_setup/mysql_setup.yml [1ms]
2024-06-27 13:57:02.751 [info] > git cat-file -s b574e9a510b15114a2d0f52fd3eca706b4f2ac88 [2ms]
2024-06-27 13:57:21.564 [info] > git config --get commit.template [5ms]
2024-06-27 13:57:21.568 [info] > git ls-files --stage -- /home/ndao/DB_Provisionning/mysql_setup/mysql_setup.yml [5ms]
2024-06-27 13:57:21.572 [info] > git for-each-ref --format=%(refname)%00%(upstream:short)%00%(objectname)%00%(upstream:track)%00%(upstream:remotename)%00%(upstream:remoteref) refs/heads/dev refs/remotes/dev [3ms]
2024-06-27 13:57:21.572 [info] > git cat-file -s 15ab0674abd83d9652db1eb4ec84e97ad6382fa4 [1ms]
2024-06-27 13:57:21.586 [info] > git status -z -uall [11ms]
2024-06-27 13:57:21.611 [info] > git merge-base refs/heads/dev refs/remotes/origin/dev [10ms]
2024-06-27 13:57:21.617 [info] > git show --textconv :mysql_setup/mysql_setup.yml [7ms]
2024-06-27 13:57:21.618 [info] > git rev-list --count --left-right refs/heads/dev...refs/remotes/origin/dev [2ms]
2024-06-27 13:57:21.624 [info] > git diff --name-status -z --diff-filter=ADMR 1e606d7d4a9746d0c50b54f1ea01677a0b41c178...refs/remotes/origin/dev [2ms]
2024-06-27 13:57:39.214 [info] > git show --textconv :mysql_setup/Clonedb.yml [4ms]
2024-06-27 13:57:39.214 [info] > git ls-files --stage -- /home/ndao/DB_Provisionning/mysql_setup/Clonedb.yml [1ms]
2024-06-27 13:57:39.219 [info] > git cat-file -s 83adffe34a73b0b12751d0a6b9a33c5f3e1c7d0f [0ms]
2024-06-27 13:57:44.904 [info] > git show --textconv :mysql_setup/mysql_setup.yml [10ms]
2024-06-27 13:57:44.905 [info] > git ls-files --stage -- /home/ndao/DB_Provisionning/mysql_setup/mysql_setup.yml [2ms]
2024-06-27 13:57:44.911 [info] > git cat-file -s 15ab0674abd83d9652db1eb4ec84e97ad6382fa4 [2ms]
2024-06-27 13:57:49.434 [info] > git show --textconv :mysql_setup/Clonedb.yml [4ms]
2024-06-27 13:57:49.435 [info] > git ls-files --stage -- /home/ndao/DB_Provisionning/mysql_setup/Clonedb.yml [2ms]
2024-06-27 13:57:49.438 [info] > git cat-file -s 83adffe34a73b0b12751d0a6b9a33c5f3e1c7d0f [1ms]
2024-06-27 13:57:54.865 [info] > git show --textconv :mysql_setup/mysql_setup.yml [4ms]
2024-06-27 13:57:54.866 [info] > git ls-files --stage -- /home/ndao/DB_Provisionning/mysql_setup/mysql_setup.yml [1ms]
2024-06-27 13:57:54.871 [info] > git cat-file -s 15ab0674abd83d9652db1eb4ec84e97ad6382fa4 [1ms]
2024-06-27 13:58:01.513 [info] > git show --textconv :mysql_setup/sql_setup.yml [5ms]
2024-06-27 13:58:01.514 [info] > git ls-files --stage -- /home/ndao/DB_Provisionning/mysql_setup/sql_setup.yml [2ms]
2024-06-27 13:58:01.518 [info] > git cat-file -s e52b3bb6ddd07dc4f7b6b28911529de6d19aad31 [1ms]
2024-06-27 14:00:10.577 [info] > git show --textconv :mysql_setup/sql_loop.yml [9ms]
2024-06-27 14:00:10.577 [info] > git ls-files --stage -- /home/ndao/DB_Provisionning/mysql_setup/sql_loop.yml [3ms]
2024-06-27 14:00:10.583 [info] > git cat-file -s 8430d9d68fc4704f57ee443ba1eb876da3265b87 [2ms]
2024-06-27 14:00:29.447 [info] > git show --textconv :mysql_setup/mysql_setup.yml [4ms]
2024-06-27 14:00:29.447 [info] > git ls-files --stage -- /home/ndao/DB_Provisionning/mysql_setup/mysql_setup.yml [1ms]
2024-06-27 14:00:29.452 [info] > git cat-file -s 15ab0674abd83d9652db1eb4ec84e97ad6382fa4 [2ms]
2024-06-27 14:00:35.906 [info] > git show --textconv :mysql_setup/sql_loop.yml [6ms]
2024-06-27 14:00:35.906 [info] > git ls-files --stage -- /home/ndao/DB_Provisionning/mysql_setup/sql_loop.yml [2ms]
2024-06-27 14:00:35.911 [info] > git cat-file -s 8430d9d68fc4704f57ee443ba1eb876da3265b87 [1ms]
2024-06-27 14:00:37.541 [info] > git show --textconv :mysql_setup/mysql_setup.yml [4ms]
2024-06-27 14:00:37.542 [info] > git ls-files --stage -- /home/ndao/DB_Provisionning/mysql_setup/mysql_setup.yml [1ms]
2024-06-27 14:00:37.548 [info] > git cat-file -s 15ab0674abd83d9652db1eb4ec84e97ad6382fa4 [1ms]
2024-06-27 14:00:48.402 [info] > git show --textconv :mysql_setup/sql_loop.yml [2ms]
2024-06-27 14:00:48.402 [info] > git ls-files --stage -- /home/ndao/DB_Provisionning/mysql_setup/sql_loop.yml [0ms]
2024-06-27 14:00:48.406 [info] > git cat-file -s 8430d9d68fc4704f57ee443ba1eb876da3265b87 [0ms]
2024-06-27 14:00:51.384 [info] > git show --textconv :mysql_setup/Clonedb.yml [4ms]
2024-06-27 14:00:51.385 [info] > git ls-files --stage -- /home/ndao/DB_Provisionning/mysql_setup/Clonedb.yml [1ms]
2024-06-27 14:00:51.390 [info] > git cat-file -s 83adffe34a73b0b12751d0a6b9a33c5f3e1c7d0f [1ms]
2024-06-27 14:00:55.208 [info] > git show --textconv :mysql_setup/sql_loop.yml [3ms]
2024-06-27 14:00:55.208 [info] > git ls-files --stage -- /home/ndao/DB_Provisionning/mysql_setup/sql_loop.yml [1ms]
2024-06-27 14:00:55.211 [info] > git cat-file -s 8430d9d68fc4704f57ee443ba1eb876da3265b87 [1ms]
2024-06-27 14:00:57.680 [info] > git show --textconv :mysql_setup/sql_backup.yml [6ms]
2024-06-27 14:00:57.681 [info] > git ls-files --stage -- /home/ndao/DB_Provisionning/mysql_setup/sql_backup.yml [1ms]
2024-06-27 14:00:57.689 [info] > git cat-file -s d6b8d4add1bdf53614ab18ee6366bed4c6dbffb7 [2ms]
2024-06-27 14:00:58.551 [info] > git show --textconv :mysql_setup/sql_loop.yml [4ms]
2024-06-27 14:00:58.552 [info] > git ls-files --stage -- /home/ndao/DB_Provisionning/mysql_setup/sql_loop.yml [1ms]
2024-06-27 14:00:58.558 [info] > git cat-file -s 8430d9d68fc4704f57ee443ba1eb876da3265b87 [1ms]
2024-06-27 14:01:00.029 [info] > git show --textconv :mysql_setup/vars/credentials.yaml [5ms]
2024-06-27 14:01:00.030 [info] > git ls-files --stage -- /home/ndao/DB_Provisionning/mysql_setup/vars/credentials.yaml [2ms]
2024-06-27 14:01:00.034 [info] > git cat-file -s f454bacf2a31605044bb3941ff9dddf4d9036456 [0ms]
2024-06-27 14:01:02.442 [info] > git show --textconv :Github.yml [7ms]
2024-06-27 14:01:02.443 [info] > git ls-files --stage -- /home/ndao/DB_Provisionning/Github.yml [2ms]
2024-06-27 14:01:02.450 [info] > git cat-file -s 5f9a825ae03c10d5e17073a189b86468ada025fb [2ms]
2024-06-27 14:01:08.331 [info] > git show --textconv :mysql_setup/vars/credentials.yaml [14ms]
2024-06-27 14:01:08.336 [info] > git ls-files --stage -- /home/ndao/DB_Provisionning/mysql_setup/vars/credentials.yaml [8ms]
2024-06-27 14:01:08.350 [info] > git cat-file -s f454bacf2a31605044bb3941ff9dddf4d9036456 [4ms]
2024-06-27 14:01:10.668 [info] > git show --textconv :mysql_setup/sql_loop.yml [5ms]
2024-06-27 14:01:10.669 [info] > git ls-files --stage -- /home/ndao/DB_Provisionning/mysql_setup/sql_loop.yml [2ms]
2024-06-27 14:01:10.674 [info] > git cat-file -s 8430d9d68fc4704f57ee443ba1eb876da3265b87 [1ms]
2024-06-27 14:01:19.210 [info] > git show --textconv :mysql_setup/mysql_setup.yml [4ms]
2024-06-27 14:01:19.211 [info] > git ls-files --stage -- /home/ndao/DB_Provisionning/mysql_setup/mysql_setup.yml [2ms]
2024-06-27 14:01:19.215 [info] > git cat-file -s 15ab0674abd83d9652db1eb4ec84e97ad6382fa4 [1ms]
2024-06-27 14:01:22.703 [info] > git show --textconv :mysql_setup/sql_setup.yml [7ms]
2024-06-27 14:01:22.705 [info] > git ls-files --stage -- /home/ndao/DB_Provisionning/mysql_setup/sql_setup.yml [3ms]
2024-06-27 14:01:22.711 [info] > git cat-file -s e52b3bb6ddd07dc4f7b6b28911529de6d19aad31 [1ms]
2024-06-27 14:01:35.696 [info] > git config --get commit.template [3ms]
2024-06-27 14:01:35.697 [info] > git for-each-ref --format=%(refname)%00%(upstream:short)%00%(objectname)%00%(upstream:track)%00%(upstream:remotename)%00%(upstream:remoteref) refs/heads/dev refs/remotes/dev [1ms]
2024-06-27 14:01:35.703 [info] > git status -z -uall [1ms]
2024-06-27 14:04:34.602 [info] > git show --textconv :mysql_setup/sql_loop.yml [37ms]
2024-06-27 14:04:34.602 [info] > git ls-files --stage -- /home/ndao/DB_Provisionning/mysql_setup/sql_loop.yml [30ms]
2024-06-27 14:04:34.606 [info] > git cat-file -s 8430d9d68fc4704f57ee443ba1eb876da3265b87 [1ms]
2024-06-27 14:04:37.609 [info] > git show --textconv :mysql_setup/sql_setup.yml [13ms]
2024-06-27 14:04:37.613 [info] > git ls-files --stage -- /home/ndao/DB_Provisionning/mysql_setup/sql_setup.yml [5ms]
2024-06-27 14:04:37.626 [info] > git cat-file -s e52b3bb6ddd07dc4f7b6b28911529de6d19aad31 [2ms]
2024-06-27 14:04:40.447 [info] > git show --textconv :mysql_setup/sql_loop.yml [9ms]
2024-06-27 14:04:40.448 [info] > git ls-files --stage -- /home/ndao/DB_Provisionning/mysql_setup/sql_loop.yml [3ms]
2024-06-27 14:04:40.456 [info] > git cat-file -s 8430d9d68fc4704f57ee443ba1eb876da3265b87 [2ms]
2024-06-27 14:04:46.766 [info] > git show --textconv :mysql_setup/sql_setup.yml [3ms]
2024-06-27 14:04:46.766 [info] > git ls-files --stage -- /home/ndao/DB_Provisionning/mysql_setup/sql_setup.yml [1ms]
2024-06-27 14:04:46.770 [info] > git cat-file -s e52b3bb6ddd07dc4f7b6b28911529de6d19aad31 [1ms]
2024-06-27 14:04:52.223 [info] > git show --textconv :mysql_setup/mysql_setup.yml [3ms]
2024-06-27 14:04:52.224 [info] > git ls-files --stage -- /home/ndao/DB_Provisionning/mysql_setup/mysql_setup.yml [1ms]
2024-06-27 14:04:52.227 [info] > git cat-file -s 15ab0674abd83d9652db1eb4ec84e97ad6382fa4 [1ms]
2024-06-27 14:04:56.943 [info] > git show --textconv :mysql_setup/sql_setup.yml [11ms]
2024-06-27 14:04:56.947 [info] > git ls-files --stage -- /home/ndao/DB_Provisionning/mysql_setup/sql_setup.yml [5ms]
2024-06-27 14:04:56.958 [info] > git cat-file -s e52b3bb6ddd07dc4f7b6b28911529de6d19aad31 [1ms]
2024-06-27 14:04:58.426 [info] > git show --textconv :mysql_setup/mysql_setup.yml [4ms]
2024-06-27 14:04:58.427 [info] > git ls-files --stage -- /home/ndao/DB_Provisionning/mysql_setup/mysql_setup.yml [1ms]
2024-06-27 14:04:58.431 [info] > git cat-file -s 15ab0674abd83d9652db1eb4ec84e97ad6382fa4 [1ms]
2024-06-27 14:05:01.826 [info] > git show --textconv :mysql_setup/sql_setup.yml [10ms]
2024-06-27 14:05:01.829 [info] > git ls-files --stage -- /home/ndao/DB_Provisionning/mysql_setup/sql_setup.yml [4ms]
2024-06-27 14:05:01.842 [info] > git cat-file -s e52b3bb6ddd07dc4f7b6b28911529de6d19aad31 [4ms]
2024-06-27 14:05:12.514 [info] > git show --textconv :mysql_setup/mysql_setup.yml [4ms]
2024-06-27 14:05:12.515 [info] > git ls-files --stage -- /home/ndao/DB_Provisionning/mysql_setup/mysql_setup.yml [2ms]
2024-06-27 14:05:12.519 [info] > git cat-file -s 15ab0674abd83d9652db1eb4ec84e97ad6382fa4 [1ms]
2024-06-27 14:05:14.871 [info] > git show --textconv :mysql_setup/sql_loop.yml [5ms]
2024-06-27 14:05:14.872 [info] > git ls-files --stage -- /home/ndao/DB_Provisionning/mysql_setup/sql_loop.yml [2ms]
2024-06-27 14:05:14.876 [info] > git cat-file -s 8430d9d68fc4704f57ee443ba1eb876da3265b87 [1ms]
2024-06-27 14:05:20.363 [info] > git show --textconv :mysql_setup/mysql_setup.yml [4ms]
2024-06-27 14:05:20.364 [info] > git ls-files --stage -- /home/ndao/DB_Provisionning/mysql_setup/mysql_setup.yml [1ms]
2024-06-27 14:05:20.369 [info] > git cat-file -s 15ab0674abd83d9652db1eb4ec84e97ad6382fa4 [1ms]
2024-06-27 14:05:24.142 [info] > git show --textconv :mysql_setup/sql_loop.yml [5ms]
2024-06-27 14:05:24.143 [info] > git ls-files --stage -- /home/ndao/DB_Provisionning/mysql_setup/sql_loop.yml [1ms]
2024-06-27 14:05:24.148 [info] > git cat-file -s 8430d9d68fc4704f57ee443ba1eb876da3265b87 [1ms]
2024-06-27 14:13:17.916 [info] > git show --textconv :mysql_setup/sql_setup.yml [6ms]
2024-06-27 14:13:17.917 [info] > git ls-files --stage -- /home/ndao/DB_Provisionning/mysql_setup/sql_setup.yml [2ms]
2024-06-27 14:13:17.926 [info] > git cat-file -s e52b3bb6ddd07dc4f7b6b28911529de6d19aad31 [3ms]
2024-06-27 14:13:20.596 [info] > git show --textconv :mysql_setup/mysql_setup.yml [5ms]
2024-06-27 14:13:20.598 [info] > git ls-files --stage -- /home/ndao/DB_Provisionning/mysql_setup/mysql_setup.yml [2ms]
2024-06-27 14:13:20.604 [info] > git cat-file -s 15ab0674abd83d9652db1eb4ec84e97ad6382fa4 [2ms]
2024-06-27 14:13:28.850 [info] > git show --textconv :mysql_setup/sql_loop.yml [5ms]
2024-06-27 14:13:28.851 [info] > git ls-files --stage -- /home/ndao/DB_Provisionning/mysql_setup/sql_loop.yml [2ms]
2024-06-27 14:13:28.856 [info] > git cat-file -s 8430d9d68fc4704f57ee443ba1eb876da3265b87 [2ms]
2024-06-27 14:14:00.537 [info] > git config --get commit.template [4ms]
2024-06-27 14:14:00.537 [info] > git for-each-ref --format=%(refname)%00%(upstream:short)%00%(objectname)%00%(upstream:track)%00%(upstream:remotename)%00%(upstream:remoteref) refs/heads/dev refs/remotes/dev [1ms]
2024-06-27 14:14:00.542 [info] > git status -z -uall [2ms]
2024-06-27 14:14:09.743 [info] > git show --textconv :mysql_setup/sql_setup.yml [6ms]
2024-06-27 14:14:09.744 [info] > git ls-files --stage -- /home/ndao/DB_Provisionning/mysql_setup/sql_setup.yml [2ms]
2024-06-27 14:14:09.750 [info] > git cat-file -s e52b3bb6ddd07dc4f7b6b28911529de6d19aad31 [2ms]
2024-06-27 14:14:13.883 [info] > git show --textconv :mysql_setup/mysql_setup.yml [6ms]
2024-06-27 14:14:13.884 [info] > git ls-files --stage -- /home/ndao/DB_Provisionning/mysql_setup/mysql_setup.yml [2ms]
2024-06-27 14:14:13.892 [info] > git cat-file -s 15ab0674abd83d9652db1eb4ec84e97ad6382fa4 [3ms]
2024-06-27 14:14:40.502 [info] > git show --textconv :mysql_setup/sql_loop.yml [3ms]
2024-06-27 14:14:40.503 [info] > git ls-files --stage -- /home/ndao/DB_Provisionning/mysql_setup/sql_loop.yml [2ms]
2024-06-27 14:14:40.507 [info] > git cat-file -s 8430d9d68fc4704f57ee443ba1eb876da3265b87 [1ms]
2024-06-27 14:14:46.424 [info] > git show --textconv :mysql_setup/sql_setup.yml [7ms]
2024-06-27 14:14:46.425 [info] > git ls-files --stage -- /home/ndao/DB_Provisionning/mysql_setup/sql_setup.yml [2ms]
2024-06-27 14:14:46.433 [info] > git cat-file -s e52b3bb6ddd07dc4f7b6b28911529de6d19aad31 [2ms]
2024-06-27 14:16:04.058 [info] > git config --get commit.template [3ms]
2024-06-27 14:16:04.058 [info] > git for-each-ref --format=%(refname)%00%(upstream:short)%00%(objectname)%00%(upstream:track)%00%(upstream:remotename)%00%(upstream:remoteref) refs/heads/dev refs/remotes/dev [1ms]
2024-06-27 14:16:04.063 [info] > git status -z -uall [1ms]
2024-06-27 14:16:26.935 [info] > git config --get commit.template [3ms]
2024-06-27 14:16:26.935 [info] > git for-each-ref --format=%(refname)%00%(upstream:short)%00%(objectname)%00%(upstream:track)%00%(upstream:remotename)%00%(upstream:remoteref) refs/heads/dev refs/remotes/dev [0ms]
2024-06-27 14:16:26.939 [info] > git status -z -uall [1ms]
2024-06-27 14:16:28.528 [info] > git show --textconv :mysql_setup/mysql_setup.yml [6ms]
2024-06-27 14:16:28.529 [info] > git ls-files --stage -- /home/ndao/DB_Provisionning/mysql_setup/mysql_setup.yml [3ms]
2024-06-27 14:16:28.534 [info] > git cat-file -s 15ab0674abd83d9652db1eb4ec84e97ad6382fa4 [2ms]
2024-06-27 14:16:33.069 [info] > git show --textconv :mysql_setup/sql_setup.yml [4ms]
2024-06-27 14:16:33.069 [info] > git ls-files --stage -- /home/ndao/DB_Provisionning/mysql_setup/sql_setup.yml [1ms]
2024-06-27 14:16:33.074 [info] > git cat-file -s e52b3bb6ddd07dc4f7b6b28911529de6d19aad31 [2ms]
2024-06-27 14:16:34.926 [info] > git show --textconv :mysql_setup/sql_loop.yml [3ms]
2024-06-27 14:16:34.927 [info] > git ls-files --stage -- /home/ndao/DB_Provisionning/mysql_setup/sql_loop.yml [1ms]
2024-06-27 14:16:34.931 [info] > git cat-file -s 8430d9d68fc4704f57ee443ba1eb876da3265b87 [1ms]
2024-06-27 14:16:36.694 [info] > git show --textconv :mysql_setup/mysql_setup.yml [13ms]
2024-06-27 14:16:36.696 [info] > git ls-files --stage -- /home/ndao/DB_Provisionning/mysql_setup/mysql_setup.yml [4ms]
2024-06-27 14:16:36.704 [info] > git cat-file -s 15ab0674abd83d9652db1eb4ec84e97ad6382fa4 [3ms]
2024-06-27 14:16:37.484 [info] > git show --textconv :mysql_setup/sql_setup.yml [7ms]
2024-06-27 14:16:37.485 [info] > git ls-files --stage -- /home/ndao/DB_Provisionning/mysql_setup/sql_setup.yml [2ms]
2024-06-27 14:16:37.493 [info] > git cat-file -s e52b3bb6ddd07dc4f7b6b28911529de6d19aad31 [2ms]
2024-06-27 14:16:45.420 [info] > git show --textconv :mysql_setup/sql_loop.yml [6ms]
2024-06-27 14:16:45.421 [info] > git ls-files --stage -- /home/ndao/DB_Provisionning/mysql_setup/sql_loop.yml [2ms]
2024-06-27 14:16:45.427 [info] > git cat-file -s 8430d9d68fc4704f57ee443ba1eb876da3265b87 [2ms]
2024-06-27 14:17:05.487 [info] > git show --textconv :mysql_setup/mysql_setup.yml [6ms]
2024-06-27 14:17:05.487 [info] > git ls-files --stage -- /home/ndao/DB_Provisionning/mysql_setup/mysql_setup.yml [2ms]
2024-06-27 14:17:05.491 [info] > git cat-file -s 15ab0674abd83d9652db1eb4ec84e97ad6382fa4 [1ms]
2024-06-27 14:17:44.231 [info] > git show --textconv :mysql_setup/sql_setup.yml [7ms]
2024-06-27 14:17:44.233 [info] > git ls-files --stage -- /home/ndao/DB_Provisionning/mysql_setup/sql_setup.yml [3ms]
2024-06-27 14:17:44.239 [info] > git cat-file -s e52b3bb6ddd07dc4f7b6b28911529de6d19aad31 [2ms]
2024-06-27 14:17:47.249 [info] > git show --textconv :mysql_setup/mysql_setup.yml [5ms]
2024-06-27 14:17:47.250 [info] > git ls-files --stage -- /home/ndao/DB_Provisionning/mysql_setup/mysql_setup.yml [2ms]
2024-06-27 14:17:47.255 [info] > git cat-file -s 15ab0674abd83d9652db1eb4ec84e97ad6382fa4 [2ms]
2024-06-27 14:17:53.694 [info] > git show --textconv :mysql_setup/sql_setup.yml [6ms]
2024-06-27 14:17:53.695 [info] > git ls-files --stage -- /home/ndao/DB_Provisionning/mysql_setup/sql_setup.yml [2ms]
2024-06-27 14:17:53.700 [info] > git cat-file -s e52b3bb6ddd07dc4f7b6b28911529de6d19aad31 [1ms]
2024-06-27 14:18:30.266 [info] > git config --get commit.template [4ms]
2024-06-27 14:18:30.267 [info] > git for-each-ref --format=%(refname)%00%(upstream:short)%00%(objectname)%00%(upstream:track)%00%(upstream:remotename)%00%(upstream:remoteref) refs/heads/dev refs/remotes/dev [1ms]
2024-06-27 14:18:30.271 [info] > git status -z -uall [1ms]
2024-06-27 14:18:38.909 [info] > git show --textconv :mysql_setup/mysql_setup.yml [4ms]
2024-06-27 14:18:38.909 [info] > git ls-files --stage -- /home/ndao/DB_Provisionning/mysql_setup/mysql_setup.yml [1ms]
2024-06-27 14:18:38.913 [info] > git cat-file -s 15ab0674abd83d9652db1eb4ec84e97ad6382fa4 [1ms]
2024-06-27 14:18:42.728 [info] > git show --textconv :mysql_setup/sql_setup.yml [3ms]
2024-06-27 14:18:42.729 [info] > git ls-files --stage -- /home/ndao/DB_Provisionning/mysql_setup/sql_setup.yml [1ms]
2024-06-27 14:18:42.732 [info] > git cat-file -s e52b3bb6ddd07dc4f7b6b28911529de6d19aad31 [1ms]
2024-06-27 14:19:15.114 [info] > git show --textconv :mysql_setup/mysql_setup.yml [2ms]
2024-06-27 14:19:15.114 [info] > git ls-files --stage -- /home/ndao/DB_Provisionning/mysql_setup/mysql_setup.yml [0ms]
2024-06-27 14:19:15.118 [info] > git cat-file -s 15ab0674abd83d9652db1eb4ec84e97ad6382fa4 [1ms]
2024-06-27 14:19:22.289 [info] > git show --textconv :mysql_setup/sql_setup.yml [5ms]
2024-06-27 14:19:22.290 [info] > git ls-files --stage -- /home/ndao/DB_Provisionning/mysql_setup/sql_setup.yml [2ms]
2024-06-27 14:19:22.294 [info] > git cat-file -s e52b3bb6ddd07dc4f7b6b28911529de6d19aad31 [1ms]
2024-06-27 14:35:57.576 [info] > git config --get commit.template [6ms]
2024-06-27 14:35:57.577 [info] > git for-each-ref --format=%(refname)%00%(upstream:short)%00%(objectname)%00%(upstream:track)%00%(upstream:remotename)%00%(upstream:remoteref) refs/heads/dev refs/remotes/dev [2ms]
2024-06-27 14:35:57.583 [info] > git status -z -uall [2ms]
2024-06-27 14:36:12.651 [info] > git show --textconv :mysql_setup/mysql_setup.yml [2ms]
2024-06-27 14:36:12.652 [info] > git ls-files --stage -- /home/ndao/DB_Provisionning/mysql_setup/mysql_setup.yml [1ms]
2024-06-27 14:36:12.655 [info] > git cat-file -s 15ab0674abd83d9652db1eb4ec84e97ad6382fa4 [1ms]
2024-06-27 14:36:19.908 [info] > git show --textconv :mysql_setup/sql_setup.yml [5ms]
2024-06-27 14:36:19.909 [info] > git ls-files --stage -- /home/ndao/DB_Provisionning/mysql_setup/sql_setup.yml [2ms]
2024-06-27 14:36:19.914 [info] > git cat-file -s e52b3bb6ddd07dc4f7b6b28911529de6d19aad31 [1ms]
2024-06-27 14:36:45.147 [info] > git config --get commit.template [1ms]
2024-06-27 14:36:45.152 [info] > git for-each-ref --format=%(refname)%00%(upstream:short)%00%(objectname)%00%(upstream:track)%00%(upstream:remotename)%00%(upstream:remoteref) refs/heads/dev refs/remotes/dev [2ms]
2024-06-27 14:36:45.157 [info] > git status -z -uall [2ms]
2024-06-27 14:37:21.332 [info] > git show --textconv :mysql_setup/mysql_setup.yml [3ms]
2024-06-27 14:37:21.333 [info] > git ls-files --stage -- /home/ndao/DB_Provisionning/mysql_setup/mysql_setup.yml [1ms]
2024-06-27 14:37:21.336 [info] > git cat-file -s 15ab0674abd83d9652db1eb4ec84e97ad6382fa4 [1ms]
2024-06-27 14:37:27.167 [info] > git show --textconv :mysql_setup/sql_setup.yml [3ms]
2024-06-27 14:37:27.168 [info] > git ls-files --stage -- /home/ndao/DB_Provisionning/mysql_setup/sql_setup.yml [1ms]
2024-06-27 14:37:27.172 [info] > git cat-file -s e52b3bb6ddd07dc4f7b6b28911529de6d19aad31 [1ms]
2024-06-27 14:38:22.252 [info] > git config --get commit.template [6ms]
2024-06-27 14:38:22.252 [info] > git for-each-ref --format=%(refname)%00%(upstream:short)%00%(objectname)%00%(upstream:track)%00%(upstream:remotename)%00%(upstream:remoteref) refs/heads/dev refs/remotes/dev [1ms]
2024-06-27 14:38:22.259 [info] > git status -z -uall [1ms]
2024-06-27 14:38:22.268 [info] > git merge-base refs/heads/dev refs/remotes/origin/dev [4ms]
2024-06-27 14:38:22.272 [info] > git rev-list --count --left-right refs/heads/dev...refs/remotes/origin/dev [1ms]
2024-06-27 14:38:22.276 [info] > git diff --name-status -z --diff-filter=ADMR e03db4fa407fab502139dc14f656d9c4b788b374...refs/remotes/origin/dev [1ms]
2024-06-27 14:38:22.299 [info] > git ls-files --stage -- /home/ndao/DB_Provisionning/mysql_setup/sql_setup.yml [2ms]
2024-06-27 14:38:22.304 [info] > git cat-file -s ee35885dee0ec09a1bff587c9b1c942ef3a5f84f [2ms]
2024-06-27 14:38:22.354 [info] > git show --textconv :mysql_setup/sql_setup.yml [1ms]
2024-06-27 14:38:27.277 [info] > git config --get commit.template [5ms]
2024-06-27 14:38:27.278 [info] > git for-each-ref --format=%(refname)%00%(upstream:short)%00%(objectname)%00%(upstream:track)%00%(upstream:remotename)%00%(upstream:remoteref) refs/heads/dev refs/remotes/dev [1ms]
2024-06-27 14:38:27.283 [info] > git status -z -uall [2ms]
2024-06-27 14:38:29.592 [info] > git show --textconv :Github.yml [3ms]
2024-06-27 14:38:29.593 [info] > git ls-files --stage -- /home/ndao/DB_Provisionning/Github.yml [2ms]
2024-06-27 14:38:29.597 [info] > git cat-file -s 5f9a825ae03c10d5e17073a189b86468ada025fb [1ms]
2024-06-27 14:38:46.893 [info] > git config --get commit.template [3ms]
2024-06-27 14:38:46.894 [info] > git for-each-ref --format=%(refname)%00%(upstream:short)%00%(objectname)%00%(upstream:track)%00%(upstream:remotename)%00%(upstream:remoteref) refs/heads/dev refs/remotes/dev [0ms]
2024-06-27 14:38:46.898 [info] > git status -z -uall [1ms]
2024-06-27 14:39:02.737 [info] > git show --textconv :mysql_setup/vars/credentials.yaml [2ms]
2024-06-27 14:39:02.737 [info] > git ls-files --stage -- /home/ndao/DB_Provisionning/mysql_setup/vars/credentials.yaml [1ms]
2024-06-27 14:39:02.741 [info] > git cat-file -s f454bacf2a31605044bb3941ff9dddf4d9036456 [0ms]
2024-06-27 14:39:10.228 [info] > git show --textconv :Github.yml [3ms]
2024-06-27 14:39:10.229 [info] > git ls-files --stage -- /home/ndao/DB_Provisionning/Github.yml [1ms]
2024-06-27 14:39:10.232 [info] > git cat-file -s 5f9a825ae03c10d5e17073a189b86468ada025fb [1ms]
2024-06-27 14:39:23.652 [info] > git show --textconv :mysql_setup/mysql_setup.yml [3ms]
2024-06-27 14:39:23.653 [info] > git ls-files --stage -- /home/ndao/DB_Provisionning/mysql_setup/mysql_setup.yml [1ms]
2024-06-27 14:39:23.656 [info] > git cat-file -s 15ab0674abd83d9652db1eb4ec84e97ad6382fa4 [1ms]
2024-06-27 14:39:28.557 [info] > git show --textconv :mysql_setup/sql_setup.yml [4ms]
2024-06-27 14:39:28.558 [info] > git ls-files --stage -- /home/ndao/DB_Provisionning/mysql_setup/sql_setup.yml [2ms]
2024-06-27 14:39:28.563 [info] > git cat-file -s ee35885dee0ec09a1bff587c9b1c942ef3a5f84f [2ms]
2024-06-27 14:43:43.014 [info] > git config --get commit.template [2ms]
2024-06-27 14:43:43.030 [info] > git for-each-ref --format=%(refname)%00%(upstream:short)%00%(objectname)%00%(upstream:track)%00%(upstream:remotename)%00%(upstream:remoteref) refs/heads/master refs/remotes/master [8ms]
2024-06-27 14:43:43.031 [info] > git ls-files --stage -- /home/ndao/DB_Provisionning/mysql_setup/sql_setup.yml [3ms]
2024-06-27 14:43:43.040 [info] > git cat-file -s e52b3bb6ddd07dc4f7b6b28911529de6d19aad31 [4ms]
2024-06-27 14:43:43.041 [info] > git status -z -uall [2ms]
2024-06-27 14:43:43.049 [info] > git merge-base refs/heads/master refs/remotes/origin/master [5ms]
2024-06-27 14:43:43.054 [info] > git show --textconv :mysql_setup/sql_setup.yml [5ms]
2024-06-27 14:43:43.056 [info] > git rev-list --count --left-right refs/heads/master...refs/remotes/origin/master [4ms]
2024-06-27 14:43:43.060 [info] > git diff --name-status -z --diff-filter=ADMR a340ab435983133f847e1a3bcfdb32f823f0ba62...refs/remotes/origin/master [1ms]
2024-06-27 14:43:50.670 [info] > git show --textconv :mysql_setup/mysql_setup.yml [4ms]
2024-06-27 14:43:50.671 [info] > git ls-files --stage -- /home/ndao/DB_Provisionning/mysql_setup/mysql_setup.yml [1ms]
2024-06-27 14:43:50.674 [info] > git cat-file -s b574e9a510b15114a2d0f52fd3eca706b4f2ac88 [1ms]
2024-06-27 14:44:08.984 [info] > git config --get commit.template [4ms]
2024-06-27 14:44:08.985 [info] > git for-each-ref --format=%(refname)%00%(upstream:short)%00%(objectname)%00%(upstream:track)%00%(upstream:remotename)%00%(upstream:remoteref) refs/heads/dev refs/remotes/dev [1ms]
2024-06-27 14:44:08.994 [info] > git status -z -uall [3ms]
2024-06-27 14:44:09.003 [info] > git merge-base refs/heads/dev refs/remotes/origin/dev [4ms]
2024-06-27 14:44:09.009 [info] > git rev-list --count --left-right refs/heads/dev...refs/remotes/origin/dev [2ms]
2024-06-27 14:44:09.015 [info] > git diff --name-status -z --diff-filter=ADMR e03db4fa407fab502139dc14f656d9c4b788b374...refs/remotes/origin/dev [2ms]
2024-06-27 14:44:09.031 [info] > git ls-files --stage -- /home/ndao/DB_Provisionning/mysql_setup/mysql_setup.yml [1ms]
2024-06-27 14:44:09.036 [info] > git cat-file -s 15ab0674abd83d9652db1eb4ec84e97ad6382fa4 [1ms]
2024-06-27 14:44:09.062 [info] > git show --textconv :mysql_setup/mysql_setup.yml [18ms]
2024-06-27 14:44:14.070 [info] > git show --textconv :mysql_setup/sql_loop.yml [7ms]
2024-06-27 14:44:14.072 [info] > git ls-files --stage -- /home/ndao/DB_Provisionning/mysql_setup/sql_loop.yml [3ms]
2024-06-27 14:44:14.080 [info] > git cat-file -s 31f35ec1eb5bde134e4ccef5353f8c9433ff25d5 [2ms]
2024-06-27 14:44:17.223 [info] > git show --textconv :mysql_setup/mysql_setup.yml [3ms]
2024-06-27 14:44:17.224 [info] > git ls-files --stage -- /home/ndao/DB_Provisionning/mysql_setup/mysql_setup.yml [1ms]
2024-06-27 14:44:17.227 [info] > git cat-file -s 15ab0674abd83d9652db1eb4ec84e97ad6382fa4 [1ms]
2024-06-27 15:19:11.576 [info] > git config --get commit.template [5ms]
2024-06-27 15:19:11.577 [info] > git for-each-ref --format=%(refname)%00%(upstream:short)%00%(objectname)%00%(upstream:track)%00%(upstream:remotename)%00%(upstream:remoteref) refs/heads/dev refs/remotes/dev [2ms]
2024-06-27 15:19:11.582 [info] > git status -z -uall [1ms]
2024-06-27 15:19:11.611 [info] > git ls-files --stage -- /home/ndao/DB_Provisionning/mysql_setup/mysql_setup.yml [0ms]
2024-06-27 15:19:11.614 [info] > git cat-file -s 15ab0674abd83d9652db1eb4ec84e97ad6382fa4 [2ms]
2024-06-27 15:19:11.686 [info] > git show --textconv :mysql_setup/mysql_setup.yml [6ms]
2024-06-27 15:20:09.420 [info] > git config --get commit.template [12ms]
2024-06-27 15:20:09.421 [info] > git for-each-ref --format=%(refname)%00%(upstream:short)%00%(objectname)%00%(upstream:track)%00%(upstream:remotename)%00%(upstream:remoteref) refs/heads/dev refs/remotes/dev [4ms]
2024-06-27 15:20:09.429 [info] > git status -z -uall [2ms]
2024-06-27 15:20:14.549 [info] > git config --get commit.template [6ms]
2024-06-27 15:20:14.550 [info] > git for-each-ref --format=%(refname)%00%(upstream:short)%00%(objectname)%00%(upstream:track)%00%(upstream:remotename)%00%(upstream:remoteref) refs/heads/dev refs/remotes/dev [2ms]
2024-06-27 15:20:14.557 [info] > git status -z -uall [2ms]
2024-06-27 15:20:16.879 [info] > git show --textconv :mysql_setup/sql_loop.yml [5ms]
2024-06-27 15:20:16.880 [info] > git ls-files --stage -- /home/ndao/DB_Provisionning/mysql_setup/sql_loop.yml [2ms]
2024-06-27 15:20:16.890 [info] > git cat-file -s 31f35ec1eb5bde134e4ccef5353f8c9433ff25d5 [1ms]
2024-06-27 15:20:18.017 [info] > git show --textconv :mysql_setup/mysql_setup.yml [4ms]
2024-06-27 15:20:18.018 [info] > git ls-files --stage -- /home/ndao/DB_Provisionning/mysql_setup/mysql_setup.yml [1ms]
2024-06-27 15:20:18.022 [info] > git cat-file -s 15ab0674abd83d9652db1eb4ec84e97ad6382fa4 [1ms]
2024-06-27 15:20:26.696 [info] > git show --textconv :mysql_setup/sql_loop.yml [6ms]
2024-06-27 15:20:26.697 [info] > git ls-files --stage -- /home/ndao/DB_Provisionning/mysql_setup/sql_loop.yml [1ms]
2024-06-27 15:20:26.703 [info] > git cat-file -s 31f35ec1eb5bde134e4ccef5353f8c9433ff25d5 [1ms]
2024-06-27 15:20:49.296 [info] > git config --get commit.template [1ms]
2024-06-27 15:20:49.300 [info] > git for-each-ref --format=%(refname)%00%(upstream:short)%00%(objectname)%00%(upstream:track)%00%(upstream:remotename)%00%(upstream:remoteref) refs/heads/dev refs/remotes/dev [1ms]
2024-06-27 15:20:49.304 [info] > git status -z -uall [1ms]
2024-06-27 15:20:58.517 [info] > git config --get commit.template [8ms]
2024-06-27 15:20:58.517 [info] > git for-each-ref --format=%(refname)%00%(upstream:short)%00%(objectname)%00%(upstream:track)%00%(upstream:remotename)%00%(upstream:remoteref) refs/heads/dev refs/remotes/dev [1ms]
2024-06-27 15:20:58.523 [info] > git status -z -uall [1ms]
2024-06-27 15:20:59.195 [info] > git show --textconv :mysql_setup/sql_setup.yml [4ms]
2024-06-27 15:20:59.196 [info] > git ls-files --stage -- /home/ndao/DB_Provisionning/mysql_setup/sql_setup.yml [1ms]
2024-06-27 15:20:59.202 [info] > git cat-file -s ee35885dee0ec09a1bff587c9b1c942ef3a5f84f [1ms]
2024-06-27 15:21:07.147 [info] > git show --textconv :mysql_setup/sql_loop.yml [7ms]
2024-06-27 15:21:07.148 [info] > git ls-files --stage -- /home/ndao/DB_Provisionning/mysql_setup/sql_loop.yml [3ms]
2024-06-27 15:21:07.152 [info] > git cat-file -s 31f35ec1eb5bde134e4ccef5353f8c9433ff25d5 [1ms]
2024-06-27 15:21:09.736 [info] > git config --get commit.template [1ms]
2024-06-27 15:21:09.739 [info] > git for-each-ref --format=%(refname)%00%(upstream:short)%00%(objectname)%00%(upstream:track)%00%(upstream:remotename)%00%(upstream:remoteref) refs/heads/dev refs/remotes/dev [1ms]
2024-06-27 15:21:09.743 [info] > git status -z -uall [1ms]
2024-06-27 15:21:10.054 [info] > git show --textconv :mysql_setup/mysql_setup.yml [5ms]
2024-06-27 15:21:10.056 [info] > git ls-files --stage -- /home/ndao/DB_Provisionning/mysql_setup/mysql_setup.yml [2ms]
2024-06-27 15:21:10.062 [info] > git cat-file -s 15ab0674abd83d9652db1eb4ec84e97ad6382fa4 [2ms]
2024-06-27 15:21:26.940 [info] > git config --get commit.template [4ms]
2024-06-27 15:21:26.940 [info] > git for-each-ref --format=%(refname)%00%(upstream:short)%00%(objectname)%00%(upstream:track)%00%(upstream:remotename)%00%(upstream:remoteref) refs/heads/dev refs/remotes/dev [1ms]
2024-06-27 15:21:26.945 [info] > git status -z -uall [1ms]
2024-06-27 15:21:26.950 [info] > git merge-base refs/heads/dev refs/remotes/origin/dev [3ms]
2024-06-27 15:21:26.954 [info] > git rev-list --count --left-right refs/heads/dev...refs/remotes/origin/dev [1ms]
2024-06-27 15:21:26.958 [info] > git diff --name-status -z --diff-filter=ADMR e1d3687c55300588c0ab8cad5ccb6e864835a790...refs/remotes/origin/dev [1ms]
2024-06-27 15:21:26.975 [info] > git ls-files --stage -- /home/ndao/DB_Provisionning/mysql_setup/mysql_setup.yml [2ms]
2024-06-27 15:21:26.978 [info] > git cat-file -s d97ff612b47edba4fdd9b838c91c18792a2ecdde [1ms]
2024-06-27 15:21:26.987 [info] > git show --textconv :mysql_setup/mysql_setup.yml [2ms]
2024-06-27 15:21:33.398 [info] > git show --textconv :mysql_setup/sql_loop.yml [7ms]
2024-06-27 15:21:33.399 [info] > git ls-files --stage -- /home/ndao/DB_Provisionning/mysql_setup/sql_loop.yml [2ms]
2024-06-27 15:21:33.405 [info] > git cat-file -s a801d74622c6821c8440576e913f7c1239892cc7 [2ms]
2024-06-27 15:21:36.623 [info] > git show --textconv :mysql_setup/sql_setup.yml [4ms]
2024-06-27 15:21:36.624 [info] > git ls-files --stage -- /home/ndao/DB_Provisionning/mysql_setup/sql_setup.yml [1ms]
2024-06-27 15:21:36.628 [info] > git cat-file -s ee35885dee0ec09a1bff587c9b1c942ef3a5f84f [1ms]
2024-06-27 15:21:54.249 [info] > git show --textconv :mysql_setup/sql_loop.yml [3ms]
2024-06-27 15:21:54.250 [info] > git ls-files --stage -- /home/ndao/DB_Provisionning/mysql_setup/sql_loop.yml [1ms]
2024-06-27 15:21:54.253 [info] > git cat-file -s a801d74622c6821c8440576e913f7c1239892cc7 [1ms]
2024-06-27 15:21:54.985 [info] > git show --textconv :mysql_setup/mysql_setup.yml [14ms]
2024-06-27 15:21:54.987 [info] > git ls-files --stage -- /home/ndao/DB_Provisionning/mysql_setup/mysql_setup.yml [7ms]
2024-06-27 15:21:54.999 [info] > git cat-file -s d97ff612b47edba4fdd9b838c91c18792a2ecdde [4ms]
2024-06-27 15:22:01.665 [info] > git show --textconv :mysql_setup/sql_setup.yml [3ms]
2024-06-27 15:22:01.665 [info] > git ls-files --stage -- /home/ndao/DB_Provisionning/mysql_setup/sql_setup.yml [1ms]
2024-06-27 15:22:01.668 [info] > git cat-file -s ee35885dee0ec09a1bff587c9b1c942ef3a5f84f [1ms]
2024-06-27 15:22:03.566 [info] > git show --textconv :mysql_setup/mysql_setup.yml [8ms]
2024-06-27 15:22:03.567 [info] > git ls-files --stage -- /home/ndao/DB_Provisionning/mysql_setup/mysql_setup.yml [2ms]
2024-06-27 15:22:03.573 [info] > git cat-file -s d97ff612b47edba4fdd9b838c91c18792a2ecdde [1ms]
2024-06-27 15:22:11.686 [info] > git show --textconv :mysql_setup/sql_setup.yml [4ms]
2024-06-27 15:22:11.688 [info] > git ls-files --stage -- /home/ndao/DB_Provisionning/mysql_setup/sql_setup.yml [2ms]
2024-06-27 15:22:11.692 [info] > git cat-file -s ee35885dee0ec09a1bff587c9b1c942ef3a5f84f [2ms]
2024-06-27 15:23:26.441 [info] > git config --get commit.template [4ms]
2024-06-27 15:23:26.441 [info] > git for-each-ref --format=%(refname)%00%(upstream:short)%00%(objectname)%00%(upstream:track)%00%(upstream:remotename)%00%(upstream:remoteref) refs/heads/dev refs/remotes/dev [1ms]
2024-06-27 15:23:26.446 [info] > git status -z -uall [1ms]
2024-06-27 15:23:45.536 [info] > git show --textconv :mysql_setup/sql_loop.yml [3ms]
2024-06-27 15:23:45.537 [info] > git ls-files --stage -- /home/ndao/DB_Provisionning/mysql_setup/sql_loop.yml [1ms]
2024-06-27 15:23:45.541 [info] > git cat-file -s a801d74622c6821c8440576e913f7c1239892cc7 [0ms]
2024-06-27 15:23:47.193 [info] > git show --textconv :mysql_setup/mysql_setup.yml [4ms]
2024-06-27 15:23:47.194 [info] > git ls-files --stage -- /home/ndao/DB_Provisionning/mysql_setup/mysql_setup.yml [2ms]
2024-06-27 15:23:47.198 [info] > git cat-file -s d97ff612b47edba4fdd9b838c91c18792a2ecdde [1ms]
2024-06-27 15:23:59.797 [info] > git config --get commit.template [6ms]
2024-06-27 15:23:59.799 [info] > git for-each-ref --format=%(refname)%00%(upstream:short)%00%(objectname)%00%(upstream:track)%00%(upstream:remotename)%00%(upstream:remoteref) refs/heads/dev refs/remotes/dev [2ms]
2024-06-27 15:23:59.807 [info] > git status -z -uall [3ms]
2024-06-27 15:24:01.016 [info] > git show --textconv :mysql_setup/sql_setup.yml [3ms]
2024-06-27 15:24:01.016 [info] > git ls-files --stage -- /home/ndao/DB_Provisionning/mysql_setup/sql_setup.yml [1ms]
2024-06-27 15:24:01.020 [info] > git cat-file -s ee35885dee0ec09a1bff587c9b1c942ef3a5f84f [1ms]
2024-06-27 15:24:08.923 [info] > git show --textconv :mysql_setup/mysql_setup.yml [4ms]
2024-06-27 15:24:08.924 [info] > git ls-files --stage -- /home/ndao/DB_Provisionning/mysql_setup/mysql_setup.yml [1ms]
2024-06-27 15:24:08.929 [info] > git cat-file -s d97ff612b47edba4fdd9b838c91c18792a2ecdde [2ms]
2024-06-27 15:24:15.340 [info] > git show --textconv :mysql_setup/sql_loop.yml [5ms]
2024-06-27 15:24:15.340 [info] > git ls-files --stage -- /home/ndao/DB_Provisionning/mysql_setup/sql_loop.yml [1ms]
2024-06-27 15:24:15.345 [info] > git cat-file -s a801d74622c6821c8440576e913f7c1239892cc7 [1ms]
2024-06-27 15:24:23.997 [info] > git show --textconv :mysql_setup/mysql_setup.yml [5ms]
2024-06-27 15:24:23.998 [info] > git ls-files --stage -- /home/ndao/DB_Provisionning/mysql_setup/mysql_setup.yml [1ms]
2024-06-27 15:24:24.004 [info] > git cat-file -s d97ff612b47edba4fdd9b838c91c18792a2ecdde [2ms]
2024-06-27 15:24:30.074 [info] > git show --textconv :mysql_setup/sql_loop.yml [4ms]
2024-06-27 15:24:30.074 [info] > git ls-files --stage -- /home/ndao/DB_Provisionning/mysql_setup/sql_loop.yml [1ms]
2024-06-27 15:24:30.080 [info] > git cat-file -s a801d74622c6821c8440576e913f7c1239892cc7 [2ms]
2024-06-27 15:24:41.575 [info] > git show --textconv :mysql_setup/mysql_setup.yml [5ms]
2024-06-27 15:24:41.576 [info] > git ls-files --stage -- /home/ndao/DB_Provisionning/mysql_setup/mysql_setup.yml [2ms]
2024-06-27 15:24:41.582 [info] > git cat-file -s d97ff612b47edba4fdd9b838c91c18792a2ecdde [2ms]
2024-06-27 15:24:44.115 [info] > git show --textconv :mysql_setup/sql_loop.yml [6ms]
2024-06-27 15:24:44.116 [info] > git ls-files --stage -- /home/ndao/DB_Provisionning/mysql_setup/sql_loop.yml [2ms]
2024-06-27 15:24:44.121 [info] > git cat-file -s a801d74622c6821c8440576e913f7c1239892cc7 [1ms]
2024-06-27 15:24:47.286 [info] > git show --textconv :mysql_setup/mysql_setup.yml [4ms]
2024-06-27 15:24:47.287 [info] > git ls-files --stage -- /home/ndao/DB_Provisionning/mysql_setup/mysql_setup.yml [2ms]
2024-06-27 15:24:47.292 [info] > git cat-file -s d97ff612b47edba4fdd9b838c91c18792a2ecdde [1ms]
2024-06-27 15:24:56.321 [info] > git show --textconv :mysql_setup/sql_loop.yml [5ms]
2024-06-27 15:24:56.322 [info] > git ls-files --stage -- /home/ndao/DB_Provisionning/mysql_setup/sql_loop.yml [2ms]
2024-06-27 15:24:56.326 [info] > git cat-file -s a801d74622c6821c8440576e913f7c1239892cc7 [1ms]
2024-06-27 15:25:11.254 [info] > git config --get commit.template [9ms]
2024-06-27 15:25:11.255 [info] > git for-each-ref --format=%(refname)%00%(upstream:short)%00%(objectname)%00%(upstream:track)%00%(upstream:remotename)%00%(upstream:remoteref) refs/heads/dev refs/remotes/dev [2ms]
2024-06-27 15:25:11.262 [info] > git status -z -uall [2ms]
2024-06-27 15:25:38.775 [info] > git config --get commit.template [8ms]
2024-06-27 15:25:38.777 [info] > git for-each-ref --format=%(refname)%00%(upstream:short)%00%(objectname)%00%(upstream:track)%00%(upstream:remotename)%00%(upstream:remoteref) refs/heads/dev refs/remotes/dev [6ms]
2024-06-27 15:25:38.777 [info] > git ls-files --stage -- /home/ndao/DB_Provisionning/mysql_setup/sql_loop.yml [2ms]
2024-06-27 15:25:38.784 [info] > git cat-file -s 67365fb4f0a017ec1b3c3f91dfc6361d73774283 [4ms]
2024-06-27 15:25:38.785 [info] > git status -z -uall [2ms]
2024-06-27 15:25:38.797 [info] > git merge-base refs/heads/dev refs/remotes/origin/dev [7ms]
2024-06-27 15:25:38.802 [info] > git show --textconv :mysql_setup/sql_loop.yml [5ms]
2024-06-27 15:25:38.803 [info] > git rev-list --count --left-right refs/heads/dev...refs/remotes/origin/dev [2ms]
2024-06-27 15:25:38.808 [info] > git diff --name-status -z --diff-filter=ADMR 49641276d5c02e1663341acdbf3dcacb7f07b50e...refs/remotes/origin/dev [1ms]
2024-06-27 15:30:48.882 [info] > git config --get commit.template [4ms]
2024-06-27 15:30:48.883 [info] > git for-each-ref --format=%(refname)%00%(upstream:short)%00%(objectname)%00%(upstream:track)%00%(upstream:remotename)%00%(upstream:remoteref) refs/heads/dev refs/remotes/dev [2ms]
2024-06-27 15:30:48.888 [info] > git status -z -uall [2ms]
2024-06-27 15:30:51.151 [info] > git show --textconv :mysql_setup/mysql_setup.yml [4ms]
2024-06-27 15:30:51.151 [info] > git ls-files --stage -- /home/ndao/DB_Provisionning/mysql_setup/mysql_setup.yml [1ms]
2024-06-27 15:30:51.155 [info] > git cat-file -s f10ba82f1786d2ff03ff33ff791fa32f3abdfebf [1ms]
2024-06-27 15:31:57.730 [info] > git config --get commit.template [7ms]
2024-06-27 15:31:57.731 [info] > git for-each-ref --format=%(refname)%00%(upstream:short)%00%(objectname)%00%(upstream:track)%00%(upstream:remotename)%00%(upstream:remoteref) refs/heads/dev refs/remotes/dev [2ms]
2024-06-27 15:31:57.738 [info] > git status -z -uall [2ms]
2024-06-27 15:32:05.949 [info] > git show --textconv :mysql_setup/sql_setup.yml [5ms]
2024-06-27 15:32:05.950 [info] > git ls-files --stage -- /home/ndao/DB_Provisionning/mysql_setup/sql_setup.yml [2ms]
2024-06-27 15:32:05.956 [info] > git cat-file -s 82fb3c56ba80e163944196cae8cfea5b6d9503e4 [2ms]
2024-06-27 15:32:20.843 [info] > git config --get commit.template [3ms]
2024-06-27 15:32:20.843 [info] > git for-each-ref --format=%(refname)%00%(upstream:short)%00%(objectname)%00%(upstream:track)%00%(upstream:remotename)%00%(upstream:remoteref) refs/heads/dev refs/remotes/dev [0ms]
2024-06-27 15:32:20.847 [info] > git status -z -uall [1ms]
2024-06-27 15:32:26.813 [info] > git show --textconv :mysql_setup/mysql_setup.yml [4ms]
2024-06-27 15:32:26.815 [info] > git ls-files --stage -- /home/ndao/DB_Provisionning/mysql_setup/mysql_setup.yml [1ms]
2024-06-27 15:32:26.819 [info] > git cat-file -s f10ba82f1786d2ff03ff33ff791fa32f3abdfebf [1ms]
2024-06-27 15:32:43.883 [info] > git show --textconv :mysql_setup/sql_loop.yml [5ms]
2024-06-27 15:32:43.884 [info] > git ls-files --stage -- /home/ndao/DB_Provisionning/mysql_setup/sql_loop.yml [1ms]
2024-06-27 15:32:43.889 [info] > git cat-file -s 67365fb4f0a017ec1b3c3f91dfc6361d73774283 [2ms]
2024-06-27 15:32:48.068 [info] > git show --textconv :mysql_setup/mysql_setup.yml [4ms]
2024-06-27 15:32:48.068 [info] > git ls-files --stage -- /home/ndao/DB_Provisionning/mysql_setup/mysql_setup.yml [1ms]
2024-06-27 15:32:48.073 [info] > git cat-file -s f10ba82f1786d2ff03ff33ff791fa32f3abdfebf [1ms]
2024-06-27 15:33:03.529 [info] > git config --get commit.template [4ms]
2024-06-27 15:33:03.530 [info] > git for-each-ref --format=%(refname)%00%(upstream:short)%00%(objectname)%00%(upstream:track)%00%(upstream:remotename)%00%(upstream:remoteref) refs/heads/dev refs/remotes/dev [1ms]
2024-06-27 15:33:03.537 [info] > git status -z -uall [1ms]
2024-06-27 15:33:03.546 [info] > git merge-base refs/heads/dev refs/remotes/origin/dev [2ms]
2024-06-27 15:33:03.550 [info] > git rev-list --count --left-right refs/heads/dev...refs/remotes/origin/dev [1ms]
2024-06-27 15:33:03.555 [info] > git diff --name-status -z --diff-filter=ADMR e1f7a03f6c256ea61742c9eccc3b7ff885e5566e...refs/remotes/origin/dev [1ms]
2024-06-27 15:33:03.574 [info] > git ls-files --stage -- /home/ndao/DB_Provisionning/mysql_setup/mysql_setup.yml [2ms]
2024-06-27 15:33:03.578 [info] > git cat-file -s c3ed0f1d8ccf8b7e7972d22a81f8ea3d59d0fb0a [1ms]
2024-06-27 15:33:03.588 [info] > git show --textconv :mysql_setup/mysql_setup.yml [1ms]
2024-06-27 15:34:20.739 [info] > git config --get commit.template [1ms]
2024-06-27 15:34:20.743 [info] > git for-each-ref --format=%(refname)%00%(upstream:short)%00%(objectname)%00%(upstream:track)%00%(upstream:remotename)%00%(upstream:remoteref) refs/heads/dev refs/remotes/dev [1ms]
2024-06-27 15:34:20.747 [info] > git status -z -uall [1ms]
2024-06-27 15:34:52.383 [info] > git config --get commit.template [6ms]
2024-06-27 15:34:52.383 [info] > git for-each-ref --format=%(refname)%00%(upstream:short)%00%(objectname)%00%(upstream:track)%00%(upstream:remotename)%00%(upstream:remoteref) refs/heads/dev refs/remotes/dev [1ms]
2024-06-27 15:34:52.389 [info] > git status -z -uall [1ms]
2024-06-27 15:35:05.590 [info] > git config --get commit.template [6ms]
2024-06-27 15:35:05.591 [info] > git for-each-ref --format=%(refname)%00%(upstream:short)%00%(objectname)%00%(upstream:track)%00%(upstream:remotename)%00%(upstream:remoteref) refs/heads/dev refs/remotes/dev [2ms]
2024-06-27 15:35:05.599 [info] > git status -z -uall [2ms]
2024-06-27 15:35:05.605 [info] > git merge-base refs/heads/dev refs/remotes/origin/dev [2ms]
2024-06-27 15:35:05.609 [info] > git rev-list --count --left-right refs/heads/dev...refs/remotes/origin/dev [1ms]
2024-06-27 15:35:05.613 [info] > git diff --name-status -z --diff-filter=ADMR 7e729e64e1b1353dc8fe2784834f94e6285aa2c2...refs/remotes/origin/dev [1ms]
2024-06-27 15:35:05.634 [info] > git ls-files --stage -- /home/ndao/DB_Provisionning/mysql_setup/mysql_setup.yml [2ms]
2024-06-27 15:35:05.638 [info] > git cat-file -s a2a585f28f9edf0c3f87ec0c7445903823d55eb3 [1ms]
2024-06-27 15:35:05.644 [info] > git show --textconv :mysql_setup/mysql_setup.yml [1ms]
2024-06-27 15:35:07.829 [info] > git show --textconv :mysql_setup/sql_loop.yml [6ms]
2024-06-27 15:35:07.831 [info] > git ls-files --stage -- /home/ndao/DB_Provisionning/mysql_setup/sql_loop.yml [1ms]
2024-06-27 15:35:07.838 [info] > git cat-file -s 67365fb4f0a017ec1b3c3f91dfc6361d73774283 [1ms]
2024-06-27 15:35:32.781 [info] > git show --textconv :mysql_setup/vars/credentials.yaml [4ms]
2024-06-27 15:35:32.782 [info] > git ls-files --stage -- /home/ndao/DB_Provisionning/mysql_setup/vars/credentials.yaml [2ms]
2024-06-27 15:35:32.786 [info] > git cat-file -s f454bacf2a31605044bb3941ff9dddf4d9036456 [1ms]
2024-06-27 15:35:36.958 [info] > git show --textconv :mysql_setup/sql_setup.yml [5ms]
2024-06-27 15:35:36.958 [info] > git ls-files --stage -- /home/ndao/DB_Provisionning/mysql_setup/sql_setup.yml [1ms]
2024-06-27 15:35:36.963 [info] > git cat-file -s fbd988b993fdbb08454a65832f1033efbd239959 [1ms]
2024-06-27 15:35:47.494 [info] > git show --textconv :mysql_setup/mysql_setup.yml [5ms]
2024-06-27 15:35:47.496 [info] > git ls-files --stage -- /home/ndao/DB_Provisionning/mysql_setup/mysql_setup.yml [3ms]
2024-06-27 15:35:47.503 [info] > git cat-file -s a2a585f28f9edf0c3f87ec0c7445903823d55eb3 [2ms]
2024-06-27 15:35:57.137 [info] > git show --textconv :mysql_setup/sql_setup.yml [6ms]
2024-06-27 15:35:57.138 [info] > git ls-files --stage -- /home/ndao/DB_Provisionning/mysql_setup/sql_setup.yml [2ms]
2024-06-27 15:35:57.145 [info] > git cat-file -s fbd988b993fdbb08454a65832f1033efbd239959 [1ms]
2024-06-27 15:35:59.673 [info] > git show --textconv :mysql_setup/sql_loop.yml [6ms]
2024-06-27 15:35:59.673 [info] > git ls-files --stage -- /home/ndao/DB_Provisionning/mysql_setup/sql_loop.yml [2ms]
2024-06-27 15:35:59.678 [info] > git cat-file -s 67365fb4f0a017ec1b3c3f91dfc6361d73774283 [0ms]
2024-06-27 15:36:23.516 [info] > git show --textconv :mysql_setup/sql_setup.yml [4ms]
2024-06-27 15:36:23.517 [info] > git ls-files --stage -- /home/ndao/DB_Provisionning/mysql_setup/sql_setup.yml [2ms]
2024-06-27 15:36:23.521 [info] > git cat-file -s fbd988b993fdbb08454a65832f1033efbd239959 [1ms]
