2024-07-12 13:29:16.062 [info] Log level: Info
2024-07-12 13:29:16.062 [info] Validating found git in: "git"
2024-07-12 13:29:16.062 [info] Using git "2.25.1" from "git"
2024-07-12 13:29:16.062 [info] > git rev-parse --show-toplevel [152ms]
2024-07-12 13:29:16.062 [info] > git rev-parse --git-dir --git-common-dir [25ms]
2024-07-12 13:29:16.062 [info] Open repository: /home/ndao
2024-07-12 13:29:16.095 [info] > git rev-parse --show-toplevel [329ms]
2024-07-12 13:29:16.096 [info] > git config --get commit.template [333ms]
2024-07-12 13:29:17.010 [info] > git check-ignore -v -z --stdin [85ms]
2024-07-12 13:29:17.073 [info] > git for-each-ref --format=%(refname)%00%(upstream:short)%00%(objectname)%00%(upstream:track)%00%(upstream:remotename)%00%(upstream:remoteref) refs/heads/main refs/remotes/main [925ms]
2024-07-12 13:29:17.272 [info] > git rev-parse --show-toplevel [135ms]
2024-07-12 13:29:17.294 [info] > git rev-parse --show-toplevel [10ms]
2024-07-12 13:29:17.365 [info] > git rev-parse --show-toplevel [8ms]
2024-07-12 13:29:17.385 [info] > git rev-parse --show-toplevel [15ms]
2024-07-12 13:29:17.500 [info] > git rev-parse --show-toplevel [108ms]
2024-07-12 13:29:17.522 [info] > git rev-parse --show-toplevel [16ms]
2024-07-12 13:29:17.572 [info] > git rev-parse --show-toplevel [22ms]
2024-07-12 13:29:17.616 [info] > git status -z -uall [353ms] (cancelled)
2024-07-12 13:29:17.616 [info] > git rev-parse --show-toplevel [37ms]
2024-07-12 13:29:17.685 [info] > git rev-parse --show-toplevel [59ms]
2024-07-12 13:29:17.701 [info] > git rev-parse --show-toplevel [5ms]
2024-07-12 13:29:17.711 [info] > git rev-parse --git-dir --git-common-dir [4ms]
2024-07-12 13:29:17.724 [info] Open repository: /home/ndao/DB_Provisionning
2024-07-12 13:29:17.738 [info] > git config --get commit.template [7ms]
2024-07-12 13:29:17.739 [info] > git rev-parse --show-toplevel [4ms]
2024-07-12 13:29:17.803 [info] > git show --textconv :mysql_setup/sql_backup.yml [53ms]
2024-07-12 13:29:17.803 [info] > git for-each-ref --format=%(refname)%00%(upstream:short)%00%(objectname)%00%(upstream:track)%00%(upstream:remotename)%00%(upstream:remoteref) refs/heads/dev refs/remotes/dev [16ms]
2024-07-12 13:29:17.805 [info] > git ls-files --stage -- /home/ndao/mysql_setup/sql_backup.yml [48ms]
2024-07-12 13:29:17.827 [info] > git cat-file -s e9598f1d1e38cef992cea26c5c8c6438a8cfffad [18ms]
2024-07-12 13:29:17.849 [info] > git status -z -uall [5ms]
2024-07-12 13:29:17.888 [info] > git for-each-ref --format=%(refname)%00%(upstream:short)%00%(objectname)%00%(upstream:track)%00%(upstream:remotename)%00%(upstream:remoteref) refs/heads/dev refs/remotes/dev [26ms]
2024-07-12 13:29:17.909 [info] > git config --local branch.dev.vscode-merge-base [16ms]
2024-07-12 13:29:17.915 [info] > git config --get commit.template [35ms]
2024-07-12 13:29:17.934 [info] > git for-each-ref --format=%(refname)%00%(upstream:short)%00%(objectname)%00%(upstream:track)%00%(upstream:remotename)%00%(upstream:remoteref) refs/heads/origin/master refs/remotes/origin/master [20ms]
2024-07-12 13:29:17.941 [info] > git for-each-ref --format=%(refname)%00%(upstream:short)%00%(objectname)%00%(upstream:track)%00%(upstream:remotename)%00%(upstream:remoteref) refs/heads/dev refs/remotes/dev [7ms]
2024-07-12 13:29:17.969 [info] > git merge-base refs/heads/dev refs/remotes/origin/dev [30ms]
2024-07-12 13:29:17.995 [info] > git rev-list --count --left-right refs/heads/dev...refs/remotes/origin/dev [18ms]
2024-07-12 13:29:18.005 [info] > git diff --name-status -z --diff-filter=ADMR 66e0e6740507b5adbb4a446c0853d8838bf940d3...refs/remotes/origin/dev [5ms]
2024-07-12 13:29:18.008 [info] > git status -z -uall [4ms]
2024-07-12 13:29:18.053 [info] > git for-each-ref --format=%(refname)%00%(upstream:short)%00%(objectname)%00%(upstream:track)%00%(upstream:remotename)%00%(upstream:remoteref) refs/heads/dev refs/remotes/dev [13ms]
2024-07-12 13:29:18.068 [info] > git config --local branch.dev.vscode-merge-base [9ms]
2024-07-12 13:29:18.077 [info] > git for-each-ref --format=%(refname)%00%(upstream:short)%00%(objectname)%00%(upstream:track)%00%(upstream:remotename)%00%(upstream:remoteref) refs/heads/origin/master refs/remotes/origin/master [5ms]
2024-07-12 13:29:18.320 [info] > git check-ignore -v -z --stdin [21ms]
