2024-07-15 08:35:42.301 [info] (Client) Pylance async client (2024.7.1) started with python extension (2024.10.0)
2024-07-15 08:35:43.384 [info] [Info  - 8:35:43 AM] (3707) Pylance language server 2024.7.1 (pyright version 1.1.369, commit 1168be71) starting
2024-07-15 08:35:43.384 [info] [Info  - 8:35:43 AM] (3707) Server root directory: file:///home/ndao/.vscode-server/extensions/ms-python.vscode-pylance-2024.7.1/dist
2024-07-15 08:35:43.402 [info] [Info  - 8:35:43 AM] (3707) Starting service instance "ndao"
2024-07-15 08:35:43.485 [info] [Info  - 8:35:43 AM] (3707) Setting pythonPath for service "ndao": "/bin/python3"
2024-07-15 08:35:43.486 [info] [Info  - 8:35:43 AM] (3707) Setting environmentName for service "ndao": "3.8.10 (global)"
2024-07-15 08:35:43.486 [info] [Info  - 8:35:43 AM] (3707) No include entries specified; assuming /home/ndao
2024-07-15 08:35:43.498 [info] [Info  - 8:35:43 AM] (3707) Auto-excluding **/node_modules
2024-07-15 08:35:43.498 [info] [Info  - 8:35:43 AM] (3707) Auto-excluding **/__pycache__
2024-07-15 08:35:43.498 [info] [Info  - 8:35:43 AM] (3707) Auto-excluding **/.*
2024-07-15 08:35:43.539 [info] [Info  - 8:35:43 AM] (3707) Assuming Python version 3.8.10.final.0
2024-07-15 08:35:43.637 [info] [Info  - 8:35:43 AM] (3707) No source files found.
2024-07-15 08:35:44.116 [info] [Info  - 8:35:44 AM] (3707) Background analysis(1) root directory: file:///home/ndao/.vscode-server/extensions/ms-python.vscode-pylance-2024.7.1/dist
2024-07-15 08:35:44.120 [info] [Info  - 8:35:44 AM] (3707) Background analysis(1) started
2024-07-15 09:51:40.212 [info] [Info  - 9:51:40 AM] (3707) Setting pythonPath for service "ndao": "/bin/python3"
2024-07-15 09:51:40.212 [info] [Info  - 9:51:40 AM] (3707) Setting environmentName for service "ndao": "3.8.10 (global)"
2024-07-15 09:51:40.212 [info] [Info  - 9:51:40 AM] (3707) No include entries specified; assuming /home/ndao
2024-07-15 09:51:40.212 [info] [Info  - 9:51:40 AM] (3707) Auto-excluding **/node_modules
2024-07-15 09:51:40.212 [info] [Info  - 9:51:40 AM] (3707) Auto-excluding **/__pycache__
2024-07-15 09:51:40.212 [info] [Info  - 9:51:40 AM] (3707) Auto-excluding **/.*
2024-07-15 09:51:40.262 [info] [Info  - 9:51:40 AM] (3707) Assuming Python version 3.8.10.final.0
2024-07-15 09:51:40.375 [info] [Info  - 9:51:40 AM] (3707) No source files found.
2024-07-15 09:51:40.878 [info] [Info  - 9:51:40 AM] (3707) Setting pythonPath for service "ndao": "/bin/python3"
2024-07-15 09:51:40.879 [info] [Info  - 9:51:40 AM] (3707) Setting environmentName for service "ndao": "3.8.10 (global)"
2024-07-15 09:51:40.879 [info] [Info  - 9:51:40 AM] (3707) No include entries specified; assuming /home/ndao
2024-07-15 09:51:40.881 [info] [Info  - 9:51:40 AM] (3707) Auto-excluding **/node_modules
2024-07-15 09:51:40.882 [info] [Info  - 9:51:40 AM] (3707) Auto-excluding **/__pycache__
2024-07-15 09:51:40.883 [info] [Info  - 9:51:40 AM] (3707) Auto-excluding **/.*
2024-07-15 09:51:40.958 [info] [Info  - 9:51:40 AM] (3707) Assuming Python version 3.8.10.final.0
2024-07-15 09:51:41.221 [info] [Info  - 9:51:41 AM] (3707) No source files found.
2024-07-15 09:51:43.468 [info] [Info  - 9:51:43 AM] (3707) Setting pythonPath for service "ndao": "/bin/python3"
2024-07-15 09:51:43.468 [info] [Info  - 9:51:43 AM] (3707) Setting environmentName for service "ndao": "3.8.10 (global)"
2024-07-15 09:51:43.468 [info] [Info  - 9:51:43 AM] (3707) No include entries specified; assuming /home/ndao
2024-07-15 09:51:43.468 [info] [Info  - 9:51:43 AM] (3707) Auto-excluding **/node_modules
2024-07-15 09:51:43.469 [info] [Info  - 9:51:43 AM] (3707) Auto-excluding **/__pycache__
2024-07-15 09:51:43.469 [info] [Info  - 9:51:43 AM] (3707) Auto-excluding **/.*
2024-07-15 09:51:43.545 [info] [Info  - 9:51:43 AM] (3707) Assuming Python version 3.8.10.final.0
2024-07-15 09:51:43.657 [info] [Info  - 9:51:43 AM] (3707) No source files found.
2024-07-15 09:51:44.732 [info] [Info  - 9:51:44 AM] (3707) Setting pythonPath for service "ndao": "/bin/python3"
2024-07-15 09:51:44.732 [info] [Info  - 9:51:44 AM] (3707) Setting environmentName for service "ndao": "3.8.10 (global)"
2024-07-15 09:51:44.733 [info] [Info  - 9:51:44 AM] (3707) No include entries specified; assuming /home/ndao
2024-07-15 09:51:44.733 [info] [Info  - 9:51:44 AM] (3707) Auto-excluding **/node_modules
2024-07-15 09:51:44.738 [info] [Info  - 9:51:44 AM] (3707) Auto-excluding **/__pycache__
2024-07-15 09:51:44.739 [info] [Info  - 9:51:44 AM] (3707) Auto-excluding **/.*
2024-07-15 09:51:44.795 [info] [Info  - 9:51:44 AM] (3707) Assuming Python version 3.8.10.final.0
2024-07-15 09:51:44.894 [info] [Info  - 9:51:44 AM] (3707) No source files found.
2024-07-15 10:06:46.988 [info] [Info  - 10:06:46 AM] (3707) Setting pythonPath for service "ndao": "/bin/python3"
2024-07-15 10:06:46.988 [info] [Info  - 10:06:46 AM] (3707) Setting environmentName for service "ndao": "3.8.10 (global)"
2024-07-15 10:06:46.989 [info] [Info  - 10:06:46 AM] (3707) No include entries specified; assuming /home/ndao
2024-07-15 10:06:46.989 [info] [Info  - 10:06:46 AM] (3707) Auto-excluding **/node_modules
2024-07-15 10:06:46.990 [info] [Info  - 10:06:46 AM] (3707) Auto-excluding **/__pycache__
2024-07-15 10:06:46.990 [info] [Info  - 10:06:46 AM] (3707) Auto-excluding **/.*
2024-07-15 10:06:47.075 [info] [Info  - 10:06:47 AM] (3707) Assuming Python version 3.8.10.final.0
2024-07-15 10:06:47.350 [info] [Info  - 10:06:47 AM] (3707) No source files found.
2024-07-15 10:06:56.418 [info] [Info  - 10:06:56 AM] (3707) Setting pythonPath for service "ndao": "/bin/python3"
2024-07-15 10:06:56.419 [info] [Info  - 10:06:56 AM] (3707) Setting environmentName for service "ndao": "3.8.10 (global)"
2024-07-15 10:06:56.419 [info] [Info  - 10:06:56 AM] (3707) No include entries specified; assuming /home/ndao
2024-07-15 10:06:56.419 [info] [Info  - 10:06:56 AM] (3707) Auto-excluding **/node_modules
2024-07-15 10:06:56.428 [info] [Info  - 10:06:56 AM] (3707) Auto-excluding **/__pycache__
2024-07-15 10:06:56.428 [info] [Info  - 10:06:56 AM] (3707) Auto-excluding **/.*
2024-07-15 10:06:56.540 [info] [Info  - 10:06:56 AM] (3707) Assuming Python version 3.8.10.final.0
2024-07-15 10:06:56.873 [info] [Info  - 10:06:56 AM] (3707) No source files found.
2024-07-15 10:06:57.048 [info] [Info  - 10:06:57 AM] (3707) Setting pythonPath for service "ndao": "/bin/python3"
2024-07-15 10:06:57.049 [info] [Info  - 10:06:57 AM] (3707) Setting environmentName for service "ndao": "3.8.10 (global)"
2024-07-15 10:06:57.049 [info] [Info  - 10:06:57 AM] (3707) No include entries specified; assuming /home/ndao
2024-07-15 10:06:57.050 [info] [Info  - 10:06:57 AM] (3707) Auto-excluding **/node_modules
2024-07-15 10:06:57.050 [info] [Info  - 10:06:57 AM] (3707) Auto-excluding **/__pycache__
2024-07-15 10:06:57.050 [info] [Info  - 10:06:57 AM] (3707) Auto-excluding **/.*
2024-07-15 10:06:57.144 [info] [Info  - 10:06:57 AM] (3707) Assuming Python version 3.8.10.final.0
2024-07-15 10:06:57.351 [info] [Info  - 10:06:57 AM] (3707) No source files found.
2024-07-15 10:07:03.252 [info] [Info  - 10:07:03 AM] (3707) Setting pythonPath for service "ndao": "/bin/python3"
2024-07-15 10:07:03.252 [info] [Info  - 10:07:03 AM] (3707) Setting environmentName for service "ndao": "3.8.10 (global)"
2024-07-15 10:07:03.252 [info] [Info  - 10:07:03 AM] (3707) No include entries specified; assuming /home/ndao
2024-07-15 10:07:03.252 [info] [Info  - 10:07:03 AM] (3707) Auto-excluding **/node_modules
2024-07-15 10:07:03.252 [info] [Info  - 10:07:03 AM] (3707) Auto-excluding **/__pycache__
2024-07-15 10:07:03.253 [info] [Info  - 10:07:03 AM] (3707) Auto-excluding **/.*
2024-07-15 10:07:03.322 [info] [Info  - 10:07:03 AM] (3707) Assuming Python version 3.8.10.final.0
2024-07-15 10:07:03.434 [info] [Info  - 10:07:03 AM] (3707) No source files found.
2024-07-15 10:07:42.264 [info] [Info  - 10:07:42 AM] (3707) Setting pythonPath for service "ndao": "/bin/python3"
2024-07-15 10:07:42.264 [info] [Info  - 10:07:42 AM] (3707) Setting environmentName for service "ndao": "3.8.10 (global)"
2024-07-15 10:07:42.264 [info] [Info  - 10:07:42 AM] (3707) No include entries specified; assuming /home/ndao
2024-07-15 10:07:42.265 [info] [Info  - 10:07:42 AM] (3707) Auto-excluding **/node_modules
2024-07-15 10:07:42.265 [info] [Info  - 10:07:42 AM] (3707) Auto-excluding **/__pycache__
2024-07-15 10:07:42.265 [info] [Info  - 10:07:42 AM] (3707) Auto-excluding **/.*
2024-07-15 10:07:42.325 [info] [Info  - 10:07:42 AM] (3707) Assuming Python version 3.8.10.final.0
2024-07-15 10:07:42.406 [info] [Info  - 10:07:42 AM] (3707) No source files found.
2024-07-15 10:07:45.675 [info] [Info  - 10:07:45 AM] (3707) Setting pythonPath for service "ndao": "/bin/python3"
2024-07-15 10:07:45.676 [info] [Info  - 10:07:45 AM] (3707) Setting environmentName for service "ndao": "3.8.10 (global)"
2024-07-15 10:07:45.677 [info] [Info  - 10:07:45 AM] (3707) No include entries specified; assuming /home/ndao
2024-07-15 10:07:45.677 [info] [Info  - 10:07:45 AM] (3707) Auto-excluding **/node_modules
2024-07-15 10:07:45.677 [info] [Info  - 10:07:45 AM] (3707) Auto-excluding **/__pycache__
2024-07-15 10:07:45.684 [info] [Info  - 10:07:45 AM] (3707) Auto-excluding **/.*
2024-07-15 10:07:45.737 [info] [Info  - 10:07:45 AM] (3707) Assuming Python version 3.8.10.final.0
2024-07-15 10:07:45.833 [info] [Info  - 10:07:45 AM] (3707) No source files found.
2024-07-15 10:07:57.740 [info] [Info  - 10:07:57 AM] (3707) Setting pythonPath for service "ndao": "/bin/python3"
2024-07-15 10:07:57.741 [info] [Info  - 10:07:57 AM] (3707) Setting environmentName for service "ndao": "3.8.10 (global)"
2024-07-15 10:07:57.741 [info] [Info  - 10:07:57 AM] (3707) No include entries specified; assuming /home/ndao
2024-07-15 10:07:57.742 [info] [Info  - 10:07:57 AM] (3707) Auto-excluding **/node_modules
2024-07-15 10:07:57.742 [info] [Info  - 10:07:57 AM] (3707) Auto-excluding **/__pycache__
2024-07-15 10:07:57.743 [info] [Info  - 10:07:57 AM] (3707) Auto-excluding **/.*
2024-07-15 10:07:57.803 [info] [Info  - 10:07:57 AM] (3707) Assuming Python version 3.8.10.final.0
2024-07-15 10:07:57.913 [info] [Info  - 10:07:57 AM] (3707) No source files found.
2024-07-15 10:08:01.508 [info] [Info  - 10:08:01 AM] (3707) Setting pythonPath for service "ndao": "/bin/python3"
2024-07-15 10:08:01.508 [info] [Info  - 10:08:01 AM] (3707) Setting environmentName for service "ndao": "3.8.10 (global)"
2024-07-15 10:08:01.509 [info] [Info  - 10:08:01 AM] (3707) No include entries specified; assuming /home/ndao
2024-07-15 10:08:01.509 [info] [Info  - 10:08:01 AM] (3707) Auto-excluding **/node_modules
2024-07-15 10:08:01.509 [info] [Info  - 10:08:01 AM] (3707) Auto-excluding **/__pycache__
2024-07-15 10:08:01.510 [info] [Info  - 10:08:01 AM] (3707) Auto-excluding **/.*
2024-07-15 10:08:01.588 [info] [Info  - 10:08:01 AM] (3707) Assuming Python version 3.8.10.final.0
2024-07-15 10:08:01.838 [info] [Info  - 10:08:01 AM] (3707) No source files found.
2024-07-15 10:08:19.200 [info] [Info  - 10:08:19 AM] (3707) Setting pythonPath for service "ndao": "/bin/python3"
2024-07-15 10:08:19.200 [info] [Info  - 10:08:19 AM] (3707) Setting environmentName for service "ndao": "3.8.10 (global)"
2024-07-15 10:08:19.200 [info] [Info  - 10:08:19 AM] (3707) No include entries specified; assuming /home/ndao
2024-07-15 10:08:19.200 [info] [Info  - 10:08:19 AM] (3707) Auto-excluding **/node_modules
2024-07-15 10:08:19.200 [info] [Info  - 10:08:19 AM] (3707) Auto-excluding **/__pycache__
2024-07-15 10:08:19.200 [info] [Info  - 10:08:19 AM] (3707) Auto-excluding **/.*
2024-07-15 10:08:19.261 [info] [Info  - 10:08:19 AM] (3707) Assuming Python version 3.8.10.final.0
2024-07-15 10:08:19.356 [info] [Info  - 10:08:19 AM] (3707) No source files found.
2024-07-15 10:08:20.110 [info] [Info  - 10:08:20 AM] (3707) Setting pythonPath for service "ndao": "/bin/python3"
2024-07-15 10:08:20.110 [info] [Info  - 10:08:20 AM] (3707) Setting environmentName for service "ndao": "3.8.10 (global)"
2024-07-15 10:08:20.110 [info] [Info  - 10:08:20 AM] (3707) No include entries specified; assuming /home/ndao
2024-07-15 10:08:20.110 [info] [Info  - 10:08:20 AM] (3707) Auto-excluding **/node_modules
2024-07-15 10:08:20.110 [info] [Info  - 10:08:20 AM] (3707) Auto-excluding **/__pycache__
2024-07-15 10:08:20.111 [info] [Info  - 10:08:20 AM] (3707) Auto-excluding **/.*
2024-07-15 10:08:20.184 [info] [Info  - 10:08:20 AM] (3707) Assuming Python version 3.8.10.final.0
2024-07-15 10:08:20.278 [info] [Info  - 10:08:20 AM] (3707) No source files found.
2024-07-15 10:08:21.598 [info] [Info  - 10:08:21 AM] (3707) Setting pythonPath for service "ndao": "/bin/python3"
2024-07-15 10:08:21.610 [info] [Info  - 10:08:21 AM] (3707) Setting environmentName for service "ndao": "3.8.10 (global)"
2024-07-15 10:08:21.632 [info] [Info  - 10:08:21 AM] (3707) No include entries specified; assuming /home/ndao
2024-07-15 10:08:21.632 [info] [Info  - 10:08:21 AM] (3707) Auto-excluding **/node_modules
2024-07-15 10:08:21.632 [info] [Info  - 10:08:21 AM] (3707) Auto-excluding **/__pycache__
2024-07-15 10:08:21.632 [info] [Info  - 10:08:21 AM] (3707) Auto-excluding **/.*
2024-07-15 10:08:21.663 [info] [Info  - 10:08:21 AM] (3707) Assuming Python version 3.8.10.final.0
2024-07-15 10:08:21.833 [info] [Info  - 10:08:21 AM] (3707) No source files found.
2024-07-15 10:08:31.187 [info] [Info  - 10:08:31 AM] (3707) Setting pythonPath for service "ndao": "/bin/python3"
2024-07-15 10:08:31.188 [info] [Info  - 10:08:31 AM] (3707) Setting environmentName for service "ndao": "3.8.10 (global)"
2024-07-15 10:08:31.188 [info] [Info  - 10:08:31 AM] (3707) No include entries specified; assuming /home/ndao
2024-07-15 10:08:31.189 [info] [Info  - 10:08:31 AM] (3707) Auto-excluding **/node_modules
2024-07-15 10:08:31.189 [info] [Info  - 10:08:31 AM] (3707) Auto-excluding **/__pycache__
2024-07-15 10:08:31.190 [info] [Info  - 10:08:31 AM] (3707) Auto-excluding **/.*
2024-07-15 10:08:31.247 [info] [Info  - 10:08:31 AM] (3707) Assuming Python version 3.8.10.final.0
2024-07-15 10:08:31.318 [info] [Info  - 10:08:31 AM] (3707) No source files found.
2024-07-15 10:16:00.496 [info] [Info  - 10:16:00 AM] (3707) Setting pythonPath for service "ndao": "/bin/python3"
2024-07-15 10:16:00.496 [info] [Info  - 10:16:00 AM] (3707) Setting environmentName for service "ndao": "3.8.10 (global)"
2024-07-15 10:16:00.496 [info] [Info  - 10:16:00 AM] (3707) No include entries specified; assuming /home/ndao
2024-07-15 10:16:00.496 [info] [Info  - 10:16:00 AM] (3707) Auto-excluding **/node_modules
2024-07-15 10:16:00.496 [info] [Info  - 10:16:00 AM] (3707) Auto-excluding **/__pycache__
2024-07-15 10:16:00.496 [info] [Info  - 10:16:00 AM] (3707) Auto-excluding **/.*
2024-07-15 10:16:00.584 [info] [Info  - 10:16:00 AM] (3707) Assuming Python version 3.8.10.final.0
2024-07-15 10:16:00.867 [info] [Info  - 10:16:00 AM] (3707) No source files found.
2024-07-15 10:16:03.493 [info] [Info  - 10:16:03 AM] (3707) Setting pythonPath for service "ndao": "/bin/python3"
2024-07-15 10:16:03.493 [info] [Info  - 10:16:03 AM] (3707) Setting environmentName for service "ndao": "3.8.10 (global)"
2024-07-15 10:16:03.493 [info] [Info  - 10:16:03 AM] (3707) No include entries specified; assuming /home/ndao
2024-07-15 10:16:03.494 [info] [Info  - 10:16:03 AM] (3707) Auto-excluding **/node_modules
2024-07-15 10:16:03.494 [info] [Info  - 10:16:03 AM] (3707) Auto-excluding **/__pycache__
2024-07-15 10:16:03.494 [info] [Info  - 10:16:03 AM] (3707) Auto-excluding **/.*
2024-07-15 10:16:03.557 [info] [Info  - 10:16:03 AM] (3707) Assuming Python version 3.8.10.final.0
2024-07-15 10:16:03.635 [info] [Info  - 10:16:03 AM] (3707) No source files found.
2024-07-15 10:16:05.813 [info] [Info  - 10:16:05 AM] (3707) Setting pythonPath for service "ndao": "/bin/python3"
2024-07-15 10:16:05.814 [info] [Info  - 10:16:05 AM] (3707) Setting environmentName for service "ndao": "3.8.10 (global)"
2024-07-15 10:16:05.814 [info] [Info  - 10:16:05 AM] (3707) No include entries specified; assuming /home/ndao
2024-07-15 10:16:05.815 [info] [Info  - 10:16:05 AM] (3707) Auto-excluding **/node_modules
2024-07-15 10:16:05.815 [info] [Info  - 10:16:05 AM] (3707) Auto-excluding **/__pycache__
2024-07-15 10:16:05.816 [info] [Info  - 10:16:05 AM] (3707) Auto-excluding **/.*
2024-07-15 10:16:05.888 [info] [Info  - 10:16:05 AM] (3707) Assuming Python version 3.8.10.final.0
2024-07-15 10:16:05.980 [info] [Info  - 10:16:05 AM] (3707) No source files found.
2024-07-15 10:16:15.780 [info] [Info  - 10:16:15 AM] (3707) Setting pythonPath for service "ndao": "/bin/python3"
2024-07-15 10:16:15.780 [info] [Info  - 10:16:15 AM] (3707) Setting environmentName for service "ndao": "3.8.10 (global)"
2024-07-15 10:16:15.780 [info] [Info  - 10:16:15 AM] (3707) No include entries specified; assuming /home/ndao
2024-07-15 10:16:15.780 [info] [Info  - 10:16:15 AM] (3707) Auto-excluding **/node_modules
2024-07-15 10:16:15.780 [info] [Info  - 10:16:15 AM] (3707) Auto-excluding **/__pycache__
2024-07-15 10:16:15.780 [info] [Info  - 10:16:15 AM] (3707) Auto-excluding **/.*
2024-07-15 10:16:15.850 [info] [Info  - 10:16:15 AM] (3707) Assuming Python version 3.8.10.final.0
2024-07-15 10:16:15.945 [info] [Info  - 10:16:15 AM] (3707) No source files found.
2024-07-15 13:40:30.742 [info] [Info  - 1:40:30 PM] (3707) Setting pythonPath for service "ndao": "/bin/python3"
2024-07-15 13:40:30.746 [info] [Info  - 1:40:30 PM] (3707) Setting environmentName for service "ndao": "3.8.10 (global)"
2024-07-15 13:40:30.747 [info] [Info  - 1:40:30 PM] (3707) No include entries specified; assuming /home/ndao
2024-07-15 13:40:30.748 [info] [Info  - 1:40:30 PM] (3707) Auto-excluding **/node_modules
2024-07-15 13:40:30.765 [info] [Info  - 1:40:30 PM] (3707) Auto-excluding **/__pycache__
2024-07-15 13:40:30.765 [info] [Info  - 1:40:30 PM] (3707) Auto-excluding **/.*
2024-07-15 13:40:30.820 [info] [Info  - 1:40:30 PM] (3707) Assuming Python version 3.8.10.final.0
2024-07-15 13:40:31.106 [info] [Info  - 1:40:31 PM] (3707) No source files found.
2024-07-15 13:40:31.576 [info] [Info  - 1:40:31 PM] (3707) Setting pythonPath for service "ndao": "/bin/python3"
2024-07-15 13:40:31.576 [info] [Info  - 1:40:31 PM] (3707) Setting environmentName for service "ndao": "3.8.10 (global)"
2024-07-15 13:40:31.576 [info] [Info  - 1:40:31 PM] (3707) No include entries specified; assuming /home/ndao
2024-07-15 13:40:31.577 [info] [Info  - 1:40:31 PM] (3707) Auto-excluding **/node_modules
2024-07-15 13:40:31.577 [info] [Info  - 1:40:31 PM] (3707) Auto-excluding **/__pycache__
2024-07-15 13:40:31.577 [info] [Info  - 1:40:31 PM] (3707) Auto-excluding **/.*
2024-07-15 13:40:31.644 [info] [Info  - 1:40:31 PM] (3707) Assuming Python version 3.8.10.final.0
2024-07-15 13:40:31.859 [info] [Info  - 1:40:31 PM] (3707) No source files found.
2024-07-15 13:47:22.239 [info] [Info  - 1:47:22 PM] (3707) Setting pythonPath for service "ndao": "/bin/python3"
2024-07-15 13:47:22.239 [info] [Info  - 1:47:22 PM] (3707) Setting environmentName for service "ndao": "3.8.10 (global)"
2024-07-15 13:47:22.240 [info] [Info  - 1:47:22 PM] (3707) No include entries specified; assuming /home/ndao
2024-07-15 13:47:22.242 [info] [Info  - 1:47:22 PM] (3707) Auto-excluding **/node_modules
2024-07-15 13:47:22.243 [info] [Info  - 1:47:22 PM] (3707) Auto-excluding **/__pycache__
2024-07-15 13:47:22.243 [info] [Info  - 1:47:22 PM] (3707) Auto-excluding **/.*
2024-07-15 13:47:22.302 [info] [Info  - 1:47:22 PM] (3707) Assuming Python version 3.8.10.final.0
2024-07-15 13:47:22.417 [info] [Info  - 1:47:22 PM] (3707) No source files found.
2024-07-15 13:47:22.989 [info] [Info  - 1:47:22 PM] (3707) Setting pythonPath for service "ndao": "/bin/python3"
2024-07-15 13:47:23.011 [info] [Info  - 1:47:23 PM] (3707) Setting environmentName for service "ndao": "3.8.10 (global)"
2024-07-15 13:47:23.011 [info] [Info  - 1:47:23 PM] (3707) No include entries specified; assuming /home/ndao
2024-07-15 13:47:23.011 [info] [Info  - 1:47:23 PM] (3707) Auto-excluding **/node_modules
2024-07-15 13:47:23.011 [info] [Info  - 1:47:23 PM] (3707) Auto-excluding **/__pycache__
2024-07-15 13:47:23.011 [info] [Info  - 1:47:23 PM] (3707) Auto-excluding **/.*
2024-07-15 13:47:23.179 [info] [Info  - 1:47:23 PM] (3707) Assuming Python version 3.8.10.final.0
2024-07-15 13:47:23.465 [info] [Info  - 1:47:23 PM] (3707) No source files found.
2024-07-15 13:47:23.550 [info] [Info  - 1:47:23 PM] (3707) Setting pythonPath for service "ndao": "/bin/python3"
2024-07-15 13:47:23.550 [info] [Info  - 1:47:23 PM] (3707) Setting environmentName for service "ndao": "3.8.10 (global)"
2024-07-15 13:47:23.550 [info] [Info  - 1:47:23 PM] (3707) No include entries specified; assuming /home/ndao
2024-07-15 13:47:23.550 [info] [Info  - 1:47:23 PM] (3707) Auto-excluding **/node_modules
2024-07-15 13:47:23.550 [info] [Info  - 1:47:23 PM] (3707) Auto-excluding **/__pycache__
2024-07-15 13:47:23.551 [info] [Info  - 1:47:23 PM] (3707) Auto-excluding **/.*
2024-07-15 13:47:23.633 [info] [Info  - 1:47:23 PM] (3707) Assuming Python version 3.8.10.final.0
2024-07-15 13:47:23.876 [info] [Info  - 1:47:23 PM] (3707) No source files found.
2024-07-15 13:47:24.407 [info] [Info  - 1:47:24 PM] (3707) Setting pythonPath for service "ndao": "/bin/python3"
2024-07-15 13:47:24.407 [info] [Info  - 1:47:24 PM] (3707) Setting environmentName for service "ndao": "3.8.10 (global)"
2024-07-15 13:47:24.408 [info] [Info  - 1:47:24 PM] (3707) No include entries specified; assuming /home/ndao
2024-07-15 13:47:24.408 [info] [Info  - 1:47:24 PM] (3707) Auto-excluding **/node_modules
2024-07-15 13:47:24.421 [info] [Info  - 1:47:24 PM] (3707) Auto-excluding **/__pycache__
2024-07-15 13:47:24.421 [info] [Info  - 1:47:24 PM] (3707) Auto-excluding **/.*
2024-07-15 13:47:24.583 [info] [Info  - 1:47:24 PM] (3707) Assuming Python version 3.8.10.final.0
2024-07-15 13:47:24.737 [info] [Info  - 1:47:24 PM] (3707) No source files found.
2024-07-15 13:47:24.987 [info] [Info  - 1:47:24 PM] (3707) Setting pythonPath for service "ndao": "/bin/python3"
2024-07-15 13:47:24.989 [info] [Info  - 1:47:24 PM] (3707) Setting environmentName for service "ndao": "3.8.10 (global)"
2024-07-15 13:47:24.990 [info] [Info  - 1:47:24 PM] (3707) No include entries specified; assuming /home/ndao
2024-07-15 13:47:24.991 [info] [Info  - 1:47:24 PM] (3707) Auto-excluding **/node_modules
2024-07-15 13:47:24.991 [info] [Info  - 1:47:24 PM] (3707) Auto-excluding **/__pycache__
2024-07-15 13:47:24.997 [info] [Info  - 1:47:24 PM] (3707) Auto-excluding **/.*
2024-07-15 13:47:25.068 [info] [Info  - 1:47:25 PM] (3707) Assuming Python version 3.8.10.final.0
2024-07-15 13:47:25.147 [info] [Info  - 1:47:25 PM] (3707) No source files found.
2024-07-15 13:47:25.776 [info] [Info  - 1:47:25 PM] (3707) Setting pythonPath for service "ndao": "/bin/python3"
2024-07-15 13:47:25.778 [info] [Info  - 1:47:25 PM] (3707) Setting environmentName for service "ndao": "3.8.10 (global)"
2024-07-15 13:47:25.778 [info] [Info  - 1:47:25 PM] (3707) No include entries specified; assuming /home/ndao
2024-07-15 13:47:25.778 [info] [Info  - 1:47:25 PM] (3707) Auto-excluding **/node_modules
2024-07-15 13:47:25.778 [info] [Info  - 1:47:25 PM] (3707) Auto-excluding **/__pycache__
2024-07-15 13:47:25.778 [info] [Info  - 1:47:25 PM] (3707) Auto-excluding **/.*
2024-07-15 13:47:25.872 [info] [Info  - 1:47:25 PM] (3707) Assuming Python version 3.8.10.final.0
2024-07-15 13:47:26.191 [info] [Info  - 1:47:26 PM] (3707) No source files found.
2024-07-15 13:47:26.501 [info] [Info  - 1:47:26 PM] (3707) Setting pythonPath for service "ndao": "/bin/python3"
2024-07-15 13:47:26.521 [info] [Info  - 1:47:26 PM] (3707) Setting environmentName for service "ndao": "3.8.10 (global)"
2024-07-15 13:47:26.521 [info] [Info  - 1:47:26 PM] (3707) No include entries specified; assuming /home/ndao
2024-07-15 13:47:26.521 [info] [Info  - 1:47:26 PM] (3707) Auto-excluding **/node_modules
2024-07-15 13:47:26.521 [info] [Info  - 1:47:26 PM] (3707) Auto-excluding **/__pycache__
2024-07-15 13:47:26.521 [info] [Info  - 1:47:26 PM] (3707) Auto-excluding **/.*
2024-07-15 13:47:26.583 [info] [Info  - 1:47:26 PM] (3707) Assuming Python version 3.8.10.final.0
2024-07-15 13:47:27.028 [info] [Info  - 1:47:27 PM] (3707) No source files found.
2024-07-15 13:47:27.730 [info] [Info  - 1:47:27 PM] (3707) Setting pythonPath for service "ndao": "/bin/python3"
2024-07-15 13:47:27.732 [info] [Info  - 1:47:27 PM] (3707) Setting environmentName for service "ndao": "3.8.10 (global)"
2024-07-15 13:47:27.737 [info] [Info  - 1:47:27 PM] (3707) No include entries specified; assuming /home/ndao
2024-07-15 13:47:27.745 [info] [Info  - 1:47:27 PM] (3707) Auto-excluding **/node_modules
2024-07-15 13:47:27.746 [info] [Info  - 1:47:27 PM] (3707) Auto-excluding **/__pycache__
2024-07-15 13:47:27.747 [info] [Info  - 1:47:27 PM] (3707) Auto-excluding **/.*
2024-07-15 13:47:27.894 [info] [Info  - 1:47:27 PM] (3707) Assuming Python version 3.8.10.final.0
2024-07-15 13:47:28.171 [info] [Info  - 1:47:28 PM] (3707) No source files found.
2024-07-15 13:47:28.287 [info] [Info  - 1:47:28 PM] (3707) Setting pythonPath for service "ndao": "/bin/python3"
2024-07-15 13:47:28.290 [info] [Info  - 1:47:28 PM] (3707) Setting environmentName for service "ndao": "3.8.10 (global)"
2024-07-15 13:47:28.290 [info] [Info  - 1:47:28 PM] (3707) No include entries specified; assuming /home/ndao
2024-07-15 13:47:28.291 [info] [Info  - 1:47:28 PM] (3707) Auto-excluding **/node_modules
2024-07-15 13:47:28.292 [info] [Info  - 1:47:28 PM] (3707) Auto-excluding **/__pycache__
2024-07-15 13:47:28.292 [info] [Info  - 1:47:28 PM] (3707) Auto-excluding **/.*
2024-07-15 13:47:28.461 [info] [Info  - 1:47:28 PM] (3707) Assuming Python version 3.8.10.final.0
2024-07-15 13:47:28.873 [info] [Info  - 1:47:28 PM] (3707) No source files found.
2024-07-15 13:47:29.661 [info] [Info  - 1:47:29 PM] (3707) Setting pythonPath for service "ndao": "/bin/python3"
2024-07-15 13:47:29.661 [info] [Info  - 1:47:29 PM] (3707) Setting environmentName for service "ndao": "3.8.10 (global)"
2024-07-15 13:47:29.662 [info] [Info  - 1:47:29 PM] (3707) No include entries specified; assuming /home/ndao
2024-07-15 13:47:29.662 [info] [Info  - 1:47:29 PM] (3707) Auto-excluding **/node_modules
2024-07-15 13:47:29.662 [info] [Info  - 1:47:29 PM] (3707) Auto-excluding **/__pycache__
2024-07-15 13:47:29.662 [info] [Info  - 1:47:29 PM] (3707) Auto-excluding **/.*
2024-07-15 13:47:29.718 [info] [Info  - 1:47:29 PM] (3707) Assuming Python version 3.8.10.final.0
2024-07-15 13:47:29.987 [info] [Info  - 1:47:29 PM] (3707) No source files found.
2024-07-15 15:09:08.195 [info] [Info  - 3:09:08 PM] (3707) Setting pythonPath for service "ndao": "/bin/python3"
2024-07-15 15:09:08.196 [info] [Info  - 3:09:08 PM] (3707) Setting environmentName for service "ndao": "3.8.10 (global)"
2024-07-15 15:09:08.196 [info] [Info  - 3:09:08 PM] (3707) No include entries specified; assuming /home/ndao
2024-07-15 15:09:08.196 [info] [Info  - 3:09:08 PM] (3707) Auto-excluding **/node_modules
2024-07-15 15:09:08.197 [info] [Info  - 3:09:08 PM] (3707) Auto-excluding **/__pycache__
2024-07-15 15:09:08.197 [info] [Info  - 3:09:08 PM] (3707) Auto-excluding **/.*
2024-07-15 15:09:08.235 [info] [Info  - 3:09:08 PM] (3707) Assuming Python version 3.8.10.final.0
2024-07-15 15:09:08.320 [info] [Info  - 3:09:08 PM] (3707) No source files found.
2024-07-15 15:09:16.096 [info] [Info  - 3:09:16 PM] (3707) Setting pythonPath for service "ndao": "/bin/python3"
2024-07-15 15:09:16.100 [info] [Info  - 3:09:16 PM] (3707) Setting environmentName for service "ndao": "3.8.10 (global)"
2024-07-15 15:09:16.101 [info] [Info  - 3:09:16 PM] (3707) No include entries specified; assuming /home/ndao
2024-07-15 15:09:16.110 [info] [Info  - 3:09:16 PM] (3707) Auto-excluding **/node_modules
2024-07-15 15:09:16.111 [info] [Info  - 3:09:16 PM] (3707) Auto-excluding **/__pycache__
2024-07-15 15:09:16.111 [info] [Info  - 3:09:16 PM] (3707) Auto-excluding **/.*
2024-07-15 15:09:16.202 [info] [Info  - 3:09:16 PM] (3707) Assuming Python version 3.8.10.final.0
2024-07-15 15:09:16.437 [info] [Info  - 3:09:16 PM] (3707) No source files found.
2024-07-15 15:09:16.980 [info] [Info  - 3:09:16 PM] (3707) Setting pythonPath for service "ndao": "/bin/python3"
2024-07-15 15:09:16.981 [info] [Info  - 3:09:16 PM] (3707) Setting environmentName for service "ndao": "3.8.10 (global)"
2024-07-15 15:09:16.981 [info] [Info  - 3:09:16 PM] (3707) No include entries specified; assuming /home/ndao
2024-07-15 15:09:16.981 [info] [Info  - 3:09:16 PM] (3707) Auto-excluding **/node_modules
2024-07-15 15:09:16.981 [info] [Info  - 3:09:16 PM] (3707) Auto-excluding **/__pycache__
2024-07-15 15:09:16.981 [info] [Info  - 3:09:16 PM] (3707) Auto-excluding **/.*
2024-07-15 15:09:17.070 [info] [Info  - 3:09:17 PM] (3707) Assuming Python version 3.8.10.final.0
2024-07-15 15:09:17.343 [info] [Info  - 3:09:17 PM] (3707) No source files found.
2024-07-15 15:09:18.371 [info] [Info  - 3:09:18 PM] (3707) Setting pythonPath for service "ndao": "/bin/python3"
2024-07-15 15:09:18.371 [info] [Info  - 3:09:18 PM] (3707) Setting environmentName for service "ndao": "3.8.10 (global)"
2024-07-15 15:09:18.371 [info] [Info  - 3:09:18 PM] (3707) No include entries specified; assuming /home/ndao
2024-07-15 15:09:18.371 [info] [Info  - 3:09:18 PM] (3707) Auto-excluding **/node_modules
2024-07-15 15:09:18.372 [info] [Info  - 3:09:18 PM] (3707) Auto-excluding **/__pycache__
2024-07-15 15:09:18.372 [info] [Info  - 3:09:18 PM] (3707) Auto-excluding **/.*
2024-07-15 15:09:18.861 [info] [Info  - 3:09:18 PM] (3707) Assuming Python version 3.8.10.final.0
2024-07-15 15:09:18.866 [info] [Info  - 3:09:18 PM] (3707) No source files found.
2024-07-15 15:09:19.367 [info] [Info  - 3:09:19 PM] (3707) Setting pythonPath for service "ndao": "/bin/python3"
2024-07-15 15:09:19.370 [info] [Info  - 3:09:19 PM] (3707) Setting environmentName for service "ndao": "3.8.10 (global)"
2024-07-15 15:09:19.371 [info] [Info  - 3:09:19 PM] (3707) No include entries specified; assuming /home/ndao
2024-07-15 15:09:19.371 [info] [Info  - 3:09:19 PM] (3707) Auto-excluding **/node_modules
2024-07-15 15:09:19.371 [info] [Info  - 3:09:19 PM] (3707) Auto-excluding **/__pycache__
2024-07-15 15:09:19.372 [info] [Info  - 3:09:19 PM] (3707) Auto-excluding **/.*
2024-07-15 15:09:19.454 [info] [Info  - 3:09:19 PM] (3707) Assuming Python version 3.8.10.final.0
2024-07-15 15:09:19.623 [info] [Info  - 3:09:19 PM] (3707) No source files found.
2024-07-15 15:09:21.177 [info] [Info  - 3:09:21 PM] (3707) Setting pythonPath for service "ndao": "/bin/python3"
2024-07-15 15:09:21.177 [info] [Info  - 3:09:21 PM] (3707) Setting environmentName for service "ndao": "3.8.10 (global)"
2024-07-15 15:09:21.177 [info] [Info  - 3:09:21 PM] (3707) No include entries specified; assuming /home/ndao
2024-07-15 15:09:21.177 [info] [Info  - 3:09:21 PM] (3707) Auto-excluding **/node_modules
2024-07-15 15:09:21.177 [info] [Info  - 3:09:21 PM] (3707) Auto-excluding **/__pycache__
2024-07-15 15:09:21.177 [info] [Info  - 3:09:21 PM] (3707) Auto-excluding **/.*
2024-07-15 15:09:21.254 [info] [Info  - 3:09:21 PM] (3707) Assuming Python version 3.8.10.final.0
2024-07-15 15:09:21.381 [info] [Info  - 3:09:21 PM] (3707) No source files found.
2024-07-15 15:12:12.065 [info] [Info  - 3:12:12 PM] (3707) Setting pythonPath for service "ndao": "/bin/python3"
2024-07-15 15:12:12.076 [info] [Info  - 3:12:12 PM] (3707) Setting environmentName for service "ndao": "3.8.10 (global)"
2024-07-15 15:12:12.076 [info] [Info  - 3:12:12 PM] (3707) No include entries specified; assuming /home/ndao
2024-07-15 15:12:12.076 [info] [Info  - 3:12:12 PM] (3707) Auto-excluding **/node_modules
2024-07-15 15:12:12.076 [info] [Info  - 3:12:12 PM] (3707) Auto-excluding **/__pycache__
2024-07-15 15:12:12.076 [info] [Info  - 3:12:12 PM] (3707) Auto-excluding **/.*
2024-07-15 15:12:12.132 [info] [Info  - 3:12:12 PM] (3707) Assuming Python version 3.8.10.final.0
2024-07-15 15:12:12.225 [info] [Info  - 3:12:12 PM] (3707) No source files found.
2024-07-15 15:12:13.203 [info] [Info  - 3:12:13 PM] (3707) Setting pythonPath for service "ndao": "/bin/python3"
2024-07-15 15:12:13.203 [info] [Info  - 3:12:13 PM] (3707) Setting environmentName for service "ndao": "3.8.10 (global)"
2024-07-15 15:12:13.208 [info] [Info  - 3:12:13 PM] (3707) No include entries specified; assuming /home/ndao
2024-07-15 15:12:13.208 [info] [Info  - 3:12:13 PM] (3707) Auto-excluding **/node_modules
2024-07-15 15:12:13.209 [info] [Info  - 3:12:13 PM] (3707) Auto-excluding **/__pycache__
2024-07-15 15:12:13.209 [info] [Info  - 3:12:13 PM] (3707) Auto-excluding **/.*
2024-07-15 15:12:13.280 [info] [Info  - 3:12:13 PM] (3707) Assuming Python version 3.8.10.final.0
2024-07-15 15:12:13.620 [info] [Info  - 3:12:13 PM] (3707) No source files found.
2024-07-15 15:12:16.634 [info] [Info  - 3:12:16 PM] (3707) Setting pythonPath for service "ndao": "/bin/python3"
2024-07-15 15:12:16.635 [info] [Info  - 3:12:16 PM] (3707) Setting environmentName for service "ndao": "3.8.10 (global)"
2024-07-15 15:12:16.635 [info] [Info  - 3:12:16 PM] (3707) No include entries specified; assuming /home/ndao
2024-07-15 15:12:16.635 [info] [Info  - 3:12:16 PM] (3707) Auto-excluding **/node_modules
2024-07-15 15:12:16.635 [info] [Info  - 3:12:16 PM] (3707) Auto-excluding **/__pycache__
2024-07-15 15:12:16.635 [info] [Info  - 3:12:16 PM] (3707) Auto-excluding **/.*
2024-07-15 15:12:16.716 [info] [Info  - 3:12:16 PM] (3707) Assuming Python version 3.8.10.final.0
2024-07-15 15:12:16.948 [info] [Info  - 3:12:16 PM] (3707) No source files found.
2024-07-15 15:12:18.295 [info] [Info  - 3:12:18 PM] (3707) Setting pythonPath for service "ndao": "/bin/python3"
2024-07-15 15:12:18.296 [info] [Info  - 3:12:18 PM] (3707) Setting environmentName for service "ndao": "3.8.10 (global)"
2024-07-15 15:12:18.297 [info] [Info  - 3:12:18 PM] (3707) No include entries specified; assuming /home/ndao
2024-07-15 15:12:18.298 [info] [Info  - 3:12:18 PM] (3707) Auto-excluding **/node_modules
2024-07-15 15:12:18.310 [info] [Info  - 3:12:18 PM] (3707) Auto-excluding **/__pycache__
2024-07-15 15:12:18.316 [info] [Info  - 3:12:18 PM] (3707) Auto-excluding **/.*
2024-07-15 15:12:18.403 [info] [Info  - 3:12:18 PM] (3707) Assuming Python version 3.8.10.final.0
2024-07-15 15:12:18.631 [info] [Info  - 3:12:18 PM] (3707) No source files found.
2024-07-15 15:12:21.798 [info] [Info  - 3:12:21 PM] (3707) Setting pythonPath for service "ndao": "/bin/python3"
2024-07-15 15:12:21.798 [info] [Info  - 3:12:21 PM] (3707) Setting environmentName for service "ndao": "3.8.10 (global)"
2024-07-15 15:12:21.798 [info] [Info  - 3:12:21 PM] (3707) No include entries specified; assuming /home/ndao
2024-07-15 15:12:21.799 [info] [Info  - 3:12:21 PM] (3707) Auto-excluding **/node_modules
2024-07-15 15:12:21.799 [info] [Info  - 3:12:21 PM] (3707) Auto-excluding **/__pycache__
2024-07-15 15:12:21.799 [info] [Info  - 3:12:21 PM] (3707) Auto-excluding **/.*
2024-07-15 15:12:21.849 [info] [Info  - 3:12:21 PM] (3707) Assuming Python version 3.8.10.final.0
2024-07-15 15:12:21.935 [info] [Info  - 3:12:21 PM] (3707) No source files found.
2024-07-15 15:12:24.647 [info] [Info  - 3:12:24 PM] (3707) Setting pythonPath for service "ndao": "/bin/python3"
2024-07-15 15:12:24.647 [info] [Info  - 3:12:24 PM] (3707) Setting environmentName for service "ndao": "3.8.10 (global)"
2024-07-15 15:12:24.647 [info] [Info  - 3:12:24 PM] (3707) No include entries specified; assuming /home/ndao
2024-07-15 15:12:24.648 [info] [Info  - 3:12:24 PM] (3707) Auto-excluding **/node_modules
2024-07-15 15:12:24.648 [info] [Info  - 3:12:24 PM] (3707) Auto-excluding **/__pycache__
2024-07-15 15:12:24.648 [info] [Info  - 3:12:24 PM] (3707) Auto-excluding **/.*
2024-07-15 15:12:24.709 [info] [Info  - 3:12:24 PM] (3707) Assuming Python version 3.8.10.final.0
2024-07-15 15:12:25.045 [info] [Info  - 3:12:25 PM] (3707) No source files found.
2024-07-15 15:12:27.377 [info] [Info  - 3:12:27 PM] (3707) Setting pythonPath for service "ndao": "/bin/python3"
2024-07-15 15:12:27.377 [info] [Info  - 3:12:27 PM] (3707) Setting environmentName for service "ndao": "3.8.10 (global)"
2024-07-15 15:12:27.377 [info] [Info  - 3:12:27 PM] (3707) No include entries specified; assuming /home/ndao
2024-07-15 15:12:27.378 [info] [Info  - 3:12:27 PM] (3707) Auto-excluding **/node_modules
2024-07-15 15:12:27.378 [info] [Info  - 3:12:27 PM] (3707) Auto-excluding **/__pycache__
2024-07-15 15:12:27.378 [info] [Info  - 3:12:27 PM] (3707) Auto-excluding **/.*
2024-07-15 15:12:27.463 [info] [Info  - 3:12:27 PM] (3707) Assuming Python version 3.8.10.final.0
2024-07-15 15:12:27.720 [info] [Info  - 3:12:27 PM] (3707) No source files found.
2024-07-15 15:12:28.315 [info] [Info  - 3:12:28 PM] (3707) Setting pythonPath for service "ndao": "/bin/python3"
2024-07-15 15:12:28.316 [info] [Info  - 3:12:28 PM] (3707) Setting environmentName for service "ndao": "3.8.10 (global)"
2024-07-15 15:12:28.317 [info] [Info  - 3:12:28 PM] (3707) No include entries specified; assuming /home/ndao
2024-07-15 15:12:28.318 [info] [Info  - 3:12:28 PM] (3707) Auto-excluding **/node_modules
2024-07-15 15:12:28.319 [info] [Info  - 3:12:28 PM] (3707) Auto-excluding **/__pycache__
2024-07-15 15:12:28.320 [info] [Info  - 3:12:28 PM] (3707) Auto-excluding **/.*
2024-07-15 15:12:28.405 [info] [Info  - 3:12:28 PM] (3707) Assuming Python version 3.8.10.final.0
2024-07-15 15:12:28.679 [info] [Info  - 3:12:28 PM] (3707) No source files found.
2024-07-15 15:12:30.962 [info] [Info  - 3:12:30 PM] (3707) Setting pythonPath for service "ndao": "/bin/python3"
2024-07-15 15:12:30.962 [info] [Info  - 3:12:30 PM] (3707) Setting environmentName for service "ndao": "3.8.10 (global)"
2024-07-15 15:12:30.963 [info] [Info  - 3:12:30 PM] (3707) No include entries specified; assuming /home/ndao
2024-07-15 15:12:30.977 [info] [Info  - 3:12:30 PM] (3707) Auto-excluding **/node_modules
2024-07-15 15:12:30.977 [info] [Info  - 3:12:30 PM] (3707) Auto-excluding **/__pycache__
2024-07-15 15:12:30.978 [info] [Info  - 3:12:30 PM] (3707) Auto-excluding **/.*
2024-07-15 15:12:31.037 [info] [Info  - 3:12:31 PM] (3707) Assuming Python version 3.8.10.final.0
2024-07-15 15:12:31.162 [info] [Info  - 3:12:31 PM] (3707) No source files found.
2024-07-15 15:12:31.836 [info] [Info  - 3:12:31 PM] (3707) Setting pythonPath for service "ndao": "/bin/python3"
2024-07-15 15:12:31.836 [info] [Info  - 3:12:31 PM] (3707) Setting environmentName for service "ndao": "3.8.10 (global)"
2024-07-15 15:12:31.836 [info] [Info  - 3:12:31 PM] (3707) No include entries specified; assuming /home/ndao
2024-07-15 15:12:31.837 [info] [Info  - 3:12:31 PM] (3707) Auto-excluding **/node_modules
2024-07-15 15:12:31.837 [info] [Info  - 3:12:31 PM] (3707) Auto-excluding **/__pycache__
2024-07-15 15:12:31.837 [info] [Info  - 3:12:31 PM] (3707) Auto-excluding **/.*
2024-07-15 15:12:31.929 [info] [Info  - 3:12:31 PM] (3707) Assuming Python version 3.8.10.final.0
2024-07-15 15:12:32.149 [info] [Info  - 3:12:32 PM] (3707) No source files found.
2024-07-15 15:12:35.268 [info] [Info  - 3:12:35 PM] (3707) Setting pythonPath for service "ndao": "/bin/python3"
2024-07-15 15:12:35.269 [info] [Info  - 3:12:35 PM] (3707) Setting environmentName for service "ndao": "3.8.10 (global)"
2024-07-15 15:12:35.269 [info] [Info  - 3:12:35 PM] (3707) No include entries specified; assuming /home/ndao
2024-07-15 15:12:35.269 [info] [Info  - 3:12:35 PM] (3707) Auto-excluding **/node_modules
2024-07-15 15:12:35.269 [info] [Info  - 3:12:35 PM] (3707) Auto-excluding **/__pycache__
2024-07-15 15:12:35.269 [info] [Info  - 3:12:35 PM] (3707) Auto-excluding **/.*
2024-07-15 15:12:35.366 [info] [Info  - 3:12:35 PM] (3707) Assuming Python version 3.8.10.final.0
2024-07-15 15:12:35.462 [info] [Info  - 3:12:35 PM] (3707) No source files found.
2024-07-15 15:12:36.638 [info] [Info  - 3:12:36 PM] (3707) Setting pythonPath for service "ndao": "/bin/python3"
2024-07-15 15:12:36.638 [info] [Info  - 3:12:36 PM] (3707) Setting environmentName for service "ndao": "3.8.10 (global)"
2024-07-15 15:12:36.639 [info] [Info  - 3:12:36 PM] (3707) No include entries specified; assuming /home/ndao
2024-07-15 15:12:36.639 [info] [Info  - 3:12:36 PM] (3707) Auto-excluding **/node_modules
2024-07-15 15:12:36.640 [info] [Info  - 3:12:36 PM] (3707) Auto-excluding **/__pycache__
2024-07-15 15:12:36.640 [info] [Info  - 3:12:36 PM] (3707) Auto-excluding **/.*
2024-07-15 15:12:36.695 [info] [Info  - 3:12:36 PM] (3707) Assuming Python version 3.8.10.final.0
2024-07-15 15:12:36.798 [info] [Info  - 3:12:36 PM] (3707) No source files found.
2024-07-15 15:12:39.339 [info] [Info  - 3:12:39 PM] (3707) Setting pythonPath for service "ndao": "/bin/python3"
2024-07-15 15:12:39.339 [info] [Info  - 3:12:39 PM] (3707) Setting environmentName for service "ndao": "3.8.10 (global)"
2024-07-15 15:12:39.339 [info] [Info  - 3:12:39 PM] (3707) No include entries specified; assuming /home/ndao
2024-07-15 15:12:39.339 [info] [Info  - 3:12:39 PM] (3707) Auto-excluding **/node_modules
2024-07-15 15:12:39.339 [info] [Info  - 3:12:39 PM] (3707) Auto-excluding **/__pycache__
2024-07-15 15:12:39.339 [info] [Info  - 3:12:39 PM] (3707) Auto-excluding **/.*
2024-07-15 15:12:39.407 [info] [Info  - 3:12:39 PM] (3707) Assuming Python version 3.8.10.final.0
2024-07-15 15:12:39.501 [info] [Info  - 3:12:39 PM] (3707) No source files found.
2024-07-15 15:12:40.268 [info] [Info  - 3:12:40 PM] (3707) Setting pythonPath for service "ndao": "/bin/python3"
2024-07-15 15:12:40.269 [info] [Info  - 3:12:40 PM] (3707) Setting environmentName for service "ndao": "3.8.10 (global)"
2024-07-15 15:12:40.269 [info] [Info  - 3:12:40 PM] (3707) No include entries specified; assuming /home/ndao
2024-07-15 15:12:40.269 [info] [Info  - 3:12:40 PM] (3707) Auto-excluding **/node_modules
2024-07-15 15:12:40.269 [info] [Info  - 3:12:40 PM] (3707) Auto-excluding **/__pycache__
2024-07-15 15:12:40.269 [info] [Info  - 3:12:40 PM] (3707) Auto-excluding **/.*
2024-07-15 15:12:40.324 [info] [Info  - 3:12:40 PM] (3707) Assuming Python version 3.8.10.final.0
2024-07-15 15:12:40.427 [info] [Info  - 3:12:40 PM] (3707) No source files found.
2024-07-15 15:12:42.604 [info] [Info  - 3:12:42 PM] (3707) Setting pythonPath for service "ndao": "/bin/python3"
2024-07-15 15:12:42.604 [info] [Info  - 3:12:42 PM] (3707) Setting environmentName for service "ndao": "3.8.10 (global)"
2024-07-15 15:12:42.604 [info] [Info  - 3:12:42 PM] (3707) No include entries specified; assuming /home/ndao
2024-07-15 15:12:42.604 [info] [Info  - 3:12:42 PM] (3707) Auto-excluding **/node_modules
2024-07-15 15:12:42.604 [info] [Info  - 3:12:42 PM] (3707) Auto-excluding **/__pycache__
2024-07-15 15:12:42.605 [info] [Info  - 3:12:42 PM] (3707) Auto-excluding **/.*
2024-07-15 15:12:42.710 [info] [Info  - 3:12:42 PM] (3707) Assuming Python version 3.8.10.final.0
2024-07-15 15:12:42.915 [info] [Info  - 3:12:42 PM] (3707) No source files found.
2024-07-15 15:12:44.058 [info] [Info  - 3:12:44 PM] (3707) Setting pythonPath for service "ndao": "/bin/python3"
2024-07-15 15:12:44.058 [info] [Info  - 3:12:44 PM] (3707) Setting environmentName for service "ndao": "3.8.10 (global)"
2024-07-15 15:12:44.058 [info] [Info  - 3:12:44 PM] (3707) No include entries specified; assuming /home/ndao
2024-07-15 15:12:44.058 [info] [Info  - 3:12:44 PM] (3707) Auto-excluding **/node_modules
2024-07-15 15:12:44.059 [info] [Info  - 3:12:44 PM] (3707) Auto-excluding **/__pycache__
2024-07-15 15:12:44.059 [info] [Info  - 3:12:44 PM] (3707) Auto-excluding **/.*
2024-07-15 15:12:44.144 [info] [Info  - 3:12:44 PM] (3707) Assuming Python version 3.8.10.final.0
2024-07-15 15:12:44.258 [info] [Info  - 3:12:44 PM] (3707) No source files found.
2024-07-15 15:12:54.403 [info] [Info  - 3:12:54 PM] (3707) Setting pythonPath for service "ndao": "/bin/python3"
2024-07-15 15:12:54.404 [info] [Info  - 3:12:54 PM] (3707) Setting environmentName for service "ndao": "3.8.10 (global)"
2024-07-15 15:12:54.404 [info] [Info  - 3:12:54 PM] (3707) No include entries specified; assuming /home/ndao
2024-07-15 15:12:54.404 [info] [Info  - 3:12:54 PM] (3707) Auto-excluding **/node_modules
2024-07-15 15:12:54.404 [info] [Info  - 3:12:54 PM] (3707) Auto-excluding **/__pycache__
2024-07-15 15:12:54.404 [info] [Info  - 3:12:54 PM] (3707) Auto-excluding **/.*
2024-07-15 15:12:54.523 [info] [Info  - 3:12:54 PM] (3707) Assuming Python version 3.8.10.final.0
2024-07-15 15:12:54.769 [info] [Info  - 3:12:54 PM] (3707) No source files found.
2024-07-15 15:12:58.193 [info] [Info  - 3:12:58 PM] (3707) Setting pythonPath for service "ndao": "/bin/python3"
2024-07-15 15:12:58.195 [info] [Info  - 3:12:58 PM] (3707) Setting environmentName for service "ndao": "3.8.10 (global)"
2024-07-15 15:12:58.196 [info] [Info  - 3:12:58 PM] (3707) No include entries specified; assuming /home/ndao
2024-07-15 15:12:58.197 [info] [Info  - 3:12:58 PM] (3707) Auto-excluding **/node_modules
2024-07-15 15:12:58.198 [info] [Info  - 3:12:58 PM] (3707) Auto-excluding **/__pycache__
2024-07-15 15:12:58.198 [info] [Info  - 3:12:58 PM] (3707) Auto-excluding **/.*
2024-07-15 15:12:58.262 [info] [Info  - 3:12:58 PM] (3707) Assuming Python version 3.8.10.final.0
2024-07-15 15:12:58.554 [info] [Info  - 3:12:58 PM] (3707) No source files found.
2024-07-15 15:22:08.686 [info] [Info  - 3:22:08 PM] (3707) Setting pythonPath for service "ndao": "/bin/python3"
2024-07-15 15:22:08.686 [info] [Info  - 3:22:08 PM] (3707) Setting environmentName for service "ndao": "3.8.10 (global)"
2024-07-15 15:22:08.687 [info] [Info  - 3:22:08 PM] (3707) No include entries specified; assuming /home/ndao
2024-07-15 15:22:08.687 [info] [Info  - 3:22:08 PM] (3707) Auto-excluding **/node_modules
2024-07-15 15:22:08.688 [info] [Info  - 3:22:08 PM] (3707) Auto-excluding **/__pycache__
2024-07-15 15:22:08.688 [info] [Info  - 3:22:08 PM] (3707) Auto-excluding **/.*
2024-07-15 15:22:08.765 [info] [Info  - 3:22:08 PM] (3707) Assuming Python version 3.8.10.final.0
2024-07-15 15:22:08.851 [info] [Info  - 3:22:08 PM] (3707) No source files found.
2024-07-15 15:22:11.651 [info] [Info  - 3:22:11 PM] (3707) Setting pythonPath for service "ndao": "/bin/python3"
2024-07-15 15:22:11.651 [info] [Info  - 3:22:11 PM] (3707) Setting environmentName for service "ndao": "3.8.10 (global)"
2024-07-15 15:22:11.652 [info] [Info  - 3:22:11 PM] (3707) No include entries specified; assuming /home/ndao
2024-07-15 15:22:11.652 [info] [Info  - 3:22:11 PM] (3707) Auto-excluding **/node_modules
2024-07-15 15:22:11.652 [info] [Info  - 3:22:11 PM] (3707) Auto-excluding **/__pycache__
2024-07-15 15:22:11.653 [info] [Info  - 3:22:11 PM] (3707) Auto-excluding **/.*
2024-07-15 15:22:11.748 [info] [Info  - 3:22:11 PM] (3707) Assuming Python version 3.8.10.final.0
2024-07-15 15:22:12.012 [info] [Info  - 3:22:12 PM] (3707) No source files found.
2024-07-15 15:29:31.341 [info] [Info  - 3:29:31 PM] (3707) Setting pythonPath for service "ndao": "/bin/python3"
2024-07-15 15:29:31.342 [info] [Info  - 3:29:31 PM] (3707) Setting environmentName for service "ndao": "3.8.10 (global)"
2024-07-15 15:29:31.353 [info] [Info  - 3:29:31 PM] (3707) No include entries specified; assuming /home/ndao
2024-07-15 15:29:31.393 [info] [Info  - 3:29:31 PM] (3707) Auto-excluding **/node_modules
2024-07-15 15:29:31.393 [info] [Info  - 3:29:31 PM] (3707) Auto-excluding **/__pycache__
2024-07-15 15:29:31.393 [info] [Info  - 3:29:31 PM] (3707) Auto-excluding **/.*
2024-07-15 15:29:31.425 [info] [Info  - 3:29:31 PM] (3707) Assuming Python version 3.8.10.final.0
2024-07-15 15:29:31.690 [info] [Info  - 3:29:31 PM] (3707) No source files found.
2024-07-15 15:29:32.427 [info] [Info  - 3:29:32 PM] (3707) Setting pythonPath for service "ndao": "/bin/python3"
2024-07-15 15:29:32.428 [info] [Info  - 3:29:32 PM] (3707) Setting environmentName for service "ndao": "3.8.10 (global)"
2024-07-15 15:29:32.429 [info] [Info  - 3:29:32 PM] (3707) No include entries specified; assuming /home/ndao
2024-07-15 15:29:32.430 [info] [Info  - 3:29:32 PM] (3707) Auto-excluding **/node_modules
2024-07-15 15:29:32.442 [info] [Info  - 3:29:32 PM] (3707) Auto-excluding **/__pycache__
2024-07-15 15:29:32.443 [info] [Info  - 3:29:32 PM] (3707) Auto-excluding **/.*
2024-07-15 15:29:32.530 [info] [Info  - 3:29:32 PM] (3707) Assuming Python version 3.8.10.final.0
2024-07-15 15:29:32.905 [info] [Info  - 3:29:32 PM] (3707) No source files found.
2024-07-15 15:29:33.004 [info] [Info  - 3:29:33 PM] (3707) Setting pythonPath for service "ndao": "/bin/python3"
2024-07-15 15:29:33.007 [info] [Info  - 3:29:33 PM] (3707) Setting environmentName for service "ndao": "3.8.10 (global)"
2024-07-15 15:29:33.008 [info] [Info  - 3:29:33 PM] (3707) No include entries specified; assuming /home/ndao
2024-07-15 15:29:33.009 [info] [Info  - 3:29:33 PM] (3707) Auto-excluding **/node_modules
2024-07-15 15:29:33.009 [info] [Info  - 3:29:33 PM] (3707) Auto-excluding **/__pycache__
2024-07-15 15:29:33.022 [info] [Info  - 3:29:33 PM] (3707) Auto-excluding **/.*
2024-07-15 15:29:33.164 [info] [Info  - 3:29:33 PM] (3707) Assuming Python version 3.8.10.final.0
2024-07-15 15:29:33.360 [info] [Info  - 3:29:33 PM] (3707) No source files found.
2024-07-15 15:29:34.286 [info] [Info  - 3:29:34 PM] (3707) Setting pythonPath for service "ndao": "/bin/python3"
2024-07-15 15:29:34.286 [info] [Info  - 3:29:34 PM] (3707) Setting environmentName for service "ndao": "3.8.10 (global)"
2024-07-15 15:29:34.286 [info] [Info  - 3:29:34 PM] (3707) No include entries specified; assuming /home/ndao
2024-07-15 15:29:34.286 [info] [Info  - 3:29:34 PM] (3707) Auto-excluding **/node_modules
2024-07-15 15:29:34.287 [info] [Info  - 3:29:34 PM] (3707) Auto-excluding **/__pycache__
2024-07-15 15:29:34.287 [info] [Info  - 3:29:34 PM] (3707) Auto-excluding **/.*
2024-07-15 15:29:34.855 [info] [Info  - 3:29:34 PM] (3707) Assuming Python version 3.8.10.final.0
2024-07-15 15:29:34.967 [info] [Info  - 3:29:34 PM] (3707) No source files found.
2024-07-15 15:29:37.328 [info] [Info  - 3:29:37 PM] (3707) Setting pythonPath for service "ndao": "/bin/python3"
2024-07-15 15:29:37.329 [info] [Info  - 3:29:37 PM] (3707) Setting environmentName for service "ndao": "3.8.10 (global)"
2024-07-15 15:29:37.329 [info] [Info  - 3:29:37 PM] (3707) No include entries specified; assuming /home/ndao
2024-07-15 15:29:37.329 [info] [Info  - 3:29:37 PM] (3707) Auto-excluding **/node_modules
2024-07-15 15:29:37.329 [info] [Info  - 3:29:37 PM] (3707) Auto-excluding **/__pycache__
2024-07-15 15:29:37.329 [info] [Info  - 3:29:37 PM] (3707) Auto-excluding **/.*
2024-07-15 15:29:37.389 [info] [Info  - 3:29:37 PM] (3707) Assuming Python version 3.8.10.final.0
2024-07-15 15:29:37.471 [info] [Info  - 3:29:37 PM] (3707) No source files found.
2024-07-15 15:29:38.274 [info] [Info  - 3:29:38 PM] (3707) Setting pythonPath for service "ndao": "/bin/python3"
2024-07-15 15:29:38.275 [info] [Info  - 3:29:38 PM] (3707) Setting environmentName for service "ndao": "3.8.10 (global)"
2024-07-15 15:29:38.278 [info] [Info  - 3:29:38 PM] (3707) No include entries specified; assuming /home/ndao
2024-07-15 15:29:38.288 [info] [Info  - 3:29:38 PM] (3707) Auto-excluding **/node_modules
2024-07-15 15:29:38.289 [info] [Info  - 3:29:38 PM] (3707) Auto-excluding **/__pycache__
2024-07-15 15:29:38.289 [info] [Info  - 3:29:38 PM] (3707) Auto-excluding **/.*
2024-07-15 15:29:38.335 [info] [Info  - 3:29:38 PM] (3707) Assuming Python version 3.8.10.final.0
2024-07-15 15:29:38.418 [info] [Info  - 3:29:38 PM] (3707) No source files found.
2024-07-15 15:29:43.360 [info] [Info  - 3:29:43 PM] (3707) Setting pythonPath for service "ndao": "/bin/python3"
2024-07-15 15:29:43.361 [info] [Info  - 3:29:43 PM] (3707) Setting environmentName for service "ndao": "3.8.10 (global)"
2024-07-15 15:29:43.366 [info] [Info  - 3:29:43 PM] (3707) No include entries specified; assuming /home/ndao
2024-07-15 15:29:43.366 [info] [Info  - 3:29:43 PM] (3707) Auto-excluding **/node_modules
2024-07-15 15:29:43.367 [info] [Info  - 3:29:43 PM] (3707) Auto-excluding **/__pycache__
2024-07-15 15:29:43.367 [info] [Info  - 3:29:43 PM] (3707) Auto-excluding **/.*
2024-07-15 15:29:43.414 [info] [Info  - 3:29:43 PM] (3707) Assuming Python version 3.8.10.final.0
2024-07-15 15:29:43.502 [info] [Info  - 3:29:43 PM] (3707) No source files found.
2024-07-15 15:29:47.042 [info] [Info  - 3:29:47 PM] (3707) Setting pythonPath for service "ndao": "/bin/python3"
2024-07-15 15:29:47.042 [info] [Info  - 3:29:47 PM] (3707) Setting environmentName for service "ndao": "3.8.10 (global)"
2024-07-15 15:29:47.063 [info] [Info  - 3:29:47 PM] (3707) No include entries specified; assuming /home/ndao
2024-07-15 15:29:47.063 [info] [Info  - 3:29:47 PM] (3707) Auto-excluding **/node_modules
2024-07-15 15:29:47.063 [info] [Info  - 3:29:47 PM] (3707) Auto-excluding **/__pycache__
2024-07-15 15:29:47.064 [info] [Info  - 3:29:47 PM] (3707) Auto-excluding **/.*
2024-07-15 15:29:47.109 [info] [Info  - 3:29:47 PM] (3707) Assuming Python version 3.8.10.final.0
2024-07-15 15:29:47.205 [info] [Info  - 3:29:47 PM] (3707) No source files found.
2024-07-15 15:29:50.478 [info] [Info  - 3:29:50 PM] (3707) Setting pythonPath for service "ndao": "/bin/python3"
2024-07-15 15:29:50.480 [info] [Info  - 3:29:50 PM] (3707) Setting environmentName for service "ndao": "3.8.10 (global)"
2024-07-15 15:29:50.484 [info] [Info  - 3:29:50 PM] (3707) No include entries specified; assuming /home/ndao
2024-07-15 15:29:50.486 [info] [Info  - 3:29:50 PM] (3707) Auto-excluding **/node_modules
2024-07-15 15:29:50.487 [info] [Info  - 3:29:50 PM] (3707) Auto-excluding **/__pycache__
2024-07-15 15:29:50.488 [info] [Info  - 3:29:50 PM] (3707) Auto-excluding **/.*
2024-07-15 15:29:50.601 [info] [Info  - 3:29:50 PM] (3707) Assuming Python version 3.8.10.final.0
2024-07-15 15:29:50.902 [info] [Info  - 3:29:50 PM] (3707) No source files found.
2024-07-15 15:29:58.915 [info] [Info  - 3:29:58 PM] (3707) Setting pythonPath for service "ndao": "/bin/python3"
2024-07-15 15:29:58.915 [info] [Info  - 3:29:58 PM] (3707) Setting environmentName for service "ndao": "3.8.10 (global)"
2024-07-15 15:29:58.915 [info] [Info  - 3:29:58 PM] (3707) No include entries specified; assuming /home/ndao
2024-07-15 15:29:58.915 [info] [Info  - 3:29:58 PM] (3707) Auto-excluding **/node_modules
2024-07-15 15:29:58.915 [info] [Info  - 3:29:58 PM] (3707) Auto-excluding **/__pycache__
2024-07-15 15:29:58.915 [info] [Info  - 3:29:58 PM] (3707) Auto-excluding **/.*
2024-07-15 15:29:58.992 [info] [Info  - 3:29:58 PM] (3707) Assuming Python version 3.8.10.final.0
2024-07-15 15:29:59.086 [info] [Info  - 3:29:59 PM] (3707) No source files found.
2024-07-15 15:33:17.596 [info] [Info  - 3:33:17 PM] (3707) Setting pythonPath for service "ndao": "/bin/python3"
2024-07-15 15:33:17.597 [info] [Info  - 3:33:17 PM] (3707) Setting environmentName for service "ndao": "3.8.10 (global)"
2024-07-15 15:33:17.597 [info] [Info  - 3:33:17 PM] (3707) No include entries specified; assuming /home/ndao
2024-07-15 15:33:17.598 [info] [Info  - 3:33:17 PM] (3707) Auto-excluding **/node_modules
2024-07-15 15:33:17.599 [info] [Info  - 3:33:17 PM] (3707) Auto-excluding **/__pycache__
2024-07-15 15:33:17.600 [info] [Info  - 3:33:17 PM] (3707) Auto-excluding **/.*
2024-07-15 15:33:17.707 [info] [Info  - 3:33:17 PM] (3707) Assuming Python version 3.8.10.final.0
2024-07-15 15:33:18.038 [info] [Info  - 3:33:18 PM] (3707) No source files found.
2024-07-15 15:33:18.280 [info] [Info  - 3:33:18 PM] (3707) Setting pythonPath for service "ndao": "/bin/python3"
2024-07-15 15:33:18.280 [info] [Info  - 3:33:18 PM] (3707) Setting environmentName for service "ndao": "3.8.10 (global)"
2024-07-15 15:33:18.289 [info] [Info  - 3:33:18 PM] (3707) No include entries specified; assuming /home/ndao
2024-07-15 15:33:18.289 [info] [Info  - 3:33:18 PM] (3707) Auto-excluding **/node_modules
2024-07-15 15:33:18.289 [info] [Info  - 3:33:18 PM] (3707) Auto-excluding **/__pycache__
2024-07-15 15:33:18.289 [info] [Info  - 3:33:18 PM] (3707) Auto-excluding **/.*
2024-07-15 15:33:18.351 [info] [Info  - 3:33:18 PM] (3707) Assuming Python version 3.8.10.final.0
2024-07-15 15:33:18.616 [info] [Info  - 3:33:18 PM] (3707) No source files found.
2024-07-15 15:33:20.562 [info] [Info  - 3:33:20 PM] (3707) Setting pythonPath for service "ndao": "/bin/python3"
2024-07-15 15:33:20.562 [info] [Info  - 3:33:20 PM] (3707) Setting environmentName for service "ndao": "3.8.10 (global)"
2024-07-15 15:33:20.564 [info] [Info  - 3:33:20 PM] (3707) No include entries specified; assuming /home/ndao
2024-07-15 15:33:20.565 [info] [Info  - 3:33:20 PM] (3707) Auto-excluding **/node_modules
2024-07-15 15:33:20.565 [info] [Info  - 3:33:20 PM] (3707) Auto-excluding **/__pycache__
2024-07-15 15:33:20.565 [info] [Info  - 3:33:20 PM] (3707) Auto-excluding **/.*
2024-07-15 15:33:20.638 [info] [Info  - 3:33:20 PM] (3707) Assuming Python version 3.8.10.final.0
2024-07-15 15:33:20.743 [info] [Info  - 3:33:20 PM] (3707) No source files found.
2024-07-15 15:33:27.994 [info] [Info  - 3:33:27 PM] (3707) Setting pythonPath for service "ndao": "/bin/python3"
2024-07-15 15:33:27.995 [info] [Info  - 3:33:27 PM] (3707) Setting environmentName for service "ndao": "3.8.10 (global)"
2024-07-15 15:33:27.996 [info] [Info  - 3:33:27 PM] (3707) No include entries specified; assuming /home/ndao
2024-07-15 15:33:27.996 [info] [Info  - 3:33:27 PM] (3707) Auto-excluding **/node_modules
2024-07-15 15:33:27.997 [info] [Info  - 3:33:27 PM] (3707) Auto-excluding **/__pycache__
2024-07-15 15:33:27.997 [info] [Info  - 3:33:27 PM] (3707) Auto-excluding **/.*
2024-07-15 15:33:28.090 [info] [Info  - 3:33:28 PM] (3707) Assuming Python version 3.8.10.final.0
2024-07-15 15:33:28.306 [info] [Info  - 3:33:28 PM] (3707) No source files found.
2024-07-15 15:33:29.095 [info] [Info  - 3:33:29 PM] (3707) Setting pythonPath for service "ndao": "/bin/python3"
2024-07-15 15:33:29.096 [info] [Info  - 3:33:29 PM] (3707) Setting environmentName for service "ndao": "3.8.10 (global)"
2024-07-15 15:33:29.096 [info] [Info  - 3:33:29 PM] (3707) No include entries specified; assuming /home/ndao
2024-07-15 15:33:29.096 [info] [Info  - 3:33:29 PM] (3707) Auto-excluding **/node_modules
2024-07-15 15:33:29.096 [info] [Info  - 3:33:29 PM] (3707) Auto-excluding **/__pycache__
2024-07-15 15:33:29.096 [info] [Info  - 3:33:29 PM] (3707) Auto-excluding **/.*
2024-07-15 15:33:29.174 [info] [Info  - 3:33:29 PM] (3707) Assuming Python version 3.8.10.final.0
2024-07-15 15:33:29.269 [info] [Info  - 3:33:29 PM] (3707) No source files found.
2024-07-15 15:34:17.845 [info] [Info  - 3:34:17 PM] (3707) Setting pythonPath for service "ndao": "/bin/python3"
2024-07-15 15:34:17.846 [info] [Info  - 3:34:17 PM] (3707) Setting environmentName for service "ndao": "3.8.10 (global)"
2024-07-15 15:34:17.846 [info] [Info  - 3:34:17 PM] (3707) No include entries specified; assuming /home/ndao
2024-07-15 15:34:17.846 [info] [Info  - 3:34:17 PM] (3707) Auto-excluding **/node_modules
2024-07-15 15:34:17.846 [info] [Info  - 3:34:17 PM] (3707) Auto-excluding **/__pycache__
2024-07-15 15:34:17.846 [info] [Info  - 3:34:17 PM] (3707) Auto-excluding **/.*
2024-07-15 15:34:17.974 [info] [Info  - 3:34:17 PM] (3707) Assuming Python version 3.8.10.final.0
2024-07-15 15:34:18.081 [info] [Info  - 3:34:18 PM] (3707) No source files found.
2024-07-15 15:38:43.684 [info] [Info  - 3:38:43 PM] (3707) Setting pythonPath for service "ndao": "/bin/python3"
2024-07-15 15:38:43.691 [info] [Info  - 3:38:43 PM] (3707) Setting environmentName for service "ndao": "3.8.10 (global)"
2024-07-15 15:38:43.691 [info] [Info  - 3:38:43 PM] (3707) No include entries specified; assuming /home/ndao
2024-07-15 15:38:43.691 [info] [Info  - 3:38:43 PM] (3707) Auto-excluding **/node_modules
2024-07-15 15:38:43.691 [info] [Info  - 3:38:43 PM] (3707) Auto-excluding **/__pycache__
2024-07-15 15:38:43.691 [info] [Info  - 3:38:43 PM] (3707) Auto-excluding **/.*
2024-07-15 15:38:43.764 [info] [Info  - 3:38:43 PM] (3707) Assuming Python version 3.8.10.final.0
2024-07-15 15:38:43.866 [info] [Info  - 3:38:43 PM] (3707) No source files found.
2024-07-15 15:38:46.760 [info] [Info  - 3:38:46 PM] (3707) Setting pythonPath for service "ndao": "/bin/python3"
2024-07-15 15:38:46.761 [info] [Info  - 3:38:46 PM] (3707) Setting environmentName for service "ndao": "3.8.10 (global)"
2024-07-15 15:38:46.761 [info] [Info  - 3:38:46 PM] (3707) No include entries specified; assuming /home/ndao
2024-07-15 15:38:46.761 [info] [Info  - 3:38:46 PM] (3707) Auto-excluding **/node_modules
2024-07-15 15:38:46.761 [info] [Info  - 3:38:46 PM] (3707) Auto-excluding **/__pycache__
2024-07-15 15:38:46.761 [info] [Info  - 3:38:46 PM] (3707) Auto-excluding **/.*
2024-07-15 15:38:46.822 [info] [Info  - 3:38:46 PM] (3707) Assuming Python version 3.8.10.final.0
2024-07-15 15:38:47.104 [info] [Info  - 3:38:47 PM] (3707) No source files found.
