2024-06-26 07:40:25.968 [info] Log level: Info
2024-06-26 07:40:25.968 [info] Validating found git in: "git"
2024-06-26 07:40:25.968 [info] Using git "2.25.1" from "git"
2024-06-26 07:40:25.968 [info] > git rev-parse --show-toplevel [41ms]
2024-06-26 07:40:25.968 [info] > git rev-parse --git-dir --git-common-dir [18ms]
2024-06-26 07:40:25.968 [info] Open repository: /home/ndao
2024-06-26 07:40:26.091 [info] > git rev-parse --show-toplevel [110ms]
2024-06-26 07:40:26.092 [info] > git config --get commit.template [114ms]
2024-06-26 07:40:26.621 [info] > git check-ignore -v -z --stdin [31ms]
2024-06-26 07:40:26.646 [info] > git rev-parse --show-toplevel [109ms]
2024-06-26 07:40:26.676 [info] > git for-each-ref --format=%(refname)%00%(upstream:short)%00%(objectname)%00%(upstream:track)%00%(upstream:remotename)%00%(upstream:remoteref) refs/heads/main refs/remotes/main [81ms]
2024-06-26 07:40:26.679 [info] > git rev-parse --show-toplevel [9ms]
2024-06-26 07:40:26.749 [info] > git rev-parse --show-toplevel [14ms]
2024-06-26 07:40:26.775 [info] > git rev-parse --show-toplevel [14ms]
2024-06-26 07:40:26.847 [info] > git rev-parse --show-toplevel [68ms]
2024-06-26 07:40:26.911 [info] > git status -z -uall [155ms]
2024-06-26 07:40:26.911 [info] > git rev-parse --show-toplevel [60ms]
2024-06-26 07:40:26.951 [info] > git merge-base refs/heads/main refs/remotes/origin/main [16ms]
2024-06-26 07:40:26.956 [info] > git rev-parse --show-toplevel [31ms]
2024-06-26 07:40:27.016 [info] > git config --get commit.template [65ms]
2024-06-26 07:40:27.030 [info] > git rev-parse --show-toplevel [69ms]
2024-06-26 07:40:27.031 [info] > git rev-list --count --left-right refs/heads/main...refs/remotes/origin/main [75ms]
2024-06-26 07:40:27.064 [info] > git diff --name-status -z --diff-filter=ADMR 09321a231599954a6d17436ef774f5c8bf8313e7...refs/remotes/origin/main [29ms]
2024-06-26 07:40:27.067 [info] > git rev-parse --show-toplevel [3ms]
2024-06-26 07:40:27.067 [info] > git for-each-ref --format=%(refname)%00%(upstream:short)%00%(objectname)%00%(upstream:track)%00%(upstream:remotename)%00%(upstream:remoteref) refs/heads/main refs/remotes/main [7ms]
2024-06-26 07:40:27.077 [info] > git rev-parse --git-dir --git-common-dir [4ms]
2024-06-26 07:40:27.082 [info] Open repository: /home/ndao/DB_Provisionning
2024-06-26 07:40:27.095 [info] > git config --get commit.template [7ms]
2024-06-26 07:40:27.095 [info] > git rev-parse --show-toplevel [5ms]
2024-06-26 07:40:27.117 [info] > git show --textconv :Github.yml [13ms]
2024-06-26 07:40:27.142 [info] > git for-each-ref --format=%(refname)%00%(upstream:short)%00%(objectname)%00%(upstream:track)%00%(upstream:remotename)%00%(upstream:remoteref) refs/heads/master refs/remotes/master [26ms]
2024-06-26 07:40:27.146 [info] > git ls-files --stage -- /home/ndao/Github.yml [34ms]
2024-06-26 07:40:27.155 [info] > git status -z -uall [10ms]
2024-06-26 07:40:27.156 [info] > git cat-file -s 56f1162f3f877434a737cd33e23f6ab8dfdbf9ee [7ms]
2024-06-26 07:40:27.173 [info] > git config --get commit.template [2ms]
2024-06-26 07:40:27.185 [info] > git for-each-ref --format=%(refname)%00%(upstream:short)%00%(objectname)%00%(upstream:track)%00%(upstream:remotename)%00%(upstream:remoteref) refs/heads/master refs/remotes/master [7ms]
2024-06-26 07:40:27.191 [info] > git status -z -uall [97ms]
2024-06-26 07:40:27.191 [info] > git status -z -uall [2ms]
2024-06-26 07:40:27.646 [info] > git check-ignore -v -z --stdin [6ms]
2024-06-26 07:48:14.533 [info] > git config --get commit.template [2ms]
2024-06-26 07:48:14.539 [info] > git for-each-ref --format=%(refname)%00%(upstream:short)%00%(objectname)%00%(upstream:track)%00%(upstream:remotename)%00%(upstream:remoteref) refs/heads/main refs/remotes/main [2ms]
2024-06-26 07:48:14.634 [info] > git status -z -uall [89ms]
2024-06-26 07:48:16.556 [info] > git check-ignore -v -z --stdin [10ms]
2024-06-26 07:48:16.637 [info] > git check-ignore -v -z --stdin [107ms]
2024-06-26 07:48:19.670 [info] > git config --get commit.template [11ms]
2024-06-26 07:48:19.671 [info] > git for-each-ref --format=%(refname)%00%(upstream:short)%00%(objectname)%00%(upstream:track)%00%(upstream:remotename)%00%(upstream:remoteref) refs/heads/main refs/remotes/main [3ms]
2024-06-26 07:48:19.773 [info] > git status -z -uall [95ms]
2024-06-26 08:12:09.665 [info] > git check-ignore -v -z --stdin [29ms]
2024-06-26 08:35:06.539 [info] > git config --get commit.template [5ms]
2024-06-26 08:35:06.541 [info] > git config --get commit.template [2ms]
2024-06-26 08:35:06.573 [info] > git for-each-ref --format=%(refname)%00%(upstream:short)%00%(objectname)%00%(upstream:track)%00%(upstream:remotename)%00%(upstream:remoteref) refs/heads/master refs/remotes/master [10ms]
2024-06-26 08:35:06.580 [info] > git for-each-ref --format=%(refname)%00%(upstream:short)%00%(objectname)%00%(upstream:track)%00%(upstream:remotename)%00%(upstream:remoteref) refs/heads/main refs/remotes/main [8ms]
2024-06-26 08:35:06.581 [info] > git status -z -uall [3ms]
2024-06-26 08:35:06.674 [info] > git status -z -uall [86ms]
2024-06-26 08:35:09.137 [info] > git show --textconv :mysql_setup/vars/credentials.yaml [14ms]
2024-06-26 08:35:09.156 [info] > git ls-files --stage -- /home/ndao/mysql_setup/vars/credentials.yaml [29ms]
2024-06-26 08:35:09.164 [info] > git cat-file -s 6c091cd9e9dda38e2bda2bfd899c0bd66ec00337 [2ms]
2024-06-26 08:35:11.613 [info] > git config --get commit.template [13ms]
2024-06-26 08:35:11.615 [info] > git for-each-ref --format=%(refname)%00%(upstream:short)%00%(objectname)%00%(upstream:track)%00%(upstream:remotename)%00%(upstream:remoteref) refs/heads/master refs/remotes/master [4ms]
2024-06-26 08:35:11.632 [info] > git status -z -uall [6ms]
2024-06-26 08:35:11.711 [info] > git config --get commit.template [12ms]
2024-06-26 08:35:11.714 [info] > git for-each-ref --format=%(refname)%00%(upstream:short)%00%(objectname)%00%(upstream:track)%00%(upstream:remotename)%00%(upstream:remoteref) refs/heads/main refs/remotes/main [5ms]
2024-06-26 08:35:11.817 [info] > git status -z -uall [92ms]
2024-06-26 08:49:38.671 [info] > git config --get commit.template [3ms]
2024-06-26 08:49:38.672 [info] > git config --get commit.template [8ms]
2024-06-26 08:49:38.678 [info] > git for-each-ref --format=%(refname)%00%(upstream:short)%00%(objectname)%00%(upstream:track)%00%(upstream:remotename)%00%(upstream:remoteref) refs/heads/master refs/remotes/master [3ms]
2024-06-26 08:49:38.682 [info] > git for-each-ref --format=%(refname)%00%(upstream:short)%00%(objectname)%00%(upstream:track)%00%(upstream:remotename)%00%(upstream:remoteref) refs/heads/main refs/remotes/main [4ms]
2024-06-26 08:49:38.686 [info] > git status -z -uall [4ms]
2024-06-26 08:49:38.809 [info] > git status -z -uall [101ms]
2024-06-26 08:49:39.995 [info] > git show --textconv :credentials.yaml [7ms]
2024-06-26 08:49:39.999 [info] > git ls-files --stage -- /home/ndao/credentials.yaml [6ms]
2024-06-26 08:49:40.003 [info] > git cat-file -s 2c4e6ce4cfc18faf41ad595f9eaa06c01c8f2a3b [1ms]
2024-06-26 08:49:43.712 [info] > git config --get commit.template [4ms]
2024-06-26 08:49:43.712 [info] > git for-each-ref --format=%(refname)%00%(upstream:short)%00%(objectname)%00%(upstream:track)%00%(upstream:remotename)%00%(upstream:remoteref) refs/heads/master refs/remotes/master [1ms]
2024-06-26 08:49:43.716 [info] > git status -z -uall [2ms]
2024-06-26 08:49:43.824 [info] > git config --get commit.template [4ms]
2024-06-26 08:49:43.825 [info] > git for-each-ref --format=%(refname)%00%(upstream:short)%00%(objectname)%00%(upstream:track)%00%(upstream:remotename)%00%(upstream:remoteref) refs/heads/main refs/remotes/main [1ms]
2024-06-26 08:49:43.874 [info] > git status -z -uall [45ms]
2024-06-26 08:49:46.833 [info] > git show --textconv :mysql_setup/vars/credentials.yaml [12ms]
2024-06-26 08:49:46.841 [info] > git ls-files --stage -- /home/ndao/mysql_setup/vars/credentials.yaml [9ms]
2024-06-26 08:49:46.849 [info] > git cat-file -s 6c091cd9e9dda38e2bda2bfd899c0bd66ec00337 [3ms]
2024-06-26 08:49:48.904 [info] > git config --get commit.template [5ms]
2024-06-26 08:49:48.904 [info] > git for-each-ref --format=%(refname)%00%(upstream:short)%00%(objectname)%00%(upstream:track)%00%(upstream:remotename)%00%(upstream:remoteref) refs/heads/main refs/remotes/main [1ms]
2024-06-26 08:49:48.986 [info] > git status -z -uall [78ms]
2024-06-26 08:49:54.016 [info] > git config --get commit.template [2ms]
2024-06-26 08:49:54.023 [info] > git for-each-ref --format=%(refname)%00%(upstream:short)%00%(objectname)%00%(upstream:track)%00%(upstream:remotename)%00%(upstream:remoteref) refs/heads/main refs/remotes/main [2ms]
2024-06-26 08:49:54.151 [info] > git status -z -uall [122ms]
