2024-06-07 10:04:07.077 [info] Log level: Info
2024-06-07 10:04:07.077 [info] Validating found git in: "git"
2024-06-07 10:04:07.077 [info] Using git "2.25.1" from "git"
2024-06-07 10:04:07.077 [info] > git rev-parse --show-toplevel [84ms]
2024-06-07 10:04:07.077 [info] > git rev-parse --git-dir --git-common-dir [19ms]
2024-06-07 10:04:07.077 [info] Open repository: /home/ndao
2024-06-07 10:04:07.241 [info] > git rev-parse --show-toplevel [156ms]
2024-06-07 10:04:07.242 [info] > git config --get commit.template [160ms]
2024-06-07 10:04:07.337 [info] > git rev-parse --show-toplevel [32ms]
2024-06-07 10:04:07.345 [info] > git for-each-ref --format=%(refname)%00%(upstream:short)%00%(objectname)%00%(upstream:track)%00%(upstream:remotename)%00%(upstream:remoteref) refs/heads/main refs/remotes/main [12ms]
2024-06-07 10:04:07.975 [info] > git rev-parse --show-toplevel [632ms]
2024-06-07 10:04:08.030 [info] > git check-ignore -v -z --stdin [49ms]
2024-06-07 10:04:08.034 [info] > git rev-parse --show-toplevel [46ms]
2024-06-07 10:04:08.130 [info] > git rev-parse --show-toplevel [9ms]
2024-06-07 10:04:08.145 [info] > git rev-parse --show-toplevel [4ms]
2024-06-07 10:04:08.154 [info] > git rev-parse --show-toplevel [2ms]
2024-06-07 10:04:08.291 [info] > git rev-parse --show-toplevel [120ms]
2024-06-07 10:04:08.308 [info] > git rev-parse --show-toplevel [10ms]
2024-06-07 10:04:08.319 [info] > git status -z -uall [193ms]
2024-06-07 10:04:08.319 [info] > git rev-parse --show-toplevel [6ms]
2024-06-07 10:04:10.234 [info] > git merge-base refs/heads/main refs/remotes/origin/main [1839ms]
2024-06-07 10:04:10.258 [info] > git rev-list --count --left-right refs/heads/main...refs/remotes/origin/main [11ms]
2024-06-07 10:04:10.268 [info] > git config --get commit.template [64ms]
2024-06-07 10:04:10.278 [info] > git diff --name-status -z --diff-filter=ADMR be3370facd740a38c7661dc2a634c76ff494dca7...refs/remotes/origin/main [11ms]
2024-06-07 10:04:10.314 [info] > git for-each-ref --format=%(refname)%00%(upstream:short)%00%(objectname)%00%(upstream:track)%00%(upstream:remotename)%00%(upstream:remoteref) refs/heads/main refs/remotes/main [38ms]
2024-06-07 10:04:10.672 [info] > git status -z -uall [338ms]
2024-06-07 10:04:14.204 [info] > git config --get commit.template [4ms]
2024-06-07 10:04:14.204 [info] > git for-each-ref --format=%(refname)%00%(upstream:short)%00%(objectname)%00%(upstream:track)%00%(upstream:remotename)%00%(upstream:remoteref) refs/heads/main refs/remotes/main [1ms]
2024-06-07 10:04:14.306 [info] > git status -z -uall [97ms]
2024-06-07 10:04:19.743 [info] > git config --get commit.template [15ms]
2024-06-07 10:04:19.745 [info] > git for-each-ref --format=%(refname)%00%(upstream:short)%00%(objectname)%00%(upstream:track)%00%(upstream:remotename)%00%(upstream:remoteref) refs/heads/main refs/remotes/main [4ms]
2024-06-07 10:04:20.030 [info] > git status -z -uall [276ms]
2024-06-07 10:04:25.621 [info] > git config --get commit.template [10ms]
2024-06-07 10:04:25.622 [info] > git for-each-ref --format=%(refname)%00%(upstream:short)%00%(objectname)%00%(upstream:track)%00%(upstream:remotename)%00%(upstream:remoteref) refs/heads/main refs/remotes/main [3ms]
2024-06-07 10:04:25.864 [info] > git status -z -uall [233ms]
2024-06-07 10:04:31.335 [info] > git config --get commit.template [17ms]
2024-06-07 10:04:31.343 [info] > git for-each-ref --format=%(refname)%00%(upstream:short)%00%(objectname)%00%(upstream:track)%00%(upstream:remotename)%00%(upstream:remoteref) refs/heads/main refs/remotes/main [10ms]
2024-06-07 10:04:31.681 [info] > git status -z -uall [323ms]
2024-06-07 10:04:37.183 [info] > git config --get commit.template [12ms]
2024-06-07 10:04:37.185 [info] > git for-each-ref --format=%(refname)%00%(upstream:short)%00%(objectname)%00%(upstream:track)%00%(upstream:remotename)%00%(upstream:remoteref) refs/heads/main refs/remotes/main [4ms]
2024-06-07 10:04:37.402 [info] > git status -z -uall [204ms]
2024-06-07 10:04:42.838 [info] > git config --get commit.template [12ms]
2024-06-07 10:04:42.840 [info] > git for-each-ref --format=%(refname)%00%(upstream:short)%00%(objectname)%00%(upstream:track)%00%(upstream:remotename)%00%(upstream:remoteref) refs/heads/main refs/remotes/main [4ms]
2024-06-07 10:04:43.078 [info] > git status -z -uall [226ms]
2024-06-07 10:04:48.667 [info] > git config --get commit.template [9ms]
2024-06-07 10:04:48.669 [info] > git for-each-ref --format=%(refname)%00%(upstream:short)%00%(objectname)%00%(upstream:track)%00%(upstream:remotename)%00%(upstream:remoteref) refs/heads/main refs/remotes/main [3ms]
2024-06-07 10:04:48.921 [info] > git status -z -uall [244ms]
2024-06-07 10:04:54.485 [info] > git config --get commit.template [14ms]
2024-06-07 10:04:54.486 [info] > git for-each-ref --format=%(refname)%00%(upstream:short)%00%(objectname)%00%(upstream:track)%00%(upstream:remotename)%00%(upstream:remoteref) refs/heads/main refs/remotes/main [3ms]
2024-06-07 10:04:54.652 [info] > git status -z -uall [155ms]
2024-06-07 10:05:00.058 [info] > git config --get commit.template [15ms]
2024-06-07 10:05:00.062 [info] > git for-each-ref --format=%(refname)%00%(upstream:short)%00%(objectname)%00%(upstream:track)%00%(upstream:remotename)%00%(upstream:remoteref) refs/heads/main refs/remotes/main [5ms]
2024-06-07 10:05:00.352 [info] > git status -z -uall [278ms]
2024-06-07 10:05:05.912 [info] > git config --get commit.template [14ms]
2024-06-07 10:05:05.916 [info] > git for-each-ref --format=%(refname)%00%(upstream:short)%00%(objectname)%00%(upstream:track)%00%(upstream:remotename)%00%(upstream:remoteref) refs/heads/main refs/remotes/main [5ms]
2024-06-07 10:05:06.199 [info] > git status -z -uall [271ms]
2024-06-07 10:05:11.759 [info] > git config --get commit.template [4ms]
2024-06-07 10:05:11.786 [info] > git for-each-ref --format=%(refname)%00%(upstream:short)%00%(objectname)%00%(upstream:track)%00%(upstream:remotename)%00%(upstream:remoteref) refs/heads/main refs/remotes/main [11ms]
2024-06-07 10:05:11.973 [info] > git status -z -uall [167ms]
2024-06-07 10:05:17.505 [info] > git config --get commit.template [13ms]
2024-06-07 10:05:17.508 [info] > git for-each-ref --format=%(refname)%00%(upstream:short)%00%(objectname)%00%(upstream:track)%00%(upstream:remotename)%00%(upstream:remoteref) refs/heads/main refs/remotes/main [4ms]
2024-06-07 10:05:17.730 [info] > git status -z -uall [211ms]
2024-06-07 10:05:24.734 [info] > git config --get commit.template [13ms]
2024-06-07 10:05:24.736 [info] > git for-each-ref --format=%(refname)%00%(upstream:short)%00%(objectname)%00%(upstream:track)%00%(upstream:remotename)%00%(upstream:remoteref) refs/heads/main refs/remotes/main [3ms]
2024-06-07 10:05:25.001 [info] > git status -z -uall [253ms]
2024-06-07 10:05:30.462 [info] > git config --get commit.template [14ms]
2024-06-07 10:05:30.464 [info] > git for-each-ref --format=%(refname)%00%(upstream:short)%00%(objectname)%00%(upstream:track)%00%(upstream:remotename)%00%(upstream:remoteref) refs/heads/main refs/remotes/main [3ms]
2024-06-07 10:05:30.642 [info] > git status -z -uall [165ms]
2024-06-07 10:05:36.045 [info] > git config --get commit.template [9ms]
2024-06-07 10:05:36.046 [info] > git for-each-ref --format=%(refname)%00%(upstream:short)%00%(objectname)%00%(upstream:track)%00%(upstream:remotename)%00%(upstream:remoteref) refs/heads/main refs/remotes/main [2ms]
2024-06-07 10:05:36.231 [info] > git status -z -uall [178ms]
2024-06-07 10:05:41.631 [info] > git config --get commit.template [4ms]
2024-06-07 10:05:41.642 [info] > git for-each-ref --format=%(refname)%00%(upstream:short)%00%(objectname)%00%(upstream:track)%00%(upstream:remotename)%00%(upstream:remoteref) refs/heads/main refs/remotes/main [3ms]
2024-06-07 10:05:41.803 [info] > git status -z -uall [153ms]
2024-06-07 10:05:47.238 [info] > git config --get commit.template [16ms]
2024-06-07 10:05:47.240 [info] > git for-each-ref --format=%(refname)%00%(upstream:short)%00%(objectname)%00%(upstream:track)%00%(upstream:remotename)%00%(upstream:remoteref) refs/heads/main refs/remotes/main [5ms]
2024-06-07 10:05:47.468 [info] > git status -z -uall [215ms]
2024-06-07 10:05:52.870 [info] > git config --get commit.template [18ms]
2024-06-07 10:05:52.871 [info] > git for-each-ref --format=%(refname)%00%(upstream:short)%00%(objectname)%00%(upstream:track)%00%(upstream:remotename)%00%(upstream:remoteref) refs/heads/main refs/remotes/main [5ms]
2024-06-07 10:05:53.200 [info] > git status -z -uall [310ms]
2024-06-07 10:05:56.448 [info] > git show --textconv :mysql_setup/sql_setup.yml [17ms]
2024-06-07 10:05:56.464 [info] > git ls-files --stage -- /home/ndao/mysql_setup/sql_setup.yml [18ms]
2024-06-07 10:05:56.480 [info] > git cat-file -s 5c5b9b855e62d3718558fc898b2780bd8a662a5a [3ms]
2024-06-07 10:05:59.022 [info] > git config --get commit.template [12ms]
2024-06-07 10:05:59.024 [info] > git for-each-ref --format=%(refname)%00%(upstream:short)%00%(objectname)%00%(upstream:track)%00%(upstream:remotename)%00%(upstream:remoteref) refs/heads/main refs/remotes/main [3ms]
2024-06-07 10:05:59.333 [info] > git status -z -uall [297ms]
2024-06-07 10:06:01.992 [info] > git show --textconv :mysql_setup/test_user.yml [99ms]
2024-06-07 10:06:01.992 [info] > git ls-files --stage -- /home/ndao/mysql_setup/test_user.yml [93ms]
2024-06-07 10:06:05.445 [info] > git config --get commit.template [4ms]
2024-06-07 10:06:05.458 [info] > git for-each-ref --format=%(refname)%00%(upstream:short)%00%(objectname)%00%(upstream:track)%00%(upstream:remotename)%00%(upstream:remoteref) refs/heads/main refs/remotes/main [4ms]
2024-06-07 10:06:05.629 [info] > git status -z -uall [159ms]
2024-06-07 10:06:11.112 [info] > git config --get commit.template [12ms]
2024-06-07 10:06:11.114 [info] > git for-each-ref --format=%(refname)%00%(upstream:short)%00%(objectname)%00%(upstream:track)%00%(upstream:remotename)%00%(upstream:remoteref) refs/heads/main refs/remotes/main [4ms]
2024-06-07 10:06:11.420 [info] > git status -z -uall [294ms]
2024-06-07 10:06:16.999 [info] > git config --get commit.template [4ms]
2024-06-07 10:06:17.014 [info] > git for-each-ref --format=%(refname)%00%(upstream:short)%00%(objectname)%00%(upstream:track)%00%(upstream:remotename)%00%(upstream:remoteref) refs/heads/main refs/remotes/main [4ms]
2024-06-07 10:06:17.216 [info] > git status -z -uall [189ms]
2024-06-07 10:06:22.672 [info] > git config --get commit.template [13ms]
2024-06-07 10:06:22.673 [info] > git for-each-ref --format=%(refname)%00%(upstream:short)%00%(objectname)%00%(upstream:track)%00%(upstream:remotename)%00%(upstream:remoteref) refs/heads/main refs/remotes/main [4ms]
2024-06-07 10:06:22.852 [info] > git status -z -uall [166ms]
2024-06-07 10:06:28.252 [info] > git config --get commit.template [13ms]
2024-06-07 10:06:28.256 [info] > git for-each-ref --format=%(refname)%00%(upstream:short)%00%(objectname)%00%(upstream:track)%00%(upstream:remotename)%00%(upstream:remoteref) refs/heads/main refs/remotes/main [5ms]
2024-06-07 10:06:28.415 [info] > git status -z -uall [148ms]
2024-06-07 10:06:33.841 [info] > git config --get commit.template [13ms]
2024-06-07 10:06:33.844 [info] > git for-each-ref --format=%(refname)%00%(upstream:short)%00%(objectname)%00%(upstream:track)%00%(upstream:remotename)%00%(upstream:remoteref) refs/heads/main refs/remotes/main [4ms]
2024-06-07 10:06:34.011 [info] > git status -z -uall [155ms]
2024-06-07 10:06:39.433 [info] > git config --get commit.template [13ms]
2024-06-07 10:06:39.435 [info] > git for-each-ref --format=%(refname)%00%(upstream:short)%00%(objectname)%00%(upstream:track)%00%(upstream:remotename)%00%(upstream:remoteref) refs/heads/main refs/remotes/main [4ms]
2024-06-07 10:06:39.688 [info] > git status -z -uall [239ms]
2024-06-07 10:06:45.178 [info] > git config --get commit.template [16ms]
2024-06-07 10:06:45.181 [info] > git for-each-ref --format=%(refname)%00%(upstream:short)%00%(objectname)%00%(upstream:track)%00%(upstream:remotename)%00%(upstream:remoteref) refs/heads/main refs/remotes/main [4ms]
2024-06-07 10:06:45.394 [info] > git status -z -uall [201ms]
2024-06-07 10:06:50.860 [info] > git config --get commit.template [14ms]
2024-06-07 10:06:50.862 [info] > git for-each-ref --format=%(refname)%00%(upstream:short)%00%(objectname)%00%(upstream:track)%00%(upstream:remotename)%00%(upstream:remoteref) refs/heads/main refs/remotes/main [4ms]
2024-06-07 10:06:51.026 [info] > git status -z -uall [152ms]
2024-06-07 10:06:56.543 [info] > git config --get commit.template [17ms]
2024-06-07 10:06:56.546 [info] > git for-each-ref --format=%(refname)%00%(upstream:short)%00%(objectname)%00%(upstream:track)%00%(upstream:remotename)%00%(upstream:remoteref) refs/heads/main refs/remotes/main [9ms]
2024-06-07 10:06:56.788 [info] > git status -z -uall [230ms]
2024-06-07 10:07:02.244 [info] > git config --get commit.template [14ms]
2024-06-07 10:07:02.246 [info] > git for-each-ref --format=%(refname)%00%(upstream:short)%00%(objectname)%00%(upstream:track)%00%(upstream:remotename)%00%(upstream:remoteref) refs/heads/main refs/remotes/main [4ms]
2024-06-07 10:07:02.447 [info] > git status -z -uall [188ms]
2024-06-07 10:07:07.846 [info] > git config --get commit.template [7ms]
2024-06-07 10:07:07.847 [info] > git for-each-ref --format=%(refname)%00%(upstream:short)%00%(objectname)%00%(upstream:track)%00%(upstream:remotename)%00%(upstream:remoteref) refs/heads/main refs/remotes/main [2ms]
2024-06-07 10:07:08.009 [info] > git status -z -uall [155ms]
2024-06-07 10:07:13.524 [info] > git config --get commit.template [13ms]
2024-06-07 10:07:13.526 [info] > git for-each-ref --format=%(refname)%00%(upstream:short)%00%(objectname)%00%(upstream:track)%00%(upstream:remotename)%00%(upstream:remoteref) refs/heads/main refs/remotes/main [4ms]
2024-06-07 10:07:13.740 [info] > git status -z -uall [202ms]
2024-06-07 10:07:19.227 [info] > git config --get commit.template [12ms]
2024-06-07 10:07:19.229 [info] > git for-each-ref --format=%(refname)%00%(upstream:short)%00%(objectname)%00%(upstream:track)%00%(upstream:remotename)%00%(upstream:remoteref) refs/heads/main refs/remotes/main [3ms]
2024-06-07 10:07:19.404 [info] > git status -z -uall [163ms]
2024-06-07 10:07:24.908 [info] > git config --get commit.template [14ms]
2024-06-07 10:07:24.911 [info] > git for-each-ref --format=%(refname)%00%(upstream:short)%00%(objectname)%00%(upstream:track)%00%(upstream:remotename)%00%(upstream:remoteref) refs/heads/main refs/remotes/main [4ms]
2024-06-07 10:07:25.132 [info] > git status -z -uall [209ms]
2024-06-07 10:07:30.525 [info] > git config --get commit.template [13ms]
2024-06-07 10:07:30.527 [info] > git for-each-ref --format=%(refname)%00%(upstream:short)%00%(objectname)%00%(upstream:track)%00%(upstream:remotename)%00%(upstream:remoteref) refs/heads/main refs/remotes/main [4ms]
2024-06-07 10:07:30.716 [info] > git status -z -uall [178ms]
2024-06-07 10:07:36.202 [info] > git config --get commit.template [12ms]
2024-06-07 10:07:36.204 [info] > git for-each-ref --format=%(refname)%00%(upstream:short)%00%(objectname)%00%(upstream:track)%00%(upstream:remotename)%00%(upstream:remoteref) refs/heads/main refs/remotes/main [4ms]
2024-06-07 10:07:36.371 [info] > git status -z -uall [155ms]
2024-06-07 10:07:41.794 [info] > git config --get commit.template [8ms]
2024-06-07 10:07:41.795 [info] > git for-each-ref --format=%(refname)%00%(upstream:short)%00%(objectname)%00%(upstream:track)%00%(upstream:remotename)%00%(upstream:remoteref) refs/heads/main refs/remotes/main [2ms]
2024-06-07 10:07:41.965 [info] > git status -z -uall [163ms]
2024-06-07 10:07:47.519 [info] > git config --get commit.template [11ms]
2024-06-07 10:07:47.521 [info] > git for-each-ref --format=%(refname)%00%(upstream:short)%00%(objectname)%00%(upstream:track)%00%(upstream:remotename)%00%(upstream:remoteref) refs/heads/main refs/remotes/main [3ms]
2024-06-07 10:07:47.649 [info] > git status -z -uall [120ms]
2024-06-07 10:07:53.089 [info] > git config --get commit.template [6ms]
2024-06-07 10:07:53.091 [info] > git for-each-ref --format=%(refname)%00%(upstream:short)%00%(objectname)%00%(upstream:track)%00%(upstream:remotename)%00%(upstream:remoteref) refs/heads/main refs/remotes/main [1ms]
2024-06-07 10:07:53.226 [info] > git status -z -uall [127ms]
2024-06-07 10:07:58.712 [info] > git config --get commit.template [12ms]
2024-06-07 10:07:58.714 [info] > git for-each-ref --format=%(refname)%00%(upstream:short)%00%(objectname)%00%(upstream:track)%00%(upstream:remotename)%00%(upstream:remoteref) refs/heads/main refs/remotes/main [3ms]
2024-06-07 10:07:58.878 [info] > git status -z -uall [151ms]
2024-06-07 10:08:04.342 [info] > git config --get commit.template [12ms]
2024-06-07 10:08:04.345 [info] > git for-each-ref --format=%(refname)%00%(upstream:short)%00%(objectname)%00%(upstream:track)%00%(upstream:remotename)%00%(upstream:remoteref) refs/heads/main refs/remotes/main [4ms]
2024-06-07 10:08:04.515 [info] > git status -z -uall [158ms]
2024-06-07 10:08:09.954 [info] > git config --get commit.template [6ms]
2024-06-07 10:08:09.955 [info] > git for-each-ref --format=%(refname)%00%(upstream:short)%00%(objectname)%00%(upstream:track)%00%(upstream:remotename)%00%(upstream:remoteref) refs/heads/main refs/remotes/main [2ms]
2024-06-07 10:08:10.058 [info] > git status -z -uall [98ms]
2024-06-07 10:08:15.472 [info] > git config --get commit.template [13ms]
2024-06-07 10:08:15.474 [info] > git for-each-ref --format=%(refname)%00%(upstream:short)%00%(objectname)%00%(upstream:track)%00%(upstream:remotename)%00%(upstream:remoteref) refs/heads/main refs/remotes/main [3ms]
2024-06-07 10:08:15.674 [info] > git status -z -uall [188ms]
2024-06-07 10:08:21.129 [info] > git config --get commit.template [14ms]
2024-06-07 10:08:21.131 [info] > git for-each-ref --format=%(refname)%00%(upstream:short)%00%(objectname)%00%(upstream:track)%00%(upstream:remotename)%00%(upstream:remoteref) refs/heads/main refs/remotes/main [5ms]
2024-06-07 10:08:21.359 [info] > git status -z -uall [215ms]
2024-06-07 10:08:26.806 [info] > git config --get commit.template [13ms]
2024-06-07 10:08:26.808 [info] > git for-each-ref --format=%(refname)%00%(upstream:short)%00%(objectname)%00%(upstream:track)%00%(upstream:remotename)%00%(upstream:remoteref) refs/heads/main refs/remotes/main [3ms]
2024-06-07 10:08:27.044 [info] > git status -z -uall [225ms]
2024-06-07 10:08:32.748 [info] > git config --get commit.template [15ms]
2024-06-07 10:08:32.753 [info] > git for-each-ref --format=%(refname)%00%(upstream:short)%00%(objectname)%00%(upstream:track)%00%(upstream:remotename)%00%(upstream:remoteref) refs/heads/main refs/remotes/main [8ms]
2024-06-07 10:08:33.026 [info] > git status -z -uall [261ms]
2024-06-07 10:08:38.432 [info] > git config --get commit.template [14ms]
2024-06-07 10:08:38.433 [info] > git for-each-ref --format=%(refname)%00%(upstream:short)%00%(objectname)%00%(upstream:track)%00%(upstream:remotename)%00%(upstream:remoteref) refs/heads/main refs/remotes/main [3ms]
2024-06-07 10:08:38.635 [info] > git status -z -uall [189ms]
2024-06-07 10:08:44.124 [info] > git config --get commit.template [7ms]
2024-06-07 10:08:44.125 [info] > git for-each-ref --format=%(refname)%00%(upstream:short)%00%(objectname)%00%(upstream:track)%00%(upstream:remotename)%00%(upstream:remoteref) refs/heads/main refs/remotes/main [2ms]
2024-06-07 10:08:44.286 [info] > git status -z -uall [155ms]
2024-06-07 10:08:49.889 [info] > git config --get commit.template [13ms]
2024-06-07 10:08:49.891 [info] > git for-each-ref --format=%(refname)%00%(upstream:short)%00%(objectname)%00%(upstream:track)%00%(upstream:remotename)%00%(upstream:remoteref) refs/heads/main refs/remotes/main [3ms]
2024-06-07 10:08:50.100 [info] > git status -z -uall [196ms]
2024-06-07 10:08:55.643 [info] > git config --get commit.template [15ms]
2024-06-07 10:08:55.644 [info] > git for-each-ref --format=%(refname)%00%(upstream:short)%00%(objectname)%00%(upstream:track)%00%(upstream:remotename)%00%(upstream:remoteref) refs/heads/main refs/remotes/main [2ms]
2024-06-07 10:08:55.844 [info] > git status -z -uall [188ms]
2024-06-07 10:09:01.308 [info] > git config --get commit.template [10ms]
2024-06-07 10:09:01.310 [info] > git for-each-ref --format=%(refname)%00%(upstream:short)%00%(objectname)%00%(upstream:track)%00%(upstream:remotename)%00%(upstream:remoteref) refs/heads/main refs/remotes/main [3ms]
2024-06-07 10:09:01.519 [info] > git status -z -uall [199ms]
2024-06-07 10:09:07.026 [info] > git config --get commit.template [12ms]
2024-06-07 10:09:07.028 [info] > git for-each-ref --format=%(refname)%00%(upstream:short)%00%(objectname)%00%(upstream:track)%00%(upstream:remotename)%00%(upstream:remoteref) refs/heads/main refs/remotes/main [3ms]
2024-06-07 10:09:07.242 [info] > git status -z -uall [202ms]
2024-06-07 10:09:12.795 [info] > git config --get commit.template [15ms]
2024-06-07 10:09:12.796 [info] > git for-each-ref --format=%(refname)%00%(upstream:short)%00%(objectname)%00%(upstream:track)%00%(upstream:remotename)%00%(upstream:remoteref) refs/heads/main refs/remotes/main [4ms]
2024-06-07 10:09:13.117 [info] > git status -z -uall [307ms]
2024-06-07 10:09:18.521 [info] > git config --get commit.template [12ms]
2024-06-07 10:09:18.523 [info] > git for-each-ref --format=%(refname)%00%(upstream:short)%00%(objectname)%00%(upstream:track)%00%(upstream:remotename)%00%(upstream:remoteref) refs/heads/main refs/remotes/main [3ms]
2024-06-07 10:09:18.699 [info] > git status -z -uall [164ms]
2024-06-07 10:09:24.125 [info] > git config --get commit.template [11ms]
2024-06-07 10:09:24.140 [info] > git for-each-ref --format=%(refname)%00%(upstream:short)%00%(objectname)%00%(upstream:track)%00%(upstream:remotename)%00%(upstream:remoteref) refs/heads/main refs/remotes/main [4ms]
2024-06-07 10:09:24.349 [info] > git status -z -uall [196ms]
2024-06-07 10:09:29.861 [info] > git config --get commit.template [12ms]
2024-06-07 10:09:29.863 [info] > git for-each-ref --format=%(refname)%00%(upstream:short)%00%(objectname)%00%(upstream:track)%00%(upstream:remotename)%00%(upstream:remoteref) refs/heads/main refs/remotes/main [4ms]
2024-06-07 10:09:30.033 [info] > git status -z -uall [157ms]
2024-06-07 10:09:35.497 [info] > git config --get commit.template [18ms]
2024-06-07 10:09:35.502 [info] > git for-each-ref --format=%(refname)%00%(upstream:short)%00%(objectname)%00%(upstream:track)%00%(upstream:remotename)%00%(upstream:remoteref) refs/heads/main refs/remotes/main [9ms]
2024-06-07 10:09:35.680 [info] > git status -z -uall [161ms]
2024-06-07 10:09:41.146 [info] > git config --get commit.template [6ms]
2024-06-07 10:09:41.147 [info] > git for-each-ref --format=%(refname)%00%(upstream:short)%00%(objectname)%00%(upstream:track)%00%(upstream:remotename)%00%(upstream:remoteref) refs/heads/main refs/remotes/main [2ms]
2024-06-07 10:09:41.262 [info] > git status -z -uall [110ms]
2024-06-07 10:09:46.705 [info] > git config --get commit.template [4ms]
2024-06-07 10:09:46.712 [info] > git for-each-ref --format=%(refname)%00%(upstream:short)%00%(objectname)%00%(upstream:track)%00%(upstream:remotename)%00%(upstream:remoteref) refs/heads/main refs/remotes/main [2ms]
2024-06-07 10:09:46.823 [info] > git status -z -uall [106ms]
2024-06-07 10:09:52.193 [info] > git config --get commit.template [9ms]
2024-06-07 10:09:52.195 [info] > git for-each-ref --format=%(refname)%00%(upstream:short)%00%(objectname)%00%(upstream:track)%00%(upstream:remotename)%00%(upstream:remoteref) refs/heads/main refs/remotes/main [3ms]
2024-06-07 10:09:52.422 [info] > git status -z -uall [218ms]
2024-06-07 10:10:08.834 [info] > git config --get commit.template [8ms]
2024-06-07 10:10:08.852 [info] > git for-each-ref --format=%(refname)%00%(upstream:short)%00%(objectname)%00%(upstream:track)%00%(upstream:remotename)%00%(upstream:remoteref) refs/heads/main refs/remotes/main [4ms]
2024-06-07 10:10:09.104 [info] > git status -z -uall [236ms] (cancelled)
2024-06-07 10:10:30.932 [info] > git check-ignore -v -z --stdin [10ms]
2024-06-07 10:10:31.906 [info] > git check-ignore -v -z --stdin [27ms]
2024-06-07 10:11:14.432 [info] > git show --textconv :mysql_setup/provisioning.yml [30ms]
2024-06-07 10:11:14.451 [info] > git ls-files --stage -- /home/ndao/mysql_setup/provisioning.yml [24ms]
2024-06-07 10:11:21.703 [info] > git show --textconv :mysql_setup/vars/mysql_vars.yml [18ms]
2024-06-07 10:11:21.711 [info] > git ls-files --stage -- /home/ndao/mysql_setup/vars/mysql_vars.yml [11ms]
2024-06-07 10:11:21.719 [info] > git cat-file -s 0da8d5fc2be527528b4cfdf341e731133e9debd2 [2ms]
2024-06-07 10:11:26.191 [info] > git show --textconv :mysql_setup/sql_setup.yml [11ms]
2024-06-07 10:11:26.197 [info] > git ls-files --stage -- /home/ndao/mysql_setup/sql_setup.yml [7ms]
2024-06-07 10:11:26.205 [info] > git cat-file -s 5c5b9b855e62d3718558fc898b2780bd8a662a5a [2ms]
2024-06-07 10:11:46.774 [info] > git show --textconv :mysql_setup/provisioning.yml [9ms]
2024-06-07 10:11:46.781 [info] > git ls-files --stage -- /home/ndao/mysql_setup/provisioning.yml [8ms]
2024-06-07 10:11:53.021 [info] > git show --textconv :mysql_setup/sql_setup.yml [26ms]
2024-06-07 10:11:53.041 [info] > git ls-files --stage -- /home/ndao/mysql_setup/sql_setup.yml [22ms]
2024-06-07 10:11:53.057 [info] > git cat-file -s 5c5b9b855e62d3718558fc898b2780bd8a662a5a [5ms]
2024-06-07 10:12:04.492 [info] > git show --textconv :mysql_setup/provisioning.yml [24ms]
2024-06-07 10:12:04.509 [info] > git ls-files --stage -- /home/ndao/mysql_setup/provisioning.yml [19ms]
2024-06-07 10:13:11.220 [info] > git show --textconv :mysql_setup/vars/mysql_vars.yml [10ms]
2024-06-07 10:13:11.226 [info] > git ls-files --stage -- /home/ndao/mysql_setup/vars/mysql_vars.yml [7ms]
2024-06-07 10:13:11.232 [info] > git cat-file -s 0da8d5fc2be527528b4cfdf341e731133e9debd2 [1ms]
2024-06-07 10:14:32.560 [info] > git show --textconv :mysql_setup/provisioning.yml [32ms]
2024-06-07 10:14:32.586 [info] > git ls-files --stage -- /home/ndao/mysql_setup/provisioning.yml [30ms]
2024-06-07 10:15:59.229 [info] > git show --textconv :mysql_setup/vars/mysql_vars.yml [37ms]
2024-06-07 10:15:59.250 [info] > git ls-files --stage -- /home/ndao/mysql_setup/vars/mysql_vars.yml [29ms]
2024-06-07 10:15:59.270 [info] > git cat-file -s 0da8d5fc2be527528b4cfdf341e731133e9debd2 [6ms]
2024-06-07 10:19:00.156 [info] > git show --textconv :mysql_setup/sql_setup.yml [10ms]
2024-06-07 10:19:00.162 [info] > git ls-files --stage -- /home/ndao/mysql_setup/sql_setup.yml [7ms]
2024-06-07 10:19:00.169 [info] > git cat-file -s 5c5b9b855e62d3718558fc898b2780bd8a662a5a [2ms]
2024-06-07 10:19:09.262 [info] > git show --textconv :mysql_setup/provisioning.yml [21ms]
2024-06-07 10:19:09.277 [info] > git ls-files --stage -- /home/ndao/mysql_setup/provisioning.yml [17ms]
2024-06-07 10:23:44.559 [info] > git show --textconv :mysql_setup/mysql_setup.yml [14ms]
2024-06-07 10:23:44.573 [info] > git ls-files --stage -- /home/ndao/mysql_setup/mysql_setup.yml [16ms]
2024-06-07 10:23:44.582 [info] > git cat-file -s c429e7e06dcea4ba0e22d443d3c6b62d79e8f9aa [2ms]
2024-06-07 10:23:54.740 [info] > git show --textconv :mysql_setup/provisioning.yml [29ms]
2024-06-07 10:23:54.756 [info] > git ls-files --stage -- /home/ndao/mysql_setup/provisioning.yml [19ms]
2024-06-07 10:24:03.425 [info] > git show --textconv :mysql_setup/vars/mysql_vars.yml [29ms]
2024-06-07 10:24:03.442 [info] > git ls-files --stage -- /home/ndao/mysql_setup/vars/mysql_vars.yml [22ms]
2024-06-07 10:24:03.467 [info] > git cat-file -s 0da8d5fc2be527528b4cfdf341e731133e9debd2 [6ms]
2024-06-07 10:24:05.885 [info] > git show --textconv :mysql_setup/mysql_setup.yml [10ms]
2024-06-07 10:24:05.899 [info] > git ls-files --stage -- /home/ndao/mysql_setup/mysql_setup.yml [17ms]
2024-06-07 10:24:05.911 [info] > git cat-file -s c429e7e06dcea4ba0e22d443d3c6b62d79e8f9aa [3ms]
2024-06-07 10:24:12.026 [info] > git show --textconv :mysql_setup/provisioning.yml [14ms]
2024-06-07 10:24:12.036 [info] > git ls-files --stage -- /home/ndao/mysql_setup/provisioning.yml [11ms]
2024-06-07 10:24:28.576 [info] > git show --textconv :mysql_setup/mysql_setup.yml [13ms]
2024-06-07 10:24:28.589 [info] > git ls-files --stage -- /home/ndao/mysql_setup/mysql_setup.yml [14ms]
2024-06-07 10:24:28.602 [info] > git cat-file -s c429e7e06dcea4ba0e22d443d3c6b62d79e8f9aa [4ms]
2024-06-07 10:24:44.877 [info] > git show --textconv :mysql_setup/provisioning.yml [30ms]
2024-06-07 10:24:44.894 [info] > git ls-files --stage -- /home/ndao/mysql_setup/provisioning.yml [32ms]
2024-06-07 10:24:58.160 [info] > git show --textconv :mysql_setup/vars/mysql_vars.yml [15ms]
2024-06-07 10:24:58.167 [info] > git ls-files --stage -- /home/ndao/mysql_setup/vars/mysql_vars.yml [7ms]
2024-06-07 10:24:58.174 [info] > git cat-file -s 0da8d5fc2be527528b4cfdf341e731133e9debd2 [2ms]
2024-06-07 10:24:58.789 [info] > git show --textconv :mysql_setup/sql_setup.yml [18ms]
2024-06-07 10:24:58.800 [info] > git ls-files --stage -- /home/ndao/mysql_setup/sql_setup.yml [12ms]
2024-06-07 10:24:58.812 [info] > git cat-file -s 5c5b9b855e62d3718558fc898b2780bd8a662a5a [3ms]
2024-06-07 10:25:36.341 [info] > git show --textconv :mysql_setup/provisioning.yml [17ms]
2024-06-07 10:25:36.352 [info] > git ls-files --stage -- /home/ndao/mysql_setup/provisioning.yml [15ms]
2024-06-07 10:25:44.276 [info] > git show --textconv :mysql_setup/sql_setup.yml [17ms]
2024-06-07 10:25:44.285 [info] > git ls-files --stage -- /home/ndao/mysql_setup/sql_setup.yml [12ms]
2024-06-07 10:25:44.296 [info] > git cat-file -s 5c5b9b855e62d3718558fc898b2780bd8a662a5a [2ms]
2024-06-07 10:37:07.222 [info] > git show --textconv :mysql_setup/mysql_setup.yml [9ms]
2024-06-07 10:37:07.227 [info] > git ls-files --stage -- /home/ndao/mysql_setup/mysql_setup.yml [6ms]
2024-06-07 10:37:07.233 [info] > git cat-file -s c429e7e06dcea4ba0e22d443d3c6b62d79e8f9aa [1ms]
2024-06-07 10:37:41.184 [info] > git show --textconv :mysql_setup/sql_setup.yml [15ms]
2024-06-07 10:37:41.194 [info] > git ls-files --stage -- /home/ndao/mysql_setup/sql_setup.yml [11ms]
2024-06-07 10:37:41.203 [info] > git cat-file -s 5c5b9b855e62d3718558fc898b2780bd8a662a5a [2ms]
2024-06-07 10:37:44.444 [info] > git show --textconv :mysql_setup/test_user.yml [26ms]
2024-06-07 10:37:44.456 [info] > git ls-files --stage -- /home/ndao/mysql_setup/test_user.yml [16ms]
2024-06-07 10:38:15.923 [info] > git show --textconv :mysql_setup/shell_script.sh [31ms]
2024-06-07 10:38:15.936 [info] > git ls-files --stage -- /home/ndao/mysql_setup/shell_script.sh [17ms]
2024-06-07 10:38:23.943 [info] > git show --textconv :mysql_setup/vars/mysql_vars.yml [15ms]
2024-06-07 10:38:23.949 [info] > git ls-files --stage -- /home/ndao/mysql_setup/vars/mysql_vars.yml [8ms]
2024-06-07 10:38:23.958 [info] > git cat-file -s 0da8d5fc2be527528b4cfdf341e731133e9debd2 [2ms]
2024-06-07 10:38:50.056 [info] > git show --textconv :mysql_setup/sql_setup.yml [11ms]
2024-06-07 10:38:50.064 [info] > git ls-files --stage -- /home/ndao/mysql_setup/sql_setup.yml [9ms]
2024-06-07 10:38:50.070 [info] > git cat-file -s 5c5b9b855e62d3718558fc898b2780bd8a662a5a [1ms]
2024-06-07 10:46:03.400 [info] > git show --textconv :mysql_setup/mysql_setup.yml [10ms]
2024-06-07 10:46:03.404 [info] > git ls-files --stage -- /home/ndao/mysql_setup/mysql_setup.yml [6ms]
2024-06-07 10:46:03.411 [info] > git cat-file -s c429e7e06dcea4ba0e22d443d3c6b62d79e8f9aa [2ms]
2024-06-07 10:48:47.102 [info] > git show --textconv :mysql_setup/sql_setup.yml [25ms]
2024-06-07 10:48:47.119 [info] > git ls-files --stage -- /home/ndao/mysql_setup/sql_setup.yml [19ms]
2024-06-07 10:48:47.138 [info] > git cat-file -s 5c5b9b855e62d3718558fc898b2780bd8a662a5a [5ms]
2024-06-07 10:50:26.218 [info] > git show --textconv :mysql_setup/vars/mysql_vars.yml [20ms]
2024-06-07 10:50:26.226 [info] > git ls-files --stage -- /home/ndao/mysql_setup/vars/mysql_vars.yml [13ms]
2024-06-07 10:50:26.235 [info] > git cat-file -s 0da8d5fc2be527528b4cfdf341e731133e9debd2 [2ms]
2024-06-07 10:50:31.702 [info] > git show --textconv :mysql_setup/sql_setup.yml [9ms]
2024-06-07 10:50:31.709 [info] > git ls-files --stage -- /home/ndao/mysql_setup/sql_setup.yml [7ms]
2024-06-07 10:50:31.715 [info] > git cat-file -s 5c5b9b855e62d3718558fc898b2780bd8a662a5a [1ms]
2024-06-07 10:54:01.201 [info] > git show --textconv :mysql_setup/mysql_setup.yml [10ms]
2024-06-07 10:54:01.207 [info] > git ls-files --stage -- /home/ndao/mysql_setup/mysql_setup.yml [6ms]
2024-06-07 10:54:01.214 [info] > git cat-file -s c429e7e06dcea4ba0e22d443d3c6b62d79e8f9aa [2ms]
2024-06-07 10:54:07.007 [info] > git show --textconv :mysql_setup/sql_setup.yml [22ms]
2024-06-07 10:54:07.018 [info] > git ls-files --stage -- /home/ndao/mysql_setup/sql_setup.yml [13ms]
2024-06-07 10:54:07.034 [info] > git cat-file -s 5c5b9b855e62d3718558fc898b2780bd8a662a5a [4ms]
2024-06-07 11:10:05.018 [info] > git show --textconv :mysql_setup/mysql_setup.yml [24ms]
2024-06-07 11:10:05.033 [info] > git ls-files --stage -- /home/ndao/mysql_setup/mysql_setup.yml [17ms]
2024-06-07 11:10:05.050 [info] > git cat-file -s c429e7e06dcea4ba0e22d443d3c6b62d79e8f9aa [4ms]
2024-06-07 11:10:11.837 [info] > git show --textconv :mysql_setup/sql_setup.yml [32ms]
2024-06-07 11:10:11.856 [info] > git ls-files --stage -- /home/ndao/mysql_setup/sql_setup.yml [21ms]
2024-06-07 11:10:11.878 [info] > git cat-file -s 5c5b9b855e62d3718558fc898b2780bd8a662a5a [6ms]
2024-06-07 11:10:17.471 [info] > git show --textconv :mysql_setup/mysql_setup.yml [27ms]
2024-06-07 11:10:17.483 [info] > git ls-files --stage -- /home/ndao/mysql_setup/mysql_setup.yml [15ms]
2024-06-07 11:10:17.499 [info] > git cat-file -s c429e7e06dcea4ba0e22d443d3c6b62d79e8f9aa [4ms]
2024-06-07 11:10:26.685 [info] > git show --textconv :mysql_setup/test_user.yml [14ms]
2024-06-07 11:10:26.691 [info] > git ls-files --stage -- /home/ndao/mysql_setup/test_user.yml [9ms]
2024-06-07 11:10:28.514 [info] > git show --textconv :mysql_setup/mysql_setup.yml [11ms]
2024-06-07 11:10:28.519 [info] > git ls-files --stage -- /home/ndao/mysql_setup/mysql_setup.yml [5ms]
2024-06-07 11:10:28.525 [info] > git cat-file -s c429e7e06dcea4ba0e22d443d3c6b62d79e8f9aa [1ms]
2024-06-07 11:10:40.262 [info] > git show --textconv :mysql_setup/sql_setup.yml [25ms]
2024-06-07 11:10:40.277 [info] > git ls-files --stage -- /home/ndao/mysql_setup/sql_setup.yml [18ms]
2024-06-07 11:10:40.294 [info] > git cat-file -s 5c5b9b855e62d3718558fc898b2780bd8a662a5a [4ms]
2024-06-07 11:13:12.322 [info] > git show --textconv :mysql_setup/shell_script.sh [10ms]
2024-06-07 11:13:12.328 [info] > git ls-files --stage -- /home/ndao/mysql_setup/shell_script.sh [6ms]
2024-06-07 11:13:22.133 [info] > git show --textconv :mysql_setup/sql_setup.yml [15ms]
2024-06-07 11:13:22.141 [info] > git ls-files --stage -- /home/ndao/mysql_setup/sql_setup.yml [9ms]
2024-06-07 11:13:22.150 [info] > git cat-file -s 5c5b9b855e62d3718558fc898b2780bd8a662a5a [2ms]
2024-06-07 11:26:16.295 [info] > git show --textconv :mysql_setup/shell_script.sh [12ms]
2024-06-07 11:26:16.304 [info] > git ls-files --stage -- /home/ndao/mysql_setup/shell_script.sh [8ms]
2024-06-07 11:26:41.465 [info] > git show --textconv :mysql_setup/vars/mysql_vars.yml [15ms]
2024-06-07 11:26:41.473 [info] > git ls-files --stage -- /home/ndao/mysql_setup/vars/mysql_vars.yml [10ms]
2024-06-07 11:26:41.482 [info] > git cat-file -s 0da8d5fc2be527528b4cfdf341e731133e9debd2 [3ms]
2024-06-07 11:26:43.590 [info] > git show --textconv :mysql_setup/shell_script.sh [13ms]
2024-06-07 11:26:43.598 [info] > git ls-files --stage -- /home/ndao/mysql_setup/shell_script.sh [9ms]
2024-06-07 11:28:54.009 [info] > git show --textconv :mysql_setup/sql_setup.yml [22ms]
2024-06-07 11:28:54.020 [info] > git ls-files --stage -- /home/ndao/mysql_setup/sql_setup.yml [12ms]
2024-06-07 11:28:54.036 [info] > git cat-file -s 5c5b9b855e62d3718558fc898b2780bd8a662a5a [4ms]
2024-06-07 11:29:04.795 [info] > git show --textconv :mysql_setup/shell_script.sh [30ms]
2024-06-07 11:29:04.814 [info] > git ls-files --stage -- /home/ndao/mysql_setup/shell_script.sh [20ms]
2024-06-07 11:40:58.670 [info] > git show --textconv :mysql_setup/vars/mysql_vars.yml [40ms]
2024-06-07 11:40:58.696 [info] > git ls-files --stage -- /home/ndao/mysql_setup/vars/mysql_vars.yml [32ms]
2024-06-07 11:40:58.724 [info] > git cat-file -s 0da8d5fc2be527528b4cfdf341e731133e9debd2 [12ms]
2024-06-07 11:42:03.113 [info] > git show --textconv :mysql_setup/sql_setup.yml [26ms]
2024-06-07 11:42:03.131 [info] > git ls-files --stage -- /home/ndao/mysql_setup/sql_setup.yml [20ms]
2024-06-07 11:42:03.152 [info] > git cat-file -s 5c5b9b855e62d3718558fc898b2780bd8a662a5a [5ms]
2024-06-07 11:51:23.611 [info] > git show --textconv :mysql_setup/shell_script.sh [26ms]
2024-06-07 11:51:23.631 [info] > git ls-files --stage -- /home/ndao/mysql_setup/shell_script.sh [21ms]
2024-06-07 11:51:25.445 [info] > git show --textconv :mysql_setup/sql_setup.yml [9ms]
2024-06-07 11:51:25.449 [info] > git ls-files --stage -- /home/ndao/mysql_setup/sql_setup.yml [6ms]
2024-06-07 11:51:25.456 [info] > git cat-file -s 5c5b9b855e62d3718558fc898b2780bd8a662a5a [1ms]
2024-06-07 12:08:20.749 [info] > git show --textconv :mysql_setup/sql_backup.yml [28ms]
2024-06-07 12:08:20.759 [info] > git ls-files --stage -- /home/ndao/mysql_setup/sql_backup.yml [12ms]
2024-06-07 12:08:20.766 [info] > git cat-file -s e9598f1d1e38cef992cea26c5c8c6438a8cfffad [2ms]
2024-06-07 12:08:24.090 [info] > git show --textconv :mysql_setup/sql_setup.yml [12ms]
2024-06-07 12:08:24.100 [info] > git ls-files --stage -- /home/ndao/mysql_setup/sql_setup.yml [11ms]
2024-06-07 12:08:24.109 [info] > git cat-file -s 5c5b9b855e62d3718558fc898b2780bd8a662a5a [2ms]
2024-06-07 12:09:36.838 [info] > git show --textconv :mysql_setup/sql_backup.yml [27ms]
2024-06-07 12:09:36.904 [info] > git ls-files --stage -- /home/ndao/mysql_setup/sql_backup.yml [75ms]
2024-06-07 12:09:36.914 [info] > git cat-file -s e9598f1d1e38cef992cea26c5c8c6438a8cfffad [2ms]
2024-06-07 12:09:39.634 [info] > git show --textconv :mysql_setup/sql_setup.yml [22ms]
2024-06-07 12:09:39.672 [info] > git ls-files --stage -- /home/ndao/mysql_setup/sql_setup.yml [40ms]
2024-06-07 12:09:39.704 [info] > git cat-file -s 5c5b9b855e62d3718558fc898b2780bd8a662a5a [15ms]
2024-06-07 12:10:15.179 [info] > git show --textconv :mysql_setup/vars/mysql_vars.yml [22ms]
2024-06-07 12:10:15.193 [info] > git ls-files --stage -- /home/ndao/mysql_setup/vars/mysql_vars.yml [17ms]
2024-06-07 12:10:15.210 [info] > git cat-file -s 0da8d5fc2be527528b4cfdf341e731133e9debd2 [6ms]
2024-06-07 12:10:16.764 [info] > git show --textconv :mysql_setup/sql_setup.yml [17ms]
2024-06-07 12:10:16.770 [info] > git ls-files --stage -- /home/ndao/mysql_setup/sql_setup.yml [7ms]
2024-06-07 12:10:16.778 [info] > git cat-file -s 5c5b9b855e62d3718558fc898b2780bd8a662a5a [2ms]
2024-06-07 12:10:23.762 [info] > git show --textconv :mysql_setup/sql_backup.yml [24ms]
2024-06-07 12:10:23.775 [info] > git ls-files --stage -- /home/ndao/mysql_setup/sql_backup.yml [15ms]
2024-06-07 12:10:23.792 [info] > git cat-file -s e9598f1d1e38cef992cea26c5c8c6438a8cfffad [5ms]
2024-06-07 12:10:25.271 [info] > git show --textconv :mysql_setup/sql_setup.yml [8ms]
2024-06-07 12:10:25.276 [info] > git ls-files --stage -- /home/ndao/mysql_setup/sql_setup.yml [5ms]
2024-06-07 12:10:25.282 [info] > git cat-file -s 5c5b9b855e62d3718558fc898b2780bd8a662a5a [1ms]
2024-06-07 12:10:27.825 [info] > git show --textconv :mysql_setup/sql_backup.yml [18ms]
2024-06-07 12:10:27.840 [info] > git ls-files --stage -- /home/ndao/mysql_setup/sql_backup.yml [16ms]
2024-06-07 12:10:27.856 [info] > git cat-file -s e9598f1d1e38cef992cea26c5c8c6438a8cfffad [3ms]
2024-06-07 12:10:30.676 [info] > git show --textconv :mysql_setup/sql_setup.yml [11ms]
2024-06-07 12:10:30.684 [info] > git ls-files --stage -- /home/ndao/mysql_setup/sql_setup.yml [9ms]
2024-06-07 12:10:30.693 [info] > git cat-file -s 5c5b9b855e62d3718558fc898b2780bd8a662a5a [2ms]
2024-06-07 12:36:12.778 [info] > git show --textconv :mysql_setup/shell_script.sh [11ms]
2024-06-07 12:36:12.783 [info] > git ls-files --stage -- /home/ndao/mysql_setup/shell_script.sh [5ms]
2024-06-07 12:36:13.580 [info] > git show --textconv :mysql_setup/sql_backup.yml [22ms]
2024-06-07 12:36:13.586 [info] > git ls-files --stage -- /home/ndao/mysql_setup/sql_backup.yml [8ms]
2024-06-07 12:36:13.591 [info] > git cat-file -s e9598f1d1e38cef992cea26c5c8c6438a8cfffad [2ms]
2024-06-07 12:36:25.425 [info] > git show --textconv :mysql_setup/vars/mysql_vars.yml [11ms]
2024-06-07 12:36:25.429 [info] > git ls-files --stage -- /home/ndao/mysql_setup/vars/mysql_vars.yml [5ms]
2024-06-07 12:36:25.434 [info] > git cat-file -s 0da8d5fc2be527528b4cfdf341e731133e9debd2 [1ms]
2024-06-07 12:36:27.422 [info] > git show --textconv :mysql_setup/sql_backup.yml [7ms]
2024-06-07 12:36:27.426 [info] > git ls-files --stage -- /home/ndao/mysql_setup/sql_backup.yml [4ms]
2024-06-07 12:36:27.431 [info] > git cat-file -s e9598f1d1e38cef992cea26c5c8c6438a8cfffad [1ms]
2024-06-07 12:36:42.886 [info] > git show --textconv :mysql_setup/sql_setup.yml [30ms]
2024-06-07 12:36:42.892 [info] > git ls-files --stage -- /home/ndao/mysql_setup/sql_setup.yml [9ms]
2024-06-07 12:36:42.899 [info] > git cat-file -s 5c5b9b855e62d3718558fc898b2780bd8a662a5a [2ms]
2024-06-07 12:37:10.362 [info] > git show --textconv :mysql_setup/shell_script.sh [8ms]
2024-06-07 12:37:10.366 [info] > git ls-files --stage -- /home/ndao/mysql_setup/shell_script.sh [5ms]
2024-06-07 12:39:07.257 [info] > git show --textconv :mysql_setup/sql_setup.yml [7ms]
2024-06-07 12:39:07.261 [info] > git ls-files --stage -- /home/ndao/mysql_setup/sql_setup.yml [4ms]
2024-06-07 12:39:07.265 [info] > git cat-file -s 5c5b9b855e62d3718558fc898b2780bd8a662a5a [1ms]
2024-06-07 12:47:57.180 [info] > git show --textconv :mysql_setup/shell_script.sh [11ms]
2024-06-07 12:47:57.185 [info] > git ls-files --stage -- /home/ndao/mysql_setup/shell_script.sh [5ms]
2024-06-07 12:48:38.337 [info] > git show --textconv :mysql_setup/sql_setup.yml [12ms]
2024-06-07 12:48:38.343 [info] > git ls-files --stage -- /home/ndao/mysql_setup/sql_setup.yml [6ms]
2024-06-07 12:48:38.348 [info] > git cat-file -s 5c5b9b855e62d3718558fc898b2780bd8a662a5a [1ms]
2024-06-07 12:49:21.297 [info] > git show --textconv :mysql_setup/shell_script.sh [10ms]
2024-06-07 12:49:21.301 [info] > git ls-files --stage -- /home/ndao/mysql_setup/shell_script.sh [5ms]
2024-06-07 12:53:12.646 [info] > git show --textconv :mysql_setup/sql_shell.yml [10ms]
2024-06-07 12:53:12.651 [info] > git ls-files --stage -- /home/ndao/mysql_setup/sql_shell.yml [5ms]
2024-06-07 12:53:12.991 [info] > git check-ignore -v -z --stdin [6ms]
2024-06-07 12:54:29.035 [info] > git show --textconv :mysql_setup/shell_script.sh [11ms]
2024-06-07 12:54:29.040 [info] > git ls-files --stage -- /home/ndao/mysql_setup/shell_script.sh [6ms]
2024-06-07 12:55:18.387 [info] > git show --textconv :mysql_setup/sql_shell.yml [9ms]
2024-06-07 12:55:18.392 [info] > git ls-files --stage -- /home/ndao/mysql_setup/sql_shell.yml [6ms]
2024-06-07 12:55:46.731 [info] > git show --textconv :mysql_setup/sql_setup.yml [12ms]
2024-06-07 12:55:46.736 [info] > git ls-files --stage -- /home/ndao/mysql_setup/sql_setup.yml [5ms]
2024-06-07 12:55:46.742 [info] > git cat-file -s 5c5b9b855e62d3718558fc898b2780bd8a662a5a [2ms]
2024-06-07 12:55:49.368 [info] > git show --textconv :mysql_setup/vars/mysql_vars.yml [14ms]
2024-06-07 12:55:49.371 [info] > git ls-files --stage -- /home/ndao/mysql_setup/vars/mysql_vars.yml [5ms]
2024-06-07 12:55:49.376 [info] > git cat-file -s 0da8d5fc2be527528b4cfdf341e731133e9debd2 [1ms]
2024-06-07 12:56:49.408 [info] > git show --textconv :mysql_setup/shell_script.sh [8ms]
2024-06-07 12:56:49.413 [info] > git ls-files --stage -- /home/ndao/mysql_setup/shell_script.sh [6ms]
2024-06-07 12:58:47.112 [info] > git show --textconv :mysql_setup/sql_shell.yml [26ms]
2024-06-07 12:58:47.121 [info] > git ls-files --stage -- /home/ndao/mysql_setup/sql_shell.yml [10ms]
2024-06-07 13:02:02.544 [info] > git show --textconv :mysql_setup/shell_script.sh [9ms]
2024-06-07 13:02:02.549 [info] > git ls-files --stage -- /home/ndao/mysql_setup/shell_script.sh [5ms]
2024-06-07 13:02:42.415 [info] > git show --textconv :mysql_setup/sql_shell.yml [28ms]
2024-06-07 13:02:42.424 [info] > git ls-files --stage -- /home/ndao/mysql_setup/sql_shell.yml [10ms]
