2024-06-20 11:23:45.560 [info] Log level: Info
2024-06-20 11:23:45.560 [info] Validating found git in: "git"
2024-06-20 11:23:45.560 [info] Using git "2.25.1" from "git"
2024-06-20 11:23:45.560 [info] > git rev-parse --show-toplevel [247ms]
2024-06-20 11:23:45.560 [info] > git rev-parse --git-dir --git-common-dir [7ms]
2024-06-20 11:23:45.560 [info] Open repository: /home/ndao
2024-06-20 11:23:45.598 [info] > git rev-parse --show-toplevel [73ms]
2024-06-20 11:23:45.600 [info] > git config --get commit.template [78ms]
2024-06-20 11:23:45.620 [info] > git rev-parse --show-toplevel [12ms]
2024-06-20 11:23:45.622 [info] > git for-each-ref --format=%(refname)%00%(upstream:short)%00%(objectname)%00%(upstream:track)%00%(upstream:remotename)%00%(upstream:remoteref) refs/heads/main refs/remotes/main [5ms]
2024-06-20 11:23:46.132 [info] > git rev-parse --show-toplevel [506ms]
2024-06-20 11:23:46.166 [info] > git check-ignore -v -z --stdin [29ms]
2024-06-20 11:23:46.167 [info] > git rev-parse --show-toplevel [8ms]
2024-06-20 11:23:46.253 [info] > git rev-parse --show-toplevel [77ms]
2024-06-20 11:23:46.363 [info] > git rev-parse --show-toplevel [104ms]
2024-06-20 11:23:46.451 [info] > git rev-parse --show-toplevel [40ms]
2024-06-20 11:23:46.496 [info] > git status -z -uall [325ms]
2024-06-20 11:23:46.498 [info] > git rev-parse --show-toplevel [19ms]
2024-06-20 11:23:48.187 [info] > git merge-base refs/heads/main refs/remotes/origin/main [1616ms]
2024-06-20 11:23:48.195 [info] > git rev-parse --show-toplevel [1685ms]
2024-06-20 11:23:48.209 [info] > git rev-list --count --left-right refs/heads/main...refs/remotes/origin/main [13ms]
2024-06-20 11:23:48.218 [info] > git config --get commit.template [92ms]
2024-06-20 11:23:48.232 [info] > git diff --name-status -z --diff-filter=ADMR 138344cc2aaa3965cb3ac93173abba4d574e95a6...refs/remotes/origin/main [15ms]
2024-06-20 11:23:48.234 [info] > git rev-parse --show-toplevel [29ms]
2024-06-20 11:23:48.268 [info] > git for-each-ref --format=%(refname)%00%(upstream:short)%00%(objectname)%00%(upstream:track)%00%(upstream:remotename)%00%(upstream:remoteref) refs/heads/main refs/remotes/main [28ms]
2024-06-20 11:23:48.273 [info] > git rev-parse --show-toplevel [10ms]
2024-06-20 11:23:48.294 [info] > git show --textconv :mysql_setup/sql_setup.yml [10ms]
2024-06-20 11:23:48.304 [info] > git ls-files --stage -- /home/ndao/mysql_setup/sql_setup.yml [14ms]
2024-06-20 11:23:48.312 [info] > git cat-file -s af2092ba296a0636dae785dda21f2bf6a4b5a6ff [1ms]
2024-06-20 11:23:48.470 [info] > git status -z -uall [167ms]
2024-06-20 11:23:51.100 [info] > git check-ignore -v -z --stdin [54ms]
2024-06-20 11:23:52.776 [info] > git config --get commit.template [5ms]
2024-06-20 11:23:52.776 [info] > git for-each-ref --format=%(refname)%00%(upstream:short)%00%(objectname)%00%(upstream:track)%00%(upstream:remotename)%00%(upstream:remoteref) refs/heads/main refs/remotes/main [1ms]
2024-06-20 11:23:52.880 [info] > git status -z -uall [100ms]
2024-06-20 11:23:54.971 [info] > git show --textconv :.bash_history [4ms]
2024-06-20 11:23:54.977 [info] > git ls-files --stage -- /home/ndao/.bash_history [5ms]
2024-06-20 11:23:54.981 [info] > git cat-file -s d8c8cf34132ce17fdc293d047af8ab930e132ee8 [2ms]
2024-06-20 11:23:58.225 [info] > git config --get commit.template [5ms]
2024-06-20 11:23:58.226 [info] > git for-each-ref --format=%(refname)%00%(upstream:short)%00%(objectname)%00%(upstream:track)%00%(upstream:remotename)%00%(upstream:remoteref) refs/heads/main refs/remotes/main [1ms]
2024-06-20 11:23:58.330 [info] > git status -z -uall [98ms]
2024-06-20 11:24:03.850 [info] > git config --get commit.template [3ms]
2024-06-20 11:24:03.851 [info] > git for-each-ref --format=%(refname)%00%(upstream:short)%00%(objectname)%00%(upstream:track)%00%(upstream:remotename)%00%(upstream:remoteref) refs/heads/main refs/remotes/main [1ms]
2024-06-20 11:24:03.936 [info] > git status -z -uall [81ms]
2024-06-20 11:24:05.440 [info] > git show --textconv :mysql_setup/vars/mysql_vars.yml [75ms]
2024-06-20 11:24:05.441 [info] > git ls-files --stage -- /home/ndao/mysql_setup/vars/mysql_vars.yml [71ms]
2024-06-20 11:24:05.457 [info] > git cat-file -s fad1bd595a8dfb6cc2ab1513f4c3cf926bae8e4b [7ms]
2024-06-20 11:24:08.120 [info] > git show --textconv :.bash_history [6ms]
2024-06-20 11:24:08.123 [info] > git ls-files --stage -- /home/ndao/.bash_history [5ms]
2024-06-20 11:24:08.127 [info] > git cat-file -s d8c8cf34132ce17fdc293d047af8ab930e132ee8 [1ms]
2024-06-20 11:24:09.068 [info] > git show --textconv :mysql_setup/vars/mysql_vars.yml [6ms]
2024-06-20 11:24:09.073 [info] > git ls-files --stage -- /home/ndao/mysql_setup/vars/mysql_vars.yml [6ms]
2024-06-20 11:24:09.077 [info] > git cat-file -s fad1bd595a8dfb6cc2ab1513f4c3cf926bae8e4b [1ms]
2024-06-20 11:24:09.238 [info] > git config --get commit.template [1ms]
2024-06-20 11:24:09.241 [info] > git for-each-ref --format=%(refname)%00%(upstream:short)%00%(objectname)%00%(upstream:track)%00%(upstream:remotename)%00%(upstream:remoteref) refs/heads/main refs/remotes/main [1ms]
2024-06-20 11:24:09.353 [info] > git status -z -uall [108ms]
2024-06-20 11:27:04.388 [info] > git config --get commit.template [12ms]
2024-06-20 11:27:04.389 [info] > git for-each-ref --format=%(refname)%00%(upstream:short)%00%(objectname)%00%(upstream:track)%00%(upstream:remotename)%00%(upstream:remoteref) refs/heads/main refs/remotes/main [1ms]
2024-06-20 11:27:04.389 [info] > git ls-files --stage -- /home/ndao/mysql_setup/vars/mysql_vars.yml [7ms]
2024-06-20 11:27:04.395 [warning] ENOENT: no such file or directory, open '/home/ndao/.git/refs/remotes/origin/main'
2024-06-20 11:27:04.396 [info] > git cat-file -s e4cbce03c710b68582abbff35685c18b4590ac88 [4ms]
2024-06-20 11:27:04.399 [info] > git rev-parse refs/remotes/origin/main [4ms]
2024-06-20 11:27:04.419 [info] > git show --textconv :mysql_setup/vars/mysql_vars.yml [6ms]
2024-06-20 11:27:04.473 [info] > git status -z -uall [70ms]
2024-06-20 11:27:04.610 [info] > git merge-base refs/heads/main refs/remotes/origin/main [132ms]
2024-06-20 11:27:04.622 [info] > git rev-list --count --left-right refs/heads/main...refs/remotes/origin/main [6ms]
2024-06-20 11:27:04.632 [info] > git diff --name-status -z --diff-filter=ADMR 138344cc2aaa3965cb3ac93173abba4d574e95a6...refs/remotes/origin/main [5ms]
2024-06-20 11:27:06.099 [info] > git show --textconv :mysql_setup/sql_setup.yml [4ms]
2024-06-20 11:27:06.102 [info] > git ls-files --stage -- /home/ndao/mysql_setup/sql_setup.yml [3ms]
2024-06-20 11:27:06.106 [info] > git cat-file -s dbabd1d8c846cbd8a7a960f323d1f5a6722be3ee [1ms]
2024-06-20 11:27:09.409 [info] > git check-ignore -v -z --stdin [5ms]
2024-06-20 11:27:09.602 [info] > git config --get commit.template [5ms]
2024-06-20 11:27:09.602 [info] > git for-each-ref --format=%(refname)%00%(upstream:short)%00%(objectname)%00%(upstream:track)%00%(upstream:remotename)%00%(upstream:remoteref) refs/heads/main refs/remotes/main [1ms]
2024-06-20 11:27:09.606 [warning] ENOENT: no such file or directory, open '/home/ndao/.git/refs/remotes/origin/main'
2024-06-20 11:27:09.607 [info] > git rev-parse refs/remotes/origin/main [1ms]
2024-06-20 11:27:09.667 [info] > git status -z -uall [57ms]
2024-06-20 11:27:10.210 [info] > git show --textconv :Github.yml [4ms]
2024-06-20 11:27:10.215 [info] > git ls-files --stage -- /home/ndao/Github.yml [6ms]
2024-06-20 11:27:10.219 [info] > git cat-file -s 910efb2cd1420e4aad7082563eb599d2baa6432a [1ms]
2024-06-20 11:27:14.676 [info] > git config --get commit.template [1ms]
2024-06-20 11:27:14.680 [info] > git for-each-ref --format=%(refname)%00%(upstream:short)%00%(objectname)%00%(upstream:track)%00%(upstream:remotename)%00%(upstream:remoteref) refs/heads/main refs/remotes/main [1ms]
2024-06-20 11:27:14.683 [warning] ENOENT: no such file or directory, open '/home/ndao/.git/refs/remotes/origin/main'
2024-06-20 11:27:14.684 [info] > git rev-parse refs/remotes/origin/main [1ms]
2024-06-20 11:27:14.746 [info] > git status -z -uall [59ms]
2024-06-20 11:27:19.757 [info] > git config --get commit.template [4ms]
2024-06-20 11:27:19.757 [info] > git for-each-ref --format=%(refname)%00%(upstream:short)%00%(objectname)%00%(upstream:track)%00%(upstream:remotename)%00%(upstream:remoteref) refs/heads/main refs/remotes/main [1ms]
2024-06-20 11:27:19.761 [warning] ENOENT: no such file or directory, open '/home/ndao/.git/refs/remotes/origin/main'
2024-06-20 11:27:19.762 [info] > git rev-parse refs/remotes/origin/main [1ms]
2024-06-20 11:27:19.840 [info] > git status -z -uall [75ms]
2024-06-20 11:27:20.207 [info] > git show --textconv :credentials.yaml [7ms]
2024-06-20 11:27:20.210 [info] > git ls-files --stage -- /home/ndao/credentials.yaml [6ms]
2024-06-20 11:27:20.214 [info] > git cat-file -s 21ccf79aca619dae7054d2cf0f7c734d4d2a49d0 [1ms]
2024-06-20 11:27:24.851 [info] > git config --get commit.template [4ms]
2024-06-20 11:27:24.852 [info] > git for-each-ref --format=%(refname)%00%(upstream:short)%00%(objectname)%00%(upstream:track)%00%(upstream:remotename)%00%(upstream:remoteref) refs/heads/main refs/remotes/main [1ms]
2024-06-20 11:27:24.856 [warning] ENOENT: no such file or directory, open '/home/ndao/.git/refs/remotes/origin/main'
2024-06-20 11:27:24.857 [info] > git rev-parse refs/remotes/origin/main [1ms]
2024-06-20 11:27:24.923 [info] > git status -z -uall [63ms]
2024-06-20 11:27:26.502 [info] > git show --textconv :Github.yml [5ms]
2024-06-20 11:27:26.506 [info] > git ls-files --stage -- /home/ndao/Github.yml [5ms]
2024-06-20 11:27:26.512 [info] > git cat-file -s 910efb2cd1420e4aad7082563eb599d2baa6432a [1ms]
2024-06-20 11:27:39.197 [info] > git config --get commit.template [4ms]
2024-06-20 11:27:39.198 [info] > git for-each-ref --format=%(refname)%00%(upstream:short)%00%(objectname)%00%(upstream:track)%00%(upstream:remotename)%00%(upstream:remoteref) refs/heads/main refs/remotes/main [1ms]
2024-06-20 11:27:39.202 [warning] ENOENT: no such file or directory, open '/home/ndao/.git/refs/remotes/origin/main'
2024-06-20 11:27:39.203 [info] > git rev-parse refs/remotes/origin/main [1ms]
2024-06-20 11:27:39.267 [info] > git status -z -uall [61ms]
2024-06-20 11:27:44.274 [info] > git config --get commit.template [0ms]
2024-06-20 11:27:44.278 [info] > git for-each-ref --format=%(refname)%00%(upstream:short)%00%(objectname)%00%(upstream:track)%00%(upstream:remotename)%00%(upstream:remoteref) refs/heads/main refs/remotes/main [1ms]
2024-06-20 11:27:44.281 [warning] ENOENT: no such file or directory, open '/home/ndao/.git/refs/remotes/origin/main'
2024-06-20 11:27:44.282 [info] > git rev-parse refs/remotes/origin/main [1ms]
2024-06-20 11:27:44.340 [info] > git status -z -uall [56ms]
2024-06-20 11:27:46.314 [info] > git show --textconv :credentials.yaml [4ms]
2024-06-20 11:27:46.318 [info] > git ls-files --stage -- /home/ndao/credentials.yaml [5ms]
2024-06-20 11:27:46.322 [info] > git cat-file -s 21ccf79aca619dae7054d2cf0f7c734d4d2a49d0 [0ms]
2024-06-20 11:27:49.348 [info] > git config --get commit.template [2ms]
2024-06-20 11:27:49.352 [info] > git for-each-ref --format=%(refname)%00%(upstream:short)%00%(objectname)%00%(upstream:track)%00%(upstream:remotename)%00%(upstream:remoteref) refs/heads/main refs/remotes/main [1ms]
2024-06-20 11:27:49.354 [warning] ENOENT: no such file or directory, open '/home/ndao/.git/refs/remotes/origin/main'
2024-06-20 11:27:49.355 [info] > git rev-parse refs/remotes/origin/main [1ms]
2024-06-20 11:27:49.421 [info] > git status -z -uall [63ms]
2024-06-20 11:27:50.759 [info] > git show --textconv :Github.yml [4ms]
2024-06-20 11:27:50.763 [info] > git ls-files --stage -- /home/ndao/Github.yml [4ms]
2024-06-20 11:27:50.767 [info] > git cat-file -s 910efb2cd1420e4aad7082563eb599d2baa6432a [1ms]
2024-06-20 11:27:54.431 [info] > git config --get commit.template [4ms]
2024-06-20 11:27:54.432 [info] > git for-each-ref --format=%(refname)%00%(upstream:short)%00%(objectname)%00%(upstream:track)%00%(upstream:remotename)%00%(upstream:remoteref) refs/heads/main refs/remotes/main [1ms]
2024-06-20 11:27:54.435 [warning] ENOENT: no such file or directory, open '/home/ndao/.git/refs/remotes/origin/main'
2024-06-20 11:27:54.435 [info] > git rev-parse refs/remotes/origin/main [0ms]
2024-06-20 11:27:54.489 [info] > git status -z -uall [51ms]
2024-06-20 11:27:59.500 [info] > git config --get commit.template [3ms]
2024-06-20 11:27:59.500 [info] > git for-each-ref --format=%(refname)%00%(upstream:short)%00%(objectname)%00%(upstream:track)%00%(upstream:remotename)%00%(upstream:remoteref) refs/heads/main refs/remotes/main [1ms]
2024-06-20 11:27:59.503 [warning] ENOENT: no such file or directory, open '/home/ndao/.git/refs/remotes/origin/main'
2024-06-20 11:27:59.504 [info] > git rev-parse refs/remotes/origin/main [1ms]
2024-06-20 11:27:59.557 [info] > git status -z -uall [50ms]
2024-06-20 11:28:04.567 [info] > git config --get commit.template [4ms]
2024-06-20 11:28:04.567 [info] > git for-each-ref --format=%(refname)%00%(upstream:short)%00%(objectname)%00%(upstream:track)%00%(upstream:remotename)%00%(upstream:remoteref) refs/heads/main refs/remotes/main [1ms]
2024-06-20 11:28:04.571 [warning] ENOENT: no such file or directory, open '/home/ndao/.git/refs/remotes/origin/main'
2024-06-20 11:28:04.572 [info] > git rev-parse refs/remotes/origin/main [0ms]
2024-06-20 11:28:04.631 [info] > git status -z -uall [56ms]
2024-06-20 11:28:09.643 [info] > git config --get commit.template [4ms]
2024-06-20 11:28:09.644 [info] > git for-each-ref --format=%(refname)%00%(upstream:short)%00%(objectname)%00%(upstream:track)%00%(upstream:remotename)%00%(upstream:remoteref) refs/heads/main refs/remotes/main [2ms]
2024-06-20 11:28:09.647 [warning] ENOENT: no such file or directory, open '/home/ndao/.git/refs/remotes/origin/main'
2024-06-20 11:28:09.648 [info] > git rev-parse refs/remotes/origin/main [1ms]
2024-06-20 11:28:09.721 [info] > git status -z -uall [70ms]
2024-06-20 11:28:14.732 [info] > git config --get commit.template [4ms]
2024-06-20 11:28:14.733 [info] > git for-each-ref --format=%(refname)%00%(upstream:short)%00%(objectname)%00%(upstream:track)%00%(upstream:remotename)%00%(upstream:remoteref) refs/heads/main refs/remotes/main [1ms]
2024-06-20 11:28:14.736 [warning] ENOENT: no such file or directory, open '/home/ndao/.git/refs/remotes/origin/main'
2024-06-20 11:28:14.737 [info] > git rev-parse refs/remotes/origin/main [1ms]
2024-06-20 11:28:14.792 [info] > git status -z -uall [53ms]
