2024-07-04 09:07:12.935 [info] Log level: Info
2024-07-04 09:07:12.935 [info] Validating found git in: "git"
2024-07-04 09:07:12.935 [info] Using git "2.25.1" from "git"
2024-07-04 09:07:12.935 [info] > git rev-parse --show-toplevel [805ms]
2024-07-04 09:07:12.935 [info] > git rev-parse --git-dir --git-common-dir [16ms]
2024-07-04 09:07:12.935 [info] Open repository: /home/ndao
2024-07-04 09:07:12.935 [info] > git rev-parse --show-toplevel [71ms]
2024-07-04 09:07:12.935 [info] > git config --get commit.template [74ms]
2024-07-04 09:07:12.957 [info] > git rev-parse --show-toplevel [18ms]
2024-07-04 09:07:13.251 [info] > git for-each-ref --format=%(refname)%00%(upstream:short)%00%(objectname)%00%(upstream:track)%00%(upstream:remotename)%00%(upstream:remoteref) refs/heads/main refs/remotes/main [299ms]
2024-07-04 09:07:13.299 [info] > git rev-parse --show-toplevel [48ms]
2024-07-04 09:07:13.306 [info] > git rev-parse --show-toplevel [2ms]
2024-07-04 09:07:13.329 [info] > git rev-parse --show-toplevel [14ms]
2024-07-04 09:07:13.406 [info] > git rev-parse --show-toplevel [74ms]
2024-07-04 09:07:13.413 [info] > git status -z -uall [103ms]
2024-07-04 09:07:13.473 [info] > git merge-base refs/heads/main refs/remotes/origin/main [52ms]
2024-07-04 09:07:13.480 [info] > git rev-parse --show-toplevel [69ms]
2024-07-04 09:07:13.529 [info] > git check-ignore -v -z --stdin [44ms]
2024-07-04 09:07:13.532 [info] > git rev-list --count --left-right refs/heads/main...refs/remotes/origin/main [52ms]
2024-07-04 09:07:13.537 [info] > git config --get commit.template [67ms]
2024-07-04 09:07:14.042 [info] > git diff --name-status -z --diff-filter=ADMR 7728ca7e3142f16f81068078bc3a5aa4fd881c70...refs/remotes/origin/main [506ms]
2024-07-04 09:07:14.043 [info] > git rev-parse --show-toplevel [553ms]
2024-07-04 09:07:14.290 [info] > git rev-parse --show-toplevel [229ms]
2024-07-04 09:07:14.291 [info] > git for-each-ref --format=%(refname)%00%(upstream:short)%00%(objectname)%00%(upstream:track)%00%(upstream:remotename)%00%(upstream:remoteref) refs/heads/main refs/remotes/main [237ms]
2024-07-04 09:07:14.305 [info] > git rev-parse --show-toplevel [9ms]
2024-07-04 09:07:14.437 [info] > git rev-parse --git-dir --git-common-dir [127ms]
2024-07-04 09:07:14.453 [info] Open repository: /home/ndao/DB_Provisionning
2024-07-04 09:07:14.489 [info] > git rev-parse --show-toplevel [10ms]
2024-07-04 09:07:14.513 [info] > git config --get commit.template [38ms]
2024-07-04 09:07:14.546 [info] > git show --textconv :Github.yml [40ms]
2024-07-04 09:07:14.547 [info] > git rev-parse --show-toplevel [19ms]
2024-07-04 09:07:14.548 [info] > git ls-files --stage -- /home/ndao/Github.yml [37ms]
2024-07-04 09:07:14.669 [info] > git for-each-ref --format=%(refname)%00%(upstream:short)%00%(objectname)%00%(upstream:track)%00%(upstream:remotename)%00%(upstream:remoteref) refs/heads/dev refs/remotes/dev [130ms]
2024-07-04 09:07:14.684 [info] > git status -z -uall [248ms]
2024-07-04 09:07:14.689 [info] > git cat-file -s 56f1162f3f877434a737cd33e23f6ab8dfdbf9ee [137ms]
2024-07-04 09:07:14.726 [info] > git status -z -uall [8ms]
2024-07-04 09:07:14.751 [info] > git merge-base refs/heads/dev refs/remotes/origin/dev [18ms]
2024-07-04 09:07:14.762 [info] > git config --get commit.template [8ms]
2024-07-04 09:07:14.773 [info] > git rev-list --count --left-right refs/heads/dev...refs/remotes/origin/dev [16ms]
2024-07-04 09:07:14.785 [info] > git for-each-ref --format=%(refname)%00%(upstream:short)%00%(objectname)%00%(upstream:track)%00%(upstream:remotename)%00%(upstream:remoteref) refs/heads/dev refs/remotes/dev [13ms]
2024-07-04 09:07:14.787 [info] > git diff --name-status -z --diff-filter=ADMR ca5f20a17f4a6f6eb30c6daf0bb0813ef986f5b2...refs/remotes/origin/dev [7ms]
2024-07-04 09:07:14.818 [info] > git status -z -uall [9ms]
2024-07-04 09:07:15.064 [info] > git check-ignore -v -z --stdin [30ms]
2024-07-04 09:07:17.865 [info] > git config --get commit.template [3ms]
2024-07-04 09:07:17.870 [info] > git for-each-ref --format=%(refname)%00%(upstream:short)%00%(objectname)%00%(upstream:track)%00%(upstream:remotename)%00%(upstream:remoteref) refs/heads/main refs/remotes/main [1ms]
2024-07-04 09:07:17.927 [info] > git status -z -uall [53ms]
