Error: Command failed: command -v ansible-lint

    at ChildProcess.exithandler (node:child_process:422:12)
    at ChildProcess.emit (node:events:517:28)
    at maybeClose (node:internal/child_process:1098:16)
    at ChildProcess._handle.onexit (node:internal/child_process:303:5) {
  code: 127,
  killed: false,
  signal: null,
  cmd: 'command -v ansible-lint',
  stdout: '',
  stderr: ''
}
Path for lint: 
cmd 'ansible-lint --version' was not executed with the following error: ' Command failed: ansible-lint --version
/bin/sh: 1: ansible-lint: not found

cmd 'ansible-lint --version' was not executed with the following error: ' Command failed: ansible-lint --version
/bin/sh: 1: ansible-lint: not found

cmd 'ansible-lint --version' was not executed with the following error: ' Command failed: ansible-lint --version
/bin/sh: 1: ansible-lint: not found

cmd 'ansible-lint --version' was not executed with the following error: ' Command failed: ansible-lint --version
/bin/sh: 1: ansible-lint: not found

cmd 'ansible-lint --version' was not executed with the following error: ' Command failed: ansible-lint --version
/bin/sh: 1: ansible-lint: not found

cmd 'ansible-lint --version' was not executed with the following error: ' Command failed: ansible-lint --version
/bin/sh: 1: ansible-lint: not found

Error: Command failed: command -v ansible-lint

    at ChildProcess.exithandler (node:child_process:422:12)
    at ChildProcess.emit (node:events:517:28)
    at maybeClose (node:internal/child_process:1098:16)
    at ChildProcess._handle.onexit (node:internal/child_process:303:5) {
  code: 127,
  killed: false,
  signal: null,
  cmd: 'command -v ansible-lint',
  stdout: '',
  stderr: ''
}
cmd 'ansible-lint --version' was not executed with the following error: ' Command failed: ansible-lint --version
/bin/sh: 1: ansible-lint: not found

Path for lint: 
cmd 'ansible-lint --version' was not executed with the following error: ' Command failed: ansible-lint --version
/bin/sh: 1: ansible-lint: not found

cmd 'ansible-lint --version' was not executed with the following error: ' Command failed: ansible-lint --version
/bin/sh: 1: ansible-lint: not found

cmd 'ansible-lint --version' was not executed with the following error: ' Command failed: ansible-lint --version
/bin/sh: 1: ansible-lint: not found

cmd 'ansible-lint --version' was not executed with the following error: ' Command failed: ansible-lint --version
/bin/sh: 1: ansible-lint: not found

cmd 'ansible-lint --version' was not executed with the following error: ' Command failed: ansible-lint --version
/bin/sh: 1: ansible-lint: not found

cmd 'ansible-lint --version' was not executed with the following error: ' Command failed: ansible-lint --version
/bin/sh: 1: ansible-lint: not found

cmd 'ansible-lint --version' was not executed with the following error: ' Command failed: ansible-lint --version
/bin/sh: 1: ansible-lint: not found

cmd 'ansible-lint --version' was not executed with the following error: ' Command failed: ansible-lint --version
/bin/sh: 1: ansible-lint: not found

cmd 'ansible-lint --version' was not executed with the following error: ' Command failed: ansible-lint --version
/bin/sh: 1: ansible-lint: not found

cmd 'ansible-lint --version' was not executed with the following error: ' Command failed: ansible-lint --version
/bin/sh: 1: ansible-lint: not found

cmd 'ansible-lint --version' was not executed with the following error: ' Command failed: ansible-lint --version
/bin/sh: 1: ansible-lint: not found

cmd 'ansible-lint --version' was not executed with the following error: ' Command failed: ansible-lint --version
/bin/sh: 1: ansible-lint: not found

cmd 'ansible-lint --version' was not executed with the following error: ' Command failed: ansible-lint --version
/bin/sh: 1: ansible-lint: not found

cmd 'ansible-lint --version' was not executed with the following error: ' Command failed: ansible-lint --version
/bin/sh: 1: ansible-lint: not found

cmd 'ansible-lint --version' was not executed with the following error: ' Command failed: ansible-lint --version
/bin/sh: 1: ansible-lint: not found

cmd 'ansible-lint --version' was not executed with the following error: ' Command failed: ansible-lint --version
/bin/sh: 1: ansible-lint: not found

cmd 'ansible-lint --version' was not executed with the following error: ' Command failed: ansible-lint --version
/bin/sh: 1: ansible-lint: not found

cmd 'ansible-lint --version' was not executed with the following error: ' Command failed: ansible-lint --version
/bin/sh: 1: ansible-lint: not found

cmd 'ansible-lint --version' was not executed with the following error: ' Command failed: ansible-lint --version
/bin/sh: 1: ansible-lint: not found

cmd 'ansible-lint --version' was not executed with the following error: ' Command failed: ansible-lint --version
/bin/sh: 1: ansible-lint: not found

cmd 'ansible-lint --version' was not executed with the following error: ' Command failed: ansible-lint --version
/bin/sh: 1: ansible-lint: not found

cmd 'ansible-lint --version' was not executed with the following error: ' Command failed: ansible-lint --version
/bin/sh: 1: ansible-lint: not found

cmd 'ansible-lint --version' was not executed with the following error: ' Command failed: ansible-lint --version
/bin/sh: 1: ansible-lint: not found

cmd 'ansible-lint --version' was not executed with the following error: ' Command failed: ansible-lint --version
/bin/sh: 1: ansible-lint: not found

cmd 'ansible-lint --version' was not executed with the following error: ' Command failed: ansible-lint --version
/bin/sh: 1: ansible-lint: not found

cmd 'ansible-lint --version' was not executed with the following error: ' Command failed: ansible-lint --version
/bin/sh: 1: ansible-lint: not found

cmd 'ansible-lint --version' was not executed with the following error: ' Command failed: ansible-lint --version
/bin/sh: 1: ansible-lint: not found

cmd 'ansible-lint --version' was not executed with the following error: ' Command failed: ansible-lint --version
/bin/sh: 1: ansible-lint: not found

cmd 'ansible-lint --version' was not executed with the following error: ' Command failed: ansible-lint --version
/bin/sh: 1: ansible-lint: not found

cmd 'ansible-lint --version' was not executed with the following error: ' Command failed: ansible-lint --version
/bin/sh: 1: ansible-lint: not found

cmd 'ansible-lint --version' was not executed with the following error: ' Command failed: ansible-lint --version
/bin/sh: 1: ansible-lint: not found

cmd 'ansible-lint --version' was not executed with the following error: ' Command failed: ansible-lint --version
/bin/sh: 1: ansible-lint: not found

cmd 'ansible-lint --version' was not executed with the following error: ' Command failed: ansible-lint --version
/bin/sh: 1: ansible-lint: not found

cmd 'ansible-lint --version' was not executed with the following error: ' Command failed: ansible-lint --version
/bin/sh: 1: ansible-lint: not found

cmd 'ansible-lint --version' was not executed with the following error: ' Command failed: ansible-lint --version
/bin/sh: 1: ansible-lint: not found

cmd 'ansible-lint --version' was not executed with the following error: ' Command failed: ansible-lint --version
/bin/sh: 1: ansible-lint: not found

cmd 'ansible-lint --version' was not executed with the following error: ' Command failed: ansible-lint --version
/bin/sh: 1: ansible-lint: not found

cmd 'ansible-lint --version' was not executed with the following error: ' Command failed: ansible-lint --version
/bin/sh: 1: ansible-lint: not found

cmd 'ansible-lint --version' was not executed with the following error: ' Command failed: ansible-lint --version
/bin/sh: 1: ansible-lint: not found

cmd 'ansible-lint --version' was not executed with the following error: ' Command failed: ansible-lint --version
/bin/sh: 1: ansible-lint: not found

cmd 'ansible-lint --version' was not executed with the following error: ' Command failed: ansible-lint --version
/bin/sh: 1: ansible-lint: not found

cmd 'ansible-lint --version' was not executed with the following error: ' Command failed: ansible-lint --version
/bin/sh: 1: ansible-lint: not found

cmd 'ansible-lint --version' was not executed with the following error: ' Command failed: ansible-lint --version
/bin/sh: 1: ansible-lint: not found

cmd 'ansible-lint --version' was not executed with the following error: ' Command failed: ansible-lint --version
/bin/sh: 1: ansible-lint: not found

cmd 'ansible-lint --version' was not executed with the following error: ' Command failed: ansible-lint --version
/bin/sh: 1: ansible-lint: not found

cmd 'ansible-lint --version' was not executed with the following error: ' Command failed: ansible-lint --version
/bin/sh: 1: ansible-lint: not found

cmd 'ansible-lint --version' was not executed with the following error: ' Command failed: ansible-lint --version
/bin/sh: 1: ansible-lint: not found

cmd 'ansible-lint --version' was not executed with the following error: ' Command failed: ansible-lint --version
/bin/sh: 1: ansible-lint: not found

cmd 'ansible-lint --version' was not executed with the following error: ' Command failed: ansible-lint --version
/bin/sh: 1: ansible-lint: not found

cmd 'ansible-lint --version' was not executed with the following error: ' Command failed: ansible-lint --version
/bin/sh: 1: ansible-lint: not found

cmd 'ansible-lint --version' was not executed with the following error: ' Command failed: ansible-lint --version
/bin/sh: 1: ansible-lint: not found

cmd 'ansible-lint --version' was not executed with the following error: ' Command failed: ansible-lint --version
/bin/sh: 1: ansible-lint: not found

cmd 'ansible-lint --version' was not executed with the following error: ' Command failed: ansible-lint --version
/bin/sh: 1: ansible-lint: not found

cmd 'ansible-lint --version' was not executed with the following error: ' Command failed: ansible-lint --version
/bin/sh: 1: ansible-lint: not found

cmd 'ansible-lint --version' was not executed with the following error: ' Command failed: ansible-lint --version
/bin/sh: 1: ansible-lint: not found

cmd 'ansible-lint --version' was not executed with the following error: ' Command failed: ansible-lint --version
/bin/sh: 1: ansible-lint: not found

cmd 'ansible-lint --version' was not executed with the following error: ' Command failed: ansible-lint --version
/bin/sh: 1: ansible-lint: not found

cmd 'ansible-lint --version' was not executed with the following error: ' Command failed: ansible-lint --version
/bin/sh: 1: ansible-lint: not found

cmd 'ansible-lint --version' was not executed with the following error: ' Command failed: ansible-lint --version
/bin/sh: 1: ansible-lint: not found

cmd 'ansible-lint --version' was not executed with the following error: ' Command failed: ansible-lint --version
/bin/sh: 1: ansible-lint: not found

cmd 'ansible-lint --version' was not executed with the following error: ' Command failed: ansible-lint --version
/bin/sh: 1: ansible-lint: not found

cmd 'ansible-lint --version' was not executed with the following error: ' Command failed: ansible-lint --version
/bin/sh: 1: ansible-lint: not found

cmd 'ansible-lint --version' was not executed with the following error: ' Command failed: ansible-lint --version
/bin/sh: 1: ansible-lint: not found

cmd 'ansible-lint --version' was not executed with the following error: ' Command failed: ansible-lint --version
/bin/sh: 1: ansible-lint: not found

cmd 'ansible-lint --version' was not executed with the following error: ' Command failed: ansible-lint --version
/bin/sh: 1: ansible-lint: not found

cmd 'ansible-lint --version' was not executed with the following error: ' Command failed: ansible-lint --version
/bin/sh: 1: ansible-lint: not found

[Error - 7:57:26 AM] An error occurred in 'onCompletion' handler: [TypeError] o.vars_prompt.forEach is not a function
TypeError: o.vars_prompt.forEach is not a function
    at t.getVarsCompletion (/home/ndao/.vscode-server/extensions/redhat.ansible-24.5.2/out/server/src/server.js:2:324083)
    at t.doCompletion (/home/ndao/.vscode-server/extensions/redhat.ansible-24.5.2/out/server/src/server.js:2:318909)
    at async /home/ndao/.vscode-server/extensions/redhat.ansible-24.5.2/out/server/src/server.js:2:313444
Error: Command failed: command -v ansible-lint

    at ChildProcess.exithandler (node:child_process:422:12)
    at ChildProcess.emit (node:events:517:28)
    at maybeClose (node:internal/child_process:1098:16)
    at ChildProcess._handle.onexit (node:internal/child_process:303:5) {
  code: 127,
  killed: false,
  signal: null,
  cmd: 'command -v ansible-lint',
  stdout: '',
  stderr: ''
}
Path for lint: 
cmd 'ansible-lint --version' was not executed with the following error: ' Command failed: ansible-lint --version
/bin/sh: 1: ansible-lint: not found

cmd 'ansible-lint --version' was not executed with the following error: ' Command failed: ansible-lint --version
/bin/sh: 1: ansible-lint: not found

cmd 'ansible-lint --version' was not executed with the following error: ' Command failed: ansible-lint --version
/bin/sh: 1: ansible-lint: not found

cmd 'ansible-lint --version' was not executed with the following error: ' Command failed: ansible-lint --version
/bin/sh: 1: ansible-lint: not found

cmd 'ansible-lint --version' was not executed with the following error: ' Command failed: ansible-lint --version
/bin/sh: 1: ansible-lint: not found

cmd 'ansible-lint --version' was not executed with the following error: ' Command failed: ansible-lint --version
/bin/sh: 1: ansible-lint: not found

Error: Command failed: command -v ansible-lint

    at ChildProcess.exithandler (node:child_process:422:12)
    at ChildProcess.emit (node:events:517:28)
    at maybeClose (node:internal/child_process:1098:16)
    at ChildProcess._handle.onexit (node:internal/child_process:303:5) {
  code: 127,
  killed: false,
  signal: null,
  cmd: 'command -v ansible-lint',
  stdout: '',
  stderr: ''
}
Path for lint: 
cmd 'ansible-lint --version' was not executed with the following error: ' Command failed: ansible-lint --version
/bin/sh: 1: ansible-lint: not found

cmd 'ansible-lint --version' was not executed with the following error: ' Command failed: ansible-lint --version
/bin/sh: 1: ansible-lint: not found

cmd 'ansible-lint --version' was not executed with the following error: ' Command failed: ansible-lint --version
/bin/sh: 1: ansible-lint: not found

cmd 'ansible-lint --version' was not executed with the following error: ' Command failed: ansible-lint --version
/bin/sh: 1: ansible-lint: not found

cmd 'ansible-lint --version' was not executed with the following error: ' Command failed: ansible-lint --version
/bin/sh: 1: ansible-lint: not found

cmd 'ansible-lint --version' was not executed with the following error: ' Command failed: ansible-lint --version
/bin/sh: 1: ansible-lint: not found

Error: Command failed: command -v ansible-lint

    at ChildProcess.exithandler (node:child_process:422:12)
    at ChildProcess.emit (node:events:517:28)
    at maybeClose (node:internal/child_process:1098:16)
    at ChildProcess._handle.onexit (node:internal/child_process:303:5) {
  code: 127,
  killed: false,
  signal: null,
  cmd: 'command -v ansible-lint',
  stdout: '',
  stderr: ''
}
Path for lint: 
Error: Command failed: command -v ansible-lint

    at ChildProcess.exithandler (node:child_process:422:12)
    at ChildProcess.emit (node:events:517:28)
    at maybeClose (node:internal/child_process:1098:16)
    at ChildProcess._handle.onexit (node:internal/child_process:303:5) {
  code: 127,
  killed: false,
  signal: null,
  cmd: 'command -v ansible-lint',
  stdout: '',
  stderr: ''
}
Path for lint: 
Error: Command failed: command -v ansible-lint

    at ChildProcess.exithandler (node:child_process:422:12)
    at ChildProcess.emit (node:events:517:28)
    at maybeClose (node:internal/child_process:1098:16)
    at ChildProcess._handle.onexit (node:internal/child_process:303:5) {
  code: 127,
  killed: false,
  signal: null,
  cmd: 'command -v ansible-lint',
  stdout: '',
  stderr: ''
}
cmd 'ansible-lint --version' was not executed with the following error: ' Command failed: ansible-lint --version
/bin/sh: 1: ansible-lint: not found

Path for lint: 
cmd 'ansible-lint --version' was not executed with the following error: ' Command failed: ansible-lint --version
/bin/sh: 1: ansible-lint: not found

cmd 'ansible-lint --version' was not executed with the following error: ' Command failed: ansible-lint --version
/bin/sh: 1: ansible-lint: not found

cmd 'ansible-lint --version' was not executed with the following error: ' Command failed: ansible-lint --version
/bin/sh: 1: ansible-lint: not found

cmd 'ansible-lint --version' was not executed with the following error: ' Command failed: ansible-lint --version
/bin/sh: 1: ansible-lint: not found

cmd 'ansible-lint --version' was not executed with the following error: ' Command failed: ansible-lint --version
/bin/sh: 1: ansible-lint: not found

cmd 'ansible-lint --version' was not executed with the following error: ' Command failed: ansible-lint --version
/bin/sh: 1: ansible-lint: not found

cmd 'ansible-lint --version' was not executed with the following error: ' Command failed: ansible-lint --version
/bin/sh: 1: ansible-lint: not found

cmd 'ansible-lint --version' was not executed with the following error: ' Command failed: ansible-lint --version
/bin/sh: 1: ansible-lint: not found

cmd 'ansible-lint --version' was not executed with the following error: ' Command failed: ansible-lint --version
/bin/sh: 1: ansible-lint: not found

cmd 'ansible-lint --version' was not executed with the following error: ' Command failed: ansible-lint --version
/bin/sh: 1: ansible-lint: not found

cmd 'ansible-lint --version' was not executed with the following error: ' Command failed: ansible-lint --version
/bin/sh: 1: ansible-lint: not found

cmd 'ansible-lint --version' was not executed with the following error: ' Command failed: ansible-lint --version
/bin/sh: 1: ansible-lint: not found

cmd 'ansible-lint --version' was not executed with the following error: ' Command failed: ansible-lint --version
/bin/sh: 1: ansible-lint: not found

cmd 'ansible-lint --version' was not executed with the following error: ' Command failed: ansible-lint --version
/bin/sh: 1: ansible-lint: not found

cmd 'ansible-lint --version' was not executed with the following error: ' Command failed: ansible-lint --version
/bin/sh: 1: ansible-lint: not found

cmd 'ansible-lint --version' was not executed with the following error: ' Command failed: ansible-lint --version
/bin/sh: 1: ansible-lint: not found

cmd 'ansible-lint --version' was not executed with the following error: ' Command failed: ansible-lint --version
/bin/sh: 1: ansible-lint: not found

cmd 'ansible-lint --version' was not executed with the following error: ' Command failed: ansible-lint --version
/bin/sh: 1: ansible-lint: not found

cmd 'ansible-lint --version' was not executed with the following error: ' Command failed: ansible-lint --version
/bin/sh: 1: ansible-lint: not found

cmd 'ansible-lint --version' was not executed with the following error: ' Command failed: ansible-lint --version
/bin/sh: 1: ansible-lint: not found

cmd 'ansible-lint --version' was not executed with the following error: ' Command failed: ansible-lint --version
/bin/sh: 1: ansible-lint: not found

cmd 'ansible-lint --version' was not executed with the following error: ' Command failed: ansible-lint --version
/bin/sh: 1: ansible-lint: not found

cmd 'ansible-lint --version' was not executed with the following error: ' Command failed: ansible-lint --version
/bin/sh: 1: ansible-lint: not found

cmd 'ansible-lint --version' was not executed with the following error: ' Command failed: ansible-lint --version
/bin/sh: 1: ansible-lint: not found

cmd 'ansible-lint --version' was not executed with the following error: ' Command failed: ansible-lint --version
/bin/sh: 1: ansible-lint: not found

cmd 'ansible-lint --version' was not executed with the following error: ' Command failed: ansible-lint --version
/bin/sh: 1: ansible-lint: not found

cmd 'ansible-lint --version' was not executed with the following error: ' Command failed: ansible-lint --version
/bin/sh: 1: ansible-lint: not found

cmd 'ansible-lint --version' was not executed with the following error: ' Command failed: ansible-lint --version
/bin/sh: 1: ansible-lint: not found

cmd 'ansible-lint --version' was not executed with the following error: ' Command failed: ansible-lint --version
/bin/sh: 1: ansible-lint: not found

cmd 'ansible-lint --version' was not executed with the following error: ' Command failed: ansible-lint --version
/bin/sh: 1: ansible-lint: not found

cmd 'ansible-lint --version' was not executed with the following error: ' Command failed: ansible-lint --version
/bin/sh: 1: ansible-lint: not found

cmd 'ansible-lint --version' was not executed with the following error: ' Command failed: ansible-lint --version
/bin/sh: 1: ansible-lint: not found

cmd 'ansible-lint --version' was not executed with the following error: ' Command failed: ansible-lint --version
/bin/sh: 1: ansible-lint: not found

cmd 'ansible-lint --version' was not executed with the following error: ' Command failed: ansible-lint --version
/bin/sh: 1: ansible-lint: not found

cmd 'ansible-lint --version' was not executed with the following error: ' Command failed: ansible-lint --version
/bin/sh: 1: ansible-lint: not found

cmd 'ansible-lint --version' was not executed with the following error: ' Command failed: ansible-lint --version
/bin/sh: 1: ansible-lint: not found

cmd 'ansible-lint --version' was not executed with the following error: ' Command failed: ansible-lint --version
/bin/sh: 1: ansible-lint: not found

cmd 'ansible-lint --version' was not executed with the following error: ' Command failed: ansible-lint --version
/bin/sh: 1: ansible-lint: not found

cmd 'ansible-lint --version' was not executed with the following error: ' Command failed: ansible-lint --version
/bin/sh: 1: ansible-lint: not found

cmd 'ansible-lint --version' was not executed with the following error: ' Command failed: ansible-lint --version
/bin/sh: 1: ansible-lint: not found

cmd 'ansible-lint --version' was not executed with the following error: ' Command failed: ansible-lint --version
/bin/sh: 1: ansible-lint: not found

cmd 'ansible-lint --version' was not executed with the following error: ' Command failed: ansible-lint --version
/bin/sh: 1: ansible-lint: not found

cmd 'ansible-lint --version' was not executed with the following error: ' Command failed: ansible-lint --version
/bin/sh: 1: ansible-lint: not found

cmd 'ansible-lint --version' was not executed with the following error: ' Command failed: ansible-lint --version
/bin/sh: 1: ansible-lint: not found

cmd 'ansible-lint --version' was not executed with the following error: ' Command failed: ansible-lint --version
/bin/sh: 1: ansible-lint: not found

cmd 'ansible-lint --version' was not executed with the following error: ' Command failed: ansible-lint --version
/bin/sh: 1: ansible-lint: not found

cmd 'ansible-lint --version' was not executed with the following error: ' Command failed: ansible-lint --version
/bin/sh: 1: ansible-lint: not found

cmd 'ansible-lint --version' was not executed with the following error: ' Command failed: ansible-lint --version
/bin/sh: 1: ansible-lint: not found

cmd 'ansible-lint --version' was not executed with the following error: ' Command failed: ansible-lint --version
/bin/sh: 1: ansible-lint: not found

cmd 'ansible-lint --version' was not executed with the following error: ' Command failed: ansible-lint --version
/bin/sh: 1: ansible-lint: not found

cmd 'ansible-lint --version' was not executed with the following error: ' Command failed: ansible-lint --version
/bin/sh: 1: ansible-lint: not found

cmd 'ansible-lint --version' was not executed with the following error: ' Command failed: ansible-lint --version
/bin/sh: 1: ansible-lint: not found

cmd 'ansible-lint --version' was not executed with the following error: ' Command failed: ansible-lint --version
/bin/sh: 1: ansible-lint: not found

cmd 'ansible-lint --version' was not executed with the following error: ' Command failed: ansible-lint --version
/bin/sh: 1: ansible-lint: not found

cmd 'ansible-lint --version' was not executed with the following error: ' Command failed: ansible-lint --version
/bin/sh: 1: ansible-lint: not found

cmd 'ansible-lint --version' was not executed with the following error: ' Command failed: ansible-lint --version
/bin/sh: 1: ansible-lint: not found

cmd 'ansible-lint --version' was not executed with the following error: ' Command failed: ansible-lint --version
/bin/sh: 1: ansible-lint: not found

cmd 'ansible-lint --version' was not executed with the following error: ' Command failed: ansible-lint --version
/bin/sh: 1: ansible-lint: not found

cmd 'ansible-lint --version' was not executed with the following error: ' Command failed: ansible-lint --version
/bin/sh: 1: ansible-lint: not found

cmd 'ansible-lint --version' was not executed with the following error: ' Command failed: ansible-lint --version
/bin/sh: 1: ansible-lint: not found

cmd 'ansible-lint --version' was not executed with the following error: ' Command failed: ansible-lint --version
/bin/sh: 1: ansible-lint: not found

cmd 'ansible-lint --version' was not executed with the following error: ' Command failed: ansible-lint --version
/bin/sh: 1: ansible-lint: not found

cmd 'ansible-lint --version' was not executed with the following error: ' Command failed: ansible-lint --version
/bin/sh: 1: ansible-lint: not found

cmd 'ansible-lint --version' was not executed with the following error: ' Command failed: ansible-lint --version
/bin/sh: 1: ansible-lint: not found

cmd 'ansible-lint --version' was not executed with the following error: ' Command failed: ansible-lint --version
/bin/sh: 1: ansible-lint: not found

cmd 'ansible-lint --version' was not executed with the following error: ' Command failed: ansible-lint --version
/bin/sh: 1: ansible-lint: not found

cmd 'ansible-lint --version' was not executed with the following error: ' Command failed: ansible-lint --version
/bin/sh: 1: ansible-lint: not found

cmd 'ansible-lint --version' was not executed with the following error: ' Command failed: ansible-lint --version
/bin/sh: 1: ansible-lint: not found

cmd 'ansible-lint --version' was not executed with the following error: ' Command failed: ansible-lint --version
/bin/sh: 1: ansible-lint: not found

cmd 'ansible-lint --version' was not executed with the following error: ' Command failed: ansible-lint --version
/bin/sh: 1: ansible-lint: not found

cmd 'ansible-lint --version' was not executed with the following error: ' Command failed: ansible-lint --version
/bin/sh: 1: ansible-lint: not found

cmd 'ansible-lint --version' was not executed with the following error: ' Command failed: ansible-lint --version
/bin/sh: 1: ansible-lint: not found

cmd 'ansible-lint --version' was not executed with the following error: ' Command failed: ansible-lint --version
/bin/sh: 1: ansible-lint: not found

cmd 'ansible-lint --version' was not executed with the following error: ' Command failed: ansible-lint --version
/bin/sh: 1: ansible-lint: not found

cmd 'ansible-lint --version' was not executed with the following error: ' Command failed: ansible-lint --version
/bin/sh: 1: ansible-lint: not found

cmd 'ansible-lint --version' was not executed with the following error: ' Command failed: ansible-lint --version
/bin/sh: 1: ansible-lint: not found

cmd 'ansible-lint --version' was not executed with the following error: ' Command failed: ansible-lint --version
/bin/sh: 1: ansible-lint: not found

cmd 'ansible-lint --version' was not executed with the following error: ' Command failed: ansible-lint --version
/bin/sh: 1: ansible-lint: not found

cmd 'ansible-lint --version' was not executed with the following error: ' Command failed: ansible-lint --version
/bin/sh: 1: ansible-lint: not found

cmd 'ansible-lint --version' was not executed with the following error: ' Command failed: ansible-lint --version
/bin/sh: 1: ansible-lint: not found

cmd 'ansible-lint --version' was not executed with the following error: ' Command failed: ansible-lint --version
/bin/sh: 1: ansible-lint: not found

cmd 'ansible-lint --version' was not executed with the following error: ' Command failed: ansible-lint --version
/bin/sh: 1: ansible-lint: not found

cmd 'ansible-lint --version' was not executed with the following error: ' Command failed: ansible-lint --version
/bin/sh: 1: ansible-lint: not found

cmd 'ansible-lint --version' was not executed with the following error: ' Command failed: ansible-lint --version
/bin/sh: 1: ansible-lint: not found

cmd 'ansible-lint --version' was not executed with the following error: ' Command failed: ansible-lint --version
/bin/sh: 1: ansible-lint: not found

cmd 'ansible-lint --version' was not executed with the following error: ' Command failed: ansible-lint --version
/bin/sh: 1: ansible-lint: not found

cmd 'ansible-lint --version' was not executed with the following error: ' Command failed: ansible-lint --version
/bin/sh: 1: ansible-lint: not found

Error: Command failed: command -v ansible-lint

    at ChildProcess.exithandler (node:child_process:422:12)
    at ChildProcess.emit (node:events:517:28)
    at maybeClose (node:internal/child_process:1098:16)
    at ChildProcess._handle.onexit (node:internal/child_process:303:5) {
  code: 127,
  killed: false,
  signal: null,
  cmd: 'command -v ansible-lint',
  stdout: '',
  stderr: ''
}
Path for lint: 
cmd 'ansible-lint --version' was not executed with the following error: ' Command failed: ansible-lint --version
/bin/sh: 1: ansible-lint: not found

cmd 'ansible-lint --version' was not executed with the following error: ' Command failed: ansible-lint --version
/bin/sh: 1: ansible-lint: not found

cmd 'ansible-lint --version' was not executed with the following error: ' Command failed: ansible-lint --version
/bin/sh: 1: ansible-lint: not found

cmd 'ansible-lint --version' was not executed with the following error: ' Command failed: ansible-lint --version
/bin/sh: 1: ansible-lint: not found

cmd 'ansible-lint --version' was not executed with the following error: ' Command failed: ansible-lint --version
/bin/sh: 1: ansible-lint: not found

cmd 'ansible-lint --version' was not executed with the following error: ' Command failed: ansible-lint --version
/bin/sh: 1: ansible-lint: not found

cmd 'ansible-lint --version' was not executed with the following error: ' Command failed: ansible-lint --version
/bin/sh: 1: ansible-lint: not found

cmd 'ansible-lint --version' was not executed with the following error: ' Command failed: ansible-lint --version
/bin/sh: 1: ansible-lint: not found

cmd 'ansible-lint --version' was not executed with the following error: ' Command failed: ansible-lint --version
/bin/sh: 1: ansible-lint: not found

cmd 'ansible-lint --version' was not executed with the following error: ' Command failed: ansible-lint --version
/bin/sh: 1: ansible-lint: not found

cmd 'ansible-lint --version' was not executed with the following error: ' Command failed: ansible-lint --version
/bin/sh: 1: ansible-lint: not found

cmd 'ansible-lint --version' was not executed with the following error: ' Command failed: ansible-lint --version
/bin/sh: 1: ansible-lint: not found

Error: Command failed: command -v ansible-lint

    at ChildProcess.exithandler (node:child_process:422:12)
    at ChildProcess.emit (node:events:517:28)
    at maybeClose (node:internal/child_process:1098:16)
    at ChildProcess._handle.onexit (node:internal/child_process:303:5) {
  code: 127,
  killed: false,
  signal: null,
  cmd: 'command -v ansible-lint',
  stdout: '',
  stderr: ''
}
Path for lint: 
cmd 'ansible-lint --version' was not executed with the following error: ' Command failed: ansible-lint --version
/bin/sh: 1: ansible-lint: not found

cmd 'ansible-lint --version' was not executed with the following error: ' Command failed: ansible-lint --version
/bin/sh: 1: ansible-lint: not found

Error: Command failed: command -v ansible-lint

    at ChildProcess.exithandler (node:child_process:422:12)
    at ChildProcess.emit (node:events:517:28)
    at maybeClose (node:internal/child_process:1098:16)
    at ChildProcess._handle.onexit (node:internal/child_process:303:5) {
  code: 127,
  killed: false,
  signal: null,
  cmd: 'command -v ansible-lint',
  stdout: '',
  stderr: ''
}
Path for lint: 
cmd 'ansible-lint --version' was not executed with the following error: ' Command failed: ansible-lint --version
/bin/sh: 1: ansible-lint: not found

cmd 'ansible-lint --version' was not executed with the following error: ' Command failed: ansible-lint --version
/bin/sh: 1: ansible-lint: not found

cmd 'ansible-lint --version' was not executed with the following error: ' Command failed: ansible-lint --version
/bin/sh: 1: ansible-lint: not found

cmd 'ansible-lint --version' was not executed with the following error: ' Command failed: ansible-lint --version
/bin/sh: 1: ansible-lint: not found

cmd 'ansible-lint --version' was not executed with the following error: ' Command failed: ansible-lint --version
/bin/sh: 1: ansible-lint: not found

cmd 'ansible-lint --version' was not executed with the following error: ' Command failed: ansible-lint --version
/bin/sh: 1: ansible-lint: not found

Error: Command failed: command -v ansible-lint

    at ChildProcess.exithandler (node:child_process:422:12)
    at ChildProcess.emit (node:events:517:28)
    at maybeClose (node:internal/child_process:1098:16)
    at ChildProcess._handle.onexit (node:internal/child_process:303:5) {
  code: 127,
  killed: false,
  signal: null,
  cmd: 'command -v ansible-lint',
  stdout: '',
  stderr: ''
}
Path for lint: 
Error: Command failed: command -v ansible-lint

    at ChildProcess.exithandler (node:child_process:422:12)
    at ChildProcess.emit (node:events:517:28)
    at maybeClose (node:internal/child_process:1098:16)
    at ChildProcess._handle.onexit (node:internal/child_process:303:5) {
  code: 127,
  killed: false,
  signal: null,
  cmd: 'command -v ansible-lint',
  stdout: '',
  stderr: ''
}
Path for lint: 
cmd 'ansible-lint --version' was not executed with the following error: ' Command failed: ansible-lint --version
/bin/sh: 1: ansible-lint: not found

cmd 'ansible-lint --version' was not executed with the following error: ' Command failed: ansible-lint --version
/bin/sh: 1: ansible-lint: not found

