2024-07-15 08:02:06.913 [info] Extension host with pid 150 started
2024-07-15 08:02:07.062 [info] ExtensionService#_doActivateExtension vscode.emmet, startup: false, activationEvent: 'onLanguage'
2024-07-15 08:02:07.064 [info] ExtensionService#_doActivateExtension ms-python.python, startup: false, activationEvent: 'onLanguage:yaml', root cause: redhat.ansible
2024-07-15 08:02:07.065 [info] ExtensionService#_doActivateExtension redhat.vscode-yaml, startup: false, activationEvent: 'onLanguage:yaml', root cause: redhat.ansible
2024-07-15 08:02:07.961 [info] Lock '/home/ndao/.vscode-server/data/User/workspaceStorage/a14c3a812da8755da87379a0235c592b/vscode.lock': Lock acquired.
2024-07-15 08:02:08.270 [info] ExtensionService#_doActivateExtension vscode.git-base, startup: true, activationEvent: '*', root cause: vscode.git
2024-07-15 08:02:08.341 [info] ExtensionService#_doActivateExtension vscode.git, startup: true, activationEvent: '*'
2024-07-15 08:02:08.342 [info] ExtensionService#_doActivateExtension vscode.github, startup: true, activationEvent: '*'
2024-07-15 08:02:08.998 [info] ExtensionService#_doActivateExtension redhat.ansible, startup: false, activationEvent: 'onLanguage:yaml'
2024-07-15 08:02:09.372 [info] Eager extensions activated
2024-07-15 08:02:09.374 [info] ExtensionService#_doActivateExtension vscode.debug-auto-launch, startup: false, activationEvent: 'onStartupFinished'
2024-07-15 08:02:09.375 [info] ExtensionService#_doActivateExtension vscode.merge-conflict, startup: false, activationEvent: 'onStartupFinished'
2024-07-15 08:02:09.376 [info] ExtensionService#_doActivateExtension Bito.Bito, startup: false, activationEvent: 'onStartupFinished'
2024-07-15 08:02:13.101 [warning] [redhat.vscode-yaml] Accessing a resource scoped configuration without providing a resource is not expected. To get the effective value for '[yaml]', provide the URI of a resource or 'null' for any resource.
2024-07-15 08:02:13.334 [warning] [redhat.vscode-yaml] Accessing a resource scoped configuration without providing a resource is not expected. To get the effective value for '[yaml]', provide the URI of a resource or 'null' for any resource.
2024-07-15 08:02:13.521 [info] ExtensionService#_doActivateExtension ms-python.vscode-pylance, startup: false, activationEvent: 'api', root cause: ms-python.python
2024-07-15 09:51:39.268 [info] ExtensionService#_doActivateExtension vscode.configuration-editing, startup: false, activationEvent: 'onLanguage:jsonc'
2024-07-15 09:51:39.269 [info] ExtensionService#_doActivateExtension vscode.json-language-features, startup: false, activationEvent: 'onLanguage:jsonc'
2024-07-15 09:51:39.269 [info] ExtensionService#_doActivateExtension vscode.typescript-language-features, startup: false, activationEvent: 'onLanguage:jsonc'
2024-07-15 09:51:39.911 [warning] [redhat.vscode-yaml] Accessing a resource scoped configuration without providing a resource is not expected. To get the effective value for '[yaml]', provide the URI of a resource or 'null' for any resource.
2024-07-15 09:51:40.945 [warning] [redhat.vscode-yaml] Accessing a resource scoped configuration without providing a resource is not expected. To get the effective value for '[yaml]', provide the URI of a resource or 'null' for any resource.
2024-07-15 09:51:43.121 [warning] [redhat.vscode-yaml] Accessing a resource scoped configuration without providing a resource is not expected. To get the effective value for '[yaml]', provide the URI of a resource or 'null' for any resource.
2024-07-15 09:51:44.379 [warning] [redhat.vscode-yaml] Accessing a resource scoped configuration without providing a resource is not expected. To get the effective value for '[yaml]', provide the URI of a resource or 'null' for any resource.
2024-07-15 10:06:46.665 [warning] [redhat.vscode-yaml] Accessing a resource scoped configuration without providing a resource is not expected. To get the effective value for '[yaml]', provide the URI of a resource or 'null' for any resource.
2024-07-15 10:06:56.206 [warning] [redhat.vscode-yaml] Accessing a resource scoped configuration without providing a resource is not expected. To get the effective value for '[yaml]', provide the URI of a resource or 'null' for any resource.
2024-07-15 10:06:57.187 [warning] [redhat.vscode-yaml] Accessing a resource scoped configuration without providing a resource is not expected. To get the effective value for '[yaml]', provide the URI of a resource or 'null' for any resource.
2024-07-15 10:07:03.030 [warning] [redhat.vscode-yaml] Accessing a resource scoped configuration without providing a resource is not expected. To get the effective value for '[yaml]', provide the URI of a resource or 'null' for any resource.
2024-07-15 10:07:42.076 [warning] [redhat.vscode-yaml] Accessing a resource scoped configuration without providing a resource is not expected. To get the effective value for '[yaml]', provide the URI of a resource or 'null' for any resource.
2024-07-15 10:07:42.888 [warning] [redhat.vscode-yaml] Accessing a resource scoped configuration without providing a resource is not expected. To get the effective value for '[yaml]', provide the URI of a resource or 'null' for any resource.
2024-07-15 10:07:43.330 [warning] [redhat.vscode-yaml] Accessing a resource scoped configuration without providing a resource is not expected. To get the effective value for '[yaml]', provide the URI of a resource or 'null' for any resource.
2024-07-15 10:07:45.382 [warning] [redhat.vscode-yaml] Accessing a resource scoped configuration without providing a resource is not expected. To get the effective value for '[yaml]', provide the URI of a resource or 'null' for any resource.
2024-07-15 10:07:57.528 [warning] [redhat.vscode-yaml] Accessing a resource scoped configuration without providing a resource is not expected. To get the effective value for '[yaml]', provide the URI of a resource or 'null' for any resource.
2024-07-15 10:07:58.318 [warning] [redhat.vscode-yaml] Accessing a resource scoped configuration without providing a resource is not expected. To get the effective value for '[yaml]', provide the URI of a resource or 'null' for any resource.
2024-07-15 10:07:58.756 [warning] [redhat.vscode-yaml] Accessing a resource scoped configuration without providing a resource is not expected. To get the effective value for '[yaml]', provide the URI of a resource or 'null' for any resource.
2024-07-15 10:08:01.369 [warning] [redhat.vscode-yaml] Accessing a resource scoped configuration without providing a resource is not expected. To get the effective value for '[yaml]', provide the URI of a resource or 'null' for any resource.
2024-07-15 10:08:19.018 [warning] [redhat.vscode-yaml] Accessing a resource scoped configuration without providing a resource is not expected. To get the effective value for '[yaml]', provide the URI of a resource or 'null' for any resource.
2024-07-15 10:08:19.932 [warning] [redhat.vscode-yaml] Accessing a resource scoped configuration without providing a resource is not expected. To get the effective value for '[yaml]', provide the URI of a resource or 'null' for any resource.
2024-07-15 10:08:21.324 [warning] [redhat.vscode-yaml] Accessing a resource scoped configuration without providing a resource is not expected. To get the effective value for '[yaml]', provide the URI of a resource or 'null' for any resource.
2024-07-15 10:08:30.930 [warning] [redhat.vscode-yaml] Accessing a resource scoped configuration without providing a resource is not expected. To get the effective value for '[yaml]', provide the URI of a resource or 'null' for any resource.
2024-07-15 10:16:00.354 [warning] [redhat.vscode-yaml] Accessing a resource scoped configuration without providing a resource is not expected. To get the effective value for '[yaml]', provide the URI of a resource or 'null' for any resource.
2024-07-15 10:16:03.194 [warning] [redhat.vscode-yaml] Accessing a resource scoped configuration without providing a resource is not expected. To get the effective value for '[yaml]', provide the URI of a resource or 'null' for any resource.
2024-07-15 10:16:05.641 [warning] [redhat.vscode-yaml] Accessing a resource scoped configuration without providing a resource is not expected. To get the effective value for '[yaml]', provide the URI of a resource or 'null' for any resource.
2024-07-15 10:16:15.633 [warning] [redhat.vscode-yaml] Accessing a resource scoped configuration without providing a resource is not expected. To get the effective value for '[yaml]', provide the URI of a resource or 'null' for any resource.
2024-07-15 13:40:30.945 [warning] [redhat.vscode-yaml] Accessing a resource scoped configuration without providing a resource is not expected. To get the effective value for '[yaml]', provide the URI of a resource or 'null' for any resource.
2024-07-15 13:40:31.386 [warning] [redhat.vscode-yaml] Accessing a resource scoped configuration without providing a resource is not expected. To get the effective value for '[yaml]', provide the URI of a resource or 'null' for any resource.
2024-07-15 13:47:22.174 [warning] [redhat.vscode-yaml] Accessing a resource scoped configuration without providing a resource is not expected. To get the effective value for '[yaml]', provide the URI of a resource or 'null' for any resource.
2024-07-15 13:47:22.771 [warning] [redhat.vscode-yaml] Accessing a resource scoped configuration without providing a resource is not expected. To get the effective value for '[yaml]', provide the URI of a resource or 'null' for any resource.
2024-07-15 13:47:23.662 [warning] [redhat.vscode-yaml] Accessing a resource scoped configuration without providing a resource is not expected. To get the effective value for '[yaml]', provide the URI of a resource or 'null' for any resource.
2024-07-15 13:47:24.279 [warning] [redhat.vscode-yaml] Accessing a resource scoped configuration without providing a resource is not expected. To get the effective value for '[yaml]', provide the URI of a resource or 'null' for any resource.
2024-07-15 13:47:25.146 [warning] [redhat.vscode-yaml] Accessing a resource scoped configuration without providing a resource is not expected. To get the effective value for '[yaml]', provide the URI of a resource or 'null' for any resource.
2024-07-15 13:47:25.659 [warning] [redhat.vscode-yaml] Accessing a resource scoped configuration without providing a resource is not expected. To get the effective value for '[yaml]', provide the URI of a resource or 'null' for any resource.
2024-07-15 13:47:26.724 [warning] [redhat.vscode-yaml] Accessing a resource scoped configuration without providing a resource is not expected. To get the effective value for '[yaml]', provide the URI of a resource or 'null' for any resource.
2024-07-15 13:47:27.489 [warning] [redhat.vscode-yaml] Accessing a resource scoped configuration without providing a resource is not expected. To get the effective value for '[yaml]', provide the URI of a resource or 'null' for any resource.
2024-07-15 13:47:28.451 [warning] [redhat.vscode-yaml] Accessing a resource scoped configuration without providing a resource is not expected. To get the effective value for '[yaml]', provide the URI of a resource or 'null' for any resource.
2024-07-15 13:47:29.416 [warning] [redhat.vscode-yaml] Accessing a resource scoped configuration without providing a resource is not expected. To get the effective value for '[yaml]', provide the URI of a resource or 'null' for any resource.
2024-07-15 15:09:08.300 [warning] [redhat.vscode-yaml] Accessing a resource scoped configuration without providing a resource is not expected. To get the effective value for '[yaml]', provide the URI of a resource or 'null' for any resource.
2024-07-15 15:09:13.910 [warning] [redhat.vscode-yaml] Accessing a resource scoped configuration without providing a resource is not expected. To get the effective value for '[yaml]', provide the URI of a resource or 'null' for any resource.
2024-07-15 15:09:14.324 [warning] [redhat.vscode-yaml] Accessing a resource scoped configuration without providing a resource is not expected. To get the effective value for '[yaml]', provide the URI of a resource or 'null' for any resource.
2024-07-15 15:09:14.854 [warning] [redhat.vscode-yaml] Accessing a resource scoped configuration without providing a resource is not expected. To get the effective value for '[yaml]', provide the URI of a resource or 'null' for any resource.
2024-07-15 15:09:15.416 [warning] [redhat.vscode-yaml] Accessing a resource scoped configuration without providing a resource is not expected. To get the effective value for '[yaml]', provide the URI of a resource or 'null' for any resource.
2024-07-15 15:09:15.709 [warning] [redhat.vscode-yaml] Accessing a resource scoped configuration without providing a resource is not expected. To get the effective value for '[yaml]', provide the URI of a resource or 'null' for any resource.
2024-07-15 15:09:16.672 [warning] [redhat.vscode-yaml] Accessing a resource scoped configuration without providing a resource is not expected. To get the effective value for '[yaml]', provide the URI of a resource or 'null' for any resource.
2024-07-15 15:09:18.053 [warning] [redhat.vscode-yaml] Accessing a resource scoped configuration without providing a resource is not expected. To get the effective value for '[yaml]', provide the URI of a resource or 'null' for any resource.
2024-07-15 15:09:19.437 [warning] [redhat.vscode-yaml] Accessing a resource scoped configuration without providing a resource is not expected. To get the effective value for '[yaml]', provide the URI of a resource or 'null' for any resource.
2024-07-15 15:09:20.723 [warning] [redhat.vscode-yaml] Accessing a resource scoped configuration without providing a resource is not expected. To get the effective value for '[yaml]', provide the URI of a resource or 'null' for any resource.
2024-07-15 15:12:12.048 [warning] [redhat.vscode-yaml] Accessing a resource scoped configuration without providing a resource is not expected. To get the effective value for '[yaml]', provide the URI of a resource or 'null' for any resource.
2024-07-15 15:12:12.901 [warning] [redhat.vscode-yaml] Accessing a resource scoped configuration without providing a resource is not expected. To get the effective value for '[yaml]', provide the URI of a resource or 'null' for any resource.
2024-07-15 15:12:16.373 [warning] [redhat.vscode-yaml] Accessing a resource scoped configuration without providing a resource is not expected. To get the effective value for '[yaml]', provide the URI of a resource or 'null' for any resource.
2024-07-15 15:12:18.102 [warning] [redhat.vscode-yaml] Accessing a resource scoped configuration without providing a resource is not expected. To get the effective value for '[yaml]', provide the URI of a resource or 'null' for any resource.
2024-07-15 15:12:21.630 [warning] [redhat.vscode-yaml] Accessing a resource scoped configuration without providing a resource is not expected. To get the effective value for '[yaml]', provide the URI of a resource or 'null' for any resource.
2024-07-15 15:12:24.381 [warning] [redhat.vscode-yaml] Accessing a resource scoped configuration without providing a resource is not expected. To get the effective value for '[yaml]', provide the URI of a resource or 'null' for any resource.
2024-07-15 15:12:27.160 [warning] [redhat.vscode-yaml] Accessing a resource scoped configuration without providing a resource is not expected. To get the effective value for '[yaml]', provide the URI of a resource or 'null' for any resource.
2024-07-15 15:12:28.106 [warning] [redhat.vscode-yaml] Accessing a resource scoped configuration without providing a resource is not expected. To get the effective value for '[yaml]', provide the URI of a resource or 'null' for any resource.
2024-07-15 15:12:30.753 [warning] [redhat.vscode-yaml] Accessing a resource scoped configuration without providing a resource is not expected. To get the effective value for '[yaml]', provide the URI of a resource or 'null' for any resource.
2024-07-15 15:12:31.573 [warning] [redhat.vscode-yaml] Accessing a resource scoped configuration without providing a resource is not expected. To get the effective value for '[yaml]', provide the URI of a resource or 'null' for any resource.
2024-07-15 15:12:35.197 [warning] [redhat.vscode-yaml] Accessing a resource scoped configuration without providing a resource is not expected. To get the effective value for '[yaml]', provide the URI of a resource or 'null' for any resource.
2024-07-15 15:12:36.343 [warning] [redhat.vscode-yaml] Accessing a resource scoped configuration without providing a resource is not expected. To get the effective value for '[yaml]', provide the URI of a resource or 'null' for any resource.
2024-07-15 15:12:39.148 [warning] [redhat.vscode-yaml] Accessing a resource scoped configuration without providing a resource is not expected. To get the effective value for '[yaml]', provide the URI of a resource or 'null' for any resource.
2024-07-15 15:12:40.052 [warning] [redhat.vscode-yaml] Accessing a resource scoped configuration without providing a resource is not expected. To get the effective value for '[yaml]', provide the URI of a resource or 'null' for any resource.
2024-07-15 15:12:42.441 [warning] [redhat.vscode-yaml] Accessing a resource scoped configuration without providing a resource is not expected. To get the effective value for '[yaml]', provide the URI of a resource or 'null' for any resource.
2024-07-15 15:12:43.800 [warning] [redhat.vscode-yaml] Accessing a resource scoped configuration without providing a resource is not expected. To get the effective value for '[yaml]', provide the URI of a resource or 'null' for any resource.
2024-07-15 15:12:54.268 [warning] [redhat.vscode-yaml] Accessing a resource scoped configuration without providing a resource is not expected. To get the effective value for '[yaml]', provide the URI of a resource or 'null' for any resource.
2024-07-15 15:12:57.945 [warning] [redhat.vscode-yaml] Accessing a resource scoped configuration without providing a resource is not expected. To get the effective value for '[yaml]', provide the URI of a resource or 'null' for any resource.
2024-07-15 15:22:08.426 [warning] [redhat.vscode-yaml] Accessing a resource scoped configuration without providing a resource is not expected. To get the effective value for '[yaml]', provide the URI of a resource or 'null' for any resource.
2024-07-15 15:22:11.251 [warning] [redhat.vscode-yaml] Accessing a resource scoped configuration without providing a resource is not expected. To get the effective value for '[yaml]', provide the URI of a resource or 'null' for any resource.
2024-07-15 15:29:31.213 [warning] [redhat.vscode-yaml] Accessing a resource scoped configuration without providing a resource is not expected. To get the effective value for '[yaml]', provide the URI of a resource or 'null' for any resource.
2024-07-15 15:29:32.260 [warning] [redhat.vscode-yaml] Accessing a resource scoped configuration without providing a resource is not expected. To get the effective value for '[yaml]', provide the URI of a resource or 'null' for any resource.
2024-07-15 15:29:32.812 [warning] [redhat.vscode-yaml] Accessing a resource scoped configuration without providing a resource is not expected. To get the effective value for '[yaml]', provide the URI of a resource or 'null' for any resource.
2024-07-15 15:29:34.194 [warning] [redhat.vscode-yaml] Accessing a resource scoped configuration without providing a resource is not expected. To get the effective value for '[yaml]', provide the URI of a resource or 'null' for any resource.
2024-07-15 15:29:36.852 [warning] [redhat.vscode-yaml] Accessing a resource scoped configuration without providing a resource is not expected. To get the effective value for '[yaml]', provide the URI of a resource or 'null' for any resource.
2024-07-15 15:29:38.499 [warning] [redhat.vscode-yaml] Accessing a resource scoped configuration without providing a resource is not expected. To get the effective value for '[yaml]', provide the URI of a resource or 'null' for any resource.
2024-07-15 15:29:43.167 [warning] [redhat.vscode-yaml] Accessing a resource scoped configuration without providing a resource is not expected. To get the effective value for '[yaml]', provide the URI of a resource or 'null' for any resource.
2024-07-15 15:29:44.401 [warning] [redhat.vscode-yaml] Accessing a resource scoped configuration without providing a resource is not expected. To get the effective value for '[yaml]', provide the URI of a resource or 'null' for any resource.
2024-07-15 15:29:44.821 [warning] [redhat.vscode-yaml] Accessing a resource scoped configuration without providing a resource is not expected. To get the effective value for '[yaml]', provide the URI of a resource or 'null' for any resource.
2024-07-15 15:29:46.723 [warning] [redhat.vscode-yaml] Accessing a resource scoped configuration without providing a resource is not expected. To get the effective value for '[yaml]', provide the URI of a resource or 'null' for any resource.
2024-07-15 15:29:50.145 [warning] [redhat.vscode-yaml] Accessing a resource scoped configuration without providing a resource is not expected. To get the effective value for '[yaml]', provide the URI of a resource or 'null' for any resource.
2024-07-15 15:29:58.669 [warning] [redhat.vscode-yaml] Accessing a resource scoped configuration without providing a resource is not expected. To get the effective value for '[yaml]', provide the URI of a resource or 'null' for any resource.
2024-07-15 15:33:17.365 [warning] [redhat.vscode-yaml] Accessing a resource scoped configuration without providing a resource is not expected. To get the effective value for '[yaml]', provide the URI of a resource or 'null' for any resource.
2024-07-15 15:33:18.199 [warning] [redhat.vscode-yaml] Accessing a resource scoped configuration without providing a resource is not expected. To get the effective value for '[yaml]', provide the URI of a resource or 'null' for any resource.
2024-07-15 15:33:20.454 [warning] [redhat.vscode-yaml] Accessing a resource scoped configuration without providing a resource is not expected. To get the effective value for '[yaml]', provide the URI of a resource or 'null' for any resource.
2024-07-15 15:33:27.864 [warning] [redhat.vscode-yaml] Accessing a resource scoped configuration without providing a resource is not expected. To get the effective value for '[yaml]', provide the URI of a resource or 'null' for any resource.
2024-07-15 15:33:28.897 [warning] [redhat.vscode-yaml] Accessing a resource scoped configuration without providing a resource is not expected. To get the effective value for '[yaml]', provide the URI of a resource or 'null' for any resource.
2024-07-15 15:34:17.569 [warning] [redhat.vscode-yaml] Accessing a resource scoped configuration without providing a resource is not expected. To get the effective value for '[yaml]', provide the URI of a resource or 'null' for any resource.
2024-07-15 15:38:43.490 [warning] [redhat.vscode-yaml] Accessing a resource scoped configuration without providing a resource is not expected. To get the effective value for '[yaml]', provide the URI of a resource or 'null' for any resource.
2024-07-15 15:38:46.401 [warning] [redhat.vscode-yaml] Accessing a resource scoped configuration without providing a resource is not expected. To get the effective value for '[yaml]', provide the URI of a resource or 'null' for any resource.
2024-07-15 15:53:34.188 [info] Extension host terminating: received terminate message from renderer
2024-07-15 15:53:34.189 [info] Lock '/home/ndao/.vscode-server/data/User/workspaceStorage/a14c3a812da8755da87379a0235c592b/vscode.lock': Marking the lockfile as scheduled to be released in 6000 ms.
2024-07-15 15:53:34.461 [error] Canceled: Canceled
	at new I (/home/ndao/.vscode-server/bin/f1e16e1e6214d7c44d078b1f0607b2388f29d729/out/vs/workbench/api/node/extensionHostProcess.js:146:34990)
	at S.U (/home/ndao/.vscode-server/bin/f1e16e1e6214d7c44d078b1f0607b2388f29d729/out/vs/workbench/api/node/extensionHostProcess.js:153:6023)
	at z.<computed>.F.charCodeAt.T.CharCode.DollarSign.z.<computed> (/home/ndao/.vscode-server/bin/f1e16e1e6214d7c44d078b1f0607b2388f29d729/out/vs/workbench/api/node/extensionHostProcess.js:153:3107)
	at f.g (/home/ndao/.vscode-server/bin/f1e16e1e6214d7c44d078b1f0607b2388f29d729/out/vs/workbench/api/node/extensionHostProcess.js:156:203861)
	at f.executeCommand (/home/ndao/.vscode-server/bin/f1e16e1e6214d7c44d078b1f0607b2388f29d729/out/vs/workbench/api/node/extensionHostProcess.js:156:203299)
	at A.registerCommand.description (/home/ndao/.vscode-server/bin/f1e16e1e6214d7c44d078b1f0607b2388f29d729/out/vs/workbench/api/node/extensionHostProcess.js:156:202623)
	at f.h (/home/ndao/.vscode-server/bin/f1e16e1e6214d7c44d078b1f0607b2388f29d729/out/vs/workbench/api/node/extensionHostProcess.js:156:204400)
	at f.g (/home/ndao/.vscode-server/bin/f1e16e1e6214d7c44d078b1f0607b2388f29d729/out/vs/workbench/api/node/extensionHostProcess.js:156:203392)
	at f.executeCommand (/home/ndao/.vscode-server/bin/f1e16e1e6214d7c44d078b1f0607b2388f29d729/out/vs/workbench/api/node/extensionHostProcess.js:156:203299)
	at Object.executeCommand (/home/ndao/.vscode-server/bin/f1e16e1e6214d7c44d078b1f0607b2388f29d729/out/vs/workbench/api/node/extensionHostProcess.js:166:23051)
	at n.O [as value] (/home/ndao/.vscode-server/bin/f1e16e1e6214d7c44d078b1f0607b2388f29d729/extensions/git/dist/main.js:2:949496)
	at r.B (/home/ndao/.vscode-server/bin/f1e16e1e6214d7c44d078b1f0607b2388f29d729/out/vs/workbench/api/node/extensionHostProcess.js:83:737)
	at r.C (/home/ndao/.vscode-server/bin/f1e16e1e6214d7c44d078b1f0607b2388f29d729/out/vs/workbench/api/node/extensionHostProcess.js:83:807)
	at r.fire (/home/ndao/.vscode-server/bin/f1e16e1e6214d7c44d078b1f0607b2388f29d729/out/vs/workbench/api/node/extensionHostProcess.js:83:1023)
	at Object.p [as dispose] (/home/ndao/.vscode-server/bin/f1e16e1e6214d7c44d078b1f0607b2388f29d729/extensions/git/dist/main.js:2:968700)
	at /home/ndao/.vscode-server/bin/f1e16e1e6214d7c44d078b1f0607b2388f29d729/extensions/git/dist/main.js:2:974738
	at Array.forEach (<anonymous>)
	at f.dispose (/home/ndao/.vscode-server/bin/f1e16e1e6214d7c44d078b1f0607b2388f29d729/extensions/git/dist/main.js:2:974724)
	at c.<anonymous> (/home/ndao/.vscode-server/bin/f1e16e1e6214d7c44d078b1f0607b2388f29d729/out/vs/workbench/api/node/extensionHostProcess.js:154:4048)
	at c.dispose (/home/ndao/.vscode-server/bin/f1e16e1e6214d7c44d078b1f0607b2388f29d729/out/vs/workbench/api/node/extensionHostProcess.js:154:4145)
	at c.<anonymous> (/home/ndao/.vscode-server/bin/f1e16e1e6214d7c44d078b1f0607b2388f29d729/extensions/git/dist/main.js:2:951753)
	at c.dispose (/home/ndao/.vscode-server/bin/f1e16e1e6214d7c44d078b1f0607b2388f29d729/out/vs/workbench/api/node/extensionHostProcess.js:154:4145)
	at d (/home/ndao/.vscode-server/bin/f1e16e1e6214d7c44d078b1f0607b2388f29d729/out/vs/workbench/api/node/extensionHostProcess.js:30:744)
	at m.eb (/home/ndao/.vscode-server/bin/f1e16e1e6214d7c44d078b1f0607b2388f29d729/out/vs/workbench/api/node/extensionHostProcess.js:162:10039)
	at /home/ndao/.vscode-server/bin/f1e16e1e6214d7c44d078b1f0607b2388f29d729/out/vs/workbench/api/node/extensionHostProcess.js:162:7915
	at Array.map (<anonymous>)
	at m.$ (/home/ndao/.vscode-server/bin/f1e16e1e6214d7c44d078b1f0607b2388f29d729/out/vs/workbench/api/node/extensionHostProcess.js:162:7902)
	at m.terminate (/home/ndao/.vscode-server/bin/f1e16e1e6214d7c44d078b1f0607b2388f29d729/out/vs/workbench/api/node/extensionHostProcess.js:162:8175)
	at d.terminate (/home/ndao/.vscode-server/bin/f1e16e1e6214d7c44d078b1f0607b2388f29d729/out/vs/workbench/api/node/extensionHostProcess.js:166:1513)
	at i (/home/ndao/.vscode-server/bin/f1e16e1e6214d7c44d078b1f0607b2388f29d729/out/vs/workbench/api/node/extensionHostProcess.js:179:10617)
	at n.value (/home/ndao/.vscode-server/bin/f1e16e1e6214d7c44d078b1f0607b2388f29d729/out/vs/workbench/api/node/extensionHostProcess.js:179:8585)
	at r.B (/home/ndao/.vscode-server/bin/f1e16e1e6214d7c44d078b1f0607b2388f29d729/out/vs/workbench/api/node/extensionHostProcess.js:83:737)
	at r.fire (/home/ndao/.vscode-server/bin/f1e16e1e6214d7c44d078b1f0607b2388f29d729/out/vs/workbench/api/node/extensionHostProcess.js:83:954)
	at o.fire (/home/ndao/.vscode-server/bin/f1e16e1e6214d7c44d078b1f0607b2388f29d729/out/vs/workbench/api/node/extensionHostProcess.js:108:14502)
	at f.z (/home/ndao/.vscode-server/bin/f1e16e1e6214d7c44d078b1f0607b2388f29d729/out/vs/workbench/api/node/extensionHostProcess.js:108:17638)
	at n.value (/home/ndao/.vscode-server/bin/f1e16e1e6214d7c44d078b1f0607b2388f29d729/out/vs/workbench/api/node/extensionHostProcess.js:108:17012)
	at r.B (/home/ndao/.vscode-server/bin/f1e16e1e6214d7c44d078b1f0607b2388f29d729/out/vs/workbench/api/node/extensionHostProcess.js:83:737)
	at r.fire (/home/ndao/.vscode-server/bin/f1e16e1e6214d7c44d078b1f0607b2388f29d729/out/vs/workbench/api/node/extensionHostProcess.js:83:954)
	at m.acceptChunk (/home/ndao/.vscode-server/bin/f1e16e1e6214d7c44d078b1f0607b2388f29d729/out/vs/workbench/api/node/extensionHostProcess.js:108:12248)
	at n.value (/home/ndao/.vscode-server/bin/f1e16e1e6214d7c44d078b1f0607b2388f29d729/out/vs/workbench/api/node/extensionHostProcess.js:108:11518)
	at r.B (/home/ndao/.vscode-server/bin/f1e16e1e6214d7c44d078b1f0607b2388f29d729/out/vs/workbench/api/node/extensionHostProcess.js:83:737)
	at r.fire (/home/ndao/.vscode-server/bin/f1e16e1e6214d7c44d078b1f0607b2388f29d729/out/vs/workbench/api/node/extensionHostProcess.js:83:954)
	at o.z (/home/ndao/.vscode-server/bin/f1e16e1e6214d7c44d078b1f0607b2388f29d729/out/vs/workbench/api/node/extensionHostProcess.js:176:21458)
	at o.acceptFrame (/home/ndao/.vscode-server/bin/f1e16e1e6214d7c44d078b1f0607b2388f29d729/out/vs/workbench/api/node/extensionHostProcess.js:176:21264)
	at n (/home/ndao/.vscode-server/bin/f1e16e1e6214d7c44d078b1f0607b2388f29d729/out/vs/workbench/api/node/extensionHostProcess.js:176:19709)
	at /home/ndao/.vscode-server/bin/f1e16e1e6214d7c44d078b1f0607b2388f29d729/out/vs/workbench/api/node/extensionHostProcess.js:176:16636
	at Socket.v (/home/ndao/.vscode-server/bin/f1e16e1e6214d7c44d078b1f0607b2388f29d729/out/vs/workbench/api/node/extensionHostProcess.js:176:14266)
	at Socket.emit (node:events:518:28)
	at addChunk (node:internal/streams/readable:559:12)
	at readableAddChunkPushByteMode (node:internal/streams/readable:510:3)
	at Readable.push (node:internal/streams/readable:390:5)
	at TCP.onStreamRead (node:internal/stream_base_commons:190:23) setContext undefined
2024-07-15 15:53:34.462 [error] Canceled: Canceled
	at new I (/home/ndao/.vscode-server/bin/f1e16e1e6214d7c44d078b1f0607b2388f29d729/out/vs/workbench/api/node/extensionHostProcess.js:146:34990)
	at S.U (/home/ndao/.vscode-server/bin/f1e16e1e6214d7c44d078b1f0607b2388f29d729/out/vs/workbench/api/node/extensionHostProcess.js:153:6023)
	at z.<computed>.F.charCodeAt.T.CharCode.DollarSign.z.<computed> (/home/ndao/.vscode-server/bin/f1e16e1e6214d7c44d078b1f0607b2388f29d729/out/vs/workbench/api/node/extensionHostProcess.js:153:3107)
	at f.g (/home/ndao/.vscode-server/bin/f1e16e1e6214d7c44d078b1f0607b2388f29d729/out/vs/workbench/api/node/extensionHostProcess.js:156:203861)
	at f.executeCommand (/home/ndao/.vscode-server/bin/f1e16e1e6214d7c44d078b1f0607b2388f29d729/out/vs/workbench/api/node/extensionHostProcess.js:156:203299)
	at A.registerCommand.description (/home/ndao/.vscode-server/bin/f1e16e1e6214d7c44d078b1f0607b2388f29d729/out/vs/workbench/api/node/extensionHostProcess.js:156:202623)
	at f.h (/home/ndao/.vscode-server/bin/f1e16e1e6214d7c44d078b1f0607b2388f29d729/out/vs/workbench/api/node/extensionHostProcess.js:156:204400)
	at f.g (/home/ndao/.vscode-server/bin/f1e16e1e6214d7c44d078b1f0607b2388f29d729/out/vs/workbench/api/node/extensionHostProcess.js:156:203392)
	at f.executeCommand (/home/ndao/.vscode-server/bin/f1e16e1e6214d7c44d078b1f0607b2388f29d729/out/vs/workbench/api/node/extensionHostProcess.js:156:203299)
	at Object.executeCommand (/home/ndao/.vscode-server/bin/f1e16e1e6214d7c44d078b1f0607b2388f29d729/out/vs/workbench/api/node/extensionHostProcess.js:166:23051)
	at set hasGitHubRepositories [as hasGitHubRepositories] (/home/ndao/.vscode-server/bin/f1e16e1e6214d7c44d078b1f0607b2388f29d729/extensions/github/dist/extension.js:2:322969)
	at /home/ndao/.vscode-server/bin/f1e16e1e6214d7c44d078b1f0607b2388f29d729/extensions/github/dist/extension.js:2:323928
	at n.value (/home/ndao/.vscode-server/bin/f1e16e1e6214d7c44d078b1f0607b2388f29d729/extensions/git/dist/main.js:2:1055238)
	at r.B (/home/ndao/.vscode-server/bin/f1e16e1e6214d7c44d078b1f0607b2388f29d729/out/vs/workbench/api/node/extensionHostProcess.js:83:737)
	at r.C (/home/ndao/.vscode-server/bin/f1e16e1e6214d7c44d078b1f0607b2388f29d729/out/vs/workbench/api/node/extensionHostProcess.js:83:807)
	at r.fire (/home/ndao/.vscode-server/bin/f1e16e1e6214d7c44d078b1f0607b2388f29d729/out/vs/workbench/api/node/extensionHostProcess.js:83:1023)
	at Object.p [as dispose] (/home/ndao/.vscode-server/bin/f1e16e1e6214d7c44d078b1f0607b2388f29d729/extensions/git/dist/main.js:2:968700)
	at /home/ndao/.vscode-server/bin/f1e16e1e6214d7c44d078b1f0607b2388f29d729/extensions/git/dist/main.js:2:974738
	at Array.forEach (<anonymous>)
	at f.dispose (/home/ndao/.vscode-server/bin/f1e16e1e6214d7c44d078b1f0607b2388f29d729/extensions/git/dist/main.js:2:974724)
	at c.<anonymous> (/home/ndao/.vscode-server/bin/f1e16e1e6214d7c44d078b1f0607b2388f29d729/out/vs/workbench/api/node/extensionHostProcess.js:154:4048)
	at c.dispose (/home/ndao/.vscode-server/bin/f1e16e1e6214d7c44d078b1f0607b2388f29d729/out/vs/workbench/api/node/extensionHostProcess.js:154:4145)
	at c.<anonymous> (/home/ndao/.vscode-server/bin/f1e16e1e6214d7c44d078b1f0607b2388f29d729/extensions/git/dist/main.js:2:951753)
	at c.dispose (/home/ndao/.vscode-server/bin/f1e16e1e6214d7c44d078b1f0607b2388f29d729/out/vs/workbench/api/node/extensionHostProcess.js:154:4145)
	at d (/home/ndao/.vscode-server/bin/f1e16e1e6214d7c44d078b1f0607b2388f29d729/out/vs/workbench/api/node/extensionHostProcess.js:30:744)
	at m.eb (/home/ndao/.vscode-server/bin/f1e16e1e6214d7c44d078b1f0607b2388f29d729/out/vs/workbench/api/node/extensionHostProcess.js:162:10039)
	at /home/ndao/.vscode-server/bin/f1e16e1e6214d7c44d078b1f0607b2388f29d729/out/vs/workbench/api/node/extensionHostProcess.js:162:7915
	at Array.map (<anonymous>)
	at m.$ (/home/ndao/.vscode-server/bin/f1e16e1e6214d7c44d078b1f0607b2388f29d729/out/vs/workbench/api/node/extensionHostProcess.js:162:7902)
	at m.terminate (/home/ndao/.vscode-server/bin/f1e16e1e6214d7c44d078b1f0607b2388f29d729/out/vs/workbench/api/node/extensionHostProcess.js:162:8175)
	at d.terminate (/home/ndao/.vscode-server/bin/f1e16e1e6214d7c44d078b1f0607b2388f29d729/out/vs/workbench/api/node/extensionHostProcess.js:166:1513)
	at i (/home/ndao/.vscode-server/bin/f1e16e1e6214d7c44d078b1f0607b2388f29d729/out/vs/workbench/api/node/extensionHostProcess.js:179:10617)
	at n.value (/home/ndao/.vscode-server/bin/f1e16e1e6214d7c44d078b1f0607b2388f29d729/out/vs/workbench/api/node/extensionHostProcess.js:179:8585)
	at r.B (/home/ndao/.vscode-server/bin/f1e16e1e6214d7c44d078b1f0607b2388f29d729/out/vs/workbench/api/node/extensionHostProcess.js:83:737)
	at r.fire (/home/ndao/.vscode-server/bin/f1e16e1e6214d7c44d078b1f0607b2388f29d729/out/vs/workbench/api/node/extensionHostProcess.js:83:954)
	at o.fire (/home/ndao/.vscode-server/bin/f1e16e1e6214d7c44d078b1f0607b2388f29d729/out/vs/workbench/api/node/extensionHostProcess.js:108:14502)
	at f.z (/home/ndao/.vscode-server/bin/f1e16e1e6214d7c44d078b1f0607b2388f29d729/out/vs/workbench/api/node/extensionHostProcess.js:108:17638)
	at n.value (/home/ndao/.vscode-server/bin/f1e16e1e6214d7c44d078b1f0607b2388f29d729/out/vs/workbench/api/node/extensionHostProcess.js:108:17012)
	at r.B (/home/ndao/.vscode-server/bin/f1e16e1e6214d7c44d078b1f0607b2388f29d729/out/vs/workbench/api/node/extensionHostProcess.js:83:737)
	at r.fire (/home/ndao/.vscode-server/bin/f1e16e1e6214d7c44d078b1f0607b2388f29d729/out/vs/workbench/api/node/extensionHostProcess.js:83:954)
	at m.acceptChunk (/home/ndao/.vscode-server/bin/f1e16e1e6214d7c44d078b1f0607b2388f29d729/out/vs/workbench/api/node/extensionHostProcess.js:108:12248)
	at n.value (/home/ndao/.vscode-server/bin/f1e16e1e6214d7c44d078b1f0607b2388f29d729/out/vs/workbench/api/node/extensionHostProcess.js:108:11518)
	at r.B (/home/ndao/.vscode-server/bin/f1e16e1e6214d7c44d078b1f0607b2388f29d729/out/vs/workbench/api/node/extensionHostProcess.js:83:737)
	at r.fire (/home/ndao/.vscode-server/bin/f1e16e1e6214d7c44d078b1f0607b2388f29d729/out/vs/workbench/api/node/extensionHostProcess.js:83:954)
	at o.z (/home/ndao/.vscode-server/bin/f1e16e1e6214d7c44d078b1f0607b2388f29d729/out/vs/workbench/api/node/extensionHostProcess.js:176:21458)
	at o.acceptFrame (/home/ndao/.vscode-server/bin/f1e16e1e6214d7c44d078b1f0607b2388f29d729/out/vs/workbench/api/node/extensionHostProcess.js:176:21264)
	at n (/home/ndao/.vscode-server/bin/f1e16e1e6214d7c44d078b1f0607b2388f29d729/out/vs/workbench/api/node/extensionHostProcess.js:176:19709)
	at /home/ndao/.vscode-server/bin/f1e16e1e6214d7c44d078b1f0607b2388f29d729/out/vs/workbench/api/node/extensionHostProcess.js:176:16636
	at Socket.v (/home/ndao/.vscode-server/bin/f1e16e1e6214d7c44d078b1f0607b2388f29d729/out/vs/workbench/api/node/extensionHostProcess.js:176:14266)
	at Socket.emit (node:events:518:28)
	at addChunk (node:internal/streams/readable:559:12)
	at readableAddChunkPushByteMode (node:internal/streams/readable:510:3)
	at Readable.push (node:internal/streams/readable:390:5)
	at TCP.onStreamRead (node:internal/stream_base_commons:190:23) setContext undefined
2024-07-15 15:53:34.479 [info] Extension host with pid 150 exiting with code 0
